<span class="irc-date">[4:04]</span> <span class="irc-green">* DuraLogBot (n=PircBot@fedcommsrv1.nsdlib.org) has joined #duraspace</span><br />
<span class="irc-date">[4:04]</span> <span class="irc-green">* Topic is 'Welcome to DuraSpace - This channel is logged - <a href="http://duraspace.org/irclogs/'">http://duraspace.org/irclogs/'</a></span><br />
<span class="irc-date">[4:04]</span> <span class="irc-green">* Set by cwilper on Tue Jun 30 16:32:05 EDT 2009</span><br />
<span class="irc-date">[4:04]</span> <span class="irc-red">[freenode-connect VERSION]</span><br />
<span class="irc-date">[4:59]</span> <span class="irc-green">* grahamtriggs (n=trig01@195.128.10.96) has joined #duraspace</span><br />
<span class="irc-date">[8:34]</span> <span class="irc-green">* mhwood (i=mwood@mhw.ulib.iupui.edu) has joined #duraspace</span><br />
<span class="irc-date">[9:18]</span> <span class="irc-green">* justben (n=ben@hypatia.library.emory.edu) has joined #duraspace</span><br />
<span class="irc-date">[12:33]</span> <span class="irc-green">* bradmc (n=bradmc@207-172-69-79.c3-0.smr-ubr3.sbo-smr.ma.static.cable.rcn.com) has joined #duraspace</span><br />
<span class="irc-date">[12:49]</span> <span class="irc-green">* grahamtriggs (n=trig01@195.128.10.96) has left #duraspace</span><br />
<span class="irc-date">[15:56]</span> <span class="irc-navy">* bradmc (n=bradmc@207-172-69-79.c3-0.smr-ubr3.sbo-smr.ma.static.cable.rcn.com) Quit (Read error: 54 (Connection reset by peer))</span><br />
<span class="irc-date">[15:57]</span> <span class="irc-green">* bradmc (n=bradmc@207-172-69-79.c3-0.smr-ubr3.sbo-smr.ma.static.cable.rcn.com) has joined #duraspace</span><br />
<span class="irc-date">[16:03]</span> <span class="irc-navy">* justben (n=ben@hypatia.library.emory.edu) Quit (Remote closed the connection)</span><br />
<span class="irc-date">[16:05]</span> <span class="irc-green">* justben (n=ben@hypatia.library.emory.edu) has joined #duraspace</span><br />
<span class="irc-date">[16:52]</span> <span class="irc-green">* stuartlewis (n=stuartle@gendiglt02.lbr.auckland.ac.nz) has joined #duraspace</span><br />
<span class="irc-date">[16:55]</span> <span class="irc-navy">* bradmc (n=bradmc@207-172-69-79.c3-0.smr-ubr3.sbo-smr.ma.static.cable.rcn.com) Quit (Read error: 104 (Connection reset by peer))</span><br />
<span class="irc-date">[16:55]</span> <span class="irc-green">* bradmc (n=bradmc@207-172-69-79.c3-0.smr-ubr3.sbo-smr.ma.static.cable.rcn.com) has joined #duraspace</span><br />
<span class="irc-date">[17:05]</span> <span class="irc-green">* mhwood (i=mwood@mhw.ulib.iupui.edu) has left #duraspace</span><br />
<span class="irc-date">[18:23]</span> <span class="irc-navy">* justben (n=ben@hypatia.library.emory.edu) Quit ("Leaving.")</span><br />
<span class="irc-date">[19:51]</span> <span class="irc-navy">* bradmc (n=bradmc@207-172-69-79.c3-0.smr-ubr3.sbo-smr.ma.static.cable.rcn.com) Quit (Read error: 104 (Connection reset by peer))</span><br />
<span class="irc-date">[19:51]</span> <span class="irc-green">* bradmc_ (n=bradmc@207.172.69.79) has joined #duraspace</span><br />
<span class="irc-date">[19:51]</span> <span class="irc-green">* bradmc_ is now known as bradmc</span><br />
<span class="irc-date">[21:19]</span> <span class="irc-green">* mbklein_ (n=mbklein@c-24-20-165-234.hsd1.or.comcast.net) has joined #duraspace</span><br />
<span class="irc-date">[21:21]</span> <span class="irc-navy">* mbklein_ (n=mbklein@c-24-20-165-234.hsd1.or.comcast.net) Quit (Client Quit)</span><br />
<span class="irc-date">[21:22]</span> <span class="irc-green">* mbklein_ (n=mbklein@c-24-20-165-234.hsd1.or.comcast.net) has joined #duraspace</span><br />
<span class="irc-date">[21:24]</span> <span class="irc-navy">* mbklein_ (n=mbklein@c-24-20-165-234.hsd1.or.comcast.net) Quit (Client Quit)</span><br />
<span class="irc-date">[21:24]</span> <span class="irc-green">* mbklein (n=mbklein@KleinM-APiM24.library.oregonstate.edu) has joined #duraspace</span><br />
<span class="irc-date">[23:30]</span> <span class="irc-navy">* stuartlewis (n=stuartle@gendiglt02.lbr.auckland.ac.nz) Quit ()</span><br />
