<span class="irc-date">[4:05]</span> <span class="irc-green">* DuraLogBot (n=PircBot@fedcommsrv1.nsdlib.org) has joined #duraspace</span><br />
<span class="irc-date">[4:05]</span> <span class="irc-green">* Topic is 'Welcome to DuraSpace - This channel is logged - <a href="http://duraspace.org/irclogs/'">http://duraspace.org/irclogs/'</a></span><br />
<span class="irc-date">[4:05]</span> <span class="irc-green">* Set by cwilper on Tue Jun 30 16:32:05 EDT 2009</span><br />
<span class="irc-date">[4:06]</span> <span class="irc-red">[freenode-connect VERSION]</span><br />
<span class="irc-date">[8:02]</span> <span class="irc-navy">* ChanServ (ChanServ@services.) Quit (leguin.freenode.net irc.freenode.net)</span><br />
<span class="irc-date">[8:04]</span> <span class="irc-green">* ChanServ (ChanServ@services.) has joined #duraspace</span><br />
<span class="irc-date">[8:04]</span> <span class="irc-green">* mhwood (i=mwood@mhw.ulib.iupui.edu) has joined #duraspace</span><br />
<span class="irc-date">[8:10]</span> <span class="irc-navy">* ChanServ (ChanServ@services.) Quit (leguin.freenode.net irc.freenode.net)</span><br />
<span class="irc-date">[8:11]</span> <span class="irc-brown">-christel- [Global Notice] Hi all, we're having some problems with services right this moment -- we're looking into it. Apologies for the inconvenience.</span><br />
<span class="irc-date">[8:14]</span> <span class="irc-brown">-services.- Services are presently running in debug mode, attached to a console. You should take extra caution when utilizing your services passwords.</span><br />
<span class="irc-date">[8:14]</span> <span class="irc-green">* ChanServ (ChanServ@services.) has joined #duraspace</span><br />
<span class="irc-date">[8:15]</span> <span class="irc-navy">* ChanServ (ChanServ@services.) Quit (leguin.freenode.net irc.freenode.net)</span><br />
<span class="irc-date">[8:18]</span> <span class="irc-green">* ChanServ (ChanServ@services.) has joined #duraspace</span><br />
<span class="irc-date">[9:08]</span> <span class="irc-green">* tdonohue (n=tdonohue@c-98-228-50-55.hsd1.il.comcast.net) has joined #duraspace</span><br />
<span class="irc-date">[9:33]</span> <span class="irc-green">* bradmc (n=bradmc@dhcp-18-111-10-108.dyn.mit.edu) has joined #duraspace</span><br />
<span class="irc-date">[9:33]</span> <span class="irc-green">* justben (n=ben@170.140.210.175) has joined #duraspace</span><br />
<span class="irc-date">[9:44]</span> <span class="irc-navy">* ChanServ (ChanServ@services.) Quit (leguin.freenode.net irc.freenode.net)</span><br />
<span class="irc-date">[9:45]</span> <span class="irc-green">* ChanServ (ChanServ@services.) has joined #duraspace</span><br />
<span class="irc-date">[9:55]</span> <span class="irc-navy">* ChanServ (ChanServ@services.) Quit (leguin.freenode.net irc.freenode.net)</span><br />
<span class="irc-date">[10:01]</span> <span class="irc-green">* ChanServ (ChanServ@services.) has joined #duraspace</span><br />
<span class="irc-date">[10:04]</span> <span class="irc-brown">-christel- [Global Notice] Hi all, Sorry for the services flapping, I think I have pinpointed the relevant module but not the actual crash (gdb with trace leaves me with 25K lines to look through!) -- to cause less disruptance I have unloaded the affected module, there will be no noticeable changes for end users, only staff usage of services. Apologies for the inconvenience and have a good day.</span><br />
<span class="irc-date">[12:46]</span> <span class="irc-green">* mdiggory (n=mdiggory@64.50.88.162.ptr.us.xo.net) has joined #duraspace</span><br />
<span class="irc-date">[13:04]</span> <span class="irc-navy">* bradmc (n=bradmc@dhcp-18-111-10-108.dyn.mit.edu) Quit ()</span><br />
<span class="irc-date">[13:09]</span> <span class="irc-green">* bradmc (n=bradmc@dhcp-18-111-10-108.dyn.mit.edu) has joined #duraspace</span><br />
<span class="irc-date">[15:57]</span> <span class="irc-navy">* bradmc (n=bradmc@dhcp-18-111-10-108.dyn.mit.edu) Quit ()</span><br />
<span class="irc-date">[17:01]</span> <span class="irc-navy">* mhwood (i=mwood@mhw.ulib.iupui.edu) Quit (Remote closed the connection)</span><br />
<span class="irc-date">[17:29]</span> <span class="irc-green">* bradmc (n=bradmc@207-172-69-79.c3-0.smr-ubr3.sbo-smr.ma.static.cable.rcn.com) has joined #duraspace</span><br />
<span class="irc-date">[17:49]</span> <span class="irc-navy">* justben (n=ben@170.140.210.175) Quit ("Leaving.")</span><br />
<span class="irc-date">[18:14]</span> <span class="irc-green">* tdonohue (n=tdonohue@c-98-228-50-55.hsd1.il.comcast.net) has left #duraspace</span><br />
<span class="irc-date">[19:50]</span> <span class="irc-navy">* bradmc (n=bradmc@207-172-69-79.c3-0.smr-ubr3.sbo-smr.ma.static.cable.rcn.com) Quit ()</span><br />
<span class="irc-date">[19:51]</span> <span class="irc-green">* bradmc (n=bradmc@207-172-69-79.c3-0.smr-ubr3.sbo-smr.ma.static.cable.rcn.com) has joined #duraspace</span><br />
<span class="irc-date">[20:40]</span> <span class="irc-navy">* mdiggory (n=mdiggory@64.50.88.162.ptr.us.xo.net) Quit (Read error: 110 (Connection timed out))</span><br />
<span class="irc-date">[21:06]</span> <span class="irc-green">* mdiggory (n=mdiggory@cpe-76-176-9-20.san.res.rr.com) has joined #duraspace</span><br />
<span class="irc-date">[21:24]</span> <span class="irc-navy">* mdiggory (n=mdiggory@cpe-76-176-9-20.san.res.rr.com) Quit ()</span><br />
<span class="irc-date">[21:39]</span> <span class="irc-green">* mdiggory (n=mdiggory@cpe-76-176-9-20.san.res.rr.com) has joined #duraspace</span><br />
<span class="irc-date">[21:52]</span> <span class="irc-navy">* bradmc (n=bradmc@207-172-69-79.c3-0.smr-ubr3.sbo-smr.ma.static.cable.rcn.com) Quit (Read error: 104 (Connection reset by peer))</span><br />
<span class="irc-date">[21:53]</span> <span class="irc-green">* bradmc (n=bradmc@207-172-69-79.c3-0.smr-ubr3.sbo-smr.ma.static.cable.rcn.com) has joined #duraspace</span><br />
<span class="irc-date">[23:24]</span> <span class="irc-navy">* mdiggory (n=mdiggory@cpe-76-176-9-20.san.res.rr.com) Quit ()</span><br />
