<span class="irc-date">[1:45]</span> <span class="irc-navy">* mdiggory_ (n=mdiggory@cpe-76-176-188-83.san.res.rr.com) Quit ()</span><br />
<span class="irc-date">[5:53]</span> <span class="irc-green">* grahamtriggs (n=trig01@195.128.10.96) has joined #duraspace</span><br />
<span class="irc-date">[7:02]</span> <span class="irc-green">* bradmc (n=bradmc@207-172-69-79.c3-0.smr-ubr3.sbo-smr.ma.static.cable.rcn.com) has joined #duraspace</span><br />
<span class="irc-date">[8:13]</span> <span class="irc-green">* mhwood (i=mwood@134.68.171.23) has joined #duraspace</span><br />
<span class="irc-date">[10:06]</span> <span class="irc-green">* mdiggory (n=mdiggory@cpe-76-176-188-83.san.res.rr.com) has joined #duraspace</span><br />
<span class="irc-date">[12:02]</span> <span class="irc-green">* grahamtriggs (n=trig01@195.128.10.96) has left #duraspace</span><br />
<span class="irc-date">[12:31]</span> <span class="irc-navy">* bradmc (n=bradmc@207-172-69-79.c3-0.smr-ubr3.sbo-smr.ma.static.cable.rcn.com) Quit (Read error: 54 (Connection reset by peer))</span><br />
<span class="irc-date">[12:31]</span> <span class="irc-green">* bradmc (n=bradmc@207-172-69-79.c3-0.smr-ubr3.sbo-smr.ma.static.cable.rcn.com) has joined #duraspace</span><br />
<span class="irc-date">[13:30]</span> <span class="irc-navy">* bradmc (n=bradmc@207-172-69-79.c3-0.smr-ubr3.sbo-smr.ma.static.cable.rcn.com) Quit (Read error: 104 (Connection reset by peer))</span><br />
<span class="irc-date">[13:31]</span> <span class="irc-green">* bradmc (n=bradmc@207-172-69-79.c3-0.smr-ubr3.sbo-smr.ma.static.cable.rcn.com) has joined #duraspace</span><br />
<span class="irc-date">[13:34]</span> <span class="irc-green">* cwilper (n=cwilper@74-44-156-57.dsl1-erie.roch.ny.frontiernet.net) has joined #duraspace</span><br />
<span class="irc-date">[13:41]</span> <span class="irc-green">* mdiggory_ (n=mdiggory@cpe-76-176-188-83.san.res.rr.com) has joined #duraspace</span><br />
<span class="irc-date">[13:41]</span> <span class="irc-navy">* mdiggory (n=mdiggory@cpe-76-176-188-83.san.res.rr.com) Quit (Read error: 104 (Connection reset by peer))</span><br />
<span class="irc-date">[14:29]</span> <span class="irc-navy">* bradmc (n=bradmc@207-172-69-79.c3-0.smr-ubr3.sbo-smr.ma.static.cable.rcn.com) Quit (Read error: 104 (Connection reset by peer))</span><br />
<span class="irc-date">[14:30]</span> <span class="irc-green">* bradmc (n=bradmc@207-172-69-79.c3-0.smr-ubr3.sbo-smr.ma.static.cable.rcn.com) has joined #duraspace</span><br />
<span class="irc-date">[15:04]</span> <span class="irc-navy">* mhwood (i=mwood@134.68.171.23) Quit (Remote closed the connection)</span><br />
<span class="irc-date">[15:04]</span> <span class="irc-navy">* mdiggory_ (n=mdiggory@cpe-76-176-188-83.san.res.rr.com) Quit ()</span><br />
<span class="irc-date">[15:44]</span> <span class="irc-green">* mdiggory (n=mdiggory@64.50.88.162.ptr.us.xo.net) has joined #duraspace</span><br />
<span class="irc-date">[19:09]</span> <span class="irc-navy">* cwilper (n=cwilper@74-44-156-57.dsl1-erie.roch.ny.frontiernet.net) Quit ("Ex-Chat")</span><br />
<span class="irc-date">[20:29]</span> <span class="irc-navy">* mdiggory (n=mdiggory@64.50.88.162.ptr.us.xo.net) Quit (Read error: 110 (Connection timed out))</span><br />
<span class="irc-date">[21:08]</span> <span class="irc-green">* mdiggory (n=mdiggory@cpe-76-176-188-83.san.res.rr.com) has joined #duraspace</span><br />
<span class="irc-date">[22:21]</span> <span class="irc-navy">* bradmc (n=bradmc@207-172-69-79.c3-0.smr-ubr3.sbo-smr.ma.static.cable.rcn.com) Quit (Read error: 104 (Connection reset by peer))</span><br />
<span class="irc-date">[22:22]</span> <span class="irc-green">* bradmc (n=bradmc@207-172-69-79.c3-0.smr-ubr3.sbo-smr.ma.static.cable.rcn.com) has joined #duraspace</span><br />
