<span class="irc-date">[0:00]</span> <span class="irc-navy">* ksclarke (n=kevin@adsl-227-149-169.clt.bellsouth.net) Quit (Read error: 110 (Connection timed out))</span><br />
<span class="irc-date">[0:34]</span> <span class="irc-green">* mdiggory_ (n=mdiggory@cpe-76-176-188-83.san.res.rr.com) has joined #duraspace</span><br />
<span class="irc-date">[0:35]</span> <span class="irc-green">* mdiggory__ (n=mdiggory@cpe-76-176-188-83.san.res.rr.com) has joined #duraspace</span><br />
<span class="irc-date">[0:35]</span> <span class="irc-navy">* mdiggory__ (n=mdiggory@cpe-76-176-188-83.san.res.rr.com) Quit (Remote closed the connection)</span><br />
<span class="irc-date">[0:52]</span> <span class="irc-navy">* mdiggory (n=mdiggory@cpe-76-176-188-83.san.res.rr.com) Quit (Read error: 110 (Connection timed out))</span><br />
<span class="irc-date">[0:52]</span> <span class="irc-navy">* mdiggory_ (n=mdiggory@cpe-76-176-188-83.san.res.rr.com) Quit (Read error: 110 (Connection timed out))</span><br />
<span class="irc-date">[2:06]</span> <span class="irc-navy">* bradmc (n=bradmc@207-172-69-79.c3-0.smr-ubr3.sbo-smr.ma.static.cable.rcn.com) Quit (Read error: 131 (Connection reset by peer))</span><br />
<span class="irc-date">[2:07]</span> <span class="irc-green">* bradmc_ (n=bradmc@207-172-69-79.c3-0.smr-ubr3.sbo-smr.ma.static.cable.rcn.com) has joined #duraspace</span><br />
<span class="irc-date">[2:07]</span> <span class="irc-green">* bradmc_ is now known as bradmc</span><br />
<span class="irc-date">[4:07]</span> <span class="irc-red">[freenode-connect VERSION]</span><br />
<span class="irc-date">[4:07]</span> <span class="irc-green">* DuraLogBot (n=PircBot@fedcommsrv1.nsdlib.org) has joined #duraspace</span><br />
<span class="irc-date">[4:07]</span> <span class="irc-green">* Topic is 'Welcome to DuraSpace - This channel is logged - <a href="http://duraspace.org/irclogs/'">http://duraspace.org/irclogs/'</a></span><br />
<span class="irc-date">[4:07]</span> <span class="irc-green">* Set by cwilper on Tue Jun 30 16:32:05 EDT 2009</span><br />
<span class="irc-date">[10:14]</span> <span class="irc-green">* bradmc_ (n=bradmc@207-172-69-79.c3-0.smr-ubr3.sbo-smr.ma.static.cable.rcn.com) has joined #duraspace</span><br />
<span class="irc-date">[10:14]</span> <span class="irc-navy">* bradmc (n=bradmc@207-172-69-79.c3-0.smr-ubr3.sbo-smr.ma.static.cable.rcn.com) Quit (Read error: 104 (Connection reset by peer))</span><br />
<span class="irc-date">[10:14]</span> <span class="irc-green">* bradmc_ is now known as bradmc</span><br />
<span class="irc-date">[12:28]</span> <span class="irc-green">* mdiggory (n=mdiggory@cpe-76-176-188-83.san.res.rr.com) has joined #duraspace</span><br />
<span class="irc-date">[14:38]</span> <span class="irc-green">* mdiggory_ (n=mdiggory@cpe-76-176-188-83.san.res.rr.com) has joined #duraspace</span><br />
<span class="irc-date">[14:40]</span> <span class="irc-navy">* mdiggory (n=mdiggory@cpe-76-176-188-83.san.res.rr.com) Quit (Read error: 60 (Operation timed out))</span><br />
<span class="irc-date">[14:40]</span> <span class="irc-green">* mdiggory_ is now known as mdiggory</span><br />
<span class="irc-date">[15:30]</span> <span class="irc-green">* mdiggory (n=mdiggory@cpe-76-176-188-83.san.res.rr.com) has left #duraspace</span><br />
<span class="irc-date">[15:59]</span> <span class="irc-green">* mdiggory (n=mdiggory@cpe-76-176-188-83.san.res.rr.com) has joined #duraspace</span><br />
<span class="irc-date">[16:00]</span> <span class="irc-green">* mdiggory (n=mdiggory@cpe-76-176-188-83.san.res.rr.com) has left #duraspace</span><br />
<span class="irc-date">[18:39]</span> <span class="irc-green">* mdiggory_ (n=mdiggory@cpe-76-176-188-83.san.res.rr.com) has joined #duraspace</span><br />
<span class="irc-date">[18:49]</span> <span class="irc-green">* mdiggory__ (n=mdiggory@cpe-76-176-188-83.san.res.rr.com) has joined #duraspace</span><br />
<span class="irc-date">[19:04]</span> <span class="irc-navy">* mdiggory_ (n=mdiggory@cpe-76-176-188-83.san.res.rr.com) Quit (Read error: 110 (Connection timed out))</span><br />
<span class="irc-date">[19:42]</span> <span class="irc-green">* mdiggory_ (n=mdiggory@cpe-76-176-188-83.san.res.rr.com) has joined #duraspace</span><br />
<span class="irc-date">[19:57]</span> <span class="irc-navy">* mdiggory__ (n=mdiggory@cpe-76-176-188-83.san.res.rr.com) Quit (Read error: 110 (Connection timed out))</span><br />
<span class="irc-date">[20:41]</span> <span class="irc-green">* mdiggory (n=mdiggory@cpe-76-176-188-83.san.res.rr.com) has joined #duraspace</span><br />
<span class="irc-date">[20:45]</span> <span class="irc-navy">* mdiggory_ (n=mdiggory@cpe-76-176-188-83.san.res.rr.com) Quit (Read error: 60 (Operation timed out))</span><br />
<span class="irc-date">[21:52]</span> <span class="irc-green">* mdiggory_ (n=mdiggory@cpe-76-176-188-83.san.res.rr.com) has joined #duraspace</span><br />
<span class="irc-date">[21:58]</span> <span class="irc-navy">* mdiggory (n=mdiggory@cpe-76-176-188-83.san.res.rr.com) Quit (Read error: 60 (Operation timed out))</span><br />
<span class="irc-date">[21:58]</span> <span class="irc-green">* mdiggory_ is now known as mdiggory</span><br />
<span class="irc-date">[22:04]</span> <span class="irc-green">* ksclarke (n=kevin@74.227.149.169) has joined #duraspace</span><br />
<span class="irc-date">[22:25]</span> <span class="irc-navy">* ksclarke (n=kevin@74.227.149.169) Quit ("Leaving.")</span><br />
