<span class="irc-date">[5:15]</span> <span class="irc-green">* grahamtriggs (n=trig01@195.128.10.96) has joined #duraspace</span><br />
<span class="irc-date">[5:18]</span> <span class="irc-navy">* mdiggory_ (n=mdiggory@cpe-76-176-188-83.san.res.rr.com) Quit ()</span><br />
<span class="irc-date">[5:42]</span> <span class="irc-navy">* krnl_ (i=krnl_@193.219.158.144) Quit ()</span><br />
<span class="irc-date">[5:45]</span> <span class="irc-green">* krnl_ (i=krnl_@193.219.158.144) has joined #duraspace</span><br />
<span class="irc-date">[8:10]</span> <span class="irc-green">* mhwood (i=mwood@mhw.ulib.iupui.edu) has joined #duraspace</span><br />
<span class="irc-date">[8:19]</span> <span class="irc-navy">* bradmc (n=bradmc@207-172-69-79.c3-0.smr-ubr3.sbo-smr.ma.static.cable.rcn.com) Quit (Read error: 104 (Connection reset by peer))</span><br />
<span class="irc-date">[8:19]</span> <span class="irc-green">* bradmc (n=bradmc@207-172-69-79.c3-0.smr-ubr3.sbo-smr.ma.static.cable.rcn.com) has joined #duraspace</span><br />
<span class="irc-date">[9:47]</span> <span class="irc-green">* mdiggory (n=mdiggory@cpe-76-176-188-83.san.res.rr.com) has joined #duraspace</span><br />
<span class="irc-date">[10:17]</span> <span class="irc-navy">* bradmc (n=bradmc@207-172-69-79.c3-0.smr-ubr3.sbo-smr.ma.static.cable.rcn.com) Quit (Read error: 54 (Connection reset by peer))</span><br />
<span class="irc-date">[10:17]</span> <span class="irc-green">* bradmc (n=bradmc@207-172-69-79.c3-0.smr-ubr3.sbo-smr.ma.static.cable.rcn.com) has joined #duraspace</span><br />
<span class="irc-date">[12:15]</span> <span class="irc-navy">* bradmc (n=bradmc@207-172-69-79.c3-0.smr-ubr3.sbo-smr.ma.static.cable.rcn.com) Quit (Read error: 104 (Connection reset by peer))</span><br />
<span class="irc-date">[12:24]</span> <span class="irc-green">* grahamtriggs (n=trig01@195.128.10.96) has left #duraspace</span><br />
<span class="irc-date">[12:24]</span> <span class="irc-green">* bradmc (n=bradmc@207-172-69-79.c3-0.smr-ubr3.sbo-smr.ma.static.cable.rcn.com) has joined #duraspace</span><br />
<span class="irc-date">[13:30]</span> <span class="irc-green">* mdiggory_ (n=mdiggory@cpe-76-176-188-83.san.res.rr.com) has joined #duraspace</span><br />
<span class="irc-date">[13:30]</span> <span class="irc-navy">* mdiggory (n=mdiggory@cpe-76-176-188-83.san.res.rr.com) Quit (Read error: 104 (Connection reset by peer))</span><br />
<span class="irc-date">[14:59]</span> <span class="irc-green">* grahamtriggs (n=grahamtr@cpc3-stev1-0-0-cust857.lutn.cable.ntl.com) has joined #duraspace</span><br />
<span class="irc-date">[17:08]</span> <span class="irc-green">* mhwood (i=mwood@mhw.ulib.iupui.edu) has left #duraspace</span><br />
<span class="irc-date">[17:16]</span> <span class="irc-navy">* bradmc (n=bradmc@207-172-69-79.c3-0.smr-ubr3.sbo-smr.ma.static.cable.rcn.com) Quit ()</span><br />
<span class="irc-date">[17:31]</span> <span class="irc-green">* mdiggory (n=mdiggory@cpe-76-176-188-83.san.res.rr.com) has joined #duraspace</span><br />
<span class="irc-date">[17:31]</span> <span class="irc-navy">* mdiggory_ (n=mdiggory@cpe-76-176-188-83.san.res.rr.com) Quit (Read error: 104 (Connection reset by peer))</span><br />
<span class="irc-date">[17:54]</span> <span class="irc-green">* mdiggory (n=mdiggory@cpe-76-176-188-83.san.res.rr.com) has left #duraspace</span><br />
<span class="irc-date">[18:33]</span> <span class="irc-navy">* grahamtriggs (n=grahamtr@cpc3-stev1-0-0-cust857.lutn.cable.ntl.com) Quit ()</span><br />
<span class="irc-date">[18:43]</span> <span class="irc-green">* bradmc (n=bradmc@host215.72.248.50.conversent.net) has joined #duraspace</span><br />
<span class="irc-date">[18:52]</span> <span class="irc-navy">* bradmc (n=bradmc@host215.72.248.50.conversent.net) Quit ()</span><br />
<span class="irc-date">[19:27]</span> <span class="irc-green">* bradmc (n=bradmc@host215.72.248.50.conversent.net) has joined #duraspace</span><br />
<span class="irc-date">[19:31]</span> <span class="irc-navy">* bradmc (n=bradmc@host215.72.248.50.conversent.net) Quit (Client Quit)</span><br />
<span class="irc-date">[19:33]</span> <span class="irc-green">* mhwood (i=mwood@mhw.ulib.iupui.edu) has joined #duraspace</span><br />
<span class="irc-date">[19:54]</span> <span class="irc-navy">* mhwood (i=mwood@mhw.ulib.iupui.edu) Quit ("Leaving.")</span><br />
<span class="irc-date">[20:39]</span> <span class="irc-green">* bradmc (n=bradmc@207-172-69-79.c3-0.smr-ubr3.sbo-smr.ma.static.cable.rcn.com) has joined #duraspace</span><br />
