<span class="irc-date">[2:49]</span> <span class="irc-green">* ClaudiaJuergen (n=Miranda@pc5102.ub.uni-dortmund.de) has joined #duraspace</span><br />
<span class="irc-date">[3:51]</span> <span class="irc-navy">* bradmc (n=bradmc@207-172-69-79.c3-0.smr-ubr3.sbo-smr.ma.static.cable.rcn.com) Quit (Read error: 104 (Connection reset by peer))</span><br />
<span class="irc-date">[3:52]</span> <span class="irc-green">* bradmc (n=bradmc@207-172-69-79.c3-0.smr-ubr3.sbo-smr.ma.static.cable.rcn.com) has joined #duraspace</span><br />
<span class="irc-date">[4:04]</span> <span class="irc-green">* DuraLogBot (n=PircBot@fedcommsrv1.nsdlib.org) has joined #duraspace</span><br />
<span class="irc-date">[4:04]</span> <span class="irc-green">* Topic is 'Welcome to DuraSpace - This channel is logged - <a href="http://duraspace.org/irclogs/'">http://duraspace.org/irclogs/'</a></span><br />
<span class="irc-date">[4:04]</span> <span class="irc-green">* Set by cwilper on Tue Jun 30 16:32:05 EDT 2009</span><br />
<span class="irc-date">[4:09]</span> <span class="irc-red">[freenode-connect VERSION]</span><br />
<span class="irc-date">[8:28]</span> <span class="irc-green">* mhwood (i=mwood@mhw.ulib.iupui.edu) has joined #duraspace</span><br />
<span class="irc-date">[9:33]</span> <span class="irc-green">* tdonohue (n=tdonohue@c-98-228-50-55.hsd1.il.comcast.net) has joined #duraspace</span><br />
<span class="irc-date">[10:25]</span> <span class="irc-green">* barmintor (i=barminto@specdl11.cul.columbia.edu) has joined #duraspace</span><br />
<span class="irc-date">[12:46]</span> <span class="irc-navy">* ClaudiaJuergen (n=Miranda@pc5102.ub.uni-dortmund.de) Quit ("Miranda IM! Smaller, Faster, Easier. <a href="http://miranda-im.org")">http://miranda-im.org")</a></span><br />
<span class="irc-date">[15:40]</span> <span class="irc-navy">* bradmc (n=bradmc@207-172-69-79.c3-0.smr-ubr3.sbo-smr.ma.static.cable.rcn.com) Quit (Read error: 104 (Connection reset by peer))</span><br />
<span class="irc-date">[15:41]</span> <span class="irc-green">* bradmc (n=bradmc@207-172-69-79.c3-0.smr-ubr3.sbo-smr.ma.static.cable.rcn.com) has joined #duraspace</span><br />
<span class="irc-date">[15:43]</span> <span class="irc-navy">* tjohnson (n=chatzill@c-67-171-28-159.hsd1.wa.comcast.net) Quit (zelazny.freenode.net irc.freenode.net)</span><br />
<span class="irc-date">[15:44]</span> <span class="irc-green">* tjohnson (n=chatzill@c-67-171-28-159.hsd1.wa.comcast.net) has joined #duraspace</span><br />
<span class="irc-date">[17:08]</span> <span class="irc-green">* mhwood (i=mwood@mhw.ulib.iupui.edu) has left #duraspace</span><br />
<span class="irc-date">[17:38]</span> <span class="irc-navy">* bradmc (n=bradmc@207-172-69-79.c3-0.smr-ubr3.sbo-smr.ma.static.cable.rcn.com) Quit (Read error: 104 (Connection reset by peer))</span><br />
<span class="irc-date">[17:47]</span> <span class="irc-green">* bradmc (n=bradmc@207-172-69-79.c3-0.smr-ubr3.sbo-smr.ma.static.cable.rcn.com) has joined #duraspace</span><br />
<span class="irc-date">[18:17]</span> <span class="irc-green">* tdonohue (n=tdonohue@c-98-228-50-55.hsd1.il.comcast.net) has left #duraspace</span><br />
<span class="irc-date">[19:50]</span> <span class="irc-navy">* snail (n=stuart@130.195.178.61) Quit (Read error: 60 (Operation timed out))</span><br />
<span class="irc-date">[20:04]</span> <span class="irc-green">* snail (n=stuart@130.195.178.61) has joined #duraspace</span><br />
<span class="irc-date">[22:44]</span> <span class="irc-navy">* stuartlewis (n=stuartle@gendiglt02.lbr.auckland.ac.nz) Quit ()</span><br />
