<span class="irc-date">[5:25]</span> <span class="irc-navy">* mdiggory (~mdiggory@ip72-199-217-116.sd.sd.cox.net) Quit (Quit: mdiggory)</span><br />
<span class="irc-date">[6:42]</span> <span class="irc-brown">-card.freenode.net- *** Looking up your hostname...</span><br />
<span class="irc-date">[6:42]</span> <span class="irc-brown">-card.freenode.net- *** Checking Ident</span><br />
<span class="irc-date">[6:42]</span> <span class="irc-brown">-card.freenode.net- *** Found your hostname</span><br />
<span class="irc-date">[6:42]</span> <span class="irc-brown">-card.freenode.net- *** No Ident response</span><br />
<span class="irc-date">[6:42]</span> <span class="irc-red">[frigg VERSION]</span><br />
<span class="irc-date">[6:42]</span> <span class="irc-green">* DuraLogBot (~PircBot@duraspace.org) has joined #duraspace</span><br />
<span class="irc-date">[6:42]</span> <span class="irc-green">* Topic is 'Welcome to DuraSpace - This channel is logged - <a href="http://duraspace.org/irclogs/'">http://duraspace.org/irclogs/'</a></span><br />
<span class="irc-date">[6:42]</span> <span class="irc-green">* Set by cwilper on Tue Jun 30 20:32:05 UTC 2009</span><br />
<span class="irc-date">[15:20]</span> <span class="irc-green">* ksclarke (~kevin@adsl-235-128-38.clt.bellsouth.net) has joined #duraspace</span><br />
<span class="irc-date">[15:55]</span> <span class="irc-green">* mdiggory (~mdiggory@ip72-199-217-116.sd.sd.cox.net) has joined #duraspace</span><br />
<span class="irc-date">[16:37]</span> <span class="irc-navy">* mdiggory (~mdiggory@ip72-199-217-116.sd.sd.cox.net) Quit (Ping timeout: 276 seconds)</span><br />
<span class="irc-date">[16:44]</span> <span class="irc-green">* mdiggory (~mdiggory@ip72-199-217-116.sd.sd.cox.net) has joined #duraspace</span><br />
<span class="irc-date">[16:59]</span> <span class="irc-navy">* mdiggory (~mdiggory@ip72-199-217-116.sd.sd.cox.net) Quit (Ping timeout: 240 seconds)</span><br />
<span class="irc-date">[17:04]</span> <span class="irc-green">* mdiggory (~mdiggory@ip72-199-217-116.sd.sd.cox.net) has joined #duraspace</span><br />
<span class="irc-date">[17:10]</span> <span class="irc-navy">* mdiggory (~mdiggory@ip72-199-217-116.sd.sd.cox.net) Quit (Quit: mdiggory)</span><br />
<span class="irc-date">[17:38]</span> <span class="irc-green">* mdiggory (~mdiggory@ip72-199-217-116.sd.sd.cox.net) has joined #duraspace</span><br />
<span class="irc-date">[19:58]</span> <span class="irc-navy">* ksclarke (~kevin@adsl-235-128-38.clt.bellsouth.net) Quit (Ping timeout: 276 seconds)</span><br />
<span class="irc-date">[20:08]</span> <span class="irc-green">* ksclarke (~kevin@adsl-235-128-38.clt.bellsouth.net) has joined #duraspace</span><br />
<span class="irc-date">[22:41]</span> <span class="irc-navy">* mdiggory (~mdiggory@ip72-199-217-116.sd.sd.cox.net) Quit (Quit: mdiggory)</span><br />
<span class="irc-date">[22:41]</span> <span class="irc-green">* mdiggory (~mdiggory@ip72-199-217-116.sd.sd.cox.net) has joined #duraspace</span><br />
