<span class="irc-date">[1:59]</span> <span class="irc-navy">* Tonny_DK (~thl@130.226.36.117) Quit (Quit: Leaving.)</span><br />
<span class="irc-date">[2:01]</span> <span class="irc-green">* Tonny_DK (~thl@130.226.36.117) has joined #duraspace</span><br />
<span class="irc-date">[2:45]</span> <span class="irc-navy">* mdiggory (~mdiggory@conference/code4lib/x-fjgwzrrgeszwnjqx) Quit (Quit: mdiggory)</span><br />
<span class="irc-date">[2:56]</span> <span class="irc-green">* mdiggory (~mdiggory@conference/code4lib/x-egygrmpmidygqtoi) has joined #duraspace</span><br />
<span class="irc-date">[4:06]</span> <span class="irc-brown">-hubbard.freenode.net- *** Looking up your hostname...</span><br />
<span class="irc-date">[4:06]</span> <span class="irc-brown">-hubbard.freenode.net- *** Checking Ident</span><br />
<span class="irc-date">[4:06]</span> <span class="irc-brown">-hubbard.freenode.net- *** Found your hostname</span><br />
<span class="irc-date">[4:06]</span> <span class="irc-brown">-hubbard.freenode.net- *** No Ident response</span><br />
<span class="irc-date">[4:06]</span> <span class="irc-green">* DuraLogBot (~PircBot@fedcommsrv1.nsdlib.org) has joined #duraspace</span><br />
<span class="irc-date">[4:06]</span> <span class="irc-green">* Topic is 'Welcome to DuraSpace - This channel is logged - <a href="http://duraspace.org/irclogs/'">http://duraspace.org/irclogs/'</a></span><br />
<span class="irc-date">[4:06]</span> <span class="irc-green">* Set by cwilper on Tue Jun 30 16:32:05 EDT 2009</span><br />
<span class="irc-date">[4:06]</span> <span class="irc-red">[frigg VERSION]</span><br />
<span class="irc-date">[8:35]</span> <span class="irc-green">* mhwood (~mhwood@2001:18e8:3:171:218:8bff:fe2a:56a4) has joined #duraspace</span><br />
<span class="irc-date">[10:25]</span> <span class="irc-green">* quoll (~quoll@c-98-249-18-172.hsd1.va.comcast.net) has joined #duraspace</span><br />
<span class="irc-date">[10:54]</span> <span class="irc-navy">* Tonny_DK (~thl@130.226.36.117) Quit (Quit: Leaving.)</span><br />
<span class="irc-date">[11:16]</span> <span class="irc-navy">* mdiggory (~mdiggory@conference/code4lib/x-egygrmpmidygqtoi) Quit (Quit: mdiggory)</span><br />
<span class="irc-date">[11:35]</span> <span class="irc-green">* mdiggory (~mdiggory@conference/code4lib/x-wwoyrtloolhuhlcf) has joined #duraspace</span><br />
<span class="irc-date">[11:44]</span> <span class="irc-green">* scottatm (~scottatm@peat.evans.tamu.edu) has joined #duraspace</span><br />
<span class="irc-date">[12:28]</span> <span class="irc-green">* gfarras (~gerard@224.Red-79-153-143.dynamicIP.rima-tde.net) has joined #duraspace</span><br />
<span class="irc-date">[12:58]</span> <span class="irc-navy">* gfarras (~gerard@224.Red-79-153-143.dynamicIP.rima-tde.net) Quit (Ping timeout: 264 seconds)</span><br />
<span class="irc-date">[13:19]</span> <span class="irc-green">* gfarras (~gerard@224.Red-79-153-143.dynamicIP.rima-tde.net) has joined #duraspace</span><br />
<span class="irc-date">[14:51]</span> <span class="irc-green">* cccharles (~user@131.104.62.47) has joined #duraspace</span><br />
<span class="irc-date">[14:56]</span> <span class="irc-navy">* mdiggory (~mdiggory@conference/code4lib/x-wwoyrtloolhuhlcf) Quit (Ping timeout: 265 seconds)</span><br />
<span class="irc-date">[15:02]</span> <span class="irc-green">* mdiggory (~mdiggory@conference/code4lib/x-jrkwxgktbtgcibck) has joined #duraspace</span><br />
<span class="irc-date">[15:11]</span> <span class="irc-green">* stuartlewis (~stuartlew@gendiglt02.lbr.auckland.ac.nz) has joined #duraspace</span><br />
<span class="irc-date">[15:20]</span> <span class="irc-green">* cccharles (~user@131.104.62.47) has left #duraspace</span><br />
<span class="irc-date">[16:26]</span> <span class="irc-navy">* mdiggory (~mdiggory@conference/code4lib/x-jrkwxgktbtgcibck) Quit (Quit: mdiggory)</span><br />
<span class="irc-date">[16:32]</span> <span class="irc-green">* mdiggory (~mdiggory@conference/code4lib/x-uvzhugsbefpwkxlg) has joined #duraspace</span><br />
<span class="irc-date">[16:51]</span> <span class="irc-navy">* gfarras (~gerard@224.Red-79-153-143.dynamicIP.rima-tde.net) Quit (Ping timeout: 265 seconds)</span><br />
<span class="irc-date">[17:05]</span> <span class="irc-navy">* mhwood (~mhwood@2001:18e8:3:171:218:8bff:fe2a:56a4) Quit (Remote host closed the connection)</span><br />
<span class="irc-date">[17:18]</span> <span class="irc-navy">* mdiggory (~mdiggory@conference/code4lib/x-uvzhugsbefpwkxlg) Quit (Quit: mdiggory)</span><br />
<span class="irc-date">[17:26]</span> <span class="irc-green">* mdiggory (~mdiggory@conference/code4lib/x-aozxwadmojzmfutw) has joined #duraspace</span><br />
<span class="irc-date">[17:41]</span> <span class="irc-green">* gfarras (~gerard@224.Red-79-153-143.dynamicIP.rima-tde.net) has joined #duraspace</span><br />
<span class="irc-date">[17:51]</span> <span class="irc-navy">* mdiggory (~mdiggory@conference/code4lib/x-aozxwadmojzmfutw) Quit (*.net *.split)</span><br />
<span class="irc-date">[17:51]</span> <span class="irc-navy">* quoll (~quoll@c-98-249-18-172.hsd1.va.comcast.net) Quit (*.net *.split)</span><br />
<span class="irc-date">[17:53]</span> <span class="irc-green">* mdiggory (~mdiggory@conference/code4lib/x-aozxwadmojzmfutw) has joined #duraspace</span><br />
<span class="irc-date">[17:53]</span> <span class="irc-green">* quoll (~quoll@c-98-249-18-172.hsd1.va.comcast.net) has joined #duraspace</span><br />
<span class="irc-date">[18:02]</span> <span class="irc-navy">* gfarras (~gerard@224.Red-79-153-143.dynamicIP.rima-tde.net) Quit (Read error: Connection reset by peer)</span><br />
<span class="irc-date">[18:19]</span> <span class="irc-green">* gfarras (~gerard@176.Red-193-152-185.dynamicIP.rima-tde.net) has joined #duraspace</span><br />
<span class="irc-date">[20:11]</span> <span class="irc-navy">* gfarras (~gerard@176.Red-193-152-185.dynamicIP.rima-tde.net) Quit (Ping timeout: 276 seconds)</span><br />
<span class="irc-date">[20:15]</span> <span class="irc-navy">* krnl_ (Andrius@83.171.18.74) Quit ()</span><br />
<span class="irc-date">[20:27]</span> <span class="irc-green">* gfarras (~gerard@129.Red-79-145-16.dynamicIP.rima-tde.net) has joined #duraspace</span><br />
<span class="irc-date">[23:52]</span> <span class="irc-green">* alidigitalis (~chatzilla@va-67-233-102-229.sta.embarqhsd.net) has joined #duraspace</span><br />
