<span class="irc-date">[6:31]</span> <span class="irc-brown">-card.freenode.net- *** Looking up your hostname...</span><br />
<span class="irc-date">[6:31]</span> <span class="irc-brown">-card.freenode.net- *** Checking Ident</span><br />
<span class="irc-date">[6:31]</span> <span class="irc-brown">-card.freenode.net- *** Found your hostname</span><br />
<span class="irc-date">[6:31]</span> <span class="irc-brown">-card.freenode.net- *** No Ident response</span><br />
<span class="irc-date">[6:31]</span> <span class="irc-red">[frigg VERSION]</span><br />
<span class="irc-date">[6:31]</span> <span class="irc-green">* DuraLogBot (~PircBot@duraspace.org) has joined #duraspace</span><br />
<span class="irc-date">[6:31]</span> <span class="irc-green">* Topic is 'Welcome to DuraSpace - This channel is logged - <a href="http://duraspace.org/irclogs/'">http://duraspace.org/irclogs/'</a></span><br />
<span class="irc-date">[6:31]</span> <span class="irc-green">* Set by cwilper on Tue Jun 30 20:32:05 UTC 2009</span><br />
<span class="irc-date">[9:39]</span> <span class="irc-navy">* snail (~stuart@130.195.179.88) Quit (*.net *.split)</span><br />
<span class="irc-date">[9:40]</span> <span class="irc-green">* snail (~stuart@130.195.179.88) has joined #duraspace</span><br />
<span class="irc-date">[11:04]</span> <span class="irc-green">* alxp (~alxp@PC044.ROBLIB.UPEI.CA) has joined #duraspace</span><br />
<span class="irc-date">[12:13]</span> <span class="irc-green">* mhwood (~mhwood@2001:18e8:3:171:218:8bff:fe2a:56a4) has joined #duraspace</span><br />
<span class="irc-date">[13:04]</span> <span class="irc-navy">* ksclarke (~kevin@12.96.114.5) Quit (Read error: Operation timed out)</span><br />
<span class="irc-date">[13:18]</span> <span class="irc-green">* tdonohue (~tdonohue@c-98-228-50-55.hsd1.il.comcast.net) has joined #duraspace</span><br />
<span class="irc-date">[13:19]</span> <span class="irc-green">* ksclarke (~kevin@airport-grey.nescent.org) has joined #duraspace</span><br />
<span class="irc-date">[13:20]</span> <span class="irc-green">* ksclarke1 (~kevin@airport-grey.nescent.org) has joined #duraspace</span><br />
<span class="irc-date">[13:20]</span> <span class="irc-navy">* ksclarke (~kevin@airport-grey.nescent.org) Quit (Read error: Connection reset by peer)</span><br />
<span class="irc-date">[15:00]</span> <span class="irc-green">* sbayliss (~IceChat7@188-222-88-173.zone13.bethere.co.uk) has joined #duraspace</span><br />
<span class="irc-date">[15:12]</span> <span class="irc-navy">* sbayliss (~IceChat7@188-222-88-173.zone13.bethere.co.uk) Quit (Quit: bye!)</span><br />
<span class="irc-date">[20:49]</span> <span class="irc-green">* stuartlewis (~stuartlew@s-lewis.itss.auckland.ac.nz) has joined #duraspace</span><br />
<span class="irc-date">[20:53]</span> <span class="irc-navy">* alxp (~alxp@PC044.ROBLIB.UPEI.CA) Quit (Quit: alxp)</span><br />
<span class="irc-date">[21:05]</span> <span class="irc-navy">* mhwood (~mhwood@2001:18e8:3:171:218:8bff:fe2a:56a4) Quit (Remote host closed the connection)</span><br />
<span class="irc-date">[21:36]</span> <span class="irc-navy">* ksclarke1 (~kevin@airport-grey.nescent.org) Quit (Quit: Leaving.)</span><br />
<span class="irc-date">[21:47]</span> <span class="irc-green">* tdonohue (~tdonohue@c-98-228-50-55.hsd1.il.comcast.net) has left #duraspace</span><br />
<span class="irc-date">[21:53]</span> <span class="irc-navy">* scottatm (~scottatm@adhcp136.evans.tamu.edu) Quit (Quit: scottatm)</span><br />
