<span class="irc-date">[0:18]</span> <span class="irc-navy">* Guest80420 (~kevin@adsl-39-10-103.clt.bellsouth.net) Quit (Read error: Operation timed out)</span><br />
<span class="irc-date">[0:25]</span> <span class="irc-green">* tdonohue (~tdonohue@c-98-228-50-55.hsd1.il.comcast.net) has joined #duraspace</span><br />
<span class="irc-date">[0:25]</span> <span class="irc-green">* tdonohue (~tdonohue@c-98-228-50-55.hsd1.il.comcast.net) has left #duraspace</span><br />
<span class="irc-date">[1:12]</span> <span class="irc-green">* ksclarke (~kevin@adsl-39-10-103.clt.bellsouth.net) has joined #duraspace</span><br />
<span class="irc-date">[4:31]</span> <span class="irc-navy">* bradmc (~bradmc@207-172-69-79.c3-0.smr-ubr3.sbo-smr.ma.static.cable.rcn.com) Quit (Quit: bradmc)</span><br />
<span class="irc-date">[4:51]</span> <span class="irc-green">* bradmc (~bradmc@207-172-69-79.c3-0.smr-ubr3.sbo-smr.ma.static.cable.rcn.com) has joined #duraspace</span><br />
<span class="irc-date">[6:00]</span> <span class="irc-navy">* bradmc (~bradmc@207-172-69-79.c3-0.smr-ubr3.sbo-smr.ma.static.cable.rcn.com) Quit (Quit: bradmc)</span><br />
<span class="irc-date">[6:40]</span> <span class="irc-brown">-card.freenode.net- *** Looking up your hostname...</span><br />
<span class="irc-date">[6:40]</span> <span class="irc-brown">-card.freenode.net- *** Checking Ident</span><br />
<span class="irc-date">[6:40]</span> <span class="irc-brown">-card.freenode.net- *** Found your hostname</span><br />
<span class="irc-date">[6:40]</span> <span class="irc-brown">-card.freenode.net- *** No Ident response</span><br />
<span class="irc-date">[6:40]</span> <span class="irc-red">[frigg VERSION]</span><br />
<span class="irc-date">[6:40]</span> <span class="irc-green">* DuraLogBot (~PircBot@duraspace.org) has joined #duraspace</span><br />
<span class="irc-date">[6:40]</span> <span class="irc-green">* Topic is 'Welcome to DuraSpace - This channel is logged - <a href="http://duraspace.org/irclogs/'">http://duraspace.org/irclogs/'</a></span><br />
<span class="irc-date">[6:40]</span> <span class="irc-green">* Set by cwilper on Tue Jun 30 20:32:05 UTC 2009</span><br />
<span class="irc-date">[7:24]</span> <span class="irc-navy">* krnl_ (Andrius@193.219.34.106) Quit ()</span><br />
<span class="irc-date">[7:28]</span> <span class="irc-green">* krnl_ (Andrius@193.219.34.106) has joined #duraspace</span><br />
<span class="irc-date">[9:43]</span> <span class="irc-green">* robint (50c01840@gateway/web/freenode/ip.80.192.24.64) has joined #duraspace</span><br />
<span class="irc-date">[10:10]</span> <span class="irc-navy">* robint (50c01840@gateway/web/freenode/ip.80.192.24.64) Quit (Quit: Page closed)</span><br />
<span class="irc-date">[11:10]</span> <span class="irc-green">* alxp (~alxp@PC044.ROBLIB.UPEI.CA) has joined #duraspace</span><br />
<span class="irc-date">[11:19]</span> <span class="irc-navy">* alxp (~alxp@PC044.ROBLIB.UPEI.CA) Quit (Read error: Connection reset by peer)</span><br />
<span class="irc-date">[11:48]</span> <span class="irc-green">* bradmc (~bradmc@207-172-69-79.c3-0.smr-ubr3.sbo-smr.ma.static.cable.rcn.com) has joined #duraspace</span><br />
<span class="irc-date">[12:01]</span> <span class="irc-green">* mhwood (~mhwood@2001:18e8:3:171:218:8bff:fe2a:56a4) has joined #duraspace</span><br />
<span class="irc-date">[13:03]</span> <span class="irc-green">* alxp (~alxp@PC044.ROBLIB.UPEI.CA) has joined #duraspace</span><br />
<span class="irc-date">[13:30]</span> <span class="irc-green">* tdonohue (~tdonohue@c-98-228-50-55.hsd1.il.comcast.net) has joined #duraspace</span><br />
<span class="irc-date">[13:52]</span> <span class="irc-green">* Asger (82e11a21@gateway/web/freenode/ip.130.225.26.33) has joined #duraspace</span><br />
<span class="irc-date">[14:05]</span> <span class="irc-navy">* tdonohue (~tdonohue@c-98-228-50-55.hsd1.il.comcast.net) Quit (Quit: Heading out...talk to you later.)</span><br />
<span class="irc-date">[14:06]</span> <span class="irc-green">* tdonohue (~tdonohue@c-98-228-50-55.hsd1.il.comcast.net) has joined #duraspace</span><br />
<span class="irc-date">[14:06]</span> <span class="irc-navy">* tdonohue (~tdonohue@c-98-228-50-55.hsd1.il.comcast.net) Quit (Client Quit)</span><br />
<span class="irc-date">[14:07]</span> <span class="irc-green">* tdonohue (~tdonohue@c-98-228-50-55.hsd1.il.comcast.net) has joined #duraspace</span><br />
<span class="irc-date">[14:09]</span> <span class="irc-navy">* tdonohue (~tdonohue@c-98-228-50-55.hsd1.il.comcast.net) Quit (Client Quit)</span><br />
<span class="irc-date">[14:09]</span> <span class="irc-green">* tdonohue (~tdonohue@c-98-228-50-55.hsd1.il.comcast.net) has joined #duraspace</span><br />
<span class="irc-date">[14:11]</span> <span class="irc-navy">* tdonohue (~tdonohue@c-98-228-50-55.hsd1.il.comcast.net) Quit (Client Quit)</span><br />
<span class="irc-date">[14:12]</span> <span class="irc-green">* tdonohue (~tdonohue@c-98-228-50-55.hsd1.il.comcast.net) has joined #duraspace</span><br />
<span class="irc-date">[14:15]</span> <span class="irc-navy">* tdonohue (~tdonohue@c-98-228-50-55.hsd1.il.comcast.net) Quit (Client Quit)</span><br />
<span class="irc-date">[14:16]</span> <span class="irc-green">* tdonohue (~tdonohue@c-98-228-50-55.hsd1.il.comcast.net) has joined #duraspace</span><br />
<span class="irc-date">[14:21]</span> <span class="irc-navy">* tdonohue (~tdonohue@c-98-228-50-55.hsd1.il.comcast.net) Quit (Client Quit)</span><br />
<span class="irc-date">[14:21]</span> <span class="irc-green">* tdonohue (~tdonohue@c-98-228-50-55.hsd1.il.comcast.net) has joined #duraspace</span><br />
<span class="irc-date">[14:44]</span> <span class="irc-navy">* Asger (82e11a21@gateway/web/freenode/ip.130.225.26.33) Quit (Quit: Page closed)</span><br />
<span class="irc-date">[16:17]</span> <span class="irc-green">* dericed (~Adium@216.220.106.92) has joined #duraspace</span><br />
<span class="irc-date">[16:57]</span> <span class="irc-navy">* tdonohue (~tdonohue@c-98-228-50-55.hsd1.il.comcast.net) Quit (Quit: Heading out...talk to you later.)</span><br />
<span class="irc-date">[16:57]</span> <span class="irc-green">* tdonohue (~tdonohue@c-98-228-50-55.hsd1.il.comcast.net) has joined #duraspace</span><br />
<span class="irc-date">[16:58]</span> <span class="irc-navy">* tdonohue (~tdonohue@c-98-228-50-55.hsd1.il.comcast.net) Quit (Client Quit)</span><br />
<span class="irc-date">[16:59]</span> <span class="irc-green">* tdonohue (~tdonohue@c-98-228-50-55.hsd1.il.comcast.net) has joined #duraspace</span><br />
<span class="irc-date">[17:11]</span> <span class="irc-navy">* tdonohue (~tdonohue@c-98-228-50-55.hsd1.il.comcast.net) Quit (Quit: Heading out...talk to you later.)</span><br />
<span class="irc-date">[17:13]</span> <span class="irc-green">* tdonohue (~tdonohue@c-98-228-50-55.hsd1.il.comcast.net) has joined #duraspace</span><br />
<span class="irc-date">[17:25]</span> <span class="irc-navy">* tdonohue (~tdonohue@c-98-228-50-55.hsd1.il.comcast.net) Quit (Quit: Heading out...talk to you later.)</span><br />
<span class="irc-date">[17:26]</span> <span class="irc-green">* tdonohue (~tdonohue@c-98-228-50-55.hsd1.il.comcast.net) has joined #duraspace</span><br />
<span class="irc-date">[17:43]</span> <span class="irc-navy">* tdonohue (~tdonohue@c-98-228-50-55.hsd1.il.comcast.net) Quit (Quit: Heading out...talk to you later.)</span><br />
<span class="irc-date">[17:43]</span> <span class="irc-green">* tdonohue (~tdonohue@c-98-228-50-55.hsd1.il.comcast.net) has joined #duraspace</span><br />
<span class="irc-date">[18:12]</span> <span class="irc-navy">* dericed (~Adium@216.220.106.92) Quit (Ping timeout: 265 seconds)</span><br />
<span class="irc-date">[18:17]</span> <span class="irc-green">* dericed1 (~Adium@rrcs-72-43-163-158.nyc.biz.rr.com) has joined #duraspace</span><br />
<span class="irc-date">[19:46]</span> <span class="irc-navy">* alxp (~alxp@PC044.ROBLIB.UPEI.CA) Quit (Read error: Connection reset by peer)</span><br />
<span class="irc-date">[19:46]</span> <span class="irc-green">* alxp (~alxp@PC044.ROBLIB.UPEI.CA) has joined #duraspace</span><br />
<span class="irc-date">[19:56]</span> <span class="irc-navy">* alxp (~alxp@PC044.ROBLIB.UPEI.CA) Quit (Quit: alxp)</span><br />
<span class="irc-date">[20:59]</span> <span class="irc-navy">* mhwood (~mhwood@2001:18e8:3:171:218:8bff:fe2a:56a4) Quit (Remote host closed the connection)</span><br />
<span class="irc-date">[21:06]</span> <span class="irc-navy">* dericed1 (~Adium@rrcs-72-43-163-158.nyc.biz.rr.com) Quit (Quit: Leaving.)</span><br />
<span class="irc-date">[21:34]</span> <span class="irc-navy">* bradmc (~bradmc@207-172-69-79.c3-0.smr-ubr3.sbo-smr.ma.static.cable.rcn.com) Quit (Quit: bradmc)</span><br />
<span class="irc-date">[21:50]</span> <span class="irc-green">* bradmc (~bradmc@host215.72.248.50.conversent.net) has joined #duraspace</span><br />
<span class="irc-date">[22:02]</span> <span class="irc-green">* tdonohue (~tdonohue@c-98-228-50-55.hsd1.il.comcast.net) has left #duraspace</span><br />
<span class="irc-date">[22:02]</span> <span class="irc-navy">* PeterDietz (~PeterDiet@ACK5859s3.lib.ohio-state.edu) Quit (Quit: shutdown)</span><br />
<span class="irc-date">[23:41]</span> <span class="irc-navy">* bradmc (~bradmc@host215.72.248.50.conversent.net) Quit (Quit: bradmc)</span><br />
