<span class="irc-date">[0:06]</span> <span class="irc-green">* eddies (~eddies@c-71-63-238-11.hsd1.mn.comcast.net) has joined #duraspace</span><br />
<span class="irc-date">[0:11]</span> <span class="irc-navy">* bradmc (~bradmc@static-72-248-50-215.ma.onecommunications.net) Quit (Quit: bradmc)</span><br />
<span class="irc-date">[1:00]</span> <span class="irc-green">* bradmc (~bradmc@static-72-248-50-215.ma.onecommunications.net) has joined #duraspace</span><br />
<span class="irc-date">[1:03]</span> <span class="irc-navy">* bradmc (~bradmc@static-72-248-50-215.ma.onecommunications.net) Quit (Client Quit)</span><br />
<span class="irc-date">[2:03]</span> <span class="irc-green">* achelous_ (~tom@24-119-231-22.cpe.cableone.net) has joined #duraspace</span><br />
<span class="irc-date">[2:03]</span> <span class="irc-navy">* achelous_ (~tom@24-119-231-22.cpe.cableone.net) Quit (Remote host closed the connection)</span><br />
<span class="irc-date">[2:35]</span> <span class="irc-navy">* eddies (~eddies@c-71-63-238-11.hsd1.mn.comcast.net) Quit (Quit: eddies)</span><br />
<span class="irc-date">[2:35]</span> <span class="irc-green">* eddies (~eddies@c-71-63-238-11.hsd1.mn.comcast.net) has joined #duraspace</span><br />
<span class="irc-date">[2:35]</span> <span class="irc-navy">* eddies (~eddies@c-71-63-238-11.hsd1.mn.comcast.net) Quit (Client Quit)</span><br />
<span class="irc-date">[2:36]</span> <span class="irc-green">* eddies (~eddies@c-71-63-238-11.hsd1.mn.comcast.net) has joined #duraspace</span><br />
<span class="irc-date">[2:36]</span> <span class="irc-navy">* eddies (~eddies@c-71-63-238-11.hsd1.mn.comcast.net) Quit (Client Quit)</span><br />
<span class="irc-date">[2:36]</span> <span class="irc-green">* eddies (~eddies@c-71-63-238-11.hsd1.mn.comcast.net) has joined #duraspace</span><br />
<span class="irc-date">[2:36]</span> <span class="irc-navy">* eddies (~eddies@c-71-63-238-11.hsd1.mn.comcast.net) Quit (Client Quit)</span><br />
<span class="irc-date">[6:30]</span> <span class="irc-brown">-card.freenode.net- *** Looking up your hostname...</span><br />
<span class="irc-date">[6:30]</span> <span class="irc-brown">-card.freenode.net- *** Checking Ident</span><br />
<span class="irc-date">[6:30]</span> <span class="irc-brown">-card.freenode.net- *** Found your hostname</span><br />
<span class="irc-date">[6:30]</span> <span class="irc-brown">-card.freenode.net- *** No Ident response</span><br />
<span class="irc-date">[6:30]</span> <span class="irc-red">[frigg VERSION]</span><br />
<span class="irc-date">[6:30]</span> <span class="irc-green">* DuraLogBot (~PircBot@duraspace.org) has joined #duraspace</span><br />
<span class="irc-date">[6:30]</span> <span class="irc-green">* Topic is 'Welcome to DuraSpace - This channel is logged - <a href="http://duraspace.org/irclogs/'">http://duraspace.org/irclogs/'</a></span><br />
<span class="irc-date">[6:30]</span> <span class="irc-green">* Set by cwilper on Tue Jun 30 20:32:05 UTC 2009</span><br />
<span class="irc-date">[13:08]</span> <span class="irc-green">* bradmc (~bradmc@207-172-69-79.c3-0.smr-ubr3.sbo-smr.ma.static.cable.rcn.com) has joined #duraspace</span><br />
<span class="irc-date">[14:08]</span> <span class="irc-navy">* bradmc (~bradmc@207-172-69-79.c3-0.smr-ubr3.sbo-smr.ma.static.cable.rcn.com) Quit (Quit: bradmc)</span><br />
<span class="irc-date">[14:44]</span> <span class="irc-navy">* mdiggory (~mdiggory@ip72-199-217-116.sd.sd.cox.net) Quit (Quit: mdiggory)</span><br />
<span class="irc-date">[16:56]</span> <span class="irc-green">* bradmc (~bradmc@207-172-69-79.c3-0.smr-ubr3.sbo-smr.ma.static.cable.rcn.com) has joined #duraspace</span><br />
