<span class="irc-date">[1:41]</span> <span class="irc-navy">* mdiggory (~mdiggory@cpe-66-74-212-9.san.res.rr.com) Quit (Quit: mdiggory)</span><br />
<span class="irc-date">[2:58]</span> <span class="irc-green">* mdiggory (~mdiggory@cpe-66-74-212-9.san.res.rr.com) has joined #duraspace</span><br />
<span class="irc-date">[4:08]</span> <span class="irc-brown">-hubbard.freenode.net- *** Looking up your hostname...</span><br />
<span class="irc-date">[4:08]</span> <span class="irc-brown">-hubbard.freenode.net- *** Checking Ident</span><br />
<span class="irc-date">[4:08]</span> <span class="irc-brown">-hubbard.freenode.net- *** Found your hostname</span><br />
<span class="irc-date">[4:08]</span> <span class="irc-brown">-hubbard.freenode.net- *** No Ident response</span><br />
<span class="irc-date">[4:08]</span> <span class="irc-green">* DuraLogBot (~PircBot@fedcommsrv1.nsdlib.org) has joined #duraspace</span><br />
<span class="irc-date">[4:08]</span> <span class="irc-green">* Topic is 'Welcome to DuraSpace - This channel is logged - <a href="http://duraspace.org/irclogs/'">http://duraspace.org/irclogs/'</a></span><br />
<span class="irc-date">[4:08]</span> <span class="irc-green">* Set by cwilper on Tue Jun 30 16:32:05 EDT 2009</span><br />
<span class="irc-date">[5:08]</span> <span class="irc-navy">* mdiggory (~mdiggory@cpe-66-74-212-9.san.res.rr.com) Quit (Quit: mdiggory)</span><br />
<span class="irc-date">[9:29]</span> <span class="irc-green">* bojans (~Bojmen@91.118.64.29) has joined #duraspace</span><br />
<span class="irc-date">[11:36]</span> <span class="irc-green">* ksclarke (~kevin@adsl-162-19-234.clt.bellsouth.net) has joined #duraspace</span><br />
<span class="irc-date">[13:24]</span> <span class="irc-green">* mdiggory (~mdiggory@cpe-66-74-212-9.san.res.rr.com) has joined #duraspace</span><br />
<span class="irc-date">[14:10]</span> <span class="irc-navy">* ksclarke (~kevin@adsl-162-19-234.clt.bellsouth.net) Quit (Quit: Leaving.)</span><br />
<span class="irc-date">[16:44]</span> <span class="irc-navy">* mdiggory (~mdiggory@cpe-66-74-212-9.san.res.rr.com) Quit (Quit: mdiggory)</span><br />
<span class="irc-date">[16:50]</span> <span class="irc-green">* mdiggory (~mdiggory@cpe-66-74-212-9.san.res.rr.com) has joined #duraspace</span><br />
<span class="irc-date">[17:29]</span> <span class="irc-green">* mdiggory_ (~mdiggory@cpe-66-74-212-9.san.res.rr.com) has joined #duraspace</span><br />
<span class="irc-date">[17:32]</span> <span class="irc-navy">* mdiggory (~mdiggory@cpe-66-74-212-9.san.res.rr.com) Quit (Ping timeout: 240 seconds)</span><br />
<span class="irc-date">[17:32]</span> <span class="irc-green">* mdiggory_ is now known as mdiggory</span><br />
<span class="irc-date">[17:46]</span> <span class="irc-navy">* bojans (~Bojmen@91.118.64.29) Quit (Remote host closed the connection)</span><br />
