<span class="irc-date">[1:39]</span> <span class="irc-green">* dericed1 (~Adium@pool-108-14-203-4.nycmny.east.verizon.net) has joined #duraspace</span><br />
<span class="irc-date">[1:57]</span> <span class="irc-green">* dericed2 (~Adium@76.15.234.164) has joined #duraspace</span><br />
<span class="irc-date">[2:01]</span> <span class="irc-navy">* dericed1 (~Adium@pool-108-14-203-4.nycmny.east.verizon.net) Quit (Ping timeout: 245 seconds)</span><br />
<span class="irc-date">[2:23]</span> <span class="irc-navy">* dericed2 (~Adium@76.15.234.164) Quit (Ping timeout: 255 seconds)</span><br />
<span class="irc-date">[3:22]</span> <span class="irc-green">* bradmc (~bradmc@207-172-69-79.c3-0.smr-ubr3.sbo-smr.ma.static.cable.rcn.com) has joined #duraspace</span><br />
<span class="irc-date">[3:30]</span> <span class="irc-navy">* bradmc (~bradmc@207-172-69-79.c3-0.smr-ubr3.sbo-smr.ma.static.cable.rcn.com) Quit (Quit: bradmc)</span><br />
<span class="irc-date">[6:51]</span> <span class="irc-brown">-card.freenode.net- *** Looking up your hostname...</span><br />
<span class="irc-date">[6:51]</span> <span class="irc-brown">-card.freenode.net- *** Checking Ident</span><br />
<span class="irc-date">[6:51]</span> <span class="irc-brown">-card.freenode.net- *** Found your hostname</span><br />
<span class="irc-date">[6:51]</span> <span class="irc-brown">-card.freenode.net- *** No Ident response</span><br />
<span class="irc-date">[6:51]</span> <span class="irc-red">[frigg VERSION]</span><br />
<span class="irc-date">[6:51]</span> <span class="irc-green">* DuraLogBot (~PircBot@duraspace.org) has joined #duraspace</span><br />
<span class="irc-date">[6:51]</span> <span class="irc-green">* Topic is 'Welcome to DuraSpace - This channel is logged - <a href="http://duraspace.org/irclogs/'">http://duraspace.org/irclogs/'</a></span><br />
<span class="irc-date">[6:51]</span> <span class="irc-green">* Set by cwilper on Tue Jun 30 20:32:05 UTC 2009</span><br />
<span class="irc-date">[11:38]</span> <span class="irc-green">* bradmc (~bradmc@207-172-69-79.c3-0.smr-ubr3.sbo-smr.ma.static.cable.rcn.com) has joined #duraspace</span><br />
<span class="irc-date">[12:06]</span> <span class="irc-navy">* bradmc (~bradmc@207-172-69-79.c3-0.smr-ubr3.sbo-smr.ma.static.cable.rcn.com) Quit (Quit: bradmc)</span><br />
<span class="irc-date">[13:55]</span> <span class="irc-green">* bradmc (~bradmc@207-172-69-79.c3-0.smr-ubr3.sbo-smr.ma.static.cable.rcn.com) has joined #duraspace</span><br />
<span class="irc-date">[13:58]</span> <span class="irc-green">* dericed1 (~Adium@pool-108-14-203-4.nycmny.east.verizon.net) has joined #duraspace</span><br />
<span class="irc-date">[13:58]</span> <span class="irc-navy">* dericed1 (~Adium@pool-108-14-203-4.nycmny.east.verizon.net) Quit (Client Quit)</span><br />
<span class="irc-date">[16:14]</span> <span class="irc-green">* bradmc_ (~bradmc@207-172-69-79.c3-0.smr-ubr3.sbo-smr.ma.static.cable.rcn.com) has joined #duraspace</span><br />
<span class="irc-date">[16:14]</span> <span class="irc-navy">* bradmc (~bradmc@207-172-69-79.c3-0.smr-ubr3.sbo-smr.ma.static.cable.rcn.com) Quit (Read error: Connection reset by peer)</span><br />
<span class="irc-date">[16:14]</span> <span class="irc-green">* bradmc_ is now known as bradmc</span><br />
<span class="irc-date">[21:26]</span> <span class="irc-navy">* bradmc (~bradmc@207-172-69-79.c3-0.smr-ubr3.sbo-smr.ma.static.cable.rcn.com) Quit (Read error: Connection reset by peer)</span><br />
<span class="irc-date">[21:35]</span> <span class="irc-green">* bradmc (~bradmc@207-172-69-79.c3-0.smr-ubr3.sbo-smr.ma.static.cable.rcn.com) has joined #duraspace</span><br />
