<span class="irc-date">[4:04]</span> <span class="irc-green">* ksclarke (~kevin@99-196-38-164.cust.wildblue.net) has joined #duraspace</span><br />
<span class="irc-date">[4:06]</span> <span class="irc-navy">* ksclarke (~kevin@99-196-38-164.cust.wildblue.net) Quit (Client Quit)</span><br />
<span class="irc-date">[4:50]</span> <span class="irc-navy">* bradmc (~bradmc@207-172-69-79.c3-0.smr-ubr3.sbo-smr.ma.static.cable.rcn.com) Quit (Quit: bradmc)</span><br />
<span class="irc-date">[4:56]</span> <span class="irc-green">* bradmc (~bradmc@207-172-69-79.c3-0.smr-ubr3.sbo-smr.ma.static.cable.rcn.com) has joined #duraspace</span><br />
<span class="irc-date">[5:22]</span> <span class="irc-navy">* bradmc (~bradmc@207-172-69-79.c3-0.smr-ubr3.sbo-smr.ma.static.cable.rcn.com) Quit (Quit: bradmc)</span><br />
<span class="irc-date">[6:46]</span> <span class="irc-green">* Tonny_DK (~thl@130.226.36.117) has joined #duraspace</span><br />
<span class="irc-date">[6:47]</span> <span class="irc-brown">-card.freenode.net- *** Looking up your hostname...</span><br />
<span class="irc-date">[6:47]</span> <span class="irc-brown">-card.freenode.net- *** Checking Ident</span><br />
<span class="irc-date">[6:47]</span> <span class="irc-brown">-card.freenode.net- *** Found your hostname</span><br />
<span class="irc-date">[6:47]</span> <span class="irc-brown">-card.freenode.net- *** No Ident response</span><br />
<span class="irc-date">[6:47]</span> <span class="irc-green">* DuraLogBot (~PircBot@atlas.duraspace.org) has joined #duraspace</span><br />
<span class="irc-date">[6:47]</span> <span class="irc-green">* Topic is '[Welcome to DuraSpace - This channel is logged - <a href="http://irclogs.duraspace.org/]'">http://irclogs.duraspace.org/]'</a></span><br />
<span class="irc-date">[6:47]</span> <span class="irc-green">* Set by cwilper!ad579d86@gateway/web/freenode/ip.173.87.157.134 on Fri Oct 22 01:19:41 UTC 2010</span><br />
<span class="irc-date">[6:47]</span> <span class="irc-brown">-card.freenode.net- [freenode-info] help freenode weed out clonebots -- please register your IRC nick and auto-identify: <a href="http://freenode.net/faq.shtml#nicksetup">http://freenode.net/faq.shtml#nicksetup</a></span><br />
<span class="irc-date">[12:33]</span> <span class="irc-green">* bradmc (~bradmc@c1fw237.constantcontact.com) has joined #duraspace</span><br />
<span class="irc-date">[13:27]</span> <span class="irc-navy">* Tonny_DK (~thl@130.226.36.117) Quit (Quit: Leaving.)</span><br />
<span class="irc-date">[13:34]</span> <span class="irc-green">* Tonny_DK (~thl@130.226.36.117) has joined #duraspace</span><br />
<span class="irc-date">[14:24]</span> <span class="irc-navy">* Tonny_DK (~thl@130.226.36.117) Quit (Quit: Leaving.)</span><br />
<span class="irc-date">[16:52]</span> <span class="irc-green">* viyyer (~viyyer@mum.fw.natel.net) has left #duraspace</span><br />
<span class="irc-date">[20:12]</span> <span class="irc-green">* ksclarke (~kevin@99-196-38-164.cust.wildblue.net) has joined #duraspace</span><br />
<span class="irc-date">[20:30]</span> <span class="irc-navy">* ksclarke (~kevin@99-196-38-164.cust.wildblue.net) Quit (Quit: Leaving.)</span><br />
<span class="irc-date">[20:30]</span> <span class="irc-green">* ksclarke (~kevin@99-196-38-164.cust.wildblue.net) has joined #duraspace</span><br />
<span class="irc-date">[20:38]</span> <span class="irc-navy">* ksclarke (~kevin@99-196-38-164.cust.wildblue.net) Quit (Read error: Connection reset by peer)</span><br />
<span class="irc-date">[20:38]</span> <span class="irc-green">* ksclarke1 (~kevin@99-196-38-164.cust.wildblue.net) has joined #duraspace</span><br />
<span class="irc-date">[20:40]</span> <span class="irc-green">* ksclarke (~kevin@99-196-38-164.cust.wildblue.net) has joined #duraspace</span><br />
<span class="irc-date">[20:40]</span> <span class="irc-navy">* ksclarke1 (~kevin@99-196-38-164.cust.wildblue.net) Quit (Read error: Connection reset by peer)</span><br />
<span class="irc-date">[20:44]</span> <span class="irc-green">* ksclarke1 (~kevin@99-196-38-164.cust.wildblue.net) has joined #duraspace</span><br />
<span class="irc-date">[20:44]</span> <span class="irc-navy">* ksclarke (~kevin@99-196-38-164.cust.wildblue.net) Quit (Read error: Connection reset by peer)</span><br />
<span class="irc-date">[20:48]</span> <span class="irc-navy">* ksclarke1 (~kevin@99-196-38-164.cust.wildblue.net) Quit (Read error: Connection reset by peer)</span><br />
<span class="irc-date">[20:55]</span> <span class="irc-navy">* bradmc (~bradmc@c1fw237.constantcontact.com) Quit (Quit: bradmc)</span><br />
<span class="irc-date">[21:00]</span> <span class="irc-green">* ksclarke (~kevin@99-196-38-164.cust.wildblue.net) has joined #duraspace</span><br />
<span class="irc-date">[21:03]</span> <span class="irc-green">* ksclarke1 (~kevin@99-196-38-164.cust.wildblue.net) has joined #duraspace</span><br />
<span class="irc-date">[21:03]</span> <span class="irc-navy">* ksclarke (~kevin@99-196-38-164.cust.wildblue.net) Quit (Read error: Connection reset by peer)</span><br />
<span class="irc-date">[21:06]</span> <span class="irc-navy">* ksclarke1 (~kevin@99-196-38-164.cust.wildblue.net) Quit (Read error: Connection reset by peer)</span><br />
<span class="irc-date">[21:10]</span> <span class="irc-green">* ksclarke (~kevin@99-196-38-164.cust.wildblue.net) has joined #duraspace</span><br />
