<span class="irc-date">[2:52]</span> <span class="irc-green">* Tonny_DK (~thl@130.226.36.117) has joined #duraspace</span><br />
<span class="irc-date">[2:57]</span> <span class="irc-navy">* Tonny_DK (~thl@130.226.36.117) Quit (Quit: Leaving.)</span><br />
<span class="irc-date">[2:59]</span> <span class="irc-green">* Tonny_DK (~thl@130.226.36.117) has joined #duraspace</span><br />
<span class="irc-date">[3:04]</span> <span class="irc-navy">* Tonny_DK (~thl@130.226.36.117) Quit (Quit: Leaving.)</span><br />
<span class="irc-date">[3:05]</span> <span class="irc-green">* Tonny_DK (~thl@130.226.36.117) has joined #duraspace</span><br />
<span class="irc-date">[3:53]</span> <span class="irc-navy">* Tonny_DK (~thl@130.226.36.117) Quit (Quit: Leaving.)</span><br />
<span class="irc-date">[3:53]</span> <span class="irc-green">* Tonny_DK (~thl@130.226.36.117) has joined #duraspace</span><br />
<span class="irc-date">[4:04]</span> <span class="irc-brown">-hubbard.freenode.net- *** Looking up your hostname...</span><br />
<span class="irc-date">[4:04]</span> <span class="irc-brown">-hubbard.freenode.net- *** Checking Ident</span><br />
<span class="irc-date">[4:04]</span> <span class="irc-brown">-hubbard.freenode.net- *** Found your hostname</span><br />
<span class="irc-date">[4:04]</span> <span class="irc-brown">-hubbard.freenode.net- *** No Ident response</span><br />
<span class="irc-date">[4:04]</span> <span class="irc-red">[frigg VERSION]</span><br />
<span class="irc-date">[4:04]</span> <span class="irc-green">* DuraLogBot (~PircBot@fedcommsrv1.nsdlib.org) has joined #duraspace</span><br />
<span class="irc-date">[4:04]</span> <span class="irc-green">* Topic is 'Welcome to DuraSpace - This channel is logged - <a href="http://duraspace.org/irclogs/'">http://duraspace.org/irclogs/'</a></span><br />
<span class="irc-date">[4:04]</span> <span class="irc-green">* Set by cwilper on Tue Jun 30 16:32:05 EDT 2009</span><br />
<span class="irc-date">[4:08]</span> <span class="irc-green">* steve58 (~vanhuynhd@cm201.sigma41.maxonline.com.sg) has joined #duraspace</span><br />
<span class="irc-date">[8:38]</span> <span class="irc-green">* bradmc (~bradmc@207-172-69-79.c3-0.smr-ubr3.sbo-smr.ma.static.cable.rcn.com) has joined #duraspace</span><br />
<span class="irc-date">[9:07]</span> <span class="irc-green">* tdonohue (~tdonohue@c-98-228-50-55.hsd1.il.comcast.net) has joined #duraspace</span><br />
<span class="irc-date">[9:54]</span> <span class="irc-navy">* Tonny_DK (~thl@130.226.36.117) Quit (Quit: Leaving.)</span><br />
<span class="irc-date">[9:57]</span> <span class="irc-green">* kstrnad (~kstrnad@HSI-KBW-109-192-160-151.hsi6.kabel-badenwuerttemberg.de) has joined #duraspace</span><br />
<span class="irc-date">[9:58]</span> <span class="irc-green">* cwilper (~cwilper@173-85-168-197.dsl1-erie.roch.ny.frontiernet.net) has joined #duraspace</span><br />
<span class="irc-date">[10:00]</span> <span class="irc-black">&lt;cwilper&gt; <a href="http://fedora-commons.org/confluence/display/FCREPO/2010-03-23+-+Committer+Meeting">http://fedora-commons.org/confluence/display/FCREPO/2010-03-23+-+Committer+Meeting</a></span><br />
<span class="irc-date">[10:01]</span> <span class="irc-green">* birkland (~4a4f24eb@gateway/web/freenode/x-akrniyytxadtoqei) has joined #duraspace</span><br />
<span class="irc-date">[10:02]</span> <span class="irc-green">* barmintor (barmintor@specdl11.cul.columbia.edu) has joined #duraspace</span><br />
<span class="irc-date">[10:17]</span> <span class="irc-black">&lt;barmintor&gt; "^\\w+:\\/.*$"</span><br />
<span class="irc-date">[10:18]</span> <span class="irc-black">&lt;cwilper&gt; Looking at line 1154 of <a href="http://fedora-commons.svn.sourceforge.net/viewvc/fedora-commons/fedora/branches/maintenance-3.3/fcrepo-server/src/main/java/fedora/server/storage/DefaultDOManager.java?revision=8487&amp;view=markup">http://fedora-commons.svn.sourceforge.net/viewvc/fedora-commons/fedora/branches/maintenance-3.3/fcrepo-server/src/main/java/fedora/server/storage/DefaultDOManager.java?revision=8487&amp;view=markup</a></span><br />
<span class="irc-date">[10:20]</span> <span class="irc-black">&lt;cwilper&gt; <a href="http://fedora-commons.svn.sourceforge.net/viewvc/fedora-commons/fedora/branches/maintenance-3.3/fcrepo-server/src/main/java/fedora/server/validation/ValidationUtility.java?revision=8487&amp;view=markup">http://fedora-commons.svn.sourceforge.net/viewvc/fedora-commons/fedora/branches/maintenance-3.3/fcrepo-server/src/main/java/fedora/server/validation/ValidationUtility.java?revision=8487&amp;view=markup</a></span><br />
<span class="irc-date">[10:27]</span> <span class="irc-green">* bbranan (~46799f09@gateway/web/freenode/x-jauvawdckkljosmw) has joined #duraspace</span><br />
<span class="irc-date">[10:29]</span> <span class="irc-black">&lt;birkland&gt; fedora.log:WARN 2010-03-23 09:42:26.506 [http-8843-5] (DefaultDOManager) Inoperable DSLocation "hdl:2200%2F20100319094408427T+format_dcs_data+format_dcs_data.0" given for hdl:2200%2F20100319094408427T+format_dcs_data+format_dcs_data.0</span><br />
<span class="irc-date">[10:47]</span> <span class="irc-navy">* birkland (~4a4f24eb@gateway/web/freenode/x-akrniyytxadtoqei) Quit (Ping timeout: 252 seconds)</span><br />
<span class="irc-date">[10:54]</span> <span class="irc-black">&lt;cwilper&gt; Action: Installer-provided option to give dry run or diagnostic/environment info to aid in reporting install issues</span><br />
<span class="irc-date">[10:55]</span> <span class="irc-black">&lt;cwilper&gt; (ben creating improvement issue for this)</span><br />
<span class="irc-date">[10:57]</span> <span class="irc-black">&lt;barmintor&gt; <a href="http://fedora-commons.org/jira/browse/FCREPO-672">http://fedora-commons.org/jira/browse/FCREPO-672</a></span><br />
<span class="irc-date">[10:57]</span> <span class="irc-green">* birkland (~4a4f24eb@gateway/web/freenode/x-msnjqjeztizreclw) has joined #duraspace</span><br />
<span class="irc-date">[10:58]</span> <span class="irc-black">&lt;cwilper&gt; Note: We also discussed ability to run such diagnostic util after Fedora has been installed</span><br />
<span class="irc-date">[11:04]</span> <span class="irc-green">* Dan_Davis (~43f22e74@gateway/web/freenode/x-bzixtcciddcgebsv) has joined #duraspace</span><br />
<span class="irc-date">[11:15]</span> <span class="irc-black">&lt;barmintor&gt; 1) Do you have Pluggable impls? 2) do they extend default impls? 3) Do you have development staff?</span><br />
<span class="irc-date">[11:15]</span> <span class="irc-black">&lt;cwilper&gt; 4) How do we contact you?</span><br />
<span class="irc-date">[11:16]</span> <span class="irc-green">* awoods (~awoods@pool-173-66-22-133.washdc.fios.verizon.net) has joined #duraspace</span><br />
<span class="irc-date">[11:17]</span> <span class="irc-black">&lt;cwilper&gt; Action: Chris to draft message w/survey, send to user list this week</span><br />
<span class="irc-date">[11:19]</span> <span class="irc-black">&lt;barmintor&gt; <a href="http://wuestefeld.name/svn/byecycle/trunk/updatesite/">http://wuestefeld.name/svn/byecycle/trunk/updatesite/</a></span><br />
<span class="irc-date">[11:19]</span> <span class="irc-black">&lt;barmintor&gt; <a href="http://byecycle.sourceforge.net/">http://byecycle.sourceforge.net/</a></span><br />
<span class="irc-date">[11:24]</span> <span class="irc-black">&lt;barmintor&gt; Spring/JMX: <a href="http://static.springsource.org/spring/docs/3.0.x/reference/html/jmx.html#jmx-exporting">http://static.springsource.org/spring/docs/3.0.x/reference/html/jmx.html#jmx-exporting</a></span><br />
<span class="irc-date">[11:45]</span> <span class="irc-navy">* barmintor (barmintor@specdl11.cul.columbia.edu) Quit ()</span><br />
<span class="irc-date">[11:49]</span> <span class="irc-navy">* Dan_Davis (~43f22e74@gateway/web/freenode/x-bzixtcciddcgebsv) Quit (Quit: Page closed)</span><br />
<span class="irc-date">[12:22]</span> <span class="irc-navy">* birkland (~4a4f24eb@gateway/web/freenode/x-msnjqjeztizreclw) Quit (Quit: Page closed)</span><br />
<span class="irc-date">[12:27]</span> <span class="irc-navy">* bradmc (~bradmc@207-172-69-79.c3-0.smr-ubr3.sbo-smr.ma.static.cable.rcn.com) Quit (Ping timeout: 268 seconds)</span><br />
<span class="irc-date">[12:53]</span> <span class="irc-green">* bradmc (~bradmc@207-172-69-79.c3-0.smr-ubr3.sbo-smr.ma.static.cable.rcn.com) has joined #duraspace</span><br />
<span class="irc-date">[12:57]</span> <span class="irc-navy">* bradmc (~bradmc@207-172-69-79.c3-0.smr-ubr3.sbo-smr.ma.static.cable.rcn.com) Quit (Ping timeout: 258 seconds)</span><br />
<span class="irc-date">[13:16]</span> <span class="irc-green">* bradmc (~bradmc@207-172-69-79.c3-0.smr-ubr3.sbo-smr.ma.static.cable.rcn.com) has joined #duraspace</span><br />
<span class="irc-date">[14:49]</span> <span class="irc-navy">* steve58 (~vanhuynhd@cm201.sigma41.maxonline.com.sg) Quit ()</span><br />
<span class="irc-date">[16:34]</span> <span class="irc-navy">* kstrnad (~kstrnad@HSI-KBW-109-192-160-151.hsi6.kabel-badenwuerttemberg.de) Quit (Ping timeout: 252 seconds)</span><br />
<span class="irc-date">[17:03]</span> <span class="irc-navy">* bbranan (~46799f09@gateway/web/freenode/x-jauvawdckkljosmw) Quit (Quit: Page closed)</span><br />
<span class="irc-date">[17:42]</span> <span class="irc-navy">* bradmc (~bradmc@207-172-69-79.c3-0.smr-ubr3.sbo-smr.ma.static.cable.rcn.com) Quit (Read error: Connection reset by peer)</span><br />
<span class="irc-date">[17:42]</span> <span class="irc-green">* bradmc (~bradmc@207-172-69-79.c3-0.smr-ubr3.sbo-smr.ma.static.cable.rcn.com) has joined #duraspace</span><br />
<span class="irc-date">[17:52]</span> <span class="irc-navy">* scottatm (~scottatm@peat.evans.tamu.edu) Quit (Quit: scottatm)</span><br />
<span class="irc-date">[17:55]</span> <span class="irc-green">* tdonohue (~tdonohue@c-98-228-50-55.hsd1.il.comcast.net) has left #duraspace</span><br />
<span class="irc-date">[18:29]</span> <span class="irc-navy">* bradmc (~bradmc@207-172-69-79.c3-0.smr-ubr3.sbo-smr.ma.static.cable.rcn.com) Quit (Quit: bradmc)</span><br />
<span class="irc-date">[18:59]</span> <span class="irc-green">* bradmc (~bradmc@host215.72.248.50.conversent.net) has joined #duraspace</span><br />
<span class="irc-date">[19:42]</span> <span class="irc-navy">* arcmaster (~arcmaster@cm120.psi155.maxonline.com.sg) Quit (Ping timeout: 246 seconds)</span><br />
<span class="irc-date">[19:43]</span> <span class="irc-green">* arcmaster (~arcmaster@cm120.psi155.maxonline.com.sg) has joined #duraspace</span><br />
<span class="irc-date">[20:57]</span> <span class="irc-navy">* bradmc (~bradmc@host215.72.248.50.conversent.net) Quit (Read error: Connection reset by peer)</span><br />
<span class="irc-date">[20:57]</span> <span class="irc-green">* bradmc (~bradmc@host215.72.248.50.conversent.net) has joined #duraspace</span><br />
<span class="irc-date">[21:06]</span> <span class="irc-navy">* bradmc (~bradmc@host215.72.248.50.conversent.net) Quit (Quit: bradmc)</span><br />
<span class="irc-date">[21:23]</span> <span class="irc-green">* bradmc (~bradmc@207-172-69-79.c3-0.smr-ubr3.sbo-smr.ma.static.cable.rcn.com) has joined #duraspace</span><br />
