<span class="irc-date">[0:07]</span> <span class="irc-green">* stuartlewis (~stuartlew@s-lewis.itss.auckland.ac.nz) has joined #duraspace</span><br />
<span class="irc-date">[3:34]</span> <span class="irc-navy">* ksclarke (~kevin@adsl-235-128-38.clt.bellsouth.net) Quit (Quit: Leaving.)</span><br />
<span class="irc-date">[4:49]</span> <span class="irc-navy">* stuartlewis (~stuartlew@s-lewis.itss.auckland.ac.nz) Quit (Quit: stuartlewis)</span><br />
<span class="irc-date">[6:03]</span> <span class="irc-green">* Tonny_DK (~thl@130.226.36.117) has joined #duraspace</span><br />
<span class="irc-date">[6:04]</span> <span class="irc-navy">* Tonny_DK (~thl@130.226.36.117) Quit (Client Quit)</span><br />
<span class="irc-date">[6:06]</span> <span class="irc-green">* Tonny_DK (~thl@130.226.36.117) has joined #duraspace</span><br />
<span class="irc-date">[6:36]</span> <span class="irc-brown">-card.freenode.net- *** Looking up your hostname...</span><br />
<span class="irc-date">[6:36]</span> <span class="irc-brown">-card.freenode.net- *** Checking Ident</span><br />
<span class="irc-date">[6:36]</span> <span class="irc-brown">-card.freenode.net- *** Found your hostname</span><br />
<span class="irc-date">[6:36]</span> <span class="irc-brown">-card.freenode.net- *** No Ident response</span><br />
<span class="irc-date">[6:36]</span> <span class="irc-red">[frigg VERSION]</span><br />
<span class="irc-date">[6:36]</span> <span class="irc-green">* DuraLogBot (~PircBot@duraspace.org) has joined #duraspace</span><br />
<span class="irc-date">[6:36]</span> <span class="irc-green">* Topic is 'Welcome to DuraSpace - This channel is logged - <a href="http://duraspace.org/irclogs/'">http://duraspace.org/irclogs/'</a></span><br />
<span class="irc-date">[6:36]</span> <span class="irc-green">* Set by cwilper on Tue Jun 30 20:32:05 UTC 2009</span><br />
<span class="irc-date">[10:39]</span> <span class="irc-navy">* mdiggory (~mdiggory@ip72-199-217-116.sd.sd.cox.net) Quit (Quit: mdiggory)</span><br />
<span class="irc-date">[12:05]</span> <span class="irc-green">* mhwood (~mhwood@2001:18e8:3:171:218:8bff:fe2a:56a4) has joined #duraspace</span><br />
<span class="irc-date">[13:24]</span> <span class="irc-green">* tdonohue (~tdonohue@c-98-228-50-55.hsd1.il.comcast.net) has joined #duraspace</span><br />
<span class="irc-date">[13:28]</span> <span class="irc-navy">* Tonny_DK (~thl@130.226.36.117) Quit (Quit: Leaving.)</span><br />
<span class="irc-date">[13:35]</span> <span class="irc-green">* ksclarke (~kevin@adsl-235-128-38.clt.bellsouth.net) has joined #duraspace</span><br />
<span class="irc-date">[14:22]</span> <span class="irc-green">* mdiggory (~mdiggory@ip72-199-217-116.sd.sd.cox.net) has joined #duraspace</span><br />
<span class="irc-date">[17:58]</span> <span class="irc-green">* barmintor (barmintor@specdl11.cul.columbia.edu) has joined #duraspace</span><br />
<span class="irc-date">[19:00]</span> <span class="irc-navy">* barmintor (barmintor@specdl11.cul.columbia.edu) Quit ()</span><br />
<span class="irc-date">[19:55]</span> <span class="irc-navy">* mhwood (~mhwood@2001:18e8:3:171:218:8bff:fe2a:56a4) Quit (Remote host closed the connection)</span><br />
<span class="irc-date">[20:30]</span> <span class="irc-green">* mhwood (~mhwood@2001:18e8:3:171:218:8bff:fe2a:56a4) has joined #duraspace</span><br />
<span class="irc-date">[20:30]</span> <span class="irc-green">* mhwood (~mhwood@2001:18e8:3:171:218:8bff:fe2a:56a4) has left #duraspace</span><br />
<span class="irc-date">[21:07]</span> <span class="irc-navy">* ksclarke (~kevin@adsl-235-128-38.clt.bellsouth.net) Quit (Quit: Leaving.)</span><br />
<span class="irc-date">[21:51]</span> <span class="irc-green">* tdonohue (~tdonohue@c-98-228-50-55.hsd1.il.comcast.net) has left #duraspace</span><br />
