<span class="irc-date">[4:07]</span> <span class="irc-brown">-hubbard.freenode.net- *** Looking up your hostname...</span><br />
<span class="irc-date">[4:07]</span> <span class="irc-brown">-hubbard.freenode.net- *** Checking Ident</span><br />
<span class="irc-date">[4:07]</span> <span class="irc-brown">-hubbard.freenode.net- *** Found your hostname</span><br />
<span class="irc-date">[4:07]</span> <span class="irc-brown">-hubbard.freenode.net- *** No Ident response</span><br />
<span class="irc-date">[4:07]</span> <span class="irc-red">[frigg VERSION]</span><br />
<span class="irc-date">[4:07]</span> <span class="irc-green">* DuraLogBot (~PircBot@fedcommsrv1.nsdlib.org) has joined #duraspace</span><br />
<span class="irc-date">[4:07]</span> <span class="irc-green">* Topic is 'Welcome to DuraSpace - This channel is logged - <a href="http://duraspace.org/irclogs/'">http://duraspace.org/irclogs/'</a></span><br />
<span class="irc-date">[4:07]</span> <span class="irc-green">* Set by cwilper on Tue Jun 30 16:32:05 EDT 2009</span><br />
<span class="irc-date">[6:03]</span> <span class="irc-navy">* Tonny_DK (~thl@130.226.36.117) Quit (Remote host closed the connection)</span><br />
<span class="irc-date">[6:04]</span> <span class="irc-green">* Tonny_DK (~thl@130.226.36.117) has joined #duraspace</span><br />
<span class="irc-date">[8:14]</span> <span class="irc-green">* mhwood (~mhwood@2001:18e8:3:171:218:8bff:fe2a:56a4) has joined #duraspace</span><br />
<span class="irc-date">[9:53]</span> <span class="irc-green">* mdiggory (~mdiggory@conference/code4lib/x-zeqsbiifnlvwbgtg) has joined #duraspace</span><br />
<span class="irc-date">[9:54]</span> <span class="irc-navy">* mdiggory (~mdiggory@conference/code4lib/x-zeqsbiifnlvwbgtg) Quit (Client Quit)</span><br />
<span class="irc-date">[10:10]</span> <span class="irc-green">* mdiggory (~mdiggory@conference/code4lib/x-opnmfbaaskplkizk) has joined #duraspace</span><br />
<span class="irc-date">[11:01]</span> <span class="irc-green">* quoll (~quoll@c-98-249-18-172.hsd1.va.comcast.net) has joined #duraspace</span><br />
<span class="irc-date">[11:35]</span> <span class="irc-navy">* mdiggory (~mdiggory@conference/code4lib/x-opnmfbaaskplkizk) Quit (Ping timeout: 248 seconds)</span><br />
<span class="irc-date">[11:42]</span> <span class="irc-green">* mdiggory (~mdiggory@conference/code4lib/x-bibdqdldnvtjwrdt) has joined #duraspace</span><br />
<span class="irc-date">[14:28]</span> <span class="irc-navy">* mdiggory (~mdiggory@conference/code4lib/x-bibdqdldnvtjwrdt) Quit (Quit: mdiggory)</span><br />
<span class="irc-date">[14:51]</span> <span class="irc-green">* mdiggory (~mdiggory@conference/code4lib/x-xgfekplphhwlllnf) has joined #duraspace</span><br />
<span class="irc-date">[15:12]</span> <span class="irc-green">* stuartlewis (~stuartlew@gendiglt02.lbr.auckland.ac.nz) has joined #duraspace</span><br />
<span class="irc-date">[16:31]</span> <span class="irc-navy">* quoll (~quoll@c-98-249-18-172.hsd1.va.comcast.net) Quit (*.net *.split)</span><br />
<span class="irc-date">[17:28]</span> <span class="irc-navy">* mhwood (~mhwood@2001:18e8:3:171:218:8bff:fe2a:56a4) Quit (Remote host closed the connection)</span><br />
<span class="irc-date">[18:08]</span> <span class="irc-navy">* scottatm (~scottatm@peat.evans.tamu.edu) Quit (Ping timeout: 248 seconds)</span><br />
<span class="irc-date">[20:40]</span> <span class="irc-navy">* mdiggory (~mdiggory@conference/code4lib/x-xgfekplphhwlllnf) Quit (Quit: mdiggory)</span><br />
<span class="irc-date">[21:10]</span> <span class="irc-green">* mdiggory (~mdiggory@conference/code4lib/x-tmzmglobktjffhrg) has joined #duraspace</span><br />
<span class="irc-date">[21:30]</span> <span class="irc-green">* mdiggory_ (~mdiggory@conference/code4lib/x-xyijcidojhlwhdvg) has joined #duraspace</span><br />
<span class="irc-date">[21:30]</span> <span class="irc-navy">* mdiggory (~mdiggory@conference/code4lib/x-tmzmglobktjffhrg) Quit (Read error: Connection reset by peer)</span><br />
<span class="irc-date">[21:30]</span> <span class="irc-green">* mdiggory_ is now known as mdiggory</span><br />
<span class="irc-date">[22:34]</span> <span class="irc-navy">* stuartlewis (~stuartlew@gendiglt02.lbr.auckland.ac.nz) Quit (Quit: stuartlewis)</span><br />
<span class="irc-date">[22:59]</span> <span class="irc-navy">* mdiggory (~mdiggory@conference/code4lib/x-xyijcidojhlwhdvg) Quit (Quit: mdiggory)</span><br />
<span class="irc-date">[23:08]</span> <span class="irc-green">* mdiggory (~mdiggory@conference/code4lib/x-kxerpxszkybvxbyj) has joined #duraspace</span><br />
<span class="irc-date">[23:20]</span> <span class="irc-navy">* mdiggory (~mdiggory@conference/code4lib/x-kxerpxszkybvxbyj) Quit (Quit: mdiggory)</span><br />
<span class="irc-date">[23:24]</span> <span class="irc-green">* mdiggory (~mdiggory@conference/code4lib/x-fjgwzrrgeszwnjqx) has joined #duraspace</span><br />
