<span class="irc-date">[1:15]</span> <span class="irc-green">* StarCraft_II (~z@c114-77-207-21.rivrw3.nsw.optusnet.com.au) has joined #duraspace</span><br />
<span class="irc-date">[1:50]</span> <span class="irc-green">* StarCraft_II (~z@c114-77-207-21.rivrw3.nsw.optusnet.com.au) has left #duraspace</span><br />
<span class="irc-date">[2:32]</span> <span class="irc-green">* ThomasAJohnson (~tom@69-92-215-173.cpe.cableone.net) has joined #duraspace</span><br />
<span class="irc-date">[2:57]</span> <span class="irc-navy">* ThomasAJohnson (~tom@69-92-215-173.cpe.cableone.net) Quit (Ping timeout: 240 seconds)</span><br />
<span class="irc-date">[6:48]</span> <span class="irc-brown">-card.freenode.net- *** Looking up your hostname...</span><br />
<span class="irc-date">[6:48]</span> <span class="irc-brown">-card.freenode.net- *** Checking Ident</span><br />
<span class="irc-date">[6:48]</span> <span class="irc-brown">-card.freenode.net- *** Found your hostname</span><br />
<span class="irc-date">[6:48]</span> <span class="irc-brown">-card.freenode.net- *** No Ident response</span><br />
<span class="irc-date">[6:48]</span> <span class="irc-red">[frigg VERSION]</span><br />
<span class="irc-date">[6:48]</span> <span class="irc-green">* DuraLogBot (~PircBot@duraspace.org) has joined #duraspace</span><br />
<span class="irc-date">[6:48]</span> <span class="irc-green">* Topic is '[Welcome to DuraSpace - This channel is logged - <a href="http://irclogs.duraspace.org/]'">http://irclogs.duraspace.org/]'</a></span><br />
<span class="irc-date">[6:48]</span> <span class="irc-green">* Set by cwilper!ad579d86@gateway/web/freenode/ip.173.87.157.134 on Fri Oct 22 01:19:41 UTC 2010</span><br />
<span class="irc-date">[15:11]</span> <span class="irc-green">* ksclarke1 (~kevin@adsl-39-6-68.clt.bellsouth.net) has joined #duraspace</span><br />
<span class="irc-date">[15:13]</span> <span class="irc-navy">* ksclarke (~kevin@adsl-39-91-54.clt.bellsouth.net) Quit (Ping timeout: 272 seconds)</span><br />
<span class="irc-date">[15:19]</span> <span class="irc-green">* grahamtriggs (~grahamtri@cpc2-stev6-2-0-cust333.9-2.cable.virginmedia.com) has joined #duraspace</span><br />
<span class="irc-date">[23:19]</span> <span class="irc-navy">* ksclarke1 (~kevin@adsl-39-6-68.clt.bellsouth.net) Quit (Ping timeout: 255 seconds)</span><br />
<span class="irc-date">[23:50]</span> <span class="irc-brown">-card.freenode.net- *** Looking up your hostname...</span><br />
<span class="irc-date">[23:50]</span> <span class="irc-brown">-card.freenode.net- *** Checking Ident</span><br />
<span class="irc-date">[23:50]</span> <span class="irc-brown">-card.freenode.net- *** Found your hostname</span><br />
<span class="irc-date">[23:51]</span> <span class="irc-brown">-card.freenode.net- *** No Ident response</span><br />
<span class="irc-date">[23:51]</span> <span class="irc-red">[frigg VERSION]</span><br />
<span class="irc-date">[23:51]</span> <span class="irc-green">* DuraLogBot (~PircBot@duraspace.org) has joined #duraspace</span><br />
<span class="irc-date">[23:51]</span> <span class="irc-green">* Topic is '[Welcome to DuraSpace - This channel is logged - <a href="http://irclogs.duraspace.org/]'">http://irclogs.duraspace.org/]'</a></span><br />
<span class="irc-date">[23:51]</span> <span class="irc-green">* Set by cwilper!ad579d86@gateway/web/freenode/ip.173.87.157.134 on Fri Oct 22 01:19:41 UTC 2010</span><br />
