<span class="irc-date">[6:30]</span> <span class="irc-brown">-barjavel.freenode.net- *** Looking up your hostname...</span><br />
<span class="irc-date">[6:30]</span> <span class="irc-brown">-barjavel.freenode.net- *** Checking Ident</span><br />
<span class="irc-date">[6:30]</span> <span class="irc-brown">-barjavel.freenode.net- *** Found your hostname</span><br />
<span class="irc-date">[6:30]</span> <span class="irc-brown">-barjavel.freenode.net- *** No Ident response</span><br />
<span class="irc-date">[6:30]</span> <span class="irc-red">[frigg VERSION]</span><br />
<span class="irc-date">[6:30]</span> <span class="irc-green">* DuraLogBot (~PircBot@atlas.duraspace.org) has joined #duraspace</span><br />
<span class="irc-date">[6:30]</span> <span class="irc-green">* Topic is '[Welcome to DuraSpace - This channel is logged - <a href="http://irclogs.duraspace.org/]'">http://irclogs.duraspace.org/]'</a></span><br />
<span class="irc-date">[6:30]</span> <span class="irc-green">* Set by cwilper!ad579d86@gateway/web/freenode/ip.173.87.157.134 on Fri Oct 22 01:19:41 UTC 2010</span><br />
<span class="irc-date">[16:41]</span> <span class="irc-navy">* snail (~stuart@130.195.179.88) Quit (*.net *.split)</span><br />
<span class="irc-date">[16:43]</span> <span class="irc-green">* snail (~stuart@130.195.179.88) has joined #duraspace</span><br />
<span class="irc-date">[16:46]</span> <span class="irc-navy">* snail (~stuart@130.195.179.88) Quit (*.net *.split)</span><br />
<span class="irc-date">[16:47]</span> <span class="irc-green">* snail (~stuart@130.195.179.88) has joined #duraspace</span><br />
<span class="irc-date">[16:53]</span> <span class="irc-green">* ksclarke (~kevin@adsl-39-80-108.clt.bellsouth.net) has joined #duraspace</span><br />
<span class="irc-date">[22:19]</span> <span class="irc-navy">* ksclarke (~kevin@adsl-39-80-108.clt.bellsouth.net) Quit (Quit: Leaving.)</span><br />
<span class="irc-date">[22:24]</span> <span class="irc-green">* ksclarke (~kevin@adsl-39-80-108.clt.bellsouth.net) has joined #duraspace</span><br />
<span class="irc-date">[22:41]</span> <span class="irc-navy">* DuraLogBot (~PircBot@atlas.duraspace.org) Quit (Ping timeout: 240 seconds)</span><br />
<span class="irc-date">[22:41]</span> <span class="irc-navy">* Disconnected.</span><br />
<span class="irc-date">[22:41]</span> <span class="irc-brown">-brown.freenode.net- *** Looking up your hostname...</span><br />
<span class="irc-date">[22:41]</span> <span class="irc-brown">-brown.freenode.net- *** Checking Ident</span><br />
<span class="irc-date">[22:41]</span> <span class="irc-brown">-brown.freenode.net- *** Found your hostname</span><br />
<span class="irc-date">[22:41]</span> <span class="irc-brown">-brown.freenode.net- *** No Ident response</span><br />
