<span class="irc-date">[1:25]</span> <span class="irc-navy">* ksclarke (~kevin@adsl-235-49-191.clt.bellsouth.net) Quit (Quit: Leaving.)</span><br />
<span class="irc-date">[1:34]</span> <span class="irc-green">* ksclarke (~kevin@adsl-235-49-191.clt.bellsouth.net) has joined #duraspace</span><br />
<span class="irc-date">[1:58]</span> <span class="irc-navy">* ksclarke (~kevin@adsl-235-49-191.clt.bellsouth.net) Quit (Quit: Leaving.)</span><br />
<span class="irc-date">[2:01]</span> <span class="irc-green">* ksclarke (~kevin@adsl-235-49-191.clt.bellsouth.net) has joined #duraspace</span><br />
<span class="irc-date">[2:12]</span> <span class="irc-navy">* bradmc (~bradmc@207-172-69-79.c3-0.smr-ubr3.sbo-smr.ma.static.cable.rcn.com) Quit (Quit: bradmc)</span><br />
<span class="irc-date">[2:17]</span> <span class="irc-green">* bradmc (~bradmc@207-172-69-79.c3-0.smr-ubr3.sbo-smr.ma.static.cable.rcn.com) has joined #duraspace</span><br />
<span class="irc-date">[3:42]</span> <span class="irc-navy">* bradmc (~bradmc@207-172-69-79.c3-0.smr-ubr3.sbo-smr.ma.static.cable.rcn.com) Quit (Quit: bradmc)</span><br />
<span class="irc-date">[5:11]</span> <span class="irc-navy">* ksclarke (~kevin@adsl-235-49-191.clt.bellsouth.net) Quit (Quit: Leaving.)</span><br />
<span class="irc-date">[5:25]</span> <span class="irc-navy">* stuartlewis (~stuartlew@s-lewis.itss.auckland.ac.nz) Quit (Quit: stuartlewis)</span><br />
<span class="irc-date">[6:52]</span> <span class="irc-brown">-card.freenode.net- *** Looking up your hostname...</span><br />
<span class="irc-date">[6:52]</span> <span class="irc-brown">-card.freenode.net- *** Checking Ident</span><br />
<span class="irc-date">[6:52]</span> <span class="irc-brown">-card.freenode.net- *** Found your hostname</span><br />
<span class="irc-date">[6:52]</span> <span class="irc-brown">-card.freenode.net- *** No Ident response</span><br />
<span class="irc-date">[6:52]</span> <span class="irc-red">[frigg VERSION]</span><br />
<span class="irc-date">[6:52]</span> <span class="irc-green">* DuraLogBot (~PircBot@duraspace.org) has joined #duraspace</span><br />
<span class="irc-date">[6:52]</span> <span class="irc-green">* Topic is 'Welcome to DuraSpace - This channel is logged - <a href="http://duraspace.org/irclogs/'">http://duraspace.org/irclogs/'</a></span><br />
<span class="irc-date">[6:52]</span> <span class="irc-green">* Set by cwilper on Tue Jun 30 20:32:05 UTC 2009</span><br />
<span class="irc-date">[11:42]</span> <span class="irc-green">* bradmc (~bradmc@207-172-69-79.c3-0.smr-ubr3.sbo-smr.ma.static.cable.rcn.com) has joined #duraspace</span><br />
<span class="irc-date">[12:18]</span> <span class="irc-green">* mhwood (~mhwood@2001:18e8:3:171:218:8bff:fe2a:56a4) has joined #duraspace</span><br />
<span class="irc-date">[12:18]</span> <span class="irc-navy">* bradmc (~bradmc@207-172-69-79.c3-0.smr-ubr3.sbo-smr.ma.static.cable.rcn.com) Quit (Read error: Connection reset by peer)</span><br />
<span class="irc-date">[12:18]</span> <span class="irc-green">* bradmc (~bradmc@207-172-69-79.c3-0.smr-ubr3.sbo-smr.ma.static.cable.rcn.com) has joined #duraspace</span><br />
<span class="irc-date">[13:14]</span> <span class="irc-green">* ksclarke (~kevin@adsl-235-49-191.clt.bellsouth.net) has joined #duraspace</span><br />
<span class="irc-date">[13:35]</span> <span class="irc-green">* tdonohue (~tdonohue@c-98-228-50-55.hsd1.il.comcast.net) has joined #duraspace</span><br />
<span class="irc-date">[15:59]</span> <span class="irc-green">* alxp (~alxp@PC044.ROBLIB.UPEI.CA) has joined #duraspace</span><br />
<span class="irc-date">[19:48]</span> <span class="irc-navy">* alxp (~alxp@PC044.ROBLIB.UPEI.CA) Quit (Quit: alxp)</span><br />
<span class="irc-date">[20:11]</span> <span class="irc-navy">* mhwood (~mhwood@2001:18e8:3:171:218:8bff:fe2a:56a4) Quit (Remote host closed the connection)</span><br />
<span class="irc-date">[20:50]</span> <span class="irc-navy">* bradmc (~bradmc@207-172-69-79.c3-0.smr-ubr3.sbo-smr.ma.static.cable.rcn.com) Quit (Quit: bradmc)</span><br />
<span class="irc-date">[21:12]</span> <span class="irc-green">* tdonohue (~tdonohue@c-98-228-50-55.hsd1.il.comcast.net) has left #duraspace</span><br />
<span class="irc-date">[22:57]</span> <span class="irc-green">* bradmc (~bradmc@207-172-69-79.c3-0.smr-ubr3.sbo-smr.ma.static.cable.rcn.com) has joined #duraspace</span><br />
<span class="irc-date">[23:02]</span> <span class="irc-navy">* bradmc (~bradmc@207-172-69-79.c3-0.smr-ubr3.sbo-smr.ma.static.cable.rcn.com) Quit (Ping timeout: 252 seconds)</span><br />
<span class="irc-date">[23:02]</span> <span class="irc-green">* bradmc (~bradmc@m515e36d0.tmodns.net) has joined #duraspace</span><br />
<span class="irc-date">[23:04]</span> <span class="irc-navy">* bradmc (~bradmc@m515e36d0.tmodns.net) Quit (Client Quit)</span><br />
<span class="irc-date">[23:28]</span> <span class="irc-green">* bradmc (~bradmc@m115e36d0.tmodns.net) has joined #duraspace</span><br />
<span class="irc-date">[23:32]</span> <span class="irc-navy">* bradmc (~bradmc@m115e36d0.tmodns.net) Quit (Read error: Connection reset by peer)</span><br />
