<span class="irc-date">[0:05]</span> <span class="irc-navy">* ksclarke (~kevin@96-36-112-165.static.hckr.nc.charter.com) Quit (Quit: Leaving.)</span><br />
<span class="irc-date">[2:46]</span> <span class="irc-green">* ksclarke (~kevin@adsl-235-136-109.clt.bellsouth.net) has joined #duraspace</span><br />
<span class="irc-date">[5:09]</span> <span class="irc-navy">* ksclarke (~kevin@adsl-235-136-109.clt.bellsouth.net) Quit (Quit: Leaving.)</span><br />
<span class="irc-date">[6:30]</span> <span class="irc-brown">-barjavel.freenode.net- *** Looking up your hostname...</span><br />
<span class="irc-date">[6:30]</span> <span class="irc-brown">-barjavel.freenode.net- *** Checking Ident</span><br />
<span class="irc-date">[6:30]</span> <span class="irc-brown">-barjavel.freenode.net- *** Found your hostname</span><br />
<span class="irc-date">[6:30]</span> <span class="irc-brown">-barjavel.freenode.net- *** No Ident response</span><br />
<span class="irc-date">[6:30]</span> <span class="irc-green">* DuraLogBot (~PircBot@atlas.duraspace.org) has joined #duraspace</span><br />
<span class="irc-date">[6:30]</span> <span class="irc-green">* Topic is '[Welcome to DuraSpace - This channel is logged - <a href="http://irclogs.duraspace.org/]'">http://irclogs.duraspace.org/]'</a></span><br />
<span class="irc-date">[6:30]</span> <span class="irc-green">* Set by cwilper!ad579d86@gateway/web/freenode/ip.173.87.157.134 on Fri Oct 22 01:19:41 UTC 2010</span><br />
<span class="irc-date">[7:01]</span> <span class="irc-green">* Tonny_DK (~thl@130.226.36.117) has joined #duraspace</span><br />
<span class="irc-date">[12:42]</span> <span class="irc-green">* bradmc (~bradmc@207-172-69-79.c3-0.smr-ubr3.sbo-smr.ma.static.cable.rcn.com) has joined #duraspace</span><br />
<span class="irc-date">[14:01]</span> <span class="irc-green">* ksclarke (~kevin@adsl-235-136-109.clt.bellsouth.net) has joined #duraspace</span><br />
<span class="irc-date">[14:08]</span> <span class="irc-green">* alxp (~alxp@PC044.ROBLIB.UPEI.CA) has joined #duraspace</span><br />
<span class="irc-date">[14:26]</span> <span class="irc-green">* tdonohue (~tdonohue@c-98-228-50-45.hsd1.il.comcast.net) has joined #duraspace</span><br />
<span class="irc-date">[14:40]</span> <span class="irc-navy">* tdonohue (~tdonohue@c-98-228-50-45.hsd1.il.comcast.net) Quit (Quit: Heading out...talk to you later.)</span><br />
<span class="irc-date">[14:40]</span> <span class="irc-green">* tdonohue (~tdonohue@c-98-228-50-45.hsd1.il.comcast.net) has joined #duraspace</span><br />
<span class="irc-date">[14:42]</span> <span class="irc-green">* granitize (~Adium@137.149.66.159) has joined #duraspace</span><br />
<span class="irc-date">[15:11]</span> <span class="irc-navy">* Tonny_DK (~thl@130.226.36.117) Quit (Quit: Leaving.)</span><br />
<span class="irc-date">[15:14]</span> <span class="irc-green">* Tonny_DK (~thl@130.226.36.117) has joined #duraspace</span><br />
<span class="irc-date">[15:41]</span> <span class="irc-navy">* Tonny_DK (~thl@130.226.36.117) Quit (Quit: Leaving.)</span><br />
<span class="irc-date">[16:45]</span> <span class="irc-green">* tdonohue (~tdonohue@c-98-228-50-45.hsd1.il.comcast.net) has left #duraspace</span><br />
<span class="irc-date">[16:48]</span> <span class="irc-green">* tdonohue (~tdonohue@c-98-228-50-45.hsd1.il.comcast.net) has joined #duraspace</span><br />
<span class="irc-date">[19:49]</span> <span class="irc-green">* stuartlewis (~stuartlew@gendiglt02.lbr.auckland.ac.nz) has joined #duraspace</span><br />
<span class="irc-date">[20:39]</span> <span class="irc-navy">* alxp (~alxp@PC044.ROBLIB.UPEI.CA) Quit (Quit: alxp)</span><br />
<span class="irc-date">[23:07]</span> <span class="irc-green">* tdonohue (~tdonohue@c-98-228-50-45.hsd1.il.comcast.net) has left #duraspace</span><br />
<span class="irc-date">[23:24]</span> <span class="irc-navy">* stuartlewis (~stuartlew@gendiglt02.lbr.auckland.ac.nz) Quit (Quit: stuartlewis)</span><br />
