<span class="irc-date">[6:05]</span> <span class="irc-navy">* mdiggory (~mdiggory@ip72-199-216-7.sd.sd.cox.net) Quit (Quit: mdiggory)</span><br />
<span class="irc-date">[6:35]</span> <span class="irc-brown">-kornbluth.freenode.net- *** Looking up your hostname...</span><br />
<span class="irc-date">[6:35]</span> <span class="irc-brown">-kornbluth.freenode.net- *** Checking Ident</span><br />
<span class="irc-date">[6:35]</span> <span class="irc-brown">-kornbluth.freenode.net- *** Found your hostname</span><br />
<span class="irc-date">[6:35]</span> <span class="irc-brown">-kornbluth.freenode.net- *** No Ident response</span><br />
<span class="irc-date">[6:35]</span> <span class="irc-green">* DuraLogBot (~PircBot@atlas.duraspace.org) has joined #duraspace</span><br />
<span class="irc-date">[6:35]</span> <span class="irc-green">* Topic is '[Welcome to DuraSpace - This channel is logged - <a href="http://irclogs.duraspace.org/]'">http://irclogs.duraspace.org/]'</a></span><br />
<span class="irc-date">[6:35]</span> <span class="irc-green">* Set by cwilper!ad579d86@gateway/web/freenode/ip.173.87.157.134 on Fri Oct 22 01:19:41 UTC 2010</span><br />
<span class="irc-date">[13:38]</span> <span class="irc-brown">-Martinp23- [Global Notice] Hi everyone. It's time for further ircd upgrades to take place (see blog.freenode.net for details). The servers affected today are pratchett, calvino, leguin and niven. One of our US hubs will also be restarted, so there will be a very large netsplit. Please fasten your seatbelts. I'll send messages directly to affected users and will let you know when it's all done. Thanks!</span><br />
<span class="irc-date">[13:46]</span> <span class="irc-navy">* kompewter (~kompewter@peterdietz.lib.ohio-state.edu) Quit (*.net *.split)</span><br />
<span class="irc-date">[13:46]</span> <span class="irc-navy">* kshepherd (kim@ec2-174-129-179-33.compute-1.amazonaws.com) Quit (*.net *.split)</span><br />
<span class="irc-date">[13:47]</span> <span class="irc-navy">* scottatm (~scottatm@voyager108.evans.tamu.edu) Quit (*.net *.split)</span><br />
<span class="irc-date">[13:47]</span> <span class="irc-navy">* GargantuaSauce (~Gargantua@142.176.125.39) Quit (*.net *.split)</span><br />
<span class="irc-date">[13:47]</span> <span class="irc-navy">* ChanServ (ChanServ@services.) Quit (*.net *.split)</span><br />
<span class="irc-date">[13:47]</span> <span class="irc-navy">* cbeer (~cbeer@198.147.175.203) Quit (*.net *.split)</span><br />
<span class="irc-date">[13:47]</span> <span class="irc-navy">* ablemann (~alexleman@lemanal.new.xen.prgmr.com) Quit (*.net *.split)</span><br />
<span class="irc-date">[13:47]</span> <span class="irc-green">* kompewter (~kompewter@peterdietz.lib.ohio-state.edu) has joined #duraspace</span><br />
<span class="irc-date">[13:52]</span> <span class="irc-green">* cbeer (~cbeer@198.147.175.203) has joined #duraspace</span><br />
<span class="irc-date">[13:52]</span> <span class="irc-green">* scottatm (~scottatm@voyager108.evans.tamu.edu) has joined #duraspace</span><br />
<span class="irc-date">[13:53]</span> <span class="irc-green">* kshepherd (kim@ec2-174-129-179-33.compute-1.amazonaws.com) has joined #duraspace</span><br />
<span class="irc-date">[13:53]</span> <span class="irc-green">* ablemann (~alexleman@lemanal.new.xen.prgmr.com) has joined #duraspace</span><br />
<span class="irc-date">[13:53]</span> <span class="irc-green">* GargantuaSauce (~Gargantua@142.176.125.39) has joined #duraspace</span><br />
<span class="irc-date">[14:02]</span> <span class="irc-green">* ChanServ (ChanServ@services.) has joined #duraspace</span><br />
<span class="irc-date">[14:09]</span> <span class="irc-brown">-Martinp23- [Global Notice] Wheeeeee. The main part of this week's upgrades is done. Thanks for your patience and I hope you enjoyed the ride... Our last round of ircd upgrades is next week, so don't miss the fun :)</span><br />
<span class="irc-date">[17:17]</span> <span class="irc-green">* mdiggory (~mdiggory@ip72-199-216-7.sd.sd.cox.net) has joined #duraspace</span><br />
<span class="irc-date">[19:48]</span> <span class="irc-navy">* mdiggory (~mdiggory@ip72-199-216-7.sd.sd.cox.net) Quit (Quit: mdiggory)</span><br />
<span class="irc-date">[19:49]</span> <span class="irc-green">* mdiggory (~mdiggory@ip72-199-216-7.sd.sd.cox.net) has joined #duraspace</span><br />
<span class="irc-date">[23:19]</span> <span class="irc-navy">* mdiggory (~mdiggory@ip72-199-216-7.sd.sd.cox.net) Quit (Quit: mdiggory)</span><br />
