<span class="irc-date">[6:27]</span> <span class="irc-brown">-zelazny.freenode.net- *** Looking up your hostname...</span><br />
<span class="irc-date">[6:27]</span> <span class="irc-brown">-zelazny.freenode.net- *** Checking Ident</span><br />
<span class="irc-date">[6:27]</span> <span class="irc-brown">-zelazny.freenode.net- *** Found your hostname</span><br />
<span class="irc-date">[6:27]</span> <span class="irc-brown">-zelazny.freenode.net- *** No Ident response</span><br />
<span class="irc-date">[6:27]</span> <span class="irc-green">* DuraLogBot (~PircBot@atlas.duraspace.org) has joined #duraspace</span><br />
<span class="irc-date">[6:27]</span> <span class="irc-green">* Topic is '[Welcome to DuraSpace - This channel is logged - <a href="http://irclogs.duraspace.org/]'">http://irclogs.duraspace.org/]'</a></span><br />
<span class="irc-date">[6:27]</span> <span class="irc-green">* Set by cwilper!ad579d86@gateway/web/freenode/ip.173.87.157.134 on Fri Oct 22 01:19:41 UTC 2010</span><br />
<span class="irc-date">[11:44]</span> <span class="irc-green">* grahamtriggs (~Graham@host213-123-239-134.in-addr.btopenworld.com) has joined #duraspace</span><br />
<span class="irc-date">[12:11]</span> <span class="irc-green">* mhwood (~mhwood@2001:18e8:3:10ab:7a2b:cbff:feb4:89a9) has joined #duraspace</span><br />
<span class="irc-date">[13:29]</span> <span class="irc-green">* tdonohue (~tdonohue@c-98-228-58-145.hsd1.il.comcast.net) has joined #duraspace</span><br />
<span class="irc-date">[14:57]</span> <span class="irc-green">* sbayliss (bcde58ad@gateway/web/freenode/ip.188.222.88.173) has joined #duraspace</span><br />
<span class="irc-date">[15:00]</span> <span class="irc-green">* cwilper (ad579fce@gateway/web/freenode/ip.173.87.159.206) has joined #duraspace</span><br />
<span class="irc-date">[15:00]</span> <span class="irc-black">&lt;cwilper&gt; Starting <a href="https://wiki.duraspace.org/display/FCREPO/2011-11-01+-+Fedora+Committer+Meeting">https://wiki.duraspace.org/display/FCREPO/2011-11-01+-+Fedora+Committer+Meeting</a></span><br />
<span class="irc-date">[15:03]</span> <span class="irc-green">* barmintor (barmintor@specdl11.cul.columbia.edu) has joined #duraspace</span><br />
<span class="irc-date">[15:03]</span> <span class="irc-navy">* bradmc (~bradmc@207-172-69-79.c3-0.smr-ubr3.sbo-smr.ma.static.cable.rcn.com) Quit (Read error: Connection reset by peer)</span><br />
<span class="irc-date">[15:04]</span> <span class="irc-green">* bradmc (~bradmc@207-172-69-79.c3-0.smr-ubr3.sbo-smr.ma.static.cable.rcn.com) has joined #duraspace</span><br />
<span class="irc-date">[15:07]</span> <span class="irc-green">* EdAtTheAlliance (811398fe@gateway/web/freenode/ip.129.19.152.254) has joined #duraspace</span><br />
<span class="irc-date">[15:09]</span> <span class="irc-black">&lt;sbayliss&gt; Steve starts taking notes...</span><br />
<span class="irc-date">[15:09]</span> <span class="irc-black">&lt;sbayliss&gt; Actions from last week:</span><br />
<span class="irc-date">[15:09]</span> <span class="irc-black">&lt;sbayliss&gt; * update release availability</span><br />
<span class="irc-date">[15:10]</span> <span class="irc-black">&lt;sbayliss&gt; * have a go with YourKit</span><br />
<span class="irc-date">[15:12]</span> <span class="irc-black">&lt;sbayliss&gt; Release availability page is showing "days" but people are recording hours.  Just updated the page to say "hours"</span><br />
<span class="irc-date">[15:12]</span> <span class="irc-black">&lt;sbayliss&gt; Chris reports CloudSync 1.0 is out</span><br />
<span class="irc-date">[15:12]</span> <span class="irc-black">&lt;sbayliss&gt; Chris will go through some YourKit findings later</span><br />
<span class="irc-date">[15:13]</span> <span class="irc-black">&lt;sbayliss&gt; Reviewing recently submitted issues...</span><br />
<span class="irc-date">[15:13]</span> <span class="irc-black">&lt;sbayliss&gt; FCREPO-1023</span><br />
<span class="irc-date">[15:14]</span> <span class="irc-black">&lt;sbayliss&gt; No W3C SPARQL Query Results XML format</span><br />
<span class="irc-date">[15:15]</span> <span class="irc-black">&lt;sbayliss&gt; Would be good to find out what the specific differences are</span><br />
<span class="irc-date">[15:15]</span> <span class="irc-black">&lt;sbayliss&gt; Commented askiing for more info</span><br />
<span class="irc-date">[15:15]</span> <span class="irc-black">&lt;barmintor&gt; &lt;sparql xmlns="<a href="http://www.w3.org/2001/sw/DataAccess/rf1/result"&gt;">http://www.w3.org/2001/sw/DataAccess/rf1/result"&gt;</a></span><br />
<span class="irc-date">[15:16]</span> <span class="irc-black">&lt;sbayliss&gt; FCREPO-1022 Deprecate Messaging client</span><br />
<span class="irc-date">[15:16]</span> <span class="irc-black">&lt;barmintor&gt; w3c root: &lt;sparql xmlns="<a href="http://www.w3.org/2005/sparql-results#"&gt;">http://www.w3.org/2005/sparql-results#"&gt;</a></span><br />
<span class="irc-date">[15:16]</span> <span class="irc-black">&lt;barmintor&gt; this may be a Mulgara issue; I think we just pipe those results back (I'd have to check)</span><br />
<span class="irc-date">[15:17]</span> <span class="irc-black">&lt;sbayliss&gt; and FCREPO-1021 Split Java REST client into two artefacts (related)</span><br />
<span class="irc-date">[15:18]</span> <span class="irc-black">&lt;sbayliss&gt; Both opened, assigned to 3.6</span><br />
<span class="irc-date">[15:19]</span> <span class="irc-black">&lt;sbayliss&gt; Eddie to add Steve to Github repo (ID: penthes)</span><br />
<span class="irc-date">[15:20]</span> <span class="irc-black">&lt;sbayliss&gt; FCREPO-1004 Fedora object generator</span><br />
<span class="irc-date">[15:21]</span> <span class="irc-black">&lt;sbayliss&gt; - opened; Frank is doing some work on this</span><br />
<span class="irc-date">[15:21]</span> <span class="irc-black">&lt;sbayliss&gt; FCREPO-1003 - discussed on a previous call, opened</span><br />
<span class="irc-date">[15:21]</span> <span class="irc-navy">* EdAtTheAlliance (811398fe@gateway/web/freenode/ip.129.19.152.254) Quit (Ping timeout: 265 seconds)</span><br />
<span class="irc-date">[15:22]</span> <span class="irc-black">&lt;sbayliss&gt; FCREPO-998 - RI Module fails to start if log level is set to DEBUG</span><br />
<span class="irc-date">[15:22]</span> <span class="irc-black">&lt;sbayliss&gt; priority -&gt; major</span><br />
<span class="irc-date">[15:22]</span> <span class="irc-black">&lt;sbayliss&gt; -&gt; 3.6</span><br />
<span class="irc-date">[15:23]</span> <span class="irc-black">&lt;sbayliss&gt; -&gt; open</span><br />
<span class="irc-date">[15:23]</span> <span class="irc-black">&lt;sbayliss&gt; FCREPO-997 - external datastreams: external service MIME type is passed through (not the one defined in the datastream)</span><br />
<span class="irc-date">[15:23]</span> <span class="irc-black">&lt;sbayliss&gt; Discussing if this is the right way or not...</span><br />
<span class="irc-date">[15:24]</span> <span class="irc-black">&lt;sbayliss&gt; Do we want Fedora to override external service mime-type?</span><br />
<span class="irc-date">[15:27]</span> <span class="irc-black">&lt;sbayliss&gt; Reasonable approach seems to be that if MIMEType is not defined in Fedora, then use external service MIMEType.  If it is specified then use it.</span><br />
<span class="irc-date">[15:28]</span> <span class="irc-black">&lt;sbayliss&gt; Ben - it's really a feature request, not a bug</span><br />
<span class="irc-date">[15:29]</span> <span class="irc-black">&lt;sbayliss&gt; Current behaviour is probably not well documented</span><br />
<span class="irc-date">[15:30]</span> <span class="irc-black">&lt;sbayliss&gt; Issue Types:  Feature is now Story</span><br />
<span class="irc-date">[15:31]</span> <span class="irc-black">&lt;sbayliss&gt; (non-committers may not be aware of this)</span><br />
<span class="irc-date">[15:42]</span> <span class="irc-black">&lt;sbayliss&gt; Would be good to have a custom form so folks get informed</span><br />
<span class="irc-date">[15:42]</span> <span class="irc-black">&lt;sbayliss&gt; Chris will look into this</span><br />
<span class="irc-date">[15:46]</span> <span class="irc-black">&lt;sbayliss&gt; Chris reporting on YourKit</span><br />
<span class="irc-date">[15:47]</span> <span class="irc-black">&lt;sbayliss&gt; Looked at call timings</span><br />
<span class="irc-date">[15:47]</span> <span class="irc-black">&lt;sbayliss&gt; fairly easy to do</span><br />
<span class="irc-date">[15:47]</span> <span class="irc-black">&lt;sbayliss&gt; tested ingesting demo objects</span><br />
<span class="irc-date">[15:48]</span> <span class="irc-black">&lt;sbayliss&gt; example: Schematron validation 95ms in an ingest of 186ms - ie half the ingest time</span><br />
<span class="irc-date">[15:49]</span> <span class="irc-black">&lt;sbayliss&gt; possibly stylesheets compiled every ingest</span><br />
<span class="irc-date">[15:50]</span> <span class="irc-green">* EdAtTheAlliance (811398fe@gateway/web/freenode/ip.129.19.152.254) has joined #duraspace</span><br />
<span class="irc-date">[15:51]</span> <span class="irc-black">&lt;sbayliss&gt; YourKit pretty impressive, Chris found this relatively quickly</span><br />
<span class="irc-date">[15:52]</span> <span class="irc-black">&lt;sbayliss&gt; An issue could be raised for this</span><br />
<span class="irc-date">[15:52]</span> <span class="irc-black">&lt;sbayliss&gt; Q: is this a story?</span><br />
<span class="irc-date">[15:53]</span> <span class="irc-black">&lt;sbayliss&gt; probably it can be written as one</span><br />
<span class="irc-date">[15:57]</span> <span class="irc-black">&lt;sbayliss&gt; eg Epic could be about improving ingest time, Story could be about improving schematron validation performance</span><br />
<span class="irc-date">[15:59]</span> <span class="irc-black">&lt;sbayliss&gt; Chris will create a story for this</span><br />
<span class="irc-date">[16:02]</span> <span class="irc-black">&lt;sbayliss&gt; One for the future: discuss validation, plugabble, disabling, etc</span><br />
<span class="irc-date">[16:03]</span> <span class="irc-black">&lt;sbayliss&gt; Meeting concluded</span><br />
<span class="irc-date">[16:03]</span> <span class="irc-black">&lt;barmintor&gt; thanks for note-taking, sbayliss!</span><br />
<span class="irc-date">[16:03]</span> <span class="irc-black">&lt;sbayliss&gt; You're welcome!  Made me pay attention</span><br />
<span class="irc-date">[16:03]</span> <span class="irc-green">* sbayliss (bcde58ad@gateway/web/freenode/ip.188.222.88.173) has left #duraspace</span><br />
<span class="irc-date">[16:06]</span> <span class="irc-green">* barmintor (barmintor@specdl11.cul.columbia.edu) has left #duraspace</span><br />
<span class="irc-date">[17:01]</span> <span class="irc-green">* bradmc__ (~bradmc@207-172-69-79.c3-0.smr-ubr3.sbo-smr.ma.static.cable.rcn.com) has joined #duraspace</span><br />
<span class="irc-date">[17:01]</span> <span class="irc-navy">* bradmc (~bradmc@207-172-69-79.c3-0.smr-ubr3.sbo-smr.ma.static.cable.rcn.com) Quit (Read error: Connection reset by peer)</span><br />
<span class="irc-date">[17:01]</span> <span class="irc-green">* bradmc__ is now known as bradmc</span><br />
<span class="irc-date">[17:17]</span> <span class="irc-navy">* cwilper (ad579fce@gateway/web/freenode/ip.173.87.159.206) Quit (Quit: Page closed)</span><br />
<span class="irc-date">[17:18]</span> <span class="irc-green">* grahamtriggs (~Graham@host213-123-239-134.in-addr.btopenworld.com) has left #duraspace</span><br />
<span class="irc-date">[19:02]</span> <span class="irc-navy">* EdAtTheAlliance (811398fe@gateway/web/freenode/ip.129.19.152.254) Quit (Quit: Page closed)</span><br />
<span class="irc-date">[20:45]</span> <span class="irc-navy">* cbeer (~cbeer@198.147.175.203) Quit (Quit: cbeer)</span><br />
<span class="irc-date">[20:55]</span> <span class="irc-navy">* mhwood (~mhwood@2001:18e8:3:10ab:7a2b:cbff:feb4:89a9) Quit (Ping timeout: 240 seconds)</span><br />
<span class="irc-date">[22:08]</span> <span class="irc-navy">* tdonohue (~tdonohue@c-98-228-58-145.hsd1.il.comcast.net) Quit (Read error: Connection reset by peer)</span><br />
<span class="irc-date">[22:54]</span> <span class="irc-navy">* bradmc (~bradmc@207-172-69-79.c3-0.smr-ubr3.sbo-smr.ma.static.cable.rcn.com) Quit (Read error: Connection reset by peer)</span><br />
<span class="irc-date">[22:55]</span> <span class="irc-green">* bradmc (~bradmc@207-172-69-79.c3-0.smr-ubr3.sbo-smr.ma.static.cable.rcn.com) has joined #duraspace</span><br />
