<span class="irc-date">[0:08]</span> <span class="irc-green">* stuartlewis_ (~stuartlew@gendiglt02.lbr.auckland.ac.nz) has joined #duraspace</span><br />
<span class="irc-date">[0:10]</span> <span class="irc-navy">* stuartlewis (~stuartlew@gendiglt02.lbr.auckland.ac.nz) Quit (Ping timeout: 240 seconds)</span><br />
<span class="irc-date">[0:10]</span> <span class="irc-green">* stuartlewis_ is now known as stuartlewis</span><br />
<span class="irc-date">[0:42]</span> <span class="irc-green">* stuartlewis_ (~stuartlew@gendiglt02.lbr.auckland.ac.nz) has joined #duraspace</span><br />
<span class="irc-date">[0:44]</span> <span class="irc-navy">* stuartlewis (~stuartlew@gendiglt02.lbr.auckland.ac.nz) Quit (Ping timeout: 240 seconds)</span><br />
<span class="irc-date">[0:44]</span> <span class="irc-green">* stuartlewis_ is now known as stuartlewis</span><br />
<span class="irc-date">[0:47]</span> <span class="irc-green">* mdiggory (~mdiggory@ip72-199-216-7.sd.sd.cox.net) has joined #duraspace</span><br />
<span class="irc-date">[1:14]</span> <span class="irc-green">* stuartlewis_ (~stuartlew@gendiglt02.lbr.auckland.ac.nz) has joined #duraspace</span><br />
<span class="irc-date">[1:17]</span> <span class="irc-navy">* stuartlewis (~stuartlew@gendiglt02.lbr.auckland.ac.nz) Quit (Ping timeout: 276 seconds)</span><br />
<span class="irc-date">[1:17]</span> <span class="irc-green">* stuartlewis_ is now known as stuartlewis</span><br />
<span class="irc-date">[2:21]</span> <span class="irc-navy">* mdiggory (~mdiggory@ip72-199-216-7.sd.sd.cox.net) Quit (Ping timeout: 260 seconds)</span><br />
<span class="irc-date">[2:58]</span> <span class="irc-green">* stuartlewis_ (~stuartlew@gendiglt02.lbr.auckland.ac.nz) has joined #duraspace</span><br />
<span class="irc-date">[3:01]</span> <span class="irc-navy">* stuartlewis (~stuartlew@gendiglt02.lbr.auckland.ac.nz) Quit (Ping timeout: 276 seconds)</span><br />
<span class="irc-date">[3:01]</span> <span class="irc-green">* stuartlewis_ is now known as stuartlewis</span><br />
<span class="irc-date">[3:20]</span> <span class="irc-green">* stuartlewis_ (~stuartlew@gendiglt02.lbr.auckland.ac.nz) has joined #duraspace</span><br />
<span class="irc-date">[3:22]</span> <span class="irc-navy">* stuartlewis (~stuartlew@gendiglt02.lbr.auckland.ac.nz) Quit (Ping timeout: 240 seconds)</span><br />
<span class="irc-date">[3:22]</span> <span class="irc-green">* stuartlewis_ is now known as stuartlewis</span><br />
<span class="irc-date">[3:30]</span> <span class="irc-green">* stuartlewis_ (~stuartlew@gendiglt02.lbr.auckland.ac.nz) has joined #duraspace</span><br />
<span class="irc-date">[3:33]</span> <span class="irc-navy">* stuartlewis (~stuartlew@gendiglt02.lbr.auckland.ac.nz) Quit (Ping timeout: 276 seconds)</span><br />
<span class="irc-date">[3:33]</span> <span class="irc-green">* stuartlewis_ is now known as stuartlewis</span><br />
<span class="irc-date">[3:40]</span> <span class="irc-green">* stuartlewis_ (~stuartlew@gendiglt02.lbr.auckland.ac.nz) has joined #duraspace</span><br />
<span class="irc-date">[3:42]</span> <span class="irc-navy">* stuartlewis (~stuartlew@gendiglt02.lbr.auckland.ac.nz) Quit (Ping timeout: 240 seconds)</span><br />
<span class="irc-date">[3:43]</span> <span class="irc-green">* stuartlewis (~stuartlew@gendiglt02.lbr.auckland.ac.nz) has joined #duraspace</span><br />
<span class="irc-date">[3:43]</span> <span class="irc-navy">* stuartlewis (~stuartlew@gendiglt02.lbr.auckland.ac.nz) Quit (Client Quit)</span><br />
<span class="irc-date">[3:45]</span> <span class="irc-navy">* stuartlewis_ (~stuartlew@gendiglt02.lbr.auckland.ac.nz) Quit (Ping timeout: 260 seconds)</span><br />
<span class="irc-date">[5:10]</span> <span class="irc-green">* grahamtriggs1 (~Graham@cpc2-stev6-2-0-cust333.9-2.cable.virginmedia.com) has joined #duraspace</span><br />
<span class="irc-date">[5:52]</span> <span class="irc-navy">* grahamtriggs1 (~Graham@cpc2-stev6-2-0-cust333.9-2.cable.virginmedia.com) Quit (Read error: Connection reset by peer)</span><br />
<span class="irc-date">[6:53]</span> <span class="irc-brown">-holmes.freenode.net- *** Looking up your hostname...</span><br />
<span class="irc-date">[6:53]</span> <span class="irc-brown">-holmes.freenode.net- *** Checking Ident</span><br />
<span class="irc-date">[6:53]</span> <span class="irc-brown">-holmes.freenode.net- *** Found your hostname</span><br />
<span class="irc-date">[6:53]</span> <span class="irc-brown">-holmes.freenode.net- *** No Ident response</span><br />
<span class="irc-date">[6:53]</span> <span class="irc-green">* DuraLogBot (~PircBot@atlas.duraspace.org) has joined #duraspace</span><br />
<span class="irc-date">[6:53]</span> <span class="irc-green">* Topic is '[Welcome to DuraSpace - This channel is logged - <a href="http://irclogs.duraspace.org/]'">http://irclogs.duraspace.org/]'</a></span><br />
<span class="irc-date">[6:53]</span> <span class="irc-green">* Set by cwilper!ad579d86@gateway/web/freenode/ip.173.87.157.134 on Fri Oct 22 01:19:41 UTC 2010</span><br />
<span class="irc-date">[8:20]</span> <span class="irc-green">* grahamtriggs (~trig01@62.189.56.2) has joined #duraspace</span><br />
<span class="irc-date">[8:40]</span> <span class="irc-navy">* grahamtriggs (~trig01@62.189.56.2) Quit (Read error: Connection reset by peer)</span><br />
<span class="irc-date">[9:05]</span> <span class="irc-green">* grahamtriggs (~trig01@62.189.56.2) has joined #duraspace</span><br />
<span class="irc-date">[11:36]</span> <span class="irc-green">* bradmc (~bradmc@c1fw226.constantcontact.com) has joined #duraspace</span><br />
<span class="irc-date">[11:56]</span> <span class="irc-green">* mhwood (~mhwood@2001:18e8:3:171:218:8bff:fe2a:56a4) has joined #duraspace</span><br />
<span class="irc-date">[12:05]</span> <span class="irc-navy">* bradmc (~bradmc@c1fw226.constantcontact.com) Quit (Quit: bradmc)</span><br />
<span class="irc-date">[13:03]</span> <span class="irc-green">* tdonohue (~tdonohue@c-98-228-50-45.hsd1.il.comcast.net) has joined #duraspace</span><br />
<span class="irc-date">[13:21]</span> <span class="irc-green">* vibhaj (3ba115ae@gateway/web/freenode/ip.59.161.21.174) has joined #duraspace</span><br />
<span class="irc-date">[13:23]</span> <span class="irc-green">* vibhaj (3ba115ae@gateway/web/freenode/ip.59.161.21.174) has left #duraspace</span><br />
<span class="irc-date">[13:53]</span> <span class="irc-navy">* tdonohue (~tdonohue@c-98-228-50-45.hsd1.il.comcast.net) Quit (Quit: Heading out...talk to you later.)</span><br />
<span class="irc-date">[13:54]</span> <span class="irc-green">* tdonohue (~tdonohue@c-98-228-50-45.hsd1.il.comcast.net) has joined #duraspace</span><br />
<span class="irc-date">[14:15]</span> <span class="irc-green">* barmintor (barmintor@specdl11.cul.columbia.edu) has joined #duraspace</span><br />
<span class="irc-date">[14:29]</span> <span class="irc-green">* sandsfish (~sandsfish@18.111.25.122) has joined #duraspace</span><br />
<span class="irc-date">[14:49]</span> <span class="irc-green">* JRhoads (~jrhoads@160.10.15.22) has joined #duraspace</span><br />
<span class="irc-date">[15:04]</span> <span class="irc-green">* tjohnson (~tjohnson@JohnsoTh-APiM24.library.oregonstate.edu) has joined #duraspace</span><br />
<span class="irc-date">[16:21]</span> <span class="irc-green">* grahamtriggs (~trig01@62.189.56.2) has left #duraspace</span><br />
<span class="irc-date">[16:39]</span> <span class="irc-green">* vibhaj (73769b33@gateway/web/freenode/ip.115.118.155.51) has joined #duraspace</span><br />
<span class="irc-date">[16:45]</span> <span class="irc-green">* bradmc (~bradmc@207-172-69-79.c3-0.smr-ubr3.sbo-smr.ma.static.cable.rcn.com) has joined #duraspace</span><br />
<span class="irc-date">[16:50]</span> <span class="irc-navy">* vibhaj (73769b33@gateway/web/freenode/ip.115.118.155.51) Quit (Ping timeout: 252 seconds)</span><br />
<span class="irc-date">[18:50]</span> <span class="irc-green">* vibhaj (73769ff2@gateway/web/freenode/ip.115.118.159.242) has joined #duraspace</span><br />
<span class="irc-date">[19:42]</span> <span class="irc-navy">* vibhaj (73769ff2@gateway/web/freenode/ip.115.118.159.242) Quit (Ping timeout: 252 seconds)</span><br />
<span class="irc-date">[20:02]</span> <span class="irc-green">* vibhaj (79f58552@gateway/web/freenode/ip.121.245.133.82) has joined #duraspace</span><br />
<span class="irc-date">[20:09]</span> <span class="irc-green">* vibhaj (79f58552@gateway/web/freenode/ip.121.245.133.82) has left #duraspace</span><br />
<span class="irc-date">[20:09]</span> <span class="irc-green">* vibhaj (79f58552@gateway/web/freenode/ip.121.245.133.82) has joined #duraspace</span><br />
<span class="irc-date">[20:14]</span> <span class="irc-green">* vibhaj (79f58552@gateway/web/freenode/ip.121.245.133.82) has left #duraspace</span><br />
<span class="irc-date">[20:59]</span> <span class="irc-navy">* bradmc (~bradmc@207-172-69-79.c3-0.smr-ubr3.sbo-smr.ma.static.cable.rcn.com) Quit (Read error: Connection reset by peer)</span><br />
<span class="irc-date">[20:59]</span> <span class="irc-green">* bradmc (~bradmc@207-172-69-79.c3-0.smr-ubr3.sbo-smr.ma.static.cable.rcn.com) has joined #duraspace</span><br />
<span class="irc-date">[21:00]</span> <span class="irc-green">* stuartlewis (~stuartlew@gendiglt02.lbr.auckland.ac.nz) has joined #duraspace</span><br />
<span class="irc-date">[21:19]</span> <span class="irc-navy">* mhwood (~mhwood@2001:18e8:3:171:218:8bff:fe2a:56a4) Quit (Remote host closed the connection)</span><br />
<span class="irc-date">[21:31]</span> <span class="irc-navy">* sandsfish (~sandsfish@18.111.25.122) Quit (Quit: sandsfish)</span><br />
<span class="irc-date">[22:03]</span> <span class="irc-navy">* tdonohue (~tdonohue@c-98-228-50-45.hsd1.il.comcast.net) Quit (Read error: Connection reset by peer)</span><br />
<span class="irc-date">[22:06]</span> <span class="irc-navy">* barmintor (barmintor@specdl11.cul.columbia.edu) Quit ()</span><br />
<span class="irc-date">[22:28]</span> <span class="irc-green">* stuartlewis_ (~stuartlew@gendiglt02.lbr.auckland.ac.nz) has joined #duraspace</span><br />
<span class="irc-date">[22:28]</span> <span class="irc-navy">* stuartlewis (~stuartlew@gendiglt02.lbr.auckland.ac.nz) Quit (Read error: Connection reset by peer)</span><br />
<span class="irc-date">[22:28]</span> <span class="irc-green">* stuartlewis_ is now known as stuartlewis</span><br />
<span class="irc-date">[23:15]</span> <span class="irc-green">* stuartlewis_ (~stuartlew@gendiglt02.lbr.auckland.ac.nz) has joined #duraspace</span><br />
<span class="irc-date">[23:15]</span> <span class="irc-navy">* stuartlewis (~stuartlew@gendiglt02.lbr.auckland.ac.nz) Quit (Read error: Connection reset by peer)</span><br />
<span class="irc-date">[23:15]</span> <span class="irc-green">* stuartlewis_ is now known as stuartlewis</span><br />
