<span class="irc-date">[1:42]</span> <span class="irc-green">* snail (~yeatesst@130.195.179.39) has left #duraspace</span><br />
<span class="irc-date">[2:00]</span> <span class="irc-green">* snail (~yeatesst@130.195.179.39) has joined #duraspace</span><br />
<span class="irc-date">[2:35]</span> <span class="irc-navy">* snail (~yeatesst@130.195.179.39) Quit (Quit: Leaving.)</span><br />
<span class="irc-date">[6:50]</span> <span class="irc-brown">-pratchett.freenode.net- *** Looking up your hostname...</span><br />
<span class="irc-date">[6:50]</span> <span class="irc-brown">-pratchett.freenode.net- *** Checking Ident</span><br />
<span class="irc-date">[6:50]</span> <span class="irc-brown">-pratchett.freenode.net- *** Found your hostname</span><br />
<span class="irc-date">[6:50]</span> <span class="irc-brown">-pratchett.freenode.net- *** No Ident response</span><br />
<span class="irc-date">[6:50]</span> <span class="irc-green">* DuraLogBot (~PircBot@atlas.duraspace.org) has joined #duraspace</span><br />
<span class="irc-date">[6:50]</span> <span class="irc-green">* Topic is '[Welcome to DuraSpace - This channel is logged - <a href="http://irclogs.duraspace.org/]'">http://irclogs.duraspace.org/]'</a></span><br />
<span class="irc-date">[6:50]</span> <span class="irc-green">* Set by cwilper!ad579d86@gateway/web/freenode/ip.173.87.157.134 on Fri Oct 22 01:19:41 UTC 2010</span><br />
<span class="irc-date">[14:56]</span> <span class="irc-green">* eddies (~eddies@cm126.sigma9.maxonline.com.sg) has joined #duraspace</span><br />
<span class="irc-date">[14:56]</span> <span class="irc-navy">* eddies (~eddies@cm126.sigma9.maxonline.com.sg) Quit (Changing host)</span><br />
<span class="irc-date">[14:56]</span> <span class="irc-green">* eddies (~eddies@unaffiliated/eddies) has joined #duraspace</span><br />
<span class="irc-date">[14:59]</span> <span class="irc-green">* sbayliss (bcde58ad@gateway/web/freenode/ip.188.222.88.173) has joined #duraspace</span><br />
<span class="irc-date">[15:20]</span> <span class="irc-black">&lt;sbayliss&gt; apache clerezza</span><br />
<span class="irc-date">[15:20]</span> <span class="irc-black">&lt;sbayliss&gt; <a href="http://incubator.apache.org/clerezza">http://incubator.apache.org/clerezza</a></span><br />
<span class="irc-date">[15:20]</span> <span class="irc-green">* cwilper (ad579fce@gateway/web/freenode/ip.173.87.159.206) has joined #duraspace</span><br />
<span class="irc-date">[15:44]</span> <span class="irc-green">* scottatm (~scottatm@voyager108.evans.tamu.edu) has joined #duraspace</span><br />
<span class="irc-date">[16:05]</span> <span class="irc-navy">* bradmc (~bradmc@207-172-69-79.c3-0.smr-ubr3.sbo-smr.ma.static.cable.rcn.com) Quit (Quit: bradmc)</span><br />
<span class="irc-date">[16:05]</span> <span class="irc-green">* bradmc (~bradmc@207-172-69-79.c3-0.smr-ubr3.sbo-smr.ma.static.cable.rcn.com) has joined #duraspace</span><br />
<span class="irc-date">[16:18]</span> <span class="irc-navy">* cwilper (ad579fce@gateway/web/freenode/ip.173.87.159.206) Quit (Quit: Page closed)</span><br />
<span class="irc-date">[18:30]</span> <span class="irc-green">* hpottinger (~hpottinge@mu-162198.dhcp.missouri.edu) has joined #duraspace</span><br />
<span class="irc-date">[18:36]</span> <span class="irc-navy">* hpottinger (~hpottinge@mu-162198.dhcp.missouri.edu) Quit (Ping timeout: 240 seconds)</span><br />
<span class="irc-date">[20:51]</span> <span class="irc-green">* bradmc__ (~bradmc@207-172-69-79.c3-0.smr-ubr3.sbo-smr.ma.static.cable.rcn.com) has joined #duraspace</span><br />
<span class="irc-date">[20:51]</span> <span class="irc-navy">* bradmc (~bradmc@207-172-69-79.c3-0.smr-ubr3.sbo-smr.ma.static.cable.rcn.com) Quit (Read error: Connection reset by peer)</span><br />
<span class="irc-date">[20:51]</span> <span class="irc-green">* bradmc__ is now known as bradmc</span><br />
<span class="irc-date">[23:46]</span> <span class="irc-navy">* scottatm (~scottatm@voyager108.evans.tamu.edu) Quit (*.net *.split)</span><br />
<span class="irc-date">[23:51]</span> <span class="irc-green">* scottatm (~scottatm@voyager108.evans.tamu.edu) has joined #duraspace</span><br />
