<span class="irc-date">[6:42]</span> <span class="irc-brown">-pratchett.freenode.net- *** Looking up your hostname...</span><br />
<span class="irc-date">[6:42]</span> <span class="irc-brown">-pratchett.freenode.net- *** Checking Ident</span><br />
<span class="irc-date">[6:42]</span> <span class="irc-brown">-pratchett.freenode.net- *** Found your hostname</span><br />
<span class="irc-date">[6:42]</span> <span class="irc-brown">-pratchett.freenode.net- *** No Ident response</span><br />
<span class="irc-date">[6:42]</span> <span class="irc-green">* DuraLogBot (~PircBot@atlas.duraspace.org) has joined #duraspace</span><br />
<span class="irc-date">[6:42]</span> <span class="irc-green">* Topic is '[Welcome to DuraSpace - This channel is logged - <a href="http://irclogs.duraspace.org/]'">http://irclogs.duraspace.org/]'</a></span><br />
<span class="irc-date">[6:42]</span> <span class="irc-green">* Set by cwilper!ad579d86@gateway/web/freenode/ip.173.87.157.134 on Fri Oct 22 01:19:41 UTC 2010</span><br />
<span class="irc-date">[12:09]</span> <span class="irc-green">* mhwood (~mhwood@2001:18e8:3:10ab:7a2b:cbff:feb4:89a9) has joined #duraspace</span><br />
<span class="irc-date">[12:14]</span> <span class="irc-green">* robint_ (81d7a972@gateway/web/freenode/ip.129.215.169.114) has joined #duraspace</span><br />
<span class="irc-date">[12:22]</span> <span class="irc-navy">* robint_ (81d7a972@gateway/web/freenode/ip.129.215.169.114) Quit (Quit: Page closed)</span><br />
<span class="irc-date">[13:08]</span> <span class="irc-green">* tdonohue (~tdonohue@c-98-228-58-145.hsd1.il.comcast.net) has joined #duraspace</span><br />
<span class="irc-date">[13:15]</span> <span class="irc-navy">* mhwood (~mhwood@2001:18e8:3:10ab:7a2b:cbff:feb4:89a9) Quit (Ping timeout: 240 seconds)</span><br />
<span class="irc-date">[13:28]</span> <span class="irc-green">* mhwood (~mhwood@2001:18e8:3:10ab:7a2b:cbff:feb4:89a9) has joined #duraspace</span><br />
<span class="irc-date">[14:14]</span> <span class="irc-navy">* tdonohue (~tdonohue@c-98-228-58-145.hsd1.il.comcast.net) Quit (Ping timeout: 248 seconds)</span><br />
<span class="irc-date">[14:20]</span> <span class="irc-green">* tdonohue (~tdonohue@c-98-228-58-145.hsd1.il.comcast.net) has joined #duraspace</span><br />
<span class="irc-date">[14:54]</span> <span class="irc-green">* cwilper (4a2e4456@gateway/web/freenode/ip.74.46.68.86) has joined #duraspace</span><br />
<span class="irc-date">[14:54]</span> <span class="irc-black">&lt;cwilper&gt; Starting in a few minutes: <a href="https://wiki.duraspace.org/display/FCREPO/2011-09-27+-+Committer+Meeting">https://wiki.duraspace.org/display/FCREPO/2011-09-27+-+Committer+Meeting</a></span><br />
<span class="irc-date">[14:54]</span> <span class="irc-black">&lt;kompewter&gt; [ 2011-09-27 - Committer Meeting - Fedora Repository Development - DuraSpace Wiki ] - <a href="https://wiki.duraspace.org/display/FCREPO/2011-09-27+-+Committer+Meeting">https://wiki.duraspace.org/display/FCREPO/2011-09-27+-+Committer+Meeting</a></span><br />
<span class="irc-date">[14:59]</span> <span class="irc-green">* barmintor (barmintor@specdl11.cul.columbia.edu) has joined #duraspace</span><br />
<span class="irc-date">[15:00]</span> <span class="irc-green">* birkland (183a31ec@gateway/web/freenode/ip.24.58.49.236) has joined #duraspace</span><br />
<span class="irc-date">[15:01]</span> <span class="irc-black">&lt;barmintor&gt; I got the boot!</span><br />
<span class="irc-date">[15:01]</span> <span class="irc-green">* eddies (~eddies@unaffiliated/eddies) has joined #duraspace</span><br />
<span class="irc-date">[15:01]</span> <span class="irc-green">* EdAtTheAlliance (811398fe@gateway/web/freenode/ip.129.19.152.254) has joined #duraspace</span><br />
<span class="irc-date">[15:26]</span> <span class="irc-black">&lt;barmintor&gt; Confirmed that DOManager is given as an example in that README</span><br />
<span class="irc-date">[15:38]</span> <span class="irc-navy">* birkland (183a31ec@gateway/web/freenode/ip.24.58.49.236) Quit (Ping timeout: 252 seconds)</span><br />
<span class="irc-date">[15:51]</span> <span class="irc-black">&lt;barmintor&gt; We're (Columbia Libraries) a Day CQ installation site, actually.</span><br />
<span class="irc-date">[16:00]</span> <span class="irc-navy">* EdAtTheAlliance (811398fe@gateway/web/freenode/ip.129.19.152.254) Quit (Quit: Page closed)</span><br />
<span class="irc-date">[16:44]</span> <span class="irc-navy">* mhwood (~mhwood@2001:18e8:3:10ab:7a2b:cbff:feb4:89a9) Quit (Ping timeout: 240 seconds)</span><br />
<span class="irc-date">[16:44]</span> <span class="irc-green">* mhwood (~mhwood@mhw.ulib.iupui.edu) has joined #duraspace</span><br />
<span class="irc-date">[16:52]</span> <span class="irc-navy">* cwilper (4a2e4456@gateway/web/freenode/ip.74.46.68.86) Quit (Quit: Page closed)</span><br />
<span class="irc-date">[17:47]</span> <span class="irc-navy">* eddies (~eddies@unaffiliated/eddies) Quit (Quit: Leaving.)</span><br />
<span class="irc-date">[18:53]</span> <span class="irc-green">* snail (~yeatesst@130.195.179.88) has joined #duraspace</span><br />
<span class="irc-date">[19:00]</span> <span class="irc-navy">* barmintor (barmintor@specdl11.cul.columbia.edu) Quit ()</span><br />
<span class="irc-date">[21:13]</span> <span class="irc-navy">* mhwood (~mhwood@mhw.ulib.iupui.edu) Quit (Remote host closed the connection)</span><br />
<span class="irc-date">[22:13]</span> <span class="irc-navy">* tdonohue (~tdonohue@c-98-228-58-145.hsd1.il.comcast.net) Quit (Read error: Connection reset by peer)</span><br />
