<span class="irc-date">[1:05]</span> <span class="irc-navy">* krnl__ (Andrius@193.219.34.106) Quit (Ping timeout: 250 seconds)</span><br />
<span class="irc-date">[1:10]</span> <span class="irc-green">* krnl_ (Andrius@193.219.34.106) has joined #duraspace</span><br />
<span class="irc-date">[6:32]</span> <span class="irc-brown">-verne.freenode.net- *** Looking up your hostname...</span><br />
<span class="irc-date">[6:32]</span> <span class="irc-brown">-verne.freenode.net- *** Checking Ident</span><br />
<span class="irc-date">[6:32]</span> <span class="irc-brown">-verne.freenode.net- *** Found your hostname</span><br />
<span class="irc-date">[6:33]</span> <span class="irc-brown">-verne.freenode.net- *** No Ident response</span><br />
<span class="irc-date">[6:33]</span> <span class="irc-green">* DuraLogBot (~PircBot@atlas.duraspace.org) has joined #duraspace</span><br />
<span class="irc-date">[6:33]</span> <span class="irc-green">* Topic is '[Welcome to DuraSpace - This channel is logged - <a href="http://irclogs.duraspace.org/]'">http://irclogs.duraspace.org/]'</a></span><br />
<span class="irc-date">[6:33]</span> <span class="irc-green">* Set by cwilper!ad579d86@gateway/web/freenode/ip.173.87.157.134 on Fri Oct 22 01:19:41 UTC 2010</span><br />
<span class="irc-date">[14:08]</span> <span class="irc-green">* ryscher (~chatzilla@cpe-076-182-096-130.nc.res.rr.com) has joined #duraspace</span><br />
<span class="irc-date">[14:25]</span> <span class="irc-navy">* ryscher (~chatzilla@cpe-076-182-096-130.nc.res.rr.com) Quit (Ping timeout: 276 seconds)</span><br />
<span class="irc-date">[16:47]</span> <span class="irc-navy">* Mayank (~MnzNotebu@122.173.194.133) Quit (Ping timeout: 240 seconds)</span><br />
<span class="irc-date">[16:52]</span> <span class="irc-green">* Mayank (~MnzNotebu@122.173.194.133) has joined #duraspace</span><br />
<span class="irc-date">[18:48]</span> <span class="irc-green">* anj (~colloquyu@cpc3-seac20-2-0-cust183.7-2.cable.virginmedia.com) has joined #duraspace</span><br />
<span class="irc-date">[19:06]</span> <span class="irc-navy">* anj (~colloquyu@cpc3-seac20-2-0-cust183.7-2.cable.virginmedia.com) Quit (Quit: Quit.)</span><br />
<span class="irc-date">[20:37]</span> <span class="irc-green">* anj (~anj@cpc3-seac20-2-0-cust183.7-2.cable.virginmedia.com) has joined #duraspace</span><br />
<span class="irc-date">[20:39]</span> <span class="irc-navy">* anj (~anj@cpc3-seac20-2-0-cust183.7-2.cable.virginmedia.com) Quit (Client Quit)</span><br />
<span class="irc-date">[20:52]</span> <span class="irc-green">* anj (~anj@cpc3-seac20-2-0-cust183.7-2.cable.virginmedia.com) has joined #duraspace</span><br />
<span class="irc-date">[20:53]</span> <span class="irc-navy">* anj (~anj@cpc3-seac20-2-0-cust183.7-2.cable.virginmedia.com) Quit (Client Quit)</span><br />
<span class="irc-date">[20:54]</span> <span class="irc-green">* anj (~anj@cpc3-seac20-2-0-cust183.7-2.cable.virginmedia.com) has joined #duraspace</span><br />
<span class="irc-date">[20:56]</span> <span class="irc-navy">* anj (~anj@cpc3-seac20-2-0-cust183.7-2.cable.virginmedia.com) Quit (Client Quit)</span><br />
<span class="irc-date">[20:58]</span> <span class="irc-green">* anj (~anj@cpc3-seac20-2-0-cust183.7-2.cable.virginmedia.com) has joined #duraspace</span><br />
<span class="irc-date">[21:00]</span> <span class="irc-navy">* anj (~anj@cpc3-seac20-2-0-cust183.7-2.cable.virginmedia.com) Quit (Client Quit)</span><br />
<span class="irc-date">[21:00]</span> <span class="irc-green">* anj (~anj@cpc3-seac20-2-0-cust183.7-2.cable.virginmedia.com) has joined #duraspace</span><br />
<span class="irc-date">[21:01]</span> <span class="irc-navy">* anj (~anj@cpc3-seac20-2-0-cust183.7-2.cable.virginmedia.com) Quit (Client Quit)</span><br />
<span class="irc-date">[21:02]</span> <span class="irc-green">* anj (~anonymous@cpc3-seac20-2-0-cust183.7-2.cable.virginmedia.com) has joined #duraspace</span><br />
<span class="irc-date">[21:05]</span> <span class="irc-navy">* anj (~anonymous@cpc3-seac20-2-0-cust183.7-2.cable.virginmedia.com) Quit (Client Quit)</span><br />
<span class="irc-date">[21:38]</span> <span class="irc-green">* anj (~colloquyu@cpc3-seac20-2-0-cust183.7-2.cable.virginmedia.com) has joined #duraspace</span><br />
<span class="irc-date">[21:38]</span> <span class="irc-navy">* anj (~colloquyu@cpc3-seac20-2-0-cust183.7-2.cable.virginmedia.com) Quit (Client Quit)</span><br />
<span class="irc-date">[21:39]</span> <span class="irc-green">* anj (~anj@cpc3-seac20-2-0-cust183.7-2.cable.virginmedia.com) has joined #duraspace</span><br />
<span class="irc-date">[23:55]</span> <span class="irc-navy">* anj (~anj@cpc3-seac20-2-0-cust183.7-2.cable.virginmedia.com) Quit (Ping timeout: 255 seconds)</span><br />
