<span class="irc-date">[1:06]</span> <span class="irc-green">* mdiggory (~mdiggory@ip72-199-216-7.sd.sd.cox.net) has joined #duraspace</span><br />
<span class="irc-date">[3:34]</span> <span class="irc-navy">* bradmc (~bradmc@207-172-69-79.c3-0.smr-ubr3.sbo-smr.ma.static.cable.rcn.com) Quit (Quit: bradmc)</span><br />
<span class="irc-date">[5:07]</span> <span class="irc-navy">* mdiggory (~mdiggory@ip72-199-216-7.sd.sd.cox.net) Quit (Quit: mdiggory)</span><br />
<span class="irc-date">[6:34]</span> <span class="irc-brown">-wolfe.freenode.net- *** Looking up your hostname...</span><br />
<span class="irc-date">[6:34]</span> <span class="irc-brown">-wolfe.freenode.net- *** Checking Ident</span><br />
<span class="irc-date">[6:34]</span> <span class="irc-brown">-wolfe.freenode.net- *** Found your hostname</span><br />
<span class="irc-date">[6:34]</span> <span class="irc-brown">-wolfe.freenode.net- *** No Ident response</span><br />
<span class="irc-date">[6:34]</span> <span class="irc-green">* DuraLogBot (~PircBot@atlas.duraspace.org) has joined #duraspace</span><br />
<span class="irc-date">[6:34]</span> <span class="irc-green">* Topic is '[Welcome to DuraSpace - This channel is logged - <a href="http://irclogs.duraspace.org/]'">http://irclogs.duraspace.org/]'</a></span><br />
<span class="irc-date">[6:34]</span> <span class="irc-green">* Set by cwilper!ad579d86@gateway/web/freenode/ip.173.87.157.134 on Fri Oct 22 01:19:41 UTC 2010</span><br />
<span class="irc-date">[13:05]</span> <span class="irc-green">* bradmc (~bradmc@207-172-69-79.c3-0.smr-ubr3.sbo-smr.ma.static.cable.rcn.com) has joined #duraspace</span><br />
<span class="irc-date">[14:50]</span> <span class="irc-green">* mdiggory (~mdiggory@ip72-199-216-7.sd.sd.cox.net) has joined #duraspace</span><br />
<span class="irc-date">[18:47]</span> <span class="irc-navy">* mdiggory (~mdiggory@ip72-199-216-7.sd.sd.cox.net) Quit (Quit: mdiggory)</span><br />
<span class="irc-date">[18:48]</span> <span class="irc-green">* mdiggory (~mdiggory@ip72-199-216-7.sd.sd.cox.net) has joined #duraspace</span><br />
<span class="irc-date">[20:26]</span> <span class="irc-green">* snail (~yeatesst@130.195.179.88) has joined #duraspace</span><br />
<span class="irc-date">[21:07]</span> <span class="irc-green">* stuartlewis (~stuartlew@gendiglt02.lbr.auckland.ac.nz) has joined #duraspace</span><br />
<span class="irc-date">[21:41]</span> <span class="irc-green">* stuartlewis_ (~stuartlew@gendiglt02.lbr.auckland.ac.nz) has joined #duraspace</span><br />
<span class="irc-date">[21:44]</span> <span class="irc-navy">* stuartlewis (~stuartlew@gendiglt02.lbr.auckland.ac.nz) Quit (Ping timeout: 276 seconds)</span><br />
<span class="irc-date">[21:44]</span> <span class="irc-green">* stuartlewis_ is now known as stuartlewis</span><br />
<span class="irc-date">[23:25]</span> <span class="irc-green">* stuartlewis_ (~stuartlew@gendiglt02.lbr.auckland.ac.nz) has joined #duraspace</span><br />
<span class="irc-date">[23:27]</span> <span class="irc-navy">* stuartlewis (~stuartlew@gendiglt02.lbr.auckland.ac.nz) Quit (Ping timeout: 240 seconds)</span><br />
<span class="irc-date">[23:27]</span> <span class="irc-green">* stuartlewis_ is now known as stuartlewis</span><br />
<span class="irc-date">[23:31]</span> <span class="irc-green">* stuartlewis_ (~stuartlew@gendiglt02.lbr.auckland.ac.nz) has joined #duraspace</span><br />
<span class="irc-date">[23:33]</span> <span class="irc-navy">* stuartlewis (~stuartlew@gendiglt02.lbr.auckland.ac.nz) Quit (Ping timeout: 260 seconds)</span><br />
<span class="irc-date">[23:33]</span> <span class="irc-green">* stuartlewis_ is now known as stuartlewis</span><br />
<span class="irc-date">[23:36]</span> <span class="irc-green">* stuartlewis_ (~stuartlew@gendiglt02.lbr.auckland.ac.nz) has joined #duraspace</span><br />
<span class="irc-date">[23:38]</span> <span class="irc-navy">* stuartlewis (~stuartlew@gendiglt02.lbr.auckland.ac.nz) Quit (Ping timeout: 260 seconds)</span><br />
<span class="irc-date">[23:38]</span> <span class="irc-green">* stuartlewis_ is now known as stuartlewis</span><br />
<span class="irc-date">[23:40]</span> <span class="irc-green">* stuartlewis_ (~stuartlew@gendiglt02.lbr.auckland.ac.nz) has joined #duraspace</span><br />
<span class="irc-date">[23:42]</span> <span class="irc-navy">* stuartlewis (~stuartlew@gendiglt02.lbr.auckland.ac.nz) Quit (Ping timeout: 250 seconds)</span><br />
<span class="irc-date">[23:42]</span> <span class="irc-green">* stuartlewis_ is now known as stuartlewis</span><br />
