<span class="irc-date">[0:12]</span> <span class="irc-navy">* mdiggory (~mdiggory@rrcs-74-87-47-114.west.biz.rr.com) Quit (Quit: mdiggory)</span><br />
<span class="irc-date">[2:37]</span> <span class="irc-green">* mdiggory (~mdiggory@ip72-199-216-7.sd.sd.cox.net) has joined #duraspace</span><br />
<span class="irc-date">[5:39]</span> <span class="irc-navy">* mdiggory (~mdiggory@ip72-199-216-7.sd.sd.cox.net) Quit (Quit: mdiggory)</span><br />
<span class="irc-date">[6:42]</span> <span class="irc-brown">-pratchett.freenode.net- *** Looking up your hostname...</span><br />
<span class="irc-date">[6:42]</span> <span class="irc-brown">-pratchett.freenode.net- *** Checking Ident</span><br />
<span class="irc-date">[6:42]</span> <span class="irc-brown">-pratchett.freenode.net- *** Found your hostname</span><br />
<span class="irc-date">[6:43]</span> <span class="irc-brown">-pratchett.freenode.net- *** No Ident response</span><br />
<span class="irc-date">[6:43]</span> <span class="irc-green">* DuraLogBot (~PircBot@atlas.duraspace.org) has joined #duraspace</span><br />
<span class="irc-date">[6:43]</span> <span class="irc-green">* Topic is '[Welcome to DuraSpace - This channel is logged - <a href="http://irclogs.duraspace.org/]'">http://irclogs.duraspace.org/]'</a></span><br />
<span class="irc-date">[6:43]</span> <span class="irc-green">* Set by cwilper!ad579d86@gateway/web/freenode/ip.173.87.157.134 on Fri Oct 22 01:19:41 UTC 2010</span><br />
<span class="irc-date">[12:26]</span> <span class="irc-green">* bradmc (~bradmc@207-172-69-79.c3-0.smr-ubr3.sbo-smr.ma.static.cable.rcn.com) has joined #duraspace</span><br />
<span class="irc-date">[13:54]</span> <span class="irc-green">* mdiggory (~mdiggory@ip72-199-216-7.sd.sd.cox.net) has joined #duraspace</span><br />
<span class="irc-date">[14:11]</span> <span class="irc-green">* mdiggory_ (~mdiggory@ip72-199-216-7.sd.sd.cox.net) has joined #duraspace</span><br />
<span class="irc-date">[14:14]</span> <span class="irc-navy">* mdiggory (~mdiggory@ip72-199-216-7.sd.sd.cox.net) Quit (Ping timeout: 250 seconds)</span><br />
<span class="irc-date">[14:14]</span> <span class="irc-green">* mdiggory_ is now known as mdiggory</span><br />
<span class="irc-date">[18:15]</span> <span class="irc-navy">* mdiggory (~mdiggory@ip72-199-216-7.sd.sd.cox.net) Quit (Quit: mdiggory)</span><br />
<span class="irc-date">[19:08]</span> <span class="irc-navy">* bradmc (~bradmc@207-172-69-79.c3-0.smr-ubr3.sbo-smr.ma.static.cable.rcn.com) Quit (Quit: bradmc)</span><br />
<span class="irc-date">[19:43]</span> <span class="irc-green">* mdiggory_ (~mdiggory@ip72-199-216-7.sd.sd.cox.net) has joined #duraspace</span><br />
<span class="irc-date">[22:04]</span> <span class="irc-navy">* mdiggory_ (~mdiggory@ip72-199-216-7.sd.sd.cox.net) Quit (Quit: mdiggory_)</span><br />
<span class="irc-date">[22:21]</span> <span class="irc-green">* mdiggory (~mdiggory@ip72-199-216-7.sd.sd.cox.net) has joined #duraspace</span><br />
<span class="irc-date">[22:22]</span> <span class="irc-navy">* mdiggory (~mdiggory@ip72-199-216-7.sd.sd.cox.net) Quit (Client Quit)</span><br />
<span class="irc-date">[22:37]</span> <span class="irc-green">* mdiggory (~mdiggory@ip72-199-216-7.sd.sd.cox.net) has joined #duraspace</span><br />
