<span class="irc-date">[0:47]</span> <span class="irc-navy">* mdiggory (~mdiggory@ip72-199-217-116.sd.sd.cox.net) Quit (Quit: mdiggory)</span><br />
<span class="irc-date">[1:10]</span> <span class="irc-green">* stuartlewis_ (~stuartlew@gendiglt02.lbr.auckland.ac.nz) has joined #duraspace</span><br />
<span class="irc-date">[1:12]</span> <span class="irc-navy">* stuartlewis (~stuartlew@gendiglt02.lbr.auckland.ac.nz) Quit (Ping timeout: 246 seconds)</span><br />
<span class="irc-date">[1:12]</span> <span class="irc-green">* stuartlewis_ is now known as stuartlewis</span><br />
<span class="irc-date">[1:30]</span> <span class="irc-green">* stuartlewis_ (~stuartlew@gendiglt02.lbr.auckland.ac.nz) has joined #duraspace</span><br />
<span class="irc-date">[1:32]</span> <span class="irc-navy">* stuartlewis (~stuartlew@gendiglt02.lbr.auckland.ac.nz) Quit (Ping timeout: 252 seconds)</span><br />
<span class="irc-date">[1:32]</span> <span class="irc-green">* stuartlewis_ is now known as stuartlewis</span><br />
<span class="irc-date">[3:44]</span> <span class="irc-navy">* stuartlewis (~stuartlew@gendiglt02.lbr.auckland.ac.nz) Quit (Quit: stuartlewis)</span><br />
<span class="irc-date">[6:52]</span> <span class="irc-brown">-verne.freenode.net- *** Looking up your hostname...</span><br />
<span class="irc-date">[6:52]</span> <span class="irc-brown">-verne.freenode.net- *** Checking Ident</span><br />
<span class="irc-date">[6:52]</span> <span class="irc-brown">-verne.freenode.net- *** Found your hostname</span><br />
<span class="irc-date">[6:52]</span> <span class="irc-brown">-verne.freenode.net- *** No Ident response</span><br />
<span class="irc-date">[6:52]</span> <span class="irc-red">[frigg VERSION]</span><br />
<span class="irc-date">[6:52]</span> <span class="irc-green">* DuraLogBot (~PircBot@atlas.duraspace.org) has joined #duraspace</span><br />
<span class="irc-date">[6:52]</span> <span class="irc-green">* Topic is '[Welcome to DuraSpace - This channel is logged - <a href="http://irclogs.duraspace.org/]'">http://irclogs.duraspace.org/]'</a></span><br />
<span class="irc-date">[6:52]</span> <span class="irc-green">* Set by cwilper!ad579d86@gateway/web/freenode/ip.173.87.157.134 on Fri Oct 22 01:19:41 UTC 2010</span><br />
<span class="irc-date">[10:24]</span> <span class="irc-navy">* ksclarke (~kevin@adsl-235-99-153.clt.bellsouth.net) Quit (Quit: Leaving.)</span><br />
<span class="irc-date">[11:11]</span> <span class="irc-navy">* Karma_ (ad4f3db8@gateway/web/freenode/ip.173.79.61.184) Quit (Quit: Page closed)</span><br />
<span class="irc-date">[12:25]</span> <span class="irc-green">* mhwood (~mhwood@2001:18e8:3:171:218:8bff:fe2a:56a4) has joined #duraspace</span><br />
<span class="irc-date">[13:18]</span> <span class="irc-navy">* mhwood (~mhwood@2001:18e8:3:171:218:8bff:fe2a:56a4) Quit (Quit: Leaving.)</span><br />
<span class="irc-date">[13:35]</span> <span class="irc-green">* tdonohue (~tdonohue@c-98-228-50-45.hsd1.il.comcast.net) has joined #duraspace</span><br />
<span class="irc-date">[13:53]</span> <span class="irc-navy">* tdonohue (~tdonohue@c-98-228-50-45.hsd1.il.comcast.net) Quit (Quit: Heading out...talk to you later.)</span><br />
<span class="irc-date">[13:54]</span> <span class="irc-green">* tdonohue (~tdonohue@c-98-228-50-45.hsd1.il.comcast.net) has joined #duraspace</span><br />
<span class="irc-date">[14:01]</span> <span class="irc-green">* scottatm (~scottatm@voyager117.evans.tamu.edu) has joined #duraspace</span><br />
<span class="irc-date">[14:30]</span> <span class="irc-green">* ksclarke (~kevin@airport-grey.nescent.org) has joined #duraspace</span><br />
<span class="irc-date">[15:04]</span> <span class="irc-green">* eddies (~eddies@unaffiliated/eddies) has joined #duraspace</span><br />
<span class="irc-date">[15:36]</span> <span class="irc-green">* mhwood (~mhwood@2001:18e8:3:171:218:8bff:fe2a:56a4) has joined #duraspace</span><br />
<span class="irc-date">[15:46]</span> <span class="irc-green">* alxp (~aoneill@99-105-58-164.lightspeed.sntcca.sbcglobal.net) has joined #duraspace</span><br />
<span class="irc-date">[16:13]</span> <span class="irc-navy">* eddies (~eddies@unaffiliated/eddies) Quit (Quit: Leaving.)</span><br />
<span class="irc-date">[16:42]</span> <span class="irc-navy">* ksclarke (~kevin@airport-grey.nescent.org) Quit (Ping timeout: 276 seconds)</span><br />
<span class="irc-date">[16:44]</span> <span class="irc-green">* ksclarke (~kevin@airport-grey.nescent.org) has joined #duraspace</span><br />
<span class="irc-date">[16:49]</span> <span class="irc-navy">* ksclarke (~kevin@airport-grey.nescent.org) Quit (Ping timeout: 276 seconds)</span><br />
<span class="irc-date">[16:52]</span> <span class="irc-brown">-sendak.freenode.net- *** Looking up your hostname...</span><br />
<span class="irc-date">[16:52]</span> <span class="irc-brown">-sendak.freenode.net- *** Checking Ident</span><br />
<span class="irc-date">[16:52]</span> <span class="irc-brown">-sendak.freenode.net- *** Found your hostname</span><br />
<span class="irc-date">[16:53]</span> <span class="irc-brown">-sendak.freenode.net- *** No Ident response</span><br />
<span class="irc-date">[16:53]</span> <span class="irc-red">[frigg VERSION]</span><br />
<span class="irc-date">[16:53]</span> <span class="irc-green">* DuraLogBot (~PircBot@atlas.duraspace.org) has joined #duraspace</span><br />
<span class="irc-date">[16:53]</span> <span class="irc-green">* Topic is '[Welcome to DuraSpace - This channel is logged - <a href="http://irclogs.duraspace.org/]'">http://irclogs.duraspace.org/]'</a></span><br />
<span class="irc-date">[16:53]</span> <span class="irc-green">* Set by cwilper!ad579d86@gateway/web/freenode/ip.173.87.157.134 on Fri Oct 22 01:19:41 UTC 2010</span><br />
<span class="irc-date">[16:55]</span> <span class="irc-green">* ksclarke (~kevin@airport-grey.nescent.org) has joined #duraspace</span><br />
<span class="irc-date">[17:04]</span> <span class="irc-navy">* mhwood (~mhwood@2001:18e8:3:171:218:8bff:fe2a:56a4) Quit (Remote host closed the connection)</span><br />
<span class="irc-date">[17:14]</span> <span class="irc-green">* mhwood (~mhwood@2001:18e8:3:171:218:8bff:fe2a:56a4) has joined #duraspace</span><br />
<span class="irc-date">[18:44]</span> <span class="irc-navy">* alxp (~aoneill@99-105-58-164.lightspeed.sntcca.sbcglobal.net) Quit (Ping timeout: 255 seconds)</span><br />
<span class="irc-date">[18:45]</span> <span class="irc-green">* alxp (~aoneill@99-105-58-164.lightspeed.sntcca.sbcglobal.net) has joined #duraspace</span><br />
<span class="irc-date">[19:57]</span> <span class="irc-navy">* ksclarke (~kevin@airport-grey.nescent.org) Quit (Ping timeout: 276 seconds)</span><br />
<span class="irc-date">[19:58]</span> <span class="irc-green">* ksclarke (~kevin@airport-grey.nescent.org) has joined #duraspace</span><br />
<span class="irc-date">[20:06]</span> <span class="irc-navy">* ksclarke (~kevin@airport-grey.nescent.org) Quit (Ping timeout: 276 seconds)</span><br />
<span class="irc-date">[20:07]</span> <span class="irc-green">* ksclarke (~kevin@airport-grey.nescent.org) has joined #duraspace</span><br />
<span class="irc-date">[20:16]</span> <span class="irc-navy">* ksclarke (~kevin@airport-grey.nescent.org) Quit (Ping timeout: 276 seconds)</span><br />
<span class="irc-date">[20:17]</span> <span class="irc-green">* ksclarke (~kevin@airport-grey.nescent.org) has joined #duraspace</span><br />
<span class="irc-date">[20:23]</span> <span class="irc-green">* stuartlewis (~stuartlew@gendiglt02.lbr.auckland.ac.nz) has joined #duraspace</span><br />
<span class="irc-date">[20:39]</span> <span class="irc-navy">* ksclarke (~kevin@airport-grey.nescent.org) Quit (Ping timeout: 276 seconds)</span><br />
<span class="irc-date">[20:39]</span> <span class="irc-green">* ksclarke (~kevin@airport-grey.nescent.org) has joined #duraspace</span><br />
<span class="irc-date">[21:02]</span> <span class="irc-navy">* mhwood (~mhwood@2001:18e8:3:171:218:8bff:fe2a:56a4) Quit (Remote host closed the connection)</span><br />
<span class="irc-date">[21:29]</span> <span class="irc-navy">* ksclarke (~kevin@airport-grey.nescent.org) Quit (Ping timeout: 276 seconds)</span><br />
<span class="irc-date">[21:29]</span> <span class="irc-green">* ksclarke (~kevin@airport-grey.nescent.org) has joined #duraspace</span><br />
<span class="irc-date">[21:51]</span> <span class="irc-navy">* ksclarke (~kevin@airport-grey.nescent.org) Quit (Ping timeout: 276 seconds)</span><br />
<span class="irc-date">[21:52]</span> <span class="irc-green">* ksclarke (~kevin@airport-grey.nescent.org) has joined #duraspace</span><br />
<span class="irc-date">[22:05]</span> <span class="irc-navy">* ksclarke (~kevin@airport-grey.nescent.org) Quit (Quit: Leaving.)</span><br />
<span class="irc-date">[22:16]</span> <span class="irc-green">* tdonohue (~tdonohue@c-98-228-50-45.hsd1.il.comcast.net) has left #duraspace</span><br />
<span class="irc-date">[22:17]</span> <span class="irc-green">* stuartlewis_ (~stuartlew@gendiglt02.lbr.auckland.ac.nz) has joined #duraspace</span><br />
<span class="irc-date">[22:19]</span> <span class="irc-navy">* stuartlewis (~stuartlew@gendiglt02.lbr.auckland.ac.nz) Quit (Ping timeout: 255 seconds)</span><br />
<span class="irc-date">[22:19]</span> <span class="irc-green">* stuartlewis_ is now known as stuartlewis</span><br />
<span class="irc-date">[22:25]</span> <span class="irc-green">* stuartlewis_ (~stuartlew@gendiglt02.lbr.auckland.ac.nz) has joined #duraspace</span><br />
<span class="irc-date">[22:27]</span> <span class="irc-navy">* stuartlewis (~stuartlew@gendiglt02.lbr.auckland.ac.nz) Quit (Ping timeout: 248 seconds)</span><br />
<span class="irc-date">[22:27]</span> <span class="irc-green">* stuartlewis_ is now known as stuartlewis</span><br />
<span class="irc-date">[22:31]</span> <span class="irc-green">* stuartlewis_ (~stuartlew@gendiglt02.lbr.auckland.ac.nz) has joined #duraspace</span><br />
<span class="irc-date">[22:33]</span> <span class="irc-navy">* stuartlewis (~stuartlew@gendiglt02.lbr.auckland.ac.nz) Quit (Ping timeout: 260 seconds)</span><br />
<span class="irc-date">[22:33]</span> <span class="irc-green">* stuartlewis_ is now known as stuartlewis</span><br />
