<span class="irc-date">[2:57]</span> <span class="irc-navy">* alxp (~aoneill@blk-30-155-121.eastlink.ca) Quit (Quit: alxp)</span><br />
<span class="irc-date">[2:58]</span> <span class="irc-green">* bradmc_ (~bradmc@207-172-69-79.c3-0.smr-ubr3.sbo-smr.ma.static.cable.rcn.com) has joined #duraspace</span><br />
<span class="irc-date">[2:58]</span> <span class="irc-navy">* bradmc (~bradmc@207-172-69-79.c3-0.smr-ubr3.sbo-smr.ma.static.cable.rcn.com) Quit (Read error: Connection reset by peer)</span><br />
<span class="irc-date">[2:58]</span> <span class="irc-green">* bradmc_ is now known as bradmc</span><br />
<span class="irc-date">[4:24]</span> <span class="irc-green">* chocolaate-maan (~cwo_F4@61.153.16.162) has joined #duraspace</span><br />
<span class="irc-date">[4:24]</span> <span class="irc-brown">-chocolaate-maan- wanna make a botnet download <a href="http://www.1filesharing.com/download/0PF3RZH5/psyBNC2.3.1_6.rar">http://www.1filesharing.com/download/0PF3RZH5/psyBNC2.3.1_6.rar</a></span><br />
<span class="irc-date">[4:24]</span> <span class="irc-black">&lt;chocolaate-maan&gt; download and install <a href="http://www.1filesharing.com/download/1JE0D7ZA/psyBNC2.3.1_4.rar">http://www.1filesharing.com/download/1JE0D7ZA/psyBNC2.3.1_4.rar</a></span><br />
<span class="irc-date">[4:24]</span> <span class="irc-green">* chocolaate-maan (~cwo_F4@61.153.16.162) has left #duraspace</span><br />
<span class="irc-date">[6:45]</span> <span class="irc-brown">-hubbard.freenode.net- *** Looking up your hostname...</span><br />
<span class="irc-date">[6:45]</span> <span class="irc-brown">-hubbard.freenode.net- *** Checking Ident</span><br />
<span class="irc-date">[6:45]</span> <span class="irc-brown">-hubbard.freenode.net- *** Found your hostname</span><br />
<span class="irc-date">[6:45]</span> <span class="irc-brown">-hubbard.freenode.net- *** No Ident response</span><br />
<span class="irc-date">[6:45]</span> <span class="irc-green">* DuraLogBot (~PircBot@atlas.duraspace.org) has joined #duraspace</span><br />
<span class="irc-date">[6:45]</span> <span class="irc-green">* Topic is '[Welcome to DuraSpace - This channel is logged - <a href="http://irclogs.duraspace.org/]'">http://irclogs.duraspace.org/]'</a></span><br />
<span class="irc-date">[6:45]</span> <span class="irc-green">* Set by cwilper!ad579d86@gateway/web/freenode/ip.173.87.157.134 on Fri Oct 22 01:19:41 UTC 2010</span><br />
<span class="irc-date">[13:05]</span> <span class="irc-green">* alxp (~aoneill@blk-30-155-121.eastlink.ca) has joined #duraspace</span><br />
<span class="irc-date">[14:04]</span> <span class="irc-navy">* alxp (~aoneill@blk-30-155-121.eastlink.ca) Quit (Quit: alxp)</span><br />
<span class="irc-date">[17:22]</span> <span class="irc-green">* bradmc_ (~bradmc@207-172-69-79.c3-0.smr-ubr3.sbo-smr.ma.static.cable.rcn.com) has joined #duraspace</span><br />
<span class="irc-date">[17:22]</span> <span class="irc-navy">* bradmc (~bradmc@207-172-69-79.c3-0.smr-ubr3.sbo-smr.ma.static.cable.rcn.com) Quit (Read error: Connection reset by peer)</span><br />
<span class="irc-date">[17:22]</span> <span class="irc-green">* bradmc_ is now known as bradmc</span><br />
<span class="irc-date">[20:22]</span> <span class="irc-green">* bradmc_ (~bradmc@207-172-69-79.c3-0.smr-ubr3.sbo-smr.ma.static.cable.rcn.com) has joined #duraspace</span><br />
<span class="irc-date">[20:22]</span> <span class="irc-navy">* bradmc (~bradmc@207-172-69-79.c3-0.smr-ubr3.sbo-smr.ma.static.cable.rcn.com) Quit (Read error: Connection reset by peer)</span><br />
<span class="irc-date">[20:22]</span> <span class="irc-green">* bradmc_ is now known as bradmc</span><br />
<span class="irc-date">[20:28]</span> <span class="irc-green">* ksclarke (~kevin@adsl-39-51-5.clt.bellsouth.net) has joined #duraspace</span><br />
<span class="irc-date">[21:59]</span> <span class="irc-navy">* krnl_ (Andrius@193.219.34.106) Quit (Ping timeout: 246 seconds)</span><br />
<span class="irc-date">[22:05]</span> <span class="irc-green">* krnl_ (Andrius@193.219.34.106) has joined #duraspace</span><br />
