<span class="irc-date">[0:58]</span> <span class="irc-navy">* mdiggory (~mdiggory@rrcs-74-87-47-114.west.biz.rr.com) Quit (Quit: mdiggory)</span><br />
<span class="irc-date">[4:29]</span> <span class="irc-navy">* stuartlewis (~stuartlew@gendiglt02.lbr.auckland.ac.nz) Quit (Quit: stuartlewis)</span><br />
<span class="irc-date">[6:35]</span> <span class="irc-brown">-calvino.freenode.net- *** Looking up your hostname...</span><br />
<span class="irc-date">[6:35]</span> <span class="irc-brown">-calvino.freenode.net- *** Checking Ident</span><br />
<span class="irc-date">[6:35]</span> <span class="irc-brown">-calvino.freenode.net- *** Found your hostname</span><br />
<span class="irc-date">[6:35]</span> <span class="irc-brown">-calvino.freenode.net- *** No Ident response</span><br />
<span class="irc-date">[6:35]</span> <span class="irc-green">* DuraLogBot (~PircBot@atlas.duraspace.org) has joined #duraspace</span><br />
<span class="irc-date">[6:35]</span> <span class="irc-green">* Topic is '[Welcome to DuraSpace - This channel is logged - <a href="http://irclogs.duraspace.org/]'">http://irclogs.duraspace.org/]'</a></span><br />
<span class="irc-date">[6:35]</span> <span class="irc-green">* Set by cwilper!ad579d86@gateway/web/freenode/ip.173.87.157.134 on Fri Oct 22 01:19:41 UTC 2010</span><br />
<span class="irc-date">[7:47]</span> <span class="irc-green">* grahamtriggs (~Graham@host213-123-239-134.in-addr.btopenworld.com) has joined #duraspace</span><br />
<span class="irc-date">[7:58]</span> <span class="irc-green">* grahamtriggs1 (~Graham@host213-123-239-134.in-addr.btopenworld.com) has joined #duraspace</span><br />
<span class="irc-date">[8:01]</span> <span class="irc-navy">* grahamtriggs (~Graham@host213-123-239-134.in-addr.btopenworld.com) Quit (Ping timeout: 245 seconds)</span><br />
<span class="irc-date">[10:00]</span> <span class="irc-green">* stuartlewis (~stuartlew@121.98.157.79) has joined #duraspace</span><br />
<span class="irc-date">[10:10]</span> <span class="irc-navy">* stuartlewis (~stuartlew@121.98.157.79) Quit (Quit: stuartlewis)</span><br />
<span class="irc-date">[12:01]</span> <span class="irc-green">* mhwood (~mhwood@2001:18e8:3:10ab:21e:4fff:feba:a425) has joined #duraspace</span><br />
<span class="irc-date">[13:07]</span> <span class="irc-green">* tdonohue (~tdonohue@c-98-228-58-145.hsd1.il.comcast.net) has joined #duraspace</span><br />
<span class="irc-date">[13:47]</span> <span class="irc-green">* mdiggory (~mdiggory@ip72-199-216-7.sd.sd.cox.net) has joined #duraspace</span><br />
<span class="irc-date">[13:58]</span> <span class="irc-navy">* mdiggory (~mdiggory@ip72-199-216-7.sd.sd.cox.net) Quit (Quit: mdiggory)</span><br />
<span class="irc-date">[13:59]</span> <span class="irc-green">* mdiggory (~mdiggory@ip72-199-216-7.sd.sd.cox.net) has joined #duraspace</span><br />
<span class="irc-date">[14:04]</span> <span class="irc-navy">* PeterDietz_OSU (~PeterDiet@peterdietz.lib.ohio-state.edu) Quit (Ping timeout: 240 seconds)</span><br />
<span class="irc-date">[14:04]</span> <span class="irc-green">* PeterDietz_OSU (~PeterDiet@peterdietz.lib.ohio-state.edu) has joined #duraspace</span><br />
<span class="irc-date">[14:30]</span> <span class="irc-navy">* kshepherd (kim@ec2-174-129-179-33.compute-1.amazonaws.com) Quit (*.net *.split)</span><br />
<span class="irc-date">[14:30]</span> <span class="irc-navy">* mdiggory (~mdiggory@ip72-199-216-7.sd.sd.cox.net) Quit (*.net *.split)</span><br />
<span class="irc-date">[14:31]</span> <span class="irc-navy">* tdonohue (~tdonohue@c-98-228-58-145.hsd1.il.comcast.net) Quit (*.net *.split)</span><br />
<span class="irc-date">[14:31]</span> <span class="irc-navy">* grahamtriggs1 (~Graham@host213-123-239-134.in-addr.btopenworld.com) Quit (*.net *.split)</span><br />
<span class="irc-date">[14:31]</span> <span class="irc-navy">* PeterDietz_OSU (~PeterDiet@peterdietz.lib.ohio-state.edu) Quit (*.net *.split)</span><br />
<span class="irc-date">[14:31]</span> <span class="irc-navy">* scottatm (~scottatm@adhcp168.evans.tamu.edu) Quit (*.net *.split)</span><br />
<span class="irc-date">[14:31]</span> <span class="irc-navy">* barmintor (barmintor@specdl11.cul.columbia.edu) Quit (*.net *.split)</span><br />
<span class="irc-date">[14:32]</span> <span class="irc-navy">* ianthe (~ianthe@cowu.be) Quit (*.net *.split)</span><br />
<span class="irc-date">[14:32]</span> <span class="irc-navy">* kompewter (~kompewter@peterdietz.lib.ohio-state.edu) Quit (*.net *.split)</span><br />
<span class="irc-date">[14:32]</span> <span class="irc-navy">* ChanServ (ChanServ@services.) Quit (*.net *.split)</span><br />
<span class="irc-date">[14:44]</span> <span class="irc-green">* PeterDietz_OSU (~PeterDiet@peterdietz.lib.ohio-state.edu) has joined #duraspace</span><br />
<span class="irc-date">[14:44]</span> <span class="irc-green">* tdonohue (~tdonohue@c-98-228-58-145.hsd1.il.comcast.net) has joined #duraspace</span><br />
<span class="irc-date">[14:44]</span> <span class="irc-green">* grahamtriggs1 (~Graham@host213-123-239-134.in-addr.btopenworld.com) has joined #duraspace</span><br />
<span class="irc-date">[14:44]</span> <span class="irc-green">* scottatm (~scottatm@adhcp168.evans.tamu.edu) has joined #duraspace</span><br />
<span class="irc-date">[14:44]</span> <span class="irc-green">* barmintor (barmintor@specdl11.cul.columbia.edu) has joined #duraspace</span><br />
<span class="irc-date">[14:44]</span> <span class="irc-green">* kshepherd (kim@ec2-174-129-179-33.compute-1.amazonaws.com) has joined #duraspace</span><br />
<span class="irc-date">[14:44]</span> <span class="irc-green">* ianthe (~ianthe@cowu.be) has joined #duraspace</span><br />
<span class="irc-date">[14:44]</span> <span class="irc-green">* kompewter (~kompewter@peterdietz.lib.ohio-state.edu) has joined #duraspace</span><br />
<span class="irc-date">[14:44]</span> <span class="irc-green">* ChanServ (ChanServ@services.) has joined #duraspace</span><br />
<span class="irc-date">[15:34]</span> <span class="irc-green">* eddies (~eddies@207.37.113.78.rev.sfr.net) has joined #duraspace</span><br />
<span class="irc-date">[15:34]</span> <span class="irc-navy">* eddies (~eddies@207.37.113.78.rev.sfr.net) Quit (Changing host)</span><br />
<span class="irc-date">[15:34]</span> <span class="irc-green">* eddies (~eddies@unaffiliated/eddies) has joined #duraspace</span><br />
<span class="irc-date">[15:51]</span> <span class="irc-green">* mdiggory (~mdiggory@rrcs-74-87-47-114.west.biz.rr.com) has joined #duraspace</span><br />
<span class="irc-date">[16:20]</span> <span class="irc-navy">* eddies (~eddies@unaffiliated/eddies) Quit (Quit: Leaving.)</span><br />
<span class="irc-date">[16:36]</span> <span class="irc-green">* grahamtriggs1 (~Graham@host213-123-239-134.in-addr.btopenworld.com) has left #duraspace</span><br />
<span class="irc-date">[17:20]</span> <span class="irc-navy">* snail (~yeatesst@130.195.179.88) Quit (Ping timeout: 264 seconds)</span><br />
<span class="irc-date">[17:33]</span> <span class="irc-green">* snail (~yeatesst@130.195.179.88) has joined #duraspace</span><br />
<span class="irc-date">[20:47]</span> <span class="irc-navy">* mhwood (~mhwood@2001:18e8:3:10ab:21e:4fff:feba:a425) Quit (Remote host closed the connection)</span><br />
<span class="irc-date">[21:08]</span> <span class="irc-green">* mdiggory (~mdiggory@rrcs-74-87-47-114.west.biz.rr.com) has left #duraspace</span><br />
<span class="irc-date">[21:31]</span> <span class="irc-navy">* barmintor (barmintor@specdl11.cul.columbia.edu) Quit ()</span><br />
<span class="irc-date">[21:41]</span> <span class="irc-green">* scottatm (~scottatm@adhcp168.evans.tamu.edu) has left #duraspace</span><br />
<span class="irc-date">[22:02]</span> <span class="irc-navy">* tdonohue (~tdonohue@c-98-228-58-145.hsd1.il.comcast.net) Quit (Remote host closed the connection)</span><br />
