<span class="irc-date">[6:28]</span> <span class="irc-brown">-anthony.freenode.net- *** Looking up your hostname...</span><br />
<span class="irc-date">[6:28]</span> <span class="irc-brown">-anthony.freenode.net- *** Checking Ident</span><br />
<span class="irc-date">[6:28]</span> <span class="irc-brown">-anthony.freenode.net- *** Found your hostname</span><br />
<span class="irc-date">[6:29]</span> <span class="irc-brown">-anthony.freenode.net- *** No Ident response</span><br />
<span class="irc-date">[6:29]</span> <span class="irc-green">* DuraLogBot (~PircBot@atlas.duraspace.org) has joined #duraspace</span><br />
<span class="irc-date">[6:29]</span> <span class="irc-green">* Topic is '[Welcome to DuraSpace - This channel is logged - <a href="http://irclogs.duraspace.org/]'">http://irclogs.duraspace.org/]'</a></span><br />
<span class="irc-date">[6:29]</span> <span class="irc-green">* Set by cwilper!ad579d86@gateway/web/freenode/ip.173.87.157.134 on Fri Oct 22 01:19:41 UTC 2010</span><br />
<span class="irc-date">[6:53]</span> <span class="irc-navy">* grahamtriggs (~Graham@cpc2-stev6-2-0-cust333.9-2.cable.virginmedia.com) Quit (Read error: Connection reset by peer)</span><br />
<span class="irc-date">[8:14]</span> <span class="irc-green">* robertqin (~robertqin@nusnet-211-253.dynip.nus.edu.sg) has joined #duraspace</span><br />
<span class="irc-date">[9:53]</span> <span class="irc-navy">* mdiggory (~mdiggory@ip72-199-216-7.sd.sd.cox.net) Quit (Quit: mdiggory)</span><br />
<span class="irc-date">[10:27]</span> <span class="irc-green">* grahamtriggs (~trig01@62.189.56.2) has joined #duraspace</span><br />
<span class="irc-date">[11:05]</span> <span class="irc-navy">* robertqin (~robertqin@nusnet-211-253.dynip.nus.edu.sg) Quit (Ping timeout: 246 seconds)</span><br />
<span class="irc-date">[11:12]</span> <span class="irc-green">* robertqin (~robertqin@nusnet-228-5.dynip.nus.edu.sg) has joined #duraspace</span><br />
<span class="irc-date">[11:31]</span> <span class="irc-navy">* robertqin (~robertqin@nusnet-228-5.dynip.nus.edu.sg) Quit (Ping timeout: 260 seconds)</span><br />
<span class="irc-date">[11:34]</span> <span class="irc-green">* robertqin (~robertqin@nusnet-228-5.dynip.nus.edu.sg) has joined #duraspace</span><br />
<span class="irc-date">[12:58]</span> <span class="irc-navy">* robertqin (~robertqin@nusnet-228-5.dynip.nus.edu.sg) Quit ()</span><br />
<span class="irc-date">[13:38]</span> <span class="irc-green">* tdonohue (~tdonohue@c-98-228-50-45.hsd1.il.comcast.net) has joined #duraspace</span><br />
<span class="irc-date">[14:45]</span> <span class="irc-green">* cccharles (~chris@131.104.62.48) has left #duraspace</span><br />
<span class="irc-date">[15:03]</span> <span class="irc-green">* mdiggory (~mdiggory@ip72-199-216-7.sd.sd.cox.net) has joined #duraspace</span><br />
<span class="irc-date">[15:15]</span> <span class="irc-navy">* mdiggory (~mdiggory@ip72-199-216-7.sd.sd.cox.net) Quit (Quit: mdiggory)</span><br />
<span class="irc-date">[15:19]</span> <span class="irc-green">* bradmc_ (~bradmc@207-172-69-79.c3-0.smr-ubr3.sbo-smr.ma.static.cable.rcn.com) has joined #duraspace</span><br />
<span class="irc-date">[15:19]</span> <span class="irc-navy">* bradmc (~bradmc@207-172-69-79.c3-0.smr-ubr3.sbo-smr.ma.static.cable.rcn.com) Quit (Read error: Connection reset by peer)</span><br />
<span class="irc-date">[15:19]</span> <span class="irc-green">* bradmc_ is now known as bradmc</span><br />
<span class="irc-date">[15:55]</span> <span class="irc-green">* mdiggory (~mdiggory@rrcs-74-87-47-114.west.biz.rr.com) has joined #duraspace</span><br />
<span class="irc-date">[18:17]</span> <span class="irc-green">* mhwood (~mhwood@2001:18e8:3:171:218:8bff:fe2a:56a4) has joined #duraspace</span><br />
<span class="irc-date">[18:31]</span> <span class="irc-green">* eddies (~eddies@245.17.113.78.rev.sfr.net) has joined #duraspace</span><br />
<span class="irc-date">[18:31]</span> <span class="irc-navy">* eddies (~eddies@245.17.113.78.rev.sfr.net) Quit (Changing host)</span><br />
<span class="irc-date">[18:31]</span> <span class="irc-green">* eddies (~eddies@unaffiliated/eddies) has joined #duraspace</span><br />
<span class="irc-date">[19:24]</span> <span class="irc-green">* vibhaj (7376ead2@gateway/web/freenode/ip.115.118.234.210) has joined #duraspace</span><br />
<span class="irc-date">[19:27]</span> <span class="irc-green">* vibhaj (7376ead2@gateway/web/freenode/ip.115.118.234.210) has left #duraspace</span><br />
<span class="irc-date">[19:29]</span> <span class="irc-green">* vibhaj (7376ead2@gateway/web/freenode/ip.115.118.234.210) has joined #duraspace</span><br />
<span class="irc-date">[19:31]</span> <span class="irc-green">* vibhaj (7376ead2@gateway/web/freenode/ip.115.118.234.210) has left #duraspace</span><br />
<span class="irc-date">[19:39]</span> <span class="irc-green">* stuartlewis (~stuartlew@121.98.157.79) has joined #duraspace</span><br />
<span class="irc-date">[19:41]</span> <span class="irc-green">* sandsfish (~sandsfish@18.111.91.13) has joined #duraspace</span><br />
<span class="irc-date">[19:51]</span> <span class="irc-navy">* stuartlewis (~stuartlew@121.98.157.79) Quit (Quit: stuartlewis)</span><br />
<span class="irc-date">[20:57]</span> <span class="irc-green">* mdiggory_ (~mdiggory@rrcs-74-87-47-114.west.biz.rr.com) has joined #duraspace</span><br />
<span class="irc-date">[21:01]</span> <span class="irc-navy">* mdiggory (~mdiggory@rrcs-74-87-47-114.west.biz.rr.com) Quit (Ping timeout: 252 seconds)</span><br />
<span class="irc-date">[21:01]</span> <span class="irc-green">* mdiggory_ is now known as mdiggory</span><br />
<span class="irc-date">[21:03]</span> <span class="irc-green">* mhwood (~mhwood@2001:18e8:3:171:218:8bff:fe2a:56a4) has left #duraspace</span><br />
<span class="irc-date">[21:44]</span> <span class="irc-green">* mdiggory (~mdiggory@rrcs-74-87-47-114.west.biz.rr.com) has left #duraspace</span><br />
<span class="irc-date">[22:03]</span> <span class="irc-green">* tdonohue (~tdonohue@c-98-228-50-45.hsd1.il.comcast.net) has left #duraspace</span><br />
<span class="irc-date">[22:15]</span> <span class="irc-green">* snail (~yeatesst@130.195.179.88) has left #duraspace</span><br />
<span class="irc-date">[22:28]</span> <span class="irc-green">* snail (~yeatesst@130.195.179.88) has joined #duraspace</span><br />
<span class="irc-date">[22:40]</span> <span class="irc-navy">* eddies (~eddies@unaffiliated/eddies) Quit (Quit: Leaving.)</span><br />
<span class="irc-date">[22:45]</span> <span class="irc-navy">* sandsfish (~sandsfish@18.111.91.13) Quit (Quit: sandsfish)</span><br />
