<span class="irc-date">[6:41]</span> <span class="irc-brown">-calvino.freenode.net- *** Looking up your hostname...</span><br />
<span class="irc-date">[6:41]</span> <span class="irc-brown">-calvino.freenode.net- *** Checking Ident</span><br />
<span class="irc-date">[6:41]</span> <span class="irc-brown">-calvino.freenode.net- *** Found your hostname</span><br />
<span class="irc-date">[6:41]</span> <span class="irc-brown">-calvino.freenode.net- *** No Ident response</span><br />
<span class="irc-date">[6:41]</span> <span class="irc-green">* DuraLogBot (~PircBot@atlas.duraspace.org) has joined #duraspace</span><br />
<span class="irc-date">[6:41]</span> <span class="irc-green">* Topic is '[Welcome to DuraSpace - This channel is logged - <a href="http://irclogs.duraspace.org/]'">http://irclogs.duraspace.org/]'</a></span><br />
<span class="irc-date">[6:41]</span> <span class="irc-green">* Set by cwilper!ad579d86@gateway/web/freenode/ip.173.87.157.134 on Fri Oct 22 01:19:41 UTC 2010</span><br />
<span class="irc-date">[8:38]</span> <span class="irc-green">* grahamtriggs (~Graham@host213-123-239-134.in-addr.btopenworld.com) has joined #duraspace</span><br />
<span class="irc-date">[12:11]</span> <span class="irc-green">* mhwood (~mhwood@2001:18e8:3:10ab:21e:4fff:feba:a425) has joined #duraspace</span><br />
<span class="irc-date">[13:32]</span> <span class="irc-green">* tdonohue (~tdonohue@c-98-228-58-145.hsd1.il.comcast.net) has joined #duraspace</span><br />
<span class="irc-date">[14:12]</span> <span class="irc-navy">* tdonohue (~tdonohue@c-98-228-58-145.hsd1.il.comcast.net) Quit (Quit: Heading out...talk to you later.)</span><br />
<span class="irc-date">[14:13]</span> <span class="irc-green">* tdonohue (~tdonohue@c-98-228-58-145.hsd1.il.comcast.net) has joined #duraspace</span><br />
<span class="irc-date">[15:32]</span> <span class="irc-green">* eddies (~eddies@195.130.114.78.rev.sfr.net) has joined #duraspace</span><br />
<span class="irc-date">[15:32]</span> <span class="irc-navy">* eddies (~eddies@195.130.114.78.rev.sfr.net) Quit (Changing host)</span><br />
<span class="irc-date">[15:32]</span> <span class="irc-green">* eddies (~eddies@unaffiliated/eddies) has joined #duraspace</span><br />
<span class="irc-date">[16:13]</span> <span class="irc-green">* grahamtriggs (~Graham@host213-123-239-134.in-addr.btopenworld.com) has left #duraspace</span><br />
<span class="irc-date">[16:14]</span> <span class="irc-green">* scottatm (~scottatm@adhcp168.evans.tamu.edu) has joined #duraspace</span><br />
<span class="irc-date">[21:00]</span> <span class="irc-green">* stuartlewis (~stuartlew@gendiglt02.lbr.auckland.ac.nz) has joined #duraspace</span><br />
<span class="irc-date">[21:05]</span> <span class="irc-navy">* mhwood (~mhwood@2001:18e8:3:10ab:21e:4fff:feba:a425) Quit (Remote host closed the connection)</span><br />
<span class="irc-date">[22:12]</span> <span class="irc-navy">* barmintor (barmintor@specdl11.cul.columbia.edu) Quit ()</span><br />
<span class="irc-date">[22:15]</span> <span class="irc-navy">* tdonohue (~tdonohue@c-98-228-58-145.hsd1.il.comcast.net) Quit (Read error: Connection reset by peer)</span><br />
