<span class="irc-date">[6:55]</span> <span class="irc-brown">-barjavel.freenode.net- *** Looking up your hostname...</span><br />
<span class="irc-date">[6:55]</span> <span class="irc-brown">-barjavel.freenode.net- *** Checking Ident</span><br />
<span class="irc-date">[6:55]</span> <span class="irc-brown">-barjavel.freenode.net- *** Found your hostname</span><br />
<span class="irc-date">[6:55]</span> <span class="irc-brown">-barjavel.freenode.net- *** No Ident response</span><br />
<span class="irc-date">[6:55]</span> <span class="irc-green">* DuraLogBot (~PircBot@atlas.duraspace.org) has joined #duraspace</span><br />
<span class="irc-date">[6:55]</span> <span class="irc-green">* Topic is '[Welcome to DuraSpace - This channel is logged - <a href="http://irclogs.duraspace.org/]'">http://irclogs.duraspace.org/]'</a></span><br />
<span class="irc-date">[6:55]</span> <span class="irc-green">* Set by cwilper!ad579d86@gateway/web/freenode/ip.173.87.157.134 on Fri Oct 22 01:19:41 UTC 2010</span><br />
<span class="irc-date">[8:35]</span> <span class="irc-green">* Asger (~abr@nat.statsbiblioteket.dk) has joined #duraspace</span><br />
<span class="irc-date">[10:42]</span> <span class="irc-navy">* Asger (~abr@nat.statsbiblioteket.dk) Quit (Read error: Operation timed out)</span><br />
<span class="irc-date">[12:09]</span> <span class="irc-green">* mhwood (mwood@mhw.ulib.iupui.edu) has joined #duraspace</span><br />
<span class="irc-date">[12:31]</span> <span class="irc-green">* tdonohue (~tdonohue@67.177.108.221) has joined #duraspace</span><br />
<span class="irc-date">[13:10]</span> <span class="irc-green">* barmintor (~ba2213@dyn-128-59-158-133.dyn.columbia.edu) has joined #duraspace</span><br />
<span class="irc-date">[14:35]</span> <span class="irc-green">* hpottinger (~hpottinge@mu-162198.dhcp.missouri.edu) has joined #duraspace</span><br />
<span class="irc-date">[16:10]</span> <span class="irc-green">* barmintor (~ba2213@dyn-128-59-158-133.dyn.columbia.edu) has left #duraspace</span><br />
<span class="irc-date">[17:01]</span> <span class="irc-green">* hpottinger (~hpottinge@mu-162198.dhcp.missouri.edu) has left #duraspace</span><br />
<span class="irc-date">[17:54]</span> <span class="irc-navy">* scottatm (~scottatm@adhcp218.evans.tamu.edu) Quit (Quit: scottatm)</span><br />
<span class="irc-date">[18:26]</span> <span class="irc-green">* hpottinger (~hpottinge@mu-162198.dhcp.missouri.edu) has joined #duraspace</span><br />
<span class="irc-date">[19:27]</span> <span class="irc-green">* scottatm (~scottatm@adhcp218.evans.tamu.edu) has joined #duraspace</span><br />
<span class="irc-date">[21:07]</span> <span class="irc-green">* mhwood (mwood@mhw.ulib.iupui.edu) has left #duraspace</span><br />
<span class="irc-date">[21:55]</span> <span class="irc-navy">* tdonohue (~tdonohue@67.177.108.221) Quit (Read error: Connection reset by peer)</span><br />
<span class="irc-date">[22:05]</span> <span class="irc-green">* hpottinger (~hpottinge@mu-162198.dhcp.missouri.edu) has left #duraspace</span><br />
