<span class="irc-date">[1:12]</span> <span class="irc-navy">* Disconnected.</span><br />
<span class="irc-date">[1:12]</span> <span class="irc-brown">-moorcock.freenode.net- *** Looking up your hostname...</span><br />
<span class="irc-date">[1:12]</span> <span class="irc-brown">-moorcock.freenode.net- *** Checking Ident</span><br />
<span class="irc-date">[1:12]</span> <span class="irc-brown">-moorcock.freenode.net- *** No Ident response</span><br />
<span class="irc-date">[1:12]</span> <span class="irc-brown">-moorcock.freenode.net- *** Found your hostname</span><br />
<span class="irc-date">[6:40]</span> <span class="irc-brown">-calvino.freenode.net- *** Looking up your hostname...</span><br />
<span class="irc-date">[6:40]</span> <span class="irc-brown">-calvino.freenode.net- *** Checking Ident</span><br />
<span class="irc-date">[6:40]</span> <span class="irc-brown">-calvino.freenode.net- *** Found your hostname</span><br />
<span class="irc-date">[6:40]</span> <span class="irc-brown">-calvino.freenode.net- *** No Ident response</span><br />
<span class="irc-date">[6:40]</span> <span class="irc-green">* DuraLogBot (~PircBot@atlas.duraspace.org) has joined #duraspace</span><br />
<span class="irc-date">[6:40]</span> <span class="irc-green">* Topic is '[Welcome to DuraSpace - This channel is logged - <a href="http://irclogs.duraspace.org/]'">http://irclogs.duraspace.org/]'</a></span><br />
<span class="irc-date">[6:40]</span> <span class="irc-green">* Set by cwilper!ad579d86@gateway/web/freenode/ip.173.87.157.134 on Fri Oct 22 01:19:41 UTC 2010</span><br />
<span class="irc-date">[12:01]</span> <span class="irc-green">* lyncode (~melo@bl23-37-160.dsl.telepac.pt) has joined #duraspace</span><br />
<span class="irc-date">[12:06]</span> <span class="irc-green">* mhwood (mwood@mhw.ulib.iupui.edu) has joined #duraspace</span><br />
<span class="irc-date">[12:35]</span> <span class="irc-navy">* lyncode (~melo@bl23-37-160.dsl.telepac.pt) Quit (Quit: lyncode)</span><br />
<span class="irc-date">[12:55]</span> <span class="irc-green">* lyncode (~DSpace@a213-22-236-207.cpe.netcabo.pt) has joined #duraspace</span><br />
<span class="irc-date">[13:10]</span> <span class="irc-navy">* lyncode (~DSpace@a213-22-236-207.cpe.netcabo.pt) Quit (Quit: lyncode)</span><br />
<span class="irc-date">[13:20]</span> <span class="irc-green">* tdonohue (~tdonohue@c-67-177-108-221.hsd1.il.comcast.net) has joined #duraspace</span><br />
<span class="irc-date">[13:24]</span> <span class="irc-green">* scottatm (~scottatm@adhcp218.evans.tamu.edu) has joined #duraspace</span><br />
<span class="irc-date">[14:21]</span> <span class="irc-green">* barmintor (~ba2213@dyn-butler-158-112.dyn.columbia.edu) has joined #duraspace</span><br />
<span class="irc-date">[14:58]</span> <span class="irc-navy">* barmintor (~ba2213@dyn-butler-158-112.dyn.columbia.edu) Quit (Quit: barmintor)</span><br />
<span class="irc-date">[15:51]</span> <span class="irc-navy">* scottatm (~scottatm@adhcp218.evans.tamu.edu) Quit (Ping timeout: 264 seconds)</span><br />
<span class="irc-date">[16:49]</span> <span class="irc-green">* scottatm_ (~scottatm@adhcp218.evans.tamu.edu) has joined #duraspace</span><br />
<span class="irc-date">[17:20]</span> <span class="irc-green">* eddies (~eddies@unaffiliated/eddies) has joined #duraspace</span><br />
<span class="irc-date">[17:23]</span> <span class="irc-green">* lyncode (~DSpace@bl23-37-160.dsl.telepac.pt) has joined #duraspace</span><br />
<span class="irc-date">[19:26]</span> <span class="irc-navy">* eddies (~eddies@unaffiliated/eddies) Quit (Quit: Leaving.)</span><br />
<span class="irc-date">[21:05]</span> <span class="irc-navy">* mhwood (mwood@mhw.ulib.iupui.edu) Quit (Remote host closed the connection)</span><br />
<span class="irc-date">[21:52]</span> <span class="irc-navy">* tdonohue (~tdonohue@c-67-177-108-221.hsd1.il.comcast.net) Quit (Read error: Connection reset by peer)</span><br />
