<span class="irc-date">[6:53]</span> <span class="irc-brown">-cameron.freenode.net- *** Looking up your hostname...</span><br />
<span class="irc-date">[6:53]</span> <span class="irc-brown">-cameron.freenode.net- *** Checking Ident</span><br />
<span class="irc-date">[6:53]</span> <span class="irc-brown">-cameron.freenode.net- *** Found your hostname</span><br />
<span class="irc-date">[6:53]</span> <span class="irc-brown">-cameron.freenode.net- *** No Ident response</span><br />
<span class="irc-date">[6:53]</span> <span class="irc-green">* DuraLogBot (~PircBot@atlas.duraspace.org) has joined #duraspace</span><br />
<span class="irc-date">[6:53]</span> <span class="irc-green">* Topic is '[Welcome to DuraSpace - This channel is logged - <a href="http://irclogs.duraspace.org/]'">http://irclogs.duraspace.org/]'</a></span><br />
<span class="irc-date">[6:53]</span> <span class="irc-green">* Set by cwilper!ad579d86@gateway/web/freenode/ip.173.87.157.134 on Fri Oct 22 01:19:41 UTC 2010</span><br />
<span class="irc-date">[11:44]</span> <span class="irc-green">* mhwood (mwood@mhw.ulib.iupui.edu) has joined #duraspace</span><br />
<span class="irc-date">[12:09]</span> <span class="irc-navy">* mhwood (mwood@mhw.ulib.iupui.edu) Quit (*.net *.split)</span><br />
<span class="irc-date">[12:09]</span> <span class="irc-navy">* barmintor_afk (~ba2213@franklin.cul.columbia.edu) Quit (*.net *.split)</span><br />
<span class="irc-date">[12:09]</span> <span class="irc-navy">* kshepherd (kim@ec2-184-73-177-234.compute-1.amazonaws.com) Quit (*.net *.split)</span><br />
<span class="irc-date">[12:10]</span> <span class="irc-green">* mhwood (mwood@mhw.ulib.iupui.edu) has joined #duraspace</span><br />
<span class="irc-date">[12:10]</span> <span class="irc-green">* barmintor_afk (~ba2213@franklin.cul.columbia.edu) has joined #duraspace</span><br />
<span class="irc-date">[12:10]</span> <span class="irc-green">* kshepherd (kim@ec2-184-73-177-234.compute-1.amazonaws.com) has joined #duraspace</span><br />
<span class="irc-date">[12:21]</span> <span class="irc-navy">* mhwood (mwood@mhw.ulib.iupui.edu) Quit (*.net *.split)</span><br />
<span class="irc-date">[12:21]</span> <span class="irc-navy">* barmintor_afk (~ba2213@franklin.cul.columbia.edu) Quit (*.net *.split)</span><br />
<span class="irc-date">[12:21]</span> <span class="irc-navy">* kshepherd (kim@ec2-184-73-177-234.compute-1.amazonaws.com) Quit (*.net *.split)</span><br />
<span class="irc-date">[12:22]</span> <span class="irc-green">* mhwood (mwood@mhw.ulib.iupui.edu) has joined #duraspace</span><br />
<span class="irc-date">[12:22]</span> <span class="irc-green">* barmintor_afk (~ba2213@franklin.cul.columbia.edu) has joined #duraspace</span><br />
<span class="irc-date">[12:22]</span> <span class="irc-green">* kshepherd (kim@ec2-184-73-177-234.compute-1.amazonaws.com) has joined #duraspace</span><br />
<span class="irc-date">[13:19]</span> <span class="irc-green">* tdonohue (~tdonohue@c-67-177-108-221.hsd1.il.comcast.net) has joined #duraspace</span><br />
<span class="irc-date">[15:38]</span> <span class="irc-green">* barmintor_afk is now known as barmintor</span><br />
<span class="irc-date">[16:19]</span> <span class="irc-navy">* ruebot (~ruebot@sc208d.library.yorku.ca) Quit (Ping timeout: 248 seconds)</span><br />
<span class="irc-date">[16:20]</span> <span class="irc-green">* ruebot (~ruebot@sc111b2.library.yorku.ca) has joined #duraspace</span><br />
<span class="irc-date">[16:22]</span> <span class="irc-green">* barmintor is now known as ba_sandwich</span><br />
<span class="irc-date">[16:22]</span> <span class="irc-navy">* ruebot (~ruebot@sc111b2.library.yorku.ca) Quit (Client Quit)</span><br />
<span class="irc-date">[16:23]</span> <span class="irc-green">* ruebot (~ruebot@sc111b2.library.yorku.ca) has joined #duraspace</span><br />
<span class="irc-date">[17:23]</span> <span class="irc-green">* ba_sandwich is now known as barmintor</span><br />
<span class="irc-date">[21:05]</span> <span class="irc-navy">* mhwood (mwood@mhw.ulib.iupui.edu) Quit (Remote host closed the connection)</span><br />
<span class="irc-date">[21:06]</span> <span class="irc-green">* mhwood (mwood@mhw.ulib.iupui.edu) has joined #duraspace</span><br />
<span class="irc-date">[21:07]</span> <span class="irc-navy">* mhwood (mwood@mhw.ulib.iupui.edu) Quit (Client Quit)</span><br />
<span class="irc-date">[21:09]</span> <span class="irc-green">* robint (52292725@gateway/web/freenode/ip.82.41.39.37) has joined #duraspace</span><br />
<span class="irc-date">[21:16]</span> <span class="irc-navy">* robint (52292725@gateway/web/freenode/ip.82.41.39.37) Quit (Quit: Page closed)</span><br />
<span class="irc-date">[21:22]</span> <span class="irc-green">* PeterDietz (~peterdiet@128.146.173.112) has joined #duraspace</span><br />
<span class="irc-date">[21:51]</span> <span class="irc-navy">* tdonohue (~tdonohue@c-67-177-108-221.hsd1.il.comcast.net) Quit (Read error: Connection reset by peer)</span><br />
<span class="irc-date">[22:15]</span> <span class="irc-green">* barmintor is now known as barmintor_home</span><br />
