<span class="irc-date">[2:34]</span> <span class="irc-green">* lyncode (~DSpace@bl23-47-147.dsl.telepac.pt) has joined #duraspace</span><br />
<span class="irc-date">[2:54]</span> <span class="irc-navy">* lyncode (~DSpace@bl23-47-147.dsl.telepac.pt) Quit (Quit: lyncode)</span><br />
<span class="irc-date">[6:31]</span> <span class="irc-brown">-barjavel.freenode.net- *** Looking up your hostname...</span><br />
<span class="irc-date">[6:31]</span> <span class="irc-brown">-barjavel.freenode.net- *** Checking Ident</span><br />
<span class="irc-date">[6:31]</span> <span class="irc-brown">-barjavel.freenode.net- *** Found your hostname</span><br />
<span class="irc-date">[6:31]</span> <span class="irc-brown">-barjavel.freenode.net- *** No Ident response</span><br />
<span class="irc-date">[6:31]</span> <span class="irc-green">* DuraLogBot (~PircBot@atlas.duraspace.org) has joined #duraspace</span><br />
<span class="irc-date">[6:31]</span> <span class="irc-green">* Topic is '[Welcome to DuraSpace - This channel is logged - <a href="http://irclogs.duraspace.org/]'">http://irclogs.duraspace.org/]'</a></span><br />
<span class="irc-date">[6:31]</span> <span class="irc-green">* Set by cwilper!ad579d86@gateway/web/freenode/ip.173.87.157.134 on Fri Oct 22 01:19:41 UTC 2010</span><br />
<span class="irc-date">[10:18]</span> <span class="irc-green">* lyncode (~DSpace@bl23-47-147.dsl.telepac.pt) has joined #duraspace</span><br />
<span class="irc-date">[11:04]</span> <span class="irc-green">* bradmc (~bradmc@207-172-69-79.c3-0.smr-ubr3.sbo-smr.ma.static.cable.rcn.com) has joined #duraspace</span><br />
<span class="irc-date">[11:05]</span> <span class="irc-navy">* bradmc (~bradmc@207-172-69-79.c3-0.smr-ubr3.sbo-smr.ma.static.cable.rcn.com) Quit (Client Quit)</span><br />
<span class="irc-date">[11:50]</span> <span class="irc-navy">* lyncode (~DSpace@bl23-47-147.dsl.telepac.pt) Quit (Quit: lyncode)</span><br />
<span class="irc-date">[12:22]</span> <span class="irc-green">* mhwood (mwood@mhw.ulib.iupui.edu) has joined #duraspace</span><br />
<span class="irc-date">[12:52]</span> <span class="irc-green">* lyncode (~DSpace@bl23-47-147.dsl.telepac.pt) has joined #duraspace</span><br />
<span class="irc-date">[13:18]</span> <span class="irc-green">* tdonohue (~tdonohue@c-67-177-108-221.hsd1.il.comcast.net) has joined #duraspace</span><br />
<span class="irc-date">[17:11]</span> <span class="irc-navy">* lyncode (~DSpace@bl23-47-147.dsl.telepac.pt) Quit (Quit: lyncode)</span><br />
<span class="irc-date">[19:06]</span> <span class="irc-green">* lyncode (~DSpace@bl23-47-147.dsl.telepac.pt) has joined #duraspace</span><br />
<span class="irc-date">[20:47]</span> <span class="irc-navy">* lyncode (~DSpace@bl23-47-147.dsl.telepac.pt) Quit (Quit: lyncode)</span><br />
<span class="irc-date">[21:11]</span> <span class="irc-navy">* mhwood (mwood@mhw.ulib.iupui.edu) Quit (Remote host closed the connection)</span><br />
<span class="irc-date">[21:53]</span> <span class="irc-navy">* tdonohue (~tdonohue@c-67-177-108-221.hsd1.il.comcast.net) Quit (Read error: Connection reset by peer)</span><br />
<span class="irc-date">[23:10]</span> <span class="irc-green">* lyncode (~DSpace@bl23-47-147.dsl.telepac.pt) has joined #duraspace</span><br />
