<span class="irc-date">[6:29]</span> <span class="irc-brown">-gibson.freenode.net- *** Looking up your hostname...</span><br />
<span class="irc-date">[6:29]</span> <span class="irc-brown">-gibson.freenode.net- *** Checking Ident</span><br />
<span class="irc-date">[6:29]</span> <span class="irc-brown">-gibson.freenode.net- *** Found your hostname</span><br />
<span class="irc-date">[6:29]</span> <span class="irc-brown">-gibson.freenode.net- *** No Ident response</span><br />
<span class="irc-date">[6:29]</span> <span class="irc-green">* DuraLogBot (~PircBot@atlas.duraspace.org) has joined #duraspace</span><br />
<span class="irc-date">[6:29]</span> <span class="irc-green">* Topic is '[Welcome to DuraSpace - This channel is logged - <a href="http://irclogs.duraspace.org/]'">http://irclogs.duraspace.org/]'</a></span><br />
<span class="irc-date">[6:29]</span> <span class="irc-green">* Set by cwilper!ad579d86@gateway/web/freenode/ip.173.87.157.134 on Fri Oct 22 01:19:41 UTC 2010</span><br />
<span class="irc-date">[8:12]</span> <span class="irc-green">* Asger (~abr@nat.statsbiblioteket.dk) has joined #duraspace</span><br />
<span class="irc-date">[8:27]</span> <span class="irc-navy">* Asger (~abr@nat.statsbiblioteket.dk) Quit (Ping timeout: 268 seconds)</span><br />
<span class="irc-date">[8:41]</span> <span class="irc-green">* Asger (~abr@nat.statsbiblioteket.dk) has joined #duraspace</span><br />
<span class="irc-date">[9:08]</span> <span class="irc-navy">* Asger (~abr@nat.statsbiblioteket.dk) Quit (Ping timeout: 248 seconds)</span><br />
<span class="irc-date">[9:24]</span> <span class="irc-green">* Asger (~abr@nat.statsbiblioteket.dk) has joined #duraspace</span><br />
<span class="irc-date">[12:17]</span> <span class="irc-green">* mhwood (mwood@mhw.ulib.iupui.edu) has joined #duraspace</span><br />
<span class="irc-date">[12:51]</span> <span class="irc-navy">* mhwood (mwood@mhw.ulib.iupui.edu) Quit (Quit: Leaving.)</span><br />
<span class="irc-date">[12:52]</span> <span class="irc-green">* mhwood (mwood@mhw.ulib.iupui.edu) has joined #duraspace</span><br />
<span class="irc-date">[12:57]</span> <span class="irc-green">* tdonohue (~tdonohue@c-67-177-108-221.hsd1.il.comcast.net) has joined #duraspace</span><br />
<span class="irc-date">[14:14]</span> <span class="irc-green">* barmintor (~ba2213@franklin.cul.columbia.edu) has joined #duraspace</span><br />
<span class="irc-date">[14:23]</span> <span class="irc-navy">* ruebot (~ruebot@LB-SC-S1B4DB.library.yorku.ca) Quit (Quit: Please, sir, I want some more.)</span><br />
<span class="irc-date">[14:26]</span> <span class="irc-navy">* Asger (~abr@nat.statsbiblioteket.dk) Quit (Quit: Leaving)</span><br />
<span class="irc-date">[14:39]</span> <span class="irc-navy">* kshepherd (kim@ec2-184-73-177-234.compute-1.amazonaws.com) Quit (*.net *.split)</span><br />
<span class="irc-date">[14:44]</span> <span class="irc-green">* kshepherd (kim@ec2-184-73-177-234.compute-1.amazonaws.com) has joined #duraspace</span><br />
<span class="irc-date">[14:45]</span> <span class="irc-green">* ruebot (~ruebot@LB-SC-S1B4DB.library.yorku.ca) has joined #duraspace</span><br />
<span class="irc-date">[16:11]</span> <span class="irc-green">* barmintor is now known as barmintor_lunch</span><br />
<span class="irc-date">[16:23]</span> <span class="irc-navy">* mhwood (mwood@mhw.ulib.iupui.edu) Quit (Remote host closed the connection)</span><br />
<span class="irc-date">[16:50]</span> <span class="irc-green">* barmintor_lunch is now known as barmintor</span><br />
<span class="irc-date">[21:18]</span> <span class="irc-green">* ryscher (~chatzilla@ryans.nescent.org) has joined #duraspace</span><br />
<span class="irc-date">[21:34]</span> <span class="irc-navy">* barmintor (~ba2213@franklin.cul.columbia.edu) Quit (Quit: barmintor)</span><br />
<span class="irc-date">[21:48]</span> <span class="irc-navy">* ryscher (~chatzilla@ryans.nescent.org) Quit (Ping timeout: 265 seconds)</span><br />
<span class="irc-date">[21:53]</span> <span class="irc-navy">* tdonohue (~tdonohue@c-67-177-108-221.hsd1.il.comcast.net) Quit (Read error: Connection reset by peer)</span><br />
