<span class="irc-date">[1:31]</span> <span class="irc-navy">* grahamtriggs (~Graham@host213-123-239-134.in-addr.btopenworld.com) Quit (Read error: Connection reset by peer)</span><br />
<span class="irc-date">[1:32]</span> <span class="irc-green">* grahamtriggs (~Graham@host213-123-239-134.in-addr.btopenworld.com) has joined #duraspace</span><br />
<span class="irc-date">[6:48]</span> <span class="irc-brown">-pratchett.freenode.net- *** Looking up your hostname...</span><br />
<span class="irc-date">[6:48]</span> <span class="irc-brown">-pratchett.freenode.net- *** Checking Ident</span><br />
<span class="irc-date">[6:48]</span> <span class="irc-brown">-pratchett.freenode.net- *** Found your hostname</span><br />
<span class="irc-date">[6:48]</span> <span class="irc-brown">-pratchett.freenode.net- *** No Ident response</span><br />
<span class="irc-date">[6:48]</span> <span class="irc-red">[frigg VERSION]</span><br />
<span class="irc-date">[6:48]</span> <span class="irc-green">* DuraLogBot (~PircBot@atlas.duraspace.org) has joined #duraspace</span><br />
<span class="irc-date">[6:48]</span> <span class="irc-green">* Topic is '[Welcome to DuraSpace - This channel is logged - <a href="http://irclogs.duraspace.org/]'">http://irclogs.duraspace.org/]'</a></span><br />
<span class="irc-date">[6:48]</span> <span class="irc-green">* Set by cwilper!ad579d86@gateway/web/freenode/ip.173.87.157.134 on Fri Oct 22 01:19:41 UTC 2010</span><br />
<span class="irc-date">[7:44]</span> <span class="irc-green">* grahamtriggs (~Graham@host213-123-239-134.in-addr.btopenworld.com) has left #duraspace</span><br />
<span class="irc-date">[12:59]</span> <span class="irc-green">* tdonohue (~tdonohue@c-67-177-108-221.hsd1.il.comcast.net) has joined #duraspace</span><br />
<span class="irc-date">[13:29]</span> <span class="irc-navy">* eddies (~eddies@unaffiliated/eddies) Quit (Quit: Leaving.)</span><br />
<span class="irc-date">[13:30]</span> <span class="irc-green">* eddies (~eddies@c-98-206-13-6.hsd1.il.comcast.net) has joined #duraspace</span><br />
<span class="irc-date">[13:30]</span> <span class="irc-navy">* eddies (~eddies@c-98-206-13-6.hsd1.il.comcast.net) Quit (Changing host)</span><br />
<span class="irc-date">[13:30]</span> <span class="irc-green">* eddies (~eddies@unaffiliated/eddies) has joined #duraspace</span><br />
<span class="irc-date">[13:30]</span> <span class="irc-navy">* eddies (~eddies@unaffiliated/eddies) Quit (Remote host closed the connection)</span><br />
<span class="irc-date">[14:18]</span> <span class="irc-navy">* tdonohue (~tdonohue@c-67-177-108-221.hsd1.il.comcast.net) Quit (Read error: Connection reset by peer)</span><br />
<span class="irc-date">[14:18]</span> <span class="irc-green">* mhwood (mwood@mhw.ulib.iupui.edu) has joined #duraspace</span><br />
<span class="irc-date">[14:21]</span> <span class="irc-green">* tdonohue (~tdonohue@c-67-177-108-221.hsd1.il.comcast.net) has joined #duraspace</span><br />
<span class="irc-date">[14:44]</span> <span class="irc-green">* linux4u (~james@employed.library.emory.edu) has joined #duraspace</span><br />
<span class="irc-date">[14:48]</span> <span class="irc-black">&lt;linux4u&gt; hi. I have an issue with fedora just stopping to log events.  the strange thing is that other logs also written to by log4j ie fedoraseach continue to work fine. and the log file is 13meg so its not huge. its a real mystery, there is nothing in the logs to indicate a problem.</span><br />
<span class="irc-date">[14:51]</span> <span class="irc-black">&lt;linux4u&gt; is there a reason fedora does not use the standard log4j and instead uses log4j-over-slf4j-1.5.10.jar instead of log4j-1.2.15.jar</span><br />
<span class="irc-date">[14:53]</span> <span class="irc-black">&lt;tdonohue&gt; Hi linux4u.   Looking at the list of folks in this room, I'm not sure we have any Fedora experts in here right now (unfortunately).  So, you may be better off asking this question on the fcrepo-dev (or fcrepo-user) listserv: <a href="https://lists.sourceforge.net/lists/listinfo/fedora-commons-developers">https://lists.sourceforge.net/lists/listinfo/fedora-commons-developers</a></span><br />
<span class="irc-date">[14:53]</span> <span class="irc-black">&lt;kompewter&gt; [ Fedora-commons-developers Info Page ] - <a href="https://lists.sourceforge.net/lists/listinfo/fedora-commons-developers">https://lists.sourceforge.net/lists/listinfo/fedora-commons-developers</a></span><br />
<span class="irc-date">[14:53]</span> <span class="irc-black">&lt;linux4u&gt; thanks tdonohue</span><br />
<span class="irc-date">[15:33]</span> <span class="irc-green">* eddies (~eddies@c-98-206-13-6.hsd1.il.comcast.net) has joined #duraspace</span><br />
<span class="irc-date">[15:33]</span> <span class="irc-navy">* eddies (~eddies@c-98-206-13-6.hsd1.il.comcast.net) Quit (Changing host)</span><br />
<span class="irc-date">[15:33]</span> <span class="irc-green">* eddies (~eddies@unaffiliated/eddies) has joined #duraspace</span><br />
<span class="irc-date">[20:55]</span> <span class="irc-navy">* mhwood (mwood@mhw.ulib.iupui.edu) Quit (Remote host closed the connection)</span><br />
<span class="irc-date">[21:52]</span> <span class="irc-navy">* tdonohue (~tdonohue@c-67-177-108-221.hsd1.il.comcast.net) Quit (Read error: Connection reset by peer)</span><br />
