<span class="irc-date">[4:26]</span> <span class="irc-navy">* eddies (~eddies@unaffiliated/eddies) Quit (Quit: Leaving.)</span><br />
<span class="irc-date">[4:36]</span> <span class="irc-green">* eddies (~eddies@bb121-6-144-138.singnet.com.sg) has joined #duraspace</span><br />
<span class="irc-date">[4:36]</span> <span class="irc-navy">* eddies (~eddies@bb121-6-144-138.singnet.com.sg) Quit (Changing host)</span><br />
<span class="irc-date">[4:36]</span> <span class="irc-green">* eddies (~eddies@unaffiliated/eddies) has joined #duraspace</span><br />
<span class="irc-date">[4:57]</span> <span class="irc-navy">* eddies (~eddies@unaffiliated/eddies) Quit (Quit: Leaving.)</span><br />
<span class="irc-date">[4:58]</span> <span class="irc-green">* eddies (~eddies@bb121-6-144-138.singnet.com.sg) has joined #duraspace</span><br />
<span class="irc-date">[4:58]</span> <span class="irc-navy">* eddies (~eddies@bb121-6-144-138.singnet.com.sg) Quit (Changing host)</span><br />
<span class="irc-date">[4:58]</span> <span class="irc-green">* eddies (~eddies@unaffiliated/eddies) has joined #duraspace</span><br />
<span class="irc-date">[4:58]</span> <span class="irc-navy">* eddies (~eddies@unaffiliated/eddies) Quit (Read error: Connection reset by peer)</span><br />
<span class="irc-date">[4:58]</span> <span class="irc-green">* eddies (~eddies@bb121-6-144-138.singnet.com.sg) has joined #duraspace</span><br />
<span class="irc-date">[4:58]</span> <span class="irc-navy">* eddies (~eddies@bb121-6-144-138.singnet.com.sg) Quit (Changing host)</span><br />
<span class="irc-date">[4:58]</span> <span class="irc-green">* eddies (~eddies@unaffiliated/eddies) has joined #duraspace</span><br />
<span class="irc-date">[4:58]</span> <span class="irc-green">* eddies is now known as Guest53661</span><br />
<span class="irc-date">[6:40]</span> <span class="irc-brown">-lindbohm.freenode.net- *** Looking up your hostname...</span><br />
<span class="irc-date">[6:40]</span> <span class="irc-brown">-lindbohm.freenode.net- *** Checking Ident</span><br />
<span class="irc-date">[6:40]</span> <span class="irc-brown">-lindbohm.freenode.net- *** Found your hostname</span><br />
<span class="irc-date">[6:40]</span> <span class="irc-brown">-lindbohm.freenode.net- *** No Ident response</span><br />
<span class="irc-date">[6:40]</span> <span class="irc-green">* DuraLogBot (~PircBot@atlas.duraspace.org) has joined #duraspace</span><br />
<span class="irc-date">[6:40]</span> <span class="irc-green">* Topic is '[Welcome to DuraSpace - This channel is logged - <a href="http://irclogs.duraspace.org/]'">http://irclogs.duraspace.org/]'</a></span><br />
<span class="irc-date">[6:40]</span> <span class="irc-green">* Set by cwilper!ad579d86@gateway/web/freenode/ip.173.87.157.134 on Fri Oct 22 01:19:41 UTC 2010</span><br />
<span class="irc-date">[10:31]</span> <span class="irc-navy">* Guest53661 (~eddies@unaffiliated/eddies) Quit (Quit: Leaving.)</span><br />
<span class="irc-date">[10:45]</span> <span class="irc-green">* eddies (~eddies@cm18.epsilon183.maxonline.com.sg) has joined #duraspace</span><br />
<span class="irc-date">[10:45]</span> <span class="irc-navy">* eddies (~eddies@cm18.epsilon183.maxonline.com.sg) Quit (Changing host)</span><br />
<span class="irc-date">[10:45]</span> <span class="irc-green">* eddies (~eddies@unaffiliated/eddies) has joined #duraspace</span><br />
<span class="irc-date">[12:13]</span> <span class="irc-green">* mhwood (mwood@mhw.ulib.iupui.edu) has joined #duraspace</span><br />
<span class="irc-date">[13:12]</span> <span class="irc-green">* tdonohue (~tdonohue@c-67-177-108-221.hsd1.il.comcast.net) has joined #duraspace</span><br />
<span class="irc-date">[17:21]</span> <span class="irc-green">* tdonohue (~tdonohue@c-67-177-108-221.hsd1.il.comcast.net) has left #duraspace</span><br />
<span class="irc-date">[17:21]</span> <span class="irc-green">* tdonohue (~tdonohue@c-67-177-108-221.hsd1.il.comcast.net) has joined #duraspace</span><br />
<span class="irc-date">[19:53]</span> <span class="irc-navy">* mhwood (mwood@mhw.ulib.iupui.edu) Quit (Remote host closed the connection)</span><br />
<span class="irc-date">[21:18]</span> <span class="irc-green">* helix84 (a@195.113.97.174) has left #duraspace</span><br />
<span class="irc-date">[21:34]</span> <span class="irc-navy">* scottatm (~scottatm@adhcp218.evans.tamu.edu) Quit (Quit: scottatm)</span><br />
<span class="irc-date">[21:53]</span> <span class="irc-navy">* tdonohue (~tdonohue@c-67-177-108-221.hsd1.il.comcast.net) Quit (Read error: Connection reset by peer)</span><br />
