<span class="irc-date">[0:40]</span> <span class="irc-navy">* mdiggory (~mdiggory@rrcs-74-87-47-114.west.biz.rr.com) Quit (Quit: mdiggory)</span><br />
<span class="irc-date">[1:08]</span> <span class="irc-navy">* cwilper (ad579cc8@gateway/web/freenode/ip.173.87.156.200) Quit (Quit: Page closed)</span><br />
<span class="irc-date">[2:17]</span> <span class="irc-green">* mdiggory (~mdiggory@ip72-199-216-7.sd.sd.cox.net) has joined #duraspace</span><br />
<span class="irc-date">[2:32]</span> <span class="irc-navy">* mdiggory (~mdiggory@ip72-199-216-7.sd.sd.cox.net) Quit (Quit: mdiggory)</span><br />
<span class="irc-date">[3:38]</span> <span class="irc-navy">* lyncode (~DSpace@bl23-37-97.dsl.telepac.pt) Quit (Quit: lyncode)</span><br />
<span class="irc-date">[6:28]</span> <span class="irc-brown">-cameron.freenode.net- *** Looking up your hostname...</span><br />
<span class="irc-date">[6:28]</span> <span class="irc-brown">-cameron.freenode.net- *** Checking Ident</span><br />
<span class="irc-date">[6:28]</span> <span class="irc-brown">-cameron.freenode.net- *** Found your hostname</span><br />
<span class="irc-date">[6:28]</span> <span class="irc-brown">-cameron.freenode.net- *** No Ident response</span><br />
<span class="irc-date">[6:28]</span> <span class="irc-green">* DuraLogBot (~PircBot@atlas.duraspace.org) has joined #duraspace</span><br />
<span class="irc-date">[6:28]</span> <span class="irc-green">* Topic is '[Welcome to DuraSpace - This channel is logged - <a href="http://irclogs.duraspace.org/]'">http://irclogs.duraspace.org/]'</a></span><br />
<span class="irc-date">[6:28]</span> <span class="irc-green">* Set by cwilper!ad579d86@gateway/web/freenode/ip.173.87.157.134 on Fri Oct 22 01:19:41 UTC 2010</span><br />
<span class="irc-date">[6:30]</span> <span class="irc-green">* mdiggory (~mdiggory@ip72-199-216-7.sd.sd.cox.net) has joined #duraspace</span><br />
<span class="irc-date">[8:15]</span> <span class="irc-green">* lyncode (~DSpace@bl23-37-97.dsl.telepac.pt) has joined #duraspace</span><br />
<span class="irc-date">[8:28]</span> <span class="irc-navy">* lyncode (~DSpace@bl23-37-97.dsl.telepac.pt) Quit (Quit: lyncode)</span><br />
<span class="irc-date">[8:43]</span> <span class="irc-navy">* mdiggory (~mdiggory@ip72-199-216-7.sd.sd.cox.net) Quit (Quit: mdiggory)</span><br />
<span class="irc-date">[12:05]</span> <span class="irc-green">* mhwood (mwood@mhw.ulib.iupui.edu) has joined #duraspace</span><br />
<span class="irc-date">[13:29]</span> <span class="irc-green">* tdonohue (~tdonohue@c-67-177-108-221.hsd1.il.comcast.net) has joined #duraspace</span><br />
<span class="irc-date">[13:33]</span> <span class="irc-navy">* ruebot (~ruebot@sc208d.library.yorku.ca) Quit (Quit: Please, sir, I want some more.)</span><br />
<span class="irc-date">[13:33]</span> <span class="irc-green">* ruebot (~ruebot@sc208d.library.yorku.ca) has joined #duraspace</span><br />
<span class="irc-date">[14:24]</span> <span class="irc-green">* barmintor_afk is now known as barmintor</span><br />
<span class="irc-date">[15:11]</span> <span class="irc-green">* mdiggory (~mdiggory@ip72-199-216-7.sd.sd.cox.net) has joined #duraspace</span><br />
<span class="irc-date">[15:37]</span> <span class="irc-navy">* mdiggory (~mdiggory@ip72-199-216-7.sd.sd.cox.net) Quit (Quit: mdiggory)</span><br />
<span class="irc-date">[16:39]</span> <span class="irc-green">* barmintor is now known as barmintor_lunch</span><br />
<span class="irc-date">[16:53]</span> <span class="irc-green">* lyncode (~DSpace@a89-155-3-84.cpe.netcabo.pt) has joined #duraspace</span><br />
<span class="irc-date">[16:53]</span> <span class="irc-green">* mdiggory (~mdiggory@rrcs-74-87-47-114.west.biz.rr.com) has joined #duraspace</span><br />
<span class="irc-date">[16:58]</span> <span class="irc-green">* barmintor_lunch_ (~ba2213@franklin.cul.columbia.edu) has joined #duraspace</span><br />
<span class="irc-date">[17:01]</span> <span class="irc-navy">* barmintor_lunch (~ba2213@dyn-butler-158-112.dyn.columbia.edu) Quit (Read error: Operation timed out)</span><br />
<span class="irc-date">[17:01]</span> <span class="irc-green">* barmintor_lunch_ is now known as barmintor_lunch</span><br />
<span class="irc-date">[17:02]</span> <span class="irc-navy">* lyncode (~DSpace@a89-155-3-84.cpe.netcabo.pt) Quit (Quit: lyncode)</span><br />
<span class="irc-date">[19:04]</span> <span class="irc-green">* lyncode (~DSpace@bl23-37-97.dsl.telepac.pt) has joined #duraspace</span><br />
<span class="irc-date">[19:31]</span> <span class="irc-navy">* lyncode (~DSpace@bl23-37-97.dsl.telepac.pt) Quit (Quit: lyncode)</span><br />
<span class="irc-date">[19:48]</span> <span class="irc-green">* barmintor_lunch is now known as barmintor</span><br />
<span class="irc-date">[21:08]</span> <span class="irc-navy">* mhwood (mwood@mhw.ulib.iupui.edu) Quit (Remote host closed the connection)</span><br />
<span class="irc-date">[21:30]</span> <span class="irc-navy">* PeterDietz (~peterdiet@128.146.173.112) Quit (Remote host closed the connection)</span><br />
<span class="irc-date">[21:52]</span> <span class="irc-navy">* tdonohue (~tdonohue@c-67-177-108-221.hsd1.il.comcast.net) Quit (Read error: Connection reset by peer)</span><br />
<span class="irc-date">[22:38]</span> <span class="irc-green">* barmintor is now known as barmintor_afk</span><br />
