<span class="irc-date">[6:48]</span> <span class="irc-brown">-verne.freenode.net- *** Looking up your hostname...</span><br />
<span class="irc-date">[6:48]</span> <span class="irc-brown">-verne.freenode.net- *** Checking Ident</span><br />
<span class="irc-date">[6:48]</span> <span class="irc-brown">-verne.freenode.net- *** Found your hostname</span><br />
<span class="irc-date">[6:48]</span> <span class="irc-brown">-verne.freenode.net- *** No Ident response</span><br />
<span class="irc-date">[6:48]</span> <span class="irc-red">[frigg VERSION]</span><br />
<span class="irc-date">[6:48]</span> <span class="irc-green">* DuraLogBot (~PircBot@atlas.duraspace.org) has joined #duraspace</span><br />
<span class="irc-date">[6:48]</span> <span class="irc-green">* Topic is '[Welcome to DuraSpace - This channel is logged - <a href="http://irclogs.duraspace.org/]'">http://irclogs.duraspace.org/]'</a></span><br />
<span class="irc-date">[6:48]</span> <span class="irc-green">* Set by cwilper!ad579d86@gateway/web/freenode/ip.173.87.157.134 on Fri Oct 22 01:19:41 UTC 2010</span><br />
<span class="irc-date">[14:06]</span> <span class="irc-green">* tdonohue (~tdonohue@c-50-129-94-92.hsd1.il.comcast.net) has joined #duraspace</span><br />
<span class="irc-date">[14:43]</span> <span class="irc-green">* jonathangee (~jgreen@24.222.57.34) has joined #duraspace</span><br />
<span class="irc-date">[15:02]</span> <span class="irc-navy">* tdonohue (~tdonohue@c-50-129-94-92.hsd1.il.comcast.net) Quit (Read error: Connection reset by peer)</span><br />
<span class="irc-date">[15:05]</span> <span class="irc-green">* tdonohue (~tdonohue@c-50-129-94-92.hsd1.il.comcast.net) has joined #duraspace</span><br />
<span class="irc-date">[16:21]</span> <span class="irc-navy">* jonathangee (~jgreen@24.222.57.34) Quit (Quit: jonathangee)</span><br />
<span class="irc-date">[16:30]</span> <span class="irc-navy">* tdonohue (~tdonohue@c-50-129-94-92.hsd1.il.comcast.net) Quit (Read error: Connection reset by peer)</span><br />
<span class="irc-date">[16:32]</span> <span class="irc-green">* tdonohue (~tdonohue@c-50-129-94-92.hsd1.il.comcast.net) has joined #duraspace</span><br />
<span class="irc-date">[16:33]</span> <span class="irc-green">* jonathangee (~jgreen@blk-142-16-43.eastlink.ca) has joined #duraspace</span><br />
<span class="irc-date">[17:23]</span> <span class="irc-navy">* jonathangee (~jgreen@blk-142-16-43.eastlink.ca) Quit (Quit: jonathangee)</span><br />
<span class="irc-date">[18:21]</span> <span class="irc-green">* jonathangee (~jgreen@24.222.57.34) has joined #duraspace</span><br />
<span class="irc-date">[18:53]</span> <span class="irc-navy">* tdonohue (~tdonohue@c-50-129-94-92.hsd1.il.comcast.net) Quit (Quit: Leaving)</span><br />
<span class="irc-date">[18:53]</span> <span class="irc-green">* tdonohue (~tdonohue@c-50-129-94-92.hsd1.il.comcast.net) has joined #duraspace</span><br />
<span class="irc-date">[21:26]</span> <span class="irc-navy">* scottatm_ (~scottatm@adhcp210.evans.tamu.edu) Quit (Quit: scottatm_)</span><br />
<span class="irc-date">[21:36]</span> <span class="irc-navy">* jonathangee (~jgreen@24.222.57.34) Quit (Quit: jonathangee)</span><br />
<span class="irc-date">[22:18]</span> <span class="irc-green">* hpottinger (~hpottinge@mu-162198.dhcp.missouri.edu) has joined #duraspace</span><br />
<span class="irc-date">[22:50]</span> <span class="irc-navy">* hpottinger (~hpottinge@mu-162198.dhcp.missouri.edu) Quit (Quit: Later, taterz!)</span><br />
<span class="irc-date">[22:50]</span> <span class="irc-navy">* tdonohue (~tdonohue@c-50-129-94-92.hsd1.il.comcast.net) Quit (Remote host closed the connection)</span><br />
