<span class="irc-date">[6:30]</span> <span class="irc-brown">-lindbohm.freenode.net- *** Looking up your hostname...</span><br />
<span class="irc-date">[6:30]</span> <span class="irc-brown">-lindbohm.freenode.net- *** Checking Ident</span><br />
<span class="irc-date">[6:30]</span> <span class="irc-brown">-lindbohm.freenode.net- *** Found your hostname</span><br />
<span class="irc-date">[6:30]</span> <span class="irc-brown">-lindbohm.freenode.net- *** No Ident response</span><br />
<span class="irc-date">[6:30]</span> <span class="irc-green">* DuraLogBot (~PircBot@atlas.duraspace.org) has joined #duraspace</span><br />
<span class="irc-date">[6:30]</span> <span class="irc-green">* Topic is '[Welcome to DuraSpace - This channel is logged - <a href="http://irclogs.duraspace.org/]'">http://irclogs.duraspace.org/]'</a></span><br />
<span class="irc-date">[6:30]</span> <span class="irc-green">* Set by cwilper!ad579d86@gateway/web/freenode/ip.173.87.157.134 on Fri Oct 22 01:19:41 UTC 2010</span><br />
<span class="irc-date">[12:22]</span> <span class="irc-green">* bradmc (~bradmc@207-172-69-79.c3-0.smr-ubr3.sbo-smr.ma.static.cable.rcn.com) has joined #duraspace</span><br />
<span class="irc-date">[15:03]</span> <span class="irc-navy">* bradmc (~bradmc@207-172-69-79.c3-0.smr-ubr3.sbo-smr.ma.static.cable.rcn.com) Quit (Quit: bradmc)</span><br />
<span class="irc-date">[15:03]</span> <span class="irc-green">* cbeer (cbeer@2600:3c03::f03c:91ff:fedf:a498) has joined #duraspace</span><br />
<span class="irc-date">[15:04]</span> <span class="irc-green">* cbeer (cbeer@2600:3c03::f03c:91ff:fedf:a498) has left #duraspace</span><br />
<span class="irc-date">[15:57]</span> <span class="irc-green">* bradmc (~bradmc@207-172-69-79.c3-0.smr-ubr3.sbo-smr.ma.static.cable.rcn.com) has joined #duraspace</span><br />
<span class="irc-date">[16:43]</span> <span class="irc-navy">* bradmc (~bradmc@207-172-69-79.c3-0.smr-ubr3.sbo-smr.ma.static.cable.rcn.com) Quit (Quit: bradmc)</span><br />
<span class="irc-date">[18:38]</span> <span class="irc-green">* bradmc (~bradmc@207-172-69-79.c3-0.smr-ubr3.sbo-smr.ma.static.cable.rcn.com) has joined #duraspace</span><br />
<span class="irc-date">[18:45]</span> <span class="irc-navy">* mdiggory (~mdiggory@ip72-199-216-7.sd.sd.cox.net) Quit (Quit: mdiggory)</span><br />
<span class="irc-date">[18:50]</span> <span class="irc-green">* mdiggory (~mdiggory@ip72-199-216-7.sd.sd.cox.net) has joined #duraspace</span><br />
<span class="irc-date">[20:00]</span> <span class="irc-navy">* mdiggory (~mdiggory@ip72-199-216-7.sd.sd.cox.net) Quit (Quit: mdiggory)</span><br />
<span class="irc-date">[21:27]</span> <span class="irc-green">* mdiggory (~mdiggory@ip72-199-216-7.sd.sd.cox.net) has joined #duraspace</span><br />
<span class="irc-date">[21:47]</span> <span class="irc-navy">* mdiggory (~mdiggory@ip72-199-216-7.sd.sd.cox.net) Quit (Quit: mdiggory)</span><br />
<span class="irc-date">[22:09]</span> <span class="irc-green">* mdiggory (~mdiggory@68-29-111-220.pools.spcsdns.net) has joined #duraspace</span><br />
<span class="irc-date">[23:09]</span> <span class="irc-navy">* mdiggory (~mdiggory@68-29-111-220.pools.spcsdns.net) Quit (Remote host closed the connection)</span><br />
<span class="irc-date">[23:39]</span> <span class="irc-green">* mdiggory (~mdiggory@ip72-199-216-7.sd.sd.cox.net) has joined #duraspace</span><br />
