<span class="irc-date">[0:19]</span> <span class="irc-green">* lyncode (~DSpace@bl23-33-254.dsl.telepac.pt) has joined #duraspace</span><br />
<span class="irc-date">[4:02]</span> <span class="irc-navy">* eddies (~eddies@unaffiliated/eddies) Quit (Quit: Leaving.)</span><br />
<span class="irc-date">[4:24]</span> <span class="irc-green">* eddies (~eddies@bb121-6-237-195.singnet.com.sg) has joined #duraspace</span><br />
<span class="irc-date">[4:24]</span> <span class="irc-navy">* eddies (~eddies@bb121-6-237-195.singnet.com.sg) Quit (Changing host)</span><br />
<span class="irc-date">[4:24]</span> <span class="irc-green">* eddies (~eddies@unaffiliated/eddies) has joined #duraspace</span><br />
<span class="irc-date">[6:54]</span> <span class="irc-brown">-zelazny.freenode.net- *** Looking up your hostname...</span><br />
<span class="irc-date">[6:54]</span> <span class="irc-brown">-zelazny.freenode.net- *** Checking Ident</span><br />
<span class="irc-date">[6:54]</span> <span class="irc-brown">-zelazny.freenode.net- *** Found your hostname</span><br />
<span class="irc-date">[6:54]</span> <span class="irc-brown">-zelazny.freenode.net- *** No Ident response</span><br />
<span class="irc-date">[6:54]</span> <span class="irc-green">* DuraLogBot (~PircBot@atlas.duraspace.org) has joined #duraspace</span><br />
<span class="irc-date">[6:54]</span> <span class="irc-green">* Topic is '[Welcome to DuraSpace - This channel is logged - <a href="http://irclogs.duraspace.org/]'">http://irclogs.duraspace.org/]'</a></span><br />
<span class="irc-date">[6:54]</span> <span class="irc-green">* Set by cwilper!ad579d86@gateway/web/freenode/ip.173.87.157.134 on Fri Oct 22 01:19:41 UTC 2010</span><br />
<span class="irc-date">[7:31]</span> <span class="irc-navy">* eddies (~eddies@unaffiliated/eddies) Quit (Quit: Leaving.)</span><br />
<span class="irc-date">[7:53]</span> <span class="irc-navy">* elschlomo (~ruckus@HSI-KBW-46-223-116-28.hsi.kabel-badenwuerttemberg.de) Quit (Remote host closed the connection)</span><br />
<span class="irc-date">[8:04]</span> <span class="irc-navy">* lyncode (~DSpace@bl23-33-254.dsl.telepac.pt) Quit (Quit: lyncode)</span><br />
<span class="irc-date">[14:12]</span> <span class="irc-green">* barmintor_afk is now known as barmintor</span><br />
<span class="irc-date">[16:44]</span> <span class="irc-green">* barmintor is now known as barmintor_afk</span><br />
<span class="irc-date">[17:22]</span> <span class="irc-green">* barmintor_afk is now known as barmintor</span><br />
<span class="irc-date">[21:30]</span> <span class="irc-navy">* scottatm (~scottatm@adhcp218.evans.tamu.edu) Quit (Quit: scottatm)</span><br />
<span class="irc-date">[21:35]</span> <span class="irc-green">* barmintor is now known as barmintor_afk</span><br />
