<span class="irc-date">[6:48]</span> <span class="irc-brown">-moorcock.freenode.net- *** Looking up your hostname...</span><br />
<span class="irc-date">[6:48]</span> <span class="irc-brown">-moorcock.freenode.net- *** Checking Ident</span><br />
<span class="irc-date">[6:48]</span> <span class="irc-brown">-moorcock.freenode.net- *** Found your hostname</span><br />
<span class="irc-date">[6:49]</span> <span class="irc-brown">-moorcock.freenode.net- *** No Ident response</span><br />
<span class="irc-date">[6:49]</span> <span class="irc-green">* DuraLogBot (~PircBot@atlas.duraspace.org) has joined #duraspace</span><br />
<span class="irc-date">[6:49]</span> <span class="irc-green">* Topic is '[Welcome to DuraSpace - This channel is logged - <a href="http://irclogs.duraspace.org/]'">http://irclogs.duraspace.org/]'</a></span><br />
<span class="irc-date">[6:49]</span> <span class="irc-green">* Set by cwilper!ad579d86@gateway/web/freenode/ip.173.87.157.134 on Fri Oct 22 01:19:41 UTC 2010</span><br />
<span class="irc-date">[8:03]</span> <span class="irc-green">* pdurbin (~pdurbin@server1.greptilian.com) has joined #duraspace</span><br />
<span class="irc-date">[9:18]</span> <span class="irc-navy">* pdurbin (~pdurbin@server1.greptilian.com) Quit (*.net *.split)</span><br />
<span class="irc-date">[9:18]</span> <span class="irc-navy">* ruebot (~ruebot@pdpc/supporter/professional/ruebot) Quit (*.net *.split)</span><br />
<span class="irc-date">[9:18]</span> <span class="irc-navy">* snail (~yeatesst@130.195.179.107) Quit (*.net *.split)</span><br />
<span class="irc-date">[9:18]</span> <span class="irc-navy">* misilot (~misilot@p-body.lib.fit.edu) Quit (*.net *.split)</span><br />
<span class="irc-date">[9:18]</span> <span class="irc-navy">* jonathangee (~jonathang@blk-222-249-31.eastlink.ca) Quit (*.net *.split)</span><br />
<span class="irc-date">[9:18]</span> <span class="irc-navy">* kshepherd (kim@ec2-184-73-177-234.compute-1.amazonaws.com) Quit (*.net *.split)</span><br />
<span class="irc-date">[9:18]</span> <span class="irc-navy">* ChanServ (ChanServ@services.) Quit (*.net *.split)</span><br />
<span class="irc-date">[9:18]</span> <span class="irc-navy">* kompewter (~kompewter@ec2-50-17-201-82.compute-1.amazonaws.com) Quit (*.net *.split)</span><br />
<span class="irc-date">[9:21]</span> <span class="irc-green">* pdurbin (~pdurbin@server1.greptilian.com) has joined #duraspace</span><br />
<span class="irc-date">[9:21]</span> <span class="irc-green">* jonathangee (~jonathang@blk-222-249-31.eastlink.ca) has joined #duraspace</span><br />
<span class="irc-date">[9:21]</span> <span class="irc-green">* ruebot (~ruebot@pdpc/supporter/professional/ruebot) has joined #duraspace</span><br />
<span class="irc-date">[9:21]</span> <span class="irc-green">* snail (~yeatesst@130.195.179.107) has joined #duraspace</span><br />
<span class="irc-date">[9:21]</span> <span class="irc-green">* misilot (~misilot@p-body.lib.fit.edu) has joined #duraspace</span><br />
<span class="irc-date">[9:21]</span> <span class="irc-green">* kompewter (~kompewter@ec2-50-17-201-82.compute-1.amazonaws.com) has joined #duraspace</span><br />
<span class="irc-date">[9:21]</span> <span class="irc-green">* ChanServ (ChanServ@services.) has joined #duraspace</span><br />
<span class="irc-date">[9:21]</span> <span class="irc-green">* kshepherd (kim@ec2-184-73-177-234.compute-1.amazonaws.com) has joined #duraspace</span><br />
<span class="irc-date">[12:20]</span> <span class="irc-navy">* jonathangee (~jonathang@blk-222-249-31.eastlink.ca) Quit (Ping timeout: 248 seconds)</span><br />
<span class="irc-date">[12:22]</span> <span class="irc-green">* jonathangee (~jonathang@199.255.218.217) has joined #duraspace</span><br />
<span class="irc-date">[12:25]</span> <span class="irc-green">* mhwood (mwood@mhw.ulib.iupui.edu) has joined #duraspace</span><br />
<span class="irc-date">[12:40]</span> <span class="irc-green">* tdonohue (~tdonohue@c-67-177-111-99.hsd1.il.comcast.net) has joined #duraspace</span><br />
<span class="irc-date">[12:45]</span> <span class="irc-green">* fasseg (~fas@HSI-KBW-095-208-193-241.hsi5.kabel-badenwuerttemberg.de) has joined #duraspace</span><br />
<span class="irc-date">[14:44]</span> <span class="irc-navy">* jonathangee (~jonathang@199.255.218.217) Quit (Quit: ZNC - <a href="http://znc.in)">http://znc.in)</a></span><br />
<span class="irc-date">[14:45]</span> <span class="irc-green">* jonathangee (~jonathang@199.255.218.217) has joined #duraspace</span><br />
<span class="irc-date">[14:54]</span> <span class="irc-green">* awoods (~awoods@c-67-165-245-76.hsd1.co.comcast.net) has joined #duraspace</span><br />
<span class="irc-date">[20:53]</span> <span class="irc-navy">* mhwood (mwood@mhw.ulib.iupui.edu) Quit (Remote host closed the connection)</span><br />
<span class="irc-date">[20:59]</span> <span class="irc-green">* mhwood (mwood@mhw.ulib.iupui.edu) has joined #duraspace</span><br />
<span class="irc-date">[21:03]</span> <span class="irc-navy">* mhwood (mwood@mhw.ulib.iupui.edu) Quit (Remote host closed the connection)</span><br />
<span class="irc-date">[22:08]</span> <span class="irc-green">* tdonohue (~tdonohue@c-67-177-111-99.hsd1.il.comcast.net) has left #duraspace</span><br />
<span class="irc-date">[23:56]</span> <span class="irc-navy">* misilot (~misilot@p-body.lib.fit.edu) Quit (Quit: Leaving)</span><br />
