<span class="irc-date">[3:19]</span> <span class="irc-green">* PeterDietz (~peterdiet@162-231-20-234.lightspeed.clmboh.sbcglobal.net) has joined #duraspace</span><br />
<span class="irc-date">[4:06]</span> <span class="irc-navy">* PeterDietz (~peterdiet@162-231-20-234.lightspeed.clmboh.sbcglobal.net) Quit (Remote host closed the connection)</span><br />
<span class="irc-date">[5:01]</span> <span class="irc-green">* PeterDietz (~peterdiet@162-231-20-234.lightspeed.clmboh.sbcglobal.net) has joined #duraspace</span><br />
<span class="irc-date">[6:11]</span> <span class="irc-navy">* PeterDietz (~peterdiet@162-231-20-234.lightspeed.clmboh.sbcglobal.net) Quit (Remote host closed the connection)</span><br />
<span class="irc-date">[6:53]</span> <span class="irc-brown">-barjavel.freenode.net- *** Looking up your hostname...</span><br />
<span class="irc-date">[6:53]</span> <span class="irc-brown">-barjavel.freenode.net- *** Checking Ident</span><br />
<span class="irc-date">[6:53]</span> <span class="irc-brown">-barjavel.freenode.net- *** Found your hostname</span><br />
<span class="irc-date">[6:53]</span> <span class="irc-brown">-barjavel.freenode.net- *** No Ident response</span><br />
<span class="irc-date">[6:54]</span> <span class="irc-green">* DuraLogBot (~PircBot@atlas.duraspace.org) has joined #duraspace</span><br />
<span class="irc-date">[6:54]</span> <span class="irc-green">* Topic is '[Welcome to DuraSpace - This channel is logged - <a href="http://irclogs.duraspace.org/]'">http://irclogs.duraspace.org/]'</a></span><br />
<span class="irc-date">[6:54]</span> <span class="irc-green">* Set by cwilper!ad579d86@gateway/web/freenode/ip.173.87.157.134 on Fri Oct 22 01:19:41 UTC 2010</span><br />
<span class="irc-date">[6:54]</span> <span class="irc-brown">-barjavel.freenode.net- [freenode-info] if you're at a conference and other people are having trouble connecting, please mention it to staff: <a href="http://freenode.net/faq.shtml#gettinghelp">http://freenode.net/faq.shtml#gettinghelp</a></span><br />
<span class="irc-date">[9:41]</span> <span class="irc-navy">* helix84 (~ctenar@195.178.95.132) Quit (Quit: leaving)</span><br />
<span class="irc-date">[13:21]</span> <span class="irc-green">* mhwood (mwood@mhw.ulib.iupui.edu) has joined #duraspace</span><br />
<span class="irc-date">[15:06]</span> <span class="irc-green">* PeterDietz (~peterdiet@dhcp-164-107-232-31.osuwireless.ohio-state.edu) has joined #duraspace</span><br />
<span class="irc-date">[15:33]</span> <span class="irc-navy">* PeterDietz (~peterdiet@dhcp-164-107-232-31.osuwireless.ohio-state.edu) Quit (Remote host closed the connection)</span><br />
<span class="irc-date">[15:41]</span> <span class="irc-green">* PeterDietz (~peterdiet@dhcp-164-107-232-31.osuwireless.ohio-state.edu) has joined #duraspace</span><br />
<span class="irc-date">[15:43]</span> <span class="irc-green">* PeterDie_ (~peterdiet@dhcp-164-107-232-31.osuwireless.ohio-state.edu) has joined #duraspace</span><br />
<span class="irc-date">[15:43]</span> <span class="irc-navy">* PeterDietz (~peterdiet@dhcp-164-107-232-31.osuwireless.ohio-state.edu) Quit (Read error: Connection reset by peer)</span><br />
<span class="irc-date">[15:43]</span> <span class="irc-green">* fasseg (~ruckus@HSI-KBW-091-089-154-204.hsi2.kabel-badenwuerttemberg.de) has joined #duraspace</span><br />
<span class="irc-date">[15:45]</span> <span class="irc-navy">* PeterDie_ (~peterdiet@dhcp-164-107-232-31.osuwireless.ohio-state.edu) Quit (Remote host closed the connection)</span><br />
<span class="irc-date">[15:45]</span> <span class="irc-navy">* fasseg (~ruckus@HSI-KBW-091-089-154-204.hsi2.kabel-badenwuerttemberg.de) Quit (Client Quit)</span><br />
<span class="irc-date">[16:55]</span> <span class="irc-green">* PeterDietz (~peterdiet@164.107.232.31) has joined #duraspace</span><br />
<span class="irc-date">[17:54]</span> <span class="irc-green">* hpottinger (~hpottinge@mu-161244.dhcp.missouri.edu) has joined #duraspace</span><br />
<span class="irc-date">[18:18]</span> <span class="irc-green">* PeterDie_ (~peterdiet@dietz72m1.lib.ohio-state.edu) has joined #duraspace</span><br />
<span class="irc-date">[18:20]</span> <span class="irc-navy">* PeterDietz (~peterdiet@164.107.232.31) Quit (Ping timeout: 260 seconds)</span><br />
<span class="irc-date">[20:30]</span> <span class="irc-green">* jonathangee (~jonathang@142.68.37.238) has left #duraspace</span><br />
<span class="irc-date">[21:30]</span> <span class="irc-navy">* PeterDie_ (~peterdiet@dietz72m1.lib.ohio-state.edu) Quit (Remote host closed the connection)</span><br />
<span class="irc-date">[21:41]</span> <span class="irc-green">* mhwood (mwood@mhw.ulib.iupui.edu) has left #duraspace</span><br />
<span class="irc-date">[22:40]</span> <span class="irc-navy">* hpottinger (~hpottinge@mu-161244.dhcp.missouri.edu) Quit (Quit: Later, taterz!)</span><br />
