<span class="irc-date">[2:57]</span> <span class="irc-green">* PeterDietz (~peterdiet@162-231-20-234.lightspeed.clmboh.sbcglobal.net) has joined #duraspace</span><br />
<span class="irc-date">[5:05]</span> <span class="irc-navy">* pdurbin (~pdurbin@server1.greptilian.com) Quit (Ping timeout: 272 seconds)</span><br />
<span class="irc-date">[5:23]</span> <span class="irc-green">* pdurbin (~pdurbin@server1.greptilian.com) has joined #duraspace</span><br />
<span class="irc-date">[5:57]</span> <span class="irc-navy">* PeterDietz (~peterdiet@162-231-20-234.lightspeed.clmboh.sbcglobal.net) Quit (Remote host closed the connection)</span><br />
<span class="irc-date">[6:55]</span> <span class="irc-brown">-adams.freenode.net- *** Looking up your hostname...</span><br />
<span class="irc-date">[6:55]</span> <span class="irc-brown">-adams.freenode.net- *** Checking Ident</span><br />
<span class="irc-date">[6:55]</span> <span class="irc-brown">-adams.freenode.net- *** Found your hostname</span><br />
<span class="irc-date">[6:55]</span> <span class="irc-brown">-adams.freenode.net- *** No Ident response</span><br />
<span class="irc-date">[6:55]</span> <span class="irc-green">* DuraLogBot (~PircBot@atlas.duraspace.org) has joined #duraspace</span><br />
<span class="irc-date">[6:55]</span> <span class="irc-green">* Topic is '[Welcome to DuraSpace - This channel is logged - <a href="http://irclogs.duraspace.org/]'">http://irclogs.duraspace.org/]'</a></span><br />
<span class="irc-date">[6:55]</span> <span class="irc-green">* Set by cwilper!ad579d86@gateway/web/freenode/ip.173.87.157.134 on Fri Oct 22 01:19:41 UTC 2010</span><br />
<span class="irc-date">[7:57]</span> <span class="irc-green">* PeterDietz (~peterdiet@162-231-20-234.lightspeed.clmboh.sbcglobal.net) has joined #duraspace</span><br />
<span class="irc-date">[8:02]</span> <span class="irc-navy">* PeterDietz (~peterdiet@162-231-20-234.lightspeed.clmboh.sbcglobal.net) Quit (Ping timeout: 245 seconds)</span><br />
<span class="irc-date">[9:58]</span> <span class="irc-green">* PeterDietz (~peterdiet@162-231-20-234.lightspeed.clmboh.sbcglobal.net) has joined #duraspace</span><br />
<span class="irc-date">[10:03]</span> <span class="irc-navy">* PeterDietz (~peterdiet@162-231-20-234.lightspeed.clmboh.sbcglobal.net) Quit (Ping timeout: 264 seconds)</span><br />
<span class="irc-date">[13:19]</span> <span class="irc-navy">* helix84 (~ctenar@195.178.95.132) Quit (Remote host closed the connection)</span><br />
<span class="irc-date">[13:22]</span> <span class="irc-navy">* DuraLogBot (~PircBot@atlas.duraspace.org) Quit (Ping timeout: 246 seconds)</span><br />
<span class="irc-date">[13:22]</span> <span class="irc-navy">* Disconnected.</span><br />
<span class="irc-date">[13:22]</span> <span class="irc-brown">-kornbluth.freenode.net- *** Looking up your hostname...</span><br />
<span class="irc-date">[13:22]</span> <span class="irc-brown">-kornbluth.freenode.net- *** Checking Ident</span><br />
<span class="irc-date">[13:22]</span> <span class="irc-brown">-kornbluth.freenode.net- *** Found your hostname</span><br />
<span class="irc-date">[13:22]</span> <span class="irc-brown">-kornbluth.freenode.net- *** No Ident response</span><br />
<span class="irc-date">[21:34]</span> <span class="irc-brown">-pratchett.freenode.net- *** Looking up your hostname...</span><br />
<span class="irc-date">[21:34]</span> <span class="irc-brown">-pratchett.freenode.net- *** Checking Ident</span><br />
<span class="irc-date">[21:34]</span> <span class="irc-brown">-pratchett.freenode.net- *** Found your hostname</span><br />
<span class="irc-date">[21:34]</span> <span class="irc-brown">-pratchett.freenode.net- *** No Ident response</span><br />
<span class="irc-date">[21:34]</span> <span class="irc-green">* DuraLogBot (~PircBot@atlas.duraspace.org) has joined #duraspace</span><br />
<span class="irc-date">[21:34]</span> <span class="irc-green">* Topic is '[Welcome to DuraSpace - This channel is logged - <a href="http://irclogs.duraspace.org/]'">http://irclogs.duraspace.org/]'</a></span><br />
<span class="irc-date">[21:34]</span> <span class="irc-green">* Set by cwilper!ad579d86@gateway/web/freenode/ip.173.87.157.134 on Fri Oct 22 01:19:41 UTC 2010</span><br />
<span class="irc-date">[22:47]</span> <span class="irc-navy">* PeterDie_ (~peterdiet@dietz72m1.lib.ohio-state.edu) Quit (Ping timeout: 248 seconds)</span><br />
<span class="irc-date">[22:51]</span> <span class="irc-green">* tdonohue (~tdonohue@c-50-179-112-246.hsd1.il.comcast.net) has left #duraspace</span><br />
