<span class="irc-date">[2:55]</span> <span class="irc-green">* eddies (~eddies@c-24-118-24-43.hsd1.mn.comcast.net) has joined #duraspace</span><br />
<span class="irc-date">[2:55]</span> <span class="irc-navy">* eddies (~eddies@c-24-118-24-43.hsd1.mn.comcast.net) Quit (Changing host)</span><br />
<span class="irc-date">[2:55]</span> <span class="irc-green">* eddies (~eddies@unaffiliated/eddies) has joined #duraspace</span><br />
<span class="irc-date">[2:56]</span> <span class="irc-navy">* eddies (~eddies@unaffiliated/eddies) Quit (Client Quit)</span><br />
<span class="irc-date">[3:30]</span> <span class="irc-green">* eddies (~eddies@c-24-118-24-43.hsd1.mn.comcast.net) has joined #duraspace</span><br />
<span class="irc-date">[3:30]</span> <span class="irc-navy">* eddies (~eddies@c-24-118-24-43.hsd1.mn.comcast.net) Quit (Changing host)</span><br />
<span class="irc-date">[3:30]</span> <span class="irc-green">* eddies (~eddies@unaffiliated/eddies) has joined #duraspace</span><br />
<span class="irc-date">[6:36]</span> <span class="irc-brown">-calvino.freenode.net- *** Looking up your hostname...</span><br />
<span class="irc-date">[6:36]</span> <span class="irc-brown">-calvino.freenode.net- *** Checking Ident</span><br />
<span class="irc-date">[6:36]</span> <span class="irc-brown">-calvino.freenode.net- *** Found your hostname</span><br />
<span class="irc-date">[6:36]</span> <span class="irc-brown">-calvino.freenode.net- *** No Ident response</span><br />
<span class="irc-date">[6:37]</span> <span class="irc-green">* DuraLogBot (~PircBot@atlas.duraspace.org) has joined #duraspace</span><br />
<span class="irc-date">[6:37]</span> <span class="irc-green">* Topic is '[Welcome to DuraSpace - This channel is logged - <a href="http://irclogs.duraspace.org/]'">http://irclogs.duraspace.org/]'</a></span><br />
<span class="irc-date">[6:37]</span> <span class="irc-green">* Set by cwilper!ad579d86@gateway/web/freenode/ip.173.87.157.134 on Fri Oct 22 01:19:41 UTC 2010</span><br />
<span class="irc-date">[12:08]</span> <span class="irc-green">* mhwood (mwood@mhw.ulib.iupui.edu) has joined #duraspace</span><br />
<span class="irc-date">[12:53]</span> <span class="irc-green">* tdonohue (~tdonohue@c-67-177-111-99.hsd1.il.comcast.net) has joined #duraspace</span><br />
<span class="irc-date">[13:50]</span> <span class="irc-green">* edco (~Adium@174.51.171.25) has joined #duraspace</span><br />
<span class="irc-date">[14:16]</span> <span class="irc-navy">* tdonohue (~tdonohue@c-67-177-111-99.hsd1.il.comcast.net) Quit (Read error: Connection reset by peer)</span><br />
<span class="irc-date">[14:19]</span> <span class="irc-navy">* eddies (~eddies@unaffiliated/eddies) Quit (Quit: Leaving.)</span><br />
<span class="irc-date">[14:25]</span> <span class="irc-green">* tdonohue (~tdonohue@c-67-177-111-99.hsd1.il.comcast.net) has joined #duraspace</span><br />
<span class="irc-date">[15:11]</span> <span class="irc-green">* eddies (~eddies@75-149-149-10-Minnesota.hfc.comcastbusiness.net) has joined #duraspace</span><br />
<span class="irc-date">[15:11]</span> <span class="irc-navy">* eddies (~eddies@75-149-149-10-Minnesota.hfc.comcastbusiness.net) Quit (Changing host)</span><br />
<span class="irc-date">[15:11]</span> <span class="irc-green">* eddies (~eddies@unaffiliated/eddies) has joined #duraspace</span><br />
<span class="irc-date">[15:24]</span> <span class="irc-navy">* eddies (~eddies@unaffiliated/eddies) Quit (Quit: Leaving.)</span><br />
<span class="irc-date">[15:27]</span> <span class="irc-green">* eddies (~eddies@75-149-149-10-Minnesota.hfc.comcastbusiness.net) has joined #duraspace</span><br />
<span class="irc-date">[15:27]</span> <span class="irc-navy">* eddies (~eddies@75-149-149-10-Minnesota.hfc.comcastbusiness.net) Quit (Changing host)</span><br />
<span class="irc-date">[15:27]</span> <span class="irc-green">* eddies (~eddies@unaffiliated/eddies) has joined #duraspace</span><br />
<span class="irc-date">[15:34]</span> <span class="irc-navy">* eddies (~eddies@unaffiliated/eddies) Quit (Quit: Leaving.)</span><br />
<span class="irc-date">[15:48]</span> <span class="irc-navy">* edco (~Adium@174.51.171.25) Quit (Quit: Leaving.)</span><br />
<span class="irc-date">[16:22]</span> <span class="irc-green">* edco (~Adium@seta.coalliance.org) has joined #duraspace</span><br />
<span class="irc-date">[16:56]</span> <span class="irc-green">* eddies (~eddies@75-149-149-10-Minnesota.hfc.comcastbusiness.net) has joined #duraspace</span><br />
<span class="irc-date">[16:56]</span> <span class="irc-navy">* eddies (~eddies@75-149-149-10-Minnesota.hfc.comcastbusiness.net) Quit (Changing host)</span><br />
<span class="irc-date">[16:56]</span> <span class="irc-green">* eddies (~eddies@unaffiliated/eddies) has joined #duraspace</span><br />
<span class="irc-date">[17:34]</span> <span class="irc-green">* hpottinger (~hpottinge@mu-162198.dhcp.missouri.edu) has joined #duraspace</span><br />
<span class="irc-date">[18:52]</span> <span class="irc-navy">* eddies (~eddies@unaffiliated/eddies) Quit (Quit: Leaving.)</span><br />
<span class="irc-date">[18:53]</span> <span class="irc-green">* eddies (~eddies@75-149-149-10-Minnesota.hfc.comcastbusiness.net) has joined #duraspace</span><br />
<span class="irc-date">[18:53]</span> <span class="irc-navy">* eddies (~eddies@75-149-149-10-Minnesota.hfc.comcastbusiness.net) Quit (Changing host)</span><br />
<span class="irc-date">[18:53]</span> <span class="irc-green">* eddies (~eddies@unaffiliated/eddies) has joined #duraspace</span><br />
<span class="irc-date">[19:12]</span> <span class="irc-navy">* eddies (~eddies@unaffiliated/eddies) Quit (Quit: Leaving.)</span><br />
<span class="irc-date">[19:32]</span> <span class="irc-green">* eddies (~eddies@75-149-149-10-Minnesota.hfc.comcastbusiness.net) has joined #duraspace</span><br />
<span class="irc-date">[19:32]</span> <span class="irc-navy">* eddies (~eddies@75-149-149-10-Minnesota.hfc.comcastbusiness.net) Quit (Changing host)</span><br />
<span class="irc-date">[19:32]</span> <span class="irc-green">* eddies (~eddies@unaffiliated/eddies) has joined #duraspace</span><br />
<span class="irc-date">[21:03]</span> <span class="irc-navy">* mhwood (mwood@mhw.ulib.iupui.edu) Quit (Remote host closed the connection)</span><br />
<span class="irc-date">[21:45]</span> <span class="irc-navy">* hpottinger (~hpottinge@mu-162198.dhcp.missouri.edu) Quit (Quit: Later, taterz!)</span><br />
<span class="irc-date">[22:09]</span> <span class="irc-green">* tdonohue (~tdonohue@c-67-177-111-99.hsd1.il.comcast.net) has left #duraspace</span><br />
<span class="irc-date">[22:25]</span> <span class="irc-navy">* eddies (~eddies@unaffiliated/eddies) Quit (Quit: Leaving.)</span><br />
<span class="irc-date">[22:57]</span> <span class="irc-green">* eddies (~eddies@c-24-118-24-43.hsd1.mn.comcast.net) has joined #duraspace</span><br />
<span class="irc-date">[22:57]</span> <span class="irc-navy">* eddies (~eddies@c-24-118-24-43.hsd1.mn.comcast.net) Quit (Changing host)</span><br />
<span class="irc-date">[22:57]</span> <span class="irc-green">* eddies (~eddies@unaffiliated/eddies) has joined #duraspace</span><br />
<span class="irc-date">[23:29]</span> <span class="irc-navy">* eddies (~eddies@unaffiliated/eddies) Quit (Quit: Leaving.)</span><br />
<span class="irc-date">[23:30]</span> <span class="irc-green">* eddies (~eddies@c-24-118-24-43.hsd1.mn.comcast.net) has joined #duraspace</span><br />
<span class="irc-date">[23:30]</span> <span class="irc-navy">* eddies (~eddies@c-24-118-24-43.hsd1.mn.comcast.net) Quit (Changing host)</span><br />
<span class="irc-date">[23:30]</span> <span class="irc-green">* eddies (~eddies@unaffiliated/eddies) has joined #duraspace</span><br />
<span class="irc-date">[23:40]</span> <span class="irc-navy">* eddies (~eddies@unaffiliated/eddies) Quit (Quit: Leaving.)</span><br />
<span class="irc-date">[23:53]</span> <span class="irc-green">* eddies (~eddies@c-24-118-24-43.hsd1.mn.comcast.net) has joined #duraspace</span><br />
<span class="irc-date">[23:53]</span> <span class="irc-navy">* eddies (~eddies@c-24-118-24-43.hsd1.mn.comcast.net) Quit (Changing host)</span><br />
<span class="irc-date">[23:53]</span> <span class="irc-green">* eddies (~eddies@unaffiliated/eddies) has joined #duraspace</span><br />
<span class="irc-date">[23:57]</span> <span class="irc-navy">* edco (~Adium@seta.coalliance.org) Quit (Quit: Leaving.)</span><br />
