<span class="irc-date">[0:04]</span> <span class="irc-navy">* lo5an_ (~textual@unaffiliated/lo5an) Quit (Quit: Textual IRC Client: www.textualapp.com)</span><br />
<span class="irc-date">[6:40]</span> <span class="irc-brown">-brooks.freenode.net- *** Looking up your hostname...</span><br />
<span class="irc-date">[6:40]</span> <span class="irc-brown">-brooks.freenode.net- *** Checking Ident</span><br />
<span class="irc-date">[6:40]</span> <span class="irc-brown">-brooks.freenode.net- *** Found your hostname</span><br />
<span class="irc-date">[6:40]</span> <span class="irc-brown">-brooks.freenode.net- *** No Ident response</span><br />
<span class="irc-date">[6:40]</span> <span class="irc-green">* DuraLogBot (~PircBot@atlas.duraspace.org) has joined #duraspace</span><br />
<span class="irc-date">[6:40]</span> <span class="irc-green">* Topic is '[Welcome to DuraSpace - This channel is logged - <a href="http://irclogs.duraspace.org/]'">http://irclogs.duraspace.org/]'</a></span><br />
<span class="irc-date">[6:40]</span> <span class="irc-green">* Set by cwilper!ad579d86@gateway/web/freenode/ip.173.87.157.134 on Fri Oct 22 01:19:41 UTC 2010</span><br />
<span class="irc-date">[11:55]</span> <span class="irc-green">* fasseg (~fas@HSI-KBW-095-208-235-163.hsi5.kabel-badenwuerttemberg.de) has joined #duraspace</span><br />
<span class="irc-date">[13:16]</span> <span class="irc-green">* mhwood (mwood@mhw.ulib.iupui.edu) has joined #duraspace</span><br />
<span class="irc-date">[13:51]</span> <span class="irc-green">* tdonohue (~tdonohue@c-67-177-111-99.hsd1.il.comcast.net) has joined #duraspace</span><br />
<span class="irc-date">[14:20]</span> <span class="irc-green">* misilot (~misilot@p-body.lib.fit.edu) has joined #duraspace</span><br />
<span class="irc-date">[14:40]</span> <span class="irc-navy">* misilot (~misilot@p-body.lib.fit.edu) Quit (Quit: Leaving)</span><br />
<span class="irc-date">[14:44]</span> <span class="irc-green">* misilot (~misilot@p-body.lib.fit.edu) has joined #duraspace</span><br />
<span class="irc-date">[16:18]</span> <span class="irc-green">* hpottinger (~hpottinge@mu-161244.dhcp.missouri.edu) has joined #duraspace</span><br />
<span class="irc-date">[18:06]</span> <span class="irc-green">* hpottinger (~hpottinge@mu-161244.dhcp.missouri.edu) has left #duraspace</span><br />
<span class="irc-date">[19:13]</span> <span class="irc-green">* GamesOnAToaster (~Coen@105-237-68-237.access.mtnbusiness.co.za) has joined #duraspace</span><br />
<span class="irc-date">[19:13]</span> <span class="irc-green">* GamesOnAToaster (~Coen@105-237-68-237.access.mtnbusiness.co.za) has left #duraspace</span><br />
<span class="irc-date">[21:23]</span> <span class="irc-navy">* fasseg (~fas@HSI-KBW-095-208-235-163.hsi5.kabel-badenwuerttemberg.de) Quit (Quit: Leaving)</span><br />
<span class="irc-date">[22:04]</span> <span class="irc-green">* mhwood (mwood@mhw.ulib.iupui.edu) has left #duraspace</span><br />
<span class="irc-date">[22:51]</span> <span class="irc-green">* tdonohue (~tdonohue@c-67-177-111-99.hsd1.il.comcast.net) has left #duraspace</span><br />
