<span class="irc-date">[0:50]</span> <span class="irc-green">* ksclarke (~kevin@pdpc/supporter/active/ksclarke) has joined #duraspace</span><br />
<span class="irc-date">[1:36]</span> <span class="irc-navy">* ksclarke (~kevin@pdpc/supporter/active/ksclarke) Quit (Quit: Leaving.)</span><br />
<span class="irc-date">[6:48]</span> <span class="irc-brown">-niven.freenode.net- *** Looking up your hostname...</span><br />
<span class="irc-date">[6:48]</span> <span class="irc-brown">-niven.freenode.net- *** Checking Ident</span><br />
<span class="irc-date">[6:48]</span> <span class="irc-brown">-niven.freenode.net- *** Found your hostname</span><br />
<span class="irc-date">[6:49]</span> <span class="irc-brown">-niven.freenode.net- *** No Ident response</span><br />
<span class="irc-date">[6:49]</span> <span class="irc-green">* DuraLogBot (~PircBot@atlas.duraspace.org) has joined #duraspace</span><br />
<span class="irc-date">[6:49]</span> <span class="irc-green">* Topic is '[Welcome to DuraSpace - This channel is logged - <a href="http://irclogs.duraspace.org/]'">http://irclogs.duraspace.org/]'</a></span><br />
<span class="irc-date">[6:49]</span> <span class="irc-green">* Set by cwilper!ad579d86@gateway/web/freenode/ip.173.87.157.134 on Fri Oct 22 01:19:41 UTC 2010</span><br />
<span class="irc-date">[7:39]</span> <span class="irc-green">* bigbrovar (~quassel@83.229.6.19) has joined #duraspace</span><br />
<span class="irc-date">[8:30]</span> <span class="irc-navy">* eddies (~eddies@unaffiliated/eddies) Quit (Quit: Leaving.)</span><br />
<span class="irc-date">[8:39]</span> <span class="irc-green">* eddies (~eddies@bb116-15-182-71.singnet.com.sg) has joined #duraspace</span><br />
<span class="irc-date">[8:39]</span> <span class="irc-navy">* eddies (~eddies@bb116-15-182-71.singnet.com.sg) Quit (Changing host)</span><br />
<span class="irc-date">[8:39]</span> <span class="irc-green">* eddies (~eddies@unaffiliated/eddies) has joined #duraspace</span><br />
<span class="irc-date">[10:39]</span> <span class="irc-navy">* misilot (~misilot@p-body.lib.fit.edu) Quit (*.net *.split)</span><br />
<span class="irc-date">[10:41]</span> <span class="irc-green">* misilot (~misilot@p-body.lib.fit.edu) has joined #duraspace</span><br />
<span class="irc-date">[11:34]</span> <span class="irc-green">* fasseg (~fas@HSI-KBW-078-043-007-220.hsi4.kabel-badenwuerttemberg.de) has joined #duraspace</span><br />
<span class="irc-date">[12:16]</span> <span class="irc-green">* mhwood (mwood@mhw.ulib.iupui.edu) has joined #duraspace</span><br />
<span class="irc-date">[12:25]</span> <span class="irc-navy">* bigbrovar (~quassel@83.229.6.19) Quit (Ping timeout: 264 seconds)</span><br />
<span class="irc-date">[12:25]</span> <span class="irc-green">* bigbrovar (~quassel@41.220.68.24.vgccl.net) has joined #duraspace</span><br />
<span class="irc-date">[12:39]</span> <span class="irc-navy">* bigbrovar (~quassel@41.220.68.24.vgccl.net) Quit (Ping timeout: 264 seconds)</span><br />
<span class="irc-date">[13:05]</span> <span class="irc-green">* tdonohue (~tdonohue@c-67-177-111-99.hsd1.il.comcast.net) has joined #duraspace</span><br />
<span class="irc-date">[13:07]</span> <span class="irc-green">* ksclarke (~kevin@pdpc/supporter/active/ksclarke) has joined #duraspace</span><br />
<span class="irc-date">[13:27]</span> <span class="irc-navy">* tdonohue (~tdonohue@c-67-177-111-99.hsd1.il.comcast.net) Quit (Quit: Leaving)</span><br />
<span class="irc-date">[13:28]</span> <span class="irc-green">* tdonohue (~tdonohue@c-67-177-111-99.hsd1.il.comcast.net) has joined #duraspace</span><br />
<span class="irc-date">[13:30]</span> <span class="irc-navy">* ksclarke (~kevin@pdpc/supporter/active/ksclarke) Quit (Quit: Leaving.)</span><br />
<span class="irc-date">[13:30]</span> <span class="irc-green">* ksclarke (~kevin@pdpc/supporter/active/ksclarke) has joined #duraspace</span><br />
<span class="irc-date">[13:33]</span> <span class="irc-navy">* tdonohue (~tdonohue@c-67-177-111-99.hsd1.il.comcast.net) Quit (Disconnected by services)</span><br />
<span class="irc-date">[13:33]</span> <span class="irc-green">* tdonohue1 (~tdonohue@c-67-177-111-99.hsd1.il.comcast.net) has joined #duraspace</span><br />
<span class="irc-date">[13:49]</span> <span class="irc-navy">* eddies (~eddies@unaffiliated/eddies) Quit (Quit: Leaving.)</span><br />
<span class="irc-date">[14:00]</span> <span class="irc-green">* eddies (~eddies@cm107.eta98.maxonline.com.sg) has joined #duraspace</span><br />
<span class="irc-date">[14:00]</span> <span class="irc-navy">* eddies (~eddies@cm107.eta98.maxonline.com.sg) Quit (Changing host)</span><br />
<span class="irc-date">[14:00]</span> <span class="irc-green">* eddies (~eddies@unaffiliated/eddies) has joined #duraspace</span><br />
<span class="irc-date">[14:53]</span> <span class="irc-green">* tdonohue1 is now known as tdonohue</span><br />
<span class="irc-date">[16:25]</span> <span class="irc-green">* PeterDietz (~peterdiet@dhcp-128-146-115-230.osuwireless.ohio-state.edu) has joined #duraspace</span><br />
<span class="irc-date">[17:09]</span> <span class="irc-green">* PeterDie_ (~peterdiet@128.146.173.70) has joined #duraspace</span><br />
<span class="irc-date">[17:10]</span> <span class="irc-navy">* PeterDietz (~peterdiet@dhcp-128-146-115-230.osuwireless.ohio-state.edu) Quit (Ping timeout: 255 seconds)</span><br />
<span class="irc-date">[18:06]</span> <span class="irc-green">* hpottinger (~hpottinge@mu-162198.dhcp.missouri.edu) has joined #duraspace</span><br />
<span class="irc-date">[19:25]</span> <span class="irc-navy">* hpottinger (~hpottinge@mu-162198.dhcp.missouri.edu) Quit (Quit: Later, taterz!)</span><br />
<span class="irc-date">[20:25]</span> <span class="irc-navy">* fasseg (~fas@HSI-KBW-078-043-007-220.hsi4.kabel-badenwuerttemberg.de) Quit (Quit: Leaving)</span><br />
<span class="irc-date">[21:14]</span> <span class="irc-navy">* mhwood (mwood@mhw.ulib.iupui.edu) Quit (Quit: Leaving.)</span><br />
<span class="irc-date">[21:52]</span> <span class="irc-navy">* tdonohue (~tdonohue@c-67-177-111-99.hsd1.il.comcast.net) Quit (Read error: Connection reset by peer)</span><br />
<span class="irc-date">[22:17]</span> <span class="irc-navy">* PeterDie_ (~peterdiet@128.146.173.70) Quit (Remote host closed the connection)</span><br />
