<span class="irc-date">[0:35]</span> <span class="irc-brown">-brooks.freenode.net- *** Looking up your hostname...</span><br />
<span class="irc-date">[0:35]</span> <span class="irc-brown">-brooks.freenode.net- *** Checking Ident</span><br />
<span class="irc-date">[0:35]</span> <span class="irc-brown">-brooks.freenode.net- *** Found your hostname</span><br />
<span class="irc-date">[0:35]</span> <span class="irc-brown">-brooks.freenode.net- *** No Ident response</span><br />
<span class="irc-date">[0:35]</span> <span class="irc-green">* DuraLogBot (~PircBot@atlas.duraspace.org) has joined #duraspace</span><br />
<span class="irc-date">[0:35]</span> <span class="irc-green">* Topic is '[Welcome to DuraSpace - This channel is logged - <a href="http://irclogs.duraspace.org/]'">http://irclogs.duraspace.org/]'</a></span><br />
<span class="irc-date">[0:35]</span> <span class="irc-green">* Set by cwilper!ad579d86@gateway/web/freenode/ip.173.87.157.134 on Fri Oct 22 01:19:41 UTC 2010</span><br />
<span class="irc-date">[1:43]</span> <span class="irc-navy">* PeterDietz (~peterdiet@dietz72m1.lib.ohio-state.edu) Quit (Remote host closed the connection)</span><br />
<span class="irc-date">[1:44]</span> <span class="irc-green">* PeterDietz (~peterdiet@dietz72m1.lib.ohio-state.edu) has joined #duraspace</span><br />
<span class="irc-date">[1:48]</span> <span class="irc-navy">* PeterDietz (~peterdiet@dietz72m1.lib.ohio-state.edu) Quit (Ping timeout: 248 seconds)</span><br />
<span class="irc-date">[5:09]</span> <span class="irc-green">* PeterDietz (~peterdiet@dietz72m1.lib.ohio-state.edu) has joined #duraspace</span><br />
<span class="irc-date">[5:13]</span> <span class="irc-navy">* PeterDietz (~peterdiet@dietz72m1.lib.ohio-state.edu) Quit (Ping timeout: 246 seconds)</span><br />
<span class="irc-date">[5:58]</span> <span class="irc-navy">* awoods (~awoods@70.114.129.113) Quit (Quit: Ex-Chat)</span><br />
<span class="irc-date">[6:41]</span> <span class="irc-brown">-brooks.freenode.net- *** Looking up your hostname...</span><br />
<span class="irc-date">[6:41]</span> <span class="irc-brown">-brooks.freenode.net- *** Checking Ident</span><br />
<span class="irc-date">[6:41]</span> <span class="irc-brown">-brooks.freenode.net- *** Found your hostname</span><br />
<span class="irc-date">[6:41]</span> <span class="irc-brown">-brooks.freenode.net- *** No Ident response</span><br />
<span class="irc-date">[6:41]</span> <span class="irc-green">* DuraLogBot (~PircBot@atlas.duraspace.org) has joined #duraspace</span><br />
<span class="irc-date">[6:41]</span> <span class="irc-green">* Topic is '[Welcome to DuraSpace - This channel is logged - <a href="http://irclogs.duraspace.org/]'">http://irclogs.duraspace.org/]'</a></span><br />
<span class="irc-date">[6:41]</span> <span class="irc-green">* Set by cwilper!ad579d86@gateway/web/freenode/ip.173.87.157.134 on Fri Oct 22 01:19:41 UTC 2010</span><br />
<span class="irc-date">[8:27]</span> <span class="irc-green">* fasseg (~fas@HSI-KBW-095-208-235-163.hsi5.kabel-badenwuerttemberg.de) has joined #duraspace</span><br />
<span class="irc-date">[8:45]</span> <span class="irc-navy">* fasseg (~fas@HSI-KBW-095-208-235-163.hsi5.kabel-badenwuerttemberg.de) Quit (Ping timeout: 260 seconds)</span><br />
<span class="irc-date">[11:11]</span> <span class="irc-green">* PeterDietz (~peterdiet@dietz72m1.lib.ohio-state.edu) has joined #duraspace</span><br />
<span class="irc-date">[11:15]</span> <span class="irc-navy">* PeterDietz (~peterdiet@dietz72m1.lib.ohio-state.edu) Quit (Ping timeout: 245 seconds)</span><br />
<span class="irc-date">[12:10]</span> <span class="irc-green">* fasseg (~fas@HSI-KBW-095-208-235-163.hsi5.kabel-badenwuerttemberg.de) has joined #duraspace</span><br />
<span class="irc-date">[13:10]</span> <span class="irc-green">* mhwood (mwood@mhw.ulib.iupui.edu) has joined #duraspace</span><br />
<span class="irc-date">[14:03]</span> <span class="irc-green">* tdonohue (~tdonohue@c-67-177-111-99.hsd1.il.comcast.net) has joined #duraspace</span><br />
<span class="irc-date">[14:36]</span> <span class="irc-navy">* fasseg (~fas@HSI-KBW-095-208-235-163.hsi5.kabel-badenwuerttemberg.de) Quit (Ping timeout: 260 seconds)</span><br />
<span class="irc-date">[14:40]</span> <span class="irc-green">* PeterDietz (~peterdiet@dietz72m1.lib.ohio-state.edu) has joined #duraspace</span><br />
<span class="irc-date">[17:49]</span> <span class="irc-green">* hpottinger (~hpottinge@mu-161244.dhcp.missouri.edu) has joined #duraspace</span><br />
<span class="irc-date">[22:11]</span> <span class="irc-green">* mhwood (mwood@mhw.ulib.iupui.edu) has left #duraspace</span><br />
<span class="irc-date">[22:28]</span> <span class="irc-navy">* misilot (~misilot@p-body.lib.fit.edu) Quit (Remote host closed the connection)</span><br />
<span class="irc-date">[22:37]</span> <span class="irc-navy">* hpottinger (~hpottinge@mu-161244.dhcp.missouri.edu) Quit (Quit: Later, taterz!)</span><br />
<span class="irc-date">[22:52]</span> <span class="irc-green">* nbanks (~nbanks@70.114.129.113) has joined #duraspace</span><br />
<span class="irc-date">[22:53]</span> <span class="irc-green">* nbanks (~nbanks@70.114.129.113) has left #duraspace</span><br />
<span class="irc-date">[22:55]</span> <span class="irc-green">* awoods (~awoods@70.114.129.113) has joined #duraspace</span><br />
<span class="irc-date">[23:09]</span> <span class="irc-green">* tdonohue (~tdonohue@c-67-177-111-99.hsd1.il.comcast.net) has left #duraspace</span><br />
<span class="irc-date">[23:41]</span> <span class="irc-navy">* PeterDietz (~peterdiet@dietz72m1.lib.ohio-state.edu) Quit (Remote host closed the connection)</span><br />
<span class="irc-date">[23:41]</span> <span class="irc-green">* PeterDietz (~peterdiet@dietz72m1.lib.ohio-state.edu) has joined #duraspace</span><br />
<span class="irc-date">[23:45]</span> <span class="irc-navy">* PeterDietz (~peterdiet@dietz72m1.lib.ohio-state.edu) Quit (Ping timeout: 240 seconds)</span><br />
