<span class="irc-date">[6:28]</span> <span class="irc-brown">-banks.freenode.net- *** Looking up your hostname...</span><br />
<span class="irc-date">[6:28]</span> <span class="irc-brown">-banks.freenode.net- *** Checking Ident</span><br />
<span class="irc-date">[6:28]</span> <span class="irc-brown">-banks.freenode.net- *** Found your hostname</span><br />
<span class="irc-date">[6:28]</span> <span class="irc-brown">-banks.freenode.net- *** No Ident response</span><br />
<span class="irc-date">[6:28]</span> <span class="irc-green">* DuraLogBot (~PircBot@atlas.duraspace.org) has joined #duraspace</span><br />
<span class="irc-date">[6:28]</span> <span class="irc-green">* Topic is '[Welcome to DuraSpace - This channel is logged - <a href="http://irclogs.duraspace.org/]'">http://irclogs.duraspace.org/]'</a></span><br />
<span class="irc-date">[6:28]</span> <span class="irc-green">* Set by cwilper!ad579d86@gateway/web/freenode/ip.173.87.157.134 on Fri Oct 22 01:19:41 UTC 2010</span><br />
<span class="irc-date">[8:04]</span> <span class="irc-green">* fasseg (~fas@HSI-KBW-078-043-007-220.hsi4.kabel-badenwuerttemberg.de) has joined #duraspace</span><br />
<span class="irc-date">[8:09]</span> <span class="irc-navy">* fasseg (~fas@HSI-KBW-078-043-007-220.hsi4.kabel-badenwuerttemberg.de) Quit (Remote host closed the connection)</span><br />
<span class="irc-date">[8:12]</span> <span class="irc-green">* heikod (~dosterth@zimkm152.uni-trier.de) has joined #duraspace</span><br />
<span class="irc-date">[8:12]</span> <span class="irc-green">* heikod (~dosterth@zimkm152.uni-trier.de) has left #duraspace</span><br />
<span class="irc-date">[10:18]</span> <span class="irc-navy">* eddies (~eddies@unaffiliated/eddies) Quit (Quit: Leaving.)</span><br />
<span class="irc-date">[10:33]</span> <span class="irc-green">* heikod (~dosterth@zimkm152.uni-trier.de) has joined #duraspace</span><br />
<span class="irc-date">[10:33]</span> <span class="irc-green">* heikod (~dosterth@zimkm152.uni-trier.de) has left #duraspace</span><br />
<span class="irc-date">[10:33]</span> <span class="irc-green">* eddies (~eddies@bb116-15-87-20.singnet.com.sg) has joined #duraspace</span><br />
<span class="irc-date">[10:33]</span> <span class="irc-navy">* eddies (~eddies@bb116-15-87-20.singnet.com.sg) Quit (Changing host)</span><br />
<span class="irc-date">[10:33]</span> <span class="irc-green">* eddies (~eddies@unaffiliated/eddies) has joined #duraspace</span><br />
<span class="irc-date">[11:52]</span> <span class="irc-green">* fasseg (~fas@HSI-KBW-078-043-007-220.hsi4.kabel-badenwuerttemberg.de) has joined #duraspace</span><br />
<span class="irc-date">[12:11]</span> <span class="irc-green">* mhwood (mwood@mhw.ulib.iupui.edu) has joined #duraspace</span><br />
<span class="irc-date">[13:09]</span> <span class="irc-green">* tdonohue (~tdonohue@c-67-177-111-99.hsd1.il.comcast.net) has joined #duraspace</span><br />
<span class="irc-date">[13:53]</span> <span class="irc-navy">* eddies (~eddies@unaffiliated/eddies) Quit (Quit: Leaving.)</span><br />
<span class="irc-date">[14:09]</span> <span class="irc-green">* eddies (~eddies@cm21.eta98.maxonline.com.sg) has joined #duraspace</span><br />
<span class="irc-date">[14:09]</span> <span class="irc-navy">* eddies (~eddies@cm21.eta98.maxonline.com.sg) Quit (Changing host)</span><br />
<span class="irc-date">[14:09]</span> <span class="irc-green">* eddies (~eddies@unaffiliated/eddies) has joined #duraspace</span><br />
<span class="irc-date">[14:55]</span> <span class="irc-navy">* PeterDietz (~peterdiet@128.146.173.70) Quit (Ping timeout: 240 seconds)</span><br />
<span class="irc-date">[15:15]</span> <span class="irc-green">* hpottinger (~hpottinge@mu-162198.dhcp.missouri.edu) has joined #duraspace</span><br />
<span class="irc-date">[15:43]</span> <span class="irc-green">* PeterDietz (~peterdiet@128.146.173.70) has joined #duraspace</span><br />
<span class="irc-date">[18:06]</span> <span class="irc-navy">* hpottinger (~hpottinge@mu-162198.dhcp.missouri.edu) Quit (Quit: Later, taterz!)</span><br />
<span class="irc-date">[20:34]</span> <span class="irc-green">* hpottinger (~hpottinge@216.106.41.140.reverse.socket.net) has joined #duraspace</span><br />
<span class="irc-date">[21:01]</span> <span class="irc-green">* mhwood (mwood@mhw.ulib.iupui.edu) has left #duraspace</span><br />
<span class="irc-date">[21:52]</span> <span class="irc-green">* tdonohue (~tdonohue@c-67-177-111-99.hsd1.il.comcast.net) has left #duraspace</span><br />
<span class="irc-date">[22:04]</span> <span class="irc-green">* hpottinger (~hpottinge@216.106.41.140.reverse.socket.net) has left #duraspace</span><br />
<span class="irc-date">[22:27]</span> <span class="irc-navy">* PeterDietz (~peterdiet@128.146.173.70) Quit (Ping timeout: 276 seconds)</span><br />
