<span class="irc-date">[0:21]</span> <span class="irc-navy">* awoods (~awoods@c-67-165-245-76.hsd1.co.comcast.net) Quit (Ping timeout: 240 seconds)</span><br />
<span class="irc-date">[0:24]</span> <span class="irc-green">* awoods (~awoods@c-67-165-245-76.hsd1.co.comcast.net) has joined #duraspace</span><br />
<span class="irc-date">[6:35]</span> <span class="irc-brown">-hobana.freenode.net- *** Looking up your hostname...</span><br />
<span class="irc-date">[6:35]</span> <span class="irc-brown">-hobana.freenode.net- *** Checking Ident</span><br />
<span class="irc-date">[6:35]</span> <span class="irc-brown">-hobana.freenode.net- *** Found your hostname</span><br />
<span class="irc-date">[6:35]</span> <span class="irc-brown">-hobana.freenode.net- *** No Ident response</span><br />
<span class="irc-date">[6:35]</span> <span class="irc-green">* DuraLogBot (~PircBot@atlas.duraspace.org) has joined #duraspace</span><br />
<span class="irc-date">[6:35]</span> <span class="irc-green">* Topic is '[Welcome to DuraSpace - This channel is logged - <a href="http://irclogs.duraspace.org/]'">http://irclogs.duraspace.org/]'</a></span><br />
<span class="irc-date">[6:35]</span> <span class="irc-green">* Set by cwilper!ad579d86@gateway/web/freenode/ip.173.87.157.134 on Fri Oct 22 01:19:41 UTC 2010</span><br />
<span class="irc-date">[13:14]</span> <span class="irc-green">* PeterDietz (~peterdiet@162-231-20-234.lightspeed.clmboh.sbcglobal.net) has joined #duraspace</span><br />
<span class="irc-date">[13:37]</span> <span class="irc-navy">* PeterDietz (~peterdiet@162-231-20-234.lightspeed.clmboh.sbcglobal.net) Quit (Remote host closed the connection)</span><br />
<span class="irc-date">[13:37]</span> <span class="irc-green">* PeterDietz (~peterdiet@162-231-20-234.lightspeed.clmboh.sbcglobal.net) has joined #duraspace</span><br />
<span class="irc-date">[13:42]</span> <span class="irc-navy">* PeterDietz (~peterdiet@162-231-20-234.lightspeed.clmboh.sbcglobal.net) Quit (Ping timeout: 264 seconds)</span><br />
<span class="irc-date">[14:29]</span> <span class="irc-green">* PeterDietz (~peterdiet@162-231-20-234.lightspeed.clmboh.sbcglobal.net) has joined #duraspace</span><br />
<span class="irc-date">[14:43]</span> <span class="irc-navy">* PeterDietz (~peterdiet@162-231-20-234.lightspeed.clmboh.sbcglobal.net) Quit (Remote host closed the connection)</span><br />
<span class="irc-date">[14:44]</span> <span class="irc-green">* PeterDietz (~peterdiet@162-231-20-234.lightspeed.clmboh.sbcglobal.net) has joined #duraspace</span><br />
<span class="irc-date">[14:48]</span> <span class="irc-navy">* PeterDietz (~peterdiet@162-231-20-234.lightspeed.clmboh.sbcglobal.net) Quit (Ping timeout: 245 seconds)</span><br />
<span class="irc-date">[15:53]</span> <span class="irc-navy">* awoods (~awoods@c-67-165-245-76.hsd1.co.comcast.net) Quit (Quit: Ex-Chat)</span><br />
<span class="irc-date">[21:52]</span> <span class="irc-green">* PeterDietz (~peterdiet@162-231-20-234.lightspeed.clmboh.sbcglobal.net) has joined #duraspace</span><br />
<span class="irc-date">[21:55]</span> <span class="irc-navy">* PeterDietz (~peterdiet@162-231-20-234.lightspeed.clmboh.sbcglobal.net) Quit (Remote host closed the connection)</span><br />
<span class="irc-date">[21:55]</span> <span class="irc-green">* PeterDietz (~peterdiet@162-231-20-234.lightspeed.clmboh.sbcglobal.net) has joined #duraspace</span><br />
<span class="irc-date">[22:00]</span> <span class="irc-navy">* PeterDietz (~peterdiet@162-231-20-234.lightspeed.clmboh.sbcglobal.net) Quit (Ping timeout: 256 seconds)</span><br />
<span class="irc-date">[22:00]</span> <span class="irc-green">* PeterDietz (~peterdiet@162-231-20-234.lightspeed.clmboh.sbcglobal.net) has joined #duraspace</span><br />
<span class="irc-date">[22:02]</span> <span class="irc-green">* awoods (~awoods@c-67-165-245-76.hsd1.co.comcast.net) has joined #duraspace</span><br />
<span class="irc-date">[22:08]</span> <span class="irc-navy">* PeterDietz (~peterdiet@162-231-20-234.lightspeed.clmboh.sbcglobal.net) Quit (Remote host closed the connection)</span><br />
<span class="irc-date">[22:09]</span> <span class="irc-green">* PeterDietz (~peterdiet@162-231-20-234.lightspeed.clmboh.sbcglobal.net) has joined #duraspace</span><br />
<span class="irc-date">[22:13]</span> <span class="irc-navy">* PeterDietz (~peterdiet@162-231-20-234.lightspeed.clmboh.sbcglobal.net) Quit (Ping timeout: 246 seconds)</span><br />
<span class="irc-date">[23:36]</span> <span class="irc-navy">* awoods (~awoods@c-67-165-245-76.hsd1.co.comcast.net) Quit (Remote host closed the connection)</span><br />
