<span class="irc-date">[2:38]</span> <span class="irc-navy">* jonathangee (~jonathang@blk-222-249-31.eastlink.ca) Quit (Ping timeout: 264 seconds)</span><br />
<span class="irc-date">[2:39]</span> <span class="irc-green">* jonathangee (~jonathang@blk-222-249-31.eastlink.ca) has joined #duraspace</span><br />
<span class="irc-date">[2:40]</span> <span class="irc-green">* ruebot_ (~ruebot@ec2-50-112-50-181.us-west-2.compute.amazonaws.com) has joined #duraspace</span><br />
<span class="irc-date">[2:49]</span> <span class="irc-navy">* ruebot (~ruebot@pdpc/supporter/professional/ruebot) Quit (*.net *.split)</span><br />
<span class="irc-date">[6:30]</span> <span class="irc-brown">-barjavel.freenode.net- *** Looking up your hostname...</span><br />
<span class="irc-date">[6:30]</span> <span class="irc-brown">-barjavel.freenode.net- *** Checking Ident</span><br />
<span class="irc-date">[6:30]</span> <span class="irc-brown">-barjavel.freenode.net- *** Found your hostname</span><br />
<span class="irc-date">[6:31]</span> <span class="irc-brown">-barjavel.freenode.net- *** No Ident response</span><br />
<span class="irc-date">[6:31]</span> <span class="irc-green">* DuraLogBot (~PircBot@atlas.duraspace.org) has joined #duraspace</span><br />
<span class="irc-date">[6:31]</span> <span class="irc-green">* Topic is '[Welcome to DuraSpace - This channel is logged - <a href="http://irclogs.duraspace.org/]'">http://irclogs.duraspace.org/]'</a></span><br />
<span class="irc-date">[6:31]</span> <span class="irc-green">* Set by cwilper!ad579d86@gateway/web/freenode/ip.173.87.157.134 on Fri Oct 22 01:19:41 UTC 2010</span><br />
<span class="irc-date">[12:08]</span> <span class="irc-green">* mhwood (mwood@mhw.ulib.iupui.edu) has joined #duraspace</span><br />
<span class="irc-date">[12:58]</span> <span class="irc-green">* tdonohue (~tdonohue@c-67-177-111-99.hsd1.il.comcast.net) has joined #duraspace</span><br />
<span class="irc-date">[13:07]</span> <span class="irc-navy">* ruebot_ (~ruebot@ec2-50-112-50-181.us-west-2.compute.amazonaws.com) Quit (Quit: Please, sir, I want some more.)</span><br />
<span class="irc-date">[13:07]</span> <span class="irc-green">* ruebot (~ruebot@ec2-50-112-50-181.us-west-2.compute.amazonaws.com) has joined #duraspace</span><br />
<span class="irc-date">[13:07]</span> <span class="irc-navy">* ruebot (~ruebot@ec2-50-112-50-181.us-west-2.compute.amazonaws.com) Quit (Changing host)</span><br />
<span class="irc-date">[13:07]</span> <span class="irc-green">* ruebot (~ruebot@pdpc/supporter/professional/ruebot) has joined #duraspace</span><br />
<span class="irc-date">[13:07]</span> <span class="irc-navy">* ruebot (~ruebot@pdpc/supporter/professional/ruebot) Quit (Client Quit)</span><br />
<span class="irc-date">[13:14]</span> <span class="irc-green">* misilot (~misilot@p-body.lib.fit.edu) has joined #duraspace</span><br />
<span class="irc-date">[14:10]</span> <span class="irc-green">* ruebot (~ruebot@ec2-50-112-50-181.us-west-2.compute.amazonaws.com) has joined #duraspace</span><br />
<span class="irc-date">[14:10]</span> <span class="irc-navy">* ruebot (~ruebot@ec2-50-112-50-181.us-west-2.compute.amazonaws.com) Quit (Changing host)</span><br />
<span class="irc-date">[14:10]</span> <span class="irc-green">* ruebot (~ruebot@pdpc/supporter/professional/ruebot) has joined #duraspace</span><br />
<span class="irc-date">[14:54]</span> <span class="irc-green">* eddies (~eddies@175.252.129.147) has joined #duraspace</span><br />
<span class="irc-date">[14:54]</span> <span class="irc-navy">* eddies (~eddies@175.252.129.147) Quit (Changing host)</span><br />
<span class="irc-date">[14:54]</span> <span class="irc-green">* eddies (~eddies@unaffiliated/eddies) has joined #duraspace</span><br />
<span class="irc-date">[17:02]</span> <span class="irc-navy">* mhwood (mwood@mhw.ulib.iupui.edu) Quit (Remote host closed the connection)</span><br />
<span class="irc-date">[17:05]</span> <span class="irc-green">* mhwood (mwood@mhw.ulib.iupui.edu) has joined #duraspace</span><br />
<span class="irc-date">[21:12]</span> <span class="irc-navy">* mhwood (mwood@mhw.ulib.iupui.edu) Quit (Remote host closed the connection)</span><br />
<span class="irc-date">[21:53]</span> <span class="irc-navy">* tdonohue (~tdonohue@c-67-177-111-99.hsd1.il.comcast.net) Quit (Read error: Connection reset by peer)</span><br />
