<span class="irc-date">[1:06]</span> <span class="irc-green">* helix84 (~a@ip4-95-82-147-170.cust.nbox.cz) has left #duraspace</span><br />
<span class="irc-date">[1:27]</span> <span class="irc-green">* PeterDietz (~peterdiet@d60-65-80-138.col.wideopenwest.com) has joined #duraspace</span><br />
<span class="irc-date">[3:13]</span> <span class="irc-navy">* PeterDietz (~peterdiet@d60-65-80-138.col.wideopenwest.com) Quit (Remote host closed the connection)</span><br />
<span class="irc-date">[3:14]</span> <span class="irc-green">* PeterDietz (~peterdiet@d60-65-80-138.col.wideopenwest.com) has joined #duraspace</span><br />
<span class="irc-date">[3:19]</span> <span class="irc-navy">* PeterDietz (~peterdiet@d60-65-80-138.col.wideopenwest.com) Quit (Ping timeout: 260 seconds)</span><br />
<span class="irc-date">[4:03]</span> <span class="irc-navy">* fasseg (~fas@HSI-KBW-078-043-007-220.hsi4.kabel-badenwuerttemberg.de) Quit (Remote host closed the connection)</span><br />
<span class="irc-date">[6:37]</span> <span class="irc-brown">-sendak.freenode.net- *** Looking up your hostname...</span><br />
<span class="irc-date">[6:37]</span> <span class="irc-brown">-sendak.freenode.net- *** Checking Ident</span><br />
<span class="irc-date">[6:38]</span> <span class="irc-brown">-sendak.freenode.net- *** Found your hostname</span><br />
<span class="irc-date">[6:38]</span> <span class="irc-brown">-sendak.freenode.net- *** No Ident response</span><br />
<span class="irc-date">[6:38]</span> <span class="irc-green">* DuraLogBot (~PircBot@atlas.duraspace.org) has joined #duraspace</span><br />
<span class="irc-date">[6:38]</span> <span class="irc-green">* Topic is '[Welcome to DuraSpace - This channel is logged - <a href="http://irclogs.duraspace.org/]'">http://irclogs.duraspace.org/]'</a></span><br />
<span class="irc-date">[6:38]</span> <span class="irc-green">* Set by cwilper!ad579d86@gateway/web/freenode/ip.173.87.157.134 on Fri Oct 22 01:19:41 UTC 2010</span><br />
<span class="irc-date">[8:49]</span> <span class="irc-navy">* eddies (~eddies@unaffiliated/eddies) Quit (Quit: Leaving.)</span><br />
<span class="irc-date">[10:00]</span> <span class="irc-green">* eddies (~eddies@43.202-63-155.unknown.qala.com.sg) has joined #duraspace</span><br />
<span class="irc-date">[10:00]</span> <span class="irc-navy">* eddies (~eddies@43.202-63-155.unknown.qala.com.sg) Quit (Changing host)</span><br />
<span class="irc-date">[10:00]</span> <span class="irc-green">* eddies (~eddies@unaffiliated/eddies) has joined #duraspace</span><br />
<span class="irc-date">[11:41]</span> <span class="irc-navy">* eddies (~eddies@unaffiliated/eddies) Quit (Quit: Leaving.)</span><br />
<span class="irc-date">[11:47]</span> <span class="irc-green">* eddies (~eddies@cm107.eta98.maxonline.com.sg) has joined #duraspace</span><br />
<span class="irc-date">[11:47]</span> <span class="irc-navy">* eddies (~eddies@cm107.eta98.maxonline.com.sg) Quit (Changing host)</span><br />
<span class="irc-date">[11:47]</span> <span class="irc-green">* eddies (~eddies@unaffiliated/eddies) has joined #duraspace</span><br />
<span class="irc-date">[12:45]</span> <span class="irc-green">* mhwood (mwood@mhw.ulib.iupui.edu) has joined #duraspace</span><br />
<span class="irc-date">[13:05]</span> <span class="irc-green">* tdonohue (~tdonohue@c-67-177-111-99.hsd1.il.comcast.net) has joined #duraspace</span><br />
<span class="irc-date">[13:37]</span> <span class="irc-navy">* tdonohue (~tdonohue@c-67-177-111-99.hsd1.il.comcast.net) Quit (Excess Flood)</span><br />
<span class="irc-date">[13:38]</span> <span class="irc-green">* tdonohue (~tdonohue@c-67-177-111-99.hsd1.il.comcast.net) has joined #duraspace</span><br />
<span class="irc-date">[14:10]</span> <span class="irc-green">* PeterDietz (~peterdiet@dhcp-128-146-115-246.osuwireless.ohio-state.edu) has joined #duraspace</span><br />
<span class="irc-date">[14:11]</span> <span class="irc-navy">* PeterDietz (~peterdiet@dhcp-128-146-115-246.osuwireless.ohio-state.edu) Quit (Remote host closed the connection)</span><br />
<span class="irc-date">[14:12]</span> <span class="irc-green">* PeterDietz (~peterdiet@128.146.173.70) has joined #duraspace</span><br />
<span class="irc-date">[14:17]</span> <span class="irc-green">* Ed__ (1809d1a2@gateway/web/freenode/ip.24.9.209.162) has joined #duraspace</span><br />
<span class="irc-date">[14:44]</span> <span class="irc-green">* PeterDie_ (~peterdiet@dhcp-128-146-115-246.osuwireless.ohio-state.edu) has joined #duraspace</span><br />
<span class="irc-date">[14:47]</span> <span class="irc-navy">* PeterDietz (~peterdiet@128.146.173.70) Quit (Ping timeout: 260 seconds)</span><br />
<span class="irc-date">[14:48]</span> <span class="irc-navy">* PeterDie_ (~peterdiet@dhcp-128-146-115-246.osuwireless.ohio-state.edu) Quit (Ping timeout: 256 seconds)</span><br />
<span class="irc-date">[14:59]</span> <span class="irc-green">* PeterDietz (~peterdiet@dhcp-140-254-207-214.osuwireless.ohio-state.edu) has joined #duraspace</span><br />
<span class="irc-date">[15:52]</span> <span class="irc-navy">* Ed__ (1809d1a2@gateway/web/freenode/ip.24.9.209.162) Quit (Ping timeout: 245 seconds)</span><br />
<span class="irc-date">[16:14]</span> <span class="irc-green">* jrgriffiniii (~chatzilla@139.147.64.195) has joined #duraspace</span><br />
<span class="irc-date">[16:28]</span> <span class="irc-navy">* PeterDietz (~peterdiet@dhcp-140-254-207-214.osuwireless.ohio-state.edu) Quit (Remote host closed the connection)</span><br />
<span class="irc-date">[16:29]</span> <span class="irc-green">* PeterDietz (~peterdiet@dhcp-140-254-207-214.osuwireless.ohio-state.edu) has joined #duraspace</span><br />
<span class="irc-date">[16:34]</span> <span class="irc-navy">* PeterDietz (~peterdiet@dhcp-140-254-207-214.osuwireless.ohio-state.edu) Quit (Ping timeout: 256 seconds)</span><br />
<span class="irc-date">[18:13]</span> <span class="irc-green">* PeterDietz (~peterdiet@128.146.173.70) has joined #duraspace</span><br />
<span class="irc-date">[20:08]</span> <span class="irc-green">* hpottinger (~hpottinge@mu-162198.dhcp.missouri.edu) has joined #duraspace</span><br />
<span class="irc-date">[21:03]</span> <span class="irc-navy">* hpottinger (~hpottinge@mu-162198.dhcp.missouri.edu) Quit (Quit: Later, taterz!)</span><br />
<span class="irc-date">[21:09]</span> <span class="irc-navy">* mhwood (mwood@mhw.ulib.iupui.edu) Quit (Remote host closed the connection)</span><br />
<span class="irc-date">[21:41]</span> <span class="irc-navy">* PeterDietz (~peterdiet@128.146.173.70) Quit (Ping timeout: 252 seconds)</span><br />
<span class="irc-date">[22:03]</span> <span class="irc-navy">* tdonohue (~tdonohue@c-67-177-111-99.hsd1.il.comcast.net) Quit (Read error: Connection reset by peer)</span><br />
<span class="irc-date">[23:01]</span> <span class="irc-navy">* jrgriffiniii (~chatzilla@139.147.64.195) Quit (Remote host closed the connection)</span><br />
