<span class="irc-date">[6:36]</span> <span class="irc-brown">-adams.freenode.net- *** Looking up your hostname...</span><br />
<span class="irc-date">[6:36]</span> <span class="irc-brown">-adams.freenode.net- *** Checking Ident</span><br />
<span class="irc-date">[6:36]</span> <span class="irc-brown">-adams.freenode.net- *** Found your hostname</span><br />
<span class="irc-date">[6:36]</span> <span class="irc-brown">-adams.freenode.net- *** No Ident response</span><br />
<span class="irc-date">[6:36]</span> <span class="irc-green">* DuraLogBot (~PircBot@atlas.duraspace.org) has joined #duraspace</span><br />
<span class="irc-date">[6:36]</span> <span class="irc-green">* Topic is '[Welcome to DuraSpace - This channel is logged - <a href="http://irclogs.duraspace.org/]'">http://irclogs.duraspace.org/]'</a></span><br />
<span class="irc-date">[6:36]</span> <span class="irc-green">* Set by cwilper!ad579d86@gateway/web/freenode/ip.173.87.157.134 on Fri Oct 22 01:19:41 UTC 2010</span><br />
<span class="irc-date">[9:11]</span> <span class="irc-navy">* eddies (~eddies@unaffiliated/eddies) Quit (Quit: Leaving.)</span><br />
<span class="irc-date">[9:26]</span> <span class="irc-green">* eddies (~eddies@cm107.eta98.maxonline.com.sg) has joined #duraspace</span><br />
<span class="irc-date">[9:26]</span> <span class="irc-navy">* eddies (~eddies@cm107.eta98.maxonline.com.sg) Quit (Changing host)</span><br />
<span class="irc-date">[9:26]</span> <span class="irc-green">* eddies (~eddies@unaffiliated/eddies) has joined #duraspace</span><br />
<span class="irc-date">[9:26]</span> <span class="irc-navy">* eddies (~eddies@unaffiliated/eddies) Quit (Client Quit)</span><br />
<span class="irc-date">[9:26]</span> <span class="irc-green">* eddies (~eddies@cm107.eta98.maxonline.com.sg) has joined #duraspace</span><br />
<span class="irc-date">[9:26]</span> <span class="irc-navy">* eddies (~eddies@cm107.eta98.maxonline.com.sg) Quit (Changing host)</span><br />
<span class="irc-date">[9:26]</span> <span class="irc-green">* eddies (~eddies@unaffiliated/eddies) has joined #duraspace</span><br />
<span class="irc-date">[11:29]</span> <span class="irc-navy">* fasseg (~fas@HSI-KBW-078-043-007-220.hsi4.kabel-badenwuerttemberg.de) Quit (Quit: Leaving)</span><br />
<span class="irc-date">[13:43]</span> <span class="irc-green">* PeterDietz (~peterdiet@h194.122.130.174.dynamic.ip.windstream.net) has joined #duraspace</span><br />
<span class="irc-date">[14:05]</span> <span class="irc-navy">* PeterDietz (~peterdiet@h194.122.130.174.dynamic.ip.windstream.net) Quit (Remote host closed the connection)</span><br />
<span class="irc-date">[14:05]</span> <span class="irc-green">* PeterDietz (~peterdiet@h194.122.130.174.dynamic.ip.windstream.net) has joined #duraspace</span><br />
<span class="irc-date">[14:10]</span> <span class="irc-navy">* PeterDietz (~peterdiet@h194.122.130.174.dynamic.ip.windstream.net) Quit (Ping timeout: 264 seconds)</span><br />
