<span class="irc-date">[1:32]</span> <span class="irc-navy">* PeterDietz (~peterdiet@dietz72m1.lib.ohio-state.edu) Quit (Remote host closed the connection)</span><br />
<span class="irc-date">[1:32]</span> <span class="irc-green">* PeterDietz (~peterdiet@dietz72m1.lib.ohio-state.edu) has joined #duraspace</span><br />
<span class="irc-date">[1:37]</span> <span class="irc-navy">* PeterDietz (~peterdiet@dietz72m1.lib.ohio-state.edu) Quit (Ping timeout: 260 seconds)</span><br />
<span class="irc-date">[3:28]</span> <span class="irc-navy">* misilot (~misilot@p-body.lib.fit.edu) Quit (Ping timeout: 240 seconds)</span><br />
<span class="irc-date">[3:29]</span> <span class="irc-green">* misilot (~misilot@p-body.lib.fit.edu) has joined #duraspace</span><br />
<span class="irc-date">[6:52]</span> <span class="irc-brown">-hitchcock.freenode.net- *** Looking up your hostname...</span><br />
<span class="irc-date">[6:52]</span> <span class="irc-brown">-hitchcock.freenode.net- *** Checking Ident</span><br />
<span class="irc-date">[6:52]</span> <span class="irc-brown">-hitchcock.freenode.net- *** Found your hostname</span><br />
<span class="irc-date">[6:52]</span> <span class="irc-brown">-hitchcock.freenode.net- *** No Ident response</span><br />
<span class="irc-date">[6:52]</span> <span class="irc-green">* DuraLogBot (~PircBot@atlas.duraspace.org) has joined #duraspace</span><br />
<span class="irc-date">[6:52]</span> <span class="irc-green">* Topic is '[Welcome to DuraSpace - This channel is logged - <a href="http://irclogs.duraspace.org/]'">http://irclogs.duraspace.org/]'</a></span><br />
<span class="irc-date">[6:52]</span> <span class="irc-green">* Set by cwilper!ad579d86@gateway/web/freenode/ip.173.87.157.134 on Fri Oct 22 01:19:41 UTC 2010</span><br />
<span class="irc-date">[12:18]</span> <span class="irc-green">* mhwood (mwood@mhw.ulib.iupui.edu) has joined #duraspace</span><br />
<span class="irc-date">[12:44]</span> <span class="irc-green">* tdonohue (~tdonohue@c-67-177-111-99.hsd1.il.comcast.net) has joined #duraspace</span><br />
<span class="irc-date">[13:00]</span> <span class="irc-green">* PeterDietz (~peterdiet@dietz72m1.lib.ohio-state.edu) has joined #duraspace</span><br />
<span class="irc-date">[14:10]</span> <span class="irc-navy">* PeterDietz (~peterdiet@dietz72m1.lib.ohio-state.edu) Quit (Remote host closed the connection)</span><br />
<span class="irc-date">[15:03]</span> <span class="irc-navy">* kshepherd (kim@ec2-184-73-177-234.compute-1.amazonaws.com) Quit (Ping timeout: 256 seconds)</span><br />
<span class="irc-date">[15:20]</span> <span class="irc-green">* kshepherd (kim@184.73.177.234) has joined #duraspace</span><br />
<span class="irc-date">[15:30]</span> <span class="irc-navy">* kshepherd (kim@184.73.177.234) Quit (Ping timeout: 285 seconds)</span><br />
<span class="irc-date">[15:34]</span> <span class="irc-navy">* tdonohue (~tdonohue@c-67-177-111-99.hsd1.il.comcast.net) Quit (Ping timeout: 256 seconds)</span><br />
<span class="irc-date">[15:35]</span> <span class="irc-green">* tdonohue (~tdonohue@c-67-177-111-99.hsd1.il.comcast.net) has joined #duraspace</span><br />
<span class="irc-date">[15:45]</span> <span class="irc-green">* tdonohue1 (~tdonohue@c-67-177-111-99.hsd1.il.comcast.net) has joined #duraspace</span><br />
<span class="irc-date">[15:46]</span> <span class="irc-navy">* tdonohue (~tdonohue@c-67-177-111-99.hsd1.il.comcast.net) Quit (Ping timeout: 264 seconds)</span><br />
<span class="irc-date">[15:55]</span> <span class="irc-green">* kshepherd (kim@ec2-184-73-177-234.compute-1.amazonaws.com) has joined #duraspace</span><br />
<span class="irc-date">[17:34]</span> <span class="irc-navy">* tdonohue1 (~tdonohue@c-67-177-111-99.hsd1.il.comcast.net) Quit (Read error: Connection reset by peer)</span><br />
<span class="irc-date">[17:40]</span> <span class="irc-green">* tdonohue (~tdonohue@c-67-177-111-99.hsd1.il.comcast.net) has joined #duraspace</span><br />
<span class="irc-date">[18:30]</span> <span class="irc-green">* hpottinger (~hpottinge@mu-161244.dhcp.missouri.edu) has joined #duraspace</span><br />
<span class="irc-date">[19:35]</span> <span class="irc-green">* jonathangee (~jonathang@199.255.218.217) has left #duraspace</span><br />
<span class="irc-date">[20:59]</span> <span class="irc-navy">* mhwood (mwood@mhw.ulib.iupui.edu) Quit (Remote host closed the connection)</span><br />
<span class="irc-date">[21:34]</span> <span class="irc-navy">* hpottinger (~hpottinge@mu-161244.dhcp.missouri.edu) Quit (Quit: Later, taterz!)</span><br />
<span class="irc-date">[21:50]</span> <span class="irc-green">* tdonohue (~tdonohue@c-67-177-111-99.hsd1.il.comcast.net) has left #duraspace</span><br />
