<span class="irc-date">[6:56]</span> <span class="irc-brown">-sendak.freenode.net- *** Looking up your hostname...</span><br />
<span class="irc-date">[6:56]</span> <span class="irc-brown">-sendak.freenode.net- *** Checking Ident</span><br />
<span class="irc-date">[6:56]</span> <span class="irc-brown">-sendak.freenode.net- *** Found your hostname</span><br />
<span class="irc-date">[6:56]</span> <span class="irc-brown">-sendak.freenode.net- *** No Ident response</span><br />
<span class="irc-date">[6:56]</span> <span class="irc-green">* DuraLogBot (~PircBot@atlas.duraspace.org) has joined #duraspace</span><br />
<span class="irc-date">[6:56]</span> <span class="irc-green">* Topic is '[Welcome to DuraSpace - This channel is logged - <a href="http://irclogs.duraspace.org/]'">http://irclogs.duraspace.org/]'</a></span><br />
<span class="irc-date">[6:56]</span> <span class="irc-green">* Set by cwilper!ad579d86@gateway/web/freenode/ip.173.87.157.134 on Fri Oct 22 01:19:41 UTC 2010</span><br />
<span class="irc-date">[8:46]</span> <span class="irc-navy">* eddies (~eddies@unaffiliated/eddies) Quit (Quit: Leaving.)</span><br />
<span class="irc-date">[9:09]</span> <span class="irc-green">* eddies (~eddies@bb116-14-91-34.singnet.com.sg) has joined #duraspace</span><br />
<span class="irc-date">[9:09]</span> <span class="irc-navy">* eddies (~eddies@bb116-14-91-34.singnet.com.sg) Quit (Changing host)</span><br />
<span class="irc-date">[9:09]</span> <span class="irc-green">* eddies (~eddies@unaffiliated/eddies) has joined #duraspace</span><br />
<span class="irc-date">[9:58]</span> <span class="irc-navy">* eddies (~eddies@unaffiliated/eddies) Quit (Quit: Leaving.)</span><br />
<span class="irc-date">[9:59]</span> <span class="irc-green">* eddies (~eddies@bb116-14-91-34.singnet.com.sg) has joined #duraspace</span><br />
<span class="irc-date">[9:59]</span> <span class="irc-navy">* eddies (~eddies@bb116-14-91-34.singnet.com.sg) Quit (Changing host)</span><br />
<span class="irc-date">[9:59]</span> <span class="irc-green">* eddies (~eddies@unaffiliated/eddies) has joined #duraspace</span><br />
<span class="irc-date">[10:18]</span> <span class="irc-navy">* eddies (~eddies@unaffiliated/eddies) Quit (Quit: Leaving.)</span><br />
<span class="irc-date">[10:39]</span> <span class="irc-green">* eddies (~eddies@bb116-14-91-34.singnet.com.sg) has joined #duraspace</span><br />
<span class="irc-date">[10:39]</span> <span class="irc-navy">* eddies (~eddies@bb116-14-91-34.singnet.com.sg) Quit (Changing host)</span><br />
<span class="irc-date">[10:39]</span> <span class="irc-green">* eddies (~eddies@unaffiliated/eddies) has joined #duraspace</span><br />
<span class="irc-date">[10:50]</span> <span class="irc-navy">* eddies (~eddies@unaffiliated/eddies) Quit (Quit: Leaving.)</span><br />
<span class="irc-date">[10:58]</span> <span class="irc-green">* eddies (~eddies@cm21.eta98.maxonline.com.sg) has joined #duraspace</span><br />
<span class="irc-date">[10:58]</span> <span class="irc-navy">* eddies (~eddies@cm21.eta98.maxonline.com.sg) Quit (Changing host)</span><br />
<span class="irc-date">[10:58]</span> <span class="irc-green">* eddies (~eddies@unaffiliated/eddies) has joined #duraspace</span><br />
<span class="irc-date">[11:03]</span> <span class="irc-green">* fasseg (~fas@HSI-KBW-078-043-007-220.hsi4.kabel-badenwuerttemberg.de) has joined #duraspace</span><br />
<span class="irc-date">[12:10]</span> <span class="irc-green">* robint (81d7ec36@gateway/web/freenode/ip.129.215.236.54) has joined #duraspace</span><br />
<span class="irc-date">[14:05]</span> <span class="irc-navy">* robint (81d7ec36@gateway/web/freenode/ip.129.215.236.54) Quit (Quit: Page closed)</span><br />
<span class="irc-date">[15:52]</span> <span class="irc-green">* hpottinger (~hpottinge@mu-162198.dhcp.missouri.edu) has joined #duraspace</span><br />
<span class="irc-date">[16:08]</span> <span class="irc-black">&lt;hpottinger&gt; anyone here familiar with validating the "new" DSpace OAI feed?</span><br />
<span class="irc-date">[16:19]</span> <span class="irc-black">&lt;hpottinger&gt; so, as far as I can tell, the only beef the validator has with my repository's OAI interface is the content type header</span><br />
<span class="irc-date">[16:23]</span> <span class="irc-black">&lt;hpottinger&gt; just realized I'm blabbering in the logged channel, silly me, off to #dspace I go</span><br />
<span class="irc-date">[17:09]</span> <span class="irc-navy">* fasseg (~fas@HSI-KBW-078-043-007-220.hsi4.kabel-badenwuerttemberg.de) Quit (Quit: Leaving)</span><br />
<span class="irc-date">[21:25]</span> <span class="irc-green">* hpottinger (~hpottinge@mu-162198.dhcp.missouri.edu) has left #duraspace</span><br />
