<span class="irc-date">[4:02]</span> <span class="irc-navy">* eddies (~eddies@unaffiliated/eddies) Quit (Quit: Leaving.)</span><br />
<span class="irc-date">[4:35]</span> <span class="irc-green">* eddies (~eddies@cm107.eta98.maxonline.com.sg) has joined #duraspace</span><br />
<span class="irc-date">[4:35]</span> <span class="irc-navy">* eddies (~eddies@cm107.eta98.maxonline.com.sg) Quit (Changing host)</span><br />
<span class="irc-date">[4:35]</span> <span class="irc-green">* eddies (~eddies@unaffiliated/eddies) has joined #duraspace</span><br />
<span class="irc-date">[4:43]</span> <span class="irc-navy">* eddies (~eddies@unaffiliated/eddies) Quit (Ping timeout: 245 seconds)</span><br />
<span class="irc-date">[5:35]</span> <span class="irc-green">* eddies (~eddies@cm107.eta98.maxonline.com.sg) has joined #duraspace</span><br />
<span class="irc-date">[5:35]</span> <span class="irc-navy">* eddies (~eddies@cm107.eta98.maxonline.com.sg) Quit (Changing host)</span><br />
<span class="irc-date">[5:35]</span> <span class="irc-green">* eddies (~eddies@unaffiliated/eddies) has joined #duraspace</span><br />
<span class="irc-date">[5:45]</span> <span class="irc-navy">* eddies (~eddies@unaffiliated/eddies) Quit (Ping timeout: 256 seconds)</span><br />
<span class="irc-date">[6:36]</span> <span class="irc-green">* eddies (~eddies@cm107.eta98.maxonline.com.sg) has joined #duraspace</span><br />
<span class="irc-date">[6:36]</span> <span class="irc-navy">* eddies (~eddies@cm107.eta98.maxonline.com.sg) Quit (Changing host)</span><br />
<span class="irc-date">[6:36]</span> <span class="irc-green">* eddies (~eddies@unaffiliated/eddies) has joined #duraspace</span><br />
<span class="irc-date">[6:40]</span> <span class="irc-navy">* eddies (~eddies@unaffiliated/eddies) Quit (Ping timeout: 240 seconds)</span><br />
<span class="irc-date">[6:44]</span> <span class="irc-brown">-hubbard.freenode.net- *** Looking up your hostname...</span><br />
<span class="irc-date">[6:44]</span> <span class="irc-brown">-hubbard.freenode.net- *** Checking Ident</span><br />
<span class="irc-date">[6:44]</span> <span class="irc-brown">-hubbard.freenode.net- *** Found your hostname</span><br />
<span class="irc-date">[6:44]</span> <span class="irc-brown">-hubbard.freenode.net- *** No Ident response</span><br />
<span class="irc-date">[6:44]</span> <span class="irc-green">* DuraLogBot (~PircBot@atlas.duraspace.org) has joined #duraspace</span><br />
<span class="irc-date">[6:44]</span> <span class="irc-green">* Topic is '[Welcome to DuraSpace - This channel is logged - <a href="http://irclogs.duraspace.org/]'">http://irclogs.duraspace.org/]'</a></span><br />
<span class="irc-date">[6:44]</span> <span class="irc-green">* Set by cwilper!ad579d86@gateway/web/freenode/ip.173.87.157.134 on Fri Oct 22 01:19:41 UTC 2010</span><br />
<span class="irc-date">[7:37]</span> <span class="irc-green">* eddies (~eddies@cm107.eta98.maxonline.com.sg) has joined #duraspace</span><br />
<span class="irc-date">[7:37]</span> <span class="irc-navy">* eddies (~eddies@cm107.eta98.maxonline.com.sg) Quit (Changing host)</span><br />
<span class="irc-date">[7:37]</span> <span class="irc-green">* eddies (~eddies@unaffiliated/eddies) has joined #duraspace</span><br />
<span class="irc-date">[7:41]</span> <span class="irc-navy">* eddies (~eddies@unaffiliated/eddies) Quit (Ping timeout: 260 seconds)</span><br />
<span class="irc-date">[8:37]</span> <span class="irc-green">* eddies (~eddies@cm107.eta98.maxonline.com.sg) has joined #duraspace</span><br />
<span class="irc-date">[8:37]</span> <span class="irc-navy">* eddies (~eddies@cm107.eta98.maxonline.com.sg) Quit (Changing host)</span><br />
<span class="irc-date">[8:37]</span> <span class="irc-green">* eddies (~eddies@unaffiliated/eddies) has joined #duraspace</span><br />
<span class="irc-date">[8:42]</span> <span class="irc-navy">* eddies (~eddies@unaffiliated/eddies) Quit (Ping timeout: 276 seconds)</span><br />
<span class="irc-date">[9:35]</span> <span class="irc-green">* eddies (~eddies@cm107.eta98.maxonline.com.sg) has joined #duraspace</span><br />
<span class="irc-date">[9:35]</span> <span class="irc-navy">* eddies (~eddies@cm107.eta98.maxonline.com.sg) Quit (Changing host)</span><br />
<span class="irc-date">[9:35]</span> <span class="irc-green">* eddies (~eddies@unaffiliated/eddies) has joined #duraspace</span><br />
<span class="irc-date">[12:31]</span> <span class="irc-navy">* eddies (~eddies@unaffiliated/eddies) Quit (Quit: Leaving.)</span><br />
<span class="irc-date">[12:38]</span> <span class="irc-green">* eddies (~eddies@cm107.eta98.maxonline.com.sg) has joined #duraspace</span><br />
<span class="irc-date">[12:38]</span> <span class="irc-navy">* eddies (~eddies@cm107.eta98.maxonline.com.sg) Quit (Changing host)</span><br />
<span class="irc-date">[12:38]</span> <span class="irc-green">* eddies (~eddies@unaffiliated/eddies) has joined #duraspace</span><br />
<span class="irc-date">[15:52]</span> <span class="irc-green">* PeterDietz (~peterdiet@d60-65-80-138.col.wideopenwest.com) has joined #duraspace</span><br />
<span class="irc-date">[18:50]</span> <span class="irc-navy">* PeterDietz (~peterdiet@d60-65-80-138.col.wideopenwest.com) Quit (Remote host closed the connection)</span><br />
<span class="irc-date">[18:51]</span> <span class="irc-green">* PeterDietz (~peterdiet@d60-65-80-138.col.wideopenwest.com) has joined #duraspace</span><br />
<span class="irc-date">[18:55]</span> <span class="irc-navy">* PeterDietz (~peterdiet@d60-65-80-138.col.wideopenwest.com) Quit (Ping timeout: 256 seconds)</span><br />
