<span class="irc-date">[2:24]</span> <span class="irc-green">* kdweeks1 (~Adium@2001:468:c80:a103:d950:342f:b239:ed7f) has joined #duraspace</span><br />
<span class="irc-date">[2:25]</span> <span class="irc-navy">* kdweeks (~Adium@2001:468:c80:a103:d950:342f:b239:ed7f) Quit (Read error: Connection reset by peer)</span><br />
<span class="irc-date">[2:47]</span> <span class="irc-navy">* kdweeks1 (~Adium@2001:468:c80:a103:d950:342f:b239:ed7f) Quit (Quit: Leaving.)</span><br />
<span class="irc-date">[6:36]</span> <span class="irc-brown">-verne.freenode.net- *** Looking up your hostname...</span><br />
<span class="irc-date">[6:36]</span> <span class="irc-brown">-verne.freenode.net- *** Checking Ident</span><br />
<span class="irc-date">[6:36]</span> <span class="irc-brown">-verne.freenode.net- *** Found your hostname</span><br />
<span class="irc-date">[6:36]</span> <span class="irc-brown">-verne.freenode.net- *** No Ident response</span><br />
<span class="irc-date">[6:36]</span> <span class="irc-green">* DuraLogBot (~PircBot@ec2-107-22-210-74.compute-1.amazonaws.com) has joined #duraspace</span><br />
<span class="irc-date">[6:36]</span> <span class="irc-green">* Topic is '[Welcome to DuraSpace - This channel is logged - <a href="http://irclogs.duraspace.org/]'">http://irclogs.duraspace.org/]'</a></span><br />
<span class="irc-date">[6:36]</span> <span class="irc-green">* Set by cwilper!ad579d86@gateway/web/freenode/ip.173.87.157.134 on Fri Oct 22 01:19:41 UTC 2010</span><br />
<span class="irc-date">[11:35]</span> <span class="irc-green">* pbecker (~pbecker@ubwstimac016.ub.tu-berlin.de) has joined #duraspace</span><br />
<span class="irc-date">[11:35]</span> <span class="irc-navy">* pbecker (~pbecker@ubwstimac016.ub.tu-berlin.de) Quit (Client Quit)</span><br />
<span class="irc-date">[11:36]</span> <span class="irc-green">* pbecker (~pbecker@ubwstimac016.ub.tu-berlin.de) has joined #duraspace</span><br />
<span class="irc-date">[12:24]</span> <span class="irc-green">* tdonohue (~tdonohue@c-50-179-112-246.hsd1.il.comcast.net) has joined #duraspace</span><br />
<span class="irc-date">[12:29]</span> <span class="irc-green">* mhwood (mwood@mhw.ulib.iupui.edu) has joined #duraspace</span><br />
<span class="irc-date">[12:44]</span> <span class="irc-navy">* pbecker (~pbecker@ubwstimac016.ub.tu-berlin.de) Quit (Quit: pbecker)</span><br />
<span class="irc-date">[12:51]</span> <span class="irc-green">* pbecker (~pbecker@ubwstimac016.ub.tu-berlin.de) has joined #duraspace</span><br />
<span class="irc-date">[15:33]</span> <span class="irc-navy">* pbecker (~pbecker@ubwstimac016.ub.tu-berlin.de) Quit (Quit: pbecker)</span><br />
<span class="irc-date">[16:11]</span> <span class="irc-navy">* linux4u (~james@employed.library.emory.edu) Quit (Remote host closed the connection)</span><br />
<span class="irc-date">[21:12]</span> <span class="irc-navy">* mhwood (mwood@mhw.ulib.iupui.edu) Quit (Quit: Leaving.)</span><br />
<span class="irc-date">[21:47]</span> <span class="irc-green">* kshepherd2 (~kim@wireless-nat-20.auckland.ac.nz) has joined #duraspace</span><br />
<span class="irc-date">[22:08]</span> <span class="irc-navy">* tdonohue (~tdonohue@c-50-179-112-246.hsd1.il.comcast.net) Quit (Read error: Connection reset by peer)</span><br />
<span class="irc-date">[23:34]</span> <span class="irc-navy">* kshepherd2 (~kim@wireless-nat-20.auckland.ac.nz) Quit (Ping timeout: 245 seconds)</span><br />
