<span class="irc-date">[0:22]</span> <span class="irc-green">* kshepherd2 (~kim@203.160.115.131) has joined #duraspace</span><br />
<span class="irc-date">[0:40]</span> <span class="irc-navy">* kshepherd2 (~kim@203.160.115.131) Quit (Ping timeout: 276 seconds)</span><br />
<span class="irc-date">[1:20]</span> <span class="irc-green">* PeterDietz (~peterdiet@162-231-20-67.lightspeed.clmboh.sbcglobal.net) has joined #duraspace</span><br />
<span class="irc-date">[1:22]</span> <span class="irc-navy">* awoods (~awoods@c-67-165-245-76.hsd1.co.comcast.net) Quit (Ping timeout: 265 seconds)</span><br />
<span class="irc-date">[1:22]</span> <span class="irc-navy">* linux4u (~james@employed.library.emory.edu) Quit (Ping timeout: 265 seconds)</span><br />
<span class="irc-date">[1:23]</span> <span class="irc-green">* linux4u (~james@employed.library.emory.edu) has joined #duraspace</span><br />
<span class="irc-date">[1:24]</span> <span class="irc-green">* awoods (~awoods@c-67-165-245-76.hsd1.co.comcast.net) has joined #duraspace</span><br />
<span class="irc-date">[2:33]</span> <span class="irc-navy">* PeterDietz (~peterdiet@162-231-20-67.lightspeed.clmboh.sbcglobal.net) Quit (Remote host closed the connection)</span><br />
<span class="irc-date">[6:36]</span> <span class="irc-brown">-verne.freenode.net- *** Looking up your hostname...</span><br />
<span class="irc-date">[6:36]</span> <span class="irc-brown">-verne.freenode.net- *** Checking Ident</span><br />
<span class="irc-date">[6:36]</span> <span class="irc-brown">-verne.freenode.net- *** Found your hostname</span><br />
<span class="irc-date">[6:36]</span> <span class="irc-brown">-verne.freenode.net- *** No Ident response</span><br />
<span class="irc-date">[6:36]</span> <span class="irc-green">* DuraLogBot (~PircBot@atlas.duraspace.org) has joined #duraspace</span><br />
<span class="irc-date">[6:36]</span> <span class="irc-green">* Topic is '[Welcome to DuraSpace - This channel is logged - <a href="http://irclogs.duraspace.org/]'">http://irclogs.duraspace.org/]'</a></span><br />
<span class="irc-date">[6:36]</span> <span class="irc-green">* Set by cwilper!ad579d86@gateway/web/freenode/ip.173.87.157.134 on Fri Oct 22 01:19:41 UTC 2010</span><br />
<span class="irc-date">[11:15]</span> <span class="irc-green">* kshepherd2 (~kim@121-99-35-254.bng1.nct.orcon.net.nz) has joined #duraspace</span><br />
<span class="irc-date">[11:58]</span> <span class="irc-navy">* kshepherd2 (~kim@121-99-35-254.bng1.nct.orcon.net.nz) Quit (Ping timeout: 252 seconds)</span><br />
<span class="irc-date">[12:34]</span> <span class="irc-green">* mhwood (mwood@mhw.ulib.iupui.edu) has joined #duraspace</span><br />
<span class="irc-date">[12:57]</span> <span class="irc-green">* tdonohue (~tdonohue@c-50-179-112-246.hsd1.il.comcast.net) has joined #duraspace</span><br />
<span class="irc-date">[13:04]</span> <span class="irc-green">* tdonohue1 (~tdonohue@c-50-179-112-246.hsd1.il.comcast.net) has joined #duraspace</span><br />
<span class="irc-date">[13:05]</span> <span class="irc-navy">* tdonohue (~tdonohue@c-50-179-112-246.hsd1.il.comcast.net) Quit (Ping timeout: 245 seconds)</span><br />
<span class="irc-date">[13:10]</span> <span class="irc-green">* tdonohue1 is now known as tdonohue</span><br />
<span class="irc-date">[14:00]</span> <span class="irc-green">* PeterDietz (~peterdiet@dietz72m1.lib.ohio-state.edu) has joined #duraspace</span><br />
<span class="irc-date">[17:13]</span> <span class="irc-navy">* PeterDietz (~peterdiet@dietz72m1.lib.ohio-state.edu) Quit (Remote host closed the connection)</span><br />
<span class="irc-date">[18:14]</span> <span class="irc-green">* hpottinger (~hpottinge@mu-161174.dhcp.missouri.edu) has joined #duraspace</span><br />
<span class="irc-date">[20:55]</span> <span class="irc-green">* hpottinger (~hpottinge@mu-161174.dhcp.missouri.edu) has left #duraspace</span><br />
<span class="irc-date">[21:11]</span> <span class="irc-navy">* mhwood (mwood@mhw.ulib.iupui.edu) Quit (Remote host closed the connection)</span><br />
<span class="irc-date">[22:04]</span> <span class="irc-green">* tdonohue (~tdonohue@c-50-179-112-246.hsd1.il.comcast.net) has left #duraspace</span><br />
