<span class="irc-date">[6:37]</span> <span class="irc-brown">-kornbluth.freenode.net- *** Looking up your hostname...</span><br />
<span class="irc-date">[6:37]</span> <span class="irc-brown">-kornbluth.freenode.net- *** Checking Ident</span><br />
<span class="irc-date">[6:37]</span> <span class="irc-brown">-kornbluth.freenode.net- *** Found your hostname</span><br />
<span class="irc-date">[6:38]</span> <span class="irc-brown">-kornbluth.freenode.net- *** No Ident response</span><br />
<span class="irc-date">[6:38]</span> <span class="irc-green">* DuraLogBot (~PircBot@ec2-107-22-210-74.compute-1.amazonaws.com) has joined #duraspace</span><br />
<span class="irc-date">[6:38]</span> <span class="irc-green">* Topic is '[Welcome to DuraSpace - This channel is logged - <a href="http://irclogs.duraspace.org/]'">http://irclogs.duraspace.org/]'</a></span><br />
<span class="irc-date">[6:38]</span> <span class="irc-green">* Set by cwilper!ad579d86@gateway/web/freenode/ip.173.87.157.134 on Fri Oct 22 01:19:41 UTC 2010</span><br />
<span class="irc-date">[8:49]</span> <span class="irc-green">* kohts (~kohts@212.233.127.186) has joined #duraspace</span><br />
<span class="irc-date">[9:18]</span> <span class="irc-green">* pbecker (~pbecker@ubwstmapc098.ub.tu-berlin.de) has joined #duraspace</span><br />
<span class="irc-date">[12:17]</span> <span class="irc-green">* mhwood (mwood@mhw.ulib.iupui.edu) has joined #duraspace</span><br />
<span class="irc-date">[13:22]</span> <span class="irc-green">* tdonohue (~tdonohue@c-98-215-0-161.hsd1.il.comcast.net) has joined #duraspace</span><br />
<span class="irc-date">[13:54]</span> <span class="irc-navy">* kohts (~kohts@212.233.127.186) Quit ()</span><br />
<span class="irc-date">[15:20]</span> <span class="irc-green">* hpottinger (~hpottinge@mu-161174.dhcp.missouri.edu) has joined #duraspace</span><br />
<span class="irc-date">[16:06]</span> <span class="irc-green">* peterdietz (~peterdiet@162-231-22-3.lightspeed.clmboh.sbcglobal.net) has joined #duraspace</span><br />
<span class="irc-date">[16:41]</span> <span class="irc-navy">* peterdietz (~peterdiet@162-231-22-3.lightspeed.clmboh.sbcglobal.net) Quit (Quit: peterdietz)</span><br />
<span class="irc-date">[17:10]</span> <span class="irc-navy">* pbecker (~pbecker@ubwstmapc098.ub.tu-berlin.de) Quit (Quit: vacation &amp; conference till october 15)</span><br />
<span class="irc-date">[17:20]</span> <span class="irc-green">* peterdietz (~peterdiet@rrcs-24-106-245-140.central.biz.rr.com) has joined #duraspace</span><br />
<span class="irc-date">[17:36]</span> <span class="irc-navy">* peterdietz (~peterdiet@rrcs-24-106-245-140.central.biz.rr.com) Quit (Quit: peterdietz)</span><br />
<span class="irc-date">[18:59]</span> <span class="irc-green">* peterdietz (~peterdiet@rrcs-24-106-245-140.central.biz.rr.com) has joined #duraspace</span><br />
<span class="irc-date">[19:04]</span> <span class="irc-green">* peterdietz_ (~peterdiet@server112.longsightgroup.com) has joined #duraspace</span><br />
<span class="irc-date">[19:06]</span> <span class="irc-navy">* peterdietz (~peterdiet@rrcs-24-106-245-140.central.biz.rr.com) Quit (Ping timeout: 272 seconds)</span><br />
<span class="irc-date">[19:06]</span> <span class="irc-green">* peterdietz_ is now known as peterdietz</span><br />
<span class="irc-date">[19:22]</span> <span class="irc-navy">* peterdietz (~peterdiet@server112.longsightgroup.com) Quit (Quit: peterdietz)</span><br />
<span class="irc-date">[19:55]</span> <span class="irc-navy">* hpottinger (~hpottinge@mu-161174.dhcp.missouri.edu) Quit (Quit: Later, taterz!)</span><br />
<span class="irc-date">[20:03]</span> <span class="irc-green">* peterdietz (~peterdiet@server112.longsightgroup.com) has joined #duraspace</span><br />
<span class="irc-date">[21:01]</span> <span class="irc-navy">* mhwood (mwood@mhw.ulib.iupui.edu) Quit (Remote host closed the connection)</span><br />
<span class="irc-date">[21:29]</span> <span class="irc-green">* quocuy_ (5bf3696e@gateway/web/freenode/ip.91.243.105.110) has joined #duraspace</span><br />
<span class="irc-date">[21:29]</span> <span class="irc-black">&lt;quocuy_&gt; hi eveyone</span><br />
<span class="irc-date">[21:29]</span> <span class="irc-black">&lt;quocuy_&gt; any one here?</span><br />
<span class="irc-date">[21:29]</span> <span class="irc-black">&lt;quocuy_&gt; can i ass a question</span><br />
<span class="irc-date">[21:30]</span> <span class="irc-black">&lt;quocuy_&gt; hello</span><br />
<span class="irc-date">[21:34]</span> <span class="irc-navy">* quocuy_ (5bf3696e@gateway/web/freenode/ip.91.243.105.110) Quit (Quit: Page closed)</span><br />
<span class="irc-date">[21:58]</span> <span class="irc-green">* peterdietz_ (~peterdiet@162-231-22-3.lightspeed.clmboh.sbcglobal.net) has joined #duraspace</span><br />
<span class="irc-date">[21:59]</span> <span class="irc-navy">* peterdietz (~peterdiet@server112.longsightgroup.com) Quit (Ping timeout: 244 seconds)</span><br />
<span class="irc-date">[21:59]</span> <span class="irc-green">* peterdietz_ is now known as peterdietz</span><br />
<span class="irc-date">[22:20]</span> <span class="irc-green">* tdonohue (~tdonohue@c-98-215-0-161.hsd1.il.comcast.net) has left #duraspace</span><br />
