<span class="irc-date">[6:27]</span> <span class="irc-brown">-morgan.freenode.net- *** Looking up your hostname...</span><br />
<span class="irc-date">[6:27]</span> <span class="irc-brown">-morgan.freenode.net- *** Checking Ident</span><br />
<span class="irc-date">[6:27]</span> <span class="irc-brown">-morgan.freenode.net- *** Found your hostname</span><br />
<span class="irc-date">[6:28]</span> <span class="irc-brown">-morgan.freenode.net- *** No Ident response</span><br />
<span class="irc-date">[6:28]</span> <span class="irc-green">* DuraLogBot (~PircBot@ec2-107-22-210-74.compute-1.amazonaws.com) has joined #duraspace</span><br />
<span class="irc-date">[6:28]</span> <span class="irc-green">* Topic is '[Welcome to DuraSpace - This channel is logged - <a href="http://irclogs.duraspace.org/]'">http://irclogs.duraspace.org/]'</a></span><br />
<span class="irc-date">[6:28]</span> <span class="irc-green">* Set by cwilper!ad579d86@gateway/web/freenode/ip.173.87.157.134 on Fri Oct 22 01:19:41 UTC 2010</span><br />
<span class="irc-date">[12:24]</span> <span class="irc-green">* mhwood (mwood@mhw.ulib.iupui.edu) has joined #duraspace</span><br />
<span class="irc-date">[12:45]</span> <span class="irc-navy">* mhwood (mwood@mhw.ulib.iupui.edu) Quit (Quit: Leaving.)</span><br />
<span class="irc-date">[12:49]</span> <span class="irc-green">* tdonohue (~tdonohue@c-98-215-0-161.hsd1.il.comcast.net) has joined #duraspace</span><br />
<span class="irc-date">[12:52]</span> <span class="irc-green">* mhwood (mwood@mhw.ulib.iupui.edu) has joined #duraspace</span><br />
<span class="irc-date">[14:20]</span> <span class="irc-black">&lt;tdonohue&gt; Hi mhwood. Just was realizing you had the chance to release 3.3 on Friday!  That's awesome, thanks!  Did you want to write up a brief announcement to lists, or shall I?  (We could probably just base it off a past bug-fix-only announcement)</span><br />
<span class="irc-date">[14:21]</span> <span class="irc-black">&lt;mhwood&gt; I still have the doco. to check and upload.</span><br />
<span class="irc-date">[14:22]</span> <span class="irc-black">&lt;tdonohue&gt; oh ok. no problem &amp; no real rush. Just wanted to get the word out when we are ready</span><br />
<span class="irc-date">[14:22]</span> <span class="irc-black">&lt;mhwood&gt; Agreed, will say something when I think it's all ready.</span><br />
<span class="irc-date">[14:23]</span> <span class="irc-black">&lt;tdonohue&gt; sounds good. thanks again for all your hard work on getting 3.3 out the door!</span><br />
<span class="irc-date">[14:24]</span> <span class="irc-black">&lt;mhwood&gt; You're (all) welcome -- only wish I hadn't taken so long to get it out.</span><br />
<span class="irc-date">[15:45]</span> <span class="irc-green">* hpottinger (~hpottinge@mu-161174.dhcp.missouri.edu) has joined #duraspace</span><br />
<span class="irc-date">[16:44]</span> <span class="irc-brown">-holmes.freenode.net- *** Looking up your hostname...</span><br />
<span class="irc-date">[16:44]</span> <span class="irc-brown">-holmes.freenode.net- *** Checking Ident</span><br />
<span class="irc-date">[16:44]</span> <span class="irc-brown">-holmes.freenode.net- *** Found your hostname</span><br />
<span class="irc-date">[16:44]</span> <span class="irc-brown">-holmes.freenode.net- *** No Ident response</span><br />
<span class="irc-date">[16:44]</span> <span class="irc-green">* DuraLogBot (~PircBot@ec2-54-91-118-147.compute-1.amazonaws.com) has joined #duraspace</span><br />
<span class="irc-date">[16:44]</span> <span class="irc-green">* Topic is '[Welcome to DuraSpace - This channel is logged - <a href="http://irclogs.duraspace.org/]'">http://irclogs.duraspace.org/]'</a></span><br />
<span class="irc-date">[16:44]</span> <span class="irc-green">* Set by cwilper!ad579d86@gateway/web/freenode/ip.173.87.157.134 on Fri Oct 22 01:19:41 UTC 2010</span><br />
<span class="irc-date">[16:53]</span> <span class="irc-navy">* Disconnected.</span><br />
<span class="irc-date">[16:53]</span> <span class="irc-brown">-card.freenode.net- *** Looking up your hostname...</span><br />
<span class="irc-date">[16:53]</span> <span class="irc-brown">-card.freenode.net- *** Checking Ident</span><br />
<span class="irc-date">[16:53]</span> <span class="irc-brown">-card.freenode.net- *** Found your hostname</span><br />
<span class="irc-date">[16:54]</span> <span class="irc-brown">-card.freenode.net- *** No Ident response</span><br />
<span class="irc-date">[17:35]</span> <span class="irc-brown">-cameron.freenode.net- *** Looking up your hostname...</span><br />
<span class="irc-date">[17:35]</span> <span class="irc-brown">-cameron.freenode.net- *** Checking Ident</span><br />
<span class="irc-date">[17:35]</span> <span class="irc-brown">-cameron.freenode.net- *** Found your hostname</span><br />
<span class="irc-date">[17:35]</span> <span class="irc-brown">-cameron.freenode.net- *** No Ident response</span><br />
<span class="irc-date">[17:35]</span> <span class="irc-green">* DuraLogBot (~PircBot@ec2-54-211-182-41.compute-1.amazonaws.com) has joined #duraspace</span><br />
<span class="irc-date">[17:35]</span> <span class="irc-green">* Topic is '[Welcome to DuraSpace - This channel is logged - <a href="http://irclogs.duraspace.org/]'">http://irclogs.duraspace.org/]'</a></span><br />
<span class="irc-date">[17:35]</span> <span class="irc-green">* Set by cwilper!ad579d86@gateway/web/freenode/ip.173.87.157.134 on Fri Oct 22 01:19:41 UTC 2010</span><br />
<span class="irc-date">[18:05]</span> <span class="irc-navy">* Disconnected.</span><br />
<span class="irc-date">[18:05]</span> <span class="irc-brown">-cameron.freenode.net- *** Looking up your hostname...</span><br />
<span class="irc-date">[18:05]</span> <span class="irc-brown">-cameron.freenode.net- *** Checking Ident</span><br />
<span class="irc-date">[18:05]</span> <span class="irc-brown">-cameron.freenode.net- *** Found your hostname</span><br />
<span class="irc-date">[18:05]</span> <span class="irc-brown">-cameron.freenode.net- *** No Ident response</span><br />
