<span class="irc-date">[6:54]</span> <span class="irc-brown">-orwell.freenode.net- *** Looking up your hostname...</span><br />
<span class="irc-date">[6:54]</span> <span class="irc-brown">-orwell.freenode.net- *** Checking Ident</span><br />
<span class="irc-date">[6:54]</span> <span class="irc-brown">-orwell.freenode.net- *** Found your hostname</span><br />
<span class="irc-date">[6:54]</span> <span class="irc-brown">-orwell.freenode.net- *** No Ident response</span><br />
<span class="irc-date">[6:55]</span> <span class="irc-green">* DuraLogBot (~PircBot@atlas.duraspace.org) has joined #duraspace</span><br />
<span class="irc-date">[6:55]</span> <span class="irc-green">* Topic is '[Welcome to DuraSpace - This channel is logged - <a href="http://irclogs.duraspace.org/]'">http://irclogs.duraspace.org/]'</a></span><br />
<span class="irc-date">[6:55]</span> <span class="irc-green">* Set by cwilper!ad579d86@gateway/web/freenode/ip.173.87.157.134 on Fri Oct 22 01:19:41 UTC 2010</span><br />
<span class="irc-date">[11:06]</span> <span class="irc-brown">-kloeri- [Global Notice] For purely non-profit reasons, all your nickserv accounts have been converted into freenode+ accounts; details at <a href="http://blog.freenode.net/2014/04/googleplusfreenode/.">http://blog.freenode.net/2014/04/googleplusfreenode/.</a> Thank you for using freenode.  </span><br />
<span class="irc-date">[12:24]</span> <span class="irc-green">* mhwood (mwood@mhw.ulib.iupui.edu) has joined #duraspace</span><br />
<span class="irc-date">[12:48]</span> <span class="irc-green">* kshepherd2 (~kim@121-99-35-254.bng1.nct.orcon.net.nz) has joined #duraspace</span><br />
<span class="irc-date">[13:01]</span> <span class="irc-green">* tdonohue (~tdonohue@c-50-179-112-246.hsd1.il.comcast.net) has joined #duraspace</span><br />
<span class="irc-date">[13:08]</span> <span class="irc-green">* tdonohue1 (~tdonohue@c-50-179-112-246.hsd1.il.comcast.net) has joined #duraspace</span><br />
<span class="irc-date">[13:09]</span> <span class="irc-navy">* tdonohue (~tdonohue@c-50-179-112-246.hsd1.il.comcast.net) Quit (Ping timeout: 268 seconds)</span><br />
<span class="irc-date">[13:31]</span> <span class="irc-navy">* kshepherd2 (~kim@121-99-35-254.bng1.nct.orcon.net.nz) Quit (Ping timeout: 255 seconds)</span><br />
<span class="irc-date">[13:40]</span> <span class="irc-green">* tdonohue1 is now known as tdonohue</span><br />
<span class="irc-date">[16:50]</span> <span class="irc-navy">* PeterDietz (~peterdiet@dietz72m1.lib.ohio-state.edu) Quit (Ping timeout: 268 seconds)</span><br />
<span class="irc-date">[19:11]</span> <span class="irc-green">* hpottinger (~hpottinge@mu-161174.dhcp.missouri.edu) has joined #duraspace</span><br />
<span class="irc-date">[20:32]</span> <span class="irc-navy">* hpottinger (~hpottinge@mu-161174.dhcp.missouri.edu) Quit (Quit: Later, taterz!)</span><br />
<span class="irc-date">[20:53]</span> <span class="irc-green">* hpottinger (~hpottinge@mu-161174.dhcp.missouri.edu) has joined #duraspace</span><br />
<span class="irc-date">[21:06]</span> <span class="irc-green">* hpottinger (~hpottinge@mu-161174.dhcp.missouri.edu) has left #duraspace</span><br />
<span class="irc-date">[21:11]</span> <span class="irc-navy">* mhwood (mwood@mhw.ulib.iupui.edu) Quit (Remote host closed the connection)</span><br />
<span class="irc-date">[21:32]</span> <span class="irc-green">* tdonohue (~tdonohue@c-50-179-112-246.hsd1.il.comcast.net) has left #duraspace</span><br />
<span class="irc-date">[23:35]</span> <span class="irc-green">* kshepherd2 (~kim@203.160.115.179) has joined #duraspace</span><br />
