<span class="irc-date">[2:23]</span> <span class="irc-green">* kshepherd2 (~kim@203.160.115.131) has joined #duraspace</span><br />
<span class="irc-date">[3:00]</span> <span class="irc-navy">* kshepherd2 (~kim@203.160.115.131) Quit (Ping timeout: 258 seconds)</span><br />
<span class="irc-date">[6:55]</span> <span class="irc-brown">-leguin.freenode.net- *** Looking up your hostname...</span><br />
<span class="irc-date">[6:55]</span> <span class="irc-brown">-leguin.freenode.net- *** Checking Ident</span><br />
<span class="irc-date">[6:55]</span> <span class="irc-brown">-leguin.freenode.net- *** Found your hostname</span><br />
<span class="irc-date">[6:55]</span> <span class="irc-brown">-leguin.freenode.net- *** No Ident response</span><br />
<span class="irc-date">[6:55]</span> <span class="irc-green">* DuraLogBot (~PircBot@atlas.duraspace.org) has joined #duraspace</span><br />
<span class="irc-date">[6:55]</span> <span class="irc-green">* Topic is '[Welcome to DuraSpace - This channel is logged - <a href="http://irclogs.duraspace.org/]'">http://irclogs.duraspace.org/]'</a></span><br />
<span class="irc-date">[6:55]</span> <span class="irc-green">* Set by cwilper!ad579d86@gateway/web/freenode/ip.173.87.157.134 on Fri Oct 22 01:19:41 UTC 2010</span><br />
<span class="irc-date">[12:01]</span> <span class="irc-green">* mhwood (mwood@mhw.ulib.iupui.edu) has joined #duraspace</span><br />
<span class="irc-date">[13:14]</span> <span class="irc-green">* mikeAtUVa (~md5wz@d-137-155-231.bootp.Virginia.EDU) has joined #duraspace</span><br />
<span class="irc-date">[13:14]</span> <span class="irc-green">* mikeAtUVa (~md5wz@d-137-155-231.bootp.Virginia.EDU) has left #duraspace</span><br />
<span class="irc-date">[13:27]</span> <span class="irc-navy">* misilot (~misilot@p-body.lib.fit.edu) Quit (Remote host closed the connection)</span><br />
<span class="irc-date">[13:33]</span> <span class="irc-green">* misilot (~misilot@p-body.lib.fit.edu) has joined #duraspace</span><br />
<span class="irc-date">[13:35]</span> <span class="irc-navy">* misilot (~misilot@p-body.lib.fit.edu) Quit (Remote host closed the connection)</span><br />
<span class="irc-date">[13:45]</span> <span class="irc-green">* misilot (~misilot@p-body.lib.fit.edu) has joined #duraspace</span><br />
<span class="irc-date">[13:46]</span> <span class="irc-green">* kshepherd2 (~kim@121-99-157-111.bng1.nct.orcon.net.nz) has joined #duraspace</span><br />
<span class="irc-date">[13:47]</span> <span class="irc-navy">* misilot (~misilot@p-body.lib.fit.edu) Quit (Remote host closed the connection)</span><br />
<span class="irc-date">[13:52]</span> <span class="irc-green">* misilot (~misilot@p-body.lib.fit.edu) has joined #duraspace</span><br />
<span class="irc-date">[13:55]</span> <span class="irc-navy">* kshepherd2 (~kim@121-99-157-111.bng1.nct.orcon.net.nz) Quit (Ping timeout: 265 seconds)</span><br />
<span class="irc-date">[14:22]</span> <span class="irc-green">* PeterDietz (~textual@162-231-20-67.lightspeed.clmboh.sbcglobal.net) has joined #duraspace</span><br />
<span class="irc-date">[15:40]</span> <span class="irc-navy">* PeterDietz (~textual@162-231-20-67.lightspeed.clmboh.sbcglobal.net) Quit (Quit: My MacBook Pro has gone to sleep. ZZZzzz…)</span><br />
<span class="irc-date">[15:43]</span> <span class="irc-green">* PeterDietz (~textual@162-231-20-67.lightspeed.clmboh.sbcglobal.net) has joined #duraspace</span><br />
<span class="irc-date">[17:13]</span> <span class="irc-green">* hpottinger (~hpottinge@mu-161174.dhcp.missouri.edu) has joined #duraspace</span><br />
<span class="irc-date">[17:31]</span> <span class="irc-navy">* mhwood (mwood@mhw.ulib.iupui.edu) Quit (Excess Flood)</span><br />
<span class="irc-date">[17:32]</span> <span class="irc-green">* mhwood (mwood@mhw.ulib.iupui.edu) has joined #duraspace</span><br />
<span class="irc-date">[17:38]</span> <span class="irc-green">* edInCo (~smuxi@seta.coalliance.org) has joined #duraspace</span><br />
<span class="irc-date">[18:00]</span> <span class="irc-green">* hpottinger (~hpottinge@mu-161174.dhcp.missouri.edu) has left #duraspace</span><br />
<span class="irc-date">[20:29]</span> <span class="irc-green">* hpottinger (~hpottinge@mu-161174.dhcp.missouri.edu) has joined #duraspace</span><br />
<span class="irc-date">[20:33]</span> <span class="irc-green">* hpottinger (~hpottinge@mu-161174.dhcp.missouri.edu) has left #duraspace</span><br />
<span class="irc-date">[20:37]</span> <span class="irc-navy">* mhwood (mwood@mhw.ulib.iupui.edu) Quit (Remote host closed the connection)</span><br />
<span class="irc-date">[23:14]</span> <span class="irc-navy">* edInCo (~smuxi@seta.coalliance.org) Quit (Remote host closed the connection)</span><br />
