<span class="irc-date">[2:12]</span> <span class="irc-navy">* awoods (~awoods@c-67-165-245-76.hsd1.co.comcast.net) Quit (Quit: Ex-Chat)</span><br />
<span class="irc-date">[6:30]</span> <span class="irc-brown">-hobana.freenode.net- *** Looking up your hostname...</span><br />
<span class="irc-date">[6:30]</span> <span class="irc-brown">-hobana.freenode.net- *** Checking Ident</span><br />
<span class="irc-date">[6:30]</span> <span class="irc-brown">-hobana.freenode.net- *** Found your hostname</span><br />
<span class="irc-date">[6:30]</span> <span class="irc-brown">-hobana.freenode.net- *** No Ident response</span><br />
<span class="irc-date">[6:30]</span> <span class="irc-green">* DuraLogBot (~PircBot@ec2-107-22-210-74.compute-1.amazonaws.com) has joined #duraspace</span><br />
<span class="irc-date">[6:30]</span> <span class="irc-green">* Topic is '[Welcome to DuraSpace - This channel is logged - <a href="http://irclogs.duraspace.org/]'">http://irclogs.duraspace.org/]'</a></span><br />
<span class="irc-date">[6:30]</span> <span class="irc-green">* Set by cwilper!ad579d86@gateway/web/freenode/ip.173.87.157.134 on Fri Oct 22 01:19:41 UTC 2010</span><br />
<span class="irc-date">[12:33]</span> <span class="irc-green">* tdonohue (~tdonohue@c-50-179-112-246.hsd1.il.comcast.net) has joined #duraspace</span><br />
<span class="irc-date">[14:55]</span> <span class="irc-navy">* misilot (~misilot@p-body.lib.fit.edu) Quit (Remote host closed the connection)</span><br />
<span class="irc-date">[15:01]</span> <span class="irc-green">* PeterDietz (~textual@server112.longsightgroup.com) has joined #duraspace</span><br />
<span class="irc-date">[15:24]</span> <span class="irc-green">* misilot (~misilot@p-body.lib.fit.edu) has joined #duraspace</span><br />
<span class="irc-date">[16:55]</span> <span class="irc-green">* mhwood (mwood@mhw.ulib.iupui.edu) has joined #duraspace</span><br />
<span class="irc-date">[17:02]</span> <span class="irc-navy">* PeterDietz (~textual@server112.longsightgroup.com) Quit (Ping timeout: 264 seconds)</span><br />
<span class="irc-date">[17:51]</span> <span class="irc-green">* pbecker (55d420c1@gateway/web/freenode/ip.85.212.32.193) has joined #duraspace</span><br />
<span class="irc-date">[18:27]</span> <span class="irc-green">* hpottinger (~hpottinge@mu-161174.dhcp.missouri.edu) has joined #duraspace</span><br />
<span class="irc-date">[19:17]</span> <span class="irc-navy">* pbecker (55d420c1@gateway/web/freenode/ip.85.212.32.193) Quit ()</span><br />
<span class="irc-date">[21:08]</span> <span class="irc-green">* mhwood (mwood@mhw.ulib.iupui.edu) has left #duraspace</span><br />
<span class="irc-date">[21:39]</span> <span class="irc-green">* tdonohue (~tdonohue@c-50-179-112-246.hsd1.il.comcast.net) has left #duraspace</span><br />
<span class="irc-date">[22:09]</span> <span class="irc-green">* hpottinger (~hpottinge@mu-161174.dhcp.missouri.edu) has left #duraspace</span><br />
