<span class="irc-date">[6:41]</span> <span class="irc-brown">-kornbluth.freenode.net- *** Looking up your hostname...</span><br />
<span class="irc-date">[6:41]</span> <span class="irc-brown">-kornbluth.freenode.net- *** Checking Ident</span><br />
<span class="irc-date">[6:41]</span> <span class="irc-brown">-kornbluth.freenode.net- *** Found your hostname</span><br />
<span class="irc-date">[6:41]</span> <span class="irc-brown">-kornbluth.freenode.net- *** No Ident response</span><br />
<span class="irc-date">[6:41]</span> <span class="irc-green">* DuraLogBot (~PircBot@ec2-107-22-210-74.compute-1.amazonaws.com) has joined #duraspace</span><br />
<span class="irc-date">[6:41]</span> <span class="irc-green">* Topic is '[Welcome to DuraSpace - This channel is logged - <a href="http://irclogs.duraspace.org/]'">http://irclogs.duraspace.org/]'</a></span><br />
<span class="irc-date">[6:41]</span> <span class="irc-green">* Set by cwilper!ad579d86@gateway/web/freenode/ip.173.87.157.134 on Fri Oct 22 01:19:41 UTC 2010</span><br />
<span class="irc-date">[13:40]</span> <span class="irc-green">* peterdietz (~peterdiet@162-231-22-3.lightspeed.clmboh.sbcglobal.net) has joined #duraspace</span><br />
<span class="irc-date">[14:45]</span> <span class="irc-navy">* peterdietz (~peterdiet@162-231-22-3.lightspeed.clmboh.sbcglobal.net) Quit (Quit: peterdietz)</span><br />
<span class="irc-date">[14:52]</span> <span class="irc-green">* peterdietz (~peterdiet@162-231-22-3.lightspeed.clmboh.sbcglobal.net) has joined #duraspace</span><br />
<span class="irc-date">[14:58]</span> <span class="irc-navy">* peterdietz (~peterdiet@162-231-22-3.lightspeed.clmboh.sbcglobal.net) Quit (Quit: peterdietz)</span><br />
<span class="irc-date">[16:37]</span> <span class="irc-green">* peterdietz (~peterdiet@162-231-22-3.lightspeed.clmboh.sbcglobal.net) has joined #duraspace</span><br />
<span class="irc-date">[17:24]</span> <span class="irc-navy">* peterdietz (~peterdiet@162-231-22-3.lightspeed.clmboh.sbcglobal.net) Quit (Quit: peterdietz)</span><br />
<span class="irc-date">[17:31]</span> <span class="irc-green">* peterdietz (~peterdiet@162-231-22-3.lightspeed.clmboh.sbcglobal.net) has joined #duraspace</span><br />
<span class="irc-date">[18:08]</span> <span class="irc-navy">* peterdietz (~peterdiet@162-231-22-3.lightspeed.clmboh.sbcglobal.net) Quit (Quit: peterdietz)</span><br />
<span class="irc-date">[19:34]</span> <span class="irc-green">* peterdietz (~peterdiet@162-231-22-3.lightspeed.clmboh.sbcglobal.net) has joined #duraspace</span><br />
<span class="irc-date">[20:17]</span> <span class="irc-navy">* peterdietz (~peterdiet@162-231-22-3.lightspeed.clmboh.sbcglobal.net) Quit (Quit: peterdietz)</span><br />
<span class="irc-date">[20:20]</span> <span class="irc-green">* peterdietz (~peterdiet@162-231-22-3.lightspeed.clmboh.sbcglobal.net) has joined #duraspace</span><br />
<span class="irc-date">[20:32]</span> <span class="irc-navy">* peterdietz (~peterdiet@162-231-22-3.lightspeed.clmboh.sbcglobal.net) Quit (Quit: peterdietz)</span><br />
<span class="irc-date">[20:32]</span> <span class="irc-green">* peterdietz (~peterdiet@162-231-22-3.lightspeed.clmboh.sbcglobal.net) has joined #duraspace</span><br />
<span class="irc-date">[20:33]</span> <span class="irc-navy">* peterdietz (~peterdiet@162-231-22-3.lightspeed.clmboh.sbcglobal.net) Quit (Client Quit)</span><br />
<span class="irc-date">[20:33]</span> <span class="irc-green">* peterdietz (~peterdiet@162-231-22-3.lightspeed.clmboh.sbcglobal.net) has joined #duraspace</span><br />
<span class="irc-date">[21:38]</span> <span class="irc-navy">* peterdietz (~peterdiet@162-231-22-3.lightspeed.clmboh.sbcglobal.net) Quit (Quit: peterdietz)</span><br />
<span class="irc-date">[22:12]</span> <span class="irc-green">* peterdietz (~peterdiet@162-231-22-3.lightspeed.clmboh.sbcglobal.net) has joined #duraspace</span><br />
<span class="irc-date">[22:15]</span> <span class="irc-navy">* peterdietz (~peterdiet@162-231-22-3.lightspeed.clmboh.sbcglobal.net) Quit (Client Quit)</span><br />
