<span class="irc-date">[6:29]</span> <span class="irc-brown">-card.freenode.net- *** Looking up your hostname...</span><br />
<span class="irc-date">[6:29]</span> <span class="irc-brown">-card.freenode.net- *** Checking Ident</span><br />
<span class="irc-date">[6:29]</span> <span class="irc-brown">-card.freenode.net- *** Found your hostname</span><br />
<span class="irc-date">[6:29]</span> <span class="irc-brown">-card.freenode.net- *** No Ident response</span><br />
<span class="irc-date">[6:29]</span> <span class="irc-green">* DuraLogBot (~PircBot@ec2-107-22-210-74.compute-1.amazonaws.com) has joined #duraspace</span><br />
<span class="irc-date">[6:29]</span> <span class="irc-green">* Topic is '[Welcome to DuraSpace - This channel is logged - <a href="http://irclogs.duraspace.org/]'">http://irclogs.duraspace.org/]'</a></span><br />
<span class="irc-date">[6:29]</span> <span class="irc-green">* Set by cwilper!ad579d86@gateway/web/freenode/ip.173.87.157.134 on Fri Oct 22 01:19:41 UTC 2010</span><br />
<span class="irc-date">[12:01]</span> <span class="irc-green">* john3213 (john3213@static-72-66-66-50.washdc.fios.verizon.net) has joined #duraspace</span><br />
<span class="irc-date">[12:06]</span> <span class="irc-green">* john3213 (john3213@static-72-66-66-50.washdc.fios.verizon.net) has left #duraspace</span><br />
<span class="irc-date">[20:23]</span> <span class="irc-green">* awoods (~awoods@c-67-165-245-76.hsd1.co.comcast.net) has joined #duraspace</span><br />
<span class="irc-date">[22:13]</span> <span class="irc-navy">* ChanServ (ChanServ@services.) Quit (*.net *.split)</span><br />
<span class="irc-date">[22:17]</span> <span class="irc-navy">* linux4u (~james@employed.library.emory.edu) Quit (*.net *.split)</span><br />
<span class="irc-date">[22:19]</span> <span class="irc-navy">* helix84 (~ctenar@195.178.95.132) Quit (*.net *.split)</span><br />
<span class="irc-date">[22:20]</span> <span class="irc-navy">* kshepherd (kim@ec2-184-73-177-234.compute-1.amazonaws.com) Quit (*.net *.split)</span><br />
<span class="irc-date">[22:20]</span> <span class="irc-navy">* kompewter (~kompewter@ec2-50-17-201-82.compute-1.amazonaws.com) Quit (*.net *.split)</span><br />
<span class="irc-date">[22:21]</span> <span class="irc-green">* linux4u (~james@employed.library.emory.edu) has joined #duraspace</span><br />
<span class="irc-date">[22:21]</span> <span class="irc-green">* ChanServ (ChanServ@services.) has joined #duraspace</span><br />
<span class="irc-date">[22:21]</span> <span class="irc-green">* kompewter (~kompewter@ec2-50-17-201-82.compute-1.amazonaws.com) has joined #duraspace</span><br />
<span class="irc-date">[22:21]</span> <span class="irc-green">* helix84 (~ctenar@195.178.95.132) has joined #duraspace</span><br />
<span class="irc-date">[22:21]</span> <span class="irc-green">* kshepherd (kim@ec2-184-73-177-234.compute-1.amazonaws.com) has joined #duraspace</span><br />
