<span class="irc-date">[1:42]</span> <span class="irc-navy">* fasseg (~ruckus@HSI-KBW-091-089-022-149.hsi2.kabelbw.de) Quit (Quit: Lost terminal)</span><br />
<span class="irc-date">[3:15]</span> <span class="irc-green">* kshepherd2 (~kim@255.33.226.49.dyn.cust.vf.net.nz) has joined #duraspace</span><br />
<span class="irc-date">[3:37]</span> <span class="irc-navy">* kshepherd2 (~kim@255.33.226.49.dyn.cust.vf.net.nz) Quit (Ping timeout: 244 seconds)</span><br />
<span class="irc-date">[6:35]</span> <span class="irc-brown">-card.freenode.net- *** Looking up your hostname...</span><br />
<span class="irc-date">[6:35]</span> <span class="irc-brown">-card.freenode.net- *** Checking Ident</span><br />
<span class="irc-date">[6:35]</span> <span class="irc-brown">-card.freenode.net- *** Found your hostname</span><br />
<span class="irc-date">[6:35]</span> <span class="irc-brown">-card.freenode.net- *** No Ident response</span><br />
<span class="irc-date">[6:35]</span> <span class="irc-green">* DuraLogBot (~PircBot@atlas.duraspace.org) has joined #duraspace</span><br />
<span class="irc-date">[6:35]</span> <span class="irc-green">* Topic is '[Welcome to DuraSpace - This channel is logged - <a href="http://irclogs.duraspace.org/]'">http://irclogs.duraspace.org/]'</a></span><br />
<span class="irc-date">[6:35]</span> <span class="irc-green">* Set by cwilper!ad579d86@gateway/web/freenode/ip.173.87.157.134 on Fri Oct 22 01:19:41 UTC 2010</span><br />
<span class="irc-date">[11:44]</span> <span class="irc-green">* kshepherd2 (~kim@121-99-37-31.bng1.nct.orcon.net.nz) has joined #duraspace</span><br />
<span class="irc-date">[12:24]</span> <span class="irc-navy">* kshepherd2 (~kim@121-99-37-31.bng1.nct.orcon.net.nz) Quit (Ping timeout: 244 seconds)</span><br />
<span class="irc-date">[13:18]</span> <span class="irc-green">* mhwood (mwood@mhw.ulib.iupui.edu) has joined #duraspace</span><br />
<span class="irc-date">[13:39]</span> <span class="irc-green">* tdonohue (~tdonohue@c-50-179-112-246.hsd1.il.comcast.net) has joined #duraspace</span><br />
<span class="irc-date">[15:58]</span> <span class="irc-green">* hpottinger (~hpottinge@mu-161244.dhcp.missouri.edu) has joined #duraspace</span><br />
<span class="irc-date">[18:04]</span> <span class="irc-green">* edInCo (~smuxi@seta.coalliance.org) has joined #duraspace</span><br />
<span class="irc-date">[20:55]</span> <span class="irc-green">* hpottinger (~hpottinge@mu-161244.dhcp.missouri.edu) has left #duraspace</span><br />
<span class="irc-date">[22:14]</span> <span class="irc-green">* mhwood (mwood@mhw.ulib.iupui.edu) has left #duraspace</span><br />
<span class="irc-date">[22:44]</span> <span class="irc-navy">* tdonohue (~tdonohue@c-50-179-112-246.hsd1.il.comcast.net) Quit (Read error: Connection reset by peer)</span><br />
<span class="irc-date">[23:58]</span> <span class="irc-navy">* edInCo (~smuxi@seta.coalliance.org) Quit (Ping timeout: 240 seconds)</span><br />
