<span class="irc-date">[6:25]</span> <span class="irc-green">* kostasp (02553771@gateway/web/freenode/ip.2.85.55.113) has joined #duraspace</span><br />
<span class="irc-date">[6:51]</span> <span class="irc-brown">-orwell.freenode.net- *** Looking up your hostname...</span><br />
<span class="irc-date">[6:51]</span> <span class="irc-brown">-orwell.freenode.net- *** Checking Ident</span><br />
<span class="irc-date">[6:51]</span> <span class="irc-brown">-orwell.freenode.net- *** Found your hostname</span><br />
<span class="irc-date">[6:51]</span> <span class="irc-brown">-orwell.freenode.net- *** No Ident response</span><br />
<span class="irc-date">[6:51]</span> <span class="irc-green">* DuraLogBot (~PircBot@ec2-107-22-210-74.compute-1.amazonaws.com) has joined #duraspace</span><br />
<span class="irc-date">[6:51]</span> <span class="irc-green">* Topic is '[Welcome to DuraSpace - This channel is logged - <a href="http://irclogs.duraspace.org/]'">http://irclogs.duraspace.org/]'</a></span><br />
<span class="irc-date">[6:51]</span> <span class="irc-green">* Set by cwilper!ad579d86@gateway/web/freenode/ip.173.87.157.134 on Fri Oct 22 01:19:41 UTC 2010</span><br />
<span class="irc-date">[11:25]</span> <span class="irc-navy">* kostasp (02553771@gateway/web/freenode/ip.2.85.55.113) Quit (Ping timeout: 246 seconds)</span><br />
<span class="irc-date">[11:50]</span> <span class="irc-green">* Jessedhammu (~Thunderbi@14.139.58.194) has joined #duraspace</span><br />
<span class="irc-date">[12:08]</span> <span class="irc-green">* mhwood (mwood@mhw.ulib.iupui.edu) has joined #duraspace</span><br />
<span class="irc-date">[12:20]</span> <span class="irc-navy">* Jessedhammu (~Thunderbi@14.139.58.194) Quit (Quit: Im Leaving Planet Earth)</span><br />
<span class="irc-date">[12:24]</span> <span class="irc-green">* tdonohue (~tdonohue@c-98-215-0-161.hsd1.il.comcast.net) has joined #duraspace</span><br />
<span class="irc-date">[14:30]</span> <span class="irc-green">* awoods (~awoods@c-67-165-245-76.hsd1.co.comcast.net) has joined #duraspace</span><br />
<span class="irc-date">[14:44]</span> <span class="irc-green">* hpottinger (~hpottinge@mu-161174.dhcp.missouri.edu) has joined #duraspace</span><br />
<span class="irc-date">[19:14]</span> <span class="irc-green">* awoods is now known as awoods_lunch</span><br />
<span class="irc-date">[19:45]</span> <span class="irc-green">* awoods_lunch is now known as awoods</span><br />
<span class="irc-date">[20:21]</span> <span class="irc-green">* hpottinger (~hpottinge@mu-161174.dhcp.missouri.edu) has left #duraspace</span><br />
<span class="irc-date">[21:03]</span> <span class="irc-navy">* mhwood (mwood@mhw.ulib.iupui.edu) Quit (Remote host closed the connection)</span><br />
<span class="irc-date">[21:34]</span> <span class="irc-green">* tdonohue (~tdonohue@c-98-215-0-161.hsd1.il.comcast.net) has left #duraspace</span><br />
