<span class="irc-date">[1:03]</span> <span class="irc-navy">* tdonohue (~tdonohue@c-50-179-112-246.hsd1.il.comcast.net) Quit (Read error: Connection reset by peer)</span><br />
<span class="irc-date">[1:16]</span> <span class="irc-green">* PeterDietz (~peterdiet@162-231-20-67.lightspeed.clmboh.sbcglobal.net) has joined #duraspace</span><br />
<span class="irc-date">[1:37]</span> <span class="irc-navy">* PeterDietz (~peterdiet@162-231-20-67.lightspeed.clmboh.sbcglobal.net) Quit (Remote host closed the connection)</span><br />
<span class="irc-date">[1:39]</span> <span class="irc-green">* PeterDietz (~peterdiet@162-231-20-67.lightspeed.clmboh.sbcglobal.net) has joined #duraspace</span><br />
<span class="irc-date">[1:45]</span> <span class="irc-navy">* PeterDietz (~peterdiet@162-231-20-67.lightspeed.clmboh.sbcglobal.net) Quit (Ping timeout: 240 seconds)</span><br />
<span class="irc-date">[1:45]</span> <span class="irc-green">* PeterDietz (~peterdiet@lib-css1pfw-krc.lib.ohio-state.edu) has joined #duraspace</span><br />
<span class="irc-date">[2:09]</span> <span class="irc-navy">* PeterDietz (~peterdiet@lib-css1pfw-krc.lib.ohio-state.edu) Quit (Remote host closed the connection)</span><br />
<span class="irc-date">[4:53]</span> <span class="irc-green">* kshepherd2 (~kim@121-99-131-216.bng1.tvc.orcon.net.nz) has joined #duraspace</span><br />
<span class="irc-date">[6:39]</span> <span class="irc-brown">-verne.freenode.net- *** Looking up your hostname...</span><br />
<span class="irc-date">[6:39]</span> <span class="irc-brown">-verne.freenode.net- *** Checking Ident</span><br />
<span class="irc-date">[6:39]</span> <span class="irc-brown">-verne.freenode.net- *** Found your hostname</span><br />
<span class="irc-date">[6:39]</span> <span class="irc-brown">-verne.freenode.net- *** No Ident response</span><br />
<span class="irc-date">[6:39]</span> <span class="irc-green">* DuraLogBot (~PircBot@atlas.duraspace.org) has joined #duraspace</span><br />
<span class="irc-date">[6:39]</span> <span class="irc-green">* Topic is '[Welcome to DuraSpace - This channel is logged - <a href="http://irclogs.duraspace.org/]'">http://irclogs.duraspace.org/]'</a></span><br />
<span class="irc-date">[6:39]</span> <span class="irc-green">* Set by cwilper!ad579d86@gateway/web/freenode/ip.173.87.157.134 on Fri Oct 22 01:19:41 UTC 2010</span><br />
<span class="irc-date">[7:55]</span> <span class="irc-navy">* kshepherd2 (~kim@121-99-131-216.bng1.tvc.orcon.net.nz) Quit (Ping timeout: 255 seconds)</span><br />
<span class="irc-date">[8:25]</span> <span class="irc-green">* kshepherd2 (~kim@121-99-131-216.bng1.tvc.orcon.net.nz) has joined #duraspace</span><br />
<span class="irc-date">[12:31]</span> <span class="irc-green">* mhwood (mwood@mhw.ulib.iupui.edu) has joined #duraspace</span><br />
<span class="irc-date">[12:39]</span> <span class="irc-green">* tdonohue (~tdonohue@c-50-179-112-246.hsd1.il.comcast.net) has joined #duraspace</span><br />
<span class="irc-date">[12:48]</span> <span class="irc-navy">* tdonohue (~tdonohue@c-50-179-112-246.hsd1.il.comcast.net) Quit (Ping timeout: 252 seconds)</span><br />
<span class="irc-date">[12:55]</span> <span class="irc-green">* tdonohue (~tdonohue@c-50-179-112-246.hsd1.il.comcast.net) has joined #duraspace</span><br />
<span class="irc-date">[14:09]</span> <span class="irc-green">* PeterDietz (~peterdiet@dietz72m1.lib.ohio-state.edu) has joined #duraspace</span><br />
<span class="irc-date">[14:11]</span> <span class="irc-green">* PeterDie_ (~peterdiet@lib-css1pfw-krc.lib.ohio-state.edu) has joined #duraspace</span><br />
<span class="irc-date">[14:14]</span> <span class="irc-navy">* PeterDietz (~peterdiet@dietz72m1.lib.ohio-state.edu) Quit (Ping timeout: 264 seconds)</span><br />
<span class="irc-date">[14:31]</span> <span class="irc-green">* PeterDietz (~peterdiet@dhcp-164-107-233-109.osuwireless.ohio-state.edu) has joined #duraspace</span><br />
<span class="irc-date">[14:33]</span> <span class="irc-navy">* PeterDie_ (~peterdiet@lib-css1pfw-krc.lib.ohio-state.edu) Quit (Ping timeout: 240 seconds)</span><br />
<span class="irc-date">[16:48]</span> <span class="irc-green">* PeterDie_ (~peterdiet@lib-css1pfw-krc.lib.ohio-state.edu) has joined #duraspace</span><br />
<span class="irc-date">[16:51]</span> <span class="irc-navy">* PeterDietz (~peterdiet@dhcp-164-107-233-109.osuwireless.ohio-state.edu) Quit (Ping timeout: 276 seconds)</span><br />
<span class="irc-date">[17:15]</span> <span class="irc-navy">* PeterDie_ (~peterdiet@lib-css1pfw-krc.lib.ohio-state.edu) Quit (Remote host closed the connection)</span><br />
<span class="irc-date">[17:21]</span> <span class="irc-green">* PeterDietz (~peterdiet@dhcp-164-107-233-109.osuwireless.ohio-state.edu) has joined #duraspace</span><br />
<span class="irc-date">[17:25]</span> <span class="irc-navy">* PeterDietz (~peterdiet@dhcp-164-107-233-109.osuwireless.ohio-state.edu) Quit (Ping timeout: 252 seconds)</span><br />
<span class="irc-date">[17:26]</span> <span class="irc-green">* PeterDietz (~peterdiet@lib-css1pfw-krc.lib.ohio-state.edu) has joined #duraspace</span><br />
<span class="irc-date">[17:26]</span> <span class="irc-navy">* kshepherd2 (~kim@121-99-131-216.bng1.tvc.orcon.net.nz) Quit (Ping timeout: 276 seconds)</span><br />
<span class="irc-date">[19:36]</span> <span class="irc-green">* PeterDie_ (~peterdiet@dietz72m1.lib.ohio-state.edu) has joined #duraspace</span><br />
<span class="irc-date">[19:39]</span> <span class="irc-navy">* PeterDietz (~peterdiet@lib-css1pfw-krc.lib.ohio-state.edu) Quit (Ping timeout: 252 seconds)</span><br />
<span class="irc-date">[21:01]</span> <span class="irc-navy">* mhwood (mwood@mhw.ulib.iupui.edu) Quit (Remote host closed the connection)</span><br />
<span class="irc-date">[21:04]</span> <span class="irc-green">* PeterDietz (~peterdiet@lib-css1pfw-krc.lib.ohio-state.edu) has joined #duraspace</span><br />
<span class="irc-date">[21:06]</span> <span class="irc-navy">* PeterDie_ (~peterdiet@dietz72m1.lib.ohio-state.edu) Quit (Ping timeout: 252 seconds)</span><br />
<span class="irc-date">[21:35]</span> <span class="irc-navy">* PeterDietz (~peterdiet@lib-css1pfw-krc.lib.ohio-state.edu) Quit (Remote host closed the connection)</span><br />
<span class="irc-date">[21:36]</span> <span class="irc-green">* PeterDietz (~peterdiet@dhcp-164-107-233-109.osuwireless.ohio-state.edu) has joined #duraspace</span><br />
<span class="irc-date">[21:36]</span> <span class="irc-navy">* PeterDietz (~peterdiet@dhcp-164-107-233-109.osuwireless.ohio-state.edu) Quit (Read error: Connection reset by peer)</span><br />
<span class="irc-date">[22:24]</span> <span class="irc-green">* tdonohue (~tdonohue@c-50-179-112-246.hsd1.il.comcast.net) has left #duraspace</span><br />
<span class="irc-date">[23:51]</span> <span class="irc-green">* kshepherd2 (~kim@121-99-131-216.bng1.tvc.orcon.net.nz) has joined #duraspace</span><br />
