<span class="irc-date">[0:26]</span> <span class="irc-navy">* ruebot (~ruebot@pdpc/supporter/professional/ruebot) Quit (Ping timeout: 240 seconds)</span><br />
<span class="irc-date">[0:27]</span> <span class="irc-green">* ruebot (~ruebot@pdpc/supporter/professional/ruebot) has joined #duraspace</span><br />
<span class="irc-date">[2:19]</span> <span class="irc-green">* kshepherd2 (~kim@49.227.227.195) has joined #duraspace</span><br />
<span class="irc-date">[2:28]</span> <span class="irc-green">* hpottinger (~hpottinge@216.106.51.118.reverse.socket.net) has joined #duraspace</span><br />
<span class="irc-date">[2:30]</span> <span class="irc-navy">* hpottinger (~hpottinge@216.106.51.118.reverse.socket.net) Quit (Client Quit)</span><br />
<span class="irc-date">[2:47]</span> <span class="irc-navy">* kshepherd2 (~kim@49.227.227.195) Quit (Ping timeout: 258 seconds)</span><br />
<span class="irc-date">[6:29]</span> <span class="irc-brown">-dickson.freenode.net- *** Looking up your hostname...</span><br />
<span class="irc-date">[6:29]</span> <span class="irc-brown">-dickson.freenode.net- *** Checking Ident</span><br />
<span class="irc-date">[6:29]</span> <span class="irc-brown">-dickson.freenode.net- *** Found your hostname</span><br />
<span class="irc-date">[6:29]</span> <span class="irc-brown">-dickson.freenode.net- *** No Ident response</span><br />
<span class="irc-date">[6:29]</span> <span class="irc-green">* DuraLogBot (~PircBot@atlas.duraspace.org) has joined #duraspace</span><br />
<span class="irc-date">[6:29]</span> <span class="irc-green">* Topic is '[Welcome to DuraSpace - This channel is logged - <a href="http://irclogs.duraspace.org/]'">http://irclogs.duraspace.org/]'</a></span><br />
<span class="irc-date">[6:29]</span> <span class="irc-green">* Set by cwilper!ad579d86@gateway/web/freenode/ip.173.87.157.134 on Fri Oct 22 01:19:41 UTC 2010</span><br />
<span class="irc-date">[11:56]</span> <span class="irc-navy">* helix84 (~ctenar@195.178.95.132) Quit (Remote host closed the connection)</span><br />
<span class="irc-date">[12:12]</span> <span class="irc-green">* mhwood (mwood@mhw.ulib.iupui.edu) has joined #duraspace</span><br />
<span class="irc-date">[12:47]</span> <span class="irc-navy">* ruebot (~ruebot@pdpc/supporter/professional/ruebot) Quit (Quit: Please, sir, I want some more.)</span><br />
<span class="irc-date">[12:47]</span> <span class="irc-green">* ruebot (~ruebot@192.241.253.49) has joined #duraspace</span><br />
<span class="irc-date">[12:47]</span> <span class="irc-navy">* ruebot (~ruebot@192.241.253.49) Quit (Changing host)</span><br />
<span class="irc-date">[12:47]</span> <span class="irc-green">* ruebot (~ruebot@pdpc/supporter/professional/ruebot) has joined #duraspace</span><br />
<span class="irc-date">[12:56]</span> <span class="irc-green">* tdonohue (~tdonohue@c-50-179-112-246.hsd1.il.comcast.net) has joined #duraspace</span><br />
<span class="irc-date">[14:36]</span> <span class="irc-green">* PeterDietz (~peterdiet@dietz72m1.lib.ohio-state.edu) has joined #duraspace</span><br />
<span class="irc-date">[14:38]</span> <span class="irc-navy">* PeterDietz (~peterdiet@dietz72m1.lib.ohio-state.edu) Quit (Read error: Connection reset by peer)</span><br />
<span class="irc-date">[14:38]</span> <span class="irc-green">* PeterDietz (~peterdiet@dietz72m1.lib.ohio-state.edu) has joined #duraspace</span><br />
<span class="irc-date">[15:51]</span> <span class="irc-green">* bibliotechy (~cbn@pdpc/supporter/active/bibliotechy) has joined #duraspace</span><br />
<span class="irc-date">[17:47]</span> <span class="irc-navy">* awoods (~awoods@c-67-165-245-76.hsd1.co.comcast.net) Quit (Ping timeout: 276 seconds)</span><br />
<span class="irc-date">[17:50]</span> <span class="irc-green">* awoods (~awoods@c-67-165-245-76.hsd1.co.comcast.net) has joined #duraspace</span><br />
<span class="irc-date">[19:28]</span> <span class="irc-navy">* awoods (~awoods@c-67-165-245-76.hsd1.co.comcast.net) Quit (Remote host closed the connection)</span><br />
<span class="irc-date">[20:46]</span> <span class="irc-navy">* mhwood (mwood@mhw.ulib.iupui.edu) Quit (Remote host closed the connection)</span><br />
<span class="irc-date">[21:02]</span> <span class="irc-navy">* bibliotechy (~cbn@pdpc/supporter/active/bibliotechy) Quit (Quit: Leaving)</span><br />
<span class="irc-date">[21:22]</span> <span class="irc-navy">* PeterDietz (~peterdiet@dietz72m1.lib.ohio-state.edu) Quit (Remote host closed the connection)</span><br />
<span class="irc-date">[21:39]</span> <span class="irc-green">* tdonohue (~tdonohue@c-50-179-112-246.hsd1.il.comcast.net) has left #duraspace</span><br />
