<span class="irc-date">[2:31]</span> <span class="irc-navy">* terry-b (~chrome@71-35-103-116.tukw.qwest.net) Quit (Ping timeout: 255 seconds)</span><br />
<span class="irc-date">[6:50]</span> <span class="irc-brown">-verne.freenode.net- *** Looking up your hostname...</span><br />
<span class="irc-date">[6:50]</span> <span class="irc-brown">-verne.freenode.net- *** Checking Ident</span><br />
<span class="irc-date">[6:50]</span> <span class="irc-brown">-verne.freenode.net- *** Found your hostname</span><br />
<span class="irc-date">[6:50]</span> <span class="irc-brown">-verne.freenode.net- *** No Ident response</span><br />
<span class="irc-date">[6:50]</span> <span class="irc-green">* DuraLogBot (~PircBot@webster.duraspace.org) has joined #duraspace</span><br />
<span class="irc-date">[6:50]</span> <span class="irc-green">* Topic is '[Welcome to DuraSpace - This channel is logged - <a href="http://irclogs.duraspace.org/]'">http://irclogs.duraspace.org/]'</a></span><br />
<span class="irc-date">[6:50]</span> <span class="irc-green">* Set by cwilper!ad579d86@gateway/web/freenode/ip.173.87.157.134 on Fri Oct 22 01:19:41 UTC 2010</span><br />
<span class="irc-date">[7:16]</span> <span class="irc-navy">* helix84 (~ctenar@unaffiliated/helix84) Quit (Ping timeout: 250 seconds)</span><br />
<span class="irc-date">[7:17]</span> <span class="irc-green">* helix84 (~ctenar@unaffiliated/helix84) has joined #duraspace</span><br />
<span class="irc-date">[7:49]</span> <span class="irc-green">* pbecker (~pbecker@ubwstmapc098.ub.tu-berlin.de) has joined #duraspace</span><br />
<span class="irc-date">[13:09]</span> <span class="irc-navy">* misilot (~misilot@p-body.lib.fit.edu) Quit (Remote host closed the connection)</span><br />
<span class="irc-date">[13:12]</span> <span class="irc-green">* misilot (~misilot@p-body.lib.fit.edu) has joined #duraspace</span><br />
<span class="irc-date">[13:25]</span> <span class="irc-green">* tdonohue (~tdonohue@c-98-226-113-104.hsd1.il.comcast.net) has joined #duraspace</span><br />
<span class="irc-date">[13:49]</span> <span class="irc-green">* mhwood (mwood@mhw.ulib.iupui.edu) has joined #duraspace</span><br />
<span class="irc-date">[16:43]</span> <span class="irc-green">* dyelar (~dyelar@129.237.45.105) has joined #duraspace</span><br />
<span class="irc-date">[17:15]</span> <span class="irc-green">* hpottinger (~hpottinge@mu-160190.dhcp.missouri.edu) has joined #duraspace</span><br />
<span class="irc-date">[17:30]</span> <span class="irc-green">* terry-b (~chrome@71-35-103-116.tukw.qwest.net) has joined #duraspace</span><br />
<span class="irc-date">[19:45]</span> <span class="irc-green">* terry-b3 (~chrome@71-35-103-116.tukw.qwest.net) has joined #duraspace</span><br />
<span class="irc-date">[19:48]</span> <span class="irc-navy">* terry-b (~chrome@71-35-103-116.tukw.qwest.net) Quit (Ping timeout: 244 seconds)</span><br />
<span class="irc-date">[22:04]</span> <span class="irc-green">* mhwood (mwood@mhw.ulib.iupui.edu) has left #duraspace</span><br />
<span class="irc-date">[22:04]</span> <span class="irc-navy">* hpottinger (~hpottinge@mu-160190.dhcp.missouri.edu) Quit (Quit: Leaving, later taterz!)</span><br />
<span class="irc-date">[22:43]</span> <span class="irc-green">* tdonohue (~tdonohue@c-98-226-113-104.hsd1.il.comcast.net) has left #duraspace</span><br />
<span class="irc-date">[23:15]</span> <span class="irc-navy">* dyelar (~dyelar@129.237.45.105) Quit (Quit: Leaving.)</span><br />
