<span class="irc-date">[6:51]</span> <span class="irc-brown">-asimov.freenode.net- *** Looking up your hostname...</span><br />
<span class="irc-date">[6:51]</span> <span class="irc-brown">-asimov.freenode.net- *** Checking Ident</span><br />
<span class="irc-date">[6:51]</span> <span class="irc-brown">-asimov.freenode.net- *** Found your hostname</span><br />
<span class="irc-date">[6:51]</span> <span class="irc-brown">-asimov.freenode.net- *** No Ident response</span><br />
<span class="irc-date">[6:51]</span> <span class="irc-green">* DuraLogBot (~PircBot@ec2-107-22-210-74.compute-1.amazonaws.com) has joined #duraspace</span><br />
<span class="irc-date">[6:51]</span> <span class="irc-green">* Topic is '[Welcome to DuraSpace - This channel is logged - <a href="http://irclogs.duraspace.org/]'">http://irclogs.duraspace.org/]'</a></span><br />
<span class="irc-date">[6:51]</span> <span class="irc-green">* Set by cwilper!ad579d86@gateway/web/freenode/ip.173.87.157.134 on Fri Oct 22 01:19:41 UTC 2010</span><br />
<span class="irc-date">[12:19]</span> <span class="irc-green">* mhwood (mwood@mhw.ulib.iupui.edu) has joined #duraspace</span><br />
<span class="irc-date">[12:38]</span> <span class="irc-green">* pbecker (~pbecker@ubwstmapc098.ub.tu-berlin.de) has joined #duraspace</span><br />
<span class="irc-date">[13:02]</span> <span class="irc-green">* tdonohue (~tdonohue@c-98-215-0-161.hsd1.il.comcast.net) has joined #duraspace</span><br />
<span class="irc-date">[15:26]</span> <span class="irc-green">* kdweeks (~Adium@2001:468:c80:a103:1c7c:d4df:1e7:cb80) has joined #duraspace</span><br />
<span class="irc-date">[16:33]</span> <span class="irc-navy">* pbecker (~pbecker@ubwstmapc098.ub.tu-berlin.de) Quit (Quit: Leaving)</span><br />
<span class="irc-date">[17:17]</span> <span class="irc-green">* chrisw (3231622c@gateway/web/freenode/ip.50.49.98.44) has joined #duraspace</span><br />
<span class="irc-date">[17:17]</span> <span class="irc-navy">* chrisw (3231622c@gateway/web/freenode/ip.50.49.98.44) Quit (Client Quit)</span><br />
<span class="irc-date">[17:31]</span> <span class="irc-green">* hpottinger (~hpottinge@mu-160056.dhcp.missouri.edu) has joined #duraspace</span><br />
<span class="irc-date">[21:03]</span> <span class="irc-navy">* kdweeks (~Adium@2001:468:c80:a103:1c7c:d4df:1e7:cb80) Quit (Quit: Leaving.)</span><br />
<span class="irc-date">[21:04]</span> <span class="irc-navy">* mhwood (mwood@mhw.ulib.iupui.edu) Quit (Remote host closed the connection)</span><br />
<span class="irc-date">[21:09]</span> <span class="irc-green">* kdweeks (~Adium@2001:468:c80:a103:448e:994a:f0b3:863c) has joined #duraspace</span><br />
<span class="irc-date">[21:39]</span> <span class="irc-green">* tdonohue (~tdonohue@c-98-215-0-161.hsd1.il.comcast.net) has left #duraspace</span><br />
<span class="irc-date">[21:59]</span> <span class="irc-navy">* hpottinger (~hpottinge@mu-160056.dhcp.missouri.edu) Quit (Quit: Leaving, later taterz!)</span><br />
