<span class="irc-date">[6:44]</span> <span class="irc-brown">-verne.freenode.net- *** Looking up your hostname...</span><br />
<span class="irc-date">[6:44]</span> <span class="irc-brown">-verne.freenode.net- *** Checking Ident</span><br />
<span class="irc-date">[6:44]</span> <span class="irc-brown">-verne.freenode.net- *** Found your hostname</span><br />
<span class="irc-date">[6:44]</span> <span class="irc-brown">-verne.freenode.net- *** No Ident response</span><br />
<span class="irc-date">[6:44]</span> <span class="irc-green">* DuraLogBot (~PircBot@webster.duraspace.org) has joined #duraspace</span><br />
<span class="irc-date">[6:44]</span> <span class="irc-green">* Topic is '[Welcome to DuraSpace - This channel is logged - <a href="http://irclogs.duraspace.org/]'">http://irclogs.duraspace.org/]'</a></span><br />
<span class="irc-date">[6:44]</span> <span class="irc-green">* Set by cwilper!ad579d86@gateway/web/freenode/ip.173.87.157.134 on Fri Oct 22 01:19:41 UTC 2010</span><br />
<span class="irc-date">[8:10]</span> <span class="irc-navy">* peterdietz (uid52203@gateway/web/irccloud.com/x-xmdpzsjlyfmirwip) Quit (Quit: Connection closed for inactivity)</span><br />
<span class="irc-date">[13:01]</span> <span class="irc-navy">* ccordova (~ccordovas@pc-22-11-239-201.cm.vtr.net) Quit (Quit: Saliendo)</span><br />
<span class="irc-date">[13:27]</span> <span class="irc-green">* cknowles (uid98028@gateway/web/irccloud.com/x-eiakcetrxxgihasp) has joined #duraspace</span><br />
<span class="irc-date">[13:39]</span> <span class="irc-green">* mhwood (~mhwood@mhw.ulib.iupui.edu) has joined #duraspace</span><br />
<span class="irc-date">[14:20]</span> <span class="irc-green">* peterdietz (uid52203@gateway/web/irccloud.com/x-puuzksjrmsojiwfg) has joined #duraspace</span><br />
<span class="irc-date">[14:27]</span> <span class="irc-green">* tdonohue (~tdonohue@c-98-226-113-104.hsd1.il.comcast.net) has joined #duraspace</span><br />
<span class="irc-date">[14:27]</span> <span class="irc-green">* roeland (~roeland@85.234.195.109.static.edpnet.net) has joined #duraspace</span><br />
<span class="irc-date">[14:31]</span> <span class="irc-green">* tdonohue (~tdonohue@c-98-226-113-104.hsd1.il.comcast.net) has left #duraspace</span><br />
<span class="irc-date">[14:32]</span> <span class="irc-green">* tdonohue1 (~tdonohue@c-98-226-113-104.hsd1.il.comcast.net) has joined #duraspace</span><br />
<span class="irc-date">[14:34]</span> <span class="irc-green">* tdonohue1 (~tdonohue@c-98-226-113-104.hsd1.il.comcast.net) has left #duraspace</span><br />
<span class="irc-date">[14:36]</span> <span class="irc-green">* tdonohue1 (~tdonohue@c-98-226-113-104.hsd1.il.comcast.net) has joined #duraspace</span><br />
<span class="irc-date">[14:37]</span> <span class="irc-green">* tdonohue1 is now known as tdonohue</span><br />
<span class="irc-date">[14:51]</span> <span class="irc-green">* KevinVdV (~kevin@85.234.195.109.static.edpnet.net) has joined #duraspace</span><br />
<span class="irc-date">[14:54]</span> <span class="irc-green">* hpottinger (~hpottinge@mu-162038.dhcp.missouri.edu) has joined #duraspace</span><br />
<span class="irc-date">[14:58]</span> <span class="irc-green">* jcreel (~jcreel@nat-165-91-13-193.tamulink.tamu.edu) has joined #duraspace</span><br />
<span class="irc-date">[15:00]</span> <span class="irc-green">* kohts (~kohts@195.68.180.4) has joined #duraspace</span><br />
<span class="irc-date">[15:00]</span> <span class="irc-black">&lt;tdonohue&gt; Hi all, welcome. It's time for our weekly DSpace Developers Meeting: <a href="https://wiki.duraspace.org/display/DSPACE/DevMtg+2015-12-02">https://wiki.duraspace.org/display/DSPACE/DevMtg+2015-12-02</a></span><br />
<span class="irc-date">[15:01]</span> <span class="irc-black">&lt;tdonohue&gt; Today's concentration will be on 6.0 as usual</span><br />
<span class="irc-date">[15:02]</span> <span class="irc-black">&lt;tdonohue&gt; But, before we get into that, I did want to mention that I'll be out of the office next week. I won't be able to attend next week's meeting, but I'd recommend still having the meeting in order to continue going through 6.0 PRs, etc</span><br />
<span class="irc-date">[15:02]</span> <span class="irc-black">&lt;tdonohue&gt; So, if there is anyone willing to lead next week's meeting (Weds, Dec 9 @ 20:00UTC), please get in touch</span><br />
<span class="irc-date">[15:05]</span> <span class="irc-black">&lt;tdonohue&gt; Regarding DSpace 6.0, I will also note that, because of the large number of PRs, we seem to be running behind on our proposed "feature freeze" date (tentative for Fri, Dec 11).  We may need to rethink that (today or next week) if we find it's really not going to be achievable given the number of feature-PRs.</span><br />
<span class="irc-date">[15:05]</span> <span class="irc-black">&lt;tdonohue&gt; Here's that 6.0 tentative timeline: <a href="https://wiki.duraspace.org/display/DSPACE/DSpace+Release+6.0+Status#DSpaceRelease6.0Status-ReleaseTimeline">https://wiki.duraspace.org/display/DSPACE/DSpace+Release+6.0+Status#DSpaceRelease6.0Status-ReleaseTimeline</a></span><br />
<span class="irc-date">[15:07]</span> <span class="irc-black">&lt;tdonohue&gt; Today I'd like to again spend a good amount of time discussing/reviewing feature PRs that we feel need to get into 6.0.  But, before we do that, are there any other pressing topics/questions anyone has to bring up?</span><br />
<span class="irc-date">[15:08]</span> <span class="irc-black">&lt;mhwood&gt; Apparently not.</span><br />
<span class="irc-date">[15:08]</span> <span class="irc-brick">* tdonohue feels things seem a bit quiet in here. Are people awake? :)</span><br />
<span class="irc-date">[15:09]</span> <span class="irc-black">&lt;tdonohue&gt; (just in case, pinging the Committers to wake up: helix84, hpottinger, KevinVdV, mhwood, peterdietz, terry-b)</span><br />
<span class="irc-date">[15:09]</span> <span class="irc-black">&lt;KevinVdV&gt; I’m here, but also doing other things so replies might not be instantanious</span><br />
<span class="irc-date">[15:10]</span> <span class="irc-black">&lt;peterdietz&gt; I vote to just merge everything</span><br />
<span class="irc-date">[15:10]</span> <span class="irc-black">&lt;tdonohue&gt; peterdietz: good luck with that :)</span><br />
<span class="irc-date">[15:10]</span> <span class="irc-black">&lt;tdonohue&gt; Ok. So, sounds like we jump into some PR reviews, since there's no other pressing topics</span><br />
<span class="irc-date">[15:13]</span> <span class="irc-black">&lt;tdonohue&gt; Here's our 6.0 PRs <a href="https://github.com/DSpace/DSpace/pulls?q=is%3Aopen+is%3Apr+milestone%3A6.0">https://github.com/DSpace/DSpace/pulls?q=is%3Aopen+is%3Apr+milestone%3A6.0</a></span><br />
<span class="irc-date">[15:13]</span> <span class="irc-black">&lt;hpottinger&gt; Sorry, distracted, people scheduled meetings during this time, I'm trying to cancel them</span><br />
<span class="irc-date">[15:13]</span> <span class="irc-brick">* tdonohue is trying to remember how to filter github PRs by multiple labels (feature OR improvement)...coming up blank</span><br />
<span class="irc-date">[15:13]</span> <span class="irc-navy">* DuraLogBot (~PircBot@webster.duraspace.org) Quit (Ping timeout: 245 seconds)</span><br />
<span class="irc-date">[15:13]</span> <span class="irc-navy">* Disconnected.</span><br />
<span class="irc-date">[15:14]</span> <span class="irc-brown">-verne.freenode.net- *** Looking up your hostname...</span><br />
<span class="irc-date">[15:14]</span> <span class="irc-brown">-verne.freenode.net- *** Checking Ident</span><br />
<span class="irc-date">[15:14]</span> <span class="irc-brown">-verne.freenode.net- *** Found your hostname</span><br />
<span class="irc-date">[15:14]</span> <span class="irc-brown">-verne.freenode.net- *** No Ident response</span><br />
<span class="irc-date">[15:43]</span> <span class="irc-brown">-wolfe.freenode.net- *** Looking up your hostname...</span><br />
<span class="irc-date">[15:43]</span> <span class="irc-brown">-wolfe.freenode.net- *** Checking Ident</span><br />
<span class="irc-date">[15:43]</span> <span class="irc-brown">-wolfe.freenode.net- *** Found your hostname</span><br />
<span class="irc-date">[15:43]</span> <span class="irc-brown">-wolfe.freenode.net- *** No Ident response</span><br />
<span class="irc-date">[15:43]</span> <span class="irc-green">* DuraLogBot (~PircBot@webster.duraspace.org) has joined #duraspace</span><br />
<span class="irc-date">[15:43]</span> <span class="irc-green">* Topic is '[Welcome to DuraSpace - This channel is logged - <a href="http://irclogs.duraspace.org/]'">http://irclogs.duraspace.org/]'</a></span><br />
<span class="irc-date">[15:43]</span> <span class="irc-green">* Set by cwilper!ad579d86@gateway/web/freenode/ip.173.87.157.134 on Fri Oct 22 01:19:41 UTC 2010</span><br />
<span class="irc-date">[15:45]</span> <span class="irc-black">&lt;KevinVdV&gt; Yes, claimed it</span><br />
<span class="irc-date">[15:45]</span> <span class="irc-black">&lt;mhwood&gt; Thank you.\</span><br />
<span class="irc-date">[15:46]</span> <span class="irc-brown">-mist- [Global-ish notice] Hmm, appears a hub went boom. Services are unavailable whilst we figure out where it went. </span><br />
<span class="irc-date">[15:46]</span> <span class="irc-brown">-orwell.freenode.net- *** Looking up your hostname...</span><br />
<span class="irc-date">[15:46]</span> <span class="irc-brown">-orwell.freenode.net- *** Checking Ident</span><br />
<span class="irc-date">[15:46]</span> <span class="irc-brown">-orwell.freenode.net- *** Found your hostname</span><br />
<span class="irc-date">[15:46]</span> <span class="irc-brown">-orwell.freenode.net- *** No Ident response</span><br />
<span class="irc-date">[15:47]</span> <span class="irc-green">* DuraLogBot (~PircBot@webster.duraspace.org) has joined #duraspace</span><br />
<span class="irc-date">[15:47]</span> <span class="irc-green">* Topic is '[Welcome to DuraSpace - This channel is logged - <a href="http://irclogs.duraspace.org/]'">http://irclogs.duraspace.org/]'</a></span><br />
<span class="irc-date">[15:47]</span> <span class="irc-green">* Set by cwilper!ad579d86@gateway/web/freenode/ip.173.87.157.134 on Fri Oct 22 01:19:41 UTC 2010</span><br />
<span class="irc-date">[15:47]</span> <span class="irc-black">&lt;tdonohue&gt; there you are DuraLogBot</span><br />
<span class="irc-date">[15:47]</span> <span class="irc-green">* ^^kohts (~kohts@195.68.180.4) has joined #duraspace</span><br />
<span class="irc-date">[15:47]</span> <span class="irc-black">&lt;helix84&gt; what I'm saying is that they patiently incorporated the feedback we gave them so far</span><br />
<span class="irc-date">[15:51]</span> <span class="irc-black">&lt;tdonohue&gt; helix84: I completely agree and understand. My counterargument is simply that isn't really a good reason to add in a new feature....a new feature needs to be (a) ready, and (b) wanted/desired.   I'll admit though, I don't feel strongly either way on 970 (i'm on the fence)</span><br />
<span class="irc-date">[15:52]</span> <span class="irc-navy">* kompewter (~kompewter@ec2-50-17-201-82.compute-1.amazonaws.com) Quit (*.net *.split)</span><br />
<span class="irc-date">[15:52]</span> <span class="irc-navy">* kohts (~kohts@195.68.180.4) Quit (*.net *.split)</span><br />
<span class="irc-date">[15:52]</span> <span class="irc-navy">* jcreel (~jcreel@nat-165-91-13-193.tamulink.tamu.edu) Quit (*.net *.split)</span><br />
<span class="irc-date">[15:52]</span> <span class="irc-navy">* hpottinger (~hpottinge@mu-162038.dhcp.missouri.edu) Quit (*.net *.split)</span><br />
<span class="irc-date">[15:52]</span> <span class="irc-navy">* KevinVdV (~kevin@85.234.195.109.static.edpnet.net) Quit (*.net *.split)</span><br />
<span class="irc-date">[15:52]</span> <span class="irc-navy">* roeland (~roeland@85.234.195.109.static.edpnet.net) Quit (*.net *.split)</span><br />
<span class="irc-date">[15:52]</span> <span class="irc-navy">* peterdietz (uid52203@gateway/web/irccloud.com/x-puuzksjrmsojiwfg) Quit (*.net *.split)</span><br />
<span class="irc-date">[15:52]</span> <span class="irc-navy">* mhwood (~mhwood@mhw.ulib.iupui.edu) Quit (*.net *.split)</span><br />
<span class="irc-date">[15:53]</span> <span class="irc-navy">* misilot (~misilot@p-body.lib.fit.edu) Quit (*.net *.split)</span><br />
<span class="irc-date">[15:53]</span> <span class="irc-black">&lt;tdonohue&gt; but I *do* agree that we really need to give worthwhile feedback here if we are *not* going to add this to 6.0.  We need to let them know why and keep encouraging them to still work on new features</span><br />
<span class="irc-date">[15:53]</span> <span class="irc-black">&lt;tdonohue&gt; I just would rather decisions on whether to *add* a feature be made based on the merits of the feature (obviously)</span><br />
<span class="irc-date">[15:53]</span> <span class="irc-black">&lt;helix84&gt; hmm, I'm not sure why you think that, this was met with highly positive response and I the code was ported to 5.0 and then 6.0 with no outstanding criticism (except for comments Kevin just added)</span><br />
<span class="irc-date">[15:53]</span> <span class="irc-green">* KevinVdV_ (~kevin@85.234.195.109.static.edpnet.net) has joined #duraspace</span><br />
<span class="irc-date">[15:54]</span> <span class="irc-black">&lt;helix84&gt; this netsplit in the middle of the meeting is pretty frustrating, perhaps we could pick up where we left in an hour if it's fixed?</span><br />
<span class="irc-date">[15:54]</span> <span class="irc-black">&lt;KevinVdV_&gt; Connection is very unstable</span><br />
<span class="irc-date">[15:54]</span> <span class="irc-black">&lt;tdonohue&gt; helix84: I'm just concerned that no one seems to be talking about the merits of the feature itself and how they want to use it.  :)</span><br />
<span class="irc-date">[15:54]</span> <span class="irc-green">* roeland (~roeland@85.234.195.109.static.edpnet.net) has joined #duraspace</span><br />
<span class="irc-date">[15:55]</span> <span class="irc-black">&lt;KevinVdV_&gt; But I need to run for this week, if you want my opinion on something please email me about it.</span><br />
<span class="irc-date">[15:55]</span> <span class="irc-black">&lt;KevinVdV_&gt; or if I need to take a look at a certain PR</span><br />
<span class="irc-date">[15:55]</span> <span class="irc-brick">* tdonohue agrees. The netsplit is too frequent here, we aren't able to have a worthwhile discussion in IRC.  (I wonder if Freenode is being DDOSed again)</span><br />
<span class="irc-date">[15:56]</span> <span class="irc-navy">* KevinVdV_ (~kevin@85.234.195.109.static.edpnet.net) Quit (Client Quit)</span><br />
<span class="irc-date">[15:56]</span> <span class="irc-brick">* tdonohue asks everyone to try and take some time to review PRs on your own...add comments/feedback into them.  If the IRC connection stabilizes, we could do a review during JIRA Backlog. But, if not, we'll have to discuss PRs in GitHub</span><br />
<span class="irc-date">[15:57]</span> <span class="irc-black">&lt;tdonohue&gt; The meeting is closed. (Luckily most of this looks to have made it into the IRC logs, so hopefully folks find info there)</span><br />
<span class="irc-date">[15:59]</span> <span class="irc-green">* ^^kohts is now known as kohts</span><br />
<span class="irc-date">[16:02]</span> <span class="irc-navy">* kohts (~kohts@195.68.180.4) Quit ()</span><br />
<span class="irc-date">[16:03]</span> <span class="irc-green">* kohts (~kohts@195.68.180.4) has joined #duraspace</span><br />
<span class="irc-date">[16:08]</span> <span class="irc-navy">* roeland (~roeland@85.234.195.109.static.edpnet.net) Quit (Quit: roeland)</span><br />
<span class="irc-date">[16:09]</span> <span class="irc-navy">* kohts (~kohts@195.68.180.4) Quit ()</span><br />
<span class="irc-date">[16:28]</span> <span class="irc-green">* kompewter (~kompewter@ec2-50-17-201-82.compute-1.amazonaws.com) has joined #duraspace</span><br />
<span class="irc-date">[16:46]</span> <span class="irc-green">* kohts (~kohts@195.68.180.4) has joined #duraspace</span><br />
<span class="irc-date">[16:46]</span> <span class="irc-green">* misilot (~misilot@p-body.lib.fit.edu) has joined #duraspace</span><br />
<span class="irc-date">[16:46]</span> <span class="irc-green">* mhwood (~mhwood@mhw.ulib.iupui.edu) has joined #duraspace</span><br />
<span class="irc-date">[16:46]</span> <span class="irc-green">* peterdietz (uid52203@gateway/web/irccloud.com/x-puuzksjrmsojiwfg) has joined #duraspace</span><br />
<span class="irc-date">[16:46]</span> <span class="irc-green">* hpottinger (~hpottinge@mu-162038.dhcp.missouri.edu) has joined #duraspace</span><br />
<span class="irc-date">[16:46]</span> <span class="irc-green">* jcreel (~jcreel@nat-165-91-13-193.tamulink.tamu.edu) has joined #duraspace</span><br />
<span class="irc-date">[16:46]</span> <span class="irc-green">* 32NAAD27A (~kompewter@ec2-50-17-201-82.compute-1.amazonaws.com) has joined #duraspace</span><br />
<span class="irc-date">[16:48]</span> <span class="irc-green">* terry-b (~chrome@75-165-57-218.tukw.qwest.net) has joined #duraspace</span><br />
<span class="irc-date">[16:54]</span> <span class="irc-green">* jcreel (~jcreel@nat-165-91-13-193.tamulink.tamu.edu) has left #duraspace</span><br />
<span class="irc-date">[16:59]</span> <span class="irc-navy">* kompewter (~kompewter@ec2-50-17-201-82.compute-1.amazonaws.com) Quit (Remote host closed the connection)</span><br />
<span class="irc-date">[16:59]</span> <span class="irc-navy">* 32NAAD27A (~kompewter@ec2-50-17-201-82.compute-1.amazonaws.com) Quit (Remote host closed the connection)</span><br />
<span class="irc-date">[17:00]</span> <span class="irc-green">* kompewter (~kompewter@ec2-50-17-201-82.compute-1.amazonaws.com) has joined #duraspace</span><br />
<span class="irc-date">[17:04]</span> <span class="irc-green">* ChanServ (ChanServ@services.) has joined #duraspace</span><br />
<span class="irc-date">[17:40]</span> <span class="irc-navy">* kohts (~kohts@195.68.180.4) Quit ()</span><br />
<span class="irc-date">[17:51]</span> <span class="irc-navy">* hpottinger (~hpottinge@mu-162038.dhcp.missouri.edu) Quit (Quit: Leaving, later taterz!)</span><br />
<span class="irc-date">[19:59]</span> <span class="irc-navy">* peterdietz (uid52203@gateway/web/irccloud.com/x-puuzksjrmsojiwfg) Quit (Remote host closed the connection)</span><br />
<span class="irc-date">[20:34]</span> <span class="irc-green">* peterdietz (uid52203@gateway/web/irccloud.com/x-lbmkwyywxyttujxc) has joined #duraspace</span><br />
<span class="irc-date">[21:26]</span> <span class="irc-green">* dyelar (~dyelar@31.158.45.66.cm.sunflower.com) has joined #duraspace</span><br />
<span class="irc-date">[22:02]</span> <span class="irc-navy">* mhwood (~mhwood@mhw.ulib.iupui.edu) Quit (Remote host closed the connection)</span><br />
<span class="irc-date">[22:40]</span> <span class="irc-green">* tdonohue (~tdonohue@c-98-226-113-104.hsd1.il.comcast.net) has left #duraspace</span><br />
