<span class="irc-date">[0:04]</span> <span class="irc-navy">* kdweeks1 (~Adium@2001:468:c80:a103:4183:594:5854:e472) Quit (Quit: Leaving.)</span><br />
<span class="irc-date">[2:03]</span> <span class="irc-navy">* peterdietz (uid52203@gateway/web/irccloud.com/x-tcejhrmpeplpfbmi) Quit (Quit: Connection closed for inactivity)</span><br />
<span class="irc-date">[6:54]</span> <span class="irc-brown">-morgan.freenode.net- *** Looking up your hostname...</span><br />
<span class="irc-date">[6:54]</span> <span class="irc-brown">-morgan.freenode.net- *** Checking Ident</span><br />
<span class="irc-date">[6:54]</span> <span class="irc-brown">-morgan.freenode.net- *** Found your hostname</span><br />
<span class="irc-date">[6:54]</span> <span class="irc-brown">-morgan.freenode.net- *** No Ident response</span><br />
<span class="irc-date">[6:54]</span> <span class="irc-green">* DuraLogBot (~PircBot@ec2-107-22-210-74.compute-1.amazonaws.com) has joined #duraspace</span><br />
<span class="irc-date">[6:54]</span> <span class="irc-green">* Topic is '[Welcome to DuraSpace - This channel is logged - <a href="http://irclogs.duraspace.org/]'">http://irclogs.duraspace.org/]'</a></span><br />
<span class="irc-date">[6:54]</span> <span class="irc-green">* Set by cwilper!ad579d86@gateway/web/freenode/ip.173.87.157.134 on Fri Oct 22 01:19:41 UTC 2010</span><br />
<span class="irc-date">[12:16]</span> <span class="irc-green">* mhwood (mwood@mhw.ulib.iupui.edu) has joined #duraspace</span><br />
<span class="irc-date">[13:01]</span> <span class="irc-green">* tdonohue (~tdonohue@c-98-215-0-161.hsd1.il.comcast.net) has joined #duraspace</span><br />
<span class="irc-date">[13:36]</span> <span class="irc-green">* awoods (~awoods@c-67-165-245-76.hsd1.co.comcast.net) has joined #duraspace</span><br />
<span class="irc-date">[15:11]</span> <span class="irc-green">* kdweeks (~Adium@2001:468:c80:a103:c025:7096:1f2e:9e4e) has joined #duraspace</span><br />
<span class="irc-date">[15:39]</span> <span class="irc-navy">* awoods (~awoods@c-67-165-245-76.hsd1.co.comcast.net) Quit (Ping timeout: 255 seconds)</span><br />
<span class="irc-date">[15:51]</span> <span class="irc-green">* awoods (~awoods@c-67-165-245-76.hsd1.co.comcast.net) has joined #duraspace</span><br />
<span class="irc-date">[16:02]</span> <span class="irc-green">* hpottinger (~hpottinge@mu-160056.dhcp.missouri.edu) has joined #duraspace</span><br />
<span class="irc-date">[16:40]</span> <span class="irc-navy">* kdweeks (~Adium@2001:468:c80:a103:c025:7096:1f2e:9e4e) Quit (Quit: Leaving.)</span><br />
<span class="irc-date">[16:41]</span> <span class="irc-green">* kdweeks (~Adium@2001:468:c80:a103:c025:7096:1f2e:9e4e) has joined #duraspace</span><br />
<span class="irc-date">[17:13]</span> <span class="irc-navy">* pbecker (~pbecker@ubwstmapc098.ub.tu-berlin.de) Quit (Quit: Leaving)</span><br />
<span class="irc-date">[17:13]</span> <span class="irc-green">* pbecker (~pbecker@ubwstmapc098.ub.tu-berlin.de) has joined #duraspace</span><br />
<span class="irc-date">[17:13]</span> <span class="irc-navy">* pbecker (~pbecker@ubwstmapc098.ub.tu-berlin.de) Quit (Client Quit)</span><br />
<span class="irc-date">[17:33]</span> <span class="irc-navy">* kdweeks (~Adium@2001:468:c80:a103:c025:7096:1f2e:9e4e) Quit (Quit: Leaving.)</span><br />
<span class="irc-date">[17:59]</span> <span class="irc-navy">* misilot (~misilot@p-body.lib.fit.edu) Quit (Quit: Leaving)</span><br />
<span class="irc-date">[18:30]</span> <span class="irc-green">* tdonohue1 (~tdonohue@c-98-215-0-161.hsd1.il.comcast.net) has joined #duraspace</span><br />
<span class="irc-date">[18:32]</span> <span class="irc-navy">* tdonohue (~tdonohue@c-98-215-0-161.hsd1.il.comcast.net) Quit (Ping timeout: 272 seconds)</span><br />
<span class="irc-date">[19:25]</span> <span class="irc-navy">* awoods (~awoods@c-67-165-245-76.hsd1.co.comcast.net) Quit (Ping timeout: 272 seconds)</span><br />
<span class="irc-date">[19:26]</span> <span class="irc-green">* awoods (~awoods@c-67-165-245-76.hsd1.co.comcast.net) has joined #duraspace</span><br />
<span class="irc-date">[21:03]</span> <span class="irc-green">* mhwood (mwood@mhw.ulib.iupui.edu) has left #duraspace</span><br />
<span class="irc-date">[21:41]</span> <span class="irc-navy">* tdonohue1 (~tdonohue@c-98-215-0-161.hsd1.il.comcast.net) Quit (Read error: Connection reset by peer)</span><br />
<span class="irc-date">[21:51]</span> <span class="irc-navy">* hpottinger (~hpottinge@mu-160056.dhcp.missouri.edu) Quit (Quit: Leaving, later taterz!)</span><br />
<span class="irc-date">[22:10]</span> <span class="irc-navy">* awoods (~awoods@c-67-165-245-76.hsd1.co.comcast.net) Quit (Ping timeout: 250 seconds)</span><br />
<span class="irc-date">[22:23]</span> <span class="irc-green">* awoods (~awoods@c-67-165-245-76.hsd1.co.comcast.net) has joined #duraspace</span><br />
