<span class="irc-date">[5:12]</span> <span class="irc-green">* cknowles (uid98028@gateway/web/irccloud.com/x-bkhuadzklzjldazc) has joined #duraspace</span><br />
<span class="irc-date">[6:31]</span> <span class="irc-brown">-leguin.freenode.net- *** Looking up your hostname...</span><br />
<span class="irc-date">[6:31]</span> <span class="irc-brown">-leguin.freenode.net- *** Checking Ident</span><br />
<span class="irc-date">[6:31]</span> <span class="irc-brown">-leguin.freenode.net- *** Found your hostname</span><br />
<span class="irc-date">[6:31]</span> <span class="irc-brown">-leguin.freenode.net- *** No Ident response</span><br />
<span class="irc-date">[6:31]</span> <span class="irc-green">* DuraLogBot (~PircBot@ec2-107-22-210-74.compute-1.amazonaws.com) has joined #duraspace</span><br />
<span class="irc-date">[6:31]</span> <span class="irc-green">* Topic is '[Welcome to DuraSpace - This channel is logged - <a href="http://irclogs.duraspace.org/]'">http://irclogs.duraspace.org/]'</a></span><br />
<span class="irc-date">[6:31]</span> <span class="irc-green">* Set by cwilper!ad579d86@gateway/web/freenode/ip.173.87.157.134 on Fri Oct 22 01:19:41 UTC 2010</span><br />
<span class="irc-date">[9:47]</span> <span class="irc-navy">* cknowles (uid98028@gateway/web/irccloud.com/x-bkhuadzklzjldazc) Quit (Quit: Connection closed for inactivity)</span><br />
<span class="irc-date">[10:45]</span> <span class="irc-navy">* kompewter (~kompewter@ec2-50-17-201-82.compute-1.amazonaws.com) Quit (*.net *.split)</span><br />
<span class="irc-date">[10:49]</span> <span class="irc-green">* kompewter (~kompewter@ec2-50-17-201-82.compute-1.amazonaws.com) has joined #duraspace</span><br />
<span class="irc-date">[10:58]</span> <span class="irc-navy">* awoods (~awoods@c-98-245-50-182.hsd1.co.comcast.net) Quit (Ping timeout: 260 seconds)</span><br />
<span class="irc-date">[11:05]</span> <span class="irc-green">* awoods (~awoods@c-98-245-50-182.hsd1.co.comcast.net) has joined #duraspace</span><br />
<span class="irc-date">[11:16]</span> <span class="irc-green">* cknowles (uid98028@gateway/web/irccloud.com/x-rnqrdmltimxtaalj) has joined #duraspace</span><br />
<span class="irc-date">[12:32]</span> <span class="irc-green">* mhwood (mwood@mhw.ulib.iupui.edu) has joined #duraspace</span><br />
<span class="irc-date">[12:36]</span> <span class="irc-navy">* mhwood (mwood@mhw.ulib.iupui.edu) Quit (Remote host closed the connection)</span><br />
<span class="irc-date">[12:39]</span> <span class="irc-green">* mhwood (mwood@mhw.ulib.iupui.edu) has joined #duraspace</span><br />
<span class="irc-date">[13:26]</span> <span class="irc-green">* lo5an (~lo5an@unaffiliated/lo5an) has joined #duraspace</span><br />
<span class="irc-date">[13:31]</span> <span class="irc-green">* tdonohue (~tdonohue@c-98-212-150-72.hsd1.il.comcast.net) has joined #duraspace</span><br />
<span class="irc-date">[15:41]</span> <span class="irc-green">* srobbins (~srobbins@libstfsdg02.library.illinois.edu) has left #duraspace</span><br />
<span class="irc-date">[16:48]</span> <span class="irc-navy">* cknowles (uid98028@gateway/web/irccloud.com/x-rnqrdmltimxtaalj) Quit (Quit: Connection closed for inactivity)</span><br />
<span class="irc-date">[16:53]</span> <span class="irc-navy">* lo5an (~lo5an@unaffiliated/lo5an) Quit (Quit: My MacBook Pro has gone to sleep. ZZZzzz…)</span><br />
<span class="irc-date">[16:56]</span> <span class="irc-green">* hpottinger (~hpottinge@mu-160190.dhcp.missouri.edu) has joined #duraspace</span><br />
<span class="irc-date">[17:01]</span> <span class="irc-green">* lo5an (~lo5an@unaffiliated/lo5an) has joined #duraspace</span><br />
<span class="irc-date">[17:03]</span> <span class="irc-navy">* lo5an (~lo5an@unaffiliated/lo5an) Quit (Client Quit)</span><br />
<span class="irc-date">[17:24]</span> <span class="irc-green">* lo5an (~lo5an@unaffiliated/lo5an) has joined #duraspace</span><br />
<span class="irc-date">[17:49]</span> <span class="irc-navy">* lo5an (~lo5an@unaffiliated/lo5an) Quit (Quit: My MacBook Pro has gone to sleep. ZZZzzz…)</span><br />
<span class="irc-date">[17:53]</span> <span class="irc-green">* lo5an (~lo5an@unaffiliated/lo5an) has joined #duraspace</span><br />
<span class="irc-date">[18:01]</span> <span class="irc-navy">* lo5an (~lo5an@unaffiliated/lo5an) Quit (Quit: My MacBook Pro has gone to sleep. ZZZzzz…)</span><br />
<span class="irc-date">[18:46]</span> <span class="irc-green">* lo5an (~lo5an@unaffiliated/lo5an) has joined #duraspace</span><br />
<span class="irc-date">[18:47]</span> <span class="irc-navy">* lo5an (~lo5an@unaffiliated/lo5an) Quit (Client Quit)</span><br />
<span class="irc-date">[18:50]</span> <span class="irc-green">* lo5an (~lo5an@unaffiliated/lo5an) has joined #duraspace</span><br />
<span class="irc-date">[18:53]</span> <span class="irc-navy">* lo5an (~lo5an@unaffiliated/lo5an) Quit (Client Quit)</span><br />
<span class="irc-date">[18:55]</span> <span class="irc-green">* lo5an (~lo5an@unaffiliated/lo5an) has joined #duraspace</span><br />
<span class="irc-date">[18:57]</span> <span class="irc-green">* dyelar (~dyelar@129.237.45.105) has joined #duraspace</span><br />
<span class="irc-date">[19:11]</span> <span class="irc-navy">* lo5an (~lo5an@unaffiliated/lo5an) Quit (Quit: My MacBook Pro has gone to sleep. ZZZzzz…)</span><br />
<span class="irc-date">[19:12]</span> <span class="irc-green">* lo5an (~lo5an@unaffiliated/lo5an) has joined #duraspace</span><br />
<span class="irc-date">[19:17]</span> <span class="irc-navy">* lo5an (~lo5an@unaffiliated/lo5an) Quit (Quit: My MacBook Pro has gone to sleep. ZZZzzz…)</span><br />
<span class="irc-date">[19:23]</span> <span class="irc-green">* lo5an (~lo5an@unaffiliated/lo5an) has joined #duraspace</span><br />
<span class="irc-date">[19:28]</span> <span class="irc-navy">* lo5an (~lo5an@unaffiliated/lo5an) Quit (Quit: My MacBook Pro has gone to sleep. ZZZzzz…)</span><br />
<span class="irc-date">[19:33]</span> <span class="irc-green">* lo5an (~lo5an@unaffiliated/lo5an) has joined #duraspace</span><br />
<span class="irc-date">[19:34]</span> <span class="irc-navy">* lo5an (~lo5an@unaffiliated/lo5an) Quit (Client Quit)</span><br />
<span class="irc-date">[19:48]</span> <span class="irc-green">* lo5an (~lo5an@unaffiliated/lo5an) has joined #duraspace</span><br />
<span class="irc-date">[20:20]</span> <span class="irc-navy">* dyelar (~dyelar@129.237.45.105) Quit (Quit: Leaving.)</span><br />
<span class="irc-date">[20:21]</span> <span class="irc-navy">* hpottinger (~hpottinge@mu-160190.dhcp.missouri.edu) Quit (Quit: Leaving, later taterz!)</span><br />
<span class="irc-date">[20:24]</span> <span class="irc-green">* srobbins (~srobbins@libstfsdg02.library.illinois.edu) has joined #duraspace</span><br />
<span class="irc-date">[20:27]</span> <span class="irc-navy">* lo5an (~lo5an@unaffiliated/lo5an) Quit (Quit: My MacBook Pro has gone to sleep. ZZZzzz…)</span><br />
<span class="irc-date">[21:03]</span> <span class="irc-green">* mhwood (mwood@mhw.ulib.iupui.edu) has left #duraspace</span><br />
<span class="irc-date">[21:32]</span> <span class="irc-green">* tdonohue (~tdonohue@c-98-212-150-72.hsd1.il.comcast.net) has left #duraspace</span><br />
<span class="irc-date">[23:37]</span> <span class="irc-green">* lo5an (~lo5an@unaffiliated/lo5an) has joined #duraspace</span><br />
