<span class="irc-date">[6:39]</span> <span class="irc-brown">-card.freenode.net- *** Looking up your hostname...</span><br />
<span class="irc-date">[6:39]</span> <span class="irc-brown">-card.freenode.net- *** Checking Ident</span><br />
<span class="irc-date">[6:39]</span> <span class="irc-brown">-card.freenode.net- *** Found your hostname</span><br />
<span class="irc-date">[6:39]</span> <span class="irc-brown">-card.freenode.net- *** No Ident response</span><br />
<span class="irc-date">[6:39]</span> <span class="irc-green">* DuraLogBot (~PircBot@ec2-107-22-210-74.compute-1.amazonaws.com) has joined #duraspace</span><br />
<span class="irc-date">[6:39]</span> <span class="irc-green">* Topic is '[Welcome to DuraSpace - This channel is logged - <a href="http://irclogs.duraspace.org/]'">http://irclogs.duraspace.org/]'</a></span><br />
<span class="irc-date">[6:39]</span> <span class="irc-green">* Set by cwilper!ad579d86@gateway/web/freenode/ip.173.87.157.134 on Fri Oct 22 01:19:41 UTC 2010</span><br />
<span class="irc-date">[10:59]</span> <span class="irc-green">* pbecker (~pbecker@ubwstmapc098.ub.tu-berlin.de) has joined #duraspace</span><br />
<span class="irc-date">[11:41]</span> <span class="irc-navy">* pbecker (~pbecker@ubwstmapc098.ub.tu-berlin.de) Quit (Quit: Leaving)</span><br />
<span class="irc-date">[13:18]</span> <span class="irc-navy">* misilot (~misilot@p-body.lib.fit.edu) Quit (Quit: Leaving)</span><br />
<span class="irc-date">[13:20]</span> <span class="irc-green">* mhwood (mwood@mhw.ulib.iupui.edu) has joined #duraspace</span><br />
<span class="irc-date">[13:51]</span> <span class="irc-green">* tdonohue (~tdonohue@c-98-215-0-161.hsd1.il.comcast.net) has joined #duraspace</span><br />
<span class="irc-date">[14:45]</span> <span class="irc-navy">* tdonohue (~tdonohue@c-98-215-0-161.hsd1.il.comcast.net) Quit (Ping timeout: 250 seconds)</span><br />
<span class="irc-date">[14:50]</span> <span class="irc-green">* tdonohue (~tdonohue@c-98-215-0-161.hsd1.il.comcast.net) has joined #duraspace</span><br />
<span class="irc-date">[15:25]</span> <span class="irc-green">* tdonohue1 (~tdonohue@c-98-215-0-161.hsd1.il.comcast.net) has joined #duraspace</span><br />
<span class="irc-date">[15:27]</span> <span class="irc-navy">* tdonohue (~tdonohue@c-98-215-0-161.hsd1.il.comcast.net) Quit (Ping timeout: 244 seconds)</span><br />
<span class="irc-date">[15:29]</span> <span class="irc-navy">* tdonohue1 (~tdonohue@c-98-215-0-161.hsd1.il.comcast.net) Quit (Ping timeout: 245 seconds)</span><br />
<span class="irc-date">[15:30]</span> <span class="irc-green">* tdonohue (~tdonohue@c-98-215-0-161.hsd1.il.comcast.net) has joined #duraspace</span><br />
<span class="irc-date">[15:34]</span> <span class="irc-green">* hpottinger (~hpottinge@mu-162188.dhcp.missouri.edu) has joined #duraspace</span><br />
<span class="irc-date">[15:45]</span> <span class="irc-green">* tdonohue1 (~tdonohue@c-98-215-0-161.hsd1.il.comcast.net) has joined #duraspace</span><br />
<span class="irc-date">[15:47]</span> <span class="irc-navy">* tdonohue (~tdonohue@c-98-215-0-161.hsd1.il.comcast.net) Quit (Ping timeout: 264 seconds)</span><br />
<span class="irc-date">[15:47]</span> <span class="irc-green">* tdonohue1 is now known as tdonohue</span><br />
<span class="irc-date">[16:19]</span> <span class="irc-green">* kdweeks (~Adium@2001:468:c80:a103:ede4:cfc8:6065:afa0) has joined #duraspace</span><br />
<span class="irc-date">[16:19]</span> <span class="irc-navy">* tdonohue (~tdonohue@c-98-215-0-161.hsd1.il.comcast.net) Quit (Ping timeout: 246 seconds)</span><br />
<span class="irc-date">[16:20]</span> <span class="irc-green">* tdonohue (~tdonohue@c-98-215-0-161.hsd1.il.comcast.net) has joined #duraspace</span><br />
<span class="irc-date">[16:43]</span> <span class="irc-navy">* tdonohue (~tdonohue@c-98-215-0-161.hsd1.il.comcast.net) Quit (Read error: Connection reset by peer)</span><br />
<span class="irc-date">[16:59]</span> <span class="irc-green">* tdonohue (~tdonohue@c-98-215-0-161.hsd1.il.comcast.net) has joined #duraspace</span><br />
<span class="irc-date">[17:08]</span> <span class="irc-navy">* kdweeks (~Adium@2001:468:c80:a103:ede4:cfc8:6065:afa0) Quit (Quit: Leaving.)</span><br />
<span class="irc-date">[17:13]</span> <span class="irc-green">* kdweeks (~Adium@2001:468:c80:a103:8554:ae3e:7b21:42be) has joined #duraspace</span><br />
<span class="irc-date">[21:24]</span> <span class="irc-navy">* hpottinger (~hpottinge@mu-162188.dhcp.missouri.edu) Quit (Quit: Leaving, later taterz!)</span><br />
<span class="irc-date">[21:40]</span> <span class="irc-green">* mhwood (mwood@mhw.ulib.iupui.edu) has left #duraspace</span><br />
<span class="irc-date">[23:19]</span> <span class="irc-green">* tdonohue (~tdonohue@c-98-215-0-161.hsd1.il.comcast.net) has left #duraspace</span><br />
