<span class="irc-date">[3:58]</span> <span class="irc-navy">* awoods (~awoods@c-98-245-50-182.hsd1.co.comcast.net) Quit (Ping timeout: 246 seconds)</span><br />
<span class="irc-date">[3:58]</span> <span class="irc-green">* awoods (~awoods@c-98-245-50-182.hsd1.co.comcast.net) has joined #duraspace</span><br />
<span class="irc-date">[6:36]</span> <span class="irc-green">* cknowles (uid98028@gateway/web/irccloud.com/x-svntxfkovaquoqmu) has joined #duraspace</span><br />
<span class="irc-date">[6:36]</span> <span class="irc-navy">* peterdietz (uid52203@gateway/web/irccloud.com/x-xrtgnacksxcgvhra) Quit (Quit: Connection closed for inactivity)</span><br />
<span class="irc-date">[6:39]</span> <span class="irc-brown">-orwell.freenode.net- *** Looking up your hostname...</span><br />
<span class="irc-date">[6:39]</span> <span class="irc-brown">-orwell.freenode.net- *** Checking Ident</span><br />
<span class="irc-date">[6:39]</span> <span class="irc-brown">-orwell.freenode.net- *** Found your hostname</span><br />
<span class="irc-date">[6:39]</span> <span class="irc-brown">-orwell.freenode.net- *** No Ident response</span><br />
<span class="irc-date">[6:39]</span> <span class="irc-green">* DuraLogBot (~PircBot@webster.duraspace.org) has joined #duraspace</span><br />
<span class="irc-date">[6:39]</span> <span class="irc-green">* Topic is '[Welcome to DuraSpace - This channel is logged - <a href="http://irclogs.duraspace.org/]'">http://irclogs.duraspace.org/]'</a></span><br />
<span class="irc-date">[6:39]</span> <span class="irc-green">* Set by cwilper!ad579d86@gateway/web/freenode/ip.173.87.157.134 on Fri Oct 22 01:19:41 UTC 2010</span><br />
<span class="irc-date">[8:43]</span> <span class="irc-navy">* cknowles (uid98028@gateway/web/irccloud.com/x-svntxfkovaquoqmu) Quit (Quit: Connection closed for inactivity)</span><br />
<span class="irc-date">[9:50]</span> <span class="irc-green">* cknowles (uid98028@gateway/web/irccloud.com/x-cgeiixqwpzexodmm) has joined #duraspace</span><br />
<span class="irc-date">[10:00]</span> <span class="irc-green">* pbecker (~pbecker@ubwstmapc098.ub.tu-berlin.de) has joined #duraspace</span><br />
<span class="irc-date">[12:17]</span> <span class="irc-green">* mhwood (mwood@mhw.ulib.iupui.edu) has joined #duraspace</span><br />
<span class="irc-date">[13:05]</span> <span class="irc-green">* peterdietz (uid52203@gateway/web/irccloud.com/x-llznaahwjzaqiqxr) has joined #duraspace</span><br />
<span class="irc-date">[13:09]</span> <span class="irc-green">* tdonohue (~tdonohue@c-50-178-45-117.hsd1.il.comcast.net) has joined #duraspace</span><br />
<span class="irc-date">[14:13]</span> <span class="irc-navy">* cknowles (uid98028@gateway/web/irccloud.com/x-cgeiixqwpzexodmm) Quit (Quit: Connection closed for inactivity)</span><br />
<span class="irc-date">[14:54]</span> <span class="irc-green">* cknowles (uid98028@gateway/web/irccloud.com/x-dhcjgweytbdxelhb) has joined #duraspace</span><br />
<span class="irc-date">[17:13]</span> <span class="irc-navy">* cknowles (uid98028@gateway/web/irccloud.com/x-dhcjgweytbdxelhb) Quit (Quit: Connection closed for inactivity)</span><br />
<span class="irc-date">[18:24]</span> <span class="irc-green">* cknowles (uid98028@gateway/web/irccloud.com/x-sfzhaibmvnrkntjw) has joined #duraspace</span><br />
<span class="irc-date">[18:34]</span> <span class="irc-navy">* pbecker (~pbecker@ubwstmapc098.ub.tu-berlin.de) Quit (Quit: Leaving)</span><br />
<span class="irc-date">[18:59]</span> <span class="irc-navy">* misilot (~misilot@p-body.lib.fit.edu) Quit (Ping timeout: 244 seconds)</span><br />
<span class="irc-date">[18:59]</span> <span class="irc-green">* misilot (~misilot@p-body.lib.fit.edu) has joined #duraspace</span><br />
<span class="irc-date">[19:11]</span> <span class="irc-green">* hpottinger (~hpottinge@mu-160190.dhcp.missouri.edu) has joined #duraspace</span><br />
<span class="irc-date">[19:56]</span> <span class="irc-navy">* hpottinger (~hpottinge@mu-160190.dhcp.missouri.edu) Quit (Quit: Leaving, later taterz!)</span><br />
<span class="irc-date">[20:04]</span> <span class="irc-navy">* helix84 (~ctenar@195.178.95.132) Quit (Ping timeout: 264 seconds)</span><br />
<span class="irc-date">[20:11]</span> <span class="irc-green">* helix84 (~ctenar@195.178.95.132) has joined #duraspace</span><br />
<span class="irc-date">[20:43]</span> <span class="irc-navy">* cknowles (uid98028@gateway/web/irccloud.com/x-sfzhaibmvnrkntjw) Quit (Quit: Connection closed for inactivity)</span><br />
<span class="irc-date">[21:04]</span> <span class="irc-green">* mhwood (mwood@mhw.ulib.iupui.edu) has left #duraspace</span><br />
<span class="irc-date">[21:40]</span> <span class="irc-green">* tdonohue (~tdonohue@c-50-178-45-117.hsd1.il.comcast.net) has left #duraspace</span><br />
