<span class="irc-date">[1:41]</span> <span class="irc-navy">* lyncodev (5ad17e1c@gateway/web/cgi-irc/kiwiirc.com/ip.90.209.126.28) Quit (Quit: <a href="http://www.kiwiirc.com/">http://www.kiwiirc.com/</a> - A hand crafted IRC client)</span><br />
<span class="irc-date">[2:11]</span> <span class="irc-green">* lyncodev (5ad17e1c@gateway/web/cgi-irc/kiwiirc.com/ip.90.209.126.28) has joined #duraspace</span><br />
<span class="irc-date">[2:12]</span> <span class="irc-navy">* lyncodev (5ad17e1c@gateway/web/cgi-irc/kiwiirc.com/ip.90.209.126.28) Quit (Client Quit)</span><br />
<span class="irc-date">[3:11]</span> <span class="irc-green">* lyncodev (5ad17e1c@gateway/web/cgi-irc/kiwiirc.com/ip.90.209.126.28) has joined #duraspace</span><br />
<span class="irc-date">[3:12]</span> <span class="irc-navy">* lyncodev (5ad17e1c@gateway/web/cgi-irc/kiwiirc.com/ip.90.209.126.28) Quit (Client Quit)</span><br />
<span class="irc-date">[4:12]</span> <span class="irc-green">* lyncodev (5ad17e1c@gateway/web/cgi-irc/kiwiirc.com/ip.90.209.126.28) has joined #duraspace</span><br />
<span class="irc-date">[4:13]</span> <span class="irc-navy">* lyncodev (5ad17e1c@gateway/web/cgi-irc/kiwiirc.com/ip.90.209.126.28) Quit (Client Quit)</span><br />
<span class="irc-date">[6:15]</span> <span class="irc-green">* lyncodev (5ad17e1c@gateway/web/cgi-irc/kiwiirc.com/ip.90.209.126.28) has joined #duraspace</span><br />
<span class="irc-date">[6:16]</span> <span class="irc-navy">* lyncodev (5ad17e1c@gateway/web/cgi-irc/kiwiirc.com/ip.90.209.126.28) Quit (Client Quit)</span><br />
<span class="irc-date">[6:50]</span> <span class="irc-brown">-hitchcock.freenode.net- *** Looking up your hostname...</span><br />
<span class="irc-date">[6:50]</span> <span class="irc-brown">-hitchcock.freenode.net- *** Checking Ident</span><br />
<span class="irc-date">[6:50]</span> <span class="irc-brown">-hitchcock.freenode.net- *** Found your hostname</span><br />
<span class="irc-date">[6:50]</span> <span class="irc-brown">-hitchcock.freenode.net- *** No Ident response</span><br />
<span class="irc-date">[6:50]</span> <span class="irc-green">* DuraLogBot (~PircBot@ec2-107-22-210-74.compute-1.amazonaws.com) has joined #duraspace</span><br />
<span class="irc-date">[6:50]</span> <span class="irc-green">* Topic is '[Welcome to DuraSpace - This channel is logged - <a href="http://irclogs.duraspace.org/]'">http://irclogs.duraspace.org/]'</a></span><br />
<span class="irc-date">[6:50]</span> <span class="irc-green">* Set by cwilper!ad579d86@gateway/web/freenode/ip.173.87.157.134 on Fri Oct 22 01:19:41 UTC 2010</span><br />
<span class="irc-date">[7:16]</span> <span class="irc-green">* lyncodev (5ad17e1c@gateway/web/cgi-irc/kiwiirc.com/ip.90.209.126.28) has joined #duraspace</span><br />
<span class="irc-date">[7:17]</span> <span class="irc-navy">* lyncodev (5ad17e1c@gateway/web/cgi-irc/kiwiirc.com/ip.90.209.126.28) Quit (Client Quit)</span><br />
<span class="irc-date">[8:16]</span> <span class="irc-green">* lyncodev (5ad17e1c@gateway/web/cgi-irc/kiwiirc.com/ip.90.209.126.28) has joined #duraspace</span><br />
<span class="irc-date">[8:17]</span> <span class="irc-navy">* pbecker (~pbecker@ubwstmapc098.ub.tu-berlin.de) Quit (Quit: Leaving)</span><br />
<span class="irc-date">[8:18]</span> <span class="irc-navy">* lyncodev (5ad17e1c@gateway/web/cgi-irc/kiwiirc.com/ip.90.209.126.28) Quit (Client Quit)</span><br />
<span class="irc-date">[9:08]</span> <span class="irc-green">* pbecker (~pbecker@ubwstmapc098.ub.tu-berlin.de) has joined #duraspace</span><br />
<span class="irc-date">[9:17]</span> <span class="irc-green">* lyncodev (5ad17e1c@gateway/web/cgi-irc/kiwiirc.com/ip.90.209.126.28) has joined #duraspace</span><br />
<span class="irc-date">[9:19]</span> <span class="irc-navy">* lyncodev (5ad17e1c@gateway/web/cgi-irc/kiwiirc.com/ip.90.209.126.28) Quit (Client Quit)</span><br />
<span class="irc-date">[11:08]</span> <span class="irc-green">* lyncodev (c24b26fa@gateway/web/cgi-irc/kiwiirc.com/ip.194.75.38.250) has joined #duraspace</span><br />
<span class="irc-date">[11:23]</span> <span class="irc-navy">* lyncodev (c24b26fa@gateway/web/cgi-irc/kiwiirc.com/ip.194.75.38.250) Quit (Quit: <a href="http://www.kiwiirc.com/">http://www.kiwiirc.com/</a> - A hand crafted IRC client)</span><br />
<span class="irc-date">[11:40]</span> <span class="irc-green">* lyncodev (c24b26fa@gateway/web/cgi-irc/kiwiirc.com/ip.194.75.38.250) has joined #duraspace</span><br />
<span class="irc-date">[11:53]</span> <span class="irc-navy">* lyncodev (c24b26fa@gateway/web/cgi-irc/kiwiirc.com/ip.194.75.38.250) Quit (Quit: <a href="http://www.kiwiirc.com/">http://www.kiwiirc.com/</a> - A hand crafted IRC client)</span><br />
<span class="irc-date">[13:12]</span> <span class="irc-green">* mhwood (mwood@mhw.ulib.iupui.edu) has joined #duraspace</span><br />
<span class="irc-date">[14:20]</span> <span class="irc-green">* awoods (~awoods@c-67-165-245-76.hsd1.co.comcast.net) has joined #duraspace</span><br />
<span class="irc-date">[14:48]</span> <span class="irc-green">* hpottinger (~hpottinge@174.34.3.24.reverse.socket.net) has joined #duraspace</span><br />
<span class="irc-date">[14:53]</span> <span class="irc-navy">* hpottinger (~hpottinge@174.34.3.24.reverse.socket.net) Quit (Quit: Leaving, later taterz!)</span><br />
<span class="irc-date">[15:45]</span> <span class="irc-navy">* awoods (~awoods@c-67-165-245-76.hsd1.co.comcast.net) Quit (Ping timeout: 245 seconds)</span><br />
<span class="irc-date">[17:41]</span> <span class="irc-green">* awoods (~awoods@c-67-165-245-76.hsd1.co.comcast.net) has joined #duraspace</span><br />
<span class="irc-date">[19:06]</span> <span class="irc-green">* hpottinger (~hpottinge@161.130.252.133) has joined #duraspace</span><br />
<span class="irc-date">[21:54]</span> <span class="irc-navy">* hpottinger (~hpottinge@161.130.252.133) Quit (Quit: Leaving, later taterz!)</span><br />
<span class="irc-date">[22:03]</span> <span class="irc-navy">* mhwood (mwood@mhw.ulib.iupui.edu) Quit (Remote host closed the connection)</span><br />
<span class="irc-date">[22:15]</span> <span class="irc-navy">* awoods (~awoods@c-67-165-245-76.hsd1.co.comcast.net) Quit (Quit: Leaving)</span><br />
<span class="irc-date">[22:15]</span> <span class="irc-green">* awoods (~awoods@c-67-165-245-76.hsd1.co.comcast.net) has joined #duraspace</span><br />
