<span class="irc-date">[6:37]</span> <span class="irc-brown">-rajaniemi.freenode.net- *** Looking up your hostname...</span><br />
<span class="irc-date">[6:37]</span> <span class="irc-brown">-rajaniemi.freenode.net- *** Checking Ident</span><br />
<span class="irc-date">[6:37]</span> <span class="irc-brown">-rajaniemi.freenode.net- *** Found your hostname</span><br />
<span class="irc-date">[6:37]</span> <span class="irc-brown">-rajaniemi.freenode.net- *** No Ident response</span><br />
<span class="irc-date">[6:37]</span> <span class="irc-green">* DuraLogBot (~PircBot@ec2-107-22-210-74.compute-1.amazonaws.com) has joined #duraspace</span><br />
<span class="irc-date">[6:37]</span> <span class="irc-green">* Topic is '[Welcome to DuraSpace - This channel is logged - <a href="http://irclogs.duraspace.org/]'">http://irclogs.duraspace.org/]'</a></span><br />
<span class="irc-date">[6:37]</span> <span class="irc-green">* Set by cwilper!ad579d86@gateway/web/freenode/ip.173.87.157.134 on Fri Oct 22 01:19:41 UTC 2010</span><br />
<span class="irc-date">[11:36]</span> <span class="irc-navy">* helix84 (~ctenar@195.178.95.132) Quit (*.net *.split)</span><br />
<span class="irc-date">[11:37]</span> <span class="irc-green">* helix84 (~ctenar@195.178.95.132) has joined #duraspace</span><br />
<span class="irc-date">[13:11]</span> <span class="irc-green">* mhwood (mwood@mhw.ulib.iupui.edu) has joined #duraspace</span><br />
<span class="irc-date">[13:57]</span> <span class="irc-green">* misilot (~misilot@p-body.lib.fit.edu) has joined #duraspace</span><br />
<span class="irc-date">[14:58]</span> <span class="irc-green">* tdonohue (~tdonohue@c-98-215-0-161.hsd1.il.comcast.net) has joined #duraspace</span><br />
<span class="irc-date">[15:44]</span> <span class="irc-navy">* kompewter (~kompewter@ec2-50-17-201-82.compute-1.amazonaws.com) Quit (Remote host closed the connection)</span><br />
<span class="irc-date">[15:49]</span> <span class="irc-green">* peterdietz (uid52203@gateway/web/irccloud.com/x-qdncgftvlufenvob) has joined #duraspace</span><br />
<span class="irc-date">[15:54]</span> <span class="irc-green">* awoods (~awoods@c-67-165-245-76.hsd1.co.comcast.net) has joined #duraspace</span><br />
<span class="irc-date">[15:54]</span> <span class="irc-green">* kompewter (~kompewter@ec2-50-17-201-82.compute-1.amazonaws.com) has joined #duraspace</span><br />
<span class="irc-date">[17:49]</span> <span class="irc-green">* mhwood (mwood@mhw.ulib.iupui.edu) has left #duraspace</span><br />
<span class="irc-date">[17:55]</span> <span class="irc-green">* mhwood (mwood@mhw.ulib.iupui.edu) has joined #duraspace</span><br />
<span class="irc-date">[20:27]</span> <span class="irc-navy">* mhwood (mwood@mhw.ulib.iupui.edu) Quit (Quit: Leaving.)</span><br />
<span class="irc-date">[20:27]</span> <span class="irc-green">* mhwood (mwood@mhw.ulib.iupui.edu) has joined #duraspace</span><br />
<span class="irc-date">[22:01]</span> <span class="irc-green">* mhwood (mwood@mhw.ulib.iupui.edu) has left #duraspace</span><br />
<span class="irc-date">[22:52]</span> <span class="irc-green">* tdonohue (~tdonohue@c-98-215-0-161.hsd1.il.comcast.net) has left #duraspace</span><br />
