<span class="irc-date">[6:26]</span> <span class="irc-brown">-sendak.freenode.net- *** Looking up your hostname...</span><br />
<span class="irc-date">[6:26]</span> <span class="irc-brown">-sendak.freenode.net- *** Checking Ident</span><br />
<span class="irc-date">[6:26]</span> <span class="irc-brown">-sendak.freenode.net- *** Found your hostname</span><br />
<span class="irc-date">[6:26]</span> <span class="irc-brown">-sendak.freenode.net- *** No Ident response</span><br />
<span class="irc-date">[6:26]</span> <span class="irc-green">* DuraLogBot (~PircBot@webster.duraspace.org) has joined #duraspace</span><br />
<span class="irc-date">[6:26]</span> <span class="irc-green">* Topic is '[Welcome to DuraSpace - This channel is logged - <a href="http://irclogs.duraspace.org/]'">http://irclogs.duraspace.org/]'</a></span><br />
<span class="irc-date">[6:26]</span> <span class="irc-green">* Set by cwilper!ad579d86@gateway/web/freenode/ip.173.87.157.134 on Fri Oct 22 01:19:41 UTC 2010</span><br />
<span class="irc-date">[9:29]</span> <span class="irc-green">* pbecker (~pbecker@ubwstmapc098.ub.tu-berlin.de) has joined #duraspace</span><br />
<span class="irc-date">[9:44]</span> <span class="irc-navy">* pbecker (~pbecker@ubwstmapc098.ub.tu-berlin.de) Quit (Quit: Leaving)</span><br />
<span class="irc-date">[12:24]</span> <span class="irc-green">* mhwood (mwood@mhw.ulib.iupui.edu) has joined #duraspace</span><br />
<span class="irc-date">[12:49]</span> <span class="irc-green">* cknowles (uid98028@gateway/web/irccloud.com/x-kcvqjjmzirsjaqnf) has joined #duraspace</span><br />
<span class="irc-date">[12:58]</span> <span class="irc-green">* tdonohue (~tdonohue@c-50-178-45-117.hsd1.il.comcast.net) has joined #duraspace</span><br />
<span class="irc-date">[14:14]</span> <span class="irc-green">* pbecker (~pbecker@ubwstmapc098.ub.tu-berlin.de) has joined #duraspace</span><br />
<span class="irc-date">[16:02]</span> <span class="irc-green">* hpottinger (~hpottinge@mu-160190.dhcp.missouri.edu) has joined #duraspace</span><br />
<span class="irc-date">[17:31]</span> <span class="irc-navy">* pbecker (~pbecker@ubwstmapc098.ub.tu-berlin.de) Quit (Quit: Leaving)</span><br />
<span class="irc-date">[19:13]</span> <span class="irc-navy">* cknowles (uid98028@gateway/web/irccloud.com/x-kcvqjjmzirsjaqnf) Quit (Quit: Connection closed for inactivity)</span><br />
<span class="irc-date">[20:09]</span> <span class="irc-green">* cknowles (uid98028@gateway/web/irccloud.com/x-xdqbbfoboqqqknwp) has joined #duraspace</span><br />
<span class="irc-date">[21:01]</span> <span class="irc-navy">* mhwood (mwood@mhw.ulib.iupui.edu) Quit (Remote host closed the connection)</span><br />
<span class="irc-date">[21:46]</span> <span class="irc-green">* tdonohue (~tdonohue@c-50-178-45-117.hsd1.il.comcast.net) has left #duraspace</span><br />
<span class="irc-date">[22:11]</span> <span class="irc-navy">* hpottinger (~hpottinge@mu-160190.dhcp.missouri.edu) Quit (Quit: Leaving, later taterz!)</span><br />
<span class="irc-date">[22:33]</span> <span class="irc-navy">* cknowles (uid98028@gateway/web/irccloud.com/x-xdqbbfoboqqqknwp) Quit (Quit: Connection closed for inactivity)</span><br />
