<span class="irc-date">[0:00]</span> <span class="irc-navy">* awoods_ (~awoods@c-67-174-123-122.hsd1.co.comcast.net) Quit (Ping timeout: 265 seconds)</span><br />
<span class="irc-date">[0:15]</span> <span class="irc-green">* awoods_ (~awoods@c-67-174-123-122.hsd1.co.comcast.net) has joined #duraspace</span><br />
<span class="irc-date">[0:19]</span> <span class="irc-navy">* awoods__ (~awoods@c-67-174-123-122.hsd1.co.comcast.net) Quit (Ping timeout: 250 seconds)</span><br />
<span class="irc-date">[1:46]</span> <span class="irc-green">* awoods__ (~awoods@c-67-174-123-122.hsd1.co.comcast.net) has joined #duraspace</span><br />
<span class="irc-date">[1:49]</span> <span class="irc-navy">* awoods_ (~awoods@c-67-174-123-122.hsd1.co.comcast.net) Quit (Ping timeout: 244 seconds)</span><br />
<span class="irc-date">[2:03]</span> <span class="irc-green">* awoods_ (~awoods@c-67-174-123-122.hsd1.co.comcast.net) has joined #duraspace</span><br />
<span class="irc-date">[2:06]</span> <span class="irc-navy">* awoods__ (~awoods@c-67-174-123-122.hsd1.co.comcast.net) Quit (Ping timeout: 256 seconds)</span><br />
<span class="irc-date">[2:09]</span> <span class="irc-green">* awoods__ (~awoods@c-67-174-123-122.hsd1.co.comcast.net) has joined #duraspace</span><br />
<span class="irc-date">[2:12]</span> <span class="irc-navy">* awoods_ (~awoods@c-67-174-123-122.hsd1.co.comcast.net) Quit (Ping timeout: 246 seconds)</span><br />
<span class="irc-date">[2:12]</span> <span class="irc-green">* awoods_ (~awoods@c-67-174-123-122.hsd1.co.comcast.net) has joined #duraspace</span><br />
<span class="irc-date">[2:16]</span> <span class="irc-navy">* awoods__ (~awoods@c-67-174-123-122.hsd1.co.comcast.net) Quit (Ping timeout: 265 seconds)</span><br />
<span class="irc-date">[2:18]</span> <span class="irc-green">* awoods__ (~awoods@c-67-174-123-122.hsd1.co.comcast.net) has joined #duraspace</span><br />
<span class="irc-date">[2:22]</span> <span class="irc-navy">* awoods_ (~awoods@c-67-174-123-122.hsd1.co.comcast.net) Quit (Ping timeout: 256 seconds)</span><br />
<span class="irc-date">[2:23]</span> <span class="irc-green">* awoods_ (~awoods@c-67-174-123-122.hsd1.co.comcast.net) has joined #duraspace</span><br />
<span class="irc-date">[2:26]</span> <span class="irc-navy">* awoods__ (~awoods@c-67-174-123-122.hsd1.co.comcast.net) Quit (Ping timeout: 244 seconds)</span><br />
<span class="irc-date">[2:48]</span> <span class="irc-green">* awoods__ (~awoods@c-67-174-123-122.hsd1.co.comcast.net) has joined #duraspace</span><br />
<span class="irc-date">[2:51]</span> <span class="irc-navy">* awoods_ (~awoods@c-67-174-123-122.hsd1.co.comcast.net) Quit (Ping timeout: 252 seconds)</span><br />
<span class="irc-date">[3:14]</span> <span class="irc-green">* awoods_ (~awoods@c-67-174-123-122.hsd1.co.comcast.net) has joined #duraspace</span><br />
<span class="irc-date">[3:17]</span> <span class="irc-green">* awoods (~awoods@c-67-174-123-122.hsd1.co.comcast.net) has joined #duraspace</span><br />
<span class="irc-date">[3:18]</span> <span class="irc-navy">* awoods__ (~awoods@c-67-174-123-122.hsd1.co.comcast.net) Quit (Ping timeout: 264 seconds)</span><br />
<span class="irc-date">[3:19]</span> <span class="irc-navy">* awoods_ (~awoods@c-67-174-123-122.hsd1.co.comcast.net) Quit (Ping timeout: 244 seconds)</span><br />
<span class="irc-date">[4:48]</span> <span class="irc-green">* awoods_ (~awoods@c-67-174-123-122.hsd1.co.comcast.net) has joined #duraspace</span><br />
<span class="irc-date">[4:51]</span> <span class="irc-navy">* awoods (~awoods@c-67-174-123-122.hsd1.co.comcast.net) Quit (Ping timeout: 246 seconds)</span><br />
<span class="irc-date">[6:27]</span> <span class="irc-brown">-morgan.freenode.net- *** Looking up your hostname...</span><br />
<span class="irc-date">[6:27]</span> <span class="irc-brown">-morgan.freenode.net- *** Checking Ident</span><br />
<span class="irc-date">[6:27]</span> <span class="irc-brown">-morgan.freenode.net- *** Found your hostname</span><br />
<span class="irc-date">[6:28]</span> <span class="irc-brown">-morgan.freenode.net- *** No Ident response</span><br />
<span class="irc-date">[6:28]</span> <span class="irc-green">* DuraLogBot (~PircBot@ec2-107-22-210-74.compute-1.amazonaws.com) has joined #duraspace</span><br />
<span class="irc-date">[6:28]</span> <span class="irc-green">* Topic is '[Welcome to DuraSpace - This channel is logged - <a href="http://irclogs.duraspace.org/]'">http://irclogs.duraspace.org/]'</a></span><br />
<span class="irc-date">[6:28]</span> <span class="irc-green">* Set by cwilper!ad579d86@gateway/web/freenode/ip.173.87.157.134 on Fri Oct 22 01:19:41 UTC 2010</span><br />
<span class="irc-date">[8:56]</span> <span class="irc-green">* pbecker (~pbecker@ubwstmapc098.ub.tu-berlin.de) has joined #duraspace</span><br />
<span class="irc-date">[10:30]</span> <span class="irc-green">* awoods__ (~awoods@c-67-174-123-122.hsd1.co.comcast.net) has joined #duraspace</span><br />
<span class="irc-date">[10:33]</span> <span class="irc-navy">* awoods_ (~awoods@c-67-174-123-122.hsd1.co.comcast.net) Quit (Ping timeout: 265 seconds)</span><br />
<span class="irc-date">[11:01]</span> <span class="irc-navy">* cknowles (uid98028@gateway/web/irccloud.com/x-jpfcidrujepqpxle) Quit (Quit: Connection closed for inactivity)</span><br />
<span class="irc-date">[12:32]</span> <span class="irc-green">* mhwood (mwood@mhw.ulib.iupui.edu) has joined #duraspace</span><br />
<span class="irc-date">[13:04]</span> <span class="irc-green">* tdonohue (~tdonohue@c-73-45-154-218.hsd1.il.comcast.net) has joined #duraspace</span><br />
<span class="irc-date">[13:44]</span> <span class="irc-green">* awoods__ is now known as awoods</span><br />
<span class="irc-date">[16:00]</span> <span class="irc-navy">* pbecker (~pbecker@ubwstmapc098.ub.tu-berlin.de) Quit (Quit: Leaving)</span><br />
<span class="irc-date">[17:21]</span> <span class="irc-green">* cknowles (uid98028@gateway/web/irccloud.com/x-apoztnmmwvzbxvae) has joined #duraspace</span><br />
<span class="irc-date">[17:35]</span> <span class="irc-green">* ccordovas (~ccordovas@pc-196-42-46-190.cm.vtr.net) has joined #duraspace</span><br />
<span class="irc-date">[19:32]</span> <span class="irc-navy">* cknowles (uid98028@gateway/web/irccloud.com/x-apoztnmmwvzbxvae) Quit (Quit: Connection closed for inactivity)</span><br />
<span class="irc-date">[21:09]</span> <span class="irc-navy">* mhwood (mwood@mhw.ulib.iupui.edu) Quit (Remote host closed the connection)</span><br />
<span class="irc-date">[21:31]</span> <span class="irc-navy">* tdonohue (~tdonohue@c-73-45-154-218.hsd1.il.comcast.net) Quit (Read error: Connection reset by peer)</span><br />
<span class="irc-date">[23:19]</span> <span class="irc-navy">* ccordovas (~ccordovas@pc-196-42-46-190.cm.vtr.net) Quit (Ping timeout: 256 seconds)</span><br />
