<span class="irc-date">[0:46]</span> <span class="irc-navy">* awoods (~awoods@c-67-165-245-76.hsd1.co.comcast.net) Quit (Quit: Leaving)</span><br />
<span class="irc-date">[0:55]</span> <span class="irc-navy">* ccordovas (~ccordovas@pc-196-42-46-190.cm.vtr.net) Quit (Ping timeout: 248 seconds)</span><br />
<span class="irc-date">[1:00]</span> <span class="irc-green">* ccordovas (~ccordovas@pc-196-42-46-190.cm.vtr.net) has joined #duraspace</span><br />
<span class="irc-date">[1:05]</span> <span class="irc-navy">* ccordovas (~ccordovas@pc-196-42-46-190.cm.vtr.net) Quit (Ping timeout: 252 seconds)</span><br />
<span class="irc-date">[1:10]</span> <span class="irc-green">* ccordovas (~ccordovas@pc-196-42-46-190.cm.vtr.net) has joined #duraspace</span><br />
<span class="irc-date">[1:15]</span> <span class="irc-navy">* ccordovas (~ccordovas@pc-196-42-46-190.cm.vtr.net) Quit (Ping timeout: 252 seconds)</span><br />
<span class="irc-date">[6:35]</span> <span class="irc-brown">-leguin.freenode.net- *** Looking up your hostname...</span><br />
<span class="irc-date">[6:35]</span> <span class="irc-brown">-leguin.freenode.net- *** Checking Ident</span><br />
<span class="irc-date">[6:35]</span> <span class="irc-brown">-leguin.freenode.net- *** Found your hostname</span><br />
<span class="irc-date">[6:36]</span> <span class="irc-brown">-leguin.freenode.net- *** No Ident response</span><br />
<span class="irc-date">[6:36]</span> <span class="irc-green">* DuraLogBot (~PircBot@ec2-107-22-210-74.compute-1.amazonaws.com) has joined #duraspace</span><br />
<span class="irc-date">[6:36]</span> <span class="irc-green">* Topic is '[Welcome to DuraSpace - This channel is logged - <a href="http://irclogs.duraspace.org/]'">http://irclogs.duraspace.org/]'</a></span><br />
<span class="irc-date">[6:36]</span> <span class="irc-green">* Set by cwilper!ad579d86@gateway/web/freenode/ip.173.87.157.134 on Fri Oct 22 01:19:41 UTC 2010</span><br />
<span class="irc-date">[12:05]</span> <span class="irc-green">* pbecker (~pbecker@ubwstmapc098.ub.tu-berlin.de) has joined #duraspace</span><br />
<span class="irc-date">[12:50]</span> <span class="irc-green">* mhwood (mwood@mhw.ulib.iupui.edu) has joined #duraspace</span><br />
<span class="irc-date">[12:50]</span> <span class="irc-green">* tdonohue (~tdonohue@c-73-45-154-218.hsd1.il.comcast.net) has joined #duraspace</span><br />
<span class="irc-date">[14:32]</span> <span class="irc-green">* ccordovas (~ccordovas@pc-196-42-46-190.cm.vtr.net) has joined #duraspace</span><br />
<span class="irc-date">[16:51]</span> <span class="irc-navy">* pbecker (~pbecker@ubwstmapc098.ub.tu-berlin.de) Quit (Quit: Leaving)</span><br />
<span class="irc-date">[20:40]</span> <span class="irc-navy">* ccordovas (~ccordovas@pc-196-42-46-190.cm.vtr.net) Quit (Ping timeout: 250 seconds)</span><br />
<span class="irc-date">[20:53]</span> <span class="irc-green">* ccordovas (~ccordovas@186.67.125.3) has joined #duraspace</span><br />
<span class="irc-date">[21:01]</span> <span class="irc-navy">* mhwood (mwood@mhw.ulib.iupui.edu) Quit (Remote host closed the connection)</span><br />
<span class="irc-date">[21:42]</span> <span class="irc-green">* tdonohue (~tdonohue@c-73-45-154-218.hsd1.il.comcast.net) has left #duraspace</span><br />
<span class="irc-date">[22:45]</span> <span class="irc-green">* srobbins_ (~srobbins@libstfsdg02.library.illinois.edu) has joined #duraspace</span><br />
<span class="irc-date">[22:47]</span> <span class="irc-navy">* srobbins (~srobbins@libstfsdg02.library.illinois.edu) Quit (Ping timeout: 250 seconds)</span><br />
<span class="irc-date">[22:47]</span> <span class="irc-green">* srobbins_ is now known as srobbins</span><br />
