<span class="irc-date">[6:35]</span> <span class="irc-brown">-barjavel.freenode.net- *** Looking up your hostname...</span><br />
<span class="irc-date">[6:35]</span> <span class="irc-brown">-barjavel.freenode.net- *** Checking Ident</span><br />
<span class="irc-date">[6:35]</span> <span class="irc-brown">-barjavel.freenode.net- *** Found your hostname</span><br />
<span class="irc-date">[6:36]</span> <span class="irc-brown">-barjavel.freenode.net- *** No Ident response</span><br />
<span class="irc-date">[6:36]</span> <span class="irc-green">* DuraLogBot (~PircBot@webster.duraspace.org) has joined #duraspace</span><br />
<span class="irc-date">[6:36]</span> <span class="irc-green">* Topic is '[Welcome to DuraSpace - This channel is logged - <a href="http://irclogs.duraspace.org/]'">http://irclogs.duraspace.org/]'</a></span><br />
<span class="irc-date">[6:36]</span> <span class="irc-green">* Set by cwilper!ad579d86@gateway/web/freenode/ip.173.87.157.134 on Fri Oct 22 01:19:41 UTC 2010</span><br />
<span class="irc-date">[12:29]</span> <span class="irc-green">* mhwood (mwood@mhw.ulib.iupui.edu) has joined #duraspace</span><br />
<span class="irc-date">[13:01]</span> <span class="irc-green">* tdonohue (~tdonohue@c-98-220-55-31.hsd1.il.comcast.net) has joined #duraspace</span><br />
<span class="irc-date">[15:53]</span> <span class="irc-green">* hpottinger (~hpottinge@216.106.51.118.reverse.socket.net) has joined #duraspace</span><br />
<span class="irc-date">[17:11]</span> <span class="irc-green">* hpotting_ (~hpottinge@216.106.51.118.reverse.socket.net) has joined #duraspace</span><br />
<span class="irc-date">[17:11]</span> <span class="irc-navy">* hpottinger (~hpottinge@216.106.51.118.reverse.socket.net) Quit (Ping timeout: 264 seconds)</span><br />
<span class="irc-date">[17:11]</span> <span class="irc-navy">* hpotting_ (~hpottinge@216.106.51.118.reverse.socket.net) Quit (Client Quit)</span><br />
<span class="irc-date">[18:48]</span> <span class="irc-green">* terry-b3 (~chrome@97-126-116-1.tukw.qwest.net) has joined #duraspace</span><br />
<span class="irc-date">[18:51]</span> <span class="irc-green">* tdonohue1 (~tdonohue@c-98-220-55-31.hsd1.il.comcast.net) has joined #duraspace</span><br />
<span class="irc-date">[18:52]</span> <span class="irc-navy">* tdonohue (~tdonohue@c-98-220-55-31.hsd1.il.comcast.net) Quit (Ping timeout: 264 seconds)</span><br />
<span class="irc-date">[18:52]</span> <span class="irc-navy">* terry-b (~chrome@97-126-116-1.tukw.qwest.net) Quit (Ping timeout: 264 seconds)</span><br />
<span class="irc-date">[18:52]</span> <span class="irc-green">* tdonohue1 is now known as tdonohue</span><br />
<span class="irc-date">[19:35]</span> <span class="irc-green">* hpottinger (~hpottinge@vpn-128-97-245-72.host.ucla.edu) has joined #duraspace</span><br />
<span class="irc-date">[20:18]</span> <span class="irc-green">* hpotting_ (~hpottinge@216.106.51.118.reverse.socket.net) has joined #duraspace</span><br />
<span class="irc-date">[20:22]</span> <span class="irc-navy">* hpottinger (~hpottinge@vpn-128-97-245-72.host.ucla.edu) Quit (Ping timeout: 250 seconds)</span><br />
<span class="irc-date">[20:41]</span> <span class="irc-green">* hpottinger (~hpottinge@216.106.51.118.reverse.socket.net) has joined #duraspace</span><br />
<span class="irc-date">[20:44]</span> <span class="irc-navy">* hpotting_ (~hpottinge@216.106.51.118.reverse.socket.net) Quit (Ping timeout: 250 seconds)</span><br />
<span class="irc-date">[20:47]</span> <span class="irc-navy">* mhwood (mwood@mhw.ulib.iupui.edu) Quit (Remote host closed the connection)</span><br />
<span class="irc-date">[20:50]</span> <span class="irc-navy">* hpottinger (~hpottinge@216.106.51.118.reverse.socket.net) Quit (Remote host closed the connection)</span><br />
<span class="irc-date">[20:51]</span> <span class="irc-green">* hpottinger (~hpottinge@vpn-128-97-245-72.host.ucla.edu) has joined #duraspace</span><br />
<span class="irc-date">[21:36]</span> <span class="irc-navy">* hpottinger (~hpottinge@vpn-128-97-245-72.host.ucla.edu) Quit (Remote host closed the connection)</span><br />
<span class="irc-date">[21:37]</span> <span class="irc-green">* hpottinger (~hpottinge@vpn-128-97-245-72.host.ucla.edu) has joined #duraspace</span><br />
<span class="irc-date">[21:47]</span> <span class="irc-green">* tdonohue (~tdonohue@c-98-220-55-31.hsd1.il.comcast.net) has left #duraspace</span><br />
<span class="irc-date">[21:56]</span> <span class="irc-navy">* hpottinger (~hpottinge@vpn-128-97-245-72.host.ucla.edu) Quit (Remote host closed the connection)</span><br />
<span class="irc-date">[22:04]</span> <span class="irc-green">* hpottinger (~hpottinge@vpn-128-97-245-72.host.ucla.edu) has joined #duraspace</span><br />
<span class="irc-date">[22:04]</span> <span class="irc-navy">* hpottinger (~hpottinge@vpn-128-97-245-72.host.ucla.edu) Quit (Client Quit)</span><br />
