<span class="irc-date">[0:02]</span> <span class="irc-navy">* terry-b (~chrome@75-172-49-239.tukw.qwest.net) Quit (Remote host closed the connection)</span><br />
<span class="irc-date">[0:23]</span> <span class="irc-navy">* Dylan (~Dylan@86.39.200.115.static.hosted.by.easyhost.be) Quit (Remote host closed the connection)</span><br />
<span class="irc-date">[2:23]</span> <span class="irc-green">* Dylan (~Dylan@85.234.195.109.static.edpnet.net) has joined #duraspace</span><br />
<span class="irc-date">[2:28]</span> <span class="irc-navy">* Dylan (~Dylan@85.234.195.109.static.edpnet.net) Quit (Ping timeout: 240 seconds)</span><br />
<span class="irc-date">[4:25]</span> <span class="irc-green">* Dylan (~Dylan@85.234.195.109.static.edpnet.net) has joined #duraspace</span><br />
<span class="irc-date">[4:29]</span> <span class="irc-navy">* Dylan (~Dylan@85.234.195.109.static.edpnet.net) Quit (Ping timeout: 258 seconds)</span><br />
<span class="irc-date">[6:56]</span> <span class="irc-brown">-orwell.freenode.net- *** Looking up your hostname...</span><br />
<span class="irc-date">[6:56]</span> <span class="irc-brown">-orwell.freenode.net- *** Checking Ident</span><br />
<span class="irc-date">[6:56]</span> <span class="irc-brown">-orwell.freenode.net- *** Found your hostname</span><br />
<span class="irc-date">[6:56]</span> <span class="irc-brown">-orwell.freenode.net- *** No Ident response</span><br />
<span class="irc-date">[6:56]</span> <span class="irc-green">* DuraLogBot (~PircBot@webster.duraspace.org) has joined #duraspace</span><br />
<span class="irc-date">[6:56]</span> <span class="irc-green">* Topic is '[Welcome to DuraSpace - This channel is logged - <a href="http://irclogs.duraspace.org/]'">http://irclogs.duraspace.org/]'</a></span><br />
<span class="irc-date">[6:56]</span> <span class="irc-green">* Set by cwilper!ad579d86@gateway/web/freenode/ip.173.87.157.134 on Fri Oct 22 01:19:41 UTC 2010</span><br />
<span class="irc-date">[7:52]</span> <span class="irc-green">* Dylan (~Dylan@85.234.195.109.static.edpnet.net) has joined #duraspace</span><br />
<span class="irc-date">[8:36]</span> <span class="irc-green">* pbecker (~pbecker@ubwstmapc098.ub.tu-berlin.de) has joined #duraspace</span><br />
<span class="irc-date">[9:04]</span> <span class="irc-navy">* Dylan (~Dylan@85.234.195.109.static.edpnet.net) Quit (Remote host closed the connection)</span><br />
<span class="irc-date">[9:05]</span> <span class="irc-green">* Dylan (~Dylan@86.39.200.115.static.hosted.by.easyhost.be) has joined #duraspace</span><br />
<span class="irc-date">[12:37]</span> <span class="irc-green">* mhwood (mwood@mhw.ulib.iupui.edu) has joined #duraspace</span><br />
<span class="irc-date">[13:37]</span> <span class="irc-green">* Dylan_ (~Dylan@85.234.195.109.static.edpnet.net) has joined #duraspace</span><br />
<span class="irc-date">[13:37]</span> <span class="irc-green">* tdonohue (~tdonohue@c-98-220-55-31.hsd1.il.comcast.net) has joined #duraspace</span><br />
<span class="irc-date">[13:40]</span> <span class="irc-navy">* Dylan (~Dylan@86.39.200.115.static.hosted.by.easyhost.be) Quit (Ping timeout: 244 seconds)</span><br />
<span class="irc-date">[14:42]</span> <span class="irc-navy">* Dylan_ (~Dylan@85.234.195.109.static.edpnet.net) Quit (Remote host closed the connection)</span><br />
<span class="irc-date">[16:43]</span> <span class="irc-green">* Dylan (~Dylan@85.234.195.109.static.edpnet.net) has joined #duraspace</span><br />
<span class="irc-date">[16:47]</span> <span class="irc-navy">* Dylan (~Dylan@85.234.195.109.static.edpnet.net) Quit (Ping timeout: 244 seconds)</span><br />
<span class="irc-date">[17:32]</span> <span class="irc-navy">* pbecker (~pbecker@ubwstmapc098.ub.tu-berlin.de) Quit (Quit: Leaving)</span><br />
<span class="irc-date">[18:39]</span> <span class="irc-green">* th5 (~th5@dhcp-130-58-91-190.swarthmore.edu) has joined #duraspace</span><br />
<span class="irc-date">[18:39]</span> <span class="irc-navy">* th5 (~th5@dhcp-130-58-91-190.swarthmore.edu) Quit (Changing host)</span><br />
<span class="irc-date">[18:39]</span> <span class="irc-green">* th5 (~th5@unaffiliated/th5) has joined #duraspace</span><br />
<span class="irc-date">[18:44]</span> <span class="irc-green">* Dylan_ (~Dylan@85.234.195.109.static.edpnet.net) has joined #duraspace</span><br />
<span class="irc-date">[18:48]</span> <span class="irc-navy">* Dylan_ (~Dylan@85.234.195.109.static.edpnet.net) Quit (Ping timeout: 246 seconds)</span><br />
<span class="irc-date">[19:08]</span> <span class="irc-green">* hpottinger (~hpottinge@mu-161168.dhcp.missouri.edu) has joined #duraspace</span><br />
<span class="irc-date">[20:40]</span> <span class="irc-navy">* th5 (~th5@unaffiliated/th5) Quit ()</span><br />
<span class="irc-date">[20:45]</span> <span class="irc-green">* Dylan_ (~Dylan@85.234.195.109.static.edpnet.net) has joined #duraspace</span><br />
<span class="irc-date">[20:50]</span> <span class="irc-navy">* Dylan_ (~Dylan@85.234.195.109.static.edpnet.net) Quit (Ping timeout: 258 seconds)</span><br />
<span class="irc-date">[21:02]</span> <span class="irc-green">* tdonohue (~tdonohue@c-98-220-55-31.hsd1.il.comcast.net) has left #duraspace</span><br />
<span class="irc-date">[21:10]</span> <span class="irc-green">* mhwood (mwood@mhw.ulib.iupui.edu) has left #duraspace</span><br />
<span class="irc-date">[21:26]</span> <span class="irc-navy">* hpottinger (~hpottinge@mu-161168.dhcp.missouri.edu) Quit (Quit: Leaving, later taterz!)</span><br />
<span class="irc-date">[23:59]</span> <span class="irc-green">* Dylan (~Dylan@85.234.195.109.static.edpnet.net) has joined #duraspace</span><br />
