<span class="irc-date">[6:52]</span> <span class="irc-brown">-adams.freenode.net- *** Looking up your hostname...</span><br />
<span class="irc-date">[6:52]</span> <span class="irc-brown">-adams.freenode.net- *** Checking Ident</span><br />
<span class="irc-date">[6:52]</span> <span class="irc-brown">-adams.freenode.net- *** Found your hostname</span><br />
<span class="irc-date">[6:52]</span> <span class="irc-brown">-adams.freenode.net- *** No Ident response</span><br />
<span class="irc-date">[6:52]</span> <span class="irc-green">* DuraLogBot (~PircBot@webster.duraspace.org) has joined #duraspace</span><br />
<span class="irc-date">[6:52]</span> <span class="irc-green">* Topic is '[Welcome to DuraSpace - This channel is logged - <a href="http://irclogs.duraspace.org/]'">http://irclogs.duraspace.org/]'</a></span><br />
<span class="irc-date">[6:52]</span> <span class="irc-green">* Set by cwilper!ad579d86@gateway/web/freenode/ip.173.87.157.134 on Fri Oct 22 01:19:41 UTC 2010</span><br />
<span class="irc-date">[8:40]</span> <span class="irc-navy">* cwilper (~cwilper@54.213.30.97) Quit (Ping timeout: 244 seconds)</span><br />
<span class="irc-date">[10:54]</span> <span class="irc-green">* dyelar (~dyelar@31.158.45.66.cm.sunflower.com) has joined #duraspace</span><br />
<span class="irc-date">[11:07]</span> <span class="irc-navy">* misilot (~misilot@p-body.lib.fit.edu) Quit (*.net *.split)</span><br />
<span class="irc-date">[11:09]</span> <span class="irc-green">* misilot (~misilot@p-body.lib.fit.edu) has joined #duraspace</span><br />
<span class="irc-date">[12:25]</span> <span class="irc-green">* mhwood (mwood@mhw.ulib.iupui.edu) has joined #duraspace</span><br />
<span class="irc-date">[16:12]</span> <span class="irc-green">* hpottinger (~hpottinge@216.106.51.118.reverse.socket.net) has joined #duraspace</span><br />
<span class="irc-date">[18:21]</span> <span class="irc-navy">* hpottinger (~hpottinge@216.106.51.118.reverse.socket.net) Quit (Remote host closed the connection)</span><br />
<span class="irc-date">[19:57]</span> <span class="irc-green">* hpottinger (~hpottinge@216.106.51.118.reverse.socket.net) has joined #duraspace</span><br />
<span class="irc-date">[19:59]</span> <span class="irc-navy">* hpottinger (~hpottinge@216.106.51.118.reverse.socket.net) Quit (Remote host closed the connection)</span><br />
<span class="irc-date">[19:59]</span> <span class="irc-green">* hpottinger (~hpottinge@vpn-128-97-245-10.host.ucla.edu) has joined #duraspace</span><br />
<span class="irc-date">[20:41]</span> <span class="irc-navy">* hpottinger (~hpottinge@vpn-128-97-245-10.host.ucla.edu) Quit (Read error: Connection reset by peer)</span><br />
<span class="irc-date">[20:41]</span> <span class="irc-green">* hpottinger (~hpottinge@216.106.51.118.reverse.socket.net) has joined #duraspace</span><br />
<span class="irc-date">[20:43]</span> <span class="irc-navy">* hpottinger (~hpottinge@216.106.51.118.reverse.socket.net) Quit (Remote host closed the connection)</span><br />
<span class="irc-date">[20:43]</span> <span class="irc-green">* hpottinger (~hpottinge@vpn-128-97-244-108.host.ucla.edu) has joined #duraspace</span><br />
<span class="irc-date">[20:56]</span> <span class="irc-navy">* hpottinger (~hpottinge@vpn-128-97-244-108.host.ucla.edu) Quit (Quit: later, taterz!)</span><br />
<span class="irc-date">[21:11]</span> <span class="irc-navy">* mhwood (mwood@mhw.ulib.iupui.edu) Quit (Remote host closed the connection)</span><br />
