<span class="irc-date">[6:34]</span> <span class="irc-brown">-card.freenode.net- *** Looking up your hostname...</span><br />
<span class="irc-date">[6:34]</span> <span class="irc-brown">-card.freenode.net- *** Checking Ident</span><br />
<span class="irc-date">[6:34]</span> <span class="irc-brown">-card.freenode.net- *** Found your hostname</span><br />
<span class="irc-date">[6:34]</span> <span class="irc-brown">-card.freenode.net- *** No Ident response</span><br />
<span class="irc-date">[6:34]</span> <span class="irc-green">* DuraLogBot (~PircBot@webster.duraspace.org) has joined #duraspace</span><br />
<span class="irc-date">[6:34]</span> <span class="irc-green">* Topic is 'Welcome to DuraSpace IRC. This channel is used for formal meetings and is logged - <a href="http://irclogs.duraspace.org/'">http://irclogs.duraspace.org/'</a></span><br />
<span class="irc-date">[6:34]</span> <span class="irc-green">* Set by tdonohue on Thu Sep 15 17:49:38 UTC 2016</span><br />
<span class="irc-date">[7:51]</span> <span class="irc-green">* PhilipV (~philip@85.234.195.109.static.edpnet.net) has joined #duraspace</span><br />
<span class="irc-date">[11:47]</span> <span class="irc-navy">* PhilipV (~philip@85.234.195.109.static.edpnet.net) Quit (Ping timeout: 250 seconds)</span><br />
<span class="irc-date">[11:53]</span> <span class="irc-green">* PhilipV (~philip@85.234.195.109.static.edpnet.net) has joined #duraspace</span><br />
<span class="irc-date">[12:50]</span> <span class="irc-navy">* PhilipV (~philip@85.234.195.109.static.edpnet.net) Quit (Ping timeout: 260 seconds)</span><br />
<span class="irc-date">[12:53]</span> <span class="irc-green">* PhilipV (~philip@85.234.195.109.static.edpnet.net) has joined #duraspace</span><br />
<span class="irc-date">[14:53]</span> <span class="irc-green">* dyelar (~dyelar@129.237.45.105) has joined #duraspace</span><br />
<span class="irc-date">[15:19]</span> <span class="irc-navy">* PhilipV (~philip@85.234.195.109.static.edpnet.net) Quit (Quit: PhilipV)</span><br />
<span class="irc-date">[16:08]</span> <span class="irc-green">* th5 (~th5@unaffiliated/th5) has joined #duraspace</span><br />
<span class="irc-date">[17:01]</span> <span class="irc-navy">* dyelar (~dyelar@129.237.45.105) Quit (Ping timeout: 256 seconds)</span><br />
<span class="irc-date">[21:06]</span> <span class="irc-navy">* th5 (~th5@unaffiliated/th5) Quit (Remote host closed the connection)</span><br />
<span class="irc-date">[21:16]</span> <span class="irc-green">* dyelar (~dyelar@129.237.45.105) has joined #duraspace</span><br />
<span class="irc-date">[21:16]</span> <span class="irc-navy">* dyelar (~dyelar@129.237.45.105) Quit (Client Quit)</span><br />
<span class="irc-date">[21:20]</span> <span class="irc-green">* dyelar (~dyelar@129.237.45.105) has joined #duraspace</span><br />
<span class="irc-date">[22:01]</span> <span class="irc-navy">* dyelar (~dyelar@129.237.45.105) Quit (Quit: Leaving.)</span><br />
<span class="irc-date">[23:01]</span> <span class="irc-navy">* misilot (~misilot@p-body.lib.fit.edu) Quit (*.net *.split)</span><br />
<span class="irc-date">[23:01]</span> <span class="irc-navy">* kompewter (~kompewter@ec2-50-17-201-82.compute-1.amazonaws.com) Quit (*.net *.split)</span><br />
<span class="irc-date">[23:01]</span> <span class="irc-navy">* ChanServ (ChanServ@services.) Quit (*.net *.split)</span><br />
<span class="irc-date">[23:01]</span> <span class="irc-navy">* terry-b3 (~chrome@97-126-114-110.tukw.qwest.net) Quit (*.net *.split)</span><br />
<span class="irc-date">[23:01]</span> <span class="irc-navy">* helix84 (~ctenar@unaffiliated/helix84) Quit (*.net *.split)</span><br />
<span class="irc-date">[23:06]</span> <span class="irc-green">* helix84 (~ctenar@unaffiliated/helix84) has joined #duraspace</span><br />
<span class="irc-date">[23:06]</span> <span class="irc-green">* misilot (~misilot@p-body.lib.fit.edu) has joined #duraspace</span><br />
<span class="irc-date">[23:06]</span> <span class="irc-green">* kompewter (~kompewter@ec2-50-17-201-82.compute-1.amazonaws.com) has joined #duraspace</span><br />
<span class="irc-date">[23:07]</span> <span class="irc-green">* terry-b3 (~chrome@97-126-114-110.tukw.qwest.net) has joined #duraspace</span><br />
<span class="irc-date">[23:12]</span> <span class="irc-green">* ChanServ (ChanServ@services.) has joined #duraspace</span><br />
<span class="irc-date">[23:46]</span> <span class="irc-navy">* terry-b3 (~chrome@97-126-114-110.tukw.qwest.net) Quit (Remote host closed the connection)</span><br />
