<span class="irc-date">[2:20]</span> <span class="irc-navy">* dyelar (~dyelar@31.158.45.66.cm.sunflower.com) Quit (Quit: Leaving.)</span><br />
<span class="irc-date">[6:32]</span> <span class="irc-brown">-barjavel.freenode.net- *** Looking up your hostname...</span><br />
<span class="irc-date">[6:32]</span> <span class="irc-brown">-barjavel.freenode.net- *** Checking Ident</span><br />
<span class="irc-date">[6:32]</span> <span class="irc-brown">-barjavel.freenode.net- *** Found your hostname</span><br />
<span class="irc-date">[6:33]</span> <span class="irc-brown">-barjavel.freenode.net- *** No Ident response</span><br />
<span class="irc-date">[6:33]</span> <span class="irc-green">* DuraLogBot (~PircBot@webster.duraspace.org) has joined #duraspace</span><br />
<span class="irc-date">[6:33]</span> <span class="irc-green">* Topic is '[Welcome to DuraSpace - This channel is logged - <a href="http://irclogs.duraspace.org/]'">http://irclogs.duraspace.org/]'</a></span><br />
<span class="irc-date">[6:33]</span> <span class="irc-green">* Set by cwilper!ad579d86@gateway/web/freenode/ip.173.87.157.134 on Fri Oct 22 01:19:41 UTC 2010</span><br />
<span class="irc-date">[8:58]</span> <span class="irc-navy">* misilot (~misilot@p-body.lib.fit.edu) Quit (*.net *.split)</span><br />
<span class="irc-date">[9:04]</span> <span class="irc-green">* misilot (~misilot@p-body.lib.fit.edu) has joined #duraspace</span><br />
<span class="irc-date">[12:29]</span> <span class="irc-green">* mhwood (mwood@mhw.ulib.iupui.edu) has joined #duraspace</span><br />
<span class="irc-date">[12:59]</span> <span class="irc-green">* tdonohue (~tdonohue@c-98-220-55-31.hsd1.il.comcast.net) has joined #duraspace</span><br />
<span class="irc-date">[15:06]</span> <span class="irc-green">* dyelar (~dyelar@129.237.45.105) has joined #duraspace</span><br />
<span class="irc-date">[16:27]</span> <span class="irc-navy">* tdonohue (~tdonohue@c-98-220-55-31.hsd1.il.comcast.net) Quit (Ping timeout: 250 seconds)</span><br />
<span class="irc-date">[16:27]</span> <span class="irc-green">* tdonohue (~tdonohue@c-98-220-55-31.hsd1.il.comcast.net) has joined #duraspace</span><br />
<span class="irc-date">[19:41]</span> <span class="irc-green">* hpottinger (~hpottinge@vpn-128-97-245-17.host.ucla.edu) has joined #duraspace</span><br />
<span class="irc-date">[20:16]</span> <span class="irc-navy">* hpottinger (~hpottinge@vpn-128-97-245-17.host.ucla.edu) Quit (Remote host closed the connection)</span><br />
<span class="irc-date">[20:59]</span> <span class="irc-green">* mhwood (mwood@mhw.ulib.iupui.edu) has left #duraspace</span><br />
<span class="irc-date">[21:58]</span> <span class="irc-navy">* tdonohue (~tdonohue@c-98-220-55-31.hsd1.il.comcast.net) Quit (Read error: Connection reset by peer)</span><br />
<span class="irc-date">[22:25]</span> <span class="irc-navy">* dyelar (~dyelar@129.237.45.105) Quit (Quit: Leaving.)</span><br />
