<span class="irc-date">[0:22]</span> <span class="irc-navy">* Insanity_ (~Insanity@85.234.195.109.static.edpnet.net) Quit (Remote host closed the connection)</span><br />
<span class="irc-date">[2:22]</span> <span class="irc-green">* Insanity_ (~Insanity@85.234.195.109.static.edpnet.net) has joined #duraspace</span><br />
<span class="irc-date">[2:27]</span> <span class="irc-navy">* Insanity_ (~Insanity@85.234.195.109.static.edpnet.net) Quit (Ping timeout: 260 seconds)</span><br />
<span class="irc-date">[2:30]</span> <span class="irc-green">* dyelar (~dyelar@31.158.45.66.cm.sunflower.com) has joined #duraspace</span><br />
<span class="irc-date">[2:30]</span> <span class="irc-navy">* dyelar (~dyelar@31.158.45.66.cm.sunflower.com) Quit (Client Quit)</span><br />
<span class="irc-date">[4:24]</span> <span class="irc-green">* Insanity_ (~Insanity@85.234.195.109.static.edpnet.net) has joined #duraspace</span><br />
<span class="irc-date">[4:28]</span> <span class="irc-navy">* Insanity_ (~Insanity@85.234.195.109.static.edpnet.net) Quit (Ping timeout: 240 seconds)</span><br />
<span class="irc-date">[6:25]</span> <span class="irc-green">* Insanity_ (~Insanity@85.234.195.109.static.edpnet.net) has joined #duraspace</span><br />
<span class="irc-date">[6:30]</span> <span class="irc-navy">* Insanity_ (~Insanity@85.234.195.109.static.edpnet.net) Quit (Ping timeout: 276 seconds)</span><br />
<span class="irc-date">[6:37]</span> <span class="irc-brown">-wilhelm.freenode.net- *** Looking up your hostname...</span><br />
<span class="irc-date">[6:37]</span> <span class="irc-brown">-wilhelm.freenode.net- *** Checking Ident</span><br />
<span class="irc-date">[6:37]</span> <span class="irc-brown">-wilhelm.freenode.net- *** Found your hostname</span><br />
<span class="irc-date">[6:37]</span> <span class="irc-brown">-wilhelm.freenode.net- *** No Ident response</span><br />
<span class="irc-date">[6:37]</span> <span class="irc-green">* DuraLogBot (~PircBot@webster.duraspace.org) has joined #duraspace</span><br />
<span class="irc-date">[6:37]</span> <span class="irc-green">* Topic is '[Welcome to DuraSpace - This channel is logged - <a href="http://irclogs.duraspace.org/]'">http://irclogs.duraspace.org/]'</a></span><br />
<span class="irc-date">[6:37]</span> <span class="irc-green">* Set by cwilper!ad579d86@gateway/web/freenode/ip.173.87.157.134 on Fri Oct 22 01:19:41 UTC 2010</span><br />
<span class="irc-date">[7:43]</span> <span class="irc-green">* Insanity_ (~Insanity@85.234.195.109.static.edpnet.net) has joined #duraspace</span><br />
<span class="irc-date">[8:34]</span> <span class="irc-green">* pbecker (~pbecker@ubwstmapc098.ub.tu-berlin.de) has joined #duraspace</span><br />
<span class="irc-date">[12:16]</span> <span class="irc-green">* mhwood (mwood@mhw.ulib.iupui.edu) has joined #duraspace</span><br />
<span class="irc-date">[13:20]</span> <span class="irc-green">* tdonohue (~tdonohue@c-98-220-55-31.hsd1.il.comcast.net) has joined #duraspace</span><br />
<span class="irc-date">[13:55]</span> <span class="irc-green">* th5 (~th5@unaffiliated/th5) has joined #duraspace</span><br />
<span class="irc-date">[14:03]</span> <span class="irc-green">* dyelar (~dyelar@129.237.45.105) has joined #duraspace</span><br />
<span class="irc-date">[15:39]</span> <span class="irc-navy">* Insanity_ (~Insanity@85.234.195.109.static.edpnet.net) Quit (Remote host closed the connection)</span><br />
<span class="irc-date">[16:56]</span> <span class="irc-navy">* th5 (~th5@unaffiliated/th5) Quit (Ping timeout: 240 seconds)</span><br />
<span class="irc-date">[17:40]</span> <span class="irc-green">* Insanity_ (~Insanity@85.234.195.109.static.edpnet.net) has joined #duraspace</span><br />
<span class="irc-date">[17:45]</span> <span class="irc-navy">* Insanity_ (~Insanity@85.234.195.109.static.edpnet.net) Quit (Ping timeout: 244 seconds)</span><br />
<span class="irc-date">[19:41]</span> <span class="irc-green">* Insanity_ (~Insanity@85.234.195.109.static.edpnet.net) has joined #duraspace</span><br />
<span class="irc-date">[19:46]</span> <span class="irc-navy">* Insanity_ (~Insanity@85.234.195.109.static.edpnet.net) Quit (Ping timeout: 260 seconds)</span><br />
<span class="irc-date">[19:51]</span> <span class="irc-navy">* pbecker (~pbecker@ubwstmapc098.ub.tu-berlin.de) Quit (Quit: Leaving)</span><br />
<span class="irc-date">[20:04]</span> <span class="irc-navy">* dyelar (~dyelar@129.237.45.105) Quit (Ping timeout: 276 seconds)</span><br />
<span class="irc-date">[20:22]</span> <span class="irc-green">* dyelar (~dyelar@129.237.108.10) has joined #duraspace</span><br />
<span class="irc-date">[21:02]</span> <span class="irc-navy">* dyelar (~dyelar@129.237.108.10) Quit (Ping timeout: 246 seconds)</span><br />
<span class="irc-date">[21:06]</span> <span class="irc-navy">* mhwood (mwood@mhw.ulib.iupui.edu) Quit (Remote host closed the connection)</span><br />
<span class="irc-date">[21:17]</span> <span class="irc-green">* dyelar (~dyelar@129.237.45.105) has joined #duraspace</span><br />
<span class="irc-date">[21:48]</span> <span class="irc-green">* tdonohue (~tdonohue@c-98-220-55-31.hsd1.il.comcast.net) has left #duraspace</span><br />
<span class="irc-date">[22:55]</span> <span class="irc-navy">* dyelar (~dyelar@129.237.45.105) Quit (Quit: Leaving.)</span><br />
<span class="irc-date">[23:43]</span> <span class="irc-green">* Insanity_ (~Insanity@85.234.195.109.static.edpnet.net) has joined #duraspace</span><br />
<span class="irc-date">[23:47]</span> <span class="irc-navy">* Insanity_ (~Insanity@85.234.195.109.static.edpnet.net) Quit (Ping timeout: 252 seconds)</span><br />
<span class="irc-date">[23:59]</span> <span class="irc-green">* Insanity_ (~Insanity@85.234.195.109.static.edpnet.net) has joined #duraspace</span><br />
