<span class="irc-date">[0:12]</span> <span class="irc-navy">* Insanity_ (~Insanity@85.234.195.109.static.edpnet.net) Quit (Ping timeout: 250 seconds)</span><br />
<span class="irc-date">[6:47]</span> <span class="irc-brown">-barjavel.freenode.net- *** Looking up your hostname...</span><br />
<span class="irc-date">[6:47]</span> <span class="irc-brown">-barjavel.freenode.net- *** Checking Ident</span><br />
<span class="irc-date">[6:47]</span> <span class="irc-brown">-barjavel.freenode.net- *** Found your hostname</span><br />
<span class="irc-date">[6:47]</span> <span class="irc-brown">-barjavel.freenode.net- *** No Ident response</span><br />
<span class="irc-date">[6:47]</span> <span class="irc-green">* DuraLogBot (~PircBot@webster.duraspace.org) has joined #duraspace</span><br />
<span class="irc-date">[6:47]</span> <span class="irc-green">* Topic is '[Welcome to DuraSpace - This channel is logged - <a href="http://irclogs.duraspace.org/]'">http://irclogs.duraspace.org/]'</a></span><br />
<span class="irc-date">[6:47]</span> <span class="irc-green">* Set by cwilper!ad579d86@gateway/web/freenode/ip.173.87.157.134 on Fri Oct 22 01:19:41 UTC 2010</span><br />
<span class="irc-date">[7:41]</span> <span class="irc-green">* Insanity_ (~Insanity@85.234.195.109.static.edpnet.net) has joined #duraspace</span><br />
<span class="irc-date">[7:42]</span> <span class="irc-navy">* Insanity_ (~Insanity@85.234.195.109.static.edpnet.net) Quit (Remote host closed the connection)</span><br />
<span class="irc-date">[7:42]</span> <span class="irc-green">* Insanity_ (~Insanity@85.234.195.109.static.edpnet.net) has joined #duraspace</span><br />
<span class="irc-date">[8:16]</span> <span class="irc-navy">* Insanity_ (~Insanity@85.234.195.109.static.edpnet.net) Quit (Remote host closed the connection)</span><br />
<span class="irc-date">[8:17]</span> <span class="irc-green">* Insanity_ (~Insanity@86.39.200.115.static.hosted.by.easyhost.be) has joined #duraspace</span><br />
<span class="irc-date">[8:58]</span> <span class="irc-green">* tmmguimaraes (~tmg@193.137.88.100) has joined #duraspace</span><br />
<span class="irc-date">[12:17]</span> <span class="irc-green">* mhwood (mwood@mhw.ulib.iupui.edu) has joined #duraspace</span><br />
<span class="irc-date">[13:06]</span> <span class="irc-green">* tdonohue (~tdonohue@c-98-220-55-31.hsd1.il.comcast.net) has joined #duraspace</span><br />
<span class="irc-date">[13:23]</span> <span class="irc-green">* Insanit__ (~Insanity@86.39.200.115.static.hosted.by.easyhost.be) has joined #duraspace</span><br />
<span class="irc-date">[13:26]</span> <span class="irc-navy">* Insanity_ (~Insanity@86.39.200.115.static.hosted.by.easyhost.be) Quit (Ping timeout: 244 seconds)</span><br />
<span class="irc-date">[15:05]</span> <span class="irc-green">* Insanit__ is now known as Dylan</span><br />
<span class="irc-date">[15:43]</span> <span class="irc-navy">* Dylan (~Insanity@86.39.200.115.static.hosted.by.easyhost.be) Quit (Remote host closed the connection)</span><br />
<span class="irc-date">[15:54]</span> <span class="irc-green">* dyelar (~dyelar@129.237.45.105) has joined #duraspace</span><br />
<span class="irc-date">[17:43]</span> <span class="irc-green">* Dylan (~Dylan@85.234.195.109.static.edpnet.net) has joined #duraspace</span><br />
<span class="irc-date">[17:47]</span> <span class="irc-navy">* Dylan (~Dylan@85.234.195.109.static.edpnet.net) Quit (Ping timeout: 244 seconds)</span><br />
<span class="irc-date">[17:51]</span> <span class="irc-navy">* tmmguimaraes (~tmg@193.137.88.100) Quit (Read error: Connection reset by peer)</span><br />
<span class="irc-date">[19:44]</span> <span class="irc-green">* Dylan (~Dylan@85.234.195.109.static.edpnet.net) has joined #duraspace</span><br />
<span class="irc-date">[19:49]</span> <span class="irc-navy">* Dylan (~Dylan@85.234.195.109.static.edpnet.net) Quit (Ping timeout: 246 seconds)</span><br />
<span class="irc-date">[19:53]</span> <span class="irc-navy">* dyelar (~dyelar@129.237.45.105) Quit (Quit: Leaving.)</span><br />
<span class="irc-date">[20:21]</span> <span class="irc-green">* dyelar (~dyelar@129.237.108.10) has joined #duraspace</span><br />
<span class="irc-date">[20:51]</span> <span class="irc-green">* mhwood (mwood@mhw.ulib.iupui.edu) has left #duraspace</span><br />
<span class="irc-date">[21:06]</span> <span class="irc-navy">* dyelar (~dyelar@129.237.108.10) Quit (Ping timeout: 272 seconds)</span><br />
<span class="irc-date">[21:11]</span> <span class="irc-green">* peterdietz (uid52203@gateway/web/irccloud.com/x-sikkyhbpfncshggg) has joined #duraspace</span><br />
<span class="irc-date">[21:23]</span> <span class="irc-navy">* terry-b3 (~chrome@75-172-49-239.tukw.qwest.net) Quit (Ping timeout: 258 seconds)</span><br />
<span class="irc-date">[21:46]</span> <span class="irc-green">* Dylan (~Dylan@85.234.195.109.static.edpnet.net) has joined #duraspace</span><br />
<span class="irc-date">[21:50]</span> <span class="irc-navy">* Dylan (~Dylan@85.234.195.109.static.edpnet.net) Quit (Ping timeout: 252 seconds)</span><br />
<span class="irc-date">[21:58]</span> <span class="irc-green">* tdonohue (~tdonohue@c-98-220-55-31.hsd1.il.comcast.net) has left #duraspace</span><br />
<span class="irc-date">[23:59]</span> <span class="irc-green">* Dylan (~Dylan@85.234.195.109.static.edpnet.net) has joined #duraspace</span><br />
