<span class="irc-date">[0:11]</span> <span class="irc-green">* kshepherd (~kim@lbdigs29.lbr.auckland.ac.nz) has joined #duraspace</span><br />
<span class="irc-date">[2:06]</span> <span class="irc-navy">* awoods (~awoods@c-98-245-50-182.hsd1.co.comcast.net) Quit (Quit: Leaving)</span><br />
<span class="irc-date">[2:32]</span> <span class="irc-navy">* kshepherd (~kim@lbdigs29.lbr.auckland.ac.nz) Quit (Ping timeout: 276 seconds)</span><br />
<span class="irc-date">[2:37]</span> <span class="irc-green">* kshepherd (~kim@lbdigs29.lbr.auckland.ac.nz) has joined #duraspace</span><br />
<span class="irc-date">[3:41]</span> <span class="irc-navy">* kshepherd (~kim@lbdigs29.lbr.auckland.ac.nz) Quit (Ping timeout: 244 seconds)</span><br />
<span class="irc-date">[6:49]</span> <span class="irc-brown">-orwell.freenode.net- *** Looking up your hostname...</span><br />
<span class="irc-date">[6:49]</span> <span class="irc-brown">-orwell.freenode.net- *** Checking Ident</span><br />
<span class="irc-date">[6:49]</span> <span class="irc-brown">-orwell.freenode.net- *** Found your hostname</span><br />
<span class="irc-date">[6:49]</span> <span class="irc-brown">-orwell.freenode.net- *** No Ident response</span><br />
<span class="irc-date">[6:50]</span> <span class="irc-green">* DuraLogBot (~PircBot@webster.duraspace.org) has joined #duraspace</span><br />
<span class="irc-date">[6:50]</span> <span class="irc-green">* Topic is '[Welcome to DuraSpace - This channel is logged - <a href="http://irclogs.duraspace.org/]'">http://irclogs.duraspace.org/]'</a></span><br />
<span class="irc-date">[6:50]</span> <span class="irc-green">* Set by cwilper!ad579d86@gateway/web/freenode/ip.173.87.157.134 on Fri Oct 22 01:19:41 UTC 2010</span><br />
<span class="irc-date">[7:34]</span> <span class="irc-navy">* roelandatmire (~roeland@85.234.195.109.static.edpnet.net) Quit (Ping timeout: 244 seconds)</span><br />
<span class="irc-date">[7:36]</span> <span class="irc-green">* roelandatmire (~roeland@85.234.195.109.static.edpnet.net) has joined #duraspace</span><br />
<span class="irc-date">[12:16]</span> <span class="irc-green">* misilot (~misilot@p-body.lib.fit.edu) has joined #duraspace</span><br />
<span class="irc-date">[12:18]</span> <span class="irc-green">* mhwood (mwood@mhw.ulib.iupui.edu) has joined #duraspace</span><br />
<span class="irc-date">[17:08]</span> <span class="irc-green">* hpottinger (~hpottinge@mu-161168.dhcp.missouri.edu) has joined #duraspace</span><br />
<span class="irc-date">[18:00]</span> <span class="irc-navy">* dyelar (~dyelar@129.237.45.105) Quit (Ping timeout: 276 seconds)</span><br />
<span class="irc-date">[18:19]</span> <span class="irc-green">* dyelar (~dyelar@129.237.108.10) has joined #duraspace</span><br />
<span class="irc-date">[19:04]</span> <span class="irc-navy">* dyelar (~dyelar@129.237.108.10) Quit (Ping timeout: 244 seconds)</span><br />
<span class="irc-date">[20:03]</span> <span class="irc-green">* kshepherd (~kim@lbdigs29.lbr.auckland.ac.nz) has joined #duraspace</span><br />
<span class="irc-date">[20:28]</span> <span class="irc-navy">* kshepherd (~kim@lbdigs29.lbr.auckland.ac.nz) Quit (Ping timeout: 260 seconds)</span><br />
<span class="irc-date">[20:38]</span> <span class="irc-green">* kshepherd (~kim@wireless-nat-20.auckland.ac.nz) has joined #duraspace</span><br />
<span class="irc-date">[20:45]</span> <span class="irc-green">* mhwood (mwood@mhw.ulib.iupui.edu) has left #duraspace</span><br />
<span class="irc-date">[20:51]</span> <span class="irc-green">* dyelar (~dyelar@129.237.45.105) has joined #duraspace</span><br />
<span class="irc-date">[21:25]</span> <span class="irc-navy">* hpottinger (~hpottinge@mu-161168.dhcp.missouri.edu) Quit (Quit: Leaving, later taterz!)</span><br />
<span class="irc-date">[21:33]</span> <span class="irc-navy">* kshepherd (~kim@wireless-nat-20.auckland.ac.nz) Quit (Ping timeout: 240 seconds)</span><br />
<span class="irc-date">[21:34]</span> <span class="irc-green">* kshepherd (~kim@wireless-nat-20.auckland.ac.nz) has joined #duraspace</span><br />
<span class="irc-date">[21:39]</span> <span class="irc-navy">* kshepherd (~kim@wireless-nat-20.auckland.ac.nz) Quit (Ping timeout: 268 seconds)</span><br />
<span class="irc-date">[21:59]</span> <span class="irc-green">* kshepherd (~kim@lbdigs29.lbr.auckland.ac.nz) has joined #duraspace</span><br />
<span class="irc-date">[22:29]</span> <span class="irc-navy">* dyelar (~dyelar@129.237.45.105) Quit (Quit: Leaving.)</span><br />
<span class="irc-date">[23:14]</span> <span class="irc-navy">* kshepherd (~kim@lbdigs29.lbr.auckland.ac.nz) Quit (Ping timeout: 276 seconds)</span><br />
<span class="irc-date">[23:39]</span> <span class="irc-green">* kshepherd (~kim@lbdigs29.lbr.auckland.ac.nz) has joined #duraspace</span><br />
