<span class="irc-date">[0:22]</span> <span class="irc-navy">* Dylan (~Dylan@85.234.195.109.static.edpnet.net) Quit (Remote host closed the connection)</span><br />
<span class="irc-date">[2:22]</span> <span class="irc-green">* Dylan (~Dylan@85.234.195.109.static.edpnet.net) has joined #duraspace</span><br />
<span class="irc-date">[2:27]</span> <span class="irc-navy">* Dylan (~Dylan@85.234.195.109.static.edpnet.net) Quit (Ping timeout: 276 seconds)</span><br />
<span class="irc-date">[4:23]</span> <span class="irc-green">* Dylan (~Dylan@85.234.195.109.static.edpnet.net) has joined #duraspace</span><br />
<span class="irc-date">[4:28]</span> <span class="irc-navy">* Dylan (~Dylan@85.234.195.109.static.edpnet.net) Quit (Ping timeout: 276 seconds)</span><br />
<span class="irc-date">[6:25]</span> <span class="irc-green">* Dylan (~Dylan@85.234.195.109.static.edpnet.net) has joined #duraspace</span><br />
<span class="irc-date">[6:30]</span> <span class="irc-navy">* Dylan (~Dylan@85.234.195.109.static.edpnet.net) Quit (Ping timeout: 276 seconds)</span><br />
<span class="irc-date">[6:46]</span> <span class="irc-brown">-wilhelm.freenode.net- *** Looking up your hostname...</span><br />
<span class="irc-date">[6:46]</span> <span class="irc-brown">-wilhelm.freenode.net- *** Checking Ident</span><br />
<span class="irc-date">[6:46]</span> <span class="irc-brown">-wilhelm.freenode.net- *** Found your hostname</span><br />
<span class="irc-date">[6:46]</span> <span class="irc-brown">-wilhelm.freenode.net- *** No Ident response</span><br />
<span class="irc-date">[6:46]</span> <span class="irc-green">* DuraLogBot (~PircBot@webster.duraspace.org) has joined #duraspace</span><br />
<span class="irc-date">[6:46]</span> <span class="irc-green">* Topic is '[Welcome to DuraSpace - This channel is logged - <a href="http://irclogs.duraspace.org/]'">http://irclogs.duraspace.org/]'</a></span><br />
<span class="irc-date">[6:46]</span> <span class="irc-green">* Set by cwilper!ad579d86@gateway/web/freenode/ip.173.87.157.134 on Fri Oct 22 01:19:41 UTC 2010</span><br />
<span class="irc-date">[7:44]</span> <span class="irc-green">* Dylan (~Dylan@85.234.195.109.static.edpnet.net) has joined #duraspace</span><br />
<span class="irc-date">[7:46]</span> <span class="irc-navy">* Dylan (~Dylan@85.234.195.109.static.edpnet.net) Quit (Remote host closed the connection)</span><br />
<span class="irc-date">[7:47]</span> <span class="irc-green">* Dylan (~Dylan@86.39.200.115.static.hosted.by.easyhost.be) has joined #duraspace</span><br />
<span class="irc-date">[9:14]</span> <span class="irc-green">* tmmguimaraes (~tmg@193.137.88.100) has joined #duraspace</span><br />
<span class="irc-date">[9:47]</span> <span class="irc-green">* Dylan_ (~Dylan@86.39.200.115.static.hosted.by.easyhost.be) has joined #duraspace</span><br />
<span class="irc-date">[9:50]</span> <span class="irc-navy">* Dylan (~Dylan@86.39.200.115.static.hosted.by.easyhost.be) Quit (Ping timeout: 260 seconds)</span><br />
<span class="irc-date">[11:58]</span> <span class="irc-green">* misilot_ is now known as misilot</span><br />
<span class="irc-date">[13:42]</span> <span class="irc-green">* dyelar (~dyelar@129.237.45.105) has joined #duraspace</span><br />
<span class="irc-date">[14:06]</span> <span class="irc-navy">* dyelar (~dyelar@129.237.45.105) Quit (Quit: Leaving.)</span><br />
<span class="irc-date">[14:12]</span> <span class="irc-green">* th5 (~th5@unaffiliated/th5) has joined #duraspace</span><br />
<span class="irc-date">[14:25]</span> <span class="irc-green">* dyelar (~dyelar@129.237.45.105) has joined #duraspace</span><br />
<span class="irc-date">[15:58]</span> <span class="irc-navy">* Dylan_ (~Dylan@86.39.200.115.static.hosted.by.easyhost.be) Quit (Remote host closed the connection)</span><br />
<span class="irc-date">[17:37]</span> <span class="irc-navy">* tmmguimaraes (~tmg@193.137.88.100) Quit (Read error: Connection reset by peer)</span><br />
<span class="irc-date">[17:59]</span> <span class="irc-green">* Dylan (~Dylan@85.234.195.109.static.edpnet.net) has joined #duraspace</span><br />
<span class="irc-date">[18:03]</span> <span class="irc-navy">* Dylan (~Dylan@85.234.195.109.static.edpnet.net) Quit (Ping timeout: 244 seconds)</span><br />
<span class="irc-date">[19:09]</span> <span class="irc-navy">* dyelar (~dyelar@129.237.45.105) Quit (Quit: Leaving.)</span><br />
<span class="irc-date">[20:00]</span> <span class="irc-green">* Dylan (~Dylan@85.234.195.109.static.edpnet.net) has joined #duraspace</span><br />
<span class="irc-date">[20:05]</span> <span class="irc-navy">* Dylan (~Dylan@85.234.195.109.static.edpnet.net) Quit (Ping timeout: 276 seconds)</span><br />
<span class="irc-date">[21:41]</span> <span class="irc-navy">* th5 (~th5@unaffiliated/th5) Quit ()</span><br />
<span class="irc-date">[23:59]</span> <span class="irc-green">* Dylan (~Dylan@85.234.195.109.static.edpnet.net) has joined #duraspace</span><br />
