<span class="irc-date">[0:00]</span> <span class="irc-green">* Dylan__ (~Dylan@86.39.200.115.static.hosted.by.easyhost.be) has joined #duraspace</span><br />
<span class="irc-date">[0:32]</span> <span class="irc-navy">* Dylan__ (~Dylan@86.39.200.115.static.hosted.by.easyhost.be) Quit (Remote host closed the connection)</span><br />
<span class="irc-date">[0:33]</span> <span class="irc-green">* Dylan__ (~Dylan@86.39.200.115.static.hosted.by.easyhost.be) has joined #duraspace</span><br />
<span class="irc-date">[2:27]</span> <span class="irc-navy">* dyelar (~dyelar@31.158.45.66.cm.sunflower.com) Quit (Quit: Leaving.)</span><br />
<span class="irc-date">[6:56]</span> <span class="irc-brown">-tepper.freenode.net- *** Looking up your hostname...</span><br />
<span class="irc-date">[6:56]</span> <span class="irc-brown">-tepper.freenode.net- *** Checking Ident</span><br />
<span class="irc-date">[6:56]</span> <span class="irc-brown">-tepper.freenode.net- *** Found your hostname</span><br />
<span class="irc-date">[6:56]</span> <span class="irc-brown">-tepper.freenode.net- *** No Ident response</span><br />
<span class="irc-date">[6:56]</span> <span class="irc-green">* DuraLogBot (~PircBot@webster.duraspace.org) has joined #duraspace</span><br />
<span class="irc-date">[6:56]</span> <span class="irc-green">* Topic is '[Welcome to DuraSpace - This channel is logged - <a href="http://irclogs.duraspace.org/]'">http://irclogs.duraspace.org/]'</a></span><br />
<span class="irc-date">[6:56]</span> <span class="irc-green">* Set by cwilper!ad579d86@gateway/web/freenode/ip.173.87.157.134 on Fri Oct 22 01:19:41 UTC 2010</span><br />
<span class="irc-date">[7:16]</span> <span class="irc-green">* Dylan___ (~Dylan@85.234.195.109.static.edpnet.net) has joined #duraspace</span><br />
<span class="irc-date">[7:20]</span> <span class="irc-navy">* Dylan__ (~Dylan@86.39.200.115.static.hosted.by.easyhost.be) Quit (Ping timeout: 264 seconds)</span><br />
<span class="irc-date">[8:06]</span> <span class="irc-navy">* Dylan___ (~Dylan@85.234.195.109.static.edpnet.net) Quit (Remote host closed the connection)</span><br />
<span class="irc-date">[8:06]</span> <span class="irc-green">* Dylan__ (~Dylan@85.234.195.109.static.edpnet.net) has joined #duraspace</span><br />
<span class="irc-date">[8:54]</span> <span class="irc-green">* tmmguimaraes (~tmg@193.137.88.100) has joined #duraspace</span><br />
<span class="irc-date">[12:34]</span> <span class="irc-green">* mhwood (mwood@mhw.ulib.iupui.edu) has joined #duraspace</span><br />
<span class="irc-date">[13:21]</span> <span class="irc-green">* tester (8295b170@gateway/web/freenode/ip.130.149.177.112) has joined #duraspace</span><br />
<span class="irc-date">[13:25]</span> <span class="irc-green">* tester (8295b170@gateway/web/freenode/ip.130.149.177.112) has left #duraspace</span><br />
<span class="irc-date">[13:32]</span> <span class="irc-green">* tester (8295b170@gateway/web/freenode/ip.130.149.177.112) has joined #duraspace</span><br />
<span class="irc-date">[13:34]</span> <span class="irc-navy">* tester (8295b170@gateway/web/freenode/ip.130.149.177.112) Quit (Client Quit)</span><br />
<span class="irc-date">[13:37]</span> <span class="irc-green">* hpottinger (~hpottinge@128.206.253.15) has joined #duraspace</span><br />
<span class="irc-date">[14:16]</span> <span class="irc-green">* dyelar (~dyelar@129.237.108.10) has joined #duraspace</span><br />
<span class="irc-date">[14:56]</span> <span class="irc-navy">* Dylan__ (~Dylan@85.234.195.109.static.edpnet.net) Quit (Remote host closed the connection)</span><br />
<span class="irc-date">[14:57]</span> <span class="irc-green">* Dylan__ (~Dylan@85.234.195.109.static.edpnet.net) has joined #duraspace</span><br />
<span class="irc-date">[16:21]</span> <span class="irc-navy">* tmmguimaraes (~tmg@193.137.88.100) Quit (Read error: Connection reset by peer)</span><br />
<span class="irc-date">[19:49]</span> <span class="irc-navy">* terry-b3 (~chrome@75-172-49-239.tukw.qwest.net) Quit (Read error: Connection reset by peer)</span><br />
<span class="irc-date">[19:49]</span> <span class="irc-green">* terry-b3 (~chrome@75-172-49-239.tukw.qwest.net) has joined #duraspace</span><br />
<span class="irc-date">[21:08]</span> <span class="irc-green">* mhwood (mwood@mhw.ulib.iupui.edu) has left #duraspace</span><br />
<span class="irc-date">[22:29]</span> <span class="irc-navy">* hpottinger (~hpottinge@128.206.253.15) Quit (Quit: Leaving, later taterz!)</span><br />
<span class="irc-date">[23:11]</span> <span class="irc-green">* misilot_ (~misilot@p-body.lib.fit.edu) has joined #duraspace</span><br />
<span class="irc-date">[23:16]</span> <span class="irc-navy">* misilot (~misilot@p-body.lib.fit.edu) Quit (Read error: Connection reset by peer)</span><br />
