<span class="irc-date">[6:34]</span> <span class="irc-brown">-weber.freenode.net- *** Looking up your hostname...</span><br />
<span class="irc-date">[6:34]</span> <span class="irc-brown">-weber.freenode.net- *** Checking Ident</span><br />
<span class="irc-date">[6:34]</span> <span class="irc-brown">-weber.freenode.net- *** Found your hostname</span><br />
<span class="irc-date">[6:34]</span> <span class="irc-brown">-weber.freenode.net- *** No Ident response</span><br />
<span class="irc-date">[6:34]</span> <span class="irc-green">* DuraLogBot (~PircBot@webster.duraspace.org) has joined #duraspace</span><br />
<span class="irc-date">[6:34]</span> <span class="irc-green">* Topic is '[Welcome to DuraSpace - This channel is logged - <a href="http://irclogs.duraspace.org/]'">http://irclogs.duraspace.org/]'</a></span><br />
<span class="irc-date">[6:34]</span> <span class="irc-green">* Set by cwilper!ad579d86@gateway/web/freenode/ip.173.87.157.134 on Fri Oct 22 01:19:41 UTC 2010</span><br />
<span class="irc-date">[10:24]</span> <span class="irc-green">* pbecker (~pbecker@ubwstmapc098.ub.tu-berlin.de) has joined #duraspace</span><br />
<span class="irc-date">[11:52]</span> <span class="irc-navy">* misilot (~misilot@p-body.lib.fit.edu) Quit (Read error: Connection reset by peer)</span><br />
<span class="irc-date">[12:23]</span> <span class="irc-green">* Insanity_ (~Insanity@86.39.200.115.static.hosted.by.easyhost.be) has joined #duraspace</span><br />
<span class="irc-date">[12:30]</span> <span class="irc-green">* mhwood (mwood@mhw.ulib.iupui.edu) has joined #duraspace</span><br />
<span class="irc-date">[13:13]</span> <span class="irc-green">* tdonohue (~tdonohue@c-98-220-55-31.hsd1.il.comcast.net) has joined #duraspace</span><br />
<span class="irc-date">[14:25]</span> <span class="irc-green">* dyelar (~dyelar@129.237.45.105) has joined #duraspace</span><br />
<span class="irc-date">[14:43]</span> <span class="irc-green">* terry-b3 (~chrome@71-212-101-240.tukw.qwest.net) has joined #duraspace</span><br />
<span class="irc-date">[14:43]</span> <span class="irc-navy">* terry-b (~chrome@71-212-101-240.tukw.qwest.net) Quit (Read error: Connection reset by peer)</span><br />
<span class="irc-date">[14:56]</span> <span class="irc-green">* misilot (~misilot@p-body.lib.fit.edu) has joined #duraspace</span><br />
<span class="irc-date">[15:17]</span> <span class="irc-green">* misilot_ (~misilot@p-body.lib.fit.edu) has joined #duraspace</span><br />
<span class="irc-date">[15:17]</span> <span class="irc-green">* Insanit__ (~Insanity@86.39.200.115.static.hosted.by.easyhost.be) has joined #duraspace</span><br />
<span class="irc-date">[15:20]</span> <span class="irc-navy">* misilot (~misilot@p-body.lib.fit.edu) Quit (Ping timeout: 264 seconds)</span><br />
<span class="irc-date">[15:20]</span> <span class="irc-green">* pnbecker (~pbecker@ubwstmapc098.ub.tu-berlin.de) has joined #duraspace</span><br />
<span class="irc-date">[15:25]</span> <span class="irc-navy">* Insanit__ (~Insanity@86.39.200.115.static.hosted.by.easyhost.be) Quit ()</span><br />
<span class="irc-date">[15:25]</span> <span class="irc-navy">* Insanity_ (~Insanity@86.39.200.115.static.hosted.by.easyhost.be) Quit (*.net *.split)</span><br />
<span class="irc-date">[15:25]</span> <span class="irc-navy">* pbecker (~pbecker@ubwstmapc098.ub.tu-berlin.de) Quit (*.net *.split)</span><br />
<span class="irc-date">[15:28]</span> <span class="irc-navy">* pnbecker (~pbecker@ubwstmapc098.ub.tu-berlin.de) Quit (Read error: Connection reset by peer)</span><br />
<span class="irc-date">[15:32]</span> <span class="irc-green">* pbecker (~pbecker@ubwstmapc098.ub.tu-berlin.de) has joined #duraspace</span><br />
<span class="irc-date">[16:07]</span> <span class="irc-navy">* pbecker (~pbecker@ubwstmapc098.ub.tu-berlin.de) Quit (Quit: Leaving)</span><br />
<span class="irc-date">[17:33]</span> <span class="irc-navy">* terry-b3 (~chrome@71-212-101-240.tukw.qwest.net) Quit (*.net *.split)</span><br />
<span class="irc-date">[17:33]</span> <span class="irc-navy">* ChanServ (ChanServ@services.) Quit (*.net *.split)</span><br />
<span class="irc-date">[17:33]</span> <span class="irc-navy">* tdonohue (~tdonohue@c-98-220-55-31.hsd1.il.comcast.net) Quit (*.net *.split)</span><br />
<span class="irc-date">[17:33]</span> <span class="irc-navy">* mhwood (mwood@mhw.ulib.iupui.edu) Quit (*.net *.split)</span><br />
<span class="irc-date">[17:33]</span> <span class="irc-navy">* cwilper (~cwilper@54.213.30.97) Quit (*.net *.split)</span><br />
<span class="irc-date">[17:33]</span> <span class="irc-navy">* kompewter (~kompewter@ec2-50-17-201-82.compute-1.amazonaws.com) Quit (*.net *.split)</span><br />
<span class="irc-date">[17:33]</span> <span class="irc-navy">* misilot_ (~misilot@p-body.lib.fit.edu) Quit (Ping timeout: 241 seconds)</span><br />
<span class="irc-date">[17:33]</span> <span class="irc-navy">* dyelar (~dyelar@129.237.45.105) Quit (Ping timeout: 241 seconds)</span><br />
<span class="irc-date">[17:33]</span> <span class="irc-navy">* DuraLogBot (~PircBot@webster.duraspace.org) Quit (Ping timeout: 241 seconds)</span><br />
<span class="irc-date">[17:33]</span> <span class="irc-navy">* Disconnected.</span><br />
<span class="irc-date">[17:35]</span> <span class="irc-brown">-barjavel.freenode.net- *** Looking up your hostname...</span><br />
<span class="irc-date">[17:35]</span> <span class="irc-brown">-barjavel.freenode.net- *** Checking Ident</span><br />
<span class="irc-date">[17:35]</span> <span class="irc-brown">-barjavel.freenode.net- *** Found your hostname</span><br />
<span class="irc-date">[17:36]</span> <span class="irc-brown">-barjavel.freenode.net- *** No Ident response</span><br />
