<span class="irc-date">[6:39]</span> <span class="irc-brown">-sinisalo.freenode.net- *** Looking up your hostname...</span><br />
<span class="irc-date">[6:39]</span> <span class="irc-brown">-sinisalo.freenode.net- *** Checking Ident</span><br />
<span class="irc-date">[6:39]</span> <span class="irc-brown">-sinisalo.freenode.net- *** Found your hostname</span><br />
<span class="irc-date">[6:39]</span> <span class="irc-brown">-sinisalo.freenode.net- *** No Ident response</span><br />
<span class="irc-date">[6:39]</span> <span class="irc-green">* DuraLogBot (~PircBot@webster.duraspace.org) has joined #duraspace</span><br />
<span class="irc-date">[6:39]</span> <span class="irc-green">* Topic is 'Welcome to DuraSpace IRC. This channel is used for formal meetings and is logged - <a href="http://irclogs.duraspace.org/'">http://irclogs.duraspace.org/'</a></span><br />
<span class="irc-date">[6:39]</span> <span class="irc-green">* Set by tdonohue on Thu Sep 15 17:49:38 UTC 2016</span><br />
<span class="irc-date">[8:43]</span> <span class="irc-green">* pbecker (~pbecker@ubwstmapc098.ub.tu-berlin.de) has joined #duraspace</span><br />
<span class="irc-date">[8:46]</span> <span class="irc-green">* lap (4f21e097@gateway/web/freenode/ip.79.33.224.151) has joined #duraspace</span><br />
<span class="irc-date">[8:46]</span> <span class="irc-green">* lap is now known as Guest79556</span><br />
<span class="irc-date">[8:48]</span> <span class="irc-green">* Guest79556 (4f21e097@gateway/web/freenode/ip.79.33.224.151) has left #duraspace</span><br />
<span class="irc-date">[11:46]</span> <span class="irc-navy">* pbecker (~pbecker@ubwstmapc098.ub.tu-berlin.de) Quit (Quit: Leaving)</span><br />
<span class="irc-date">[12:00]</span> <span class="irc-navy">* kompewter (~kompewter@ec2-50-17-201-82.compute-1.amazonaws.com) Quit (Ping timeout: 276 seconds)</span><br />
<span class="irc-date">[12:06]</span> <span class="irc-green">* misilot_ is now known as misilo</span><br />
<span class="irc-date">[12:06]</span> <span class="irc-green">* misilo is now known as misilot</span><br />
<span class="irc-date">[12:12]</span> <span class="irc-green">* pbecker (~pbecker@ubwstmapc098.ub.tu-berlin.de) has joined #duraspace</span><br />
<span class="irc-date">[12:27]</span> <span class="irc-green">* mhwood (mwood@mhw.ulib.iupui.edu) has joined #duraspace</span><br />
<span class="irc-date">[13:07]</span> <span class="irc-green">* tdonohue (~tdonohue@dspace/tdonohue) has joined #duraspace</span><br />
<span class="irc-date">[13:53]</span> <span class="irc-green">* dyelar (~dyelar@129.237.45.105) has joined #duraspace</span><br />
<span class="irc-date">[13:58]</span> <span class="irc-navy">* dyelar (~dyelar@129.237.45.105) Quit (Quit: Leaving.)</span><br />
<span class="irc-date">[14:21]</span> <span class="irc-green">* kompewter (~kompewter@ec2-50-17-201-82.compute-1.amazonaws.com) has joined #duraspace</span><br />
<span class="irc-date">[15:56]</span> <span class="irc-navy">* pbecker (~pbecker@ubwstmapc098.ub.tu-berlin.de) Quit (Quit: Leaving)</span><br />
<span class="irc-date">[17:14]</span> <span class="irc-navy">* tdonohue (~tdonohue@dspace/tdonohue) Quit (Read error: Connection reset by peer)</span><br />
<span class="irc-date">[17:17]</span> <span class="irc-green">* tdonohue (~tdonohue@dspace/tdonohue) has joined #duraspace</span><br />
<span class="irc-date">[18:26]</span> <span class="irc-green">* pbecker (~anonymous@55d4393c.access.ecotel.net) has joined #duraspace</span><br />
<span class="irc-date">[18:40]</span> <span class="irc-navy">* pbecker (~anonymous@55d4393c.access.ecotel.net) Quit (Quit: pbecker)</span><br />
<span class="irc-date">[18:43]</span> <span class="irc-green">* pbecker (~anonymous@55d4393c.access.ecotel.net) has joined #duraspace</span><br />
<span class="irc-date">[21:01]</span> <span class="irc-navy">* mhwood (mwood@mhw.ulib.iupui.edu) Quit (Remote host closed the connection)</span><br />
<span class="irc-date">[21:46]</span> <span class="irc-green">* tdonohue (~tdonohue@dspace/tdonohue) has left #duraspace</span><br />
<span class="irc-date">[21:52]</span> <span class="irc-navy">* pbecker (~anonymous@55d4393c.access.ecotel.net) Quit (Quit: pbecker)</span><br />
