<span class="irc-date">[0:30]</span> <span class="irc-navy">* terry-b (~chrome@97-113-118-39.tukw.qwest.net) Quit (Remote host closed the connection)</span><br />
<span class="irc-date">[6:56]</span> <span class="irc-brown">-verne.freenode.net- *** Looking up your hostname...</span><br />
<span class="irc-date">[6:56]</span> <span class="irc-brown">-verne.freenode.net- *** Checking Ident</span><br />
<span class="irc-date">[6:56]</span> <span class="irc-brown">-verne.freenode.net- *** Found your hostname</span><br />
<span class="irc-date">[6:56]</span> <span class="irc-brown">-verne.freenode.net- *** No Ident response</span><br />
<span class="irc-date">[6:56]</span> <span class="irc-green">* DuraLogBot (~PircBot@webster.duraspace.org) has joined #duraspace</span><br />
<span class="irc-date">[6:56]</span> <span class="irc-green">* Topic is 'Welcome to DuraSpace IRC. This channel is used for formal meetings and is logged - <a href="http://irclogs.duraspace.org/'">http://irclogs.duraspace.org/'</a></span><br />
<span class="irc-date">[6:56]</span> <span class="irc-green">* Set by tdonohue on Thu Sep 15 17:49:38 UTC 2016</span><br />
<span class="irc-date">[13:14]</span> <span class="irc-green">* mhwood (mwood@mhw.ulib.iupui.edu) has joined #duraspace</span><br />
<span class="irc-date">[14:19]</span> <span class="irc-green">* tdonohue (~tdonohue@dspace/tdonohue) has joined #duraspace</span><br />
<span class="irc-date">[15:35]</span> <span class="irc-green">* th5 (~th5@unaffiliated/th5) has joined #duraspace</span><br />
<span class="irc-date">[16:07]</span> <span class="irc-navy">* th5 (~th5@unaffiliated/th5) Quit (Ping timeout: 258 seconds)</span><br />
<span class="irc-date">[17:02]</span> <span class="irc-navy">* mhwood (mwood@mhw.ulib.iupui.edu) Quit (Remote host closed the connection)</span><br />
<span class="irc-date">[17:40]</span> <span class="irc-green">* terry-b (~chrome@97-113-118-39.tukw.qwest.net) has joined #duraspace</span><br />
<span class="irc-date">[18:47]</span> <span class="irc-green">* kompewter (~kompewter@ec2-50-17-201-82.compute-1.amazonaws.com) has joined #duraspace</span><br />
<span class="irc-date">[20:25]</span> <span class="irc-green">* th5 (~th5@unaffiliated/th5) has joined #duraspace</span><br />
<span class="irc-date">[20:36]</span> <span class="irc-green">* hpottinger (~hpottinge@162.104.218.179) has joined #duraspace</span><br />
<span class="irc-date">[21:55]</span> <span class="irc-green">* tdonohue (~tdonohue@dspace/tdonohue) has left #duraspace</span><br />
<span class="irc-date">[22:34]</span> <span class="irc-navy">* th5 (~th5@unaffiliated/th5) Quit ()</span><br />
<span class="irc-date">[23:23]</span> <span class="irc-navy">* dyelar (~dyelar@biolinux.mrb.ku.edu) Quit (Remote host closed the connection)</span><br />
