<span class="irc-date">[6:28]</span> <span class="irc-brown">-card.freenode.net- *** Looking up your hostname...</span><br />
<span class="irc-date">[6:28]</span> <span class="irc-brown">-card.freenode.net- *** Checking Ident</span><br />
<span class="irc-date">[6:28]</span> <span class="irc-brown">-card.freenode.net- *** Found your hostname</span><br />
<span class="irc-date">[6:28]</span> <span class="irc-brown">-card.freenode.net- *** No Ident response</span><br />
<span class="irc-date">[6:28]</span> <span class="irc-green">* DuraLogBot (~PircBot@webster.duraspace.org) has joined #duraspace</span><br />
<span class="irc-date">[6:28]</span> <span class="irc-green">* Topic is 'Welcome to DuraSpace IRC. This channel is used for formal meetings and is logged - <a href="http://irclogs.duraspace.org/'">http://irclogs.duraspace.org/'</a></span><br />
<span class="irc-date">[6:28]</span> <span class="irc-green">* Set by tdonohue on Thu Sep 15 17:49:38 UTC 2016</span><br />
<span class="irc-date">[6:34]</span> <span class="irc-navy">* DSpaceSlackBot (~DSpaceSla@ec2-50-17-201-82.compute-1.amazonaws.com) Quit (Read error: Connection reset by peer)</span><br />
<span class="irc-date">[6:36]</span> <span class="irc-green">* DSpaceSlackBot (~DSpaceSla@ec2-50-17-201-82.compute-1.amazonaws.com) has joined #duraspace</span><br />
<span class="irc-date">[8:26]</span> <span class="irc-navy">* DSpaceSlackBot (~DSpaceSla@ec2-50-17-201-82.compute-1.amazonaws.com) Quit (Read error: Connection reset by peer)</span><br />
<span class="irc-date">[8:40]</span> <span class="irc-green">* DSpaceSlackBot (~DSpaceSla@ec2-50-17-201-82.compute-1.amazonaws.com) has joined #duraspace</span><br />
<span class="irc-date">[9:04]</span> <span class="irc-green">* kompewter (~kompewter@50.17.201.82) has joined #duraspace</span><br />
<span class="irc-date">[12:37]</span> <span class="irc-green">* tdonohue (~tdonohue@dspace/tdonohue) has joined #duraspace</span><br />
<span class="irc-date">[13:17]</span> <span class="irc-green">* mhwood (~mhwood@mhw.ulib.iupui.edu) has joined #duraspace</span><br />
<span class="irc-date">[17:13]</span> <span class="irc-navy">* dyelar (~dyelar@dyelar.mrb.ku.edu) Quit (Read error: Connection reset by peer)</span><br />
<span class="irc-date">[17:13]</span> <span class="irc-green">* dyelar (~dyelar@dyelar.mrb.ku.edu) has joined #duraspace</span><br />
<span class="irc-date">[17:23]</span> <span class="irc-green">* tdonohue (~tdonohue@dspace/tdonohue) has left #duraspace</span><br />
<span class="irc-date">[17:23]</span> <span class="irc-navy">* dyelar (~dyelar@dyelar.mrb.ku.edu) Quit (Quit: Leaving.)</span><br />
<span class="irc-date">[17:35]</span> <span class="irc-green">* dyelar (~dyelar@dyelar.mrb.ku.edu) has joined #duraspace</span><br />
<span class="irc-date">[17:44]</span> <span class="irc-navy">* dyelar (~dyelar@dyelar.mrb.ku.edu) Quit (Quit: Leaving.)</span><br />
<span class="irc-date">[22:03]</span> <span class="irc-navy">* mhwood (~mhwood@mhw.ulib.iupui.edu) Quit (Remote host closed the connection)</span><br />
