<span class="irc-date">[6:53]</span> <span class="irc-brown">-rajaniemi.freenode.net- *** Looking up your hostname...</span><br />
<span class="irc-date">[6:53]</span> <span class="irc-brown">-rajaniemi.freenode.net- *** Checking Ident</span><br />
<span class="irc-date">[6:53]</span> <span class="irc-brown">-rajaniemi.freenode.net- *** Found your hostname</span><br />
<span class="irc-date">[6:53]</span> <span class="irc-brown">-rajaniemi.freenode.net- *** No Ident response</span><br />
<span class="irc-date">[6:53]</span> <span class="irc-green">* DuraLogBot (~PircBot@webster.duraspace.org) has joined #duraspace</span><br />
<span class="irc-date">[6:53]</span> <span class="irc-green">* Topic is 'Welcome to DuraSpace IRC. This channel is used for formal meetings and is logged - <a href="http://irclogs.duraspace.org/'">http://irclogs.duraspace.org/'</a></span><br />
<span class="irc-date">[6:53]</span> <span class="irc-green">* Set by tdonohue on Thu Sep 15 17:49:38 UTC 2016</span><br />
<span class="irc-date">[13:55]</span> <span class="irc-green">* tdonohue (~tdonohue@c-98-220-55-31.hsd1.il.comcast.net) has joined #duraspace</span><br />
<span class="irc-date">[13:55]</span> <span class="irc-navy">* tdonohue (~tdonohue@c-98-220-55-31.hsd1.il.comcast.net) Quit (Changing host)</span><br />
<span class="irc-date">[13:55]</span> <span class="irc-green">* tdonohue (~tdonohue@dspace/tdonohue) has joined #duraspace</span><br />
<span class="irc-date">[14:07]</span> <span class="irc-green">* tdonohue (~tdonohue@dspace/tdonohue) has left #duraspace</span><br />
<span class="irc-date">[14:07]</span> <span class="irc-green">* tdonohue (~tdonohue@dspace/tdonohue) has joined #duraspace</span><br />
<span class="irc-date">[14:56]</span> <span class="irc-green">* dyelar (~dyelar@biolinux.mrb.ku.edu) has joined #duraspace</span><br />
<span class="irc-date">[16:45]</span> <span class="irc-navy">* mhwood (mwood@mhw.ulib.iupui.edu) Quit (Remote host closed the connection)</span><br />
<span class="irc-date">[16:46]</span> <span class="irc-green">* mhwood (mwood@mhw.ulib.iupui.edu) has joined #duraspace</span><br />
<span class="irc-date">[19:30]</span> <span class="irc-green">* th5 (~th5@unaffiliated/th5) has joined #duraspace</span><br />
<span class="irc-date">[21:30]</span> <span class="irc-navy">* th5 (~th5@unaffiliated/th5) Quit (Remote host closed the connection)</span><br />
<span class="irc-date">[22:17]</span> <span class="irc-navy">* mhwood (mwood@mhw.ulib.iupui.edu) Quit (Remote host closed the connection)</span><br />
<span class="irc-date">[22:42]</span> <span class="irc-navy">* misilot (~misilot@p-body.lib.fit.edu) Quit (*.net *.split)</span><br />
<span class="irc-date">[22:51]</span> <span class="irc-green">* misilot (~misilot@p-body.lib.fit.edu) has joined #duraspace</span><br />
<span class="irc-date">[22:55]</span> <span class="irc-navy">* tdonohue (~tdonohue@dspace/tdonohue) Quit (Read error: Connection reset by peer)</span><br />
