<span class="irc-date">[0:14]</span> <span class="irc-navy">* DSpaceSlackBot (~DSpaceSla@ec2-50-17-201-82.compute-1.amazonaws.com) Quit (Remote host closed the connection)</span><br />
<span class="irc-date">[0:14]</span> <span class="irc-green">* DSpaceSlackBot (~DSpaceSla@50.17.201.82) has joined #duraspace</span><br />
<span class="irc-date">[6:29]</span> <span class="irc-brown">-weber.freenode.net- *** Looking up your hostname...</span><br />
<span class="irc-date">[6:29]</span> <span class="irc-brown">-weber.freenode.net- *** Checking Ident</span><br />
<span class="irc-date">[6:29]</span> <span class="irc-brown">-weber.freenode.net- *** Found your hostname</span><br />
<span class="irc-date">[6:29]</span> <span class="irc-brown">-weber.freenode.net- *** No Ident response</span><br />
<span class="irc-date">[6:29]</span> <span class="irc-green">* DuraLogBot (~PircBot@webster.duraspace.org) has joined #duraspace</span><br />
<span class="irc-date">[6:29]</span> <span class="irc-green">* Topic is 'Welcome to DuraSpace IRC. This channel is used for formal meetings and is logged - <a href="http://irclogs.duraspace.org/'">http://irclogs.duraspace.org/'</a></span><br />
<span class="irc-date">[6:29]</span> <span class="irc-green">* Set by tdonohue on Thu Sep 15 17:49:38 UTC 2016</span><br />
<span class="irc-date">[12:19]</span> <span class="irc-green">* mhwood (~mhwood@mhw.ulib.iupui.edu) has joined #duraspace</span><br />
<span class="irc-date">[12:54]</span> <span class="irc-green">* tdonohue (~tdonohue@dspace/tdonohue) has joined #duraspace</span><br />
<span class="irc-date">[16:59]</span> <span class="irc-green">* dyelar (~dyelar@biolinux.mrb.ku.edu) has joined #duraspace</span><br />
<span class="irc-date">[20:58]</span> <span class="irc-navy">* mhwood (~mhwood@mhw.ulib.iupui.edu) Quit (Remote host closed the connection)</span><br />
<span class="irc-date">[21:54]</span> <span class="irc-navy">* tdonohue (~tdonohue@dspace/tdonohue) Quit (Read error: Connection reset by peer)</span><br />
<span class="irc-date">[22:10]</span> <span class="irc-navy">* DSpaceSlackBot (~DSpaceSla@50.17.201.82) Quit (Remote host closed the connection)</span><br />
<span class="irc-date">[22:15]</span> <span class="irc-green">* DSpaceSlackBot (~DSpaceSla@ec2-50-17-201-82.compute-1.amazonaws.com) has joined #duraspace</span><br />
<span class="irc-date">[22:18]</span> <span class="irc-navy">* DSpaceSlackBot (~DSpaceSla@ec2-50-17-201-82.compute-1.amazonaws.com) Quit (Remote host closed the connection)</span><br />
<span class="irc-date">[22:19]</span> <span class="irc-green">* DSpaceSlackBot (~DSpaceSla@ec2-50-17-201-82.compute-1.amazonaws.com) has joined #duraspace</span><br />
<span class="irc-date">[22:19]</span> <span class="irc-navy">* DSpaceSlackBot (~DSpaceSla@ec2-50-17-201-82.compute-1.amazonaws.com) Quit (Remote host closed the connection)</span><br />
<span class="irc-date">[22:20]</span> <span class="irc-green">* DSpaceSlackBot (~DSpaceSla@ec2-50-17-201-82.compute-1.amazonaws.com) has joined #duraspace</span><br />
<span class="irc-date">[22:20]</span> <span class="irc-navy">* DSpaceSlackBot (~DSpaceSla@ec2-50-17-201-82.compute-1.amazonaws.com) Quit (Remote host closed the connection)</span><br />
<span class="irc-date">[22:20]</span> <span class="irc-green">* DSpaceSlackBot (~DSpaceSla@ec2-50-17-201-82.compute-1.amazonaws.com) has joined #duraspace</span><br />
