<span class="irc-date">[6:42]</span> <span class="irc-brown">-adams.freenode.net- *** Looking up your hostname...</span><br />
<span class="irc-date">[6:42]</span> <span class="irc-brown">-adams.freenode.net- *** Checking Ident</span><br />
<span class="irc-date">[6:42]</span> <span class="irc-brown">-adams.freenode.net- *** Found your hostname</span><br />
<span class="irc-date">[6:42]</span> <span class="irc-brown">-adams.freenode.net- *** No Ident response</span><br />
<span class="irc-date">[6:42]</span> <span class="irc-green">* DuraLogBot (~PircBot@webster.duraspace.org) has joined #duraspace</span><br />
<span class="irc-date">[6:42]</span> <span class="irc-green">* Topic is 'Welcome to DuraSpace IRC. This channel is used for formal meetings and is logged - <a href="http://irclogs.duraspace.org/'">http://irclogs.duraspace.org/'</a></span><br />
<span class="irc-date">[6:42]</span> <span class="irc-green">* Set by tdonohue on Thu Sep 15 17:49:38 UTC 2016</span><br />
<span class="irc-date">[7:07]</span> <span class="irc-navy">* DSpaceSlackBot (~DSpaceSla@ec2-50-17-201-82.compute-1.amazonaws.com) Quit (Remote host closed the connection)</span><br />
<span class="irc-date">[7:07]</span> <span class="irc-navy">* kompewter (~kompewter@50.17.201.82) Quit (Remote host closed the connection)</span><br />
<span class="irc-date">[7:20]</span> <span class="irc-green">* DSpaceSlackBot (~DSpaceSla@ec2-50-17-201-82.compute-1.amazonaws.com) has joined #duraspace</span><br />
<span class="irc-date">[7:20]</span> <span class="irc-green">* kompewter (~kompewter@50.17.201.82) has joined #duraspace</span><br />
<span class="irc-date">[7:24]</span> <span class="irc-green">* DSpaceSlackBot1 (~DSpaceSla@ec2-50-17-201-82.compute-1.amazonaws.com) has joined #duraspace</span><br />
<span class="irc-date">[7:46]</span> <span class="irc-navy">* helix84 (~ctenar@unaffiliated/helix84) Quit (Quit: leaving)</span><br />
<span class="irc-date">[7:50]</span> <span class="irc-green">* helix84 (~ctenar@unaffiliated/helix84) has joined #duraspace</span><br />
<span class="irc-date">[7:57]</span> <span class="irc-navy">* helix84 (~ctenar@unaffiliated/helix84) Quit (Ping timeout: 264 seconds)</span><br />
<span class="irc-date">[7:57]</span> <span class="irc-green">* helix84 (~ctenar@unaffiliated/helix84) has joined #duraspace</span><br />
<span class="irc-date">[10:48]</span> <span class="irc-green">* DSpaceSlackBot3 (~DSpaceSla@ec2-50-17-201-82.compute-1.amazonaws.com) has joined #duraspace</span><br />
<span class="irc-date">[10:51]</span> <span class="irc-navy">* DSpaceSlackBot1 (~DSpaceSla@ec2-50-17-201-82.compute-1.amazonaws.com) Quit (Ping timeout: 240 seconds)</span><br />
<span class="irc-date">[12:15]</span> <span class="irc-green">* mhwood (~mhwood@mhw.ulib.iupui.edu) has joined #duraspace</span><br />
<span class="irc-date">[13:13]</span> <span class="irc-navy">* Disconnected.</span><br />
<span class="irc-date">[13:13]</span> <span class="irc-brown">-barjavel.freenode.net- *** Looking up your hostname...</span><br />
<span class="irc-date">[13:13]</span> <span class="irc-brown">-barjavel.freenode.net- *** Checking Ident</span><br />
<span class="irc-date">[13:13]</span> <span class="irc-brown">-barjavel.freenode.net- *** Found your hostname</span><br />
<span class="irc-date">[13:13]</span> <span class="irc-brown">-barjavel.freenode.net- *** No Ident response</span><br />
