<span class="irc-date">[0:15]</span> <span class="irc-navy">* bradmc (n=bradmc@207-172-69-79.c3-0.smr-ubr3.sbo-smr.ma.static.cable.rcn.com) Quit ()</span><br />
<span class="irc-date">[0:28]</span> <span class="irc-green">* bradmc (n=bradmc@207-172-69-79.c3-0.smr-ubr3.sbo-smr.ma.static.cable.rcn.com) has joined #duraspace</span><br />
<span class="irc-date">[1:00]</span> <span class="irc-navy">* bradmc (n=bradmc@207-172-69-79.c3-0.smr-ubr3.sbo-smr.ma.static.cable.rcn.com) Quit ()</span><br />
<span class="irc-date">[2:00]</span> <span class="irc-green">* ClaudiaJuergen (n=Miranda@pc5102.ub.uni-dortmund.de) has joined #duraspace</span><br />
<span class="irc-date">[2:00]</span> <span class="irc-black">&lt;ClaudiaJuergen&gt; good morning all</span><br />
<span class="irc-date">[8:16]</span> <span class="irc-green">* mhwood (i=mwood@mhw.ulib.iupui.edu) has joined #duraspace</span><br />
<span class="irc-date">[8:37]</span> <span class="irc-green">* bradmc (n=bradmc@207-172-69-79.c3-0.smr-ubr3.sbo-smr.ma.static.cable.rcn.com) has joined #duraspace</span><br />
<span class="irc-date">[8:49]</span> <span class="irc-green">* ksclarke (n=kevin@ip-152010148147.library.appstate.edu) has joined #duraspace</span><br />
<span class="irc-date">[10:47]</span> <span class="irc-black">&lt;ClaudiaJuergen&gt; hometime, bye</span><br />
<span class="irc-date">[10:47]</span> <span class="irc-navy">* ClaudiaJuergen (n=Miranda@pc5102.ub.uni-dortmund.de) Quit ("Miranda IM! Smaller, Faster, Easier. <a href="http://miranda-im.org")">http://miranda-im.org")</a></span><br />
<span class="irc-date">[12:57]</span> <span class="irc-navy">* bradmc (n=bradmc@207-172-69-79.c3-0.smr-ubr3.sbo-smr.ma.static.cable.rcn.com) Quit (Read error: 54 (Connection reset by peer))</span><br />
<span class="irc-date">[12:57]</span> <span class="irc-green">* bradmc (n=bradmc@207-172-69-79.c3-0.smr-ubr3.sbo-smr.ma.static.cable.rcn.com) has joined #duraspace</span><br />
<span class="irc-date">[14:24]</span> <span class="irc-navy">* bradmc (n=bradmc@207-172-69-79.c3-0.smr-ubr3.sbo-smr.ma.static.cable.rcn.com) Quit ()</span><br />
<span class="irc-date">[14:46]</span> <span class="irc-black">&lt;kshepherd&gt; hrm, why did I think there was a JIRA cleanup meeting again this morning&gt; :P</span><br />
<span class="irc-date">[14:46]</span> <span class="irc-brick">* kshepherd sinks back into bed</span><br />
<span class="irc-date">[15:14]</span> <span class="irc-green">* bradmc (n=bradmc@207-172-69-79.c3-0.smr-ubr3.sbo-smr.ma.static.cable.rcn.com) has joined #duraspace</span><br />
<span class="irc-date">[15:33]</span> <span class="irc-green">* grahamtriggs (n=grahamtr@cpc3-stev1-0-0-cust857.lutn.cable.ntl.com) has joined #duraspace</span><br />
<span class="irc-date">[15:33]</span> <span class="irc-navy">* grahamtriggs (n=grahamtr@cpc3-stev1-0-0-cust857.lutn.cable.ntl.com) Quit (Client Quit)</span><br />
<span class="irc-date">[15:33]</span> <span class="irc-green">* grahamtriggs (n=grahamtr@cpc3-stev1-0-0-cust857.lutn.cable.ntl.com) has joined #duraspace</span><br />
<span class="irc-date">[15:34]</span> <span class="irc-navy">* grahamtriggs (n=grahamtr@cpc3-stev1-0-0-cust857.lutn.cable.ntl.com) Quit (Client Quit)</span><br />
<span class="irc-date">[15:35]</span> <span class="irc-green">* grahamtriggs (n=grahamtr@cpc3-stev1-0-0-cust857.lutn.cable.ntl.com) has joined #duraspace</span><br />
<span class="irc-date">[17:13]</span> <span class="irc-green">* mhwood (i=mwood@mhw.ulib.iupui.edu) has left #duraspace</span><br />
<span class="irc-date">[17:18]</span> <span class="irc-navy">* ksclarke (n=kevin@ip-152010148147.library.appstate.edu) Quit ("Leaving.")</span><br />
<span class="irc-date">[18:05]</span> <span class="irc-navy">* grahamtriggs (n=grahamtr@cpc3-stev1-0-0-cust857.lutn.cable.ntl.com) Quit ()</span><br />
<span class="irc-date">[19:49]</span> <span class="irc-navy">* bradmc (n=bradmc@207-172-69-79.c3-0.smr-ubr3.sbo-smr.ma.static.cable.rcn.com) Quit ()</span><br />
<span class="irc-date">[21:32]</span> <span class="irc-green">* ksclarke (n=kevin@adsl-1-145-78.clt.bellsouth.net) has joined #duraspace</span><br />
<span class="irc-date">[23:14]</span> <span class="irc-green">* bradmc (n=bradmc@207-172-69-79.c3-0.smr-ubr3.sbo-smr.ma.static.cable.rcn.com) has joined #duraspace</span><br />
<span class="irc-date">[23:31]</span> <span class="irc-navy">* ksclarke (n=kevin@adsl-1-145-78.clt.bellsouth.net) Quit ("Leaving.")</span><br />
