<span class="irc-date">[3:34]</span> <span class="irc-navy">* bradmc (n=bradmc@1-1-1-40h.kt.gbg.bostream.se) Quit ()</span><br />
<span class="irc-date">[4:06]</span> <span class="irc-green">* DuraLogBot (n=PircBot@fedcommsrv1.nsdlib.org) has joined #duraspace</span><br />
<span class="irc-date">[4:06]</span> <span class="irc-green">* Topic is 'Welcome to DuraSpace - This channel is logged - <a href="http://duraspace.org/irclogs/'">http://duraspace.org/irclogs/'</a></span><br />
<span class="irc-date">[4:06]</span> <span class="irc-green">* Set by cwilper on Tue Jun 30 16:32:05 EDT 2009</span><br />
<span class="irc-date">[4:06]</span> <span class="irc-red">[freenode-connect VERSION]</span><br />
<span class="irc-date">[7:08]</span> <span class="irc-green">* awoods (n=awoods@pool-72-66-9-231.bltmmd.fios.verizon.net) has joined #duraspace</span><br />
<span class="irc-date">[8:11]</span> <span class="irc-green">* mhwood (i=mwood@mhw.ulib.iupui.edu) has joined #duraspace</span><br />
<span class="irc-date">[9:24]</span> <span class="irc-green">* ksclarke (n=kevin@ip-152010148147.library.appstate.edu) has joined #duraspace</span><br />
<span class="irc-date">[11:22]</span> <span class="irc-green">* michaeldb (n=michaeld@CPE002436a25b34-CM000a739b087e.cpe.net.cable.rogers.com) has joined #duraspace</span><br />
<span class="irc-date">[13:06]</span> <span class="irc-green">* justben (n=ben@hypatia.library.emory.edu) has joined #duraspace</span><br />
<span class="irc-date">[13:32]</span> <span class="irc-green">* bradmc (n=bradmc@1-1-1-40h.kt.gbg.bostream.se) has joined #duraspace</span><br />
<span class="irc-date">[14:33]</span> <span class="irc-navy">* awoods (n=awoods@pool-72-66-9-231.bltmmd.fios.verizon.net) Quit (Read error: 104 (Connection reset by peer))</span><br />
<span class="irc-date">[15:05]</span> <span class="irc-green">* quoll (n=quoll@c-98-249-18-172.hsd1.va.comcast.net) has left #duraspace</span><br />
<span class="irc-date">[16:20]</span> <span class="irc-navy">* michaeldb (n=michaeld@CPE002436a25b34-CM000a739b087e.cpe.net.cable.rogers.com) Quit ()</span><br />
<span class="irc-date">[16:46]</span> <span class="irc-navy">* mhwood (i=mwood@mhw.ulib.iupui.edu) Quit (Remote closed the connection)</span><br />
<span class="irc-date">[17:14]</span> <span class="irc-navy">* ksclarke (n=kevin@ip-152010148147.library.appstate.edu) Quit (Remote closed the connection)</span><br />
<span class="irc-date">[17:16]</span> <span class="irc-navy">* bradmc (n=bradmc@1-1-1-40h.kt.gbg.bostream.se) Quit (Read error: 110 (Connection timed out))</span><br />
<span class="irc-date">[17:45]</span> <span class="irc-green">* stuartlewis (n=stuartle@1-1-16-24a.kt.gbg.bostream.se) has joined #duraspace</span><br />
<span class="irc-date">[17:45]</span> <span class="irc-navy">* stuartlewis (n=stuartle@1-1-16-24a.kt.gbg.bostream.se) Quit (Client Quit)</span><br />
<span class="irc-date">[17:53]</span> <span class="irc-green">* bradmc (n=bradmc@1-1-1-40h.kt.gbg.bostream.se) has joined #duraspace</span><br />
<span class="irc-date">[18:02]</span> <span class="irc-green">* ksclarke (n=kevin@adsl-222-143-8.clt.bellsouth.net) has joined #duraspace</span><br />
<span class="irc-date">[19:32]</span> <span class="irc-navy">* justben (n=ben@hypatia.library.emory.edu) Quit ("Leaving.")</span><br />
<span class="irc-date">[22:01]</span> <span class="irc-green">* bradmc_ (n=bradmc@1-1-1-40h.kt.gbg.bostream.se) has joined #duraspace</span><br />
<span class="irc-date">[22:02]</span> <span class="irc-navy">* bradmc (n=bradmc@1-1-1-40h.kt.gbg.bostream.se) Quit (Read error: 104 (Connection reset by peer))</span><br />
<span class="irc-date">[22:02]</span> <span class="irc-green">* bradmc_ is now known as bradmc</span><br />
<span class="irc-date">[23:49]</span> <span class="irc-green">* stuartlewis (n=stuartle@1-1-16-24a.kt.gbg.bostream.se) has joined #duraspace</span><br />
