<span class="irc-date">[0:31]</span> <span class="irc-navy">* ksclarke (n=kevin@adsl-222-143-8.clt.bellsouth.net) Quit (Read error: 110 (Connection timed out))</span><br />
<span class="irc-date">[1:50]</span> <span class="irc-navy">* bradmc (n=bradmc@1-1-1-40h.kt.gbg.bostream.se) Quit (Read error: 110 (Connection timed out))</span><br />
<span class="irc-date">[3:33]</span> <span class="irc-green">* ClaudiaJuergen (n=Miranda@129.217.135.102) has joined #duraspace</span><br />
<span class="irc-date">[4:07]</span> <span class="irc-red">[freenode-connect VERSION]</span><br />
<span class="irc-date">[4:07]</span> <span class="irc-green">* DuraLogBot (n=PircBot@fedcommsrv1.nsdlib.org) has joined #duraspace</span><br />
<span class="irc-date">[4:07]</span> <span class="irc-green">* Topic is 'Welcome to DuraSpace - This channel is logged - <a href="http://duraspace.org/irclogs/'">http://duraspace.org/irclogs/'</a></span><br />
<span class="irc-date">[4:07]</span> <span class="irc-green">* Set by cwilper on Tue Jun 30 16:32:05 EDT 2009</span><br />
<span class="irc-date">[7:33]</span> <span class="irc-navy">* ClaudiaJuergen (n=Miranda@129.217.135.102) Quit ("Miranda IM! Smaller, Faster, Easier. <a href="http://miranda-im.org")">http://miranda-im.org")</a></span><br />
<span class="irc-date">[8:02]</span> <span class="irc-green">* mhwood (i=mwood@mhw.ulib.iupui.edu) has joined #duraspace</span><br />
<span class="irc-date">[9:43]</span> <span class="irc-green">* bradmc (n=bradmc@1-1-1-40h.kt.gbg.bostream.se) has joined #duraspace</span><br />
<span class="irc-date">[9:53]</span> <span class="irc-green">* justben (n=ben@hypatia.library.emory.edu) has joined #duraspace</span><br />
<span class="irc-date">[11:02]</span> <span class="irc-green">* ksclarke (n=kevin@ip-152010148147.library.appstate.edu) has joined #duraspace</span><br />
<span class="irc-date">[13:36]</span> <span class="irc-green">* mbklein_ (n=mbklein@128-193-151-85.oregonstate.edu) has joined #duraspace</span><br />
<span class="irc-date">[13:42]</span> <span class="irc-navy">* mbklein_ (n=mbklein@128-193-151-85.oregonstate.edu) Quit (Nick collision from services.)</span><br />
<span class="irc-date">[14:33]</span> <span class="irc-navy">* ksclarke (n=kevin@ip-152010148147.library.appstate.edu) Quit ("Leaving.")</span><br />
<span class="irc-date">[15:19]</span> <span class="irc-navy">* bradmc (n=bradmc@1-1-1-40h.kt.gbg.bostream.se) Quit (Read error: 110 (Connection timed out))</span><br />
<span class="irc-date">[16:32]</span> <span class="irc-navy">* mhwood (i=mwood@mhw.ulib.iupui.edu) Quit (Remote closed the connection)</span><br />
<span class="irc-date">[18:01]</span> <span class="irc-navy">* justben (n=ben@hypatia.library.emory.edu) Quit ("Leaving.")</span><br />
<span class="irc-date">[20:02]</span> <span class="irc-green">* bradmc (n=bradmc@1-1-1-40h.kt.gbg.bostream.se) has joined #duraspace</span><br />
<span class="irc-date">[20:36]</span> <span class="irc-green">* ksclarke (n=kevin@adsl-222-143-8.clt.bellsouth.net) has joined #duraspace</span><br />
<span class="irc-date">[22:00]</span> <span class="irc-navy">* bradmc (n=bradmc@1-1-1-40h.kt.gbg.bostream.se) Quit (Read error: 60 (Operation timed out))</span><br />
<span class="irc-date">[22:01]</span> <span class="irc-navy">* ksclarke (n=kevin@adsl-222-143-8.clt.bellsouth.net) Quit ("Leaving.")</span><br />
<span class="irc-date">[22:01]</span> <span class="irc-green">* bradmc (n=bradmc@1-1-1-40h.kt.gbg.bostream.se) has joined #duraspace</span><br />
