<span class="irc-date">[4:07]</span> <span class="irc-green">* DuraLogBot (n=PircBot@fedcommsrv1.nsdlib.org) has joined #duraspace</span><br />
<span class="irc-date">[4:07]</span> <span class="irc-green">* Topic is 'Welcome to DuraSpace - This channel is logged - <a href="http://duraspace.org/irclogs/'">http://duraspace.org/irclogs/'</a></span><br />
<span class="irc-date">[4:07]</span> <span class="irc-green">* Set by cwilper on Tue Jun 30 16:32:05 EDT 2009</span><br />
<span class="irc-date">[7:38]</span> <span class="irc-navy">* bradmc (n=bradmc@rrcs-208-105-225-103.nys.biz.rr.com) Quit ()</span><br />
<span class="irc-date">[8:06]</span> <span class="irc-green">* mhwood (i=mwood@mhw.ulib.iupui.edu) has joined #duraspace</span><br />
<span class="irc-date">[9:15]</span> <span class="irc-green">* bradmc (n=bradmc@rrdhcp60-304.redrover.cornell.edu) has joined #duraspace</span><br />
<span class="irc-date">[9:30]</span> <span class="irc-green">* tdonohue (n=tdonohue@c-98-228-50-55.hsd1.il.comcast.net) has joined #duraspace</span><br />
<span class="irc-date">[12:56]</span> <span class="irc-green">* cwilper (n=cwilper@rrdhcp-68-245.redrover.cornell.edu) has joined #duraspace</span><br />
<span class="irc-date">[13:34]</span> <span class="irc-green">* cbeer (n=cbeer@146.115.109.46) has joined #duraspace</span><br />
<span class="irc-date">[14:41]</span> <span class="irc-navy">* mhwood (i=mwood@mhw.ulib.iupui.edu) Quit (Remote closed the connection)</span><br />
<span class="irc-date">[14:46]</span> <span class="irc-green">* mhwood (i=mwood@mhw.ulib.iupui.edu) has joined #duraspace</span><br />
<span class="irc-date">[14:48]</span> <span class="irc-navy">* cwilper (n=cwilper@rrdhcp-68-245.redrover.cornell.edu) Quit (brown.freenode.net irc.freenode.net)</span><br />
<span class="irc-date">[14:52]</span> <span class="irc-green">* cwilper (n=cwilper@rrdhcp-68-245.redrover.cornell.edu) has joined #duraspace</span><br />
<span class="irc-date">[14:53]</span> <span class="irc-navy">* greg-g (i=greg@ubuntu/member/greg-g) Quit (brown.freenode.net irc.freenode.net)</span><br />
<span class="irc-date">[15:00]</span> <span class="irc-navy">* tdonohue (n=tdonohue@c-98-228-50-55.hsd1.il.comcast.net) Quit ("Leaving.")</span><br />
<span class="irc-date">[15:24]</span> <span class="irc-green">* greg-g (i=greg@ubuntu/member/greg-g) has joined #duraspace</span><br />
<span class="irc-date">[15:28]</span> <span class="irc-green">* tdonohue (n=tdonohue@c-98-228-50-55.hsd1.il.comcast.net) has joined #duraspace</span><br />
<span class="irc-date">[15:54]</span> <span class="irc-navy">* kshepherd (i=kim@ec2-174-129-179-33.compute-1.amazonaws.com) Quit (brown.freenode.net irc.freenode.net)</span><br />
<span class="irc-date">[15:54]</span> <span class="irc-navy">* tjohnson (n=chatzill@c-67-171-28-159.hsd1.wa.comcast.net) Quit (brown.freenode.net irc.freenode.net)</span><br />
<span class="irc-date">[15:54]</span> <span class="irc-navy">* cwilper (n=cwilper@rrdhcp-68-245.redrover.cornell.edu) Quit ("Leaving")</span><br />
<span class="irc-date">[15:55]</span> <span class="irc-green">* kshepherd (i=kim@ec2-174-129-179-33.compute-1.amazonaws.com) has joined #duraspace</span><br />
<span class="irc-date">[15:55]</span> <span class="irc-green">* tjohnson (n=chatzill@c-67-171-28-159.hsd1.wa.comcast.net) has joined #duraspace</span><br />
<span class="irc-date">[16:31]</span> <span class="irc-navy">* mhwood (i=mwood@mhw.ulib.iupui.edu) Quit (Remote closed the connection)</span><br />
<span class="irc-date">[16:33]</span> <span class="irc-navy">* greg-g (i=greg@ubuntu/member/greg-g) Quit (brown.freenode.net irc.freenode.net)</span><br />
<span class="irc-date">[16:37]</span> <span class="irc-green">* greg-g (i=greg@ubuntu/member/greg-g) has joined #duraspace</span><br />
<span class="irc-date">[16:51]</span> <span class="irc-navy">* tjohnson (n=chatzill@c-67-171-28-159.hsd1.wa.comcast.net) Quit (brown.freenode.net irc.freenode.net)</span><br />
<span class="irc-date">[16:51]</span> <span class="irc-navy">* kshepherd (i=kim@ec2-174-129-179-33.compute-1.amazonaws.com) Quit (brown.freenode.net irc.freenode.net)</span><br />
<span class="irc-date">[16:51]</span> <span class="irc-navy">* bradmc (n=bradmc@rrdhcp60-304.redrover.cornell.edu) Quit ()</span><br />
<span class="irc-date">[16:54]</span> <span class="irc-navy">* tdonohue (n=tdonohue@c-98-228-50-55.hsd1.il.comcast.net) Quit (Read error: 104 (Connection reset by peer))</span><br />
<span class="irc-date">[16:54]</span> <span class="irc-green">* tdonohue (n=tdonohue@c-98-228-50-55.hsd1.il.comcast.net) has joined #duraspace</span><br />
<span class="irc-date">[16:56]</span> <span class="irc-green">* kshepherd (i=kim@ec2-174-129-179-33.compute-1.amazonaws.com) has joined #duraspace</span><br />
<span class="irc-date">[16:56]</span> <span class="irc-green">* tjohnson (n=chatzill@c-67-171-28-159.hsd1.wa.comcast.net) has joined #duraspace</span><br />
<span class="irc-date">[17:07]</span> <span class="irc-navy">* barmintor (i=barminto@specdl11.cul.columbia.edu) Quit ()</span><br />
<span class="irc-date">[18:05]</span> <span class="irc-green">* tdonohue (n=tdonohue@c-98-228-50-55.hsd1.il.comcast.net) has left #duraspace</span><br />
<span class="irc-date">[19:31]</span> <span class="irc-navy">* PeterDietz (n=PeterDie@ACK5859s3.lib.ohio-state.edu) Quit ("Leaving")</span><br />
