<span class="irc-date">[0:10]</span> <span class="irc-navy">* michaeldb (n=michaeld@CPE002436a25b34-CM000a739b087e.cpe.net.cable.rogers.com) Quit ("Leaving...")</span><br />
<span class="irc-date">[0:13]</span> <span class="irc-green">* michaeldb (n=michaeld@CPE002436a25b34-CM000a739b087e.cpe.net.cable.rogers.com) has joined #duraspace</span><br />
<span class="irc-date">[0:23]</span> <span class="irc-navy">* michaeldb (n=michaeld@CPE002436a25b34-CM000a739b087e.cpe.net.cable.rogers.com) Quit ("Leaving...")</span><br />
<span class="irc-date">[3:27]</span> <span class="irc-navy">* kshepherd (i=kim@ec2-174-129-179-33.compute-1.amazonaws.com) Quit (leguin.freenode.net irc.freenode.net)</span><br />
<span class="irc-date">[3:27]</span> <span class="irc-navy">* ChanServ (ChanServ@services.) Quit (leguin.freenode.net irc.freenode.net)</span><br />
<span class="irc-date">[3:27]</span> <span class="irc-navy">* krnl__ (i=krnl_@193.219.158.144) Quit (leguin.freenode.net irc.freenode.net)</span><br />
<span class="irc-date">[3:27]</span> <span class="irc-green">* ChanServ (ChanServ@services.) has joined #duraspace</span><br />
<span class="irc-date">[3:27]</span> <span class="irc-green">* kshepherd (i=kim@ec2-174-129-179-33.compute-1.amazonaws.com) has joined #duraspace</span><br />
<span class="irc-date">[3:27]</span> <span class="irc-green">* krnl__ (i=krnl_@193.219.158.144) has joined #duraspace</span><br />
<span class="irc-date">[3:46]</span> <span class="irc-navy">* kshepherd (i=kim@ec2-174-129-179-33.compute-1.amazonaws.com) Quit (leguin.freenode.net irc.freenode.net)</span><br />
<span class="irc-date">[3:46]</span> <span class="irc-navy">* ChanServ (ChanServ@services.) Quit (leguin.freenode.net irc.freenode.net)</span><br />
<span class="irc-date">[3:46]</span> <span class="irc-navy">* krnl__ (i=krnl_@193.219.158.144) Quit (leguin.freenode.net irc.freenode.net)</span><br />
<span class="irc-date">[4:08]</span> <span class="irc-green">* DuraLogBot (n=PircBot@fedcommsrv1.nsdlib.org) has joined #duraspace</span><br />
<span class="irc-date">[4:08]</span> <span class="irc-green">* Topic is 'Welcome to DuraSpace - This channel is logged - <a href="http://duraspace.org/irclogs/'">http://duraspace.org/irclogs/'</a></span><br />
<span class="irc-date">[4:08]</span> <span class="irc-green">* Set by cwilper on Tue Jun 30 16:32:05 EDT 2009</span><br />
<span class="irc-date">[4:28]</span> <span class="irc-brown">-christel- [Global Notice] Hi all, we appear to have some routing issues between our US and EU servers, we're looking into it and will hopefully have a workaround shortly! Apologies for the inconvenience and thank you for using freenode.</span><br />
<span class="irc-date">[4:35]</span> <span class="irc-green">* kshepherd (i=kim@ec2-174-129-179-33.compute-1.amazonaws.com) has joined #duraspace</span><br />
<span class="irc-date">[4:35]</span> <span class="irc-green">* krnl__ (i=krnl_@193.219.158.144) has joined #duraspace</span><br />
<span class="irc-date">[4:36]</span> <span class="irc-green">* ChanServ (ChanServ@services.) has joined #duraspace</span><br />
<span class="irc-date">[10:36]</span> <span class="irc-green">* ksclarke (n=kevin@adsl-21-143-19.clt.bellsouth.net) has joined #duraspace</span><br />
<span class="irc-date">[15:16]</span> <span class="irc-green">* stuartlewis (n=stuartle@gendiglt02.lbr.auckland.ac.nz) has joined #duraspace</span><br />
<span class="irc-date">[17:30]</span> <span class="irc-green">* michaeldb (n=michaeld@CPE002436a25b34-CM000a739b087e.cpe.net.cable.rogers.com) has joined #duraspace</span><br />
<span class="irc-date">[17:56]</span> <span class="irc-navy">* michaeldb (n=michaeld@CPE002436a25b34-CM000a739b087e.cpe.net.cable.rogers.com) Quit ("Leaving...")</span><br />
<span class="irc-date">[18:17]</span> <span class="irc-navy">* stuartlewis (n=stuartle@gendiglt02.lbr.auckland.ac.nz) Quit ()</span><br />
<span class="irc-date">[18:22]</span> <span class="irc-green">* stuartlewis (n=stuartle@gendiglt02.lbr.auckland.ac.nz) has joined #duraspace</span><br />
<span class="irc-date">[18:27]</span> <span class="irc-navy">* stuartlewis (n=stuartle@gendiglt02.lbr.auckland.ac.nz) Quit (Client Quit)</span><br />
<span class="irc-date">[18:39]</span> <span class="irc-green">* bradmc_ (n=bradmc@207-172-69-79.c3-0.smr-ubr3.sbo-smr.ma.static.cable.rcn.com) has joined #duraspace</span><br />
<span class="irc-date">[18:41]</span> <span class="irc-navy">* bradmc (n=bradmc@207-172-69-79.c3-0.smr-ubr3.sbo-smr.ma.static.cable.rcn.com) Quit (Read error: 104 (Connection reset by peer))</span><br />
<span class="irc-date">[18:41]</span> <span class="irc-green">* bradmc_ is now known as bradmc</span><br />
<span class="irc-date">[20:13]</span> <span class="irc-green">* stuartlewis (n=stuartle@gendiglt02.lbr.auckland.ac.nz) has joined #duraspace</span><br />
<span class="irc-date">[21:15]</span> <span class="irc-green">* michaeldb (n=michaeld@CPE002436a25b34-CM000a739b087e.cpe.net.cable.rogers.com) has joined #duraspace</span><br />
<span class="irc-date">[21:50]</span> <span class="irc-navy">* michaeldb (n=michaeld@CPE002436a25b34-CM000a739b087e.cpe.net.cable.rogers.com) Quit ("Leaving...")</span><br />
<span class="irc-date">[21:54]</span> <span class="irc-green">* michaeldb (n=michaeld@CPE002436a25b34-CM000a739b087e.cpe.net.cable.rogers.com) has joined #duraspace</span><br />
<span class="irc-date">[21:54]</span> <span class="irc-navy">* michaeldb (n=michaeld@CPE002436a25b34-CM000a739b087e.cpe.net.cable.rogers.com) Quit (Client Quit)</span><br />
<span class="irc-date">[21:55]</span> <span class="irc-green">* michaeldb (n=michaeld@CPE002436a25b34-CM000a739b087e.cpe.net.cable.rogers.com) has joined #duraspace</span><br />
<span class="irc-date">[22:02]</span> <span class="irc-navy">* bradmc (n=bradmc@207-172-69-79.c3-0.smr-ubr3.sbo-smr.ma.static.cable.rcn.com) Quit (Read error: 104 (Connection reset by peer))</span><br />
<span class="irc-date">[22:08]</span> <span class="irc-green">* bradmc (n=bradmc@207-172-69-79.c3-0.smr-ubr3.sbo-smr.ma.static.cable.rcn.com) has joined #duraspace</span><br />
<span class="irc-date">[23:02]</span> <span class="irc-navy">* michaeldb (n=michaeld@CPE002436a25b34-CM000a739b087e.cpe.net.cable.rogers.com) Quit ("Leaving...")</span><br />
<span class="irc-date">[23:08]</span> <span class="irc-green">* michaeldb (n=michaeld@CPE002436a25b34-CM000a739b087e.cpe.net.cable.rogers.com) has joined #duraspace</span><br />
<span class="irc-date">[23:27]</span> <span class="irc-navy">* michaeldb (n=michaeld@CPE002436a25b34-CM000a739b087e.cpe.net.cable.rogers.com) Quit ("Leaving...")</span><br />
<span class="irc-date">[23:49]</span> <span class="irc-navy">* ksclarke (n=kevin@adsl-21-143-19.clt.bellsouth.net) Quit ("Leaving.")</span><br />
