<span class="irc-date">[0:31]</span> <span class="irc-green">* mdiggory (n=mdiggory@cpe-76-176-188-83.san.res.rr.com) has joined #duraspace</span><br />
<span class="irc-date">[0:53]</span> <span class="irc-navy">* awoods_ (n=awoods@pool-72-66-9-76.bltmmd.fios.verizon.net) Quit (Read error: 110 (Connection timed out))</span><br />
<span class="irc-date">[4:48]</span> <span class="irc-green">* grahamtriggs (n=trig01@195.128.10.96) has joined #duraspace</span><br />
<span class="irc-date">[7:18]</span> <span class="irc-green">* bradmc (n=bradmc@c1-fw.constantcontact.com) has joined #duraspace</span><br />
<span class="irc-date">[7:22]</span> <span class="irc-navy">* bradmc (n=bradmc@c1-fw.constantcontact.com) Quit (Client Quit)</span><br />
<span class="irc-date">[8:10]</span> <span class="irc-green">* awoods_ (n=awoods@pool-72-66-9-76.bltmmd.fios.verizon.net) has joined #duraspace</span><br />
<span class="irc-date">[8:26]</span> <span class="irc-green">* mhwood (i=mwood@mhw.ulib.iupui.edu) has joined #duraspace</span><br />
<span class="irc-date">[10:28]</span> <span class="irc-green">* mdiggory_ (n=mdiggory@cpe-76-176-188-83.san.res.rr.com) has joined #duraspace</span><br />
<span class="irc-date">[10:28]</span> <span class="irc-navy">* mdiggory (n=mdiggory@cpe-76-176-188-83.san.res.rr.com) Quit (Read error: 104 (Connection reset by peer))</span><br />
<span class="irc-date">[11:08]</span> <span class="irc-navy">* mdiggory_ (n=mdiggory@cpe-76-176-188-83.san.res.rr.com) Quit (leguin.freenode.net irc.freenode.net)</span><br />
<span class="irc-date">[11:13]</span> <span class="irc-green">* mdiggory (n=mdiggory@cpe-76-176-188-83.san.res.rr.com) has joined #duraspace</span><br />
<span class="irc-date">[12:24]</span> <span class="irc-navy">* mdiggory (n=mdiggory@cpe-76-176-188-83.san.res.rr.com) Quit ()</span><br />
<span class="irc-date">[12:28]</span> <span class="irc-green">* bradmc (n=bradmc@c1-fw.constantcontact.com) has joined #duraspace</span><br />
<span class="irc-date">[12:48]</span> <span class="irc-navy">* bradmc (n=bradmc@c1-fw.constantcontact.com) Quit ()</span><br />
<span class="irc-date">[13:04]</span> <span class="irc-green">* grahamtriggs (n=trig01@195.128.10.96) has left #duraspace</span><br />
<span class="irc-date">[13:31]</span> <span class="irc-green">* mdiggory (n=mdiggory@64.50.88.162.ptr.us.xo.net) has joined #duraspace</span><br />
<span class="irc-date">[13:46]</span> <span class="irc-green">* bradmc (n=bradmc@207-172-69-79.c3-0.smr-ubr3.sbo-smr.ma.static.cable.rcn.com) has joined #duraspace</span><br />
<span class="irc-date">[17:08]</span> <span class="irc-green">* mhwood (i=mwood@mhw.ulib.iupui.edu) has left #duraspace</span><br />
<span class="irc-date">[19:33]</span> <span class="irc-navy">* awoods_ (n=awoods@pool-72-66-9-76.bltmmd.fios.verizon.net) Quit (Read error: 113 (No route to host))</span><br />
<span class="irc-date">[20:53]</span> <span class="irc-navy">* mdiggory (n=mdiggory@64.50.88.162.ptr.us.xo.net) Quit ()</span><br />
<span class="irc-date">[21:21]</span> <span class="irc-green">* mdiggory (n=mdiggory@cpe-76-176-188-83.san.res.rr.com) has joined #duraspace</span><br />
<span class="irc-date">[21:29]</span> <span class="irc-green">* mdiggory_ (n=mdiggory@cpe-76-176-188-83.san.res.rr.com) has joined #duraspace</span><br />
<span class="irc-date">[21:29]</span> <span class="irc-navy">* mdiggory (n=mdiggory@cpe-76-176-188-83.san.res.rr.com) Quit (Read error: 104 (Connection reset by peer))</span><br />
<span class="irc-date">[22:35]</span> <span class="irc-navy">* bradmc (n=bradmc@207-172-69-79.c3-0.smr-ubr3.sbo-smr.ma.static.cable.rcn.com) Quit ()</span><br />
<span class="irc-date">[23:01]</span> <span class="irc-green">* bradmc (n=bradmc@207-172-69-79.c3-0.smr-ubr3.sbo-smr.ma.static.cable.rcn.com) has joined #duraspace</span><br />
<span class="irc-date">[23:21]</span> <span class="irc-navy">* mdiggory_ (n=mdiggory@cpe-76-176-188-83.san.res.rr.com) Quit (leguin.freenode.net irc.freenode.net)</span><br />
<span class="irc-date">[23:21]</span> <span class="irc-navy">* ChanServ (ChanServ@services.) Quit (leguin.freenode.net irc.freenode.net)</span><br />
<span class="irc-date">[23:22]</span> <span class="irc-green">* ChanServ (ChanServ@services.) has joined #duraspace</span><br />
<span class="irc-date">[23:22]</span> <span class="irc-green">* mdiggory_ (n=mdiggory@cpe-76-176-188-83.san.res.rr.com) has joined #duraspace</span><br />
