<span class="irc-date">[4:08]</span> <span class="irc-red">[freenode-connect VERSION]</span><br />
<span class="irc-date">[4:08]</span> <span class="irc-green">* DuraLogBot (n=PircBot@fedcommsrv1.nsdlib.org) has joined #duraspace</span><br />
<span class="irc-date">[4:08]</span> <span class="irc-green">* Topic is 'Welcome to DuraSpace - This channel is logged - <a href="http://duraspace.org/irclogs/'">http://duraspace.org/irclogs/'</a></span><br />
<span class="irc-date">[4:08]</span> <span class="irc-green">* Set by cwilper on Tue Jun 30 16:32:05 EDT 2009</span><br />
<span class="irc-date">[4:14]</span> <span class="irc-navy">* bradmc (n=bradmc@207-172-69-79.c3-0.smr-ubr3.sbo-smr.ma.static.cable.rcn.com) Quit (Read error: 54 (Connection reset by peer))</span><br />
<span class="irc-date">[4:14]</span> <span class="irc-green">* bradmc_ (n=bradmc@207-172-69-79.c3-0.smr-ubr3.sbo-smr.ma.static.cable.rcn.com) has joined #duraspace</span><br />
<span class="irc-date">[4:14]</span> <span class="irc-green">* bradmc_ is now known as bradmc</span><br />
<span class="irc-date">[9:20]</span> <span class="irc-navy">* greg-g (i=greg@ubuntu/member/greg-g) Quit (zelazny.freenode.net irc.freenode.net)</span><br />
<span class="irc-date">[9:20]</span> <span class="irc-navy">* kshepherd (i=kim@ec2-174-129-179-33.compute-1.amazonaws.com) Quit (zelazny.freenode.net irc.freenode.net)</span><br />
<span class="irc-date">[9:20]</span> <span class="irc-navy">* tjohnson (n=chatzill@c-67-171-28-159.hsd1.wa.comcast.net) Quit (zelazny.freenode.net irc.freenode.net)</span><br />
<span class="irc-date">[9:22]</span> <span class="irc-green">* greg-g (i=greg@ubuntu/member/greg-g) has joined #duraspace</span><br />
<span class="irc-date">[9:22]</span> <span class="irc-green">* tjohnson (n=chatzill@c-67-171-28-159.hsd1.wa.comcast.net) has joined #duraspace</span><br />
<span class="irc-date">[9:22]</span> <span class="irc-green">* kshepherd (i=kim@ec2-174-129-179-33.compute-1.amazonaws.com) has joined #duraspace</span><br />
<span class="irc-date">[10:30]</span> <span class="irc-navy">* bradmc (n=bradmc@207-172-69-79.c3-0.smr-ubr3.sbo-smr.ma.static.cable.rcn.com) Quit (Read error: 104 (Connection reset by peer))</span><br />
<span class="irc-date">[10:30]</span> <span class="irc-green">* bradmc_ (n=bradmc@207-172-69-79.c3-0.smr-ubr3.sbo-smr.ma.static.cable.rcn.com) has joined #duraspace</span><br />
<span class="irc-date">[10:30]</span> <span class="irc-green">* bradmc_ is now known as bradmc</span><br />
<span class="irc-date">[15:26]</span> <span class="irc-green">* stuartlewis (n=stuartle@gendiglt02.lbr.auckland.ac.nz) has joined #duraspace</span><br />
<span class="irc-date">[16:13]</span> <span class="irc-green">* snail1 (n=stuart@130.195.178.61) has joined #duraspace</span><br />
<span class="irc-date">[16:13]</span> <span class="irc-navy">* snail (n=stuart@130.195.178.61) Quit (Read error: 110 (Connection timed out))</span><br />
<span class="irc-date">[16:14]</span> <span class="irc-green">* snail1 is now known as snail</span><br />
<span class="irc-date">[19:00]</span> <span class="irc-navy">* bradmc (n=bradmc@207-172-69-79.c3-0.smr-ubr3.sbo-smr.ma.static.cable.rcn.com) Quit (Read error: 104 (Connection reset by peer))</span><br />
<span class="irc-date">[19:00]</span> <span class="irc-green">* bradmc_ (n=bradmc@207-172-69-79.c3-0.smr-ubr3.sbo-smr.ma.static.cable.rcn.com) has joined #duraspace</span><br />
<span class="irc-date">[19:00]</span> <span class="irc-green">* bradmc_ is now known as bradmc</span><br />
<span class="irc-date">[22:56]</span> <span class="irc-navy">* bradmc (n=bradmc@207-172-69-79.c3-0.smr-ubr3.sbo-smr.ma.static.cable.rcn.com) Quit (Read error: 104 (Connection reset by peer))</span><br />
<span class="irc-date">[23:06]</span> <span class="irc-green">* bradmc (n=bradmc@207-172-69-79.c3-0.smr-ubr3.sbo-smr.ma.static.cable.rcn.com) has joined #duraspace</span><br />
