<span class="irc-date">[0:28]</span> <span class="irc-navy">* stuartlewis (n=stuartle@gendiglt02.lbr.auckland.ac.nz) Quit ()</span><br />
<span class="irc-date">[1:08]</span> <span class="irc-navy">* ksclarke (n=kevin@adsl-1-145-78.clt.bellsouth.net) Quit ("Leaving.")</span><br />
<span class="irc-date">[2:24]</span> <span class="irc-green">* ClaudiaJuergen (n=Miranda@pc5102.ub.uni-dortmund.de) has joined #duraspace</span><br />
<span class="irc-date">[2:24]</span> <span class="irc-black">&lt;ClaudiaJuergen&gt; good morning all</span><br />
<span class="irc-date">[4:13]</span> <span class="irc-green">* DuraLogBot (n=PircBot@fedcommsrv1.nsdlib.org) has joined #duraspace</span><br />
<span class="irc-date">[4:13]</span> <span class="irc-green">* Topic is 'Welcome to DuraSpace - This channel is logged - <a href="http://duraspace.org/irclogs/'">http://duraspace.org/irclogs/'</a></span><br />
<span class="irc-date">[4:13]</span> <span class="irc-green">* Set by cwilper on Tue Jun 30 16:32:05 EDT 2009</span><br />
<span class="irc-date">[4:13]</span> <span class="irc-red">[freenode-connect VERSION]</span><br />
<span class="irc-date">[5:07]</span> <span class="irc-green">* grahamtriggs (n=trig01@195.128.10.96) has joined #duraspace</span><br />
<span class="irc-date">[8:01]</span> <span class="irc-green">* mhwood (i=mwood@mhw.ulib.iupui.edu) has joined #duraspace</span><br />
<span class="irc-date">[8:01]</span> <span class="irc-navy">* bradmc (n=bradmc@207-172-69-79.c3-0.smr-ubr3.sbo-smr.ma.static.cable.rcn.com) Quit (Read error: 104 (Connection reset by peer))</span><br />
<span class="irc-date">[8:02]</span> <span class="irc-green">* bradmc (n=bradmc@207-172-69-79.c3-0.smr-ubr3.sbo-smr.ma.static.cable.rcn.com) has joined #duraspace</span><br />
<span class="irc-date">[9:21]</span> <span class="irc-green">* ksclarke (n=kevin@ip-152010148147.library.appstate.edu) has joined #duraspace</span><br />
<span class="irc-date">[10:09]</span> <span class="irc-navy">* ClaudiaJuergen (n=Miranda@pc5102.ub.uni-dortmund.de) Quit ("Miranda IM! Smaller, Faster, Easier. <a href="http://miranda-im.org")">http://miranda-im.org")</a></span><br />
<span class="irc-date">[12:29]</span> <span class="irc-green">* grahamtriggs (n=trig01@195.128.10.96) has left #duraspace</span><br />
<span class="irc-date">[15:13]</span> <span class="irc-navy">* bradmc (n=bradmc@207-172-69-79.c3-0.smr-ubr3.sbo-smr.ma.static.cable.rcn.com) Quit ()</span><br />
<span class="irc-date">[16:54]</span> <span class="irc-navy">* ksclarke (n=kevin@ip-152010148147.library.appstate.edu) Quit ("Leaving.")</span><br />
<span class="irc-date">[17:01]</span> <span class="irc-green">* mhwood (i=mwood@mhw.ulib.iupui.edu) has left #duraspace</span><br />
<span class="irc-date">[17:41]</span> <span class="irc-green">* bradmc (n=bradmc@host215.72.248.50.conversent.net) has joined #duraspace</span><br />
<span class="irc-date">[17:42]</span> <span class="irc-green">* ksclarke (n=kevin@adsl-1-145-78.clt.bellsouth.net) has joined #duraspace</span><br />
<span class="irc-date">[17:44]</span> <span class="irc-navy">* ksclarke (n=kevin@adsl-1-145-78.clt.bellsouth.net) Quit (Client Quit)</span><br />
<span class="irc-date">[17:46]</span> <span class="irc-green">* ksclarke (n=kevin@adsl-1-145-78.clt.bellsouth.net) has joined #duraspace</span><br />
<span class="irc-date">[18:08]</span> <span class="irc-navy">* bradmc (n=bradmc@host215.72.248.50.conversent.net) Quit ()</span><br />
<span class="irc-date">[18:37]</span> <span class="irc-green">* bradmc (n=bradmc@host215.72.248.50.conversent.net) has joined #duraspace</span><br />
<span class="irc-date">[18:42]</span> <span class="irc-navy">* bradmc (n=bradmc@host215.72.248.50.conversent.net) Quit ()</span><br />
