<span class="irc-date">[0:34]</span> <span class="irc-navy">* stuartlewis (n=stuartle@gendiglt02.lbr.auckland.ac.nz) Quit ()</span><br />
<span class="irc-date">[3:54]</span> <span class="irc-green">* ClaudiaJuergen (n=Miranda@pc5102.ub.uni-dortmund.de) has joined #duraspace</span><br />
<span class="irc-date">[3:54]</span> <span class="irc-black">&lt;ClaudiaJuergen&gt; good morning all</span><br />
<span class="irc-date">[7:58]</span> <span class="irc-navy">* ClaudiaJuergen (n=Miranda@pc5102.ub.uni-dortmund.de) Quit (Read error: 110 (Connection timed out))</span><br />
<span class="irc-date">[8:06]</span> <span class="irc-green">* mhwood (i=mwood@mhw.ulib.iupui.edu) has joined #duraspace</span><br />
<span class="irc-date">[8:12]</span> <span class="irc-green">* ksclarke (n=kevin@ip-152010148147.library.appstate.edu) has joined #duraspace</span><br />
<span class="irc-date">[15:15]</span> <span class="irc-navy">* mhwood (i=mwood@mhw.ulib.iupui.edu) Quit (Remote closed the connection)</span><br />
<span class="irc-date">[15:20]</span> <span class="irc-green">* mhwood (n=mhwood@mhw.ulib.iupui.edu) has joined #duraspace</span><br />
<span class="irc-date">[16:40]</span> <span class="irc-navy">* ksclarke (n=kevin@ip-152010148147.library.appstate.edu) Quit ("Leaving.")</span><br />
<span class="irc-date">[16:55]</span> <span class="irc-navy">* bradmc (n=bradmc@207-172-69-79.c3-0.smr-ubr3.sbo-smr.ma.static.cable.rcn.com) Quit ()</span><br />
<span class="irc-date">[17:05]</span> <span class="irc-green">* mhwood (n=mhwood@mhw.ulib.iupui.edu) has left #duraspace</span><br />
<span class="irc-date">[17:17]</span> <span class="irc-green">* bradmc (n=bradmc@host215.72.248.50.conversent.net) has joined #duraspace</span><br />
<span class="irc-date">[18:12]</span> <span class="irc-navy">* bradmc (n=bradmc@host215.72.248.50.conversent.net) Quit ()</span><br />
<span class="irc-date">[18:21]</span> <span class="irc-green">* ksclarke (n=kevin@adsl-1-145-78.clt.bellsouth.net) has joined #duraspace</span><br />
<span class="irc-date">[18:23]</span> <span class="irc-navy">* ksclarke (n=kevin@adsl-1-145-78.clt.bellsouth.net) Quit (Client Quit)</span><br />
<span class="irc-date">[18:25]</span> <span class="irc-green">* ksclarke (n=kevin@adsl-1-145-78.clt.bellsouth.net) has joined #duraspace</span><br />
<span class="irc-date">[18:27]</span> <span class="irc-green">* bradmc (n=bradmc@host215.72.248.50.conversent.net) has joined #duraspace</span><br />
<span class="irc-date">[18:42]</span> <span class="irc-navy">* bradmc (n=bradmc@host215.72.248.50.conversent.net) Quit ()</span><br />
<span class="irc-date">[19:39]</span> <span class="irc-green">* bradmc (n=bradmc@host215.72.248.50.conversent.net) has joined #duraspace</span><br />
<span class="irc-date">[19:51]</span> <span class="irc-navy">* bradmc (n=bradmc@host215.72.248.50.conversent.net) Quit ()</span><br />
<span class="irc-date">[20:50]</span> <span class="irc-green">* bradmc (n=bradmc@host215.72.248.50.conversent.net) has joined #duraspace</span><br />
<span class="irc-date">[21:41]</span> <span class="irc-navy">* bradmc (n=bradmc@host215.72.248.50.conversent.net) Quit ()</span><br />
