<span class="irc-date">[5:49]</span> <span class="irc-navy">* mdiggory (~mdiggory@ip72-199-217-116.sd.sd.cox.net) Quit (Quit: mdiggory)</span><br />
<span class="irc-date">[6:05]</span> <span class="irc-green">* Tonny_DK (~thl@130.226.36.117) has joined #duraspace</span><br />
<span class="irc-date">[6:35]</span> <span class="irc-brown">-barjavel.freenode.net- *** Looking up your hostname...</span><br />
<span class="irc-date">[6:35]</span> <span class="irc-brown">-barjavel.freenode.net- *** Checking Ident</span><br />
<span class="irc-date">[6:35]</span> <span class="irc-brown">-barjavel.freenode.net- *** Found your hostname</span><br />
<span class="irc-date">[6:35]</span> <span class="irc-brown">-barjavel.freenode.net- *** No Ident response</span><br />
<span class="irc-date">[6:35]</span> <span class="irc-red">[frigg VERSION]</span><br />
<span class="irc-date">[6:35]</span> <span class="irc-green">* DuraLogBot (~PircBot@duraspace.org) has joined #duraspace</span><br />
<span class="irc-date">[6:35]</span> <span class="irc-green">* Topic is 'Welcome to DuraSpace - This channel is logged - <a href="http://duraspace.org/irclogs/'">http://duraspace.org/irclogs/'</a></span><br />
<span class="irc-date">[6:35]</span> <span class="irc-green">* Set by cwilper on Tue Jun 30 20:32:05 UTC 2009</span><br />
<span class="irc-date">[12:08]</span> <span class="irc-green">* grahamtriggs (~graham@62.189.56.2) has joined #duraspace</span><br />
<span class="irc-date">[12:17]</span> <span class="irc-green">* mhwood (~mhwood@2001:18e8:3:171:218:8bff:fe2a:56a4) has joined #duraspace</span><br />
<span class="irc-date">[13:44]</span> <span class="irc-navy">* Tonny_DK (~thl@130.226.36.117) Quit (Quit: Leaving.)</span><br />
<span class="irc-date">[14:24]</span> <span class="irc-green">* alxp (~alxp@PC044.ROBLIB.UPEI.CA) has joined #duraspace</span><br />
<span class="irc-date">[14:46]</span> <span class="irc-navy">* alxp (~alxp@PC044.ROBLIB.UPEI.CA) Quit (Read error: Connection reset by peer)</span><br />
<span class="irc-date">[14:47]</span> <span class="irc-green">* alxp (~alxp@PC044.ROBLIB.UPEI.CA) has joined #duraspace</span><br />
<span class="irc-date">[14:51]</span> <span class="irc-navy">* ksclarke (~kevin@adsl-235-49-191.clt.bellsouth.net) Quit (Ping timeout: 240 seconds)</span><br />
<span class="irc-date">[14:56]</span> <span class="irc-navy">* alxp (~alxp@PC044.ROBLIB.UPEI.CA) Quit (Read error: Connection reset by peer)</span><br />
<span class="irc-date">[14:56]</span> <span class="irc-green">* alxp (~alxp@PC044.ROBLIB.UPEI.CA) has joined #duraspace</span><br />
<span class="irc-date">[14:56]</span> <span class="irc-green">* ksclarke (~kevin@adsl-235-49-191.clt.bellsouth.net) has joined #duraspace</span><br />
<span class="irc-date">[15:05]</span> <span class="irc-navy">* alxp (~alxp@PC044.ROBLIB.UPEI.CA) Quit (Read error: Connection reset by peer)</span><br />
<span class="irc-date">[15:06]</span> <span class="irc-green">* alxp (~alxp@PC044.ROBLIB.UPEI.CA) has joined #duraspace</span><br />
<span class="irc-date">[15:56]</span> <span class="irc-navy">* grahamtriggs (~graham@62.189.56.2) Quit (Quit: Leaving.)</span><br />
<span class="irc-date">[16:20]</span> <span class="irc-green">* mdiggory (~mdiggory@ip72-199-217-116.sd.sd.cox.net) has joined #duraspace</span><br />
<span class="irc-date">[16:29]</span> <span class="irc-navy">* alxp (~alxp@PC044.ROBLIB.UPEI.CA) Quit (Read error: Connection reset by peer)</span><br />
<span class="irc-date">[16:30]</span> <span class="irc-green">* alxp (~alxp@PC044.ROBLIB.UPEI.CA) has joined #duraspace</span><br />
<span class="irc-date">[16:35]</span> <span class="irc-navy">* alxp (~alxp@PC044.ROBLIB.UPEI.CA) Quit (Read error: Connection reset by peer)</span><br />
<span class="irc-date">[16:35]</span> <span class="irc-green">* alxp (~alxp@PC044.ROBLIB.UPEI.CA) has joined #duraspace</span><br />
<span class="irc-date">[16:39]</span> <span class="irc-navy">* alxp (~alxp@PC044.ROBLIB.UPEI.CA) Quit (Read error: Connection reset by peer)</span><br />
<span class="irc-date">[16:40]</span> <span class="irc-green">* alxp (~alxp@PC044.ROBLIB.UPEI.CA) has joined #duraspace</span><br />
<span class="irc-date">[16:41]</span> <span class="irc-green">* sandsfish (~sandsfish@18.111.1.113) has joined #duraspace</span><br />
<span class="irc-date">[17:01]</span> <span class="irc-green">* alxp_ (~alxp@PC044.ROBLIB.UPEI.CA) has joined #duraspace</span><br />
<span class="irc-date">[17:01]</span> <span class="irc-navy">* alxp (~alxp@PC044.ROBLIB.UPEI.CA) Quit (Read error: Connection reset by peer)</span><br />
<span class="irc-date">[17:01]</span> <span class="irc-green">* alxp_ is now known as alxp</span><br />
<span class="irc-date">[17:33]</span> <span class="irc-navy">* alxp (~alxp@PC044.ROBLIB.UPEI.CA) Quit (Read error: Connection reset by peer)</span><br />
<span class="irc-date">[17:33]</span> <span class="irc-green">* alxp (~alxp@PC044.ROBLIB.UPEI.CA) has joined #duraspace</span><br />
<span class="irc-date">[17:37]</span> <span class="irc-navy">* sandsfish (~sandsfish@18.111.1.113) Quit (Quit: sandsfish)</span><br />
<span class="irc-date">[17:38]</span> <span class="irc-navy">* alxp (~alxp@PC044.ROBLIB.UPEI.CA) Quit (Read error: Connection reset by peer)</span><br />
<span class="irc-date">[17:39]</span> <span class="irc-green">* alxp (~alxp@PC044.ROBLIB.UPEI.CA) has joined #duraspace</span><br />
<span class="irc-date">[18:10]</span> <span class="irc-navy">* alxp (~alxp@PC044.ROBLIB.UPEI.CA) Quit (Read error: Connection reset by peer)</span><br />
<span class="irc-date">[18:10]</span> <span class="irc-green">* alxp (~alxp@PC044.ROBLIB.UPEI.CA) has joined #duraspace</span><br />
<span class="irc-date">[18:27]</span> <span class="irc-navy">* alxp (~alxp@PC044.ROBLIB.UPEI.CA) Quit (Read error: Connection reset by peer)</span><br />
<span class="irc-date">[18:28]</span> <span class="irc-green">* alxp (~alxp@PC044.ROBLIB.UPEI.CA) has joined #duraspace</span><br />
<span class="irc-date">[18:35]</span> <span class="irc-navy">* alxp (~alxp@PC044.ROBLIB.UPEI.CA) Quit (Read error: Connection reset by peer)</span><br />
<span class="irc-date">[18:35]</span> <span class="irc-green">* alxp (~alxp@PC044.ROBLIB.UPEI.CA) has joined #duraspace</span><br />
<span class="irc-date">[18:37]</span> <span class="irc-navy">* alxp (~alxp@PC044.ROBLIB.UPEI.CA) Quit (Read error: Connection reset by peer)</span><br />
<span class="irc-date">[18:37]</span> <span class="irc-green">* alxp (~alxp@PC044.ROBLIB.UPEI.CA) has joined #duraspace</span><br />
<span class="irc-date">[18:37]</span> <span class="irc-navy">* alxp (~alxp@PC044.ROBLIB.UPEI.CA) Quit (Read error: Connection reset by peer)</span><br />
<span class="irc-date">[18:38]</span> <span class="irc-green">* alxp (~alxp@PC044.ROBLIB.UPEI.CA) has joined #duraspace</span><br />
<span class="irc-date">[18:41]</span> <span class="irc-navy">* alxp (~alxp@PC044.ROBLIB.UPEI.CA) Quit (Read error: Connection reset by peer)</span><br />
<span class="irc-date">[18:42]</span> <span class="irc-green">* alxp (~alxp@PC044.ROBLIB.UPEI.CA) has joined #duraspace</span><br />
<span class="irc-date">[18:43]</span> <span class="irc-navy">* alxp (~alxp@PC044.ROBLIB.UPEI.CA) Quit (Read error: Connection reset by peer)</span><br />
<span class="irc-date">[18:43]</span> <span class="irc-green">* alxp (~alxp@PC044.ROBLIB.UPEI.CA) has joined #duraspace</span><br />
<span class="irc-date">[18:45]</span> <span class="irc-navy">* alxp (~alxp@PC044.ROBLIB.UPEI.CA) Quit (Read error: Connection reset by peer)</span><br />
<span class="irc-date">[18:45]</span> <span class="irc-green">* alxp (~alxp@PC044.ROBLIB.UPEI.CA) has joined #duraspace</span><br />
<span class="irc-date">[18:47]</span> <span class="irc-navy">* alxp (~alxp@PC044.ROBLIB.UPEI.CA) Quit (Read error: Connection reset by peer)</span><br />
<span class="irc-date">[18:48]</span> <span class="irc-green">* alxp (~alxp@PC044.ROBLIB.UPEI.CA) has joined #duraspace</span><br />
<span class="irc-date">[19:13]</span> <span class="irc-navy">* alxp (~alxp@PC044.ROBLIB.UPEI.CA) Quit (Read error: Connection reset by peer)</span><br />
<span class="irc-date">[19:13]</span> <span class="irc-green">* alxp (~alxp@PC044.ROBLIB.UPEI.CA) has joined #duraspace</span><br />
<span class="irc-date">[19:21]</span> <span class="irc-navy">* alxp (~alxp@PC044.ROBLIB.UPEI.CA) Quit (Read error: Connection reset by peer)</span><br />
<span class="irc-date">[19:21]</span> <span class="irc-green">* alxp (~alxp@PC044.ROBLIB.UPEI.CA) has joined #duraspace</span><br />
<span class="irc-date">[19:28]</span> <span class="irc-navy">* alxp (~alxp@PC044.ROBLIB.UPEI.CA) Quit (Read error: Connection reset by peer)</span><br />
<span class="irc-date">[19:28]</span> <span class="irc-green">* alxp (~alxp@PC044.ROBLIB.UPEI.CA) has joined #duraspace</span><br />
<span class="irc-date">[20:10]</span> <span class="irc-navy">* alxp (~alxp@PC044.ROBLIB.UPEI.CA) Quit (Quit: alxp)</span><br />
<span class="irc-date">[21:01]</span> <span class="irc-navy">* ksclarke (~kevin@adsl-235-49-191.clt.bellsouth.net) Quit (Ping timeout: 255 seconds)</span><br />
<span class="irc-date">[21:02]</span> <span class="irc-navy">* mhwood (~mhwood@2001:18e8:3:171:218:8bff:fe2a:56a4) Quit (Remote host closed the connection)</span><br />
<span class="irc-date">[21:18]</span> <span class="irc-green">* ksclarke (~kevin@adsl-235-49-191.clt.bellsouth.net) has joined #duraspace</span><br />
<span class="irc-date">[22:07]</span> <span class="irc-navy">* scottatm (~scottatm@adhcp136.evans.tamu.edu) Quit (Quit: scottatm)</span><br />
