<span class="irc-date">[1:32]</span> <span class="irc-navy">* mdiggory (~mdiggory@cpe-66-74-212-9.san.res.rr.com) Quit (Read error: Connection reset by peer)</span><br />
<span class="irc-date">[1:32]</span> <span class="irc-green">* mdiggory (~mdiggory@cpe-66-74-212-9.san.res.rr.com) has joined #duraspace</span><br />
<span class="irc-date">[2:34]</span> <span class="irc-green">* mdiggory_ (~mdiggory@cpe-66-74-212-9.san.res.rr.com) has joined #duraspace</span><br />
<span class="irc-date">[2:34]</span> <span class="irc-navy">* mdiggory (~mdiggory@cpe-66-74-212-9.san.res.rr.com) Quit (Read error: Connection reset by peer)</span><br />
<span class="irc-date">[2:34]</span> <span class="irc-green">* mdiggory_ is now known as mdiggory</span><br />
<span class="irc-date">[2:34]</span> <span class="irc-green">* mdiggory (~mdiggory@cpe-66-74-212-9.san.res.rr.com) has left #duraspace</span><br />
<span class="irc-date">[3:00]</span> <span class="irc-navy">* grahamtriggs (~grahamtri@cpc1-stev6-2-0-cust340.9-2.cable.virginmedia.com) Quit (Quit: grahamtriggs)</span><br />
<span class="irc-date">[4:06]</span> <span class="irc-brown">-hubbard.freenode.net- *** Looking up your hostname...</span><br />
<span class="irc-date">[4:06]</span> <span class="irc-brown">-hubbard.freenode.net- *** Checking Ident</span><br />
<span class="irc-date">[4:06]</span> <span class="irc-brown">-hubbard.freenode.net- *** Found your hostname</span><br />
<span class="irc-date">[4:06]</span> <span class="irc-brown">-hubbard.freenode.net- *** No Ident response</span><br />
<span class="irc-date">[4:06]</span> <span class="irc-green">* DuraLogBot (~PircBot@fedcommsrv1.nsdlib.org) has joined #duraspace</span><br />
<span class="irc-date">[4:06]</span> <span class="irc-green">* Topic is 'Welcome to DuraSpace - This channel is logged - <a href="http://duraspace.org/irclogs/'">http://duraspace.org/irclogs/'</a></span><br />
<span class="irc-date">[4:06]</span> <span class="irc-green">* Set by cwilper on Tue Jun 30 16:32:05 EDT 2009</span><br />
<span class="irc-date">[4:06]</span> <span class="irc-red">[frigg VERSION]</span><br />
<span class="irc-date">[4:58]</span> <span class="irc-green">* grahamtriggs (~trig01@80.169.130.178) has joined #duraspace</span><br />
<span class="irc-date">[7:37]</span> <span class="irc-green">* mhwood (~Mark@adsl-99-189-255-34.dsl.ipltin.sbcglobal.net) has joined #duraspace</span><br />
<span class="irc-date">[7:38]</span> <span class="irc-green">* mhwood (~Mark@adsl-99-189-255-34.dsl.ipltin.sbcglobal.net) has left #duraspace</span><br />
<span class="irc-date">[8:31]</span> <span class="irc-green">* mhwood (~mhwood@2001:18e8:3:171:218:8bff:fe2a:56a4) has joined #duraspace</span><br />
<span class="irc-date">[9:31]</span> <span class="irc-green">* tdonohue (~tdonohue@c-98-228-50-55.hsd1.il.comcast.net) has joined #duraspace</span><br />
<span class="irc-date">[9:38]</span> <span class="irc-navy">* tdonohue (~tdonohue@c-98-228-50-55.hsd1.il.comcast.net) Quit (Quit: Leaving.)</span><br />
<span class="irc-date">[9:39]</span> <span class="irc-green">* tdonohue (~tdonohue@c-98-228-50-55.hsd1.il.comcast.net) has joined #duraspace</span><br />
<span class="irc-date">[11:26]</span> <span class="irc-green">* cccharles (~user@131.104.62.47) has left #duraspace</span><br />
<span class="irc-date">[12:18]</span> <span class="irc-green">* grahamtriggs (~trig01@80.169.130.178) has left #duraspace</span><br />
<span class="irc-date">[13:58]</span> <span class="irc-green">* grahamtriggs (~grahamtri@cpc1-stev6-2-0-cust340.9-2.cable.virginmedia.com) has joined #duraspace</span><br />
<span class="irc-date">[14:28]</span> <span class="irc-green">* stuartlewis (~stuartlew@gendiglt02.lbr.auckland.ac.nz) has joined #duraspace</span><br />
<span class="irc-date">[15:29]</span> <span class="irc-green">* mdiggory (~mdiggory@64.50.88.162.ptr.us.xo.net) has joined #duraspace</span><br />
<span class="irc-date">[17:06]</span> <span class="irc-green">* mhwood (~mhwood@2001:18e8:3:171:218:8bff:fe2a:56a4) has left #duraspace</span><br />
<span class="irc-date">[18:04]</span> <span class="irc-green">* tdonohue (~tdonohue@c-98-228-50-55.hsd1.il.comcast.net) has left #duraspace</span><br />
<span class="irc-date">[20:11]</span> <span class="irc-navy">* mdiggory (~mdiggory@64.50.88.162.ptr.us.xo.net) Quit (Quit: mdiggory)</span><br />
<span class="irc-date">[21:21]</span> <span class="irc-green">* mdiggory (~mdiggory@cpe-66-74-212-9.san.res.rr.com) has joined #duraspace</span><br />
<span class="irc-date">[21:32]</span> <span class="irc-navy">* mdiggory (~mdiggory@cpe-66-74-212-9.san.res.rr.com) Quit (Quit: mdiggory)</span><br />
<span class="irc-date">[22:11]</span> <span class="irc-green">* mdiggory (~mdiggory@cpe-66-74-212-9.san.res.rr.com) has joined #duraspace</span><br />
<span class="irc-date">[22:41]</span> <span class="irc-navy">* stuartlewis (~stuartlew@gendiglt02.lbr.auckland.ac.nz) Quit (Quit: stuartlewis)</span><br />
<span class="irc-date">[23:01]</span> <span class="irc-navy">* mdiggory (~mdiggory@cpe-66-74-212-9.san.res.rr.com) Quit (Quit: mdiggory)</span><br />
<span class="irc-date">[23:40]</span> <span class="irc-green">* mdiggory (~mdiggory@cpe-66-74-212-9.san.res.rr.com) has joined #duraspace</span><br />
