<span class="irc-date">[1:59]</span> <span class="irc-navy">* alxp (~aoneill@99-105-58-164.lightspeed.sntcca.sbcglobal.net) Quit (Quit: alxp)</span><br />
<span class="irc-date">[5:54]</span> <span class="irc-navy">* ksclarke (~kevin@adsl-39-91-54.clt.bellsouth.net) Quit (Quit: Leaving.)</span><br />
<span class="irc-date">[5:55]</span> <span class="irc-green">* Tonny_DK (~thl@130.226.36.117) has joined #duraspace</span><br />
<span class="irc-date">[6:51]</span> <span class="irc-brown">-barjavel.freenode.net- *** Looking up your hostname...</span><br />
<span class="irc-date">[6:51]</span> <span class="irc-brown">-barjavel.freenode.net- *** Checking Ident</span><br />
<span class="irc-date">[6:51]</span> <span class="irc-brown">-barjavel.freenode.net- *** Found your hostname</span><br />
<span class="irc-date">[6:51]</span> <span class="irc-brown">-barjavel.freenode.net- *** No Ident response</span><br />
<span class="irc-date">[6:51]</span> <span class="irc-red">[frigg VERSION]</span><br />
<span class="irc-date">[6:51]</span> <span class="irc-green">* DuraLogBot (~PircBot@duraspace.org) has joined #duraspace</span><br />
<span class="irc-date">[6:51]</span> <span class="irc-green">* Topic is 'Welcome to DuraSpace - This channel is logged - <a href="http://duraspace.org/irclogs/'">http://duraspace.org/irclogs/'</a></span><br />
<span class="irc-date">[6:51]</span> <span class="irc-green">* Set by cwilper on Tue Jun 30 20:32:05 UTC 2009</span><br />
<span class="irc-date">[7:28]</span> <span class="irc-navy">* bradmc (~bradmc@207-172-69-79.c3-0.smr-ubr3.sbo-smr.ma.static.cable.rcn.com) Quit (Read error: Connection reset by peer)</span><br />
<span class="irc-date">[7:28]</span> <span class="irc-green">* bradmc (~bradmc@207-172-69-79.c3-0.smr-ubr3.sbo-smr.ma.static.cable.rcn.com) has joined #duraspace</span><br />
<span class="irc-date">[9:14]</span> <span class="irc-green">* krnl__ is now known as krnl_</span><br />
<span class="irc-date">[9:28]</span> <span class="irc-green">* grahamtriggs (~graham@62.189.56.2) has joined #duraspace</span><br />
<span class="irc-date">[9:49]</span> <span class="irc-navy">* Tonny_DK (~thl@130.226.36.117) Quit (*.net *.split)</span><br />
<span class="irc-date">[9:51]</span> <span class="irc-green">* Tonny_DK (~thl@130.226.36.117) has joined #duraspace</span><br />
<span class="irc-date">[11:03]</span> <span class="irc-navy">* grahamtriggs (~graham@62.189.56.2) Quit (Quit: Leaving.)</span><br />
<span class="irc-date">[11:09]</span> <span class="irc-green">* grahamtriggs (~grahamtri@62.189.56.2) has joined #duraspace</span><br />
<span class="irc-date">[12:16]</span> <span class="irc-green">* mhwood (~mhwood@2001:18e8:3:171:218:8bff:fe2a:56a4) has joined #duraspace</span><br />
<span class="irc-date">[12:43]</span> <span class="irc-green">* tdonohue (~tdonohue@c-98-228-50-55.hsd1.il.comcast.net) has joined #duraspace</span><br />
<span class="irc-date">[13:09]</span> <span class="irc-navy">* Tonny_DK (~thl@130.226.36.117) Quit (Quit: Leaving.)</span><br />
<span class="irc-date">[13:20]</span> <span class="irc-green">* ksclarke (~kevin@adsl-39-91-54.clt.bellsouth.net) has joined #duraspace</span><br />
<span class="irc-date">[13:44]</span> <span class="irc-navy">* tdonohue (~tdonohue@c-98-228-50-55.hsd1.il.comcast.net) Quit (Quit: Heading out...talk to you later.)</span><br />
<span class="irc-date">[13:51]</span> <span class="irc-green">* tdonohue (~tdonohue@c-98-228-50-55.hsd1.il.comcast.net) has joined #duraspace</span><br />
<span class="irc-date">[13:56]</span> <span class="irc-navy">* tdonohue (~tdonohue@c-98-228-50-55.hsd1.il.comcast.net) Quit (Read error: Connection reset by peer)</span><br />
<span class="irc-date">[13:58]</span> <span class="irc-green">* tdonohue (~tdonohue@c-98-228-50-55.hsd1.il.comcast.net) has joined #duraspace</span><br />
<span class="irc-date">[14:03]</span> <span class="irc-navy">* tdonohue (~tdonohue@c-98-228-50-55.hsd1.il.comcast.net) Quit (Read error: Connection reset by peer)</span><br />
<span class="irc-date">[14:05]</span> <span class="irc-green">* tdonohue (~tdonohue@c-98-228-50-55.hsd1.il.comcast.net) has joined #duraspace</span><br />
<span class="irc-date">[14:21]</span> <span class="irc-navy">* bradmc (~bradmc@207-172-69-79.c3-0.smr-ubr3.sbo-smr.ma.static.cable.rcn.com) Quit (Read error: Connection reset by peer)</span><br />
<span class="irc-date">[14:22]</span> <span class="irc-green">* bradmc (~bradmc@207-172-69-79.c3-0.smr-ubr3.sbo-smr.ma.static.cable.rcn.com) has joined #duraspace</span><br />
<span class="irc-date">[14:54]</span> <span class="irc-green">* ThomasAJohnson (~tom@216.160.210.151) has joined #duraspace</span><br />
<span class="irc-date">[15:01]</span> <span class="irc-green">* Asger (82e11a21@gateway/web/freenode/ip.130.225.26.33) has joined #duraspace</span><br />
<span class="irc-date">[15:01]</span> <span class="irc-green">* sbayliss (~IceChat7@188-222-88-173.zone13.bethere.co.uk) has joined #duraspace</span><br />
<span class="irc-date">[15:02]</span> <span class="irc-green">* barmintor (barmintor@specdl11.cul.columbia.edu) has joined #duraspace</span><br />
<span class="irc-date">[15:03]</span> <span class="irc-green">* Dan_Davis (183bb002@gateway/web/freenode/ip.24.59.176.2) has joined #duraspace</span><br />
<span class="irc-date">[15:04]</span> <span class="irc-green">* birkland (183a3271@gateway/web/freenode/ip.24.58.50.113) has joined #duraspace</span><br />
<span class="irc-date">[15:09]</span> <span class="irc-navy">* ThomasAJohnson (~tom@216.160.210.151) Quit (Ping timeout: 252 seconds)</span><br />
<span class="irc-date">[15:11]</span> <span class="irc-green">* ThomasAJohnson (~tom@216.160.210.151) has joined #duraspace</span><br />
<span class="irc-date">[15:23]</span> <span class="irc-black">&lt;barmintor&gt; <a href="https://jira.duraspace.org/browse/FCREPO-776">https://jira.duraspace.org/browse/FCREPO-776</a></span><br />
<span class="irc-date">[15:43]</span> <span class="irc-navy">* ksclarke (~kevin@adsl-39-91-54.clt.bellsouth.net) Quit (Ping timeout: 250 seconds)</span><br />
<span class="irc-date">[16:01]</span> <span class="irc-green">* ksclarke (~kevin@adsl-39-91-54.clt.bellsouth.net) has joined #duraspace</span><br />
<span class="irc-date">[16:06]</span> <span class="irc-navy">* ksclarke (~kevin@adsl-39-91-54.clt.bellsouth.net) Quit (Quit: Leaving.)</span><br />
<span class="irc-date">[16:08]</span> <span class="irc-black">&lt;barmintor&gt; sorry folks, have to run</span><br />
<span class="irc-date">[16:08]</span> <span class="irc-navy">* barmintor (barmintor@specdl11.cul.columbia.edu) Quit ()</span><br />
<span class="irc-date">[16:13]</span> <span class="irc-green">* alxp (~aoneill@99-105-58-164.lightspeed.sntcca.sbcglobal.net) has joined #duraspace</span><br />
<span class="irc-date">[16:19]</span> <span class="irc-navy">* bradmc (~bradmc@207-172-69-79.c3-0.smr-ubr3.sbo-smr.ma.static.cable.rcn.com) Quit (Read error: Connection reset by peer)</span><br />
<span class="irc-date">[16:29]</span> <span class="irc-green">* bradmc (~bradmc@207-172-69-79.c3-0.smr-ubr3.sbo-smr.ma.static.cable.rcn.com) has joined #duraspace</span><br />
<span class="irc-date">[16:35]</span> <span class="irc-black">&lt;sbayliss&gt; my mic has gone off - i will reproduce and report back if it's related to 32 bit</span><br />
<span class="irc-date">[16:40]</span> <span class="irc-navy">* birkland (183a3271@gateway/web/freenode/ip.24.58.50.113) Quit (Quit: Page closed)</span><br />
<span class="irc-date">[16:52]</span> <span class="irc-green">* grahamtriggs (~grahamtri@62.189.56.2) has left #duraspace</span><br />
<span class="irc-date">[16:53]</span> <span class="irc-navy">* Dan_Davis (183bb002@gateway/web/freenode/ip.24.59.176.2) Quit (Quit: Page closed)</span><br />
<span class="irc-date">[16:58]</span> <span class="irc-navy">* Asger (82e11a21@gateway/web/freenode/ip.130.225.26.33) Quit (Quit: Page closed)</span><br />
<span class="irc-date">[17:37]</span> <span class="irc-navy">* sbayliss (~IceChat7@188-222-88-173.zone13.bethere.co.uk) Quit (Quit: bye!)</span><br />
<span class="irc-date">[19:17]</span> <span class="irc-navy">* bradmc (~bradmc@207-172-69-79.c3-0.smr-ubr3.sbo-smr.ma.static.cable.rcn.com) Quit (Read error: Connection reset by peer)</span><br />
<span class="irc-date">[19:17]</span> <span class="irc-green">* bradmc (~bradmc@207-172-69-79.c3-0.smr-ubr3.sbo-smr.ma.static.cable.rcn.com) has joined #duraspace</span><br />
<span class="irc-date">[19:22]</span> <span class="irc-green">* ksclarke (~kevin@airport-grey.nescent.org) has joined #duraspace</span><br />
<span class="irc-date">[20:57]</span> <span class="irc-navy">* mhwood (~mhwood@2001:18e8:3:171:218:8bff:fe2a:56a4) Quit (Remote host closed the connection)</span><br />
<span class="irc-date">[21:16]</span> <span class="irc-green">* grahamtriggs (~grahamtri@cpc2-stev6-2-0-cust333.9-2.cable.virginmedia.com) has joined #duraspace</span><br />
<span class="irc-date">[21:47]</span> <span class="irc-navy">* ksclarke (~kevin@airport-grey.nescent.org) Quit (Quit: Leaving.)</span><br />
<span class="irc-date">[21:55]</span> <span class="irc-green">* tdonohue (~tdonohue@c-98-228-50-55.hsd1.il.comcast.net) has left #duraspace</span><br />
<span class="irc-date">[22:28]</span> <span class="irc-navy">* ThomasAJohnson (~tom@216.160.210.151) Quit (Ping timeout: 252 seconds)</span><br />
<span class="irc-date">[22:38]</span> <span class="irc-navy">* stuartlewis (~stuartlew@s-lewis.itss.auckland.ac.nz) Quit (Quit: stuartlewis)</span><br />
<span class="irc-date">[23:13]</span> <span class="irc-navy">* grahamtriggs (~grahamtri@cpc2-stev6-2-0-cust333.9-2.cable.virginmedia.com) Quit (Quit: grahamtriggs)</span><br />
<span class="irc-date">[23:13]</span> <span class="irc-navy">* bradmc (~bradmc@207-172-69-79.c3-0.smr-ubr3.sbo-smr.ma.static.cable.rcn.com) Quit (Read error: Connection reset by peer)</span><br />
<span class="irc-date">[23:13]</span> <span class="irc-green">* bradmc (~bradmc@207-172-69-79.c3-0.smr-ubr3.sbo-smr.ma.static.cable.rcn.com) has joined #duraspace</span><br />
