<span class="irc-date">[0:12]</span> <span class="irc-green">* bess (~bess@171.66.83.196) has joined #duraspace</span><br />
<span class="irc-date">[0:38]</span> <span class="irc-navy">* bess (~bess@171.66.83.196) Quit (Quit: Leaving.)</span><br />
<span class="irc-date">[1:52]</span> <span class="irc-green">* bradmc_ (~bradmc@207-172-69-79.c3-0.smr-ubr3.sbo-smr.ma.static.cable.rcn.com) has joined #duraspace</span><br />
<span class="irc-date">[1:52]</span> <span class="irc-navy">* bradmc (~bradmc@207-172-69-79.c3-0.smr-ubr3.sbo-smr.ma.static.cable.rcn.com) Quit (Read error: Connection reset by peer)</span><br />
<span class="irc-date">[1:52]</span> <span class="irc-green">* bradmc_ is now known as bradmc</span><br />
<span class="irc-date">[3:24]</span> <span class="irc-navy">* snail (~stuart@130.195.179.88) Quit (Read error: Connection reset by peer)</span><br />
<span class="irc-date">[3:54]</span> <span class="irc-green">* bess (~bess@99-105-58-164.lightspeed.sntcca.sbcglobal.net) has joined #duraspace</span><br />
<span class="irc-date">[3:55]</span> <span class="irc-navy">* bradmc (~bradmc@207-172-69-79.c3-0.smr-ubr3.sbo-smr.ma.static.cable.rcn.com) Quit (Quit: bradmc)</span><br />
<span class="irc-date">[4:08]</span> <span class="irc-green">* bess (~bess@99-105-58-164.lightspeed.sntcca.sbcglobal.net) has left #duraspace</span><br />
<span class="irc-date">[4:25]</span> <span class="irc-navy">* stuartlewis (~stuartlew@s-lewis.itss.auckland.ac.nz) Quit (Quit: stuartlewis)</span><br />
<span class="irc-date">[6:31]</span> <span class="irc-brown">-card.freenode.net- *** Looking up your hostname...</span><br />
<span class="irc-date">[6:31]</span> <span class="irc-brown">-card.freenode.net- *** Checking Ident</span><br />
<span class="irc-date">[6:31]</span> <span class="irc-brown">-card.freenode.net- *** Found your hostname</span><br />
<span class="irc-date">[6:31]</span> <span class="irc-brown">-card.freenode.net- *** No Ident response</span><br />
<span class="irc-date">[6:31]</span> <span class="irc-red">[frigg VERSION]</span><br />
<span class="irc-date">[6:31]</span> <span class="irc-green">* DuraLogBot (~PircBot@duraspace.org) has joined #duraspace</span><br />
<span class="irc-date">[6:31]</span> <span class="irc-green">* Topic is 'Welcome to DuraSpace - This channel is logged - <a href="http://duraspace.org/irclogs/'">http://duraspace.org/irclogs/'</a></span><br />
<span class="irc-date">[6:31]</span> <span class="irc-green">* Set by cwilper on Tue Jun 30 20:32:05 UTC 2009</span><br />
<span class="irc-date">[6:42]</span> <span class="irc-green">* bradmc (~bradmc@207-172-69-79.c3-0.smr-ubr3.sbo-smr.ma.static.cable.rcn.com) has joined #duraspace</span><br />
<span class="irc-date">[8:00]</span> <span class="irc-navy">* bradmc (~bradmc@207-172-69-79.c3-0.smr-ubr3.sbo-smr.ma.static.cable.rcn.com) Quit (Quit: bradmc)</span><br />
<span class="irc-date">[11:58]</span> <span class="irc-green">* bradmc (~bradmc@207-172-69-79.c3-0.smr-ubr3.sbo-smr.ma.static.cable.rcn.com) has joined #duraspace</span><br />
<span class="irc-date">[11:59]</span> <span class="irc-green">* mhwood (~mhwood@2001:18e8:3:171:218:8bff:fe2a:56a4) has joined #duraspace</span><br />
<span class="irc-date">[13:09]</span> <span class="irc-navy">* ksclarke (~kevin@adsl-39-10-103.clt.bellsouth.net) Quit (Ping timeout: 264 seconds)</span><br />
<span class="irc-date">[13:15]</span> <span class="irc-green">* ksclarke (~kevin@adsl-39-10-103.clt.bellsouth.net) has joined #duraspace</span><br />
<span class="irc-date">[13:23]</span> <span class="irc-green">* tdonohue (~tdonohue@c-98-228-50-55.hsd1.il.comcast.net) has joined #duraspace</span><br />
<span class="irc-date">[13:35]</span> <span class="irc-green">* matteo (83af50b6@gateway/web/freenode/ip.131.175.80.182) has joined #duraspace</span><br />
<span class="irc-date">[13:35]</span> <span class="irc-black">&lt;matteo&gt; just testing...</span><br />
<span class="irc-date">[13:36]</span> <span class="irc-green">* matteo is now known as Guest58032</span><br />
<span class="irc-date">[14:34]</span> <span class="irc-green">* alxp (~alxp@PC044.ROBLIB.UPEI.CA) has joined #duraspace</span><br />
<span class="irc-date">[14:46]</span> <span class="irc-navy">* Guest58032 (83af50b6@gateway/web/freenode/ip.131.175.80.182) Quit (Ping timeout: 252 seconds)</span><br />
<span class="irc-date">[14:46]</span> <span class="irc-green">* matteo (83af50b6@gateway/web/freenode/ip.131.175.80.182) has joined #duraspace</span><br />
<span class="irc-date">[14:46]</span> <span class="irc-green">* matteo is now known as Guest7313</span><br />
<span class="irc-date">[14:49]</span> <span class="irc-black">&lt;Guest7313&gt; just testing...</span><br />
<span class="irc-date">[14:51]</span> <span class="irc-green">* cwilper (~cwilper@74-46-71-159.dsl1-erie.roch.ny.frontiernet.net) has joined #duraspace</span><br />
<span class="irc-date">[14:52]</span> <span class="irc-black">&lt;Guest7313&gt; #quit</span><br />
<span class="irc-date">[14:53]</span> <span class="irc-navy">* Guest7313 (83af50b6@gateway/web/freenode/ip.131.175.80.182) Quit (Quit: Page closed)</span><br />
<span class="irc-date">[14:53]</span> <span class="irc-green">* mboschini (83af50b6@gateway/web/freenode/ip.131.175.80.182) has joined #duraspace</span><br />
<span class="irc-date">[14:55]</span> <span class="irc-green">* gwest_ (c13efb20@gateway/web/freenode/ip.193.62.251.32) has joined #duraspace</span><br />
<span class="irc-date">[14:58]</span> <span class="irc-green">* sbayliss (~IceChat7@188-222-88-173.zone13.bethere.co.uk) has joined #duraspace</span><br />
<span class="irc-date">[14:59]</span> <span class="irc-black">&lt;mboschini&gt; hi steve...</span><br />
<span class="irc-date">[14:59]</span> <span class="irc-black">&lt;sbayliss&gt; hi matteo</span><br />
<span class="irc-date">[14:59]</span> <span class="irc-green">* Dan_Davis (183bb002@gateway/web/freenode/ip.24.59.176.2) has joined #duraspace</span><br />
<span class="irc-date">[14:59]</span> <span class="irc-black">&lt;mboschini&gt; i'd proably leave in a few minutes (commute bak home)</span><br />
<span class="irc-date">[15:03]</span> <span class="irc-black">&lt;gwest_&gt; Hey folks, I'm joining the call just to listen in to you technical people :) I don't have a working mic in the office so I'll be on mute!</span><br />
<span class="irc-date">[15:04]</span> <span class="irc-black">&lt;sbayliss&gt; Hi Graeme</span><br />
<span class="irc-date">[15:04]</span> <span class="irc-black">&lt;gwest_&gt; Hi Steve; Hi Marmalade!</span><br />
<span class="irc-date">[15:04]</span> <span class="irc-black">&lt;mboschini&gt; so do I, no mic.</span><br />
<span class="irc-date">[15:06]</span> <span class="irc-green">* Asger (82e11889@gateway/web/freenode/ip.130.225.24.137) has joined #duraspace</span><br />
<span class="irc-date">[15:08]</span> <span class="irc-black">&lt;gwest_&gt; I'm Graeme West from Glasgow Caledonian University: sorry I can't introduce myself over audio!</span><br />
<span class="irc-date">[15:08]</span> <span class="irc-black">&lt;gwest_&gt; (BigRedBall)</span><br />
<span class="irc-date">[15:11]</span> <span class="irc-black">&lt;mboschini&gt; hi, that's me. No mic...</span><br />
<span class="irc-date">[15:11]</span> <span class="irc-black">&lt;mboschini&gt; I'll do some linux system test with mysql</span><br />
<span class="irc-date">[15:12]</span> <span class="irc-black">&lt;sbayliss&gt; Fedora 3.4 status: <a href="https://wiki.duraspace.org/display/FCREPO/Fedora+3.4+-+Milestone+4+Status">https://wiki.duraspace.org/display/FCREPO/Fedora+3.4+-+Milestone+4+Status</a></span><br />
<span class="irc-date">[15:12]</span> <span class="irc-black">&lt;mboschini&gt; sorry, have to leave (train as well)</span><br />
<span class="irc-date">[15:14]</span> <span class="irc-navy">* mboschini (83af50b6@gateway/web/freenode/ip.131.175.80.182) Quit (Quit: Page closed)</span><br />
<span class="irc-date">[15:14]</span> <span class="irc-green">* tecoripa (~sprater@saez.doit.wisc.edu) has joined #duraspace</span><br />
<span class="irc-date">[15:47]</span> <span class="irc-black">&lt;sbayliss&gt; <a href="https://jira.duraspace.org/browse/FCREPO-724">https://jira.duraspace.org/browse/FCREPO-724</a></span><br />
<span class="irc-date">[15:50]</span> <span class="irc-navy">* Asger (82e11889@gateway/web/freenode/ip.130.225.24.137) Quit (Ping timeout: 252 seconds)</span><br />
<span class="irc-date">[16:10]</span> <span class="irc-black">&lt;sbayliss&gt; <a href="https://jira.duraspace.org/browse/FCREPO-686">https://jira.duraspace.org/browse/FCREPO-686</a></span><br />
<span class="irc-date">[16:17]</span> <span class="irc-black">&lt;sbayliss&gt; <a href="https://jira.duraspace.org/browse/FCREPO-552">https://jira.duraspace.org/browse/FCREPO-552</a></span><br />
<span class="irc-date">[16:21]</span> <span class="irc-black">&lt;gwest_&gt; Sorry, I have to leave. Thanks all. Graeme</span><br />
<span class="irc-date">[16:21]</span> <span class="irc-black">&lt;sbayliss&gt; Thanks for joining is Graeme</span><br />
<span class="irc-date">[16:22]</span> <span class="irc-navy">* gwest_ (c13efb20@gateway/web/freenode/ip.193.62.251.32) Quit (Quit: Page closed)</span><br />
<span class="irc-date">[16:50]</span> <span class="irc-black">&lt;tecoripa&gt; while I'm still here...</span><br />
<span class="irc-date">[16:50]</span> <span class="irc-black">&lt;tecoripa&gt; I submitted this feature request last week:</span><br />
<span class="irc-date">[16:50]</span> <span class="irc-black">&lt;tecoripa&gt; <a href="https://jira.duraspace.org/browse/FCREPO-756">https://jira.duraspace.org/browse/FCREPO-756</a></span><br />
<span class="irc-date">[16:50]</span> <span class="irc-black">&lt;tecoripa&gt; basically, a way to batch purge objects</span><br />
<span class="irc-date">[16:51]</span> <span class="irc-black">&lt;tecoripa&gt; I created a modified version of org.fcrepo.client.utility.AutoPurger a year or two ago, that takes a file as an argument, instead of a PID</span><br />
<span class="irc-date">[16:52]</span> <span class="irc-black">&lt;tecoripa&gt; and then reads PIDS from that file, purging those objects one-by-one</span><br />
<span class="irc-date">[16:52]</span> <span class="irc-black">&lt;sbayliss&gt; Scott, so you're saying this could be a candidate for inclusion in the 3.4 release?</span><br />
<span class="irc-date">[16:52]</span> <span class="irc-black">&lt;tecoripa&gt; it was faster than wrapping the purge shell in a loop, by quite a bit, since it doesn't tear down/recreate an HTTP connection to Fedora with every call</span><br />
<span class="irc-date">[16:53]</span> <span class="irc-black">&lt;tecoripa&gt; so anyways, Iit could be ready for 3.4... I could have it our by this afternoon, in fact...</span><br />
<span class="irc-date">[16:53]</span> <span class="irc-black">&lt;tecoripa&gt; but I have one niggly question that I can't resolve to my satisfaction</span><br />
<span class="irc-date">[16:54]</span> <span class="irc-black">&lt;tecoripa&gt; the current AutoPurger class takes six or seven arguments, in a particular order</span><br />
<span class="irc-date">[16:54]</span> <span class="irc-black">&lt;tecoripa&gt; the second or third argument (I don't remember which)</span><br />
<span class="irc-date">[16:54]</span> <span class="irc-black">&lt;tecoripa&gt; is a pid</span><br />
<span class="irc-date">[16:54]</span> <span class="irc-black">&lt;tecoripa&gt; ideally, I'd like to optionally specify a file in place of this argument, rather than a PID</span><br />
<span class="irc-date">[16:54]</span> <span class="irc-black">&lt;tecoripa&gt; but I can't think of a clean way to do this</span><br />
<span class="irc-date">[16:55]</span> <span class="irc-black">&lt;tecoripa&gt; it would be great if AutoPurger used something like getopts...</span><br />
<span class="irc-date">[16:55]</span> <span class="irc-black">&lt;tecoripa&gt; but it would be great if I were independently wealthy, too</span><br />
<span class="irc-date">[16:56]</span> <span class="irc-black">&lt;sbayliss&gt; maybe it's worth a post to the developers list then a couple of us could take a look at the existing AutoPurge class and maybe suggest something?</span><br />
<span class="irc-date">[16:56]</span> <span class="irc-black">&lt;tecoripa&gt; ok, will do</span><br />
<span class="irc-date">[16:56]</span> <span class="irc-black">&lt;tecoripa&gt; thanks for all your help, Steve</span><br />
<span class="irc-date">[16:56]</span> <span class="irc-black">&lt;sbayliss&gt; no problem Scott, glad to help</span><br />
<span class="irc-date">[16:57]</span> <span class="irc-green">* tecoripa (~sprater@saez.doit.wisc.edu) has left #duraspace</span><br />
<span class="irc-date">[16:57]</span> <span class="irc-navy">* sbayliss (~IceChat7@188-222-88-173.zone13.bethere.co.uk) Quit (Quit: bye!)</span><br />
<span class="irc-date">[16:58]</span> <span class="irc-navy">* Dan_Davis (183bb002@gateway/web/freenode/ip.24.59.176.2) Quit (Quit: Page closed)</span><br />
<span class="irc-date">[18:50]</span> <span class="irc-navy">* cwilper (~cwilper@74-46-71-159.dsl1-erie.roch.ny.frontiernet.net) Quit (Quit: Leaving)</span><br />
<span class="irc-date">[19:54]</span> <span class="irc-navy">* alxp (~alxp@PC044.ROBLIB.UPEI.CA) Quit (Quit: alxp)</span><br />
<span class="irc-date">[21:00]</span> <span class="irc-navy">* mhwood (~mhwood@2001:18e8:3:171:218:8bff:fe2a:56a4) Quit (Remote host closed the connection)</span><br />
<span class="irc-date">[21:16]</span> <span class="irc-navy">* ksclarke (~kevin@adsl-39-10-103.clt.bellsouth.net) Quit (Ping timeout: 252 seconds)</span><br />
<span class="irc-date">[21:32]</span> <span class="irc-green">* ksclarke (~kevin@adsl-39-10-103.clt.bellsouth.net) has joined #duraspace</span><br />
<span class="irc-date">[21:46]</span> <span class="irc-green">* stuartlewis (~stuartlew@s-lewis.itss.auckland.ac.nz) has joined #duraspace</span><br />
<span class="irc-date">[22:06]</span> <span class="irc-green">* tdonohue (~tdonohue@c-98-228-50-55.hsd1.il.comcast.net) has left #duraspace</span><br />
<span class="irc-date">[22:36]</span> <span class="irc-navy">* bradmc (~bradmc@207-172-69-79.c3-0.smr-ubr3.sbo-smr.ma.static.cable.rcn.com) Quit (Quit: bradmc)</span><br />
<span class="irc-date">[23:06]</span> <span class="irc-green">* bradmc (~bradmc@c-66-30-9-86.hsd1.ma.comcast.net) has joined #duraspace</span><br />
<span class="irc-date">[23:32]</span> <span class="irc-navy">* bradmc (~bradmc@c-66-30-9-86.hsd1.ma.comcast.net) Quit (Ping timeout: 245 seconds)</span><br />
<span class="irc-date">[23:34]</span> <span class="irc-green">* bradmc (~bradmc@c-66-30-9-86.hsd1.ma.comcast.net) has joined #duraspace</span><br />
