<span class="irc-date">[0:50]</span> <span class="irc-navy">* stuartlewis (~stuartlew@s-lewis.itss.auckland.ac.nz) Quit (Quit: stuartlewis)</span><br />
<span class="irc-date">[6:29]</span> <span class="irc-brown">-card.freenode.net- *** Looking up your hostname...</span><br />
<span class="irc-date">[6:29]</span> <span class="irc-brown">-card.freenode.net- *** Checking Ident</span><br />
<span class="irc-date">[6:29]</span> <span class="irc-brown">-card.freenode.net- *** Found your hostname</span><br />
<span class="irc-date">[6:29]</span> <span class="irc-brown">-card.freenode.net- *** No Ident response</span><br />
<span class="irc-date">[6:29]</span> <span class="irc-red">[frigg VERSION]</span><br />
<span class="irc-date">[6:30]</span> <span class="irc-green">* DuraLogBot (~PircBot@duraspace.org) has joined #duraspace</span><br />
<span class="irc-date">[6:30]</span> <span class="irc-green">* Topic is 'Welcome to DuraSpace - This channel is logged - <a href="http://duraspace.org/irclogs/'">http://duraspace.org/irclogs/'</a></span><br />
<span class="irc-date">[6:30]</span> <span class="irc-green">* Set by cwilper on Tue Jun 30 20:32:05 UTC 2009</span><br />
<span class="irc-date">[11:35]</span> <span class="irc-green">* alxp (~alxp@PC044.ROBLIB.UPEI.CA) has joined #duraspace</span><br />
<span class="irc-date">[11:58]</span> <span class="irc-green">* mhwood (~mhwood@2001:18e8:3:171:218:8bff:fe2a:56a4) has joined #duraspace</span><br />
<span class="irc-date">[12:47]</span> <span class="irc-navy">* krnl_ (Andrius@193.219.34.106) Quit ()</span><br />
<span class="irc-date">[12:51]</span> <span class="irc-green">* krnl_ (Andrius@193.219.34.106) has joined #duraspace</span><br />
<span class="irc-date">[12:55]</span> <span class="irc-green">* tdonohue (~tdonohue@c-98-228-50-55.hsd1.il.comcast.net) has joined #duraspace</span><br />
<span class="irc-date">[13:32]</span> <span class="irc-green">* ksclarke (~kevin@adsl-235-49-191.clt.bellsouth.net) has joined #duraspace</span><br />
<span class="irc-date">[14:01]</span> <span class="irc-green">* tdonohue (~tdonohue@c-98-228-50-55.hsd1.il.comcast.net) has left #duraspace</span><br />
<span class="irc-date">[14:03]</span> <span class="irc-green">* tdonohue (~tdonohue@c-98-228-50-55.hsd1.il.comcast.net) has joined #duraspace</span><br />
<span class="irc-date">[14:10]</span> <span class="irc-green">* scottatm (~scottatm@adhcp136.evans.tamu.edu) has joined #duraspace</span><br />
<span class="irc-date">[19:44]</span> <span class="irc-green">* keithgilbertson (~keith-noa@lib-kgilbertson.library.gatech.edu) has joined #duraspace</span><br />
<span class="irc-date">[20:00]</span> <span class="irc-black">&lt;tdonohue&gt; Hi all -- DSpace Developers Meeting is beginning here.  Today's agenda: <a href="https://wiki.duraspace.org/display/DSPACE/DevMtg+2010-08-25">https://wiki.duraspace.org/display/DSPACE/DevMtg+2010-08-25</a></span><br />
<span class="irc-date">[20:00]</span> <span class="irc-green">* richardrodgers (~richardro@dhcp-18-111-26-9.dyn.mit.edu) has joined #duraspace</span><br />
<span class="irc-date">[20:01]</span> <span class="irc-black">&lt;tdonohue&gt; We'll start off with a JIRA review (to continue to play catchup) -- <a href="http://jira.dspace.org/jira/secure/IssueNavigator.jspa?reset=true&amp;&amp;pid=10020&amp;resolution=-1&amp;created%3Aprevious=-18w&amp;assigneeSelect=&amp;sorter/field=created&amp;sorter/order=ASC">http://jira.dspace.org/jira/secure/IssueNavigator.jspa?reset=true&amp;&amp;pid=10020&amp;resolution=-1&amp;created%3Aprevious=-18w&amp;assigneeSelect=&amp;sorter/field=created&amp;sorter/order=ASC</a></span><br />
<span class="irc-date">[20:01]</span> <span class="irc-black">&lt;tdonohue&gt; Today, we're starting with DS-564</span><br />
<span class="irc-date">[20:01]</span> <span class="irc-black">&lt;tdonohue&gt; Advanced Search doesnt treat ':' properly  : <a href="http://jira.dspace.org/jira/browse/DS-564">http://jira.dspace.org/jira/browse/DS-564</a></span><br />
<span class="irc-date">[20:01]</span> <span class="irc-green">* joseblanco (8dd32b9d@gateway/web/freenode/ip.141.211.43.157) has joined #duraspace</span><br />
<span class="irc-date">[20:03]</span> <span class="irc-green">* PeterDietz (~PeterDiet@ACK5859s3.lib.ohio-state.edu) has joined #duraspace</span><br />
<span class="irc-date">[20:03]</span> <span class="irc-black">&lt;tdonohue&gt; Any thoughts on DS-564 -- has anyone tried this or found to be a problem locally? <a href="http://jira.dspace.org/jira/browse/DS-564">http://jira.dspace.org/jira/browse/DS-564</a></span><br />
<span class="irc-date">[20:03]</span> <span class="irc-black">&lt;mhwood&gt; Sounds like this needs more investigation to determine just what needs escaping.</span><br />
<span class="irc-date">[20:03]</span> <span class="irc-black">&lt;richardrodgers&gt; or indeed whether one solution fits all</span><br />
<span class="irc-date">[20:04]</span> <span class="irc-black">&lt;tdonohue&gt; Personally, I also wonder whether we should be allowing for Lucene searches in our searchbox -- what if someone really does want to search on ":" (and doesn't realize lucene is underneath)</span><br />
<span class="irc-date">[20:05]</span> <span class="irc-black">&lt;tdonohue&gt; Any volunteers to investigate DS-564 further?  Do we just leave open &amp; unscheduled?</span><br />
<span class="irc-date">[20:05]</span> <span class="irc-black">&lt;snail&gt; tdonohue: have you ever heard of a user actaully doing that?</span><br />
<span class="irc-date">[20:06]</span> <span class="irc-black">&lt;tdonohue&gt; snail: actually doing what? searching on a ":"?   Yea, if there's a ":" in a title they might actually copy &amp; paste the full title into the searchbox</span><br />
<span class="irc-date">[20:06]</span> <span class="irc-black">&lt;snail&gt; tdonohue: point taken</span><br />
<span class="irc-date">[20:06]</span> <span class="irc-black">&lt;tdonohue&gt; ok -- moving on, will leave DS-564 open</span><br />
<span class="irc-date">[20:07]</span> <span class="irc-black">&lt;mhwood&gt; So the question is:  should we try to let Lucene expressions through, or just escape it all.</span><br />
<span class="irc-date">[20:07]</span> <span class="irc-black">&lt;mhwood&gt; OK, moving on.</span><br />
<span class="irc-date">[20:07]</span> <span class="irc-black">&lt;tdonohue&gt; mhwood -- yea, that's the question -- did you have final comments?</span><br />
<span class="irc-date">[20:07]</span> <span class="irc-green">* sandsfish (~sandsfish@dhcp-18-111-12-101.dyn.mit.edu) has joined #duraspace</span><br />
<span class="irc-date">[20:07]</span> <span class="irc-black">&lt;mhwood&gt; No, just trying to make sure we are all considering the same problem.</span><br />
<span class="irc-date">[20:07]</span> <span class="irc-black">&lt;tdonohue&gt; Ok, next one: DS-569:  Trailing white spaces lead to wrong order of texts in browse -- <a href="http://jira.dspace.org/jira/browse/DS-569">http://jira.dspace.org/jira/browse/DS-569</a></span><br />
<span class="irc-date">[20:08]</span> <span class="irc-navy">* keithgilbertson (~keith-noa@lib-kgilbertson.library.gatech.edu) Quit (Ping timeout: 272 seconds)</span><br />
<span class="irc-date">[20:08]</span> <span class="irc-black">&lt;tdonohue&gt; DS-569 seems logical and very minor fix -- should we ask Claudia to commit it?</span><br />
<span class="irc-date">[20:09]</span> <span class="irc-green">* bollini (~chatzilla@host134-12-dynamic.59-82-r.retail.telecomitalia.it) has joined #duraspace</span><br />
<span class="irc-date">[20:10]</span> <span class="irc-black">&lt;PeterDietz&gt; It looks safe to do. I'm +1</span><br />
<span class="irc-date">[20:10]</span> <span class="irc-black">&lt;mhwood&gt; Agreed, sounds simple and there is a patch.  +1</span><br />
<span class="irc-date">[20:11]</span> <span class="irc-black">&lt;tdonohue&gt; +1 myself</span><br />
<span class="irc-date">[20:11]</span> <span class="irc-black">&lt;tdonohue&gt; DS-569 -- Ask claudia to commit it for 1.7 (+3 votes)</span><br />
<span class="irc-date">[20:11]</span> <span class="irc-black">&lt;tdonohue&gt; DS-570: Redirect users to current page on login <a href="http://jira.dspace.org/jira/browse/DS-570">http://jira.dspace.org/jira/browse/DS-570</a></span><br />
<span class="irc-date">[20:12]</span> <span class="irc-black">&lt;PeterDietz&gt; Oh, login and get home page is so annoying to me</span><br />
<span class="irc-date">[20:12]</span> <span class="irc-black">&lt;tdonohue&gt; yea, I know this has been an issue for a while -- we really just need a volunteer to try and figure out a way that works</span><br />
<span class="irc-date">[20:13]</span> <span class="irc-black">&lt;tdonohue&gt; (or two volunteers -- one for XMLUI and one for JSPUI)</span><br />
<span class="irc-date">[20:13]</span> <span class="irc-black">&lt;mhwood&gt; I agree, this sounds quite desirable, and someone says there is a patch.</span><br />
<span class="irc-date">[20:13]</span> <span class="irc-black">&lt;PeterDietz&gt; This could be a bit of work, I've done some work to get it going in JSPUI, so I can grab it for JSPUI atleast</span><br />
<span class="irc-date">[20:13]</span> <span class="irc-black">&lt;PeterDietz&gt; however, there are API changes involved</span><br />
<span class="irc-date">[20:14]</span> <span class="irc-black">&lt;PeterDietz&gt; So, I can take this, and ask for help where needed</span><br />
<span class="irc-date">[20:14]</span> <span class="irc-black">&lt;tdonohue&gt; that's fine, this is a major release -- API changes are allowed, assuming they are "approved" (we'd likely need to have at least another committer review the patch)</span><br />
<span class="irc-date">[20:14]</span> <span class="irc-black">&lt;tdonohue&gt; sounds good, assign DS-570 to PeterDietz</span><br />
<span class="irc-date">[20:14]</span> <span class="irc-black">&lt;tdonohue&gt; (we can find someone to help with XMLUI side as needed)</span><br />
<span class="irc-date">[20:15]</span> <span class="irc-black">&lt;tdonohue&gt; DS-575: On item pages, collection link should go to title browse, not collection splash page <a href="http://jira.dspace.org/jira/browse/DS-575">http://jira.dspace.org/jira/browse/DS-575</a></span><br />
<span class="irc-date">[20:16]</span> <span class="irc-green">* keithgilbertson (~keith-noa@lib-kgilbertson.library.gatech.edu) has joined #duraspace</span><br />
<span class="irc-date">[20:16]</span> <span class="irc-black">&lt;sandsfish&gt; there are also situations where, for instance, someone is sent to a login page based on requesting a restricted bitstream, at which point they need to be directed to a landing page and download the file, or the situation where shib auth redirects the user to other urls and comes back.  not the simplest thing to fix comprehensively.  just sayin'.</span><br />
<span class="irc-date">[20:16]</span> <span class="irc-black">&lt;sandsfish&gt; (for 570, that is.)</span><br />
<span class="irc-date">[20:16]</span> <span class="irc-black">&lt;tdonohue&gt; yep -- we can note for DS-570...thanks sandsfish</span><br />
<span class="irc-date">[20:17]</span> <span class="irc-black">&lt;bollini&gt; DS-575 -1, it is not a bug and not a general acceptable improvement</span><br />
<span class="irc-date">[20:17]</span> <span class="irc-black">&lt;tdonohue&gt; thoughts on DS-575?  Needs more discussion or examples?</span><br />
<span class="irc-date">[20:18]</span> <span class="irc-black">&lt;tdonohue&gt; I'd agree, not sure this would be generally acceptable -- needs more feeback</span><br />
<span class="irc-date">[20:18]</span> <span class="irc-black">&lt;tdonohue&gt; I could suggest this be discussed by Global Outreach Committee, and see what they think</span><br />
<span class="irc-date">[20:19]</span> <span class="irc-black">&lt;mhwood&gt; Yeah, we need more end-user input on what is expected.</span><br />
<span class="irc-date">[20:19]</span> <span class="irc-black">&lt;sandsfish&gt; This is a common UX problem in MIT's instance.  People are confused with this on a regular basis.</span><br />
<span class="irc-date">[20:19]</span> <span class="irc-black">&lt;tdonohue&gt; DS-575 -- forward to Global Outreach Committee?  Is this really a change that would be generally acceptable?</span><br />
<span class="irc-date">[20:19]</span> <span class="irc-black">&lt;PeterDietz&gt; the improvement would need to be in what also to show on collection page. Such as recent-items, most-downloaded-items, discovery-matching-items</span><br />
<span class="irc-date">[20:20]</span> <span class="irc-black">&lt;PeterDietz&gt; ...just forwarding to browse-by-title would for one, not allow admin to edit the collection page</span><br />
<span class="irc-date">[20:20]</span> <span class="irc-black">&lt;tdonohue&gt; PeterDietz -- good point, maybe the Collection page actually needs the change</span><br />
<span class="irc-date">[20:21]</span> <span class="irc-black">&lt;tdonohue&gt; we'll move on for now, we'll wait for more feedback on DS-575</span><br />
<span class="irc-date">[20:21]</span> <span class="irc-black">&lt;tdonohue&gt; DS-585: The Content Disposition configuration is ignored by unpublished items <a href="http://jira.dspace.org/jira/browse/DS-585">http://jira.dspace.org/jira/browse/DS-585</a></span><br />
<span class="irc-date">[20:22]</span> <span class="irc-black">&lt;richardrodgers&gt; bollini: do you have a fix/patch?</span><br />
<span class="irc-date">[20:22]</span> <span class="irc-black">&lt;tdonohue&gt; bollini -- do you have a patch to fix DS-585, or you just found this bug?</span><br />
<span class="irc-date">[20:22]</span> <span class="irc-black">&lt;tdonohue&gt; (richardrodgers and i think alike)</span><br />
<span class="irc-date">[20:22]</span> <span class="irc-black">&lt;bollini&gt; oh yes I have</span><br />
<span class="irc-date">[20:22]</span> <span class="irc-black">&lt;richardrodgers&gt; then +1</span><br />
<span class="irc-date">[20:22]</span> <span class="irc-black">&lt;bollini&gt; just forget to share / commit</span><br />
<span class="irc-date">[20:23]</span> <span class="irc-black">&lt;tdonohue&gt; +1 -- can I assign it to you bollini?</span><br />
<span class="irc-date">[20:23]</span> <span class="irc-black">&lt;bollini&gt; yes</span><br />
<span class="irc-date">[20:23]</span> <span class="irc-black">&lt;mhwood&gt; +1 with patch</span><br />
<span class="irc-date">[20:23]</span> <span class="irc-black">&lt;tdonohue&gt; DS-585 -- assign to bollini, he will share patch &amp; add to 1.7</span><br />
<span class="irc-date">[20:23]</span> <span class="irc-black">&lt;tdonohue&gt; DS-586  LDAP users with no mail field can't autoregister <a href="http://jira.dspace.org/jira/browse/DS-586">http://jira.dspace.org/jira/browse/DS-586</a></span><br />
<span class="irc-date">[20:25]</span> <span class="irc-black">&lt;tdonohue&gt; DS-586 seems like a bigger patch than I would expect -- anyone use LDAP locally, and have time to review this in more detail?</span><br />
<span class="irc-date">[20:25]</span> <span class="irc-black">&lt;richardrodgers&gt; Is there an LDAP-enabled dev who can review this?</span><br />
<span class="irc-date">[20:27]</span> <span class="irc-black">&lt;tdonohue&gt; sounds like no takers?  I don't have LDAP, unfortunately</span><br />
<span class="irc-date">[20:28]</span> <span class="irc-black">&lt;tdonohue&gt; DS-586 -- Needs a volunteer who has access to LDAP</span><br />
<span class="irc-date">[20:28]</span> <span class="irc-black">&lt;tdonohue&gt; We'll do one last one</span><br />
<span class="irc-date">[20:28]</span> <span class="irc-black">&lt;tdonohue&gt; DS-587: add the capability to indicate a withdraw reason to an item ( tombstone ) -- <a href="http://jira.dspace.org/jira/browse/DS-587">http://jira.dspace.org/jira/browse/DS-587</a></span><br />
<span class="irc-date">[20:29]</span> <span class="irc-black">&lt;tdonohue&gt; DS-587 -- looks like Claudia expressed some concerns about the provided patch</span><br />
<span class="irc-date">[20:29]</span> <span class="irc-black">&lt;PeterDietz&gt; What currently happens when an item is withdrawn</span><br />
<span class="irc-date">[20:30]</span> <span class="irc-black">&lt;mhwood&gt; Sounds desirable but needs some elaboration.</span><br />
<span class="irc-date">[20:30]</span> <span class="irc-black">&lt;tdonohue&gt; PeterDietz -- currently, it just disappears -- "Page not found" 404 error</span><br />
<span class="irc-date">[20:31]</span> <span class="irc-black">&lt;bollini&gt; mmm... it is showed a thumbnail page (and the 404 code is supplied)</span><br />
<span class="irc-date">[20:31]</span> <span class="irc-black">&lt;richardrodgers&gt; I'm puzzled - I could swear tombstones used to work (not 404s)</span><br />
<span class="irc-date">[20:31]</span> <span class="irc-black">&lt;mhwood&gt; Me too.</span><br />
<span class="irc-date">[20:31]</span> <span class="irc-black">&lt;tdonohue&gt; hmmm...maybe I'm mistaken?   I think it's a 404 in XMLUI at least</span><br />
<span class="irc-date">[20:32]</span> <span class="irc-black">&lt;richardrodgers&gt; Maybe it got lost in Manakin translation?</span><br />
<span class="irc-date">[20:32]</span> <span class="irc-black">&lt;richardrodgers&gt; Can we try in dspace.org demo (jsp)?</span><br />
<span class="irc-date">[20:32]</span> <span class="irc-black">&lt;tdonohue&gt; Here you go...withdrawn item</span><br />
<span class="irc-date">[20:33]</span> <span class="irc-black">&lt;tdonohue&gt; XMLUI: <a href="http://demo.dspace.org/xmlui/handle/1842/187">http://demo.dspace.org/xmlui/handle/1842/187</a></span><br />
<span class="irc-date">[20:33]</span> <span class="irc-black">&lt;tdonohue&gt; JSPUI: <a href="http://demo.dspace.org/jspui/handle/1842/187">http://demo.dspace.org/jspui/handle/1842/187</a></span><br />
<span class="irc-date">[20:33]</span> <span class="irc-black">&lt;tdonohue&gt; JSPUI does have a tombstone</span><br />
<span class="irc-date">[20:33]</span> <span class="irc-black">&lt;richardrodgers&gt; Right no 404</span><br />
<span class="irc-date">[20:33]</span> <span class="irc-black">&lt;tdonohue&gt; XMLUI says it's "restricted"</span><br />
<span class="irc-date">[20:33]</span> <span class="irc-black">&lt;tdonohue&gt; I was wrong on both counts :)</span><br />
<span class="irc-date">[20:34]</span> <span class="irc-black">&lt;tdonohue&gt; So, it looks like DS-587 is about being able to add a reason *why* something was withdrawn (i.e. an improved tombstone msg)</span><br />
<span class="irc-date">[20:35]</span> <span class="irc-black">&lt;mhwood&gt; Wasn't there another issue about being asked to login to see that an item is withdrawn?</span><br />
<span class="irc-date">[20:35]</span> <span class="irc-black">&lt;mhwood&gt; Improved tombstone page sounds good, if we are to have one at all.</span><br />
<span class="irc-date">[20:36]</span> <span class="irc-black">&lt;tdonohue&gt; Yep -- DS-135: <a href="http://jira.dspace.org/jira/browse/DS-135">http://jira.dspace.org/jira/browse/DS-135</a> (Withdrawn items displayed as "restricted" rather than withdrawn)</span><br />
<span class="irc-date">[20:36]</span> <span class="irc-black">&lt;joseblanco&gt; the patch will show the item display page with a message by the bitstream and right about the bitstream the reason for withdraw</span><br />
<span class="irc-date">[20:36]</span> <span class="irc-black">&lt;bollini&gt; some institutions can not like the idea to show the metadata at all</span><br />
<span class="irc-date">[20:37]</span> <span class="irc-black">&lt;tdonohue&gt; joseblanco -- so, the patch actually displays all the item's metadata?, despite it being withdrawn?</span><br />
<span class="irc-date">[20:37]</span> <span class="irc-black">&lt;richardrodgers&gt; Yes, the tombstone hid the metadata also</span><br />
<span class="irc-date">[20:37]</span> <span class="irc-black">&lt;joseblanco&gt; yes.  I'm trying to find one here, but have not found one yet.</span><br />
<span class="irc-date">[20:38]</span> <span class="irc-black">&lt;mhwood&gt; This may want to be configurable:  either a noncommittal 404 page or a tombstone page with a reason.  I feel that XMLUI is wrong either way here.</span><br />
<span class="irc-date">[20:38]</span> <span class="irc-black">&lt;tdonohue&gt; ok -- this may need more work then -- I'm not sure we should be switching functionality such that metadata is now displayed for withdrawn items -- part of the reason for withdrawal is also to get them out of Google (and other search engines), and leaving the metadata there encourages Google to still link to it</span><br />
<span class="irc-date">[20:38]</span> <span class="irc-black">&lt;joseblanco&gt; I just found one:  <a href="http://deepblue.lib.umich.edu/handle/2027.42/48750">http://deepblue.lib.umich.edu/handle/2027.42/48750</a></span><br />
<span class="irc-date">[20:39]</span> <span class="irc-black">&lt;tdonohue&gt; mhwood : I agree about XMLUI being "wrong" --- JSPUI is "more right" (if that makes sense)</span><br />
<span class="irc-date">[20:40]</span> <span class="irc-black">&lt;tdonohue&gt; So, for DS-587, sounds like we need an improved patch (based on Claudia's comments, and based on the metadata being displayed by default)</span><br />
<span class="irc-date">[20:41]</span> <span class="irc-black">&lt;joseblanco&gt; I am planning on cleaning it up a bit based on Claudia's comments, probably in a couple of days.  If that helps.</span><br />
<span class="irc-date">[20:41]</span> <span class="irc-black">&lt;mhwood&gt; So, DS-135 will take care of XMLUI.  DS-587 can be just for JSPUI.</span><br />
<span class="irc-date">[20:41]</span> <span class="irc-black">&lt;bollini&gt; mmm... I don't like the idea to show metadata for withdrawn item at all</span><br />
<span class="irc-date">[20:42]</span> <span class="irc-black">&lt;tdonohue&gt; joseblanco -- that would help.   we'd need a new patch to review.</span><br />
<span class="irc-date">[20:42]</span> <span class="irc-black">&lt;bollini&gt; if you need to use withdrawn functionality to hide files just remove policies on the bitstreams</span><br />
<span class="irc-date">[20:43]</span> <span class="irc-black">&lt;tdonohue&gt; bollini -- yea, I agree with you.  I think you misunderstood -- I agree that metadata should be hidden by default (perhaps there could be an option to enable display of metadata, but it needs to be off by default)</span><br />
<span class="irc-date">[20:43]</span> <span class="irc-black">&lt;bollini&gt; tdonohue - we should be care about providing a such option</span><br />
<span class="irc-date">[20:43]</span> <span class="irc-black">&lt;PeterDietz&gt; I wonder if it should throw http 403 -- forbidden</span><br />
<span class="irc-date">[20:44]</span> <span class="irc-black">&lt;mhwood&gt; Yes, I thought the reason for a tombstone was to indicate, "no, you're not crazy; we did have that, but we took it down."</span><br />
<span class="irc-date">[20:44]</span> <span class="irc-black">&lt;tdonohue&gt; PeterDietz -- probably should throw a 403, i'd agree</span><br />
<span class="irc-date">[20:44]</span> <span class="irc-black">&lt;kshepherd&gt; how permanent are withdrawals for most people?</span><br />
<span class="irc-date">[20:44]</span> <span class="irc-black">&lt;joseblanco&gt; In our case we wanted to give users a reason for the reason coming down.</span><br />
<span class="irc-date">[20:44]</span> <span class="irc-black">&lt;kshepherd&gt; just as an aside, if you want google to de-index it, i think a 410 (Gone) is best</span><br />
<span class="irc-date">[20:45]</span> <span class="irc-black">&lt;mhwood&gt; Shouldn't be 200, at any rate.</span><br />
<span class="irc-date">[20:45]</span> <span class="irc-black">&lt;kshepherd&gt; but 410 might be too strong if the item could be reinstated within a short period of time</span><br />
<span class="irc-date">[20:45]</span> <span class="irc-black">&lt;tdonohue&gt; yea the 410 description says to use 404 if not permanent: <a href="http://www.w3.org/Protocols/rfc2616/rfc2616-sec10.html">http://www.w3.org/Protocols/rfc2616/rfc2616-sec10.html</a></span><br />
<span class="irc-date">[20:46]</span> <span class="irc-black">&lt;kshepherd&gt; yep true</span><br />
<span class="irc-date">[20:46]</span> <span class="irc-black">&lt;tdonohue&gt; So, it's probably either 403 or 404 -- but definitely not 200</span><br />
<span class="irc-date">[20:46]</span> <span class="irc-black">&lt;tdonohue&gt; Ok -- we'll leave it at that -- we are running long already :)</span><br />
<span class="irc-date">[20:46]</span> <span class="irc-black">&lt;mhwood&gt; I think 403 ought to mean you need to login, or login as someone else.</span><br />
<span class="irc-date">[20:47]</span> <span class="irc-green">* sandsfish_ (~sandsfish@dhcp-18-111-12-101.dyn.mit.edu) has joined #duraspace</span><br />
<span class="irc-date">[20:47]</span> <span class="irc-black">&lt;tdonohue&gt; mhwood -- yea, I think 404 may be "best" for a tombstone, and 403 is "best" for a restricted item</span><br />
<span class="irc-date">[20:47]</span> <span class="irc-black">&lt;tdonohue&gt; Switching gears now -- DSpace 1.7 updates -- any to report?</span><br />
<span class="irc-date">[20:47]</span> <span class="irc-black">&lt;kshepherd&gt; tdonohue: +1</span><br />
<span class="irc-date">[20:47]</span> <span class="irc-black">&lt;kshepherd&gt; and 410 for 'purged/deleted' tombstones if we ever do those ;)</span><br />
<span class="irc-date">[20:48]</span> <span class="irc-black">&lt;PeterDietz&gt; If people could look through a jira filter:: Jira: 1.7 issues that are unresolved and no-one assigned to them. <a href="http://jira.dspace.org/jira/secure/IssueNavigator.jspa?reset=true&amp;&amp;pid=10020&amp;fixfor=10031&amp;status=1&amp;status=3&amp;status=4&amp;status=10000&amp;assigneeSelect=unassigned&amp;sorter/field=created&amp;sorter/order=ASC">http://jira.dspace.org/jira/secure/IssueNavigator.jspa?reset=true&amp;&amp;pid=10020&amp;fixfor=10031&amp;status=1&amp;status=3&amp;status=4&amp;status=10000&amp;assigneeSelect=unassigned&amp;sorter/field=created&amp;sorter/order=ASC</a></span><br />
<span class="irc-date">[20:48]</span> <span class="irc-black">&lt;tdonohue&gt; One other DSpace 1.7 update I know of -- the DSpace Docs to the Wiki process should be completed this weekend or early next week.  (Jeff is working hard on that)</span><br />
<span class="irc-date">[20:49]</span> <span class="irc-black">&lt;mhwood&gt; This is under way?  I missed that.  Good thing I didn't do any doc updates lately.</span><br />
<span class="irc-date">[20:50]</span> <span class="irc-black">&lt;tdonohue&gt; mhwood -- yea, it's under way now.  I mentioned it briefly last week (I thought, though maybe I forgot).  In any case, avoid any docbook updates for now</span><br />
<span class="irc-date">[20:50]</span> <span class="irc-navy">* sandsfish (~sandsfish@dhcp-18-111-12-101.dyn.mit.edu) Quit (Ping timeout: 276 seconds)</span><br />
<span class="irc-date">[20:50]</span> <span class="irc-black">&lt;PeterDietz&gt; I don't think I have anything to report</span><br />
<span class="irc-date">[20:50]</span> <span class="irc-green">* sandsfish (~sandsfish@dhcp-18-111-12-101.dyn.mit.edu) has joined #duraspace</span><br />
<span class="irc-date">[20:51]</span> <span class="irc-black">&lt;bollini&gt; I have some news about discovery and jspui</span><br />
<span class="irc-date">[20:51]</span> <span class="irc-black">&lt;richardrodgers&gt; I should (tdonohue twisting my arm ) put a 'curation'  branch up soon so people can begin to look at it</span><br />
<span class="irc-date">[20:51]</span> <span class="irc-black">&lt;tdonohue&gt;  Please help out Peter &amp; everyone else by claiming some unresolved issues if you have a chance!</span><br />
<span class="irc-date">[20:51]</span> <span class="irc-navy">* sandsfish_ (~sandsfish@dhcp-18-111-12-101.dyn.mit.edu) Quit (Ping timeout: 255 seconds)</span><br />
<span class="irc-date">[20:51]</span> <span class="irc-brick">* tdonohue will stop twisting richards arm now :)</span><br />
<span class="irc-date">[20:51]</span> <span class="irc-black">&lt;bollini&gt; should we talk about it (discovery) or is better wait for Mark and discuss this on the mailing list?</span><br />
<span class="irc-date">[20:51]</span> <span class="irc-black">&lt;tdonohue&gt; bollini -- what did you want to report about discovery &amp; JSPUI?</span><br />
<span class="irc-date">[20:52]</span> <span class="irc-black">&lt;mhwood&gt; I need to put a recurring task on my calendar to go stare at JIRA and see what I can do.</span><br />
<span class="irc-date">[20:52]</span> <span class="irc-black">&lt;kshepherd&gt; i'm going to try submit a small 'virtual sets' feature soon (focussing on oai rather than collections as a whole)</span><br />
<span class="irc-date">[20:52]</span> <span class="irc-black">&lt;tdonohue&gt; kshepherd -- OAI sets?</span><br />
<span class="irc-date">[20:52]</span> <span class="irc-black">&lt;kshepherd&gt; bollini: i'm keen to hear news :)</span><br />
<span class="irc-date">[20:52]</span> <span class="irc-black">&lt;richardrodgers&gt; kshepherd: cool do tell</span><br />
<span class="irc-date">[20:52]</span> <span class="irc-black">&lt;kshepherd&gt; tdonohue: yes.. this seems to be what most people wanted from 'virtual collections' in the first place</span><br />
<span class="irc-date">[20:52]</span> <span class="irc-black">&lt;bollini&gt; my progress are... before to have read the last mail from Mark I was at most finished the work</span><br />
<span class="irc-date">[20:53]</span> <span class="irc-black">&lt;bollini&gt; I have done a BrowseSolrDAO</span><br />
<span class="irc-date">[20:53]</span> <span class="irc-black">&lt;kshepherd&gt; richardrodgers: assigning OAI set identifiers to browse indexes, or search query results, etc..</span><br />
<span class="irc-date">[20:54]</span> <span class="irc-black">&lt;richardrodgers&gt; kshepherd: are these IDs persisted?</span><br />
<span class="irc-date">[20:54]</span> <span class="irc-black">&lt;tdonohue&gt; kshepherd -- yes, makes sense -- I'll look forward to see what you have on the OAI sets, and how it may/may not relate to that JIRA issue -- e.g. <a href="http://jira.dspace.org/jira/browse/DS-277">http://jira.dspace.org/jira/browse/DS-277</a> ,</span><br />
<span class="irc-date">[20:54]</span> <span class="irc-black">&lt;kshepherd&gt; richardrodgers: well.. that's the tricky part.. which is why i wanted to avoid the entire "collection" being virtual since that brings handles into the mix</span><br />
<span class="irc-date">[20:55]</span> <span class="irc-black">&lt;kshepherd&gt; bollini: sounds great.. anything in svn or jira?</span><br />
<span class="irc-date">[20:56]</span> <span class="irc-black">&lt;bollini&gt; ksheperd: not at the moment... I need to figure which is the best way to share</span><br />
<span class="irc-date">[20:57]</span> <span class="irc-black">&lt;bollini&gt; with the BrowseSolrDAO we get the same identical functionality of the actual system</span><br />
<span class="irc-date">[20:57]</span> <span class="irc-black">&lt;bollini&gt; but we only rely on the "search" Solr core</span><br />
<span class="irc-date">[20:57]</span> <span class="irc-black">&lt;bollini&gt; there are some issues...</span><br />
<span class="irc-date">[20:57]</span> <span class="irc-black">&lt;tdonohue&gt; bollini -- Discovery does have it's own JIRA area (<a href="http://jira.dspace.org/jira/browse/DSCR),">http://jira.dspace.org/jira/browse/DSCR),</a> that might be a way to share.  Or you could always create an area in the SVN 'sandbox' if the patch would be way too big: <a href="http://scm.dspace.org/svn/repo/sandbox/">http://scm.dspace.org/svn/repo/sandbox/</a></span><br />
<span class="irc-date">[20:58]</span> <span class="irc-black">&lt;bollini&gt; tdonohue - sandbox look good, I can start with a branch of discovery</span><br />
<span class="irc-date">[20:59]</span> <span class="irc-black">&lt;tdonohue&gt; sounds great, bollini.</span><br />
<span class="irc-date">[20:59]</span> <span class="irc-black">&lt;bollini&gt; the main issues are:</span><br />
<span class="irc-date">[20:59]</span> <span class="irc-black">&lt;bollini&gt; 1) the dspace metadata now are more rich than in the past... we have a value and an authority key</span><br />
<span class="irc-date">[21:00]</span> <span class="irc-green">* stuartlewis (~stuartlew@s-lewis.itss.auckland.ac.nz) has joined #duraspace</span><br />
<span class="irc-date">[21:00]</span> <span class="irc-black">&lt;bollini&gt; so we need to find a way to store both coupled data in solr</span><br />
<span class="irc-date">[21:00]</span> <span class="irc-green">* sandsfish_ (~sandsfish@dhcp-18-111-12-101.dyn.mit.edu) has joined #duraspace</span><br />
<span class="irc-date">[21:00]</span> <span class="irc-black">&lt;bollini&gt; my solution is store with a fixed syntax value|||authority_key</span><br />
<span class="irc-date">[21:01]</span> <span class="irc-black">&lt;mhwood&gt; There is a wiki page <a href="https://wiki.duraspace.org/display/DSPACE/DSpace+Discovery">https://wiki.duraspace.org/display/DSPACE/DSpace+Discovery</a> where design issues can be documented.</span><br />
<span class="irc-date">[21:02]</span> <span class="irc-black">&lt;bollini&gt; mhwood - you are right... I will put my notes here</span><br />
<span class="irc-date">[21:02]</span> <span class="irc-black">&lt;tdonohue&gt; What we did *not* get to today is any further discussion of Async Release Processes (but, mdiggory, who suggested it isn't here anyways).   I'd like to discuss this next week  and come up with some ideas/plans -- Please read the details in today's agenda for mdiggory's general idea: <a href="https://wiki.duraspace.org/display/DSPACE/DevMtg+2010-08-25">https://wiki.duraspace.org/display/DSPACE/DevMtg+2010-08-25</a>  (Other thoughts/ideas are welcome and encouraged)</span><br />
<span class="irc-date">[21:03]</span> <span class="irc-black">&lt;tdonohue&gt; Mark's general idea is to use Maven's abilities to try and find ways to install "external addons" to Dspace (where an "addon" is a Maven project)</span><br />
<span class="irc-date">[21:03]</span> <span class="irc-navy">* sandsfish (~sandsfish@dhcp-18-111-12-101.dyn.mit.edu) Quit (Ping timeout: 276 seconds)</span><br />
<span class="irc-date">[21:03]</span> <span class="irc-green">* sandsfish_ is now known as sandsfish</span><br />
<span class="irc-date">[21:04]</span> <span class="irc-black">&lt;tdonohue&gt; The two key things are Maven Archetypes (essentially templates, which can create templated files/directories), and Maven Plugins (which add custom Java-based functionality to Maven).</span><br />
<span class="irc-date">[21:05]</span> <span class="irc-black">&lt;mhwood&gt; The difficulty is how to get stuff like configuration extensions, additional page content, and the like to plugin to DSpace.</span><br />
<span class="irc-date">[21:05]</span> <span class="irc-black">&lt;tdonohue&gt; Just wanted to make you all more aware of Mark's ideas -- I'm still digging deeper into this as well.  I'd appreciate your thoughts/ideas as you do the same.</span><br />
<span class="irc-date">[21:05]</span> <span class="irc-black">&lt;kshepherd&gt; mhwood: indeed..</span><br />
<span class="irc-date">[21:05]</span> <span class="irc-black">&lt;tdonohue&gt; mhwood -- yea, I don't think Maven will help with that.  I think that's more of a "plugin framework"</span><br />
<span class="irc-date">[21:06]</span> <span class="irc-black">&lt;bollini&gt; just my fast 2cents... async release often requires complex compatibility matrix</span><br />
<span class="irc-date">[21:06]</span> <span class="irc-black">&lt;kshepherd&gt; i was wondering the other day whether a 'conf.d'-style directory in [dspace] would be better than a single dspace.cfg</span><br />
<span class="irc-date">[21:06]</span> <span class="irc-black">&lt;mhwood&gt; If we can make space for such actions, Maven can capitalize on them.</span><br />
<span class="irc-date">[21:06]</span> <span class="irc-navy">* joseblanco (8dd32b9d@gateway/web/freenode/ip.141.211.43.157) Quit (Quit: Page closed)</span><br />
<span class="irc-date">[21:06]</span> <span class="irc-black">&lt;kshepherd&gt; so new configs for particular modules/plugins/features can be added and removed rather than merged into one file</span><br />
<span class="irc-date">[21:07]</span> <span class="irc-black">&lt;tdonohue&gt; kshepherd -- interesting idea, and simple enough :)</span><br />
<span class="irc-date">[21:07]</span> <span class="irc-black">&lt;kshepherd&gt; and everything in that dir gets parsed by ConfigurationManager</span><br />
<span class="irc-date">[21:07]</span> <span class="irc-black">&lt;richardrodgers&gt; kshepherd: in my curation stuff, I just add a config subdirectory - drop it in and it is accessable</span><br />
<span class="irc-date">[21:07]</span> <span class="irc-black">&lt;sandsfish&gt; I also wonder about UNinstalling, were something to go wrong.  Or would a user have to go picking out the thorns...  food for thought.</span><br />
<span class="irc-date">[21:07]</span> <span class="irc-black">&lt;bollini&gt; configuration options can be already splitted</span><br />
<span class="irc-date">[21:07]</span> <span class="irc-black">&lt;mhwood&gt; Yes.  There is another current, though:  moving all but essential bootstrap configuration data into the database.  How to modularize that...?</span><br />
<span class="irc-date">[21:07]</span> <span class="irc-black">&lt;bollini&gt; take a look at the dspace-service framework</span><br />
<span class="irc-date">[21:08]</span> <span class="irc-black">&lt;bollini&gt; options for the dspace-services and dspace-discovery are retrieved from external files (not dspace.cfg)</span><br />
<span class="irc-date">[21:08]</span> <span class="irc-black">&lt;kshepherd&gt; richardrodgers: not sure if i follow.. unless we're talking about the same thing in slightly different ways ;)</span><br />
<span class="irc-date">[21:09]</span> <span class="irc-black">&lt;tdonohue&gt; yea -- once you build more into the dspace-services framework, that idea does come along with it.  But, currently, most of our code still uses the old ConfigurationManager :(</span><br />
<span class="irc-date">[21:09]</span> <span class="irc-black">&lt;kshepherd&gt; yeah sorry i was just going on a config tangent</span><br />
<span class="irc-date">[21:09]</span> <span class="irc-black">&lt;richardrodgers&gt; kshepherd: I extended ConfigurationManager to look for arbitrary files in config</span><br />
<span class="irc-date">[21:09]</span> <span class="irc-black">&lt;kshepherd&gt; richardrodgers: right.. yep, that's pretty much what i was thinking</span><br />
<span class="irc-date">[21:09]</span> <span class="irc-black">&lt;richardrodgers&gt; it's trivial and easy</span><br />
<span class="irc-date">[21:09]</span> <span class="irc-black">&lt;mhwood&gt; First step in moving to services-style configuration is a ConfigurationManager that wraps it.</span><br />
<span class="irc-date">[21:10]</span> <span class="irc-black">&lt;tdonohue&gt; mhwood -- yea, we need a volunteer to help make that happen :)</span><br />
<span class="irc-date">[21:11]</span> <span class="irc-brick">* tdonohue notes we're well over time...head out if you need to.   We'll dig more into Async next week (and perhaps more config talk too if needed) -- other topic ideas welcome, pass them along</span><br />
<span class="irc-date">[21:12]</span> <span class="irc-black">&lt;mhwood&gt; Ah, yes, must go.  Thanks, all!</span><br />
<span class="irc-date">[21:12]</span> <span class="irc-green">* mhwood (~mhwood@2001:18e8:3:171:218:8bff:fe2a:56a4) has left #duraspace</span><br />
<span class="irc-date">[21:13]</span> <span class="irc-black">&lt;sandsfish&gt; bye all</span><br />
<span class="irc-date">[21:13]</span> <span class="irc-navy">* sandsfish (~sandsfish@dhcp-18-111-12-101.dyn.mit.edu) Quit (Quit: sandsfish)</span><br />
<span class="irc-date">[21:13]</span> <span class="irc-black">&lt;bollini&gt; I go too, see you next week</span><br />
<span class="irc-date">[21:13]</span> <span class="irc-black">&lt;richardrodgers&gt; Also must go  - thanks all</span><br />
<span class="irc-date">[21:14]</span> <span class="irc-black">&lt;kshepherd&gt; cheers all</span><br />
<span class="irc-date">[21:14]</span> <span class="irc-navy">* richardrodgers (~richardro@dhcp-18-111-26-9.dyn.mit.edu) Quit (Quit: richardrodgers)</span><br />
<span class="irc-date">[21:14]</span> <span class="irc-navy">* bollini (~chatzilla@host134-12-dynamic.59-82-r.retail.telecomitalia.it) Quit (Quit: ChatZilla 0.9.86 [Firefox 3.6.8/20100722155716])</span><br />
<span class="irc-date">[21:15]</span> <span class="irc-navy">* keithgilbertson (~keith-noa@lib-kgilbertson.library.gatech.edu) Quit (Quit: keithgilbertson)</span><br />
<span class="irc-date">[21:39]</span> <span class="irc-navy">* alxp (~alxp@PC044.ROBLIB.UPEI.CA) Quit (Quit: alxp)</span><br />
<span class="irc-date">[22:11]</span> <span class="irc-green">* tdonohue (~tdonohue@c-98-228-50-55.hsd1.il.comcast.net) has left #duraspace</span><br />
