<span class="irc-date">[6:09]</span> <span class="irc-green">* Tonny_DK (~thl@130.226.36.117) has joined #duraspace</span><br />
<span class="irc-date">[6:51]</span> <span class="irc-brown">-card.freenode.net- *** Looking up your hostname...</span><br />
<span class="irc-date">[6:51]</span> <span class="irc-brown">-card.freenode.net- *** Checking Ident</span><br />
<span class="irc-date">[6:51]</span> <span class="irc-brown">-card.freenode.net- *** Found your hostname</span><br />
<span class="irc-date">[6:52]</span> <span class="irc-brown">-card.freenode.net- *** No Ident response</span><br />
<span class="irc-date">[6:52]</span> <span class="irc-red">[frigg VERSION]</span><br />
<span class="irc-date">[6:52]</span> <span class="irc-green">* DuraLogBot (~PircBot@duraspace.org) has joined #duraspace</span><br />
<span class="irc-date">[6:52]</span> <span class="irc-green">* Topic is 'Welcome to DuraSpace - This channel is logged - <a href="http://duraspace.org/irclogs/'">http://duraspace.org/irclogs/'</a></span><br />
<span class="irc-date">[6:52]</span> <span class="irc-green">* Set by cwilper on Tue Jun 30 20:32:05 UTC 2009</span><br />
<span class="irc-date">[8:19]</span> <span class="irc-green">* robint (81d7473d@gateway/web/freenode/ip.129.215.71.61) has joined #duraspace</span><br />
<span class="irc-date">[8:27]</span> <span class="irc-navy">* robint (81d7473d@gateway/web/freenode/ip.129.215.71.61) Quit (Quit: Page closed)</span><br />
<span class="irc-date">[11:01]</span> <span class="irc-green">* g8tor (~g8tor@pool-173-79-67-20.washdc.fios.verizon.net) has joined #duraspace</span><br />
<span class="irc-date">[11:01]</span> <span class="irc-green">* g8tor (~g8tor@pool-173-79-67-20.washdc.fios.verizon.net) has left #duraspace</span><br />
<span class="irc-date">[12:06]</span> <span class="irc-green">* mhwood (~mhwood@2001:18e8:3:171:218:8bff:fe2a:56a4) has joined #duraspace</span><br />
<span class="irc-date">[12:58]</span> <span class="irc-navy">* ksclarke (~kevin@adsl-235-49-191.clt.bellsouth.net) Quit (Ping timeout: 255 seconds)</span><br />
<span class="irc-date">[13:13]</span> <span class="irc-green">* ksclarke (~kevin@adsl-235-49-191.clt.bellsouth.net) has joined #duraspace</span><br />
<span class="irc-date">[13:30]</span> <span class="irc-green">* tdonohue (~tdonohue@c-98-228-50-55.hsd1.il.comcast.net) has joined #duraspace</span><br />
<span class="irc-date">[13:33]</span> <span class="irc-navy">* Tonny_DK (~thl@130.226.36.117) Quit (Quit: Leaving.)</span><br />
<span class="irc-date">[15:34]</span> <span class="irc-green">* alxp (~alxp@blk-142-30-214.eastlink.ca) has joined #duraspace</span><br />
<span class="irc-date">[16:41]</span> <span class="irc-navy">* krnl_ (Andrius@193.219.34.106) Quit (Ping timeout: 240 seconds)</span><br />
<span class="irc-date">[16:43]</span> <span class="irc-green">* krnl_ (Andrius@193.219.34.106) has joined #duraspace</span><br />
<span class="irc-date">[19:49]</span> <span class="irc-navy">* alxp (~alxp@blk-142-30-214.eastlink.ca) Quit (Quit: alxp)</span><br />
<span class="irc-date">[20:00]</span> <span class="irc-navy">* mhwood (~mhwood@2001:18e8:3:171:218:8bff:fe2a:56a4) Quit (Remote host closed the connection)</span><br />
<span class="irc-date">[20:41]</span> <span class="irc-navy">* mdiggory (~mdiggory@ip72-199-217-116.sd.sd.cox.net) Quit (Quit: mdiggory)</span><br />
<span class="irc-date">[20:49]</span> <span class="irc-green">* alxp (~alxp@blk-142-30-214.eastlink.ca) has joined #duraspace</span><br />
<span class="irc-date">[21:10]</span> <span class="irc-green">* stuartlewis (~stuartlew@s-lewis.itss.auckland.ac.nz) has joined #duraspace</span><br />
<span class="irc-date">[21:16]</span> <span class="irc-navy">* ksclarke (~kevin@adsl-235-49-191.clt.bellsouth.net) Quit (Ping timeout: 265 seconds)</span><br />
<span class="irc-date">[21:36]</span> <span class="irc-green">* ksclarke (~kevin@adsl-235-49-191.clt.bellsouth.net) has joined #duraspace</span><br />
<span class="irc-date">[22:02]</span> <span class="irc-green">* tdonohue (~tdonohue@c-98-228-50-55.hsd1.il.comcast.net) has left #duraspace</span><br />
<span class="irc-date">[22:52]</span> <span class="irc-green">* mdiggory (~mdiggory@ip72-199-217-116.sd.sd.cox.net) has joined #duraspace</span><br />
