<span class="irc-date">[1:16]</span> <span class="irc-green">* mdiggory (~mdiggory@cpe-66-74-212-9.san.res.rr.com) has joined #duraspace</span><br />
<span class="irc-date">[1:37]</span> <span class="irc-navy">* awoods (~awoods@pool-173-66-110-175.washdc.fios.verizon.net) Quit (Ping timeout: 245 seconds)</span><br />
<span class="irc-date">[1:45]</span> <span class="irc-navy">* mdiggory (~mdiggory@cpe-66-74-212-9.san.res.rr.com) Quit (*.net *.split)</span><br />
<span class="irc-date">[1:52]</span> <span class="irc-green">* mdiggory (~mdiggory@cpe-66-74-212-9.san.res.rr.com) has joined #duraspace</span><br />
<span class="irc-date">[2:10]</span> <span class="irc-navy">* mdiggory (~mdiggory@cpe-66-74-212-9.san.res.rr.com) Quit (Quit: mdiggory)</span><br />
<span class="irc-date">[2:10]</span> <span class="irc-navy">* bradmc (~bradmc@207-172-69-79.c3-0.smr-ubr3.sbo-smr.ma.static.cable.rcn.com) Quit (Read error: Connection reset by peer)</span><br />
<span class="irc-date">[2:10]</span> <span class="irc-green">* bradmc (~bradmc@207-172-69-79.c3-0.smr-ubr3.sbo-smr.ma.static.cable.rcn.com) has joined #duraspace</span><br />
<span class="irc-date">[2:22]</span> <span class="irc-green">* Tonny_DK (~thl@130.226.36.117) has joined #duraspace</span><br />
<span class="irc-date">[3:04]</span> <span class="irc-navy">* grahamtriggs (~grahamtri@cpc1-stev6-2-0-cust340.9-2.cable.virginmedia.com) Quit (Quit: grahamtriggs)</span><br />
<span class="irc-date">[4:06]</span> <span class="irc-brown">-leguin.freenode.net- *** Looking up your hostname...</span><br />
<span class="irc-date">[4:06]</span> <span class="irc-brown">-leguin.freenode.net- *** Checking Ident</span><br />
<span class="irc-date">[4:06]</span> <span class="irc-brown">-leguin.freenode.net- *** No Ident response</span><br />
<span class="irc-date">[4:06]</span> <span class="irc-brown">-leguin.freenode.net- *** Found your hostname</span><br />
<span class="irc-date">[4:06]</span> <span class="irc-red">[frigg VERSION]</span><br />
<span class="irc-date">[4:06]</span> <span class="irc-green">* DuraLogBot (~PircBot@fedcommsrv1.nsdlib.org) has joined #duraspace</span><br />
<span class="irc-date">[4:06]</span> <span class="irc-green">* Topic is 'Welcome to DuraSpace - This channel is logged - <a href="http://duraspace.org/irclogs/'">http://duraspace.org/irclogs/'</a></span><br />
<span class="irc-date">[4:06]</span> <span class="irc-green">* Set by cwilper on Tue Jun 30 16:32:05 EDT 2009</span><br />
<span class="irc-date">[6:08]</span> <span class="irc-green">* grahamtriggs (~trig01@80.169.130.178) has joined #duraspace</span><br />
<span class="irc-date">[6:43]</span> <span class="irc-navy">* bradmc (~bradmc@207-172-69-79.c3-0.smr-ubr3.sbo-smr.ma.static.cable.rcn.com) Quit (Quit: bradmc)</span><br />
<span class="irc-date">[7:42]</span> <span class="irc-green">* bradmc (~bradmc@c1fw231.constantcontact.com) has joined #duraspace</span><br />
<span class="irc-date">[7:58]</span> <span class="irc-green">* awoods (~awoods@pool-173-73-6-112.washdc.fios.verizon.net) has joined #duraspace</span><br />
<span class="irc-date">[9:18]</span> <span class="irc-green">* tdonohue (~tdonohue@c-98-228-50-55.hsd1.il.comcast.net) has joined #duraspace</span><br />
<span class="irc-date">[10:14]</span> <span class="irc-navy">* Tonny_DK (~thl@130.226.36.117) Quit (Quit: Leaving.)</span><br />
<span class="irc-date">[13:14]</span> <span class="irc-green">* tdonohue1 (~tdonohue@c-98-228-50-55.hsd1.il.comcast.net) has joined #duraspace</span><br />
<span class="irc-date">[13:14]</span> <span class="irc-navy">* tdonohue (~tdonohue@c-98-228-50-55.hsd1.il.comcast.net) Quit (Disconnected by services)</span><br />
<span class="irc-date">[13:14]</span> <span class="irc-green">* tdonohue1 is now known as tdonohue</span><br />
<span class="irc-date">[14:15]</span> <span class="irc-green">* is0dvil (~is0dvil@59.90.65.93) has joined #duraspace</span><br />
<span class="irc-date">[14:16]</span> <span class="irc-green">* grahamtriggs (~trig01@80.169.130.178) has left #duraspace</span><br />
<span class="irc-date">[15:39]</span> <span class="irc-green">* srajesh (~rajesh@210.212.160.101) has joined #duraspace</span><br />
<span class="irc-date">[16:10]</span> <span class="irc-navy">* bradmc (~bradmc@c1fw231.constantcontact.com) Quit (Quit: bradmc)</span><br />
<span class="irc-date">[16:28]</span> <span class="irc-green">* srajesh (~rajesh@210.212.160.101) has left #duraspace</span><br />
<span class="irc-date">[16:48]</span> <span class="irc-green">* grahamtriggs (~grahamtri@cpc1-stev6-2-0-cust340.9-2.cable.virginmedia.com) has joined #duraspace</span><br />
<span class="irc-date">[17:38]</span> <span class="irc-green">* mdiggory (~mdiggory@cpe-66-74-212-9.san.res.rr.com) has joined #duraspace</span><br />
<span class="irc-date">[18:05]</span> <span class="irc-green">* tdonohue (~tdonohue@c-98-228-50-55.hsd1.il.comcast.net) has left #duraspace</span><br />
<span class="irc-date">[18:40]</span> <span class="irc-green">* bradmc (~bradmc@host215.72.248.50.conversent.net) has joined #duraspace</span><br />
<span class="irc-date">[20:18]</span> <span class="irc-navy">* bradmc (~bradmc@host215.72.248.50.conversent.net) Quit (Quit: bradmc)</span><br />
