<span class="irc-date">[4:09]</span> <span class="irc-brown">-lindbohm.freenode.net- *** Looking up your hostname...</span><br />
<span class="irc-date">[4:09]</span> <span class="irc-brown">-lindbohm.freenode.net- *** Checking Ident</span><br />
<span class="irc-date">[4:09]</span> <span class="irc-brown">-lindbohm.freenode.net- *** Found your hostname</span><br />
<span class="irc-date">[4:09]</span> <span class="irc-brown">-lindbohm.freenode.net- *** No Ident response</span><br />
<span class="irc-date">[4:09]</span> <span class="irc-red">[frigg VERSION]</span><br />
<span class="irc-date">[4:09]</span> <span class="irc-green">* DuraLogBot (~PircBot@fedcommsrv1.nsdlib.org) has joined #duraspace</span><br />
<span class="irc-date">[4:09]</span> <span class="irc-green">* Topic is 'Welcome to DuraSpace - This channel is logged - <a href="http://duraspace.org/irclogs/'">http://duraspace.org/irclogs/'</a></span><br />
<span class="irc-date">[4:09]</span> <span class="irc-green">* Set by cwilper on Tue Jun 30 16:32:05 EDT 2009</span><br />
<span class="irc-date">[5:12]</span> <span class="irc-navy">* mdiggory (~mdiggory@cpe-66-74-212-9.san.res.rr.com) Quit (Quit: mdiggory)</span><br />
<span class="irc-date">[8:09]</span> <span class="irc-navy">* bradmc (~bradmc@c-24-63-64-224.hsd1.vt.comcast.net) Quit (Quit: bradmc)</span><br />
<span class="irc-date">[11:35]</span> <span class="irc-green">* bradmc (~bradmc@207-172-69-79.c3-0.smr-ubr3.sbo-smr.ma.static.cable.rcn.com) has joined #duraspace</span><br />
<span class="irc-date">[12:59]</span> <span class="irc-green">* mdiggory (~mdiggory@cpe-66-74-212-9.san.res.rr.com) has joined #duraspace</span><br />
<span class="irc-date">[13:00]</span> <span class="irc-navy">* bradmc (~bradmc@207-172-69-79.c3-0.smr-ubr3.sbo-smr.ma.static.cable.rcn.com) Quit (Quit: bradmc)</span><br />
<span class="irc-date">[13:38]</span> <span class="irc-green">* bradmc (~bradmc@209.117.47.253) has joined #duraspace</span><br />
<span class="irc-date">[13:44]</span> <span class="irc-green">* ksclarke (~kevin@184.39.8.146) has joined #duraspace</span><br />
<span class="irc-date">[13:52]</span> <span class="irc-navy">* bradmc (~bradmc@209.117.47.253) Quit (Ping timeout: 240 seconds)</span><br />
<span class="irc-date">[14:03]</span> <span class="irc-navy">* ksclarke (~kevin@184.39.8.146) Quit (Quit: Leaving.)</span><br />
<span class="irc-date">[16:54]</span> <span class="irc-green">* stuartlewis (~stuartlew@gendiglt02.lbr.auckland.ac.nz) has joined #duraspace</span><br />
<span class="irc-date">[23:43]</span> <span class="irc-green">* mdiggory_ (~mdiggory@cpe-66-74-212-9.san.res.rr.com) has joined #duraspace</span><br />
<span class="irc-date">[23:46]</span> <span class="irc-navy">* mdiggory (~mdiggory@cpe-66-74-212-9.san.res.rr.com) Quit (Ping timeout: 260 seconds)</span><br />
<span class="irc-date">[23:46]</span> <span class="irc-green">* mdiggory_ is now known as mdiggory</span><br />
