<span class="irc-date">[0:59]</span> <span class="irc-navy">* mdiggory (~mdiggory@cpe-66-74-212-9.san.res.rr.com) Quit (Quit: mdiggory)</span><br />
<span class="irc-date">[1:02]</span> <span class="irc-green">* mdiggory (~mdiggory@cpe-66-74-212-9.san.res.rr.com) has joined #duraspace</span><br />
<span class="irc-date">[1:11]</span> <span class="irc-navy">* mdiggory (~mdiggory@cpe-66-74-212-9.san.res.rr.com) Quit (Quit: mdiggory)</span><br />
<span class="irc-date">[2:17]</span> <span class="irc-green">* mdiggory (~mdiggory@cpe-66-74-212-9.san.res.rr.com) has joined #duraspace</span><br />
<span class="irc-date">[3:23]</span> <span class="irc-navy">* mdiggory (~mdiggory@cpe-66-74-212-9.san.res.rr.com) Quit (Quit: mdiggory)</span><br />
<span class="irc-date">[4:09]</span> <span class="irc-brown">-hubbard.freenode.net- *** Looking up your hostname...</span><br />
<span class="irc-date">[4:09]</span> <span class="irc-brown">-hubbard.freenode.net- *** Checking Ident</span><br />
<span class="irc-date">[4:09]</span> <span class="irc-brown">-hubbard.freenode.net- *** Found your hostname</span><br />
<span class="irc-date">[4:09]</span> <span class="irc-brown">-hubbard.freenode.net- *** No Ident response</span><br />
<span class="irc-date">[4:09]</span> <span class="irc-red">[frigg VERSION]</span><br />
<span class="irc-date">[4:09]</span> <span class="irc-green">* DuraLogBot (~PircBot@fedcommsrv1.nsdlib.org) has joined #duraspace</span><br />
<span class="irc-date">[4:09]</span> <span class="irc-green">* Topic is 'Welcome to DuraSpace - This channel is logged - <a href="http://duraspace.org/irclogs/'">http://duraspace.org/irclogs/'</a></span><br />
<span class="irc-date">[4:09]</span> <span class="irc-green">* Set by cwilper on Tue Jun 30 16:32:05 EDT 2009</span><br />
<span class="irc-date">[11:56]</span> <span class="irc-green">* mdiggory (~mdiggory@cpe-66-74-212-9.san.res.rr.com) has joined #duraspace</span><br />
<span class="irc-date">[16:15]</span> <span class="irc-green">* snail (~stuart@130.195.86.38) has joined #duraspace</span><br />
<span class="irc-date">[16:56]</span> <span class="irc-navy">* kshepherd (kim@ec2-174-129-179-33.compute-1.amazonaws.com) Quit (Quit: brb)</span><br />
<span class="irc-date">[17:04]</span> <span class="irc-navy">* mdiggory (~mdiggory@cpe-66-74-212-9.san.res.rr.com) Quit (Quit: mdiggory)</span><br />
<span class="irc-date">[20:44]</span> <span class="irc-green">* mdiggory (~mdiggory@cpe-66-74-212-9.san.res.rr.com) has joined #duraspace</span><br />
<span class="irc-date">[22:20]</span> <span class="irc-navy">* snail (~stuart@130.195.86.38) Quit (Remote host closed the connection)</span><br />
<span class="irc-date">[22:21]</span> <span class="irc-green">* snail (~stuart@vuwunicoproxy01.vuw.ac.nz) has joined #duraspace</span><br />
