<span class="irc-date">[0:09]</span> <span class="irc-green">* mdiggory (~mdiggory@cpe-66-74-212-9.san.res.rr.com) has joined #duraspace</span><br />
<span class="irc-date">[0:41]</span> <span class="irc-navy">* mdiggory (~mdiggory@cpe-66-74-212-9.san.res.rr.com) Quit (Quit: mdiggory)</span><br />
<span class="irc-date">[1:06]</span> <span class="irc-navy">* ksclarke (~kevin@184.39.8.146) Quit (Quit: Leaving.)</span><br />
<span class="irc-date">[4:08]</span> <span class="irc-brown">-hubbard.freenode.net- *** Looking up your hostname...</span><br />
<span class="irc-date">[4:08]</span> <span class="irc-brown">-hubbard.freenode.net- *** Checking Ident</span><br />
<span class="irc-date">[4:08]</span> <span class="irc-brown">-hubbard.freenode.net- *** Found your hostname</span><br />
<span class="irc-date">[4:08]</span> <span class="irc-brown">-hubbard.freenode.net- *** No Ident response</span><br />
<span class="irc-date">[4:08]</span> <span class="irc-red">[frigg VERSION]</span><br />
<span class="irc-date">[4:08]</span> <span class="irc-green">* DuraLogBot (~PircBot@fedcommsrv1.nsdlib.org) has joined #duraspace</span><br />
<span class="irc-date">[4:08]</span> <span class="irc-green">* Topic is 'Welcome to DuraSpace - This channel is logged - <a href="http://duraspace.org/irclogs/'">http://duraspace.org/irclogs/'</a></span><br />
<span class="irc-date">[4:08]</span> <span class="irc-green">* Set by cwilper on Tue Jun 30 16:32:05 EDT 2009</span><br />
<span class="irc-date">[6:24]</span> <span class="irc-navy">* kshepherd (kim@ec2-174-129-179-33.compute-1.amazonaws.com) Quit (*.net *.split)</span><br />
<span class="irc-date">[6:27]</span> <span class="irc-green">* kshepherd (kim@ec2-174-129-179-33.compute-1.amazonaws.com) has joined #duraspace</span><br />
<span class="irc-date">[7:15]</span> <span class="irc-green">* bradmc (~bradmc@207-172-69-79.c3-0.smr-ubr3.sbo-smr.ma.static.cable.rcn.com) has joined #duraspace</span><br />
<span class="irc-date">[7:27]</span> <span class="irc-green">* bradmc_ (~bradmc@207-172-69-79.c3-0.smr-ubr3.sbo-smr.ma.static.cable.rcn.com) has joined #duraspace</span><br />
<span class="irc-date">[7:27]</span> <span class="irc-navy">* bradmc (~bradmc@207-172-69-79.c3-0.smr-ubr3.sbo-smr.ma.static.cable.rcn.com) Quit (Read error: Connection reset by peer)</span><br />
<span class="irc-date">[7:27]</span> <span class="irc-green">* bradmc_ is now known as bradmc</span><br />
<span class="irc-date">[8:38]</span> <span class="irc-navy">* bradmc (~bradmc@207-172-69-79.c3-0.smr-ubr3.sbo-smr.ma.static.cable.rcn.com) Quit (Quit: bradmc)</span><br />
<span class="irc-date">[10:14]</span> <span class="irc-green">* bradmc (~bradmc@207-172-69-79.c3-0.smr-ubr3.sbo-smr.ma.static.cable.rcn.com) has joined #duraspace</span><br />
<span class="irc-date">[11:37]</span> <span class="irc-green">* mdiggory (~mdiggory@cpe-66-74-212-9.san.res.rr.com) has joined #duraspace</span><br />
<span class="irc-date">[13:34]</span> <span class="irc-navy">* bradmc (~bradmc@207-172-69-79.c3-0.smr-ubr3.sbo-smr.ma.static.cable.rcn.com) Quit (Quit: bradmc)</span><br />
<span class="irc-date">[14:09]</span> <span class="irc-green">* bradmc (~bradmc@m235e36d0.tmodns.net) has joined #duraspace</span><br />
<span class="irc-date">[14:11]</span> <span class="irc-navy">* bradmc (~bradmc@m235e36d0.tmodns.net) Quit (Read error: Connection reset by peer)</span><br />
<span class="irc-date">[19:03]</span> <span class="irc-navy">* Disconnected.</span><br />
<span class="irc-date">[19:03]</span> <span class="irc-brown">-lindbohm.freenode.net- *** Looking up your hostname...</span><br />
<span class="irc-date">[19:03]</span> <span class="irc-brown">-lindbohm.freenode.net- *** Checking Ident</span><br />
<span class="irc-date">[19:03]</span> <span class="irc-brown">-lindbohm.freenode.net- *** No Ident response</span><br />
<span class="irc-date">[19:03]</span> <span class="irc-brown">-lindbohm.freenode.net- *** Found your hostname</span><br />
<span class="irc-date">[19:03]</span> <span class="irc-red">[frigg VERSION]</span><br />
