<span class="irc-date">[1:06]</span> <span class="irc-navy">* ksclarke (~kevin@adsl-39-51-5.clt.bellsouth.net) Quit (Quit: Leaving.)</span><br />
<span class="irc-date">[1:55]</span> <span class="irc-green">* ksclarke (~kevin@adsl-39-51-5.clt.bellsouth.net) has joined #duraspace</span><br />
<span class="irc-date">[4:03]</span> <span class="irc-navy">* ksclarke (~kevin@adsl-39-51-5.clt.bellsouth.net) Quit (Quit: Leaving.)</span><br />
<span class="irc-date">[5:13]</span> <span class="irc-navy">* alxp_ (~aoneill@blk-30-155-121.eastlink.ca) Quit (Quit: alxp_)</span><br />
<span class="irc-date">[6:48]</span> <span class="irc-brown">-pratchett.freenode.net- *** Looking up your hostname...</span><br />
<span class="irc-date">[6:48]</span> <span class="irc-brown">-pratchett.freenode.net- *** Checking Ident</span><br />
<span class="irc-date">[6:48]</span> <span class="irc-brown">-pratchett.freenode.net- *** Found your hostname</span><br />
<span class="irc-date">[6:48]</span> <span class="irc-brown">-pratchett.freenode.net- *** No Ident response</span><br />
<span class="irc-date">[6:48]</span> <span class="irc-green">* DuraLogBot (~PircBot@atlas.duraspace.org) has joined #duraspace</span><br />
<span class="irc-date">[6:48]</span> <span class="irc-green">* Topic is '[Welcome to DuraSpace - This channel is logged - <a href="http://irclogs.duraspace.org/]'">http://irclogs.duraspace.org/]'</a></span><br />
<span class="irc-date">[6:48]</span> <span class="irc-green">* Set by cwilper!ad579d86@gateway/web/freenode/ip.173.87.157.134 on Fri Oct 22 01:19:41 UTC 2010</span><br />
<span class="irc-date">[6:56]</span> <span class="irc-green">* Tonny_DK (~thl@130.226.36.117) has joined #duraspace</span><br />
<span class="irc-date">[8:04]</span> <span class="irc-navy">* Tonny_DK (~thl@130.226.36.117) Quit (Remote host closed the connection)</span><br />
<span class="irc-date">[8:05]</span> <span class="irc-green">* Tonny_DK (~thl@130.226.36.117) has joined #duraspace</span><br />
<span class="irc-date">[11:57]</span> <span class="irc-navy">* alxp (~aoneill@blk-30-155-121.eastlink.ca) Quit (Quit: alxp)</span><br />
<span class="irc-date">[11:59]</span> <span class="irc-green">* alxp (~aoneill@blk-30-155-121.eastlink.ca) has joined #duraspace</span><br />
<span class="irc-date">[13:11]</span> <span class="irc-green">* ianthe_ is now known as ianthe</span><br />
<span class="irc-date">[13:27]</span> <span class="irc-green">* mhwood (~mhwood@2001:18e8:3:171:218:8bff:fe2a:56a4) has joined #duraspace</span><br />
<span class="irc-date">[14:05]</span> <span class="irc-green">* ksclarke (~kevin@adsl-39-51-5.clt.bellsouth.net) has joined #duraspace</span><br />
<span class="irc-date">[14:21]</span> <span class="irc-green">* tdonohue (~tdonohue@c-98-228-50-45.hsd1.il.comcast.net) has joined #duraspace</span><br />
<span class="irc-date">[14:44]</span> <span class="irc-green">* granitize (~Adium@137.149.66.159) has joined #duraspace</span><br />
<span class="irc-date">[14:59]</span> <span class="irc-navy">* Tonny_DK (~thl@130.226.36.117) Quit (Quit: Leaving.)</span><br />
<span class="irc-date">[15:14]</span> <span class="irc-green">* granitize (~Adium@137.149.66.159) has left #duraspace</span><br />
<span class="irc-date">[15:37]</span> <span class="irc-navy">* scottatm (~scottatm@adhcp208.evans.tamu.edu) Quit (Read error: Connection reset by peer)</span><br />
<span class="irc-date">[15:37]</span> <span class="irc-navy">* alxp (~aoneill@blk-30-155-121.eastlink.ca) Quit (Quit: alxp)</span><br />
<span class="irc-date">[15:38]</span> <span class="irc-green">* scottatm (~scottatm@adhcp208.evans.tamu.edu) has joined #duraspace</span><br />
<span class="irc-date">[15:50]</span> <span class="irc-navy">* scottatm (~scottatm@adhcp208.evans.tamu.edu) Quit (Read error: Connection reset by peer)</span><br />
<span class="irc-date">[15:52]</span> <span class="irc-green">* scottatm (~scottatm@adhcp208.evans.tamu.edu) has joined #duraspace</span><br />
<span class="irc-date">[15:59]</span> <span class="irc-green">* sbayliss (~IceChat7@188-222-88-173.zone13.bethere.co.uk) has joined #duraspace</span><br />
<span class="irc-date">[16:00]</span> <span class="irc-green">* cwilper (ad579d07@gateway/web/freenode/ip.173.87.157.7) has joined #duraspace</span><br />
<span class="irc-date">[16:00]</span> <span class="irc-black">&lt;cwilper&gt; Starting: <a href="https://wiki.duraspace.org/display/FCREPO/2011-02-22+-+Committer+Meeting">https://wiki.duraspace.org/display/FCREPO/2011-02-22+-+Committer+Meeting</a></span><br />
<span class="irc-date">[16:02]</span> <span class="irc-green">* birkland (183a31ec@gateway/web/freenode/ip.24.58.49.236) has joined #duraspace</span><br />
<span class="irc-date">[17:32]</span> <span class="irc-navy">* sbayliss (~IceChat7@188-222-88-173.zone13.bethere.co.uk) Quit (Quit: bye!)</span><br />
<span class="irc-date">[17:35]</span> <span class="irc-navy">* grahamtriggs (~grahamtri@62.189.56.2) Quit (Quit: KVIrc 4.0.2 Insomnia <a href="http://www.kvirc.net/)">http://www.kvirc.net/)</a></span><br />
<span class="irc-date">[17:54]</span> <span class="irc-black">&lt;cwilper&gt; <a href="https://jira.duraspace.org/secure/IssueNavigator.jspa?reset=true&amp;jqlQuery=project+%3D+FCREPO+AND+fixVersion+%3D+%22Fedora+3.5%22+ORDER+BY+priority+DESC%2C+status+DESC">https://jira.duraspace.org/secure/IssueNavigator.jspa?reset=true&amp;jqlQuery=project+%3D+FCREPO+AND+fixVersion+%3D+%22Fedora+3.5%22+ORDER+BY+priority+DESC%2C+status+DESC</a></span><br />
<span class="irc-date">[17:54]</span> <span class="irc-navy">* bradmc (~bradmc@207-172-69-79.c3-0.smr-ubr3.sbo-smr.ma.static.cable.rcn.com) Quit (Read error: Connection reset by peer)</span><br />
<span class="irc-date">[17:55]</span> <span class="irc-green">* bradmc (~bradmc@207-172-69-79.c3-0.smr-ubr3.sbo-smr.ma.static.cable.rcn.com) has joined #duraspace</span><br />
<span class="irc-date">[17:55]</span> <span class="irc-green">* Dan_Davis (183ae85b@gateway/web/freenode/ip.24.58.232.91) has joined #duraspace</span><br />
<span class="irc-date">[18:05]</span> <span class="irc-navy">* cwilper (ad579d07@gateway/web/freenode/ip.173.87.157.7) Quit (Quit: Page closed)</span><br />
<span class="irc-date">[18:11]</span> <span class="irc-navy">* birkland (183a31ec@gateway/web/freenode/ip.24.58.49.236) Quit (Quit: Page closed)</span><br />
<span class="irc-date">[18:52]</span> <span class="irc-navy">* scottatm (~scottatm@adhcp208.evans.tamu.edu) Quit (Read error: Connection reset by peer)</span><br />
<span class="irc-date">[18:53]</span> <span class="irc-green">* scottatm (~scottatm@adhcp208.evans.tamu.edu) has joined #duraspace</span><br />
<span class="irc-date">[19:26]</span> <span class="irc-navy">* Dan_Davis (183ae85b@gateway/web/freenode/ip.24.58.232.91) Quit (Ping timeout: 272 seconds)</span><br />
<span class="irc-date">[19:55]</span> <span class="irc-green">* stuartlewis (~stuartlew@s-lewis.itss.auckland.ac.nz) has joined #duraspace</span><br />
<span class="irc-date">[20:08]</span> <span class="irc-navy">* snail (~stuart@130.195.179.88) Quit (Ping timeout: 250 seconds)</span><br />
<span class="irc-date">[20:26]</span> <span class="irc-green">* snail (~stuart@130.195.179.88) has joined #duraspace</span><br />
<span class="irc-date">[20:41]</span> <span class="irc-navy">* stuartlewis (~stuartlew@s-lewis.itss.auckland.ac.nz) Quit (*.net *.split)</span><br />
<span class="irc-date">[20:41]</span> <span class="irc-navy">* krnl_ (Andrius@193.219.34.106) Quit (*.net *.split)</span><br />
<span class="irc-date">[21:02]</span> <span class="irc-green">* stuartlewis (~stuartlew@s-lewis.itss.auckland.ac.nz) has joined #duraspace</span><br />
<span class="irc-date">[21:02]</span> <span class="irc-green">* krnl_ (Andrius@193.219.34.106) has joined #duraspace</span><br />
<span class="irc-date">[21:05]</span> <span class="irc-navy">* scottatm (~scottatm@adhcp208.evans.tamu.edu) Quit (*.net *.split)</span><br />
<span class="irc-date">[21:05]</span> <span class="irc-navy">* kshepherd (kim@ec2-174-129-179-33.compute-1.amazonaws.com) Quit (*.net *.split)</span><br />
<span class="irc-date">[21:05]</span> <span class="irc-navy">* bradmc (~bradmc@207-172-69-79.c3-0.smr-ubr3.sbo-smr.ma.static.cable.rcn.com) Quit (*.net *.split)</span><br />
<span class="irc-date">[21:05]</span> <span class="irc-navy">* ChanServ (ChanServ@services.) Quit (*.net *.split)</span><br />
<span class="irc-date">[21:10]</span> <span class="irc-green">* scottatm (~scottatm@adhcp208.evans.tamu.edu) has joined #duraspace</span><br />
<span class="irc-date">[21:10]</span> <span class="irc-green">* bradmc (~bradmc@207-172-69-79.c3-0.smr-ubr3.sbo-smr.ma.static.cable.rcn.com) has joined #duraspace</span><br />
<span class="irc-date">[21:10]</span> <span class="irc-green">* kshepherd (kim@ec2-174-129-179-33.compute-1.amazonaws.com) has joined #duraspace</span><br />
<span class="irc-date">[21:10]</span> <span class="irc-green">* ChanServ (ChanServ@services.) has joined #duraspace</span><br />
<span class="irc-date">[21:18]</span> <span class="irc-brown">-Martinp23- [Global Notice] Hi everyone! Just a bit of re-routing there which will hopefully reduce lag in parts of the network and make the layout a bit more sane. Sorry for the noise! Join #freenode with any questions.</span><br />
<span class="irc-date">[21:52]</span> <span class="irc-navy">* snail (~stuart@130.195.179.88) Quit (*.net *.split)</span><br />
<span class="irc-date">[21:52]</span> <span class="irc-navy">* ianthe (~ianthe@cowu.be) Quit (*.net *.split)</span><br />
<span class="irc-date">[21:52]</span> <span class="irc-navy">* stuartlewis (~stuartlew@s-lewis.itss.auckland.ac.nz) Quit (*.net *.split)</span><br />
<span class="irc-date">[21:52]</span> <span class="irc-navy">* krnl_ (Andrius@193.219.34.106) Quit (*.net *.split)</span><br />
<span class="irc-date">[21:55]</span> <span class="irc-green">* krnl_ (Andrius@193.219.34.106) has joined #duraspace</span><br />
<span class="irc-date">[21:55]</span> <span class="irc-green">* stuartlewis (~stuartlew@s-lewis.itss.auckland.ac.nz) has joined #duraspace</span><br />
<span class="irc-date">[21:55]</span> <span class="irc-green">* snail (~stuart@130.195.179.88) has joined #duraspace</span><br />
<span class="irc-date">[21:55]</span> <span class="irc-green">* ianthe (~ianthe@cowu.be) has joined #duraspace</span><br />
<span class="irc-date">[21:56]</span> <span class="irc-navy">* bradmc (~bradmc@207-172-69-79.c3-0.smr-ubr3.sbo-smr.ma.static.cable.rcn.com) Quit (Read error: Connection reset by peer)</span><br />
<span class="irc-date">[21:59]</span> <span class="irc-navy">* stuartlewis (~stuartlew@s-lewis.itss.auckland.ac.nz) Quit (Read error: Connection reset by peer)</span><br />
<span class="irc-date">[21:59]</span> <span class="irc-green">* stuartlewis (~stuartlew@s-lewis.itss.auckland.ac.nz) has joined #duraspace</span><br />
<span class="irc-date">[21:59]</span> <span class="irc-green">* bradmc (~bradmc@207-172-69-79.c3-0.smr-ubr3.sbo-smr.ma.static.cable.rcn.com) has joined #duraspace</span><br />
<span class="irc-date">[22:02]</span> <span class="irc-green">* mhwood (~mhwood@2001:18e8:3:171:218:8bff:fe2a:56a4) has left #duraspace</span><br />
<span class="irc-date">[22:03]</span> <span class="irc-green">* stuartlewis_ (~stuartlew@s-lewis.itss.auckland.ac.nz) has joined #duraspace</span><br />
<span class="irc-date">[22:03]</span> <span class="irc-navy">* stuartlewis (~stuartlew@s-lewis.itss.auckland.ac.nz) Quit (Read error: Connection reset by peer)</span><br />
<span class="irc-date">[22:03]</span> <span class="irc-green">* stuartlewis_ is now known as stuartlewis</span><br />
<span class="irc-date">[22:58]</span> <span class="irc-green">* tdonohue (~tdonohue@c-98-228-50-45.hsd1.il.comcast.net) has left #duraspace</span><br />
