<span class="irc-date">[0:51]</span> <span class="irc-green">* stuartlewis_ (~stuartlew@gendiglt02.lbr.auckland.ac.nz) has joined #duraspace</span><br />
<span class="irc-date">[0:53]</span> <span class="irc-navy">* stuartlewis (~stuartlew@gendiglt02.lbr.auckland.ac.nz) Quit (Ping timeout: 252 seconds)</span><br />
<span class="irc-date">[0:53]</span> <span class="irc-green">* stuartlewis_ is now known as stuartlewis</span><br />
<span class="irc-date">[2:13]</span> <span class="irc-green">* stuartlewis_ (~stuartlew@gendiglt02.lbr.auckland.ac.nz) has joined #duraspace</span><br />
<span class="irc-date">[2:15]</span> <span class="irc-navy">* stuartlewis (~stuartlew@gendiglt02.lbr.auckland.ac.nz) Quit (Ping timeout: 240 seconds)</span><br />
<span class="irc-date">[2:15]</span> <span class="irc-green">* stuartlewis_ is now known as stuartlewis</span><br />
<span class="irc-date">[3:05]</span> <span class="irc-green">* stuartlewis_ (~stuartlew@gendiglt02.lbr.auckland.ac.nz) has joined #duraspace</span><br />
<span class="irc-date">[3:07]</span> <span class="irc-navy">* stuartlewis (~stuartlew@gendiglt02.lbr.auckland.ac.nz) Quit (Ping timeout: 240 seconds)</span><br />
<span class="irc-date">[3:07]</span> <span class="irc-green">* stuartlewis_ is now known as stuartlewis</span><br />
<span class="irc-date">[3:23]</span> <span class="irc-green">* stuartlewis_ (~stuartlew@gendiglt02.lbr.auckland.ac.nz) has joined #duraspace</span><br />
<span class="irc-date">[3:25]</span> <span class="irc-navy">* stuartlewis (~stuartlew@gendiglt02.lbr.auckland.ac.nz) Quit (Ping timeout: 240 seconds)</span><br />
<span class="irc-date">[3:25]</span> <span class="irc-green">* stuartlewis_ is now known as stuartlewis</span><br />
<span class="irc-date">[4:35]</span> <span class="irc-navy">* stuartlewis (~stuartlew@gendiglt02.lbr.auckland.ac.nz) Quit (Quit: stuartlewis)</span><br />
<span class="irc-date">[6:18]</span> <span class="irc-navy">* mdiggory (~mdiggory@ip72-199-216-7.sd.sd.cox.net) Quit (Ping timeout: 260 seconds)</span><br />
<span class="irc-date">[6:32]</span> <span class="irc-brown">-wolfe.freenode.net- *** Looking up your hostname...</span><br />
<span class="irc-date">[6:32]</span> <span class="irc-brown">-wolfe.freenode.net- *** Checking Ident</span><br />
<span class="irc-date">[6:32]</span> <span class="irc-brown">-wolfe.freenode.net- *** Found your hostname</span><br />
<span class="irc-date">[6:32]</span> <span class="irc-brown">-wolfe.freenode.net- *** No Ident response</span><br />
<span class="irc-date">[6:32]</span> <span class="irc-green">* DuraLogBot (~PircBot@atlas.duraspace.org) has joined #duraspace</span><br />
<span class="irc-date">[6:32]</span> <span class="irc-green">* Topic is '[Welcome to DuraSpace - This channel is logged - <a href="http://irclogs.duraspace.org/]'">http://irclogs.duraspace.org/]'</a></span><br />
<span class="irc-date">[6:32]</span> <span class="irc-green">* Set by cwilper!ad579d86@gateway/web/freenode/ip.173.87.157.134 on Fri Oct 22 01:19:41 UTC 2010</span><br />
<span class="irc-date">[12:06]</span> <span class="irc-green">* mhwood (~mhwood@2001:18e8:3:171:218:8bff:fe2a:56a4) has joined #duraspace</span><br />
<span class="irc-date">[13:07]</span> <span class="irc-green">* kdweeks (~Adium@2001:468:c80:a103:223:dfff:fefe:ac7d) has joined #duraspace</span><br />
<span class="irc-date">[13:36]</span> <span class="irc-green">* tdonohue (~tdonohue@c-98-228-50-45.hsd1.il.comcast.net) has joined #duraspace</span><br />
<span class="irc-date">[20:54]</span> <span class="irc-green">* stuartlewis (~stuartlew@gendiglt02.lbr.auckland.ac.nz) has joined #duraspace</span><br />
<span class="irc-date">[21:01]</span> <span class="irc-navy">* mhwood (~mhwood@2001:18e8:3:171:218:8bff:fe2a:56a4) Quit (Read error: Connection reset by peer)</span><br />
<span class="irc-date">[22:30]</span> <span class="irc-navy">* kdweeks (~Adium@2001:468:c80:a103:223:dfff:fefe:ac7d) Quit (Quit: Leaving.)</span><br />
<span class="irc-date">[22:30]</span> <span class="irc-navy">* tdonohue (~tdonohue@c-98-228-50-45.hsd1.il.comcast.net) Quit (Quit: Heading out...talk to you later.)</span><br />
