<span class="irc-date">[6:29]</span> <span class="irc-brown">-adams.freenode.net- *** Looking up your hostname...</span><br />
<span class="irc-date">[6:29]</span> <span class="irc-brown">-adams.freenode.net- *** Checking Ident</span><br />
<span class="irc-date">[6:29]</span> <span class="irc-brown">-adams.freenode.net- *** Found your hostname</span><br />
<span class="irc-date">[6:29]</span> <span class="irc-brown">-adams.freenode.net- *** No Ident response</span><br />
<span class="irc-date">[6:29]</span> <span class="irc-green">* DuraLogBot (~PircBot@atlas.duraspace.org) has joined #duraspace</span><br />
<span class="irc-date">[6:29]</span> <span class="irc-green">* Topic is '[Welcome to DuraSpace - This channel is logged - <a href="http://irclogs.duraspace.org/]'">http://irclogs.duraspace.org/]'</a></span><br />
<span class="irc-date">[6:29]</span> <span class="irc-green">* Set by cwilper!ad579d86@gateway/web/freenode/ip.173.87.157.134 on Fri Oct 22 01:19:41 UTC 2010</span><br />
<span class="irc-date">[11:03]</span> <span class="irc-green">* grahamtriggs (~Graham@host213-123-239-134.in-addr.btopenworld.com) has joined #duraspace</span><br />
<span class="irc-date">[11:22]</span> <span class="irc-green">* bradmc (~bradmc@207-172-69-79.c3-0.smr-ubr3.sbo-smr.ma.static.cable.rcn.com) has joined #duraspace</span><br />
<span class="irc-date">[11:40]</span> <span class="irc-green">* ablemann (~alexleman@147.226.130.14) has joined #duraspace</span><br />
<span class="irc-date">[12:02]</span> <span class="irc-green">* mhwood (~mhwood@2001:18e8:3:10ab:21e:4fff:feba:a425) has joined #duraspace</span><br />
<span class="irc-date">[12:05]</span> <span class="irc-navy">* bradmc (~bradmc@207-172-69-79.c3-0.smr-ubr3.sbo-smr.ma.static.cable.rcn.com) Quit (Quit: bradmc)</span><br />
<span class="irc-date">[12:52]</span> <span class="irc-green">* bradmc (~bradmc@pool-98-110-145-179.bstnma.fios.verizon.net) has joined #duraspace</span><br />
<span class="irc-date">[13:25]</span> <span class="irc-navy">* bradmc (~bradmc@pool-98-110-145-179.bstnma.fios.verizon.net) Quit (Quit: bradmc)</span><br />
<span class="irc-date">[13:26]</span> <span class="irc-green">* tdonohue (~tdonohue@c-98-228-58-145.hsd1.il.comcast.net) has joined #duraspace</span><br />
<span class="irc-date">[14:13]</span> <span class="irc-green">* scottatm (~scottatm@voyager97.evans.tamu.edu) has joined #duraspace</span><br />
<span class="irc-date">[15:30]</span> <span class="irc-green">* eddies (~eddies@123.38.113.78.rev.sfr.net) has joined #duraspace</span><br />
<span class="irc-date">[15:30]</span> <span class="irc-navy">* eddies (~eddies@123.38.113.78.rev.sfr.net) Quit (Changing host)</span><br />
<span class="irc-date">[15:30]</span> <span class="irc-green">* eddies (~eddies@unaffiliated/eddies) has joined #duraspace</span><br />
<span class="irc-date">[16:06]</span> <span class="irc-green">* bradmc (~bradmc@pool-98-110-145-179.bstnma.fios.verizon.net) has joined #duraspace</span><br />
<span class="irc-date">[16:11]</span> <span class="irc-green">* grahamtriggs (~Graham@host213-123-239-134.in-addr.btopenworld.com) has left #duraspace</span><br />
<span class="irc-date">[16:46]</span> <span class="irc-navy">* bradmc (~bradmc@pool-98-110-145-179.bstnma.fios.verizon.net) Quit (Quit: bradmc)</span><br />
<span class="irc-date">[17:08]</span> <span class="irc-green">* bradmc (~bradmc@pool-98-110-145-179.bstnma.fios.verizon.net) has joined #duraspace</span><br />
<span class="irc-date">[17:16]</span> <span class="irc-navy">* tdonohue (~tdonohue@c-98-228-58-145.hsd1.il.comcast.net) Quit (Read error: Connection reset by peer)</span><br />
<span class="irc-date">[17:17]</span> <span class="irc-green">* tdonohue (~tdonohue@c-98-228-58-145.hsd1.il.comcast.net) has joined #duraspace</span><br />
<span class="irc-date">[18:11]</span> <span class="irc-green">* tdonohue1 (~tdonohue@c-98-228-58-145.hsd1.il.comcast.net) has joined #duraspace</span><br />
<span class="irc-date">[18:11]</span> <span class="irc-navy">* tdonohue (~tdonohue@c-98-228-58-145.hsd1.il.comcast.net) Quit (Disconnected by services)</span><br />
<span class="irc-date">[18:11]</span> <span class="irc-green">* tdonohue1 is now known as tdonohue</span><br />
<span class="irc-date">[18:36]</span> <span class="irc-navy">* mdiggory (~mdiggory@ip72-199-216-7.sd.sd.cox.net) Quit (Quit: mdiggory)</span><br />
<span class="irc-date">[18:37]</span> <span class="irc-navy">* bradmc (~bradmc@pool-98-110-145-179.bstnma.fios.verizon.net) Quit (Quit: bradmc)</span><br />
<span class="irc-date">[19:22]</span> <span class="irc-green">* bradmc (~bradmc@pool-98-110-145-179.bstnma.fios.verizon.net) has joined #duraspace</span><br />
<span class="irc-date">[19:33]</span> <span class="irc-green">* mdiggory (~mdiggory@rrcs-74-87-47-114.west.biz.rr.com) has joined #duraspace</span><br />
<span class="irc-date">[19:45]</span> <span class="irc-navy">* bradmc (~bradmc@pool-98-110-145-179.bstnma.fios.verizon.net) Quit (Quit: bradmc)</span><br />
<span class="irc-date">[21:05]</span> <span class="irc-navy">* mhwood (~mhwood@2001:18e8:3:10ab:21e:4fff:feba:a425) Quit (Remote host closed the connection)</span><br />
<span class="irc-date">[21:39]</span> <span class="irc-navy">* eddies (~eddies@unaffiliated/eddies) Quit (Quit: Leaving.)</span><br />
<span class="irc-date">[22:02]</span> <span class="irc-green">* tdonohue (~tdonohue@c-98-228-58-145.hsd1.il.comcast.net) has left #duraspace</span><br />
<span class="irc-date">[23:18]</span> <span class="irc-navy">* mdiggory (~mdiggory@rrcs-74-87-47-114.west.biz.rr.com) Quit (Quit: mdiggory)</span><br />
<span class="irc-date">[23:31]</span> <span class="irc-green">* bradmc (~bradmc@207-172-69-79.c3-0.smr-ubr3.sbo-smr.ma.static.cable.rcn.com) has joined #duraspace</span><br />
