<span class="irc-date">[3:32]</span> <span class="irc-navy">* stuartlewis (~stuartlew@gendiglt02.lbr.auckland.ac.nz) Quit (Quit: stuartlewis)</span><br />
<span class="irc-date">[5:37]</span> <span class="irc-navy">* ksclarke (~kevin@adsl-39-51-5.clt.bellsouth.net) Quit (Quit: Leaving.)</span><br />
<span class="irc-date">[5:43]</span> <span class="irc-green">* grahamtriggs (~grahamtri@62.189.56.2) has joined #duraspace</span><br />
<span class="irc-date">[5:46]</span> <span class="irc-navy">* grahamtriggs|2 (~grahamtri@62.189.56.2) Quit (Ping timeout: 240 seconds)</span><br />
<span class="irc-date">[6:29]</span> <span class="irc-brown">-holmes.freenode.net- *** Looking up your hostname...</span><br />
<span class="irc-date">[6:29]</span> <span class="irc-brown">-holmes.freenode.net- *** Checking Ident</span><br />
<span class="irc-date">[6:29]</span> <span class="irc-brown">-holmes.freenode.net- *** Found your hostname</span><br />
<span class="irc-date">[6:29]</span> <span class="irc-brown">-holmes.freenode.net- *** No Ident response</span><br />
<span class="irc-date">[6:29]</span> <span class="irc-green">* DuraLogBot (~PircBot@atlas.duraspace.org) has joined #duraspace</span><br />
<span class="irc-date">[6:29]</span> <span class="irc-green">* Topic is '[Welcome to DuraSpace - This channel is logged - <a href="http://irclogs.duraspace.org/]'">http://irclogs.duraspace.org/]'</a></span><br />
<span class="irc-date">[6:29]</span> <span class="irc-green">* Set by cwilper!ad579d86@gateway/web/freenode/ip.173.87.157.134 on Fri Oct 22 01:19:41 UTC 2010</span><br />
<span class="irc-date">[7:07]</span> <span class="irc-green">* Tonny_DK (~thl@130.226.36.117) has joined #duraspace</span><br />
<span class="irc-date">[11:38]</span> <span class="irc-green">* ianthe_ is now known as ianthe</span><br />
<span class="irc-date">[13:13]</span> <span class="irc-green">* mhwood (~mhwood@2001:18e8:3:171:218:8bff:fe2a:56a4) has joined #duraspace</span><br />
<span class="irc-date">[14:12]</span> <span class="irc-navy">* Tonny_DK (~thl@130.226.36.117) Quit (Quit: Leaving.)</span><br />
<span class="irc-date">[15:06]</span> <span class="irc-navy">* mhwood (~mhwood@2001:18e8:3:171:218:8bff:fe2a:56a4) Quit (*.net *.split)</span><br />
<span class="irc-date">[15:07]</span> <span class="irc-green">* scottatm (~scottatm@adhcp153.evans.tamu.edu) has joined #duraspace</span><br />
<span class="irc-date">[15:23]</span> <span class="irc-navy">* DuraLogBot (~PircBot@atlas.duraspace.org) Quit (Ping timeout: 240 seconds)</span><br />
<span class="irc-date">[15:23]</span> <span class="irc-navy">* Disconnected.</span><br />
<span class="irc-date">[15:23]</span> <span class="irc-brown">-kornbluth.freenode.net- *** Looking up your hostname...</span><br />
<span class="irc-date">[15:23]</span> <span class="irc-brown">-kornbluth.freenode.net- *** Checking Ident</span><br />
<span class="irc-date">[15:23]</span> <span class="irc-brown">-kornbluth.freenode.net- *** Found your hostname</span><br />
<span class="irc-date">[15:23]</span> <span class="irc-brown">-kornbluth.freenode.net- *** No Ident response</span><br />
<span class="irc-date">[21:28]</span> <span class="irc-brown">-leguin.freenode.net- *** Looking up your hostname...</span><br />
<span class="irc-date">[21:28]</span> <span class="irc-brown">-leguin.freenode.net- *** Checking Ident</span><br />
<span class="irc-date">[21:29]</span> <span class="irc-brown">-leguin.freenode.net- *** Found your hostname</span><br />
<span class="irc-date">[21:29]</span> <span class="irc-brown">-leguin.freenode.net- *** No Ident response</span><br />
<span class="irc-date">[21:29]</span> <span class="irc-green">* DuraLogBot (~PircBot@atlas.duraspace.org) has joined #duraspace</span><br />
<span class="irc-date">[21:29]</span> <span class="irc-green">* Topic is '[Welcome to DuraSpace - This channel is logged - <a href="http://irclogs.duraspace.org/]'">http://irclogs.duraspace.org/]'</a></span><br />
<span class="irc-date">[21:29]</span> <span class="irc-green">* Set by cwilper!ad579d86@gateway/web/freenode/ip.173.87.157.134 on Fri Oct 22 01:19:41 UTC 2010</span><br />
<span class="irc-date">[21:29]</span> <span class="irc-brown">-leguin.freenode.net- [freenode-info] channel trolls and no channel staff around to help? please check with freenode support: <a href="http://freenode.net/faq.shtml#gettinghelp">http://freenode.net/faq.shtml#gettinghelp</a></span><br />
<span class="irc-date">[21:41]</span> <span class="irc-navy">* ryscher (~chatzilla@airport-grey.nescent.org) Quit (Ping timeout: 276 seconds)</span><br />
<span class="irc-date">[22:13]</span> <span class="irc-navy">* mhwood (~mhwood@2001:18e8:3:171:218:8bff:fe2a:56a4) Quit (Remote host closed the connection)</span><br />
<span class="irc-date">[22:17]</span> <span class="irc-green">* ryscher (~chatzilla@airport-grey.nescent.org) has joined #duraspace</span><br />
<span class="irc-date">[22:33]</span> <span class="irc-navy">* ryscher (~chatzilla@airport-grey.nescent.org) Quit (Ping timeout: 276 seconds)</span><br />
<span class="irc-date">[22:39]</span> <span class="irc-navy">* scottatm (~scottatm@adhcp153.evans.tamu.edu) Quit (Quit: scottatm)</span><br />
<span class="irc-date">[23:10]</span> <span class="irc-navy">* ksclarke (~kevin@adsl-39-51-5.clt.bellsouth.net) Quit (Ping timeout: 246 seconds)</span><br />
<span class="irc-date">[23:16]</span> <span class="irc-green">* ksclarke (~kevin@adsl-39-51-5.clt.bellsouth.net) has joined #duraspace</span><br />
