<span class="irc-date">[0:07]</span> <span class="irc-green">* bradmc (~bradmc@207-172-69-79.c3-0.smr-ubr3.sbo-smr.ma.static.cable.rcn.com) has joined #duraspace</span><br />
<span class="irc-date">[0:22]</span> <span class="irc-navy">* bradmc (~bradmc@207-172-69-79.c3-0.smr-ubr3.sbo-smr.ma.static.cable.rcn.com) Quit (Quit: bradmc)</span><br />
<span class="irc-date">[6:33]</span> <span class="irc-brown">-card.freenode.net- *** Looking up your hostname...</span><br />
<span class="irc-date">[6:33]</span> <span class="irc-brown">-card.freenode.net- *** Checking Ident</span><br />
<span class="irc-date">[6:33]</span> <span class="irc-brown">-card.freenode.net- *** Found your hostname</span><br />
<span class="irc-date">[6:34]</span> <span class="irc-brown">-card.freenode.net- *** No Ident response</span><br />
<span class="irc-date">[6:34]</span> <span class="irc-green">* DuraLogBot (~PircBot@atlas.duraspace.org) has joined #duraspace</span><br />
<span class="irc-date">[6:34]</span> <span class="irc-green">* Topic is '[Welcome to DuraSpace - This channel is logged - <a href="http://irclogs.duraspace.org/]'">http://irclogs.duraspace.org/]'</a></span><br />
<span class="irc-date">[6:34]</span> <span class="irc-green">* Set by cwilper!ad579d86@gateway/web/freenode/ip.173.87.157.134 on Fri Oct 22 01:19:41 UTC 2010</span><br />
<span class="irc-date">[8:51]</span> <span class="irc-green">* grahamtriggs (~Graham@host213-123-239-134.in-addr.btopenworld.com) has joined #duraspace</span><br />
<span class="irc-date">[11:17]</span> <span class="irc-green">* bradmc (~bradmc@207-172-69-79.c3-0.smr-ubr3.sbo-smr.ma.static.cable.rcn.com) has joined #duraspace</span><br />
<span class="irc-date">[12:02]</span> <span class="irc-green">* mhwood (~mhwood@2001:18e8:3:10ab:7a2b:cbff:feb4:89a9) has joined #duraspace</span><br />
<span class="irc-date">[13:21]</span> <span class="irc-navy">* mhwood (~mhwood@2001:18e8:3:10ab:7a2b:cbff:feb4:89a9) Quit (Ping timeout: 240 seconds)</span><br />
<span class="irc-date">[13:21]</span> <span class="irc-green">* mhwood (~mhwood@2001:18e8:3:10ab:7a2b:cbff:feb4:89a9) has joined #duraspace</span><br />
<span class="irc-date">[13:34]</span> <span class="irc-green">* tdonohue (~tdonohue@c-98-228-58-145.hsd1.il.comcast.net) has joined #duraspace</span><br />
<span class="irc-date">[14:22]</span> <span class="irc-navy">* mhwood (~mhwood@2001:18e8:3:10ab:7a2b:cbff:feb4:89a9) Quit (Ping timeout: 244 seconds)</span><br />
<span class="irc-date">[14:23]</span> <span class="irc-green">* mhwood (~mhwood@2001:18e8:3:10ab:7a2b:cbff:feb4:89a9) has joined #duraspace</span><br />
<span class="irc-date">[15:40]</span> <span class="irc-navy">* mhwood (~mhwood@2001:18e8:3:10ab:7a2b:cbff:feb4:89a9) Quit (Ping timeout: 240 seconds)</span><br />
<span class="irc-date">[15:40]</span> <span class="irc-green">* mhwood (~mhwood@mhw.ulib.iupui.edu) has joined #duraspace</span><br />
<span class="irc-date">[17:00]</span> <span class="irc-green">* grahamtriggs (~Graham@host213-123-239-134.in-addr.btopenworld.com) has left #duraspace</span><br />
<span class="irc-date">[19:12]</span> <span class="irc-navy">* tdonohue (~tdonohue@c-98-228-58-145.hsd1.il.comcast.net) Quit (Remote host closed the connection)</span><br />
<span class="irc-date">[19:30]</span> <span class="irc-green">* tdonohue (~tdonohue@c-98-228-58-145.hsd1.il.comcast.net) has joined #duraspace</span><br />
<span class="irc-date">[20:45]</span> <span class="irc-navy">* barmintor (barmintor@specdl11.cul.columbia.edu) Quit ()</span><br />
<span class="irc-date">[21:04]</span> <span class="irc-navy">* mhwood (~mhwood@mhw.ulib.iupui.edu) Quit (Remote host closed the connection)</span><br />
<span class="irc-date">[22:00]</span> <span class="irc-navy">* tdonohue (~tdonohue@c-98-228-58-145.hsd1.il.comcast.net) Quit (Remote host closed the connection)</span><br />
