<span class="irc-date">[3:42]</span> <span class="irc-navy">* bradmc (~bradmc@207-172-69-79.c3-0.smr-ubr3.sbo-smr.ma.static.cable.rcn.com) Quit (Read error: Connection reset by peer)</span><br />
<span class="irc-date">[3:42]</span> <span class="irc-green">* bradmc (~bradmc@207-172-69-79.c3-0.smr-ubr3.sbo-smr.ma.static.cable.rcn.com) has joined #duraspace</span><br />
<span class="irc-date">[5:20]</span> <span class="irc-navy">* bradmc (~bradmc@207-172-69-79.c3-0.smr-ubr3.sbo-smr.ma.static.cable.rcn.com) Quit (Read error: Connection reset by peer)</span><br />
<span class="irc-date">[5:20]</span> <span class="irc-green">* bradmc (~bradmc@207-172-69-79.c3-0.smr-ubr3.sbo-smr.ma.static.cable.rcn.com) has joined #duraspace</span><br />
<span class="irc-date">[6:42]</span> <span class="irc-brown">-jordan.freenode.net- *** Looking up your hostname...</span><br />
<span class="irc-date">[6:42]</span> <span class="irc-brown">-jordan.freenode.net- *** Checking Ident</span><br />
<span class="irc-date">[6:42]</span> <span class="irc-brown">-jordan.freenode.net- *** Found your hostname</span><br />
<span class="irc-date">[6:42]</span> <span class="irc-brown">-jordan.freenode.net- *** No Ident response</span><br />
<span class="irc-date">[6:42]</span> <span class="irc-green">* DuraLogBot (~PircBot@atlas.duraspace.org) has joined #duraspace</span><br />
<span class="irc-date">[6:42]</span> <span class="irc-green">* Topic is '[Welcome to DuraSpace - This channel is logged - <a href="http://irclogs.duraspace.org/]'">http://irclogs.duraspace.org/]'</a></span><br />
<span class="irc-date">[6:42]</span> <span class="irc-green">* Set by cwilper!ad579d86@gateway/web/freenode/ip.173.87.157.134 on Fri Oct 22 01:19:41 UTC 2010</span><br />
<span class="irc-date">[10:20]</span> <span class="irc-green">* grahamtriggs (~Graham@host213-123-239-134.in-addr.btopenworld.com) has joined #duraspace</span><br />
<span class="irc-date">[11:16]</span> <span class="irc-navy">* bradmc (~bradmc@207-172-69-79.c3-0.smr-ubr3.sbo-smr.ma.static.cable.rcn.com) Quit (Read error: Connection reset by peer)</span><br />
<span class="irc-date">[11:17]</span> <span class="irc-green">* bradmc (~bradmc@207-172-69-79.c3-0.smr-ubr3.sbo-smr.ma.static.cable.rcn.com) has joined #duraspace</span><br />
<span class="irc-date">[12:21]</span> <span class="irc-green">* mhwood (~mhwood@2001:18e8:3:171:218:8bff:fe2a:56a4) has joined #duraspace</span><br />
<span class="irc-date">[13:46]</span> <span class="irc-navy">* sandsfish (~sandsfish@c-24-60-203-182.hsd1.ma.comcast.net) Quit (Quit: sandsfish)</span><br />
<span class="irc-date">[13:47]</span> <span class="irc-green">* kdweeks (~Adium@2001:468:c80:a103:223:dfff:fefe:ac7d) has joined #duraspace</span><br />
<span class="irc-date">[13:48]</span> <span class="irc-green">* kdweeks (~Adium@2001:468:c80:a103:223:dfff:fefe:ac7d) has left #duraspace</span><br />
<span class="irc-date">[13:51]</span> <span class="irc-green">* scottatm (~scottatm@adhcp159.evans.tamu.edu) has joined #duraspace</span><br />
<span class="irc-date">[14:12]</span> <span class="irc-green">* grahamtriggs1 (~Graham@host213-123-239-134.in-addr.btopenworld.com) has joined #duraspace</span><br />
<span class="irc-date">[14:14]</span> <span class="irc-navy">* grahamtriggs (~Graham@host213-123-239-134.in-addr.btopenworld.com) Quit (Ping timeout: 250 seconds)</span><br />
<span class="irc-date">[14:14]</span> <span class="irc-navy">* bradmc (~bradmc@207-172-69-79.c3-0.smr-ubr3.sbo-smr.ma.static.cable.rcn.com) Quit (Read error: Connection reset by peer)</span><br />
<span class="irc-date">[14:15]</span> <span class="irc-green">* bradmc (~bradmc@207-172-69-79.c3-0.smr-ubr3.sbo-smr.ma.static.cable.rcn.com) has joined #duraspace</span><br />
<span class="irc-date">[14:24]</span> <span class="irc-green">* sandsfish (~sandsfish@18.111.92.182) has joined #duraspace</span><br />
<span class="irc-date">[14:55]</span> <span class="irc-green">* sbayliss (bcde58ad@gateway/web/freenode/ip.188.222.88.173) has joined #duraspace</span><br />
<span class="irc-date">[14:58]</span> <span class="irc-green">* EdAtTheAlliance (811398fe@gateway/web/freenode/ip.129.19.152.254) has joined #duraspace</span><br />
<span class="irc-date">[15:11]</span> <span class="irc-green">* eddies (~eddies@c-75-73-67-110.hsd1.mn.comcast.net) has joined #duraspace</span><br />
<span class="irc-date">[15:11]</span> <span class="irc-navy">* mhwood (~mhwood@2001:18e8:3:171:218:8bff:fe2a:56a4) Quit (Read error: Connection reset by peer)</span><br />
<span class="irc-date">[15:11]</span> <span class="irc-navy">* eddies (~eddies@c-75-73-67-110.hsd1.mn.comcast.net) Quit (Changing host)</span><br />
<span class="irc-date">[15:11]</span> <span class="irc-green">* eddies (~eddies@unaffiliated/eddies) has joined #duraspace</span><br />
<span class="irc-date">[15:12]</span> <span class="irc-green">* mhwood (~mhwood@2001:18e8:3:171:218:8bff:fe2a:56a4) has joined #duraspace</span><br />
<span class="irc-date">[15:13]</span> <span class="irc-navy">* eddies (~eddies@unaffiliated/eddies) Quit (Client Quit)</span><br />
<span class="irc-date">[15:13]</span> <span class="irc-green">* eddies (~eddies@c-75-73-67-110.hsd1.mn.comcast.net) has joined #duraspace</span><br />
<span class="irc-date">[15:13]</span> <span class="irc-navy">* eddies (~eddies@c-75-73-67-110.hsd1.mn.comcast.net) Quit (Changing host)</span><br />
<span class="irc-date">[15:13]</span> <span class="irc-green">* eddies (~eddies@unaffiliated/eddies) has joined #duraspace</span><br />
<span class="irc-date">[16:47]</span> <span class="irc-navy">* EdAtTheAlliance (811398fe@gateway/web/freenode/ip.129.19.152.254) Quit (Quit: Page closed)</span><br />
<span class="irc-date">[17:22]</span> <span class="irc-navy">* sbayliss (bcde58ad@gateway/web/freenode/ip.188.222.88.173) Quit (Ping timeout: 252 seconds)</span><br />
<span class="irc-date">[17:39]</span> <span class="irc-navy">* snail (~yeatesst@130.195.179.88) Quit (Ping timeout: 250 seconds)</span><br />
<span class="irc-date">[17:46]</span> <span class="irc-green">* grahamtriggs1 (~Graham@host213-123-239-134.in-addr.btopenworld.com) has left #duraspace</span><br />
<span class="irc-date">[18:00]</span> <span class="irc-green">* sa5 (0cb17fe7@gateway/web/freenode/ip.12.177.127.231) has left #duraspace</span><br />
<span class="irc-date">[18:09]</span> <span class="irc-navy">* mhwood (~mhwood@2001:18e8:3:171:218:8bff:fe2a:56a4) Quit (Ping timeout: 268 seconds)</span><br />
<span class="irc-date">[18:11]</span> <span class="irc-green">* mhwood (~mhwood@2001:18e8:3:171:218:8bff:fe2a:56a4) has joined #duraspace</span><br />
<span class="irc-date">[18:11]</span> <span class="irc-navy">* bradmc (~bradmc@207-172-69-79.c3-0.smr-ubr3.sbo-smr.ma.static.cable.rcn.com) Quit (Read error: Connection reset by peer)</span><br />
<span class="irc-date">[18:11]</span> <span class="irc-green">* bradmc (~bradmc@207-172-69-79.c3-0.smr-ubr3.sbo-smr.ma.static.cable.rcn.com) has joined #duraspace</span><br />
<span class="irc-date">[18:20]</span> <span class="irc-navy">* eddies (~eddies@unaffiliated/eddies) Quit (Quit: Leaving.)</span><br />
<span class="irc-date">[19:04]</span> <span class="irc-green">* eddies (~eddies@173-11-40-86-Minnesota.hfc.comcastbusiness.net) has joined #duraspace</span><br />
<span class="irc-date">[19:04]</span> <span class="irc-navy">* eddies (~eddies@173-11-40-86-Minnesota.hfc.comcastbusiness.net) Quit (Changing host)</span><br />
<span class="irc-date">[19:04]</span> <span class="irc-green">* eddies (~eddies@unaffiliated/eddies) has joined #duraspace</span><br />
<span class="irc-date">[19:15]</span> <span class="irc-navy">* sandsfish (~sandsfish@18.111.92.182) Quit (Quit: sandsfish)</span><br />
<span class="irc-date">[21:00]</span> <span class="irc-navy">* mhwood (~mhwood@2001:18e8:3:171:218:8bff:fe2a:56a4) Quit (Remote host closed the connection)</span><br />
<span class="irc-date">[21:32]</span> <span class="irc-navy">* eddies (~eddies@unaffiliated/eddies) Quit (Quit: Leaving.)</span><br />
