<span class="irc-date">[0:02]</span> <span class="irc-brown">-RichiH- [Global Notice] ,14 ♥♥♥ freenode loves you and you want to check out <a href="http://blog.freenode.net/2011/04/important-service-announcement-regarding-defocus/">http://blog.freenode.net/2011/04/important-service-announcement-regarding-defocus/</a> ♥♥♥</span><br />
<span class="irc-date">[0:19]</span> <span class="irc-navy">* mdiggory (~mdiggory@rrcs-74-87-47-100.west.biz.rr.com) Quit (Quit: mdiggory)</span><br />
<span class="irc-date">[1:14]</span> <span class="irc-green">* stuartlewis_ (~stuartlew@gendiglt02.lbr.auckland.ac.nz) has joined #duraspace</span><br />
<span class="irc-date">[1:16]</span> <span class="irc-navy">* stuartlewis (~stuartlew@gendiglt02.lbr.auckland.ac.nz) Quit (Ping timeout: 264 seconds)</span><br />
<span class="irc-date">[1:16]</span> <span class="irc-green">* stuartlewis_ is now known as stuartlewis</span><br />
<span class="irc-date">[3:02]</span> <span class="irc-green">* stuartlewis_ (~stuartlew@gendiglt02.lbr.auckland.ac.nz) has joined #duraspace</span><br />
<span class="irc-date">[3:04]</span> <span class="irc-navy">* stuartlewis (~stuartlew@gendiglt02.lbr.auckland.ac.nz) Quit (Ping timeout: 240 seconds)</span><br />
<span class="irc-date">[3:04]</span> <span class="irc-green">* stuartlewis_ is now known as stuartlewis</span><br />
<span class="irc-date">[3:06]</span> <span class="irc-green">* mdiggory (~mdiggory@ip72-199-217-116.sd.sd.cox.net) has joined #duraspace</span><br />
<span class="irc-date">[3:34]</span> <span class="irc-navy">* stuartlewis (~stuartlew@gendiglt02.lbr.auckland.ac.nz) Quit (Quit: stuartlewis)</span><br />
<span class="irc-date">[4:09]</span> <span class="irc-navy">* mdiggory (~mdiggory@ip72-199-217-116.sd.sd.cox.net) Quit (Quit: mdiggory)</span><br />
<span class="irc-date">[4:49]</span> <span class="irc-green">* mdiggory (~mdiggory@ip72-199-217-116.sd.sd.cox.net) has joined #duraspace</span><br />
<span class="irc-date">[4:52]</span> <span class="irc-navy">* mdiggory (~mdiggory@ip72-199-217-116.sd.sd.cox.net) Quit (Client Quit)</span><br />
<span class="irc-date">[5:46]</span> <span class="irc-green">* mdiggory (~mdiggory@ip72-199-217-116.sd.sd.cox.net) has joined #duraspace</span><br />
<span class="irc-date">[5:54]</span> <span class="irc-navy">* mdiggory (~mdiggory@ip72-199-217-116.sd.sd.cox.net) Quit (Quit: mdiggory)</span><br />
<span class="irc-date">[6:33]</span> <span class="irc-brown">-niven.freenode.net- *** Looking up your hostname...</span><br />
<span class="irc-date">[6:33]</span> <span class="irc-brown">-niven.freenode.net- *** Checking Ident</span><br />
<span class="irc-date">[6:33]</span> <span class="irc-brown">-niven.freenode.net- *** Found your hostname</span><br />
<span class="irc-date">[6:33]</span> <span class="irc-brown">-niven.freenode.net- *** No Ident response</span><br />
<span class="irc-date">[6:33]</span> <span class="irc-red">[frigg VERSION]</span><br />
<span class="irc-date">[6:33]</span> <span class="irc-green">* DuraLogBot (~PircBot@atlas.duraspace.org) has joined #duraspace</span><br />
<span class="irc-date">[6:33]</span> <span class="irc-green">* Topic is '[Welcome to DuraSpace - This channel is logged - <a href="http://irclogs.duraspace.org/]'">http://irclogs.duraspace.org/]'</a></span><br />
<span class="irc-date">[6:33]</span> <span class="irc-green">* Set by cwilper!ad579d86@gateway/web/freenode/ip.173.87.157.134 on Fri Oct 22 01:19:41 UTC 2010</span><br />
<span class="irc-date">[7:31]</span> <span class="irc-green">* mdiggory (~mdiggory@ip72-199-217-116.sd.sd.cox.net) has joined #duraspace</span><br />
<span class="irc-date">[12:00]</span> <span class="irc-brown">-RichiH- [Global Notice] The first round was received extremely well and we got between two and three dozen correct replies. We upped the ante and another ten cloaks will be handed out to anyone who solves the updated and slightly more evil version at <a href="http://blog.freenode.net/2011/04/important-service-announcement-regarding-defocus/">http://blog.freenode.net/2011/04/important-service-announcement-regarding-defocus/</a></span><br />
<span class="irc-date">[12:25]</span> <span class="irc-green">* mhwood (~mhwood@2001:18e8:3:171:218:8bff:fe2a:56a4) has joined #duraspace</span><br />
<span class="irc-date">[13:20]</span> <span class="irc-navy">* mdiggory (~mdiggory@ip72-199-217-116.sd.sd.cox.net) Quit (Quit: mdiggory)</span><br />
<span class="irc-date">[13:35]</span> <span class="irc-green">* tdonohue (~tdonohue@c-98-228-50-45.hsd1.il.comcast.net) has joined #duraspace</span><br />
<span class="irc-date">[15:21]</span> <span class="irc-green">* guilhermekfe (~guilherme@189-31-45-213.gnace704.dsl.brasiltelecom.net.br) has joined #duraspace</span><br />
<span class="irc-date">[16:44]</span> <span class="irc-navy">* grahamtriggs|2 (~grahamtri@62.189.56.2) Quit (Quit: KVIrc 4.0.2 Insomnia <a href="http://www.kvirc.net/)">http://www.kvirc.net/)</a></span><br />
<span class="irc-date">[16:46]</span> <span class="irc-green">* zubair_________ (~zubair@113.203.176.165) has joined #duraspace</span><br />
<span class="irc-date">[16:49]</span> <span class="irc-black">&lt;zubair_________&gt; hello</span><br />
<span class="irc-date">[16:56]</span> <span class="irc-green">* bendozy (~bendozy@195.219.154.24) has joined #duraspace</span><br />
<span class="irc-date">[17:28]</span> <span class="irc-green">* gsoc_ajhall (~darkmatte@dhcp-vlan3242-31-94.wireless.uic.edu) has joined #duraspace</span><br />
<span class="irc-date">[17:29]</span> <span class="irc-black">&lt;gsoc_ajhall&gt; I was wondering if someone was on that could answer some very basic questions?</span><br />
<span class="irc-date">[17:30]</span> <span class="irc-black">&lt;zubair_________&gt; what is your question</span><br />
<span class="irc-date">[17:30]</span> <span class="irc-black">&lt;zubair_________&gt; I may answer</span><br />
<span class="irc-date">[17:30]</span> <span class="irc-black">&lt;zubair_________&gt; I am also student</span><br />
<span class="irc-date">[17:31]</span> <span class="irc-black">&lt;tdonohue&gt; gsoc_ajhall: what are your questions?</span><br />
<span class="irc-date">[17:32]</span> <span class="irc-black">&lt;gsoc_ajhall&gt; The idea behind DuraSpace is storage or accessibility, or both?</span><br />
<span class="irc-date">[17:32]</span> <span class="irc-black">&lt;zubair_________&gt; tdonohue: I am interested in Migrate to a modern Web service library for SOAP and support MTOM.</span><br />
<span class="irc-date">[17:33]</span> <span class="irc-black">&lt;zubair_________&gt; what api we will have to use to implement ws ,can we use jdk1.6 ws functionality</span><br />
<span class="irc-date">[17:33]</span> <span class="irc-black">&lt;zubair_________&gt; for soap ws</span><br />
<span class="irc-date">[17:35]</span> <span class="irc-black">&lt;tdonohue&gt; gsoc_ajhall:  DuraSpace itself is an organization, not a software platform. We support 3 different software platforms: DSpace, Fedora, and DuraCloud.</span><br />
<span class="irc-date">[17:36]</span> <span class="irc-black">&lt;tdonohue&gt; gsoc_ajhall: DSpace is a "turnkey" institutional repository application, geared towards open access and preservation.</span><br />
<span class="irc-date">[17:36]</span> <span class="irc-black">&lt;zubair_________&gt; or someother api like cxf</span><br />
<span class="irc-date">[17:36]</span> <span class="irc-black">&lt;tdonohue&gt; gsoc_ajhall: Fedora is a software framework for building digital repositories or document management systems.  Geared primarily towards preservation of digital content</span><br />
<span class="irc-date">[17:37]</span> <span class="irc-black">&lt;tdonohue&gt; gsoc_ajhall: DuraCloud is a cloud-based storage solution which also provides digital preservation tools &amp; services</span><br />
<span class="irc-date">[17:37]</span> <span class="irc-black">&lt;zubair_________&gt; tdonohue: I can also do work on this project Modern Web-based "Administrator" UI for Fedora</span><br />
<span class="irc-date">[17:38]</span> <span class="irc-black">&lt;tdonohue&gt; more information on our three software platforms is here: <a href="https://wiki.duraspace.org/display/GSOC/Google+Summer+of+Code+%28GSOC%29">https://wiki.duraspace.org/display/GSOC/Google+Summer+of+Code+%28GSOC%29</a></span><br />
<span class="irc-date">[17:38]</span> <span class="irc-black">&lt;kompewter&gt; [ Google Summer of Code (GSOC) - Google Summer of Code - DuraSpace Wiki ] - <a href="https://wiki.duraspace.org/display/GSOC/Google+Summer+of+Code+%28GSOC%29">https://wiki.duraspace.org/display/GSOC/Google+Summer+of+Code+%28GSOC%29</a></span><br />
<span class="irc-date">[17:40]</span> <span class="irc-black">&lt;gsoc_ajhall&gt; Yes, thank you. So the goal of adding software to transfer between CONTENTdm would be to have a means of extending both storage and accessibility?</span><br />
<span class="irc-date">[17:40]</span> <span class="irc-black">&lt;tdonohue&gt; zubair: You are welcome to also apply for that Fedora project if you wish.  I'll admit, I'm on the DSpace development team, so I cannot answer your questions about Fedora projects.  But, you can ask them on 'duraspace-gsoc' list, as we have Fedora team members there</span><br />
<span class="irc-date">[17:42]</span> <span class="irc-black">&lt;zubair_________&gt; Thanks I will mail my questions to mailing list</span><br />
<span class="irc-date">[17:42]</span> <span class="irc-black">&lt;tdonohue&gt; gsoc_ajhall -- if you have questions about a specific GSoC project, it might be best to ask it on the 'duraspace-gsoc' listserv.  I'll admit, I'm a DSpace developer, and that CONTENTdm project is related to DuraCloud, so it's probably better to ask the DuraCloud team.</span><br />
<span class="irc-date">[17:43]</span> <span class="irc-black">&lt;tdonohue&gt; gsoc_ajhall -- the DuraCloud team members are all on the duraspace-gsoc listserv, and I'm sure they could answer any questions you have about that CONTENTdm project: <a href="http://groups.google.com/group/duraspace-gsoc/">http://groups.google.com/group/duraspace-gsoc/</a></span><br />
<span class="irc-date">[17:43]</span> <span class="irc-black">&lt;kompewter&gt; [ DuraSpace GSoC | Google Groups ] - <a href="http://groups.google.com/group/duraspace-gsoc/">http://groups.google.com/group/duraspace-gsoc/</a></span><br />
<span class="irc-date">[17:50]</span> <span class="irc-black">&lt;gsoc_ajhall&gt; Do you happen to know anything about the CONTENTdm software?</span><br />
<span class="irc-date">[17:51]</span> <span class="irc-black">&lt;tdonohue&gt; gsoc_ajhall: Not a whole lot, to be honest.  I know it tends to be used by University Libraries to create digital collections (often image based), but beyond that, I've actually never used CONTENTdm myself.</span><br />
<span class="irc-date">[17:52]</span> <span class="irc-black">&lt;gsoc_ajhall&gt; Alright, thank you for your help. I think I understand it now</span><br />
<span class="irc-date">[17:52]</span> <span class="irc-black">&lt;tdonohue&gt; gsoc_ajhall: I believe the hope of the CONTENTdm to DuraCloud integration project is to be able to "backup" / store files from CONTENTdm in DuraCloud, and even make them accessible through DuraCloud.  But, you may want to ask on the 'duraspace-gsoc' list, so that the DuraCloud team can verify this.</span><br />
<span class="irc-date">[17:53]</span> <span class="irc-black">&lt;gsoc_ajhall&gt; CONTENTdm has some data stored, the proposed project should retrieve that data and upload it onto a DuraCloud accound</span><br />
<span class="irc-date">[17:53]</span> <span class="irc-black">&lt;gsoc_ajhall&gt; Thank you, again. I will be sure to ask over there too</span><br />
<span class="irc-date">[17:53]</span> <span class="irc-black">&lt;tdonohue&gt; you are welcome, gsoc_ajhall!</span><br />
<span class="irc-date">[17:59]</span> <span class="irc-navy">* gsoc_ajhall (~darkmatte@dhcp-vlan3242-31-94.wireless.uic.edu) Quit ()</span><br />
<span class="irc-date">[18:05]</span> <span class="irc-navy">* zubair_________ (~zubair@113.203.176.165) Quit (Ping timeout: 246 seconds)</span><br />
<span class="irc-date">[18:08]</span> <span class="irc-navy">* guilhermekfe (~guilherme@189-31-45-213.gnace704.dsl.brasiltelecom.net.br) Quit (Quit: Leaving)</span><br />
<span class="irc-date">[19:47]</span> <span class="irc-navy">* bendozy (~bendozy@195.219.154.24) Quit (Ping timeout: 248 seconds)</span><br />
<span class="irc-date">[20:54]</span> <span class="irc-navy">* ablemann (~alexleman@147.226.130.243) Quit (Quit: leaving)</span><br />
<span class="irc-date">[21:11]</span> <span class="irc-navy">* mhwood (~mhwood@2001:18e8:3:171:218:8bff:fe2a:56a4) Quit (Remote host closed the connection)</span><br />
<span class="irc-date">[22:04]</span> <span class="irc-green">* tdonohue (~tdonohue@c-98-228-50-45.hsd1.il.comcast.net) has left #duraspace</span><br />
<span class="irc-date">[22:59]</span> <span class="irc-navy">* kompewter (~kompewter@sul272peter.lib.ohio-state.edu) Quit (Remote host closed the connection)</span><br />
<span class="irc-date">[23:00]</span> <span class="irc-navy">* ksclarke (~kevin@adsl-39-66-159.clt.bellsouth.net) Quit (Quit: Leaving.)</span><br />
<span class="irc-date">[23:04]</span> <span class="irc-green">* ksclarke (~kevin@adsl-39-66-159.clt.bellsouth.net) has joined #duraspace</span><br />
