<span class="irc-date">[1:09]</span> <span class="irc-navy">* PeterDietz (~PeterDiet@sul272peter.lib.ohio-state.edu) Quit (Ping timeout: 250 seconds)</span><br />
<span class="irc-date">[1:11]</span> <span class="irc-green">* PeterDietz (~PeterDiet@sul272peter.lib.ohio-state.edu) has joined #duraspace</span><br />
<span class="irc-date">[3:46]</span> <span class="irc-green">* snail (~yeatesst@130.195.179.88) has left #duraspace</span><br />
<span class="irc-date">[4:02]</span> <span class="irc-green">* snail (~yeatesst@130.195.179.88) has joined #duraspace</span><br />
<span class="irc-date">[4:25]</span> <span class="irc-navy">* stuartlewis (~stuartlew@gendiglt02.lbr.auckland.ac.nz) Quit (Quit: stuartlewis)</span><br />
<span class="irc-date">[6:31]</span> <span class="irc-green">* grahamtriggs (~Graham@host213-123-239-134.in-addr.btopenworld.com) has joined #duraspace</span><br />
<span class="irc-date">[6:39]</span> <span class="irc-brown">-asimov.freenode.net- *** Looking up your hostname...</span><br />
<span class="irc-date">[6:39]</span> <span class="irc-brown">-asimov.freenode.net- *** Checking Ident</span><br />
<span class="irc-date">[6:39]</span> <span class="irc-brown">-asimov.freenode.net- *** Found your hostname</span><br />
<span class="irc-date">[6:39]</span> <span class="irc-brown">-asimov.freenode.net- *** No Ident response</span><br />
<span class="irc-date">[6:40]</span> <span class="irc-green">* DuraLogBot (~PircBot@atlas.duraspace.org) has joined #duraspace</span><br />
<span class="irc-date">[6:40]</span> <span class="irc-green">* Topic is '[Welcome to DuraSpace - This channel is logged - <a href="http://irclogs.duraspace.org/]'">http://irclogs.duraspace.org/]'</a></span><br />
<span class="irc-date">[6:40]</span> <span class="irc-green">* Set by cwilper!ad579d86@gateway/web/freenode/ip.173.87.157.134 on Fri Oct 22 01:19:41 UTC 2010</span><br />
<span class="irc-date">[12:16]</span> <span class="irc-green">* mhwood (~mhwood@2001:18e8:3:10ab:21e:4fff:feba:a425) has joined #duraspace</span><br />
<span class="irc-date">[13:32]</span> <span class="irc-green">* tdonohue (~tdonohue@c-98-228-50-45.hsd1.il.comcast.net) has joined #duraspace</span><br />
<span class="irc-date">[14:28]</span> <span class="irc-green">* eddies (~eddies@2.130.114.78.rev.sfr.net) has joined #duraspace</span><br />
<span class="irc-date">[14:28]</span> <span class="irc-navy">* eddies (~eddies@2.130.114.78.rev.sfr.net) Quit (Changing host)</span><br />
<span class="irc-date">[14:28]</span> <span class="irc-green">* eddies (~eddies@unaffiliated/eddies) has joined #duraspace</span><br />
<span class="irc-date">[16:50]</span> <span class="irc-navy">* grahamtriggs (~Graham@host213-123-239-134.in-addr.btopenworld.com) Quit (Read error: Connection reset by peer)</span><br />
<span class="irc-date">[17:52]</span> <span class="irc-green">* sandsfish (~sandsfish@18.111.75.31) has joined #duraspace</span><br />
<span class="irc-date">[18:47]</span> <span class="irc-navy">* sandsfish (~sandsfish@18.111.75.31) Quit (Quit: sandsfish)</span><br />
<span class="irc-date">[19:58]</span> <span class="irc-navy">* ablemann (~alexleman@147.226.128.79) Quit (Quit: leaving)</span><br />
<span class="irc-date">[20:12]</span> <span class="irc-navy">* eddies (~eddies@unaffiliated/eddies) Quit (Quit: Leaving.)</span><br />
<span class="irc-date">[21:07]</span> <span class="irc-navy">* mhwood (~mhwood@2001:18e8:3:10ab:21e:4fff:feba:a425) Quit (Remote host closed the connection)</span><br />
<span class="irc-date">[21:24]</span> <span class="irc-navy">* scottatm (~scottatm@adhcp222.evans.tamu.edu) Quit (Quit: scottatm)</span><br />
<span class="irc-date">[22:01]</span> <span class="irc-green">* tdonohue (~tdonohue@c-98-228-50-45.hsd1.il.comcast.net) has left #duraspace</span><br />
