<span class="irc-date">[1:07]</span> <span class="irc-navy">* bradmc (~bradmc@68.65.169.166) Quit (Quit: bradmc)</span><br />
<span class="irc-date">[1:08]</span> <span class="irc-green">* bradmc (~bradmc@68.65.169.204) has joined #duraspace</span><br />
<span class="irc-date">[1:10]</span> <span class="irc-navy">* eddies (~eddies@unaffiliated/eddies) Quit (Quit: Leaving.)</span><br />
<span class="irc-date">[1:13]</span> <span class="irc-navy">* bradmc (~bradmc@68.65.169.204) Quit (Quit: bradmc)</span><br />
<span class="irc-date">[6:31]</span> <span class="irc-brown">-barjavel.freenode.net- *** Looking up your hostname...</span><br />
<span class="irc-date">[6:31]</span> <span class="irc-brown">-barjavel.freenode.net- *** Checking Ident</span><br />
<span class="irc-date">[6:31]</span> <span class="irc-brown">-barjavel.freenode.net- *** Found your hostname</span><br />
<span class="irc-date">[6:31]</span> <span class="irc-brown">-barjavel.freenode.net- *** No Ident response</span><br />
<span class="irc-date">[6:31]</span> <span class="irc-green">* DuraLogBot (~PircBot@atlas.duraspace.org) has joined #duraspace</span><br />
<span class="irc-date">[6:31]</span> <span class="irc-green">* Topic is '[Welcome to DuraSpace - This channel is logged - <a href="http://irclogs.duraspace.org/]'">http://irclogs.duraspace.org/]'</a></span><br />
<span class="irc-date">[6:31]</span> <span class="irc-green">* Set by cwilper!ad579d86@gateway/web/freenode/ip.173.87.157.134 on Fri Oct 22 01:19:41 UTC 2010</span><br />
<span class="irc-date">[6:31]</span> <span class="irc-brown">-barjavel.freenode.net- [freenode-info] why register and identify? your IRC nick is how people know you. <a href="http://freenode.net/faq.shtml#nicksetup">http://freenode.net/faq.shtml#nicksetup</a></span><br />
<span class="irc-date">[9:26]</span> <span class="irc-navy">* mdiggory (~mdiggory@ip72-199-216-7.sd.sd.cox.net) Quit (Quit: mdiggory)</span><br />
<span class="irc-date">[9:28]</span> <span class="irc-green">* mdiggory (~mdiggory@ip72-199-216-7.sd.sd.cox.net) has joined #duraspace</span><br />
<span class="irc-date">[13:07]</span> <span class="irc-green">* bradmc (~bradmc@207-172-69-79.c3-0.smr-ubr3.sbo-smr.ma.static.cable.rcn.com) has joined #duraspace</span><br />
<span class="irc-date">[13:25]</span> <span class="irc-green">* bradmc__ (~bradmc@207-172-69-79.c3-0.smr-ubr3.sbo-smr.ma.static.cable.rcn.com) has joined #duraspace</span><br />
<span class="irc-date">[13:26]</span> <span class="irc-navy">* bradmc (~bradmc@207-172-69-79.c3-0.smr-ubr3.sbo-smr.ma.static.cable.rcn.com) Quit (Read error: Connection reset by peer)</span><br />
<span class="irc-date">[13:26]</span> <span class="irc-green">* mhwood (mwood@mhw.ulib.iupui.edu) has joined #duraspace</span><br />
<span class="irc-date">[13:26]</span> <span class="irc-green">* bradmc__ is now known as bradmc</span><br />
<span class="irc-date">[14:00]</span> <span class="irc-green">* bradmc__ (~bradmc@207-172-69-79.c3-0.smr-ubr3.sbo-smr.ma.static.cable.rcn.com) has joined #duraspace</span><br />
<span class="irc-date">[14:00]</span> <span class="irc-navy">* bradmc (~bradmc@207-172-69-79.c3-0.smr-ubr3.sbo-smr.ma.static.cable.rcn.com) Quit (Read error: Connection reset by peer)</span><br />
<span class="irc-date">[14:00]</span> <span class="irc-green">* bradmc__ is now known as bradmc</span><br />
<span class="irc-date">[14:01]</span> <span class="irc-green">* bradmc__ (~bradmc@207-172-69-79.c3-0.smr-ubr3.sbo-smr.ma.static.cable.rcn.com) has joined #duraspace</span><br />
<span class="irc-date">[14:01]</span> <span class="irc-navy">* bradmc (~bradmc@207-172-69-79.c3-0.smr-ubr3.sbo-smr.ma.static.cable.rcn.com) Quit (Read error: Connection reset by peer)</span><br />
<span class="irc-date">[14:01]</span> <span class="irc-green">* bradmc__ is now known as bradmc</span><br />
<span class="irc-date">[14:17]</span> <span class="irc-green">* tdonohue (~tdonohue@c-98-228-58-145.hsd1.il.comcast.net) has joined #duraspace</span><br />
<span class="irc-date">[14:27]</span> <span class="irc-green">* GargantuaSauce (~Gargantua@142.176.125.39) has joined #duraspace</span><br />
<span class="irc-date">[16:14]</span> <span class="irc-navy">* mdiggory (~mdiggory@ip72-199-216-7.sd.sd.cox.net) Quit (Quit: mdiggory)</span><br />
<span class="irc-date">[17:11]</span> <span class="irc-green">* eddies (~eddies@unaffiliated/eddies) has joined #duraspace</span><br />
<span class="irc-date">[17:41]</span> <span class="irc-green">* mdiggory (~mdiggory@rrcs-74-87-47-114.west.biz.rr.com) has joined #duraspace</span><br />
<span class="irc-date">[19:22]</span> <span class="irc-navy">* GargantuaSauce (~Gargantua@142.176.125.39) Quit (Quit: Leaving.)</span><br />
<span class="irc-date">[21:43]</span> <span class="irc-green">* eddies1 (~eddies@68.65.169.236) has joined #duraspace</span><br />
<span class="irc-date">[21:43]</span> <span class="irc-navy">* eddies1 (~eddies@68.65.169.236) Quit (Changing host)</span><br />
<span class="irc-date">[21:43]</span> <span class="irc-green">* eddies1 (~eddies@unaffiliated/eddies) has joined #duraspace</span><br />
<span class="irc-date">[21:43]</span> <span class="irc-navy">* eddies (~eddies@unaffiliated/eddies) Quit (Read error: Connection reset by peer)</span><br />
<span class="irc-date">[22:08]</span> <span class="irc-navy">* mhwood (mwood@mhw.ulib.iupui.edu) Quit (Remote host closed the connection)</span><br />
<span class="irc-date">[22:14]</span> <span class="irc-green">* eddies (~eddies@68.65.169.197) has joined #duraspace</span><br />
<span class="irc-date">[22:14]</span> <span class="irc-navy">* eddies (~eddies@68.65.169.197) Quit (Changing host)</span><br />
<span class="irc-date">[22:14]</span> <span class="irc-green">* eddies (~eddies@unaffiliated/eddies) has joined #duraspace</span><br />
<span class="irc-date">[22:14]</span> <span class="irc-navy">* mdiggory (~mdiggory@rrcs-74-87-47-114.west.biz.rr.com) Quit (Quit: mdiggory)</span><br />
<span class="irc-date">[22:15]</span> <span class="irc-navy">* eddies1 (~eddies@unaffiliated/eddies) Quit (Ping timeout: 252 seconds)</span><br />
<span class="irc-date">[22:27]</span> <span class="irc-navy">* bradmc (~bradmc@207-172-69-79.c3-0.smr-ubr3.sbo-smr.ma.static.cable.rcn.com) Quit (Quit: bradmc)</span><br />
<span class="irc-date">[23:01]</span> <span class="irc-navy">* tdonohue (~tdonohue@c-98-228-58-145.hsd1.il.comcast.net) Quit (Read error: Connection reset by peer)</span><br />
<span class="irc-date">[23:24]</span> <span class="irc-green">* mdiggory (~mdiggory@173-128-171-211.pools.spcsdns.net) has joined #duraspace</span><br />
<span class="irc-date">[23:31]</span> <span class="irc-navy">* eddies (~eddies@unaffiliated/eddies) Quit (Quit: Leaving.)</span><br />
<span class="irc-date">[23:40]</span> <span class="irc-navy">* mdiggory (~mdiggory@173-128-171-211.pools.spcsdns.net) Quit (Remote host closed the connection)</span><br />
