<span class="irc-date">[6:43]</span> <span class="irc-brown">-hitchcock.freenode.net- *** Looking up your hostname...</span><br />
<span class="irc-date">[6:43]</span> <span class="irc-brown">-hitchcock.freenode.net- *** Checking Ident</span><br />
<span class="irc-date">[6:43]</span> <span class="irc-brown">-hitchcock.freenode.net- *** Found your hostname</span><br />
<span class="irc-date">[6:43]</span> <span class="irc-brown">-hitchcock.freenode.net- *** No Ident response</span><br />
<span class="irc-date">[6:43]</span> <span class="irc-green">* DuraLogBot (~PircBot@atlas.duraspace.org) has joined #duraspace</span><br />
<span class="irc-date">[6:43]</span> <span class="irc-green">* Topic is '[Welcome to DuraSpace - This channel is logged - <a href="http://irclogs.duraspace.org/]'">http://irclogs.duraspace.org/]'</a></span><br />
<span class="irc-date">[6:43]</span> <span class="irc-green">* Set by cwilper!ad579d86@gateway/web/freenode/ip.173.87.157.134 on Fri Oct 22 01:19:41 UTC 2010</span><br />
<span class="irc-date">[12:15]</span> <span class="irc-navy">* snail (~yeatesst@130.195.179.88) Quit (*.net *.split)</span><br />
<span class="irc-date">[12:15]</span> <span class="irc-navy">* ianthe (~ianthe@cowu.be) Quit (*.net *.split)</span><br />
<span class="irc-date">[12:15]</span> <span class="irc-navy">* PeterDietz (~PeterDiet@sul272peter.lib.ohio-state.edu) Quit (*.net *.split)</span><br />
<span class="irc-date">[12:15]</span> <span class="irc-navy">* kshepherd (kim@ec2-174-129-179-33.compute-1.amazonaws.com) Quit (*.net *.split)</span><br />
<span class="irc-date">[12:15]</span> <span class="irc-navy">* kompewter (~kompewter@sul272peter.lib.ohio-state.edu) Quit (*.net *.split)</span><br />
<span class="irc-date">[12:15]</span> <span class="irc-navy">* krnl_ (Andrius@193.219.34.106) Quit (*.net *.split)</span><br />
<span class="irc-date">[12:15]</span> <span class="irc-navy">* ChanServ (ChanServ@services.) Quit (*.net *.split)</span><br />
<span class="irc-date">[12:19]</span> <span class="irc-green">* snail (~yeatesst@130.195.179.88) has joined #duraspace</span><br />
<span class="irc-date">[12:19]</span> <span class="irc-green">* PeterDietz (~PeterDiet@sul272peter.lib.ohio-state.edu) has joined #duraspace</span><br />
<span class="irc-date">[12:19]</span> <span class="irc-green">* kshepherd (kim@ec2-174-129-179-33.compute-1.amazonaws.com) has joined #duraspace</span><br />
<span class="irc-date">[12:19]</span> <span class="irc-green">* kompewter (~kompewter@sul272peter.lib.ohio-state.edu) has joined #duraspace</span><br />
<span class="irc-date">[12:19]</span> <span class="irc-green">* krnl_ (Andrius@193.219.34.106) has joined #duraspace</span><br />
<span class="irc-date">[12:19]</span> <span class="irc-green">* ianthe (~ianthe@cowu.be) has joined #duraspace</span><br />
<span class="irc-date">[12:19]</span> <span class="irc-green">* ChanServ (ChanServ@services.) has joined #duraspace</span><br />
<span class="irc-date">[20:37]</span> <span class="irc-navy">* DuraLogBot (~PircBot@atlas.duraspace.org) Quit (Ping timeout: 252 seconds)</span><br />
<span class="irc-date">[20:37]</span> <span class="irc-navy">* Disconnected.</span><br />
<span class="irc-date">[20:37]</span> <span class="irc-brown">-verne.freenode.net- *** Looking up your hostname...</span><br />
<span class="irc-date">[20:37]</span> <span class="irc-brown">-verne.freenode.net- *** Checking Ident</span><br />
<span class="irc-date">[20:37]</span> <span class="irc-brown">-verne.freenode.net- *** Found your hostname</span><br />
<span class="irc-date">[20:38]</span> <span class="irc-brown">-verne.freenode.net- *** No Ident response</span><br />
