<span class="irc-date">[1:02]</span> <span class="irc-navy">* mdiggory (~mdiggory@rrcs-74-87-47-114.west.biz.rr.com) Quit (Quit: mdiggory)</span><br />
<span class="irc-date">[1:21]</span> <span class="irc-navy">* grahamtriggs (~Graham@host213-123-239-134.in-addr.btopenworld.com) Quit (Read error: Connection reset by peer)</span><br />
<span class="irc-date">[1:22]</span> <span class="irc-green">* grahamtriggs (~Graham@host213-123-239-134.in-addr.btopenworld.com) has joined #duraspace</span><br />
<span class="irc-date">[4:35]</span> <span class="irc-navy">* stuartlewis (~stuartlew@gendiglt02.lbr.auckland.ac.nz) Quit (Quit: stuartlewis)</span><br />
<span class="irc-date">[6:54]</span> <span class="irc-brown">-zelazny.freenode.net- *** Looking up your hostname...</span><br />
<span class="irc-date">[6:54]</span> <span class="irc-brown">-zelazny.freenode.net- *** Checking Ident</span><br />
<span class="irc-date">[6:54]</span> <span class="irc-brown">-zelazny.freenode.net- *** Found your hostname</span><br />
<span class="irc-date">[6:54]</span> <span class="irc-brown">-zelazny.freenode.net- *** No Ident response</span><br />
<span class="irc-date">[6:54]</span> <span class="irc-green">* DuraLogBot (~PircBot@atlas.duraspace.org) has joined #duraspace</span><br />
<span class="irc-date">[6:54]</span> <span class="irc-green">* Topic is '[Welcome to DuraSpace - This channel is logged - <a href="http://irclogs.duraspace.org/]'">http://irclogs.duraspace.org/]'</a></span><br />
<span class="irc-date">[6:54]</span> <span class="irc-green">* Set by cwilper!ad579d86@gateway/web/freenode/ip.173.87.157.134 on Fri Oct 22 01:19:41 UTC 2010</span><br />
<span class="irc-date">[12:06]</span> <span class="irc-green">* mhwood (~mhwood@2001:18e8:3:10ab:7a2b:cbff:feb4:89a9) has joined #duraspace</span><br />
<span class="irc-date">[12:38]</span> <span class="irc-navy">* mhwood (~mhwood@2001:18e8:3:10ab:7a2b:cbff:feb4:89a9) Quit (Ping timeout: 240 seconds)</span><br />
<span class="irc-date">[12:41]</span> <span class="irc-green">* mhwood (~mhwood@2001:18e8:3:10ab:7a2b:cbff:feb4:89a9) has joined #duraspace</span><br />
<span class="irc-date">[13:23]</span> <span class="irc-navy">* grahamtriggs (~Graham@host213-123-239-134.in-addr.btopenworld.com) Quit (Read error: Connection reset by peer)</span><br />
<span class="irc-date">[13:24]</span> <span class="irc-green">* grahamtriggs (~Graham@host213-123-239-134.in-addr.btopenworld.com) has joined #duraspace</span><br />
<span class="irc-date">[13:31]</span> <span class="irc-green">* tdonohue (~tdonohue@c-98-228-58-145.hsd1.il.comcast.net) has joined #duraspace</span><br />
<span class="irc-date">[13:47]</span> <span class="irc-navy">* mhwood (~mhwood@2001:18e8:3:10ab:7a2b:cbff:feb4:89a9) Quit (Ping timeout: 240 seconds)</span><br />
<span class="irc-date">[13:50]</span> <span class="irc-green">* mhwood (~mhwood@2001:18e8:3:10ab:7a2b:cbff:feb4:89a9) has joined #duraspace</span><br />
<span class="irc-date">[14:41]</span> <span class="irc-navy">* grahamtriggs (~Graham@host213-123-239-134.in-addr.btopenworld.com) Quit (Read error: Connection reset by peer)</span><br />
<span class="irc-date">[14:41]</span> <span class="irc-green">* grahamtriggs (~Graham@host213-123-239-134.in-addr.btopenworld.com) has joined #duraspace</span><br />
<span class="irc-date">[16:39]</span> <span class="irc-green">* sandsfish (~sandsfish@18.111.63.78) has joined #duraspace</span><br />
<span class="irc-date">[19:06]</span> <span class="irc-navy">* tdonohue (~tdonohue@c-98-228-58-145.hsd1.il.comcast.net) Quit (Remote host closed the connection)</span><br />
<span class="irc-date">[19:37]</span> <span class="irc-navy">* mhwood (~mhwood@2001:18e8:3:10ab:7a2b:cbff:feb4:89a9) Quit (Ping timeout: 240 seconds)</span><br />
<span class="irc-date">[19:50]</span> <span class="irc-green">* mhwood (~mhwood@2001:18e8:3:10ab:7a2b:cbff:feb4:89a9) has joined #duraspace</span><br />
<span class="irc-date">[19:52]</span> <span class="irc-navy">* sandsfish (~sandsfish@18.111.63.78) Quit (Quit: sandsfish)</span><br />
<span class="irc-date">[20:58]</span> <span class="irc-navy">* mhwood (~mhwood@2001:18e8:3:10ab:7a2b:cbff:feb4:89a9) Quit (Ping timeout: 240 seconds)</span><br />
