<span class="irc-date">[2:57]</span> <span class="irc-navy">* stuartlewis (~stuartlew@gendiglt02.lbr.auckland.ac.nz) Quit (Quit: stuartlewis)</span><br />
<span class="irc-date">[6:43]</span> <span class="irc-brown">-card.freenode.net- *** Looking up your hostname...</span><br />
<span class="irc-date">[6:43]</span> <span class="irc-brown">-card.freenode.net- *** Checking Ident</span><br />
<span class="irc-date">[6:43]</span> <span class="irc-brown">-card.freenode.net- *** Found your hostname</span><br />
<span class="irc-date">[6:44]</span> <span class="irc-brown">-card.freenode.net- *** No Ident response</span><br />
<span class="irc-date">[6:44]</span> <span class="irc-green">* DuraLogBot (~PircBot@atlas.duraspace.org) has joined #duraspace</span><br />
<span class="irc-date">[6:44]</span> <span class="irc-green">* Topic is '[Welcome to DuraSpace - This channel is logged - <a href="http://irclogs.duraspace.org/]'">http://irclogs.duraspace.org/]'</a></span><br />
<span class="irc-date">[6:44]</span> <span class="irc-green">* Set by cwilper!ad579d86@gateway/web/freenode/ip.173.87.157.134 on Fri Oct 22 01:19:41 UTC 2010</span><br />
<span class="irc-date">[12:11]</span> <span class="irc-green">* mhwood (~mhwood@2001:18e8:3:171:218:8bff:fe2a:56a4) has joined #duraspace</span><br />
<span class="irc-date">[12:33]</span> <span class="irc-green">* tdonohue (~tdonohue@c-98-228-50-45.hsd1.il.comcast.net) has joined #duraspace</span><br />
<span class="irc-date">[13:28]</span> <span class="irc-navy">* scottatm (~scottatm@adhcp162.evans.tamu.edu) Quit (Ping timeout: 276 seconds)</span><br />
<span class="irc-date">[13:30]</span> <span class="irc-green">* scottatm (~scottatm@adhcp162.evans.tamu.edu) has joined #duraspace</span><br />
<span class="irc-date">[14:02]</span> <span class="irc-navy">* grahamtriggs (~trig01@62.189.56.2) Quit (Read error: Connection reset by peer)</span><br />
<span class="irc-date">[14:20]</span> <span class="irc-green">* grahamtriggs (~trig01@62.189.56.2) has joined #duraspace</span><br />
<span class="irc-date">[14:41]</span> <span class="irc-green">* grahamtriggs1 (~trig01@62.189.56.2) has joined #duraspace</span><br />
<span class="irc-date">[14:43]</span> <span class="irc-navy">* grahamtriggs (~trig01@62.189.56.2) Quit (Ping timeout: 260 seconds)</span><br />
<span class="irc-date">[15:18]</span> <span class="irc-navy">* tjohnson (~tjohnson@JohnsoTh-APiM24.library.oregonstate.edu) Quit (Remote host closed the connection)</span><br />
<span class="irc-date">[15:31]</span> <span class="irc-green">* eddies (~eddies@63.253.115.78.rev.sfr.net) has joined #duraspace</span><br />
<span class="irc-date">[15:31]</span> <span class="irc-navy">* eddies (~eddies@63.253.115.78.rev.sfr.net) Quit (Changing host)</span><br />
<span class="irc-date">[15:31]</span> <span class="irc-green">* eddies (~eddies@unaffiliated/eddies) has joined #duraspace</span><br />
<span class="irc-date">[16:42]</span> <span class="irc-green">* grahamtriggs1 (~trig01@62.189.56.2) has left #duraspace</span><br />
<span class="irc-date">[17:05]</span> <span class="irc-navy">* kompewter (~kompewter@sul272peter.lib.ohio-state.edu) Quit (Remote host closed the connection)</span><br />
<span class="irc-date">[17:05]</span> <span class="irc-navy">* PeterDietz (~PeterDiet@sul272peter.lib.ohio-state.edu) Quit (Quit: shutdown)</span><br />
<span class="irc-date">[17:09]</span> <span class="irc-green">* mdiggory (~mdiggory@rrcs-74-87-47-114.west.biz.rr.com) has joined #duraspace</span><br />
<span class="irc-date">[17:54]</span> <span class="irc-green">* bojans (~Bojmen@88-117-23-133.adsl.highway.telekom.at) has joined #duraspace</span><br />
<span class="irc-date">[20:04]</span> <span class="irc-navy">* ablemann (~alexleman@147.226.129.250) Quit (Quit: leaving)</span><br />
<span class="irc-date">[20:09]</span> <span class="irc-navy">* cccharles (~chris@131.104.62.48) Quit (Quit: leaving)</span><br />
<span class="irc-date">[20:35]</span> <span class="irc-green">* tdonohue1 (~tdonohue@c-98-228-50-45.hsd1.il.comcast.net) has joined #duraspace</span><br />
<span class="irc-date">[20:35]</span> <span class="irc-navy">* tdonohue (~tdonohue@c-98-228-50-45.hsd1.il.comcast.net) Quit (Disconnected by services)</span><br />
<span class="irc-date">[20:35]</span> <span class="irc-green">* tdonohue1 is now known as tdonohue</span><br />
<span class="irc-date">[20:58]</span> <span class="irc-green">* mhwood (~mhwood@2001:18e8:3:171:218:8bff:fe2a:56a4) has left #duraspace</span><br />
<span class="irc-date">[21:06]</span> <span class="irc-navy">* bojans (~Bojmen@88-117-23-133.adsl.highway.telekom.at) Quit (Remote host closed the connection)</span><br />
<span class="irc-date">[21:07]</span> <span class="irc-green">* scottatm (~scottatm@adhcp162.evans.tamu.edu) has left #duraspace</span><br />
<span class="irc-date">[21:17]</span> <span class="irc-navy">* tdonohue (~tdonohue@c-98-228-50-45.hsd1.il.comcast.net) Quit (Quit: Heading out...talk to you later.)</span><br />
<span class="irc-date">[22:43]</span> <span class="irc-green">* kompewter (~kompewter@sul272peter.lib.ohio-state.edu) has joined #duraspace</span><br />
<span class="irc-date">[23:04]</span> <span class="irc-navy">* mdiggory (~mdiggory@rrcs-74-87-47-114.west.biz.rr.com) Quit (Quit: mdiggory)</span><br />
<span class="irc-date">[23:56]</span> <span class="irc-navy">* eddies (~eddies@unaffiliated/eddies) Quit (Quit: Leaving.)</span><br />
