<span class="irc-date">[2:07]</span> <span class="irc-navy">* ianthe (~ianthe@cowu.be) Quit (Ping timeout: 255 seconds)</span><br />
<span class="irc-date">[2:09]</span> <span class="irc-green">* ianthe (~ianthe@cowu.be) has joined #duraspace</span><br />
<span class="irc-date">[2:45]</span> <span class="irc-green">* ksclarke1 (~kevin@adsl-39-65-246.clt.bellsouth.net) has joined #duraspace</span><br />
<span class="irc-date">[2:45]</span> <span class="irc-navy">* ksclarke (~kevin@adsl-39-65-246.clt.bellsouth.net) Quit (Read error: Connection reset by peer)</span><br />
<span class="irc-date">[3:28]</span> <span class="irc-green">* ksclarke1 is now known as ksclarke</span><br />
<span class="irc-date">[3:32]</span> <span class="irc-navy">* stuartlewis (~stuartlew@gendiglt02.lbr.auckland.ac.nz) Quit (Quit: stuartlewis)</span><br />
<span class="irc-date">[5:10]</span> <span class="irc-navy">* ksclarke (~kevin@adsl-39-65-246.clt.bellsouth.net) Quit (Quit: Leaving.)</span><br />
<span class="irc-date">[6:55]</span> <span class="irc-brown">-card.freenode.net- *** Looking up your hostname...</span><br />
<span class="irc-date">[6:55]</span> <span class="irc-brown">-card.freenode.net- *** Checking Ident</span><br />
<span class="irc-date">[6:55]</span> <span class="irc-brown">-card.freenode.net- *** Found your hostname</span><br />
<span class="irc-date">[6:55]</span> <span class="irc-brown">-card.freenode.net- *** No Ident response</span><br />
<span class="irc-date">[6:55]</span> <span class="irc-green">* DuraLogBot (~PircBot@atlas.duraspace.org) has joined #duraspace</span><br />
<span class="irc-date">[6:55]</span> <span class="irc-green">* Topic is '[Welcome to DuraSpace - This channel is logged - <a href="http://irclogs.duraspace.org/]'">http://irclogs.duraspace.org/]'</a></span><br />
<span class="irc-date">[6:55]</span> <span class="irc-green">* Set by cwilper!ad579d86@gateway/web/freenode/ip.173.87.157.134 on Fri Oct 22 01:19:41 UTC 2010</span><br />
<span class="irc-date">[6:58]</span> <span class="irc-green">* Tonny_DK (~thl@130.226.36.117) has joined #duraspace</span><br />
<span class="irc-date">[8:25]</span> <span class="irc-green">* selud (~L1thium@61.19.244.134) has joined #duraspace</span><br />
<span class="irc-date">[8:25]</span> <span class="irc-green">* selud (~L1thium@61.19.244.134) has left #duraspace</span><br />
<span class="irc-date">[11:05]</span> <span class="irc-green">* grahamtriggs (~grahamtri@62.189.56.2) has joined #duraspace</span><br />
<span class="irc-date">[11:27]</span> <span class="irc-green">* cln_user (~cln_user@andysayre.cln.ru) has joined #duraspace</span><br />
<span class="irc-date">[11:27]</span> <span class="irc-black">&lt;cln_user&gt; hello )</span><br />
<span class="irc-date">[12:18]</span> <span class="irc-navy">* scottatm (~scottatm@adhcp136.evans.tamu.edu) Quit (Read error: Operation timed out)</span><br />
<span class="irc-date">[12:22]</span> <span class="irc-green">* scottatm (~scottatm@adhcp136.evans.tamu.edu) has joined #duraspace</span><br />
<span class="irc-date">[12:32]</span> <span class="irc-green">* cln_userr (cln_user@andysayre.cln.ru) has joined #duraspace</span><br />
<span class="irc-date">[12:33]</span> <span class="irc-navy">* cln_user (~cln_user@andysayre.cln.ru) Quit (Read error: No route to host)</span><br />
<span class="irc-date">[12:50]</span> <span class="irc-green">* cln_user (~cln_user@andysayre.cln.ru) has joined #duraspace</span><br />
<span class="irc-date">[12:53]</span> <span class="irc-navy">* cln_userr (cln_user@andysayre.cln.ru) Quit (Ping timeout: 240 seconds)</span><br />
<span class="irc-date">[13:39]</span> <span class="irc-green">* ksclarke (~kevin@adsl-39-65-246.clt.bellsouth.net) has joined #duraspace</span><br />
<span class="irc-date">[13:49]</span> <span class="irc-green">* neanlos (~neanlos@190.144.163.85) has joined #duraspace</span><br />
<span class="irc-date">[14:25]</span> <span class="irc-green">* tdonohue (~tdonohue@c-98-228-50-45.hsd1.il.comcast.net) has joined #duraspace</span><br />
<span class="irc-date">[14:34]</span> <span class="irc-navy">* Tonny_DK (~thl@130.226.36.117) Quit (Quit: Leaving.)</span><br />
<span class="irc-date">[14:48]</span> <span class="irc-navy">* cln_user (~cln_user@andysayre.cln.ru) Quit (Read error: Connection reset by peer)</span><br />
<span class="irc-date">[15:26]</span> <span class="irc-green">* ajs6f (89369bac@gateway/web/freenode/ip.137.54.155.172) has joined #duraspace</span><br />
<span class="irc-date">[15:44]</span> <span class="irc-green">* eddies (~eddies@unaffiliated/eddies) has joined #duraspace</span><br />
<span class="irc-date">[15:48]</span> <span class="irc-green">* sbayliss (~IceChat7@188-222-88-173.zone13.bethere.co.uk) has joined #duraspace</span><br />
<span class="irc-date">[15:55]</span> <span class="irc-green">* cwilper (ad579d86@gateway/web/freenode/ip.173.87.157.134) has joined #duraspace</span><br />
<span class="irc-date">[15:56]</span> <span class="irc-black">&lt;cwilper&gt; Starting in 5 min: <a href="https://wiki.duraspace.org/display/FCREPO/2011-02-01+-+Committer+Meeting">https://wiki.duraspace.org/display/FCREPO/2011-02-01+-+Committer+Meeting</a></span><br />
<span class="irc-date">[16:01]</span> <span class="irc-green">* EdAtTheAlliance (1809e5f3@gateway/web/freenode/ip.24.9.229.243) has joined #duraspace</span><br />
<span class="irc-date">[16:01]</span> <span class="irc-green">* ajs6f_ (89369bac@gateway/web/freenode/ip.137.54.155.172) has joined #duraspace</span><br />
<span class="irc-date">[16:01]</span> <span class="irc-navy">* ajs6f (89369bac@gateway/web/freenode/ip.137.54.155.172) Quit (Quit: Page closed)</span><br />
<span class="irc-date">[16:02]</span> <span class="irc-green">* birkland (183a31ec@gateway/web/freenode/ip.24.58.49.236) has joined #duraspace</span><br />
<span class="irc-date">[16:12]</span> <span class="irc-black">&lt;eddies&gt; just lost audio…only me?</span><br />
<span class="irc-date">[16:12]</span> <span class="irc-black">&lt;sbayliss&gt; yes, we're still here eddie</span><br />
<span class="irc-date">[16:13]</span> <span class="irc-black">&lt;sbayliss&gt; this is old, but may shed some light: <a href="https://lists.internet2.edu/sympa/arc/shibboleth-dev/2005-07/msg00167.html">https://lists.internet2.edu/sympa/arc/shibboleth-dev/2005-07/msg00167.html</a></span><br />
<span class="irc-date">[16:16]</span> <span class="irc-black">&lt;eddies&gt; short shib + fedora thread: <a href="http://groups.google.com/group/shibboleth-users/browse_thread/thread/7daf9631d294c0f8">http://groups.google.com/group/shibboleth-users/browse_thread/thread/7daf9631d294c0f8</a></span><br />
<span class="irc-date">[16:20]</span> <span class="irc-navy">* eddies (~eddies@unaffiliated/eddies) Quit (Read error: Connection reset by peer)</span><br />
<span class="irc-date">[16:20]</span> <span class="irc-green">* eddies (~eddies@unaffiliated/eddies) has joined #duraspace</span><br />
<span class="irc-date">[16:22]</span> <span class="irc-black">&lt;eddies&gt; Oxford's SPIE JAAS module: <a href="http://wiki.oss-watch.ac.uk/ShibbolethTomcatIntegration">http://wiki.oss-watch.ac.uk/ShibbolethTomcatIntegration</a></span><br />
<span class="irc-date">[16:32]</span> <span class="irc-green">* barmintor (barmintor@specdl11.cul.columbia.edu) has joined #duraspace</span><br />
<span class="irc-date">[16:33]</span> <span class="irc-black">&lt;sbayliss&gt; It looks like the Oxford SPIE JAAS module also works on already-supplied attributes (ie those that mod shib is already providing in the request)</span><br />
<span class="irc-date">[16:40]</span> <span class="irc-black">&lt;sbayliss&gt; relevant recent thread on shibboleth-users: <a href="http://shibboleth.1660669.n2.nabble.com/shibboleth-SP-for-java-td5303769.html">http://shibboleth.1660669.n2.nabble.com/shibboleth-SP-for-java-td5303769.html</a></span><br />
<span class="irc-date">[16:40]</span> <span class="irc-black">&lt;sbayliss&gt; (seems also to conclude JAAS isn't the way)</span><br />
<span class="irc-date">[16:46]</span> <span class="irc-green">* Dan_Davis (183ae85b@gateway/web/freenode/ip.24.58.232.91) has joined #duraspace</span><br />
<span class="irc-date">[17:02]</span> <span class="irc-navy">* granitize (~Adium@137.149.66.159) Quit (Quit: Leaving.)</span><br />
<span class="irc-date">[17:04]</span> <span class="irc-green">* grahamtriggs (~grahamtri@62.189.56.2) has left #duraspace</span><br />
<span class="irc-date">[17:09]</span> <span class="irc-black">&lt;ajs6f_&gt; Just a follow-on note: the SPIE project at Oxford wound down in 2007. I can't find any of their code or much of their website-- at this point, I'm not confident, but I'll send some emails that way and see what I find.</span><br />
<span class="irc-date">[17:13]</span> <span class="irc-black">&lt;Dan_Davis&gt; <a href="https://wiki.duraspace.org/display/FEDORACREATE/FedoraPedia">https://wiki.duraspace.org/display/FEDORACREATE/FedoraPedia</a></span><br />
<span class="irc-date">[17:32]</span> <span class="irc-black">&lt;eddies&gt; oh, it's just that example.org now issues a 302 redirect to an iana.org page</span><br />
<span class="irc-date">[17:53]</span> <span class="irc-navy">* birkland (183a31ec@gateway/web/freenode/ip.24.58.49.236) Quit (Ping timeout: 265 seconds)</span><br />
<span class="irc-date">[17:57]</span> <span class="irc-green">* alxp (~alxp@PC044.ROBLIB.UPEI.CA) has joined #duraspace</span><br />
<span class="irc-date">[17:57]</span> <span class="irc-green">* EdAtTheAlliance (1809e5f3@gateway/web/freenode/ip.24.9.229.243) has left #duraspace</span><br />
<span class="irc-date">[17:59]</span> <span class="irc-green">* neanlos1 (~neanlos@190.144.163.85) has joined #duraspace</span><br />
<span class="irc-date">[18:00]</span> <span class="irc-navy">* neanlos (~neanlos@190.144.163.85) Quit (Ping timeout: 240 seconds)</span><br />
<span class="irc-date">[18:14]</span> <span class="irc-navy">* ajs6f_ (89369bac@gateway/web/freenode/ip.137.54.155.172) Quit (Quit: Page closed)</span><br />
<span class="irc-date">[18:34]</span> <span class="irc-navy">* Dan_Davis (183ae85b@gateway/web/freenode/ip.24.58.232.91) Quit (Quit: Page closed)</span><br />
<span class="irc-date">[18:44]</span> <span class="irc-navy">* eddies (~eddies@unaffiliated/eddies) Quit (Read error: Connection reset by peer)</span><br />
<span class="irc-date">[18:51]</span> <span class="irc-green">* barmintor (barmintor@specdl11.cul.columbia.edu) has left #duraspace</span><br />
<span class="irc-date">[19:03]</span> <span class="irc-navy">* cwilper (ad579d86@gateway/web/freenode/ip.173.87.157.134) Quit (Quit: Page closed)</span><br />
<span class="irc-date">[19:30]</span> <span class="irc-navy">* sbayliss (~IceChat7@188-222-88-173.zone13.bethere.co.uk) Quit (Quit: bye!)</span><br />
<span class="irc-date">[19:49]</span> <span class="irc-green">* stuartlewis (~stuartlew@s-lewis.itss.auckland.ac.nz) has joined #duraspace</span><br />
<span class="irc-date">[19:59]</span> <span class="irc-navy">* alxp (~alxp@PC044.ROBLIB.UPEI.CA) Quit (Quit: alxp)</span><br />
<span class="irc-date">[20:33]</span> <span class="irc-green">* granitize1 (~Adium@137.149.66.159) has joined #duraspace</span><br />
<span class="irc-date">[21:02]</span> <span class="irc-navy">* scottatm (~scottatm@adhcp136.evans.tamu.edu) Quit (Read error: Connection reset by peer)</span><br />
<span class="irc-date">[21:04]</span> <span class="irc-green">* scottatm (~scottatm@adhcp136.evans.tamu.edu) has joined #duraspace</span><br />
<span class="irc-date">[21:42]</span> <span class="irc-green">* granitize1 (~Adium@137.149.66.159) has left #duraspace</span><br />
<span class="irc-date">[22:14]</span> <span class="irc-navy">* ksclarke (~kevin@adsl-39-65-246.clt.bellsouth.net) Quit (Ping timeout: 240 seconds)</span><br />
<span class="irc-date">[22:32]</span> <span class="irc-green">* ksclarke (~kevin@adsl-39-65-246.clt.bellsouth.net) has joined #duraspace</span><br />
<span class="irc-date">[22:38]</span> <span class="irc-navy">* ksclarke (~kevin@adsl-39-65-246.clt.bellsouth.net) Quit (Quit: Leaving.)</span><br />
<span class="irc-date">[22:38]</span> <span class="irc-green">* neanlos (~neanlos@190.144.163.85) has joined #duraspace</span><br />
<span class="irc-date">[22:39]</span> <span class="irc-navy">* neanlos1 (~neanlos@190.144.163.85) Quit (Ping timeout: 240 seconds)</span><br />
<span class="irc-date">[22:39]</span> <span class="irc-green">* ksclarke (~kevin@adsl-39-65-246.clt.bellsouth.net) has joined #duraspace</span><br />
<span class="irc-date">[22:57]</span> <span class="irc-green">* tdonohue (~tdonohue@c-98-228-50-45.hsd1.il.comcast.net) has left #duraspace</span><br />
<span class="irc-date">[23:00]</span> <span class="irc-green">* neanlos (~neanlos@190.144.163.85) has left #duraspace</span><br />
