<span class="irc-date">[0:06]</span> <span class="irc-navy">* grahamtriggs (~grahamtri@cpc2-stev6-2-0-cust333.9-2.cable.virginmedia.com) Quit (Quit: grahamtriggs)</span><br />
<span class="irc-date">[0:39]</span> <span class="irc-green">* bradmc (~bradmc@c-66-30-9-86.hsd1.ma.comcast.net) has joined #duraspace</span><br />
<span class="irc-date">[0:48]</span> <span class="irc-navy">* mdiggory (~mdiggory@rrcs-74-87-47-100.west.biz.rr.com) Quit (Quit: mdiggory)</span><br />
<span class="irc-date">[1:27]</span> <span class="irc-green">* mdiggory (~mdiggory@ip72-199-217-116.sd.sd.cox.net) has joined #duraspace</span><br />
<span class="irc-date">[1:36]</span> <span class="irc-navy">* bradmc (~bradmc@c-66-30-9-86.hsd1.ma.comcast.net) Quit (Quit: bradmc)</span><br />
<span class="irc-date">[3:29]</span> <span class="irc-green">* bradmc (~bradmc@207-172-69-79.c3-0.smr-ubr3.sbo-smr.ma.static.cable.rcn.com) has joined #duraspace</span><br />
<span class="irc-date">[4:04]</span> <span class="irc-navy">* bradmc (~bradmc@207-172-69-79.c3-0.smr-ubr3.sbo-smr.ma.static.cable.rcn.com) Quit (Quit: bradmc)</span><br />
<span class="irc-date">[6:07]</span> <span class="irc-navy">* mdiggory (~mdiggory@ip72-199-217-116.sd.sd.cox.net) Quit (Ping timeout: 240 seconds)</span><br />
<span class="irc-date">[6:33]</span> <span class="irc-brown">-card.freenode.net- *** Looking up your hostname...</span><br />
<span class="irc-date">[6:33]</span> <span class="irc-brown">-card.freenode.net- *** Checking Ident</span><br />
<span class="irc-date">[6:33]</span> <span class="irc-brown">-card.freenode.net- *** Found your hostname</span><br />
<span class="irc-date">[6:34]</span> <span class="irc-brown">-card.freenode.net- *** No Ident response</span><br />
<span class="irc-date">[6:34]</span> <span class="irc-green">* DuraLogBot (~PircBot@atlas.duraspace.org) has joined #duraspace</span><br />
<span class="irc-date">[6:34]</span> <span class="irc-green">* Topic is '[Welcome to DuraSpace - This channel is logged - <a href="http://irclogs.duraspace.org/]'">http://irclogs.duraspace.org/]'</a></span><br />
<span class="irc-date">[6:34]</span> <span class="irc-green">* Set by cwilper!ad579d86@gateway/web/freenode/ip.173.87.157.134 on Fri Oct 22 01:19:41 UTC 2010</span><br />
<span class="irc-date">[7:11]</span> <span class="irc-green">* Tonny_DK (~thl@130.226.36.117) has joined #duraspace</span><br />
<span class="irc-date">[7:27]</span> <span class="irc-green">* grahamtriggs (~grahamtri@cpc2-stev6-2-0-cust333.9-2.cable.virginmedia.com) has joined #duraspace</span><br />
<span class="irc-date">[7:46]</span> <span class="irc-navy">* grahamtriggs (~grahamtri@cpc2-stev6-2-0-cust333.9-2.cable.virginmedia.com) Quit (Quit: grahamtriggs)</span><br />
<span class="irc-date">[12:18]</span> <span class="irc-navy">* Tonny_DK (~thl@130.226.36.117) Quit (Quit: Leaving.)</span><br />
<span class="irc-date">[12:20]</span> <span class="irc-green">* Tonny_DK (~thl@130.226.36.117) has joined #duraspace</span><br />
<span class="irc-date">[12:26]</span> <span class="irc-green">* alxp (~alxp@PC044.ROBLIB.UPEI.CA) has joined #duraspace</span><br />
<span class="irc-date">[13:05]</span> <span class="irc-green">* bradmc (~bradmc@207-172-69-79.c3-0.smr-ubr3.sbo-smr.ma.static.cable.rcn.com) has joined #duraspace</span><br />
<span class="irc-date">[13:07]</span> <span class="irc-navy">* alxp (~alxp@PC044.ROBLIB.UPEI.CA) Quit (Read error: Connection reset by peer)</span><br />
<span class="irc-date">[13:33]</span> <span class="irc-green">* mhwood (~mhwood@2001:18e8:3:171:218:8bff:fe2a:56a4) has joined #duraspace</span><br />
<span class="irc-date">[13:48]</span> <span class="irc-navy">* bradmc (~bradmc@207-172-69-79.c3-0.smr-ubr3.sbo-smr.ma.static.cable.rcn.com) Quit (Read error: No route to host)</span><br />
<span class="irc-date">[13:48]</span> <span class="irc-green">* bradmc_ (~bradmc@207-172-69-79.c3-0.smr-ubr3.sbo-smr.ma.static.cable.rcn.com) has joined #duraspace</span><br />
<span class="irc-date">[14:25]</span> <span class="irc-green">* tdonohue (~tdonohue@c-98-228-50-45.hsd1.il.comcast.net) has joined #duraspace</span><br />
<span class="irc-date">[14:39]</span> <span class="irc-green">* ksclarke (~kevin@airport-grey.nescent.org) has joined #duraspace</span><br />
<span class="irc-date">[14:40]</span> <span class="irc-navy">* ksclarke (~kevin@airport-grey.nescent.org) Quit (Remote host closed the connection)</span><br />
<span class="irc-date">[15:13]</span> <span class="irc-navy">* Tonny_DK (~thl@130.226.36.117) Quit (Quit: Leaving.)</span><br />
<span class="irc-date">[16:35]</span> <span class="irc-green">* bradmc (~bradmc@207-172-69-79.c3-0.smr-ubr3.sbo-smr.ma.static.cable.rcn.com) has joined #duraspace</span><br />
<span class="irc-date">[16:36]</span> <span class="irc-navy">* bradmc_ (~bradmc@207-172-69-79.c3-0.smr-ubr3.sbo-smr.ma.static.cable.rcn.com) Quit (Read error: Connection reset by peer)</span><br />
<span class="irc-date">[17:26]</span> <span class="irc-green">* ksclarke (~kevin@airport-main.nescent.org) has joined #duraspace</span><br />
<span class="irc-date">[18:21]</span> <span class="irc-green">* ksclarke1 (~kevin@airport-grey.nescent.org) has joined #duraspace</span><br />
<span class="irc-date">[18:22]</span> <span class="irc-navy">* ksclarke (~kevin@airport-main.nescent.org) Quit (Ping timeout: 255 seconds)</span><br />
<span class="irc-date">[18:43]</span> <span class="irc-navy">* ksclarke1 (~kevin@airport-grey.nescent.org) Quit (Quit: Leaving.)</span><br />
<span class="irc-date">[19:05]</span> <span class="irc-navy">* tdonohue (~tdonohue@c-98-228-50-45.hsd1.il.comcast.net) Quit (Read error: Connection reset by peer)</span><br />
<span class="irc-date">[19:06]</span> <span class="irc-green">* tdonohue (~tdonohue@c-98-228-50-45.hsd1.il.comcast.net) has joined #duraspace</span><br />
<span class="irc-date">[19:51]</span> <span class="irc-green">* cccharles (~chris@131.104.62.55) has left #duraspace</span><br />
<span class="irc-date">[21:06]</span> <span class="irc-green">* grahamtriggs (~grahamtri@cpc2-stev6-2-0-cust333.9-2.cable.virginmedia.com) has joined #duraspace</span><br />
<span class="irc-date">[22:02]</span> <span class="irc-navy">* mhwood (~mhwood@2001:18e8:3:171:218:8bff:fe2a:56a4) Quit (Remote host closed the connection)</span><br />
<span class="irc-date">[22:03]</span> <span class="irc-green">* mhwood (~mhwood@2001:18e8:3:171:218:8bff:fe2a:56a4) has joined #duraspace</span><br />
<span class="irc-date">[22:03]</span> <span class="irc-green">* mhwood (~mhwood@2001:18e8:3:171:218:8bff:fe2a:56a4) has left #duraspace</span><br />
<span class="irc-date">[23:01]</span> <span class="irc-navy">* tdonohue (~tdonohue@c-98-228-50-45.hsd1.il.comcast.net) Quit (Read error: Connection reset by peer)</span><br />
<span class="irc-date">[23:35]</span> <span class="irc-brown">-Martinp23- [Global Notice] Hi folks! We're about to replace our SSL certificates which could result in some disruption. If stuff gets noisy, please accept our apologies. If you have difficulties using SSL in the next few days, tell us in #freenode. In any case, watch the blog and wallops (/umode +w) for further updates. Cheers!</span><br />
<span class="irc-date">[23:37]</span> <span class="irc-navy">* grahamtriggs (~grahamtri@cpc2-stev6-2-0-cust333.9-2.cable.virginmedia.com) Quit (Quit: grahamtriggs)</span><br />
