<span class="irc-date">[1:10]</span> <span class="irc-green">* grahamtriggs (~Graham@cpc2-stev6-2-0-cust333.9-2.cable.virginmedia.com) has joined #duraspace</span><br />
<span class="irc-date">[1:10]</span> <span class="irc-green">* eddies (~eddies@c-76-113-215-9.hsd1.mn.comcast.net) has joined #duraspace</span><br />
<span class="irc-date">[1:10]</span> <span class="irc-navy">* eddies (~eddies@c-76-113-215-9.hsd1.mn.comcast.net) Quit (Changing host)</span><br />
<span class="irc-date">[1:10]</span> <span class="irc-green">* eddies (~eddies@unaffiliated/eddies) has joined #duraspace</span><br />
<span class="irc-date">[1:11]</span> <span class="irc-navy">* eddies (~eddies@unaffiliated/eddies) Quit (Client Quit)</span><br />
<span class="irc-date">[2:12]</span> <span class="irc-navy">* grahamtriggs (~Graham@cpc2-stev6-2-0-cust333.9-2.cable.virginmedia.com) Quit (Ping timeout: 240 seconds)</span><br />
<span class="irc-date">[5:41]</span> <span class="irc-green">* grahamtriggs (~Graham@cpc2-stev6-2-0-cust333.9-2.cable.virginmedia.com) has joined #duraspace</span><br />
<span class="irc-date">[6:22]</span> <span class="irc-green">* grahamtriggs (~Graham@cpc2-stev6-2-0-cust333.9-2.cable.virginmedia.com) has left #duraspace</span><br />
<span class="irc-date">[6:32]</span> <span class="irc-brown">-verne.freenode.net- *** Looking up your hostname...</span><br />
<span class="irc-date">[6:32]</span> <span class="irc-brown">-verne.freenode.net- *** Checking Ident</span><br />
<span class="irc-date">[6:32]</span> <span class="irc-brown">-verne.freenode.net- *** Found your hostname</span><br />
<span class="irc-date">[6:32]</span> <span class="irc-brown">-verne.freenode.net- *** No Ident response</span><br />
<span class="irc-date">[6:32]</span> <span class="irc-green">* DuraLogBot (~PircBot@atlas.duraspace.org) has joined #duraspace</span><br />
<span class="irc-date">[6:32]</span> <span class="irc-green">* Topic is '[Welcome to DuraSpace - This channel is logged - <a href="http://irclogs.duraspace.org/]'">http://irclogs.duraspace.org/]'</a></span><br />
<span class="irc-date">[6:32]</span> <span class="irc-green">* Set by cwilper!ad579d86@gateway/web/freenode/ip.173.87.157.134 on Fri Oct 22 01:19:41 UTC 2010</span><br />
<span class="irc-date">[11:26]</span> <span class="irc-green">* grahamtriggs (~Graham@host213-123-239-134.in-addr.btopenworld.com) has joined #duraspace</span><br />
<span class="irc-date">[11:51]</span> <span class="irc-green">* mhwood (~mhwood@2001:18e8:3:10ab:7a2b:cbff:feb4:89a9) has joined #duraspace</span><br />
<span class="irc-date">[12:22]</span> <span class="irc-navy">* mhwood (~mhwood@2001:18e8:3:10ab:7a2b:cbff:feb4:89a9) Quit (Ping timeout: 240 seconds)</span><br />
<span class="irc-date">[12:23]</span> <span class="irc-green">* mhwood (~mhwood@mhw.ulib.iupui.edu) has joined #duraspace</span><br />
<span class="irc-date">[12:53]</span> <span class="irc-green">* GargantuaSauce (~Gargantua@142.176.125.39) has joined #duraspace</span><br />
<span class="irc-date">[14:38]</span> <span class="irc-green">* eddies (~eddies@68.178.88.178) has joined #duraspace</span><br />
<span class="irc-date">[14:38]</span> <span class="irc-navy">* eddies (~eddies@68.178.88.178) Quit (Changing host)</span><br />
<span class="irc-date">[14:38]</span> <span class="irc-green">* eddies (~eddies@unaffiliated/eddies) has joined #duraspace</span><br />
<span class="irc-date">[16:09]</span> <span class="irc-green">* grahamtriggs1 (~Graham@sa-vpn-symplectic.ex.ac.uk) has joined #duraspace</span><br />
<span class="irc-date">[16:10]</span> <span class="irc-green">* grahamtriggs1 (~Graham@sa-vpn-symplectic.ex.ac.uk) has left #duraspace</span><br />
<span class="irc-date">[16:10]</span> <span class="irc-navy">* grahamtriggs (~Graham@host213-123-239-134.in-addr.btopenworld.com) Quit (Ping timeout: 240 seconds)</span><br />
<span class="irc-date">[16:13]</span> <span class="irc-green">* grahamtriggs (~Graham@host213-123-239-134.in-addr.btopenworld.com) has joined #duraspace</span><br />
<span class="irc-date">[16:13]</span> <span class="irc-green">* grahamtriggs (~Graham@host213-123-239-134.in-addr.btopenworld.com) has left #duraspace</span><br />
<span class="irc-date">[19:23]</span> <span class="irc-green">* mhwood (~mhwood@mhw.ulib.iupui.edu) has left #duraspace</span><br />
<span class="irc-date">[20:35]</span> <span class="irc-navy">* eddies (~eddies@unaffiliated/eddies) Quit (Quit: Leaving.)</span><br />
<span class="irc-date">[20:55]</span> <span class="irc-green">* eddies (~eddies@68.178.88.178) has joined #duraspace</span><br />
<span class="irc-date">[20:55]</span> <span class="irc-navy">* eddies (~eddies@68.178.88.178) Quit (Changing host)</span><br />
<span class="irc-date">[20:55]</span> <span class="irc-green">* eddies (~eddies@unaffiliated/eddies) has joined #duraspace</span><br />
<span class="irc-date">[21:15]</span> <span class="irc-navy">* eddies (~eddies@unaffiliated/eddies) Quit (Quit: Leaving.)</span><br />
