<span class="irc-date">[6:30]</span> <span class="irc-brown">-calvino.freenode.net- *** Looking up your hostname...</span><br />
<span class="irc-date">[6:30]</span> <span class="irc-brown">-calvino.freenode.net- *** Checking Ident</span><br />
<span class="irc-date">[6:30]</span> <span class="irc-brown">-calvino.freenode.net- *** Found your hostname</span><br />
<span class="irc-date">[6:30]</span> <span class="irc-brown">-calvino.freenode.net- *** No Ident response</span><br />
<span class="irc-date">[6:30]</span> <span class="irc-green">* DuraLogBot (~PircBot@atlas.duraspace.org) has joined #duraspace</span><br />
<span class="irc-date">[6:30]</span> <span class="irc-green">* Topic is '[Welcome to DuraSpace - This channel is logged - <a href="http://irclogs.duraspace.org/]'">http://irclogs.duraspace.org/]'</a></span><br />
<span class="irc-date">[6:30]</span> <span class="irc-green">* Set by cwilper!ad579d86@gateway/web/freenode/ip.173.87.157.134 on Fri Oct 22 01:19:41 UTC 2010</span><br />
<span class="irc-date">[8:50]</span> <span class="irc-green">* grahamtriggs (~Graham@host213-123-239-134.in-addr.btopenworld.com) has joined #duraspace</span><br />
<span class="irc-date">[13:09]</span> <span class="irc-green">* mhwood (~mhwood@mhw.ulib.iupui.edu) has joined #duraspace</span><br />
<span class="irc-date">[13:55]</span> <span class="irc-green">* tdonohue (~tdonohue@c-98-228-58-145.hsd1.il.comcast.net) has joined #duraspace</span><br />
<span class="irc-date">[15:50]</span> <span class="irc-green">* EdAtTheAlliance (811398fe@gateway/web/freenode/ip.129.19.152.254) has joined #duraspace</span><br />
<span class="irc-date">[16:00]</span> <span class="irc-green">* sbayliss (bcde58ad@gateway/web/freenode/ip.188.222.88.173) has joined #duraspace</span><br />
<span class="irc-date">[16:04]</span> <span class="irc-green">* eddies (~eddies@cm126.sigma9.maxonline.com.sg) has joined #duraspace</span><br />
<span class="irc-date">[16:04]</span> <span class="irc-navy">* eddies (~eddies@cm126.sigma9.maxonline.com.sg) Quit (Changing host)</span><br />
<span class="irc-date">[16:04]</span> <span class="irc-green">* eddies (~eddies@unaffiliated/eddies) has joined #duraspace</span><br />
<span class="irc-date">[16:04]</span> <span class="irc-green">* Dan_Davis (4a4f9413@gateway/web/freenode/ip.74.79.148.19) has joined #duraspace</span><br />
<span class="irc-date">[16:06]</span> <span class="irc-black">&lt;Dan_Davis&gt; dan is keeping notes</span><br />
<span class="irc-date">[16:06]</span> <span class="irc-black">&lt;Dan_Davis&gt; We are collectively hosting.</span><br />
<span class="irc-date">[16:07]</span> <span class="irc-black">&lt;Dan_Davis&gt; eddie: has anyone looked at Frank's code?</span><br />
<span class="irc-date">[16:07]</span> <span class="irc-black">&lt;eddies&gt; <a href="https://jira.duraspace.org/secure/IssueNavigator.jspa?reset=true&amp;jqlQuery=project+%3D+FCREPO+AND+status+%3D+Received+ORDER+BY+created+DESC%2C+updated+DESC%2C+priority+DESC">https://jira.duraspace.org/secure/IssueNavigator.jspa?reset=true&amp;jqlQuery=project+%3D+FCREPO+AND+status+%3D+Received+ORDER+BY+created+DESC%2C+updated+DESC%2C+priority+DESC</a></span><br />
<span class="irc-date">[16:07]</span> <span class="irc-black">&lt;kompewter&gt; [ Issue Navigator - DuraSpace JIRA ] - <a href="https://jira.duraspace.org/secure/IssueNavigator.jspa?reset=true&amp;jqlQuery=project+%3D+FCREPO+AND+status+%3D+Received+ORDER+BY+created+DESC%2C+updated+DESC%2C+priority+DESC">https://jira.duraspace.org/secure/IssueNavigator.jspa?reset=true&amp;jqlQuery=project+%3D+FCREPO+AND+status+%3D+Received+ORDER+BY+created+DESC%2C+updated+DESC%2C+priority+DESC</a></span><br />
<span class="irc-date">[16:07]</span> <span class="irc-navy">* GargantuaSauce (~Gargantua@142.176.125.39) Quit (Quit: Leaving.)</span><br />
<span class="irc-date">[16:07]</span> <span class="irc-black">&lt;Dan_Davis&gt; Looking at recently submitted issues.</span><br />
<span class="irc-date">[16:10]</span> <span class="irc-green">* GargantuaSauce (~Gargantua@142.176.125.39) has joined #duraspace</span><br />
<span class="irc-date">[16:20]</span> <span class="irc-black">&lt;Dan_Davis&gt; Looked at FC-1024</span><br />
<span class="irc-date">[16:21]</span> <span class="irc-black">&lt;Dan_Davis&gt; Looking at FCREPO-997</span><br />
<span class="irc-date">[16:23]</span> <span class="irc-black">&lt;Dan_Davis&gt; Suggestion is to rewrite this to be better discussed.</span><br />
<span class="irc-date">[16:24]</span> <span class="irc-black">&lt;Dan_Davis&gt; Looking FCREPO-990</span><br />
<span class="irc-date">[16:27]</span> <span class="irc-black">&lt;Dan_Davis&gt; Conclude to open this.</span><br />
<span class="irc-date">[16:31]</span> <span class="irc-navy">* GargantuaSauce (~Gargantua@142.176.125.39) Quit (Quit: Leaving.)</span><br />
<span class="irc-date">[16:33]</span> <span class="irc-green">* GargantuaSauce (~Gargantua@142.176.125.39) has joined #duraspace</span><br />
<span class="irc-date">[16:34]</span> <span class="irc-black">&lt;Dan_Davis&gt; eddie: consistency checker would be good for performance/function tests and for general integrity.</span><br />
<span class="irc-date">[16:39]</span> <span class="irc-black">&lt;Dan_Davis&gt; Opened FCREPO-1025 and 1026</span><br />
<span class="irc-date">[16:40]</span> <span class="irc-black">&lt;Dan_Davis&gt; Likely time would prevent getting something out before the end of year.</span><br />
<span class="irc-date">[16:46]</span> <span class="irc-black">&lt;Dan_Davis&gt; Discussing and earlier time or another day to accommodate Aaron's and European schedules.</span><br />
<span class="irc-date">[16:47]</span> <span class="irc-black">&lt;Dan_Davis&gt; eddie: Doodle poll with the larger group.</span><br />
<span class="irc-date">[16:52]</span> <span class="irc-navy">* Dan_Davis (4a4f9413@gateway/web/freenode/ip.74.79.148.19) Quit (Quit: Page closed)</span><br />
<span class="irc-date">[16:53]</span> <span class="irc-navy">* EdAtTheAlliance (811398fe@gateway/web/freenode/ip.129.19.152.254) Quit (Quit: Page closed)</span><br />
<span class="irc-date">[17:02]</span> <span class="irc-navy">* eddies (~eddies@unaffiliated/eddies) Quit (Quit: Leaving.)</span><br />
<span class="irc-date">[17:44]</span> <span class="irc-green">* grahamtriggs (~Graham@host213-123-239-134.in-addr.btopenworld.com) has left #duraspace</span><br />
<span class="irc-date">[18:37]</span> <span class="irc-navy">* tdonohue (~tdonohue@c-98-228-58-145.hsd1.il.comcast.net) Quit (Remote host closed the connection)</span><br />
<span class="irc-date">[19:00]</span> <span class="irc-green">* tdonohue (~tdonohue@c-98-228-58-145.hsd1.il.comcast.net) has joined #duraspace</span><br />
<span class="irc-date">[19:01]</span> <span class="irc-navy">* tdonohue (~tdonohue@c-98-228-58-145.hsd1.il.comcast.net) Quit (Remote host closed the connection)</span><br />
<span class="irc-date">[20:48]</span> <span class="irc-green">* tdonohue (~tdonohue@c-98-228-58-145.hsd1.il.comcast.net) has joined #duraspace</span><br />
<span class="irc-date">[21:01]</span> <span class="irc-green">* joseB (8dd32b9d@gateway/web/freenode/ip.141.211.43.157) has joined #duraspace</span><br />
<span class="irc-date">[21:17]</span> <span class="irc-navy">* joseB (8dd32b9d@gateway/web/freenode/ip.141.211.43.157) Quit (Quit: Page closed)</span><br />
<span class="irc-date">[22:04]</span> <span class="irc-navy">* mhwood (~mhwood@mhw.ulib.iupui.edu) Quit (Remote host closed the connection)</span><br />
<span class="irc-date">[23:02]</span> <span class="irc-navy">* tdonohue (~tdonohue@c-98-228-58-145.hsd1.il.comcast.net) Quit (Read error: Connection reset by peer)</span><br />
