<span class="irc-date">[6:44]</span> <span class="irc-brown">-kornbluth.freenode.net- *** Looking up your hostname...</span><br />
<span class="irc-date">[6:44]</span> <span class="irc-brown">-kornbluth.freenode.net- *** Checking Ident</span><br />
<span class="irc-date">[6:44]</span> <span class="irc-brown">-kornbluth.freenode.net- *** Found your hostname</span><br />
<span class="irc-date">[6:44]</span> <span class="irc-brown">-kornbluth.freenode.net- *** No Ident response</span><br />
<span class="irc-date">[6:44]</span> <span class="irc-green">* DuraLogBot (~PircBot@atlas.duraspace.org) has joined #duraspace</span><br />
<span class="irc-date">[6:44]</span> <span class="irc-green">* Topic is '[Welcome to DuraSpace - This channel is logged - <a href="http://irclogs.duraspace.org/]'">http://irclogs.duraspace.org/]'</a></span><br />
<span class="irc-date">[6:44]</span> <span class="irc-green">* Set by cwilper!ad579d86@gateway/web/freenode/ip.173.87.157.134 on Fri Oct 22 01:19:41 UTC 2010</span><br />
<span class="irc-date">[11:26]</span> <span class="irc-green">* grahamtriggs (~Graham@host213-123-239-134.in-addr.btopenworld.com) has joined #duraspace</span><br />
<span class="irc-date">[12:01]</span> <span class="irc-green">* mhwood (mwood@mhw.ulib.iupui.edu) has joined #duraspace</span><br />
<span class="irc-date">[13:32]</span> <span class="irc-green">* bradmc (~bradmc@207-172-69-79.c3-0.smr-ubr3.sbo-smr.ma.static.cable.rcn.com) has joined #duraspace</span><br />
<span class="irc-date">[13:34]</span> <span class="irc-green">* bradmc__ (~bradmc@207-172-69-79.c3-0.smr-ubr3.sbo-smr.ma.static.cable.rcn.com) has joined #duraspace</span><br />
<span class="irc-date">[13:35]</span> <span class="irc-navy">* bradmc (~bradmc@207-172-69-79.c3-0.smr-ubr3.sbo-smr.ma.static.cable.rcn.com) Quit (Read error: Connection reset by peer)</span><br />
<span class="irc-date">[13:35]</span> <span class="irc-green">* bradmc__ is now known as bradmc</span><br />
<span class="irc-date">[14:27]</span> <span class="irc-green">* tdonohue (~tdonohue@c-98-228-58-145.hsd1.il.comcast.net) has joined #duraspace</span><br />
<span class="irc-date">[15:49]</span> <span class="irc-green">* DarckWorld (~DarckWorl@177.Red-88-19-235.staticIP.rima-tde.net) has joined #duraspace</span><br />
<span class="irc-date">[15:58]</span> <span class="irc-navy">* DarckWorld (~DarckWorl@177.Red-88-19-235.staticIP.rima-tde.net) Quit (Quit: Saliendo)</span><br />
<span class="irc-date">[17:07]</span> <span class="irc-green">* grahamtriggs (~Graham@host213-123-239-134.in-addr.btopenworld.com) has left #duraspace</span><br />
<span class="irc-date">[17:16]</span> <span class="irc-green">* mdiggory (~mdiggory@rrcs-74-87-47-114.west.biz.rr.com) has joined #duraspace</span><br />
<span class="irc-date">[18:17]</span> <span class="irc-navy">* ablemann (~alexleman@lemanal.new.xen.prgmr.com) Quit (Ping timeout: 248 seconds)</span><br />
<span class="irc-date">[18:34]</span> <span class="irc-navy">* mdiggory (~mdiggory@rrcs-74-87-47-114.west.biz.rr.com) Quit (Ping timeout: 245 seconds)</span><br />
<span class="irc-date">[20:47]</span> <span class="irc-green">* scottatm (~scottatm@voyager108.evans.tamu.edu) has left #duraspace</span><br />
<span class="irc-date">[22:13]</span> <span class="irc-navy">* mhwood (mwood@mhw.ulib.iupui.edu) Quit (Remote host closed the connection)</span><br />
<span class="irc-date">[23:01]</span> <span class="irc-navy">* tdonohue (~tdonohue@c-98-228-58-145.hsd1.il.comcast.net) Quit (Read error: Connection reset by peer)</span><br />
