<span class="irc-date">[1:07]</span> <span class="irc-green">* eddies (~eddies@cm126.sigma9.maxonline.com.sg) has joined #duraspace</span><br />
<span class="irc-date">[1:07]</span> <span class="irc-navy">* eddies (~eddies@cm126.sigma9.maxonline.com.sg) Quit (Changing host)</span><br />
<span class="irc-date">[1:07]</span> <span class="irc-green">* eddies (~eddies@unaffiliated/eddies) has joined #duraspace</span><br />
<span class="irc-date">[5:52]</span> <span class="irc-navy">* eddies (~eddies@unaffiliated/eddies) Quit (Quit: Leaving.)</span><br />
<span class="irc-date">[5:52]</span> <span class="irc-green">* eddies (~eddies@vpn-165-124-164-137.vpn.northwestern.edu) has joined #duraspace</span><br />
<span class="irc-date">[5:52]</span> <span class="irc-navy">* eddies (~eddies@vpn-165-124-164-137.vpn.northwestern.edu) Quit (Changing host)</span><br />
<span class="irc-date">[5:52]</span> <span class="irc-green">* eddies (~eddies@unaffiliated/eddies) has joined #duraspace</span><br />
<span class="irc-date">[5:56]</span> <span class="irc-green">* eddies1 (~eddies@cm126.sigma9.maxonline.com.sg) has joined #duraspace</span><br />
<span class="irc-date">[5:56]</span> <span class="irc-navy">* eddies1 (~eddies@cm126.sigma9.maxonline.com.sg) Quit (Changing host)</span><br />
<span class="irc-date">[5:56]</span> <span class="irc-green">* eddies1 (~eddies@unaffiliated/eddies) has joined #duraspace</span><br />
<span class="irc-date">[5:57]</span> <span class="irc-navy">* eddies (~eddies@unaffiliated/eddies) Quit (Ping timeout: 260 seconds)</span><br />
<span class="irc-date">[6:01]</span> <span class="irc-navy">* eddies1 (~eddies@unaffiliated/eddies) Quit (Client Quit)</span><br />
<span class="irc-date">[6:52]</span> <span class="irc-brown">-asimov.freenode.net- *** Looking up your hostname...</span><br />
<span class="irc-date">[6:52]</span> <span class="irc-brown">-asimov.freenode.net- *** Checking Ident</span><br />
<span class="irc-date">[6:52]</span> <span class="irc-brown">-asimov.freenode.net- *** Found your hostname</span><br />
<span class="irc-date">[6:52]</span> <span class="irc-brown">-asimov.freenode.net- *** No Ident response</span><br />
<span class="irc-date">[6:52]</span> <span class="irc-green">* DuraLogBot (~PircBot@atlas.duraspace.org) has joined #duraspace</span><br />
<span class="irc-date">[6:52]</span> <span class="irc-green">* Topic is '[Welcome to DuraSpace - This channel is logged - <a href="http://irclogs.duraspace.org/]'">http://irclogs.duraspace.org/]'</a></span><br />
<span class="irc-date">[6:52]</span> <span class="irc-green">* Set by cwilper!ad579d86@gateway/web/freenode/ip.173.87.157.134 on Fri Oct 22 01:19:41 UTC 2010</span><br />
<span class="irc-date">[8:37]</span> <span class="irc-navy">* kshepherd (kim@ec2-184-73-177-234.compute-1.amazonaws.com) Quit (Ping timeout: 240 seconds)</span><br />
<span class="irc-date">[9:14]</span> <span class="irc-green">* grahamtriggs (~Graham@host213-123-239-134.in-addr.btopenworld.com) has joined #duraspace</span><br />
<span class="irc-date">[11:22]</span> <span class="irc-green">* bradmc (~bradmc@207-172-69-79.c3-0.smr-ubr3.sbo-smr.ma.static.cable.rcn.com) has joined #duraspace</span><br />
<span class="irc-date">[12:21]</span> <span class="irc-green">* mhwood (mwood@mhw.ulib.iupui.edu) has joined #duraspace</span><br />
<span class="irc-date">[13:14]</span> <span class="irc-green">* tdonohue (~tdonohue@c-67-177-108-221.hsd1.il.comcast.net) has joined #duraspace</span><br />
<span class="irc-date">[13:42]</span> <span class="irc-green">* kdweeks (~Adium@2001:468:c80:a103:223:dfff:fefe:ac7d) has joined #duraspace</span><br />
<span class="irc-date">[14:05]</span> <span class="irc-navy">* ablemann (~alexleman@lemanal.new.xen.prgmr.com) Quit (Ping timeout: 264 seconds)</span><br />
<span class="irc-date">[14:06]</span> <span class="irc-green">* eddies (~eddies@cm126.sigma9.maxonline.com.sg) has joined #duraspace</span><br />
<span class="irc-date">[14:06]</span> <span class="irc-navy">* eddies (~eddies@cm126.sigma9.maxonline.com.sg) Quit (Changing host)</span><br />
<span class="irc-date">[14:06]</span> <span class="irc-green">* eddies (~eddies@unaffiliated/eddies) has joined #duraspace</span><br />
<span class="irc-date">[14:40]</span> <span class="irc-green">* eddies (~eddies@unaffiliated/eddies) has left #duraspace</span><br />
<span class="irc-date">[16:14]</span> <span class="irc-green">* grahamtriggs (~Graham@host213-123-239-134.in-addr.btopenworld.com) has left #duraspace</span><br />
<span class="irc-date">[17:12]</span> <span class="irc-green">* hpottinger (~hpottinge@mu-162198.dhcp.missouri.edu) has joined #duraspace</span><br />
<span class="irc-date">[17:52]</span> <span class="irc-green">* ablemann (~alexleman@subsetsum.com) has joined #duraspace</span><br />
<span class="irc-date">[20:29]</span> <span class="irc-navy">* bradmc (~bradmc@207-172-69-79.c3-0.smr-ubr3.sbo-smr.ma.static.cable.rcn.com) Quit (Read error: Connection reset by peer)</span><br />
<span class="irc-date">[20:34]</span> <span class="irc-green">* bradmc (~bradmc@207-172-69-79.c3-0.smr-ubr3.sbo-smr.ma.static.cable.rcn.com) has joined #duraspace</span><br />
<span class="irc-date">[21:13]</span> <span class="irc-navy">* mhwood (mwood@mhw.ulib.iupui.edu) Quit (Remote host closed the connection)</span><br />
<span class="irc-date">[21:40]</span> <span class="irc-navy">* barmintor (~ba2213@dyn-butler-158-112.dyn.columbia.edu) Quit (Quit: barmintor)</span><br />
<span class="irc-date">[21:42]</span> <span class="irc-navy">* kdweeks (~Adium@2001:468:c80:a103:223:dfff:fefe:ac7d) Quit (Quit: Leaving.)</span><br />
<span class="irc-date">[21:50]</span> <span class="irc-navy">* tdonohue (~tdonohue@c-67-177-108-221.hsd1.il.comcast.net) Quit (Remote host closed the connection)</span><br />
<span class="irc-date">[21:51]</span> <span class="irc-navy">* bradmc (~bradmc@207-172-69-79.c3-0.smr-ubr3.sbo-smr.ma.static.cable.rcn.com) Quit (Quit: bradmc)</span><br />
<span class="irc-date">[22:18]</span> <span class="irc-navy">* hpottinger (~hpottinge@mu-162198.dhcp.missouri.edu) Quit (Quit: Later, taterz!)</span><br />
<span class="irc-date">[23:18]</span> <span class="irc-green">* bradmc (~bradmc@207-172-69-79.c3-0.smr-ubr3.sbo-smr.ma.static.cable.rcn.com) has joined #duraspace</span><br />
