<span class="irc-date">[2:21]</span> <span class="irc-green">* mdiggory (~mdiggory@ip72-199-216-7.sd.sd.cox.net) has joined #duraspace</span><br />
<span class="irc-date">[2:42]</span> <span class="irc-navy">* mdiggory (~mdiggory@ip72-199-216-7.sd.sd.cox.net) Quit (*.net *.split)</span><br />
<span class="irc-date">[2:48]</span> <span class="irc-green">* mdiggory (~mdiggory@ip72-199-216-7.sd.sd.cox.net) has joined #duraspace</span><br />
<span class="irc-date">[4:36]</span> <span class="irc-navy">* mdiggory (~mdiggory@ip72-199-216-7.sd.sd.cox.net) Quit (Quit: mdiggory)</span><br />
<span class="irc-date">[4:37]</span> <span class="irc-green">* mdiggory (~mdiggory@ip72-199-216-7.sd.sd.cox.net) has joined #duraspace</span><br />
<span class="irc-date">[6:20]</span> <span class="irc-navy">* mdiggory (~mdiggory@ip72-199-216-7.sd.sd.cox.net) Quit (Quit: mdiggory)</span><br />
<span class="irc-date">[6:53]</span> <span class="irc-brown">-sturgeon.freenode.net- *** Looking up your hostname...</span><br />
<span class="irc-date">[6:53]</span> <span class="irc-brown">-sturgeon.freenode.net- *** Checking Ident</span><br />
<span class="irc-date">[6:53]</span> <span class="irc-brown">-sturgeon.freenode.net- *** Found your hostname</span><br />
<span class="irc-date">[6:53]</span> <span class="irc-brown">-sturgeon.freenode.net- *** No Ident response</span><br />
<span class="irc-date">[6:53]</span> <span class="irc-green">* DuraLogBot (~PircBot@atlas.duraspace.org) has joined #duraspace</span><br />
<span class="irc-date">[6:53]</span> <span class="irc-green">* Topic is '[Welcome to DuraSpace - This channel is logged - <a href="http://irclogs.duraspace.org/]'">http://irclogs.duraspace.org/]'</a></span><br />
<span class="irc-date">[6:53]</span> <span class="irc-green">* Set by cwilper!ad579d86@gateway/web/freenode/ip.173.87.157.134 on Fri Oct 22 01:19:41 UTC 2010</span><br />
<span class="irc-date">[10:57]</span> <span class="irc-navy">* snail (~yeatesst@130.195.179.107) Quit (Ping timeout: 245 seconds)</span><br />
<span class="irc-date">[11:10]</span> <span class="irc-green">* snail (~yeatesst@130.195.179.107) has joined #duraspace</span><br />
<span class="irc-date">[11:21]</span> <span class="irc-green">* Asger (~abr@nat.statsbiblioteket.dk) has joined #duraspace</span><br />
<span class="irc-date">[11:56]</span> <span class="irc-green">* mhwood (mwood@mhw.ulib.iupui.edu) has joined #duraspace</span><br />
<span class="irc-date">[12:04]</span> <span class="irc-green">* mdiggory (~mdiggory@ip72-199-216-7.sd.sd.cox.net) has joined #duraspace</span><br />
<span class="irc-date">[12:29]</span> <span class="irc-green">* tdonohue (~tdonohue@c-67-177-108-221.hsd1.il.comcast.net) has joined #duraspace</span><br />
<span class="irc-date">[12:50]</span> <span class="irc-green">* Ed_ (1809d1a2@gateway/web/freenode/ip.24.9.209.162) has joined #duraspace</span><br />
<span class="irc-date">[12:50]</span> <span class="irc-green">* Dan_Davis (4a4f9413@gateway/web/freenode/ip.74.79.148.19) has joined #duraspace</span><br />
<span class="irc-date">[13:02]</span> <span class="irc-green">* fasseg (~fas@HSI-KBW-46-223-116-28.hsi.kabel-badenwuerttemberg.de) has joined #duraspace</span><br />
<span class="irc-date">[13:33]</span> <span class="irc-black">&lt;fasseg&gt; git kockced...</span><br />
<span class="irc-date">[13:33]</span> <span class="irc-black">&lt;fasseg&gt; err got kicked</span><br />
<span class="irc-date">[13:33]</span> <span class="irc-black">&lt;fasseg&gt; hdcall offline it for me..</span><br />
<span class="irc-date">[13:58]</span> <span class="irc-green">* ruebot (~ruebot@LB-SC-S1B4DB.library.yorku.ca) has joined #duraspace</span><br />
<span class="irc-date">[14:00]</span> <span class="irc-navy">* fasseg (~fas@HSI-KBW-46-223-116-28.hsi.kabel-badenwuerttemberg.de) Quit (Quit: Leaving)</span><br />
<span class="irc-date">[14:09]</span> <span class="irc-black">&lt;Dan_Davis&gt; Adam: We are gone.</span><br />
<span class="irc-date">[14:21]</span> <span class="irc-navy">* Dan_Davis (4a4f9413@gateway/web/freenode/ip.74.79.148.19) Quit (Quit: Page closed)</span><br />
<span class="irc-date">[14:27]</span> <span class="irc-green">* hpottinger (~hpottinge@mu-162198.dhcp.missouri.edu) has joined #duraspace</span><br />
<span class="irc-date">[14:29]</span> <span class="irc-navy">* Ed_ (1809d1a2@gateway/web/freenode/ip.24.9.209.162) Quit (Quit: Page closed)</span><br />
<span class="irc-date">[15:28]</span> <span class="irc-navy">* mdiggory (~mdiggory@ip72-199-216-7.sd.sd.cox.net) Quit (Quit: mdiggory)</span><br />
<span class="irc-date">[15:48]</span> <span class="irc-navy">* hpottinger (~hpottinge@mu-162198.dhcp.missouri.edu) Quit (Quit: Later, taterz!)</span><br />
<span class="irc-date">[16:37]</span> <span class="irc-navy">* Asger (~abr@nat.statsbiblioteket.dk) Quit (Quit: Leaving)</span><br />
<span class="irc-date">[16:51]</span> <span class="irc-green">* mdiggory (~mdiggory@76.212.160.25) has joined #duraspace</span><br />
<span class="irc-date">[18:47]</span> <span class="irc-navy">* mdiggory (~mdiggory@76.212.160.25) Quit (Ping timeout: 246 seconds)</span><br />
<span class="irc-date">[18:58]</span> <span class="irc-green">* mdiggory (~mdiggory@adsl-76-212-160-25.dsl.sndg02.sbcglobal.net) has joined #duraspace</span><br />
<span class="irc-date">[18:59]</span> <span class="irc-brown">-jtrucks- [Global Notice] Hi all! Following up on the weekends hardware problems services will be moving into its new home roughly 10 minutes from now. There will be a few minutes of downtime before ChanServ, NickServ and friends returns. Thank you for using freenode.</span><br />
<span class="irc-date">[19:11]</span> <span class="irc-navy">* ChanServ (ChanServ@services.) Quit (shutting down)</span><br />
<span class="irc-date">[19:17]</span> <span class="irc-green">* ChanServ (ChanServ@services.) has joined #duraspace</span><br />
<span class="irc-date">[21:12]</span> <span class="irc-navy">* mhwood (mwood@mhw.ulib.iupui.edu) Quit (Remote host closed the connection)</span><br />
<span class="irc-date">[21:51]</span> <span class="irc-navy">* tdonohue (~tdonohue@c-67-177-108-221.hsd1.il.comcast.net) Quit (Read error: Connection reset by peer)</span><br />
<span class="irc-date">[23:23]</span> <span class="irc-navy">* mdiggory (~mdiggory@adsl-76-212-160-25.dsl.sndg02.sbcglobal.net) Quit (Quit: mdiggory)</span><br />
