<span class="irc-date">[1:30]</span> <span class="irc-navy">* lyncode (~DSpace@bl23-42-67.dsl.telepac.pt) Quit (Quit: lyncode)</span><br />
<span class="irc-date">[6:30]</span> <span class="irc-brown">-barjavel.freenode.net- *** Looking up your hostname...</span><br />
<span class="irc-date">[6:30]</span> <span class="irc-brown">-barjavel.freenode.net- *** Checking Ident</span><br />
<span class="irc-date">[6:30]</span> <span class="irc-brown">-barjavel.freenode.net- *** Found your hostname</span><br />
<span class="irc-date">[6:30]</span> <span class="irc-brown">-barjavel.freenode.net- *** No Ident response</span><br />
<span class="irc-date">[6:30]</span> <span class="irc-green">* DuraLogBot (~PircBot@atlas.duraspace.org) has joined #duraspace</span><br />
<span class="irc-date">[6:30]</span> <span class="irc-green">* Topic is '[Welcome to DuraSpace - This channel is logged - <a href="http://irclogs.duraspace.org/]'">http://irclogs.duraspace.org/]'</a></span><br />
<span class="irc-date">[6:30]</span> <span class="irc-green">* Set by cwilper!ad579d86@gateway/web/freenode/ip.173.87.157.134 on Fri Oct 22 01:19:41 UTC 2010</span><br />
<span class="irc-date">[8:05]</span> <span class="irc-green">* lyncode (~DSpace@a89-155-3-84.cpe.netcabo.pt) has joined #duraspace</span><br />
<span class="irc-date">[11:51]</span> <span class="irc-navy">* lyncode (~DSpace@a89-155-3-84.cpe.netcabo.pt) Quit (Quit: lyncode)</span><br />
<span class="irc-date">[12:02]</span> <span class="irc-green">* mhwood (mwood@mhw.ulib.iupui.edu) has joined #duraspace</span><br />
<span class="irc-date">[13:09]</span> <span class="irc-green">* lyncode (~DSpace@a89-155-3-84.cpe.netcabo.pt) has joined #duraspace</span><br />
<span class="irc-date">[13:21]</span> <span class="irc-green">* tdonohue (~tdonohue@c-67-177-108-221.hsd1.il.comcast.net) has joined #duraspace</span><br />
<span class="irc-date">[14:13]</span> <span class="irc-green">* scottatm (~scottatm@adhcp218.evans.tamu.edu) has joined #duraspace</span><br />
<span class="irc-date">[14:31]</span> <span class="irc-green">* eddies (~eddies@cm18.epsilon183.maxonline.com.sg) has joined #duraspace</span><br />
<span class="irc-date">[14:31]</span> <span class="irc-navy">* eddies (~eddies@cm18.epsilon183.maxonline.com.sg) Quit (Changing host)</span><br />
<span class="irc-date">[14:31]</span> <span class="irc-green">* eddies (~eddies@unaffiliated/eddies) has joined #duraspace</span><br />
<span class="irc-date">[17:57]</span> <span class="irc-navy">* lyncode (~DSpace@a89-155-3-84.cpe.netcabo.pt) Quit (Quit: lyncode)</span><br />
<span class="irc-date">[18:23]</span> <span class="irc-green">* lyncode (~DSpace@bl23-47-147.dsl.telepac.pt) has joined #duraspace</span><br />
<span class="irc-date">[20:11]</span> <span class="irc-navy">* lyncode (~DSpace@bl23-47-147.dsl.telepac.pt) Quit (Quit: lyncode)</span><br />
<span class="irc-date">[21:08]</span> <span class="irc-green">* lyncode (~DSpace@bl23-47-147.dsl.telepac.pt) has joined #duraspace</span><br />
<span class="irc-date">[21:14]</span> <span class="irc-green">* mhwood (mwood@mhw.ulib.iupui.edu) has left #duraspace</span><br />
<span class="irc-date">[21:52]</span> <span class="irc-navy">* tdonohue (~tdonohue@c-67-177-108-221.hsd1.il.comcast.net) Quit (Read error: Connection reset by peer)</span><br />
<span class="irc-date">[23:40]</span> <span class="irc-navy">* lyncode (~DSpace@bl23-47-147.dsl.telepac.pt) Quit (Ping timeout: 240 seconds)</span><br />
