<span class="irc-date">[6:50]</span> <span class="irc-brown">-pratchett.freenode.net- *** Looking up your hostname...</span><br />
<span class="irc-date">[6:50]</span> <span class="irc-brown">-pratchett.freenode.net- *** Checking Ident</span><br />
<span class="irc-date">[6:50]</span> <span class="irc-brown">-pratchett.freenode.net- *** Found your hostname</span><br />
<span class="irc-date">[6:50]</span> <span class="irc-brown">-pratchett.freenode.net- *** No Ident response</span><br />
<span class="irc-date">[6:50]</span> <span class="irc-red">[frigg VERSION]</span><br />
<span class="irc-date">[6:50]</span> <span class="irc-green">* DuraLogBot (~PircBot@atlas.duraspace.org) has joined #duraspace</span><br />
<span class="irc-date">[6:50]</span> <span class="irc-green">* Topic is '[Welcome to DuraSpace - This channel is logged - <a href="http://irclogs.duraspace.org/]'">http://irclogs.duraspace.org/]'</a></span><br />
<span class="irc-date">[6:50]</span> <span class="irc-green">* Set by cwilper!ad579d86@gateway/web/freenode/ip.173.87.157.134 on Fri Oct 22 01:19:41 UTC 2010</span><br />
<span class="irc-date">[12:11]</span> <span class="irc-green">* mhwood (mwood@mhw.ulib.iupui.edu) has joined #duraspace</span><br />
<span class="irc-date">[13:09]</span> <span class="irc-green">* tdonohue (~tdonohue@c-67-177-108-221.hsd1.il.comcast.net) has joined #duraspace</span><br />
<span class="irc-date">[15:18]</span> <span class="irc-navy">* tdonohue (~tdonohue@c-67-177-108-221.hsd1.il.comcast.net) Quit (Read error: Connection reset by peer)</span><br />
<span class="irc-date">[15:19]</span> <span class="irc-green">* tdonohue (~tdonohue@c-67-177-108-221.hsd1.il.comcast.net) has joined #duraspace</span><br />
<span class="irc-date">[16:23]</span> <span class="irc-green">* PeterDie_ (~peterdiet@128.146.173.112) has joined #duraspace</span><br />
<span class="irc-date">[16:23]</span> <span class="irc-navy">* PeterDietz (~peterdiet@128.146.173.112) Quit (Read error: Connection reset by peer)</span><br />
<span class="irc-date">[20:07]</span> <span class="irc-navy">* tdonohue (~tdonohue@c-67-177-108-221.hsd1.il.comcast.net) Quit (Read error: Connection reset by peer)</span><br />
<span class="irc-date">[20:08]</span> <span class="irc-green">* tdonohue (~tdonohue@c-67-177-108-221.hsd1.il.comcast.net) has joined #duraspace</span><br />
<span class="irc-date">[20:32]</span> <span class="irc-navy">* linux4u (~james@employed.library.emory.edu) Quit (Ping timeout: 260 seconds)</span><br />
<span class="irc-date">[21:15]</span> <span class="irc-navy">* mhwood (mwood@mhw.ulib.iupui.edu) Quit (Remote host closed the connection)</span><br />
<span class="irc-date">[21:28]</span> <span class="irc-green">* linux4u (~james@employed.library.emory.edu) has joined #duraspace</span><br />
<span class="irc-date">[21:52]</span> <span class="irc-navy">* tdonohue (~tdonohue@c-67-177-108-221.hsd1.il.comcast.net) Quit (Read error: Connection reset by peer)</span><br />
