<span class="irc-date">[1:10]</span> <span class="irc-navy">* mdiggory (~mdiggory@rrcs-74-87-47-114.west.biz.rr.com) Quit (Quit: mdiggory)</span><br />
<span class="irc-date">[2:36]</span> <span class="irc-green">* mdiggory (~mdiggory@ip72-199-216-7.sd.sd.cox.net) has joined #duraspace</span><br />
<span class="irc-date">[6:06]</span> <span class="irc-green">* grahamtriggs (~Graham@cpc2-stev6-2-0-cust333.9-2.cable.virginmedia.com) has joined #duraspace</span><br />
<span class="irc-date">[6:22]</span> <span class="irc-navy">* grahamtriggs (~Graham@cpc2-stev6-2-0-cust333.9-2.cable.virginmedia.com) Quit (Quit: Leaving.)</span><br />
<span class="irc-date">[6:33]</span> <span class="irc-brown">-card.freenode.net- *** Looking up your hostname...</span><br />
<span class="irc-date">[6:33]</span> <span class="irc-brown">-card.freenode.net- *** Checking Ident</span><br />
<span class="irc-date">[6:33]</span> <span class="irc-brown">-card.freenode.net- *** Found your hostname</span><br />
<span class="irc-date">[6:33]</span> <span class="irc-brown">-card.freenode.net- *** No Ident response</span><br />
<span class="irc-date">[6:33]</span> <span class="irc-green">* DuraLogBot (~PircBot@atlas.duraspace.org) has joined #duraspace</span><br />
<span class="irc-date">[6:33]</span> <span class="irc-green">* Topic is '[Welcome to DuraSpace - This channel is logged - <a href="http://irclogs.duraspace.org/]'">http://irclogs.duraspace.org/]'</a></span><br />
<span class="irc-date">[6:33]</span> <span class="irc-green">* Set by cwilper!ad579d86@gateway/web/freenode/ip.173.87.157.134 on Fri Oct 22 01:19:41 UTC 2010</span><br />
<span class="irc-date">[6:48]</span> <span class="irc-navy">* benoitg (~benoitg@173.246.5.249) Quit (Quit: Leaving.)</span><br />
<span class="irc-date">[12:51]</span> <span class="irc-green">* mhwood (mwood@mhw.ulib.iupui.edu) has joined #duraspace</span><br />
<span class="irc-date">[13:44]</span> <span class="irc-green">* cwilper (ad579fce@gateway/web/freenode/ip.173.87.159.206) has joined #duraspace</span><br />
<span class="irc-date">[13:48]</span> <span class="irc-green">* EdAtTheAlliance (1809d1a2@gateway/web/freenode/ip.24.9.209.162) has joined #duraspace</span><br />
<span class="irc-date">[13:59]</span> <span class="irc-green">* ajs6f (d80c403e@gateway/web/freenode/ip.216.12.64.62) has joined #duraspace</span><br />
<span class="irc-date">[13:59]</span> <span class="irc-green">* eddies (~eddies@87.240.238.12) has joined #duraspace</span><br />
<span class="irc-date">[13:59]</span> <span class="irc-navy">* eddies (~eddies@87.240.238.12) Quit (Changing host)</span><br />
<span class="irc-date">[13:59]</span> <span class="irc-green">* eddies (~eddies@unaffiliated/eddies) has joined #duraspace</span><br />
<span class="irc-date">[13:59]</span> <span class="irc-green">* Dan_Davis (4a4f9413@gateway/web/freenode/ip.74.79.148.19) has joined #duraspace</span><br />
<span class="irc-date">[14:01]</span> <span class="irc-green">* sbayliss (bcde58ad@gateway/web/freenode/ip.188.222.88.173) has joined #duraspace</span><br />
<span class="irc-date">[14:02]</span> <span class="irc-black">&lt;sbayliss&gt; my skype is currently playing up, can't get through to the conf call service</span><br />
<span class="irc-date">[14:03]</span> <span class="irc-black">&lt;cwilper&gt; <a href="https://wiki.duraspace.org/display/FCREPO/2012-02-02+-+Fedora+Committer+Meeting">https://wiki.duraspace.org/display/FCREPO/2012-02-02+-+Fedora+Committer+Meeting</a></span><br />
<span class="irc-date">[14:03]</span> <span class="irc-black">&lt;kompewter&gt; [ 2012-02-02 - Fedora Committer Meeting - Fedora Repository Development - DuraSpace Wiki ] - <a href="https://wiki.duraspace.org/display/FCREPO/2012-02-02+-+Fedora+Committer+Meeting">https://wiki.duraspace.org/display/FCREPO/2012-02-02+-+Fedora+Committer+Meeting</a></span><br />
<span class="irc-date">[14:04]</span> <span class="irc-black">&lt;cwilper&gt; Mikogo code: 417-266-690</span><br />
<span class="irc-date">[14:04]</span> <span class="irc-black">&lt;cwilper&gt; Sorry Steve. Are you getting an error message?</span><br />
<span class="irc-date">[14:04]</span> <span class="irc-black">&lt;sbayliss&gt; still having trouble getting in on skype, i fear a reboot is going to be needed</span><br />
<span class="irc-date">[14:04]</span> <span class="irc-black">&lt;sbayliss&gt; chris - i think it is a machine issue, I can't connect to the sound test service either</span><br />
<span class="irc-date">[14:05]</span> <span class="irc-black">&lt;cwilper&gt; Ahh, ok</span><br />
<span class="irc-date">[14:05]</span> <span class="irc-black">&lt;eddies&gt; i had to reconnect too, but not restart...</span><br />
<span class="irc-date">[14:05]</span> <span class="irc-black">&lt;sbayliss&gt; rebooting, will be trying again soon (plus I'd like to add a short discussion on fcrepo-1026 to the agenda, especially wrt http status codes for validation failure)</span><br />
<span class="irc-date">[14:05]</span> <span class="irc-black">&lt;sbayliss&gt; brb...</span><br />
<span class="irc-date">[14:05]</span> <span class="irc-navy">* sbayliss (bcde58ad@gateway/web/freenode/ip.188.222.88.173) Quit (Client Quit)</span><br />
<span class="irc-date">[14:11]</span> <span class="irc-green">* sbayliss (bcde58ad@gateway/web/freenode/ip.188.222.88.173) has joined #duraspace</span><br />
<span class="irc-date">[14:11]</span> <span class="irc-black">&lt;sbayliss&gt; I'm here!</span><br />
<span class="irc-date">[14:11]</span> <span class="irc-black">&lt;eddies&gt; cwilper: ok, if you're adding, my username is eddies</span><br />
<span class="irc-date">[14:14]</span> <span class="irc-green">* barmintor_home (~ba2213@dyn-butler-158-112.dyn.columbia.edu) has joined #duraspace</span><br />
<span class="irc-date">[14:15]</span> <span class="irc-green">* barmintor_home is now known as barmintor</span><br />
<span class="irc-date">[14:31]</span> <span class="irc-green">* tdonohue (~tdonohue@c-24-13-90-87.hsd1.il.comcast.net) has joined #duraspace</span><br />
<span class="irc-date">[14:42]</span> <span class="irc-black">&lt;barmintor&gt; Could someone post the link to the issues again?</span><br />
<span class="irc-date">[14:42]</span> <span class="irc-black">&lt;barmintor&gt; please?</span><br />
<span class="irc-date">[14:43]</span> <span class="irc-black">&lt;sbayliss&gt; currently discussing <a href="https://jira.duraspace.org/browse/FCREPO-1022">https://jira.duraspace.org/browse/FCREPO-1022</a></span><br />
<span class="irc-date">[14:43]</span> <span class="irc-black">&lt;kompewter&gt; [ [#FCREPO-1022] Deprecate Messaging client - DuraSpace JIRA ] - <a href="https://jira.duraspace.org/browse/FCREPO-1022">https://jira.duraspace.org/browse/FCREPO-1022</a></span><br />
<span class="irc-date">[14:43]</span> <span class="irc-black">&lt;barmintor&gt; thanks Steve</span><br />
<span class="irc-date">[15:03]</span> <span class="irc-black">&lt;ajs6f&gt; <a href="https://github.com/ajs6f/fcrepo/tree/jmeter-maven/fcrepo-integrationtest/fcrepo-integrationtest-jmeter">https://github.com/ajs6f/fcrepo/tree/jmeter-maven/fcrepo-integrationtest/fcrepo-integrationtest-jmeter</a></span><br />
<span class="irc-date">[15:03]</span> <span class="irc-black">&lt;kompewter&gt; [ fcrepo-integrationtest/fcrepo-integrationtest-jmeter at jmeter-maven from ajs6f/fcrepo - GitHub ] - <a href="https://github.com/ajs6f/fcrepo/tree/jmeter-maven/fcrepo-integrationtest/fcrepo-integrationtest-jmeter">https://github.com/ajs6f/fcrepo/tree/jmeter-maven/fcrepo-integrationtest/fcrepo-integrationtest-jmeter</a></span><br />
<span class="irc-date">[15:03]</span> <span class="irc-black">&lt;ajs6f&gt; <a href="https://github.com/ajs6f/fcrepo/blob/jmeter-maven/fcrepo-integrationtest/fcrepo-integrationtest-jmeter/src/test/jmeter/test.jmx">https://github.com/ajs6f/fcrepo/blob/jmeter-maven/fcrepo-integrationtest/fcrepo-integrationtest-jmeter/src/test/jmeter/test.jmx</a></span><br />
<span class="irc-date">[15:03]</span> <span class="irc-black">&lt;kompewter&gt; [ fcrepo-integrationtest/fcrepo-integrationtest-jmeter/src/test/jmeter/test.jmx at jmeter-maven from ajs6f/fcrepo - GitHub ] - <a href="https://github.com/ajs6f/fcrepo/blob/jmeter-maven/fcrepo-integrationtest/fcrepo-integrationtest-jmeter/src/test/jmeter/test.jmx">https://github.com/ajs6f/fcrepo/blob/jmeter-maven/fcrepo-integrationtest/fcrepo-integrationtest-jmeter/src/test/jmeter/test.jmx</a></span><br />
<span class="irc-date">[15:16]</span> <span class="irc-black">&lt;eddies&gt; must run. bye all!</span><br />
<span class="irc-date">[15:30]</span> <span class="irc-navy">* sbayliss (bcde58ad@gateway/web/freenode/ip.188.222.88.173) Quit (Quit: Page closed)</span><br />
<span class="irc-date">[15:31]</span> <span class="irc-navy">* eddies (~eddies@unaffiliated/eddies) Quit (Ping timeout: 252 seconds)</span><br />
<span class="irc-date">[15:33]</span> <span class="irc-navy">* Dan_Davis (4a4f9413@gateway/web/freenode/ip.74.79.148.19) Quit (Quit: Page closed)</span><br />
<span class="irc-date">[15:33]</span> <span class="irc-green">* barmintor (~ba2213@dyn-butler-158-112.dyn.columbia.edu) has left #duraspace</span><br />
<span class="irc-date">[15:42]</span> <span class="irc-navy">* ajs6f (d80c403e@gateway/web/freenode/ip.216.12.64.62) Quit (Quit: Page closed)</span><br />
<span class="irc-date">[15:48]</span> <span class="irc-navy">* cwilper (ad579fce@gateway/web/freenode/ip.173.87.159.206) Quit (Quit: Page closed)</span><br />
<span class="irc-date">[16:23]</span> <span class="irc-navy">* EdAtTheAlliance (1809d1a2@gateway/web/freenode/ip.24.9.209.162) Quit (Quit: Page closed)</span><br />
<span class="irc-date">[16:27]</span> <span class="irc-navy">* mdiggory (~mdiggory@ip72-199-216-7.sd.sd.cox.net) Quit (Quit: mdiggory)</span><br />
<span class="irc-date">[17:42]</span> <span class="irc-green">* mdiggory (~mdiggory@rrcs-74-87-47-114.west.biz.rr.com) has joined #duraspace</span><br />
<span class="irc-date">[20:08]</span> <span class="irc-navy">* mdiggory (~mdiggory@rrcs-74-87-47-114.west.biz.rr.com) Quit (Quit: mdiggory)</span><br />
<span class="irc-date">[20:17]</span> <span class="irc-brown">-mrmist- [Global Notice] - It's a happy birthday to our favourite gay staffer Gary today. In celebration do stop by and read <a href="http://announce.freenode.net/turing.html">http://announce.freenode.net/turing.html</a> and remember to drop Gary a happy birthday message!</span><br />
<span class="irc-date">[21:45]</span> <span class="irc-navy">* mhwood (mwood@mhw.ulib.iupui.edu) Quit (Remote host closed the connection)</span><br />
<span class="irc-date">[23:04]</span> <span class="irc-navy">* tdonohue (~tdonohue@c-24-13-90-87.hsd1.il.comcast.net) Quit (Read error: Connection reset by peer)</span><br />
