<span class="irc-date">[6:28]</span> <span class="irc-brown">-card.freenode.net- *** Looking up your hostname...</span><br />
<span class="irc-date">[6:28]</span> <span class="irc-brown">-card.freenode.net- *** Checking Ident</span><br />
<span class="irc-date">[6:28]</span> <span class="irc-brown">-card.freenode.net- *** Found your hostname</span><br />
<span class="irc-date">[6:28]</span> <span class="irc-brown">-card.freenode.net- *** No Ident response</span><br />
<span class="irc-date">[6:28]</span> <span class="irc-green">* DuraLogBot (~PircBot@atlas.duraspace.org) has joined #duraspace</span><br />
<span class="irc-date">[6:28]</span> <span class="irc-green">* Topic is '[Welcome to DuraSpace - This channel is logged - <a href="http://irclogs.duraspace.org/]'">http://irclogs.duraspace.org/]'</a></span><br />
<span class="irc-date">[6:28]</span> <span class="irc-green">* Set by cwilper!ad579d86@gateway/web/freenode/ip.173.87.157.134 on Fri Oct 22 01:19:41 UTC 2010</span><br />
<span class="irc-date">[9:36]</span> <span class="irc-navy">* eddies (~eddies@unaffiliated/eddies) Quit (Quit: Leaving.)</span><br />
<span class="irc-date">[9:36]</span> <span class="irc-green">* eddies (~eddies@vpn-165-124-167-217.vpn.northwestern.edu) has joined #duraspace</span><br />
<span class="irc-date">[9:36]</span> <span class="irc-navy">* eddies (~eddies@vpn-165-124-167-217.vpn.northwestern.edu) Quit (Changing host)</span><br />
<span class="irc-date">[9:36]</span> <span class="irc-green">* eddies (~eddies@unaffiliated/eddies) has joined #duraspace</span><br />
<span class="irc-date">[9:45]</span> <span class="irc-green">* eddies1 (~eddies@vpn-165-124-165-241.vpn.northwestern.edu) has joined #duraspace</span><br />
<span class="irc-date">[9:45]</span> <span class="irc-navy">* eddies1 (~eddies@vpn-165-124-165-241.vpn.northwestern.edu) Quit (Changing host)</span><br />
<span class="irc-date">[9:45]</span> <span class="irc-green">* eddies1 (~eddies@unaffiliated/eddies) has joined #duraspace</span><br />
<span class="irc-date">[9:45]</span> <span class="irc-green">* eddies2 (~eddies@cm126.sigma9.maxonline.com.sg) has joined #duraspace</span><br />
<span class="irc-date">[9:45]</span> <span class="irc-navy">* eddies2 (~eddies@cm126.sigma9.maxonline.com.sg) Quit (Changing host)</span><br />
<span class="irc-date">[9:45]</span> <span class="irc-green">* eddies2 (~eddies@unaffiliated/eddies) has joined #duraspace</span><br />
<span class="irc-date">[9:45]</span> <span class="irc-navy">* eddies2 (~eddies@unaffiliated/eddies) Quit (Client Quit)</span><br />
<span class="irc-date">[9:48]</span> <span class="irc-navy">* eddies (~eddies@unaffiliated/eddies) Quit (Ping timeout: 276 seconds)</span><br />
<span class="irc-date">[9:49]</span> <span class="irc-navy">* eddies1 (~eddies@unaffiliated/eddies) Quit (Ping timeout: 246 seconds)</span><br />
<span class="irc-date">[12:03]</span> <span class="irc-green">* mhwood (mwood@mhw.ulib.iupui.edu) has joined #duraspace</span><br />
<span class="irc-date">[13:17]</span> <span class="irc-green">* tdonohue (~tdonohue@c-67-177-108-221.hsd1.il.comcast.net) has joined #duraspace</span><br />
<span class="irc-date">[13:20]</span> <span class="irc-green">* kdweeks (~Adium@2001:468:c80:a103:223:dfff:fefe:ac7d) has joined #duraspace</span><br />
<span class="irc-date">[13:33]</span> <span class="irc-navy">* tdonohue (~tdonohue@c-67-177-108-221.hsd1.il.comcast.net) Quit (Read error: Connection reset by peer)</span><br />
<span class="irc-date">[13:34]</span> <span class="irc-green">* tdonohue (~tdonohue@c-67-177-108-221.hsd1.il.comcast.net) has joined #duraspace</span><br />
<span class="irc-date">[14:00]</span> <span class="irc-navy">* mhwood (mwood@mhw.ulib.iupui.edu) Quit (Remote host closed the connection)</span><br />
<span class="irc-date">[14:04]</span> <span class="irc-navy">* PeterDietz (~peterdiet@128.146.173.59) Quit (Remote host closed the connection)</span><br />
<span class="irc-date">[14:06]</span> <span class="irc-green">* eddies (~eddies@unaffiliated/eddies) has joined #duraspace</span><br />
<span class="irc-date">[14:24]</span> <span class="irc-green">* mhwood (mwood@mhw.ulib.iupui.edu) has joined #duraspace</span><br />
<span class="irc-date">[15:27]</span> <span class="irc-navy">* mhwood (mwood@mhw.ulib.iupui.edu) Quit (Quit: Leaving.)</span><br />
<span class="irc-date">[15:29]</span> <span class="irc-green">* mhwood (~mhwood@mhw.ulib.iupui.edu) has joined #duraspace</span><br />
<span class="irc-date">[15:32]</span> <span class="irc-navy">* eddies (~eddies@unaffiliated/eddies) Quit (Ping timeout: 244 seconds)</span><br />
<span class="irc-date">[15:33]</span> <span class="irc-green">* eddies (~eddies@cm126.sigma9.maxonline.com.sg) has joined #duraspace</span><br />
<span class="irc-date">[15:33]</span> <span class="irc-navy">* eddies (~eddies@cm126.sigma9.maxonline.com.sg) Quit (Changing host)</span><br />
<span class="irc-date">[15:33]</span> <span class="irc-green">* eddies (~eddies@unaffiliated/eddies) has joined #duraspace</span><br />
<span class="irc-date">[15:51]</span> <span class="irc-green">* cbeer (cbeer@2600:3c03::f03c:91ff:fedf:a498) has left #duraspace</span><br />
<span class="irc-date">[20:14]</span> <span class="irc-navy">* kdweeks (~Adium@2001:468:c80:a103:223:dfff:fefe:ac7d) Quit (Quit: Leaving.)</span><br />
<span class="irc-date">[20:15]</span> <span class="irc-green">* kdweeks (~Adium@2001:468:c80:a103:223:dfff:fefe:ac7d) has joined #duraspace</span><br />
<span class="irc-date">[20:15]</span> <span class="irc-navy">* kdweeks (~Adium@2001:468:c80:a103:223:dfff:fefe:ac7d) Quit (Client Quit)</span><br />
<span class="irc-date">[20:47]</span> <span class="irc-green">* PeterDietz (~peterdiet@128.146.173.59) has joined #duraspace</span><br />
<span class="irc-date">[20:52]</span> <span class="irc-green">* kdweeks (~Adium@2001:468:c80:a103:223:dfff:fefe:ac7d) has joined #duraspace</span><br />
<span class="irc-date">[21:09]</span> <span class="irc-navy">* mhwood (~mhwood@mhw.ulib.iupui.edu) Quit (Remote host closed the connection)</span><br />
<span class="irc-date">[21:45]</span> <span class="irc-green">* hpottinger (~hpottinge@mu-162198.dhcp.missouri.edu) has joined #duraspace</span><br />
<span class="irc-date">[21:49]</span> <span class="irc-navy">* scottatm (~scottatm@adhcp218.evans.tamu.edu) Quit (Quit: scottatm)</span><br />
<span class="irc-date">[21:51]</span> <span class="irc-navy">* tdonohue (~tdonohue@c-67-177-108-221.hsd1.il.comcast.net) Quit (Read error: Connection reset by peer)</span><br />
<span class="irc-date">[21:57]</span> <span class="irc-navy">* kdweeks (~Adium@2001:468:c80:a103:223:dfff:fefe:ac7d) Quit (Quit: Leaving.)</span><br />
<span class="irc-date">[22:28]</span> <span class="irc-green">* hpottinger (~hpottinge@mu-162198.dhcp.missouri.edu) has left #duraspace</span><br />
<span class="irc-date">[23:46]</span> <span class="irc-navy">* eddies (~eddies@unaffiliated/eddies) Quit (Quit: Leaving.)</span><br />
