<span class="irc-date">[6:30]</span> <span class="irc-brown">-calvino.freenode.net- *** Looking up your hostname...</span><br />
<span class="irc-date">[6:30]</span> <span class="irc-brown">-calvino.freenode.net- *** Checking Ident</span><br />
<span class="irc-date">[6:30]</span> <span class="irc-brown">-calvino.freenode.net- *** Found your hostname</span><br />
<span class="irc-date">[6:30]</span> <span class="irc-brown">-calvino.freenode.net- *** No Ident response</span><br />
<span class="irc-date">[6:30]</span> <span class="irc-red">[frigg VERSION]</span><br />
<span class="irc-date">[6:30]</span> <span class="irc-green">* DuraLogBot (~PircBot@atlas.duraspace.org) has joined #duraspace</span><br />
<span class="irc-date">[6:30]</span> <span class="irc-green">* Topic is '[Welcome to DuraSpace - This channel is logged - <a href="http://irclogs.duraspace.org/]'">http://irclogs.duraspace.org/]'</a></span><br />
<span class="irc-date">[6:30]</span> <span class="irc-green">* Set by cwilper!ad579d86@gateway/web/freenode/ip.173.87.157.134 on Fri Oct 22 01:19:41 UTC 2010</span><br />
<span class="irc-date">[10:11]</span> <span class="irc-green">* Asger (~abr@nat.statsbiblioteket.dk) has joined #duraspace</span><br />
<span class="irc-date">[12:08]</span> <span class="irc-green">* mhwood (mwood@mhw.ulib.iupui.edu) has joined #duraspace</span><br />
<span class="irc-date">[13:41]</span> <span class="irc-green">* tecoripa (~sprater@saez.doit.wisc.edu) has joined #duraspace</span><br />
<span class="irc-date">[13:41]</span> <span class="irc-black">&lt;tecoripa&gt; Scott here...</span><br />
<span class="irc-date">[13:42]</span> <span class="irc-black">&lt;tecoripa&gt; I have some questions about the document release process, and using Plone on fedora-commons, if anyone is around</span><br />
<span class="irc-date">[13:42]</span> <span class="irc-green">* eddies (~eddies@nd-66-205-168-188.nat.nd.edu) has joined #duraspace</span><br />
<span class="irc-date">[13:42]</span> <span class="irc-navy">* eddies (~eddies@nd-66-205-168-188.nat.nd.edu) Quit (Changing host)</span><br />
<span class="irc-date">[13:42]</span> <span class="irc-green">* eddies (~eddies@unaffiliated/eddies) has joined #duraspace</span><br />
<span class="irc-date">[13:42]</span> <span class="irc-black">&lt;tecoripa&gt; hello, eddie?</span><br />
<span class="irc-date">[13:49]</span> <span class="irc-black">&lt;eddies&gt; hey scott</span><br />
<span class="irc-date">[13:49]</span> <span class="irc-black">&lt;eddies&gt; just saw your email</span><br />
<span class="irc-date">[13:50]</span> <span class="irc-black">&lt;tecoripa&gt; ah, okay</span><br />
<span class="irc-date">[13:50]</span> <span class="irc-black">&lt;eddies&gt; i'm at  the hydra partners meeting in notre dame but i should be able to chat here &amp; there</span><br />
<span class="irc-date">[13:50]</span> <span class="irc-black">&lt;tecoripa&gt; firok</span><br />
<span class="irc-date">[13:50]</span> <span class="irc-black">&lt;tecoripa&gt; now a good monment?</span><br />
<span class="irc-date">[13:50]</span> <span class="irc-black">&lt;eddies&gt; yeah</span><br />
<span class="irc-date">[13:50]</span> <span class="irc-black">&lt;tecoripa&gt; ()oops, lots o typos)</span><br />
<span class="irc-date">[13:50]</span> <span class="irc-black">&lt;tecoripa&gt; ok:  first the sourceforge questions</span><br />
<span class="irc-date">[13:51]</span> <span class="irc-black">&lt;tecoripa&gt; looks like I'll need to be added as an admin to get permissions to upload the artifacts</span><br />
<span class="irc-date">[13:51]</span> <span class="irc-black">&lt;tecoripa&gt; I sent Chris an email about that</span><br />
<span class="irc-date">[13:51]</span> <span class="irc-black">&lt;eddies&gt; what's your username?</span><br />
<span class="irc-date">[13:51]</span> <span class="irc-black">&lt;eddies&gt; i'll just add you now</span><br />
<span class="irc-date">[13:51]</span> <span class="irc-black">&lt;tecoripa&gt; sgprater</span><br />
<span class="irc-date">[13:51]</span> <span class="irc-black">&lt;tecoripa&gt; I only need to update the files under Home/fedora, correct?</span><br />
<span class="irc-date">[13:52]</span> <span class="irc-black">&lt;tecoripa&gt; nothing needs to be done under services?</span><br />
<span class="irc-date">[13:52]</span> <span class="irc-navy">* ruebot (~ruebot@LB-SC-S1B4DB.library.yorku.ca) Quit (Quit: Please, sir, I want some more.)</span><br />
<span class="irc-date">[13:53]</span> <span class="irc-black">&lt;tecoripa&gt; secondly:  the jars come from the maven repo, correct?</span><br />
<span class="irc-date">[13:53]</span> <span class="irc-black">&lt;tecoripa&gt; Do Icreate the zip files and the gpg signatures myself, from the artifacts downloaded from the maven repo?</span><br />
<span class="irc-date">[13:53]</span> <span class="irc-black">&lt;eddies&gt; yeah, you want the checksums to match</span><br />
<span class="irc-date">[13:54]</span> <span class="irc-black">&lt;tecoripa&gt; ok, so I'll download the artifacts from the maven repo, create the zip files where needed, the create the gpg signatures on the two zips and the jar, then upload the whole shebang</span><br />
<span class="irc-date">[13:55]</span> <span class="irc-black">&lt;eddies&gt; what zips do you need to create?</span><br />
<span class="irc-date">[13:55]</span> <span class="irc-black">&lt;tecoripa&gt; fcrepo-server-3.6-rmi-journal-recv.zip</span><br />
<span class="irc-date">[13:55]</span> <span class="irc-black">&lt;tecoripa&gt; fcrepo-client-messaging-3.6-fedora-messaging.zip</span><br />
<span class="irc-date">[13:55]</span> <span class="irc-black">&lt;tecoripa&gt; oh, wait, I see them now</span><br />
<span class="irc-date">[13:56]</span> <span class="irc-black">&lt;eddies&gt; yeah, they are under different classifiers</span><br />
<span class="irc-date">[13:57]</span> <span class="irc-black">&lt;eddies&gt; can you check right now to see if you can create a 3.6.1 folder for files on sf?</span><br />
<span class="irc-date">[13:57]</span> <span class="irc-black">&lt;eddies&gt; i think you should now have permissions</span><br />
<span class="irc-date">[13:57]</span> <span class="irc-black">&lt;tecoripa&gt; yep, got it</span><br />
<span class="irc-date">[13:57]</span> <span class="irc-black">&lt;tecoripa&gt; thanks</span><br />
<span class="irc-date">[13:58]</span> <span class="irc-black">&lt;tecoripa&gt; ok, so I just need to create the gpg signatures for the three artifacts</span><br />
<span class="irc-date">[13:59]</span> <span class="irc-black">&lt;eddies&gt; the .asc files are already available</span><br />
<span class="irc-date">[13:59]</span> <span class="irc-black">&lt;eddies&gt; e.g.: <a href="http://search.maven.org/#artifactdetails|org.fcrepo|fcrepo-server|3.6.1|jar">http://search.maven.org/#artifactdetails|org.fcrepo|fcrepo-server|3.6.1|jar</a></span><br />
<span class="irc-date">[13:59]</span> <span class="irc-black">&lt;kompewter&gt; [ The Central Repository Search Engine ] - <a href="http://search.maven.org/#artifactdetails|org.fcrepo|fcrepo-server|3.6.1|jar">http://search.maven.org/#artifactdetails|org.fcrepo|fcrepo-server|3.6.1|jar</a></span><br />
<span class="irc-date">[14:00]</span> <span class="irc-black">&lt;tecoripa&gt; ah, ok</span><br />
<span class="irc-date">[14:00]</span> <span class="irc-black">&lt;tecoripa&gt; thanks.  I'll upload that stuff and update the sourceforge links then</span><br />
<span class="irc-date">[14:01]</span> <span class="irc-black">&lt;eddies&gt; great. thanks =)</span><br />
<span class="irc-date">[14:01]</span> <span class="irc-black">&lt;tecoripa&gt; second question:  Mysetries of Plone</span><br />
<span class="irc-date">[14:01]</span> <span class="irc-black">&lt;tecoripa&gt; after some flailing about, I got a Release 3.6 page into the Previous Releases folder...</span><br />
<span class="irc-date">[14:01]</span> <span class="irc-black">&lt;tecoripa&gt; but I can't seem to make it the default page for that folder now.</span><br />
<span class="irc-date">[14:01]</span> <span class="irc-black">&lt;eddies&gt; yeah, i don't know much about plone</span><br />
<span class="irc-date">[14:02]</span> <span class="irc-black">&lt;tecoripa&gt; Apparently I need "manager" role in the Plone instance?</span><br />
<span class="irc-date">[14:02]</span> <span class="irc-black">&lt;tecoripa&gt; I'll ask Chris</span><br />
<span class="irc-date">[14:02]</span> <span class="irc-black">&lt;eddies&gt; i just fumbled around in plone for the first time for the 3.6 release</span><br />
<span class="irc-date">[14:03]</span> <span class="irc-black">&lt;tecoripa&gt; ok, I'll see if I can figure out with Chris's help, or perhaps another Duraspace admin</span><br />
<span class="irc-date">[14:03]</span> <span class="irc-black">&lt;tecoripa&gt; thanks</span><br />
<span class="irc-date">[14:04]</span> <span class="irc-black">&lt;eddies&gt; fyi, for release notes</span><br />
<span class="irc-date">[14:05]</span> <span class="irc-black">&lt;eddies&gt; we want the 3.6 space (<a href="https://wiki.duraspace.org/display/FEDORA36/Release+Notes)">https://wiki.duraspace.org/display/FEDORA36/Release+Notes)</a> to follow the structure of the 3.4 space (<a href="https://wiki.duraspace.org/display/FEDORA34/Release+Notes)">https://wiki.duraspace.org/display/FEDORA34/Release+Notes)</a></span><br />
<span class="irc-date">[14:05]</span> <span class="irc-black">&lt;eddies&gt; —right now, you see the 3.6(.0) notes first, even though now the 3.6.1 is the current release</span><br />
<span class="irc-date">[14:06]</span> <span class="irc-black">&lt;tecoripa&gt; ok, I'll follow that</span><br />
<span class="irc-date">[14:06]</span> <span class="irc-navy">* scottatm (~scottatm@adhcp218.evans.tamu.edu) Quit (Quit: scottatm)</span><br />
<span class="irc-date">[14:06]</span> <span class="irc-black">&lt;tecoripa&gt; that's the Confluence wiki</span><br />
<span class="irc-date">[14:30]</span> <span class="irc-black">&lt;tecoripa&gt; OK, the 3.6.1 artifacts are uploaded to Sourceforge, and the sourceforge default download links are updated.</span><br />
<span class="irc-date">[14:30]</span> <span class="irc-black">&lt;tecoripa&gt; onto Plone.</span><br />
<span class="irc-date">[14:36]</span> <span class="irc-green">* scottatm (~scottatm@adhcp218.evans.tamu.edu) has joined #duraspace</span><br />
<span class="irc-date">[14:47]</span> <span class="irc-black">&lt;eddies&gt; tecoripa++</span><br />
<span class="irc-date">[14:49]</span> <span class="irc-black">&lt;eddies&gt; tecoripa: plone still looks same to me...</span><br />
<span class="irc-date">[14:50]</span> <span class="irc-black">&lt;tecoripa&gt; I'm still in the process of updating it...</span><br />
<span class="irc-date">[14:51]</span> <span class="irc-black">&lt;tecoripa&gt; the Current Release, Previous Releases should be updated now</span><br />
<span class="irc-date">[14:51]</span> <span class="irc-black">&lt;tecoripa&gt; I'm working on the links, Software page, etc.</span><br />
<span class="irc-date">[15:06]</span> <span class="irc-black">&lt;eddies&gt; oh i misunderstood, i thought you said stuff was onto plone, not you were moving onto plone ;-)</span><br />
<span class="irc-date">[15:08]</span> <span class="irc-black">&lt;tecoripa&gt; you have any text you'd like me to put into the 3.6.1 release announcement?</span><br />
<span class="irc-date">[15:21]</span> <span class="irc-black">&lt;tecoripa&gt; ok, fedora-commons (plone) instance is updated:  just needed to change the state of the announcement to "published" once the release is released</span><br />
<span class="irc-date">[15:21]</span> <span class="irc-black">&lt;tecoripa&gt; onto Confluence</span><br />
<span class="irc-date">[15:30]</span> <span class="irc-black">&lt;eddies&gt; which announcement?</span><br />
<span class="irc-date">[15:31]</span> <span class="irc-black">&lt;eddies&gt; tecoripa: sorry, i mean, what needs to have its state changed to "published"?</span><br />
<span class="irc-date">[15:31]</span> <span class="irc-black">&lt;tecoripa&gt; <a href="http://www.fedora-commons.org/community/announce/fedora3.6.1release">http://www.fedora-commons.org/community/announce/fedora3.6.1release</a></span><br />
<span class="irc-date">[15:31]</span> <span class="irc-black">&lt;kompewter&gt; [ Fedora Repository ] - <a href="http://www.fedora-commons.org/community/announce/fedora3.6.1release">http://www.fedora-commons.org/community/announce/fedora3.6.1release</a></span><br />
<span class="irc-date">[15:31]</span> <span class="irc-black">&lt;tecoripa&gt; right now it's private</span><br />
<span class="irc-date">[15:31]</span> <span class="irc-black">&lt;tecoripa&gt; which means only logged in admins see it</span><br />
<span class="irc-date">[15:32]</span> <span class="irc-black">&lt;tecoripa&gt; eddies:  I reorganized the Confluence wiki release notes, as you suggested</span><br />
<span class="irc-date">[15:32]</span> <span class="irc-black">&lt;tecoripa&gt; <a href="https://wiki.duraspace.org/display/FEDORA36/Release+Notes">https://wiki.duraspace.org/display/FEDORA36/Release+Notes</a></span><br />
<span class="irc-date">[15:32]</span> <span class="irc-black">&lt;kompewter&gt; [ Release Notes - Fedora 3.6 Documentation - DuraSpace Wiki ] - <a href="https://wiki.duraspace.org/display/FEDORA36/Release+Notes">https://wiki.duraspace.org/display/FEDORA36/Release+Notes</a></span><br />
<span class="irc-date">[15:32]</span> <span class="irc-black">&lt;eddies&gt; i think you can go ahead and mark it published</span><br />
<span class="irc-date">[15:32]</span> <span class="irc-black">&lt;tecoripa&gt; ok, will do</span><br />
<span class="irc-date">[15:33]</span> <span class="irc-black">&lt;tecoripa&gt; done.</span><br />
<span class="irc-date">[15:33]</span> <span class="irc-black">&lt;eddies&gt; do you have carol (minton morris)'s email? just need to send her a note that everything's ready</span><br />
<span class="irc-date">[15:33]</span> <span class="irc-black">&lt;eddies&gt; then she'll send out the email to the lists</span><br />
<span class="irc-date">[15:33]</span> <span class="irc-black">&lt;eddies&gt; make a press release, etc.</span><br />
<span class="irc-date">[15:33]</span> <span class="irc-black">&lt;tecoripa&gt; I need to clean up a few more things on the Confluence website...</span><br />
<span class="irc-date">[15:33]</span> <span class="irc-black">&lt;eddies&gt; ah ok</span><br />
<span class="irc-date">[15:33]</span> <span class="irc-black">&lt;eddies&gt; i'll send her a heads-up so she can get started tho</span><br />
<span class="irc-date">[15:34]</span> <span class="irc-black">&lt;tecoripa&gt; update the downloads link, fix a release link</span><br />
<span class="irc-date">[15:34]</span> <span class="irc-black">&lt;tecoripa&gt; then I think we'll be ready</span><br />
<span class="irc-date">[15:34]</span> <span class="irc-black">&lt;tecoripa&gt; I'll ping you soon</span><br />
<span class="irc-date">[15:34]</span> <span class="irc-black">&lt;tecoripa&gt; want me to send you her address?</span><br />
<span class="irc-date">[15:35]</span> <span class="irc-black">&lt;eddies&gt; i just cc'ed you on an email to her</span><br />
<span class="irc-date">[15:35]</span> <span class="irc-black">&lt;tecoripa&gt; ah, ok</span><br />
<span class="irc-date">[15:35]</span> <span class="irc-black">&lt;tecoripa&gt; cmmorris@duraspace.org</span><br />
<span class="irc-date">[15:37]</span> <span class="irc-black">&lt;tecoripa&gt; is this the lastest release of the messaging client? <a href="https://github.com/downloads/mediashelf/fedora-client/fedora-client-messaging-0.5-with-dependencies.jar">https://github.com/downloads/mediashelf/fedora-client/fedora-client-messaging-0.5-with-dependencies.jar</a></span><br />
<span class="irc-date">[15:37]</span> <span class="irc-black">&lt;tecoripa&gt; I should probably link the sourceforge one</span><br />
<span class="irc-date">[15:39]</span> <span class="irc-black">&lt;eddies&gt; tecoripa: fedora-client-messaging-0.6-with-dependencies.jar is the latest</span><br />
<span class="irc-date">[15:39]</span> <span class="irc-black">&lt;tecoripa&gt; ah, ok</span><br />
<span class="irc-date">[15:41]</span> <span class="irc-black">&lt;tecoripa&gt; eddies:  how is that different from fcrepo-client-messaging-3.6.1-fedora-messaging.jar?</span><br />
<span class="irc-date">[15:41]</span> <span class="irc-black">&lt;eddies&gt; fcrepo-client-messaging is deprecated</span><br />
<span class="irc-date">[15:41]</span> <span class="irc-black">&lt;tecoripa&gt; ah, ok</span><br />
<span class="irc-date">[15:42]</span> <span class="irc-black">&lt;tecoripa&gt; should I update the version number of "Fedora 3.6 Messaging Client" to "Fedora 0,6 Messaging Client" then on <a href="https://wiki.duraspace.org/display/FEDORA36/Downloads">https://wiki.duraspace.org/display/FEDORA36/Downloads</a> ?</span><br />
<span class="irc-date">[15:42]</span> <span class="irc-black">&lt;kompewter&gt; [ Downloads - Fedora 3.6 Documentation - DuraSpace Wiki ] - <a href="https://wiki.duraspace.org/display/FEDORA36/Downloads">https://wiki.duraspace.org/display/FEDORA36/Downloads</a></span><br />
<span class="irc-date">[15:47]</span> <span class="irc-green">* ruebot (~ruebot@LB-SC-S1B4DB.library.yorku.ca) has joined #duraspace</span><br />
<span class="irc-date">[15:50]</span> <span class="irc-black">&lt;eddies&gt; ah yes please</span><br />
<span class="irc-date">[15:51]</span> <span class="irc-black">&lt;tecoripa&gt; ok</span><br />
<span class="irc-date">[15:59]</span> <span class="irc-black">&lt;tecoripa&gt; Ok, I think we're set</span><br />
<span class="irc-date">[16:00]</span> <span class="irc-black">&lt;tecoripa&gt; I wrote up some notes on what I did...</span><br />
<span class="irc-date">[16:01]</span> <span class="irc-navy">* eddies (~eddies@unaffiliated/eddies) Quit (Quit: Leaving.)</span><br />
<span class="irc-date">[16:01]</span> <span class="irc-black">&lt;tecoripa&gt; shall I add them <a href="https://wiki.duraspace.org/display/FCREPO/Fedora+Release+Process">https://wiki.duraspace.org/display/FCREPO/Fedora+Release+Process</a> ?</span><br />
<span class="irc-date">[16:01]</span> <span class="irc-black">&lt;kompewter&gt; [ Fedora Release Process - Fedora Repository Development - DuraSpace Wiki ] - <a href="https://wiki.duraspace.org/display/FCREPO/Fedora+Release+Process">https://wiki.duraspace.org/display/FCREPO/Fedora+Release+Process</a></span><br />
<span class="irc-date">[16:05]</span> <span class="irc-black">&lt;tecoripa&gt; I added my notes to Release Process page.</span><br />
<span class="irc-date">[16:05]</span> <span class="irc-green">* tecoripa (~sprater@saez.doit.wisc.edu) has left #duraspace</span><br />
<span class="irc-date">[17:20]</span> <span class="irc-green">* eddies (~eddies@nd-66-205-171-38.nat.nd.edu) has joined #duraspace</span><br />
<span class="irc-date">[17:20]</span> <span class="irc-navy">* eddies (~eddies@nd-66-205-171-38.nat.nd.edu) Quit (Changing host)</span><br />
<span class="irc-date">[17:20]</span> <span class="irc-green">* eddies (~eddies@unaffiliated/eddies) has joined #duraspace</span><br />
<span class="irc-date">[18:11]</span> <span class="irc-navy">* eddies (~eddies@unaffiliated/eddies) Quit (Quit: Leaving.)</span><br />
<span class="irc-date">[18:19]</span> <span class="irc-green">* eddies (~eddies@nd-66-205-171-38.nat.nd.edu) has joined #duraspace</span><br />
<span class="irc-date">[18:19]</span> <span class="irc-navy">* eddies (~eddies@nd-66-205-171-38.nat.nd.edu) Quit (Changing host)</span><br />
<span class="irc-date">[18:19]</span> <span class="irc-green">* eddies (~eddies@unaffiliated/eddies) has joined #duraspace</span><br />
<span class="irc-date">[20:59]</span> <span class="irc-green">* hpottinger (~hpottinge@mu-162198.dhcp.missouri.edu) has joined #duraspace</span><br />
<span class="irc-date">[21:18]</span> <span class="irc-navy">* mhwood (mwood@mhw.ulib.iupui.edu) Quit (Remote host closed the connection)</span><br />
<span class="irc-date">[21:24]</span> <span class="irc-navy">* eddies (~eddies@unaffiliated/eddies) Quit (Quit: Leaving.)</span><br />
<span class="irc-date">[22:16]</span> <span class="irc-green">* hpottinger (~hpottinge@mu-162198.dhcp.missouri.edu) has left #duraspace</span><br />
<span class="irc-date">[22:45]</span> <span class="irc-green">* hpottinger (~hpottinge@128.206.251.202) has joined #duraspace</span><br />
<span class="irc-date">[22:45]</span> <span class="irc-green">* hpottinger (~hpottinge@128.206.251.202) has left #duraspace</span><br />
<span class="irc-date">[23:06]</span> <span class="irc-green">* hpottinger (~hpottinge@128.206.251.202) has joined #duraspace</span><br />
<span class="irc-date">[23:26]</span> <span class="irc-navy">* hpottinger (~hpottinge@128.206.251.202) Quit (Quit: Later, taterz!)</span><br />
