<span class="irc-date">[0:23]</span> <span class="irc-green">* bradmc (~bradmc@207-172-69-79.c3-0.smr-ubr3.sbo-smr.ma.static.cable.rcn.com) has joined #duraspace</span><br />
<span class="irc-date">[0:36]</span> <span class="irc-navy">* bradmc (~bradmc@207-172-69-79.c3-0.smr-ubr3.sbo-smr.ma.static.cable.rcn.com) Quit (Quit: bradmc)</span><br />
<span class="irc-date">[1:25]</span> <span class="irc-green">* mdiggory (~mdiggory@ip72-199-216-7.sd.sd.cox.net) has joined #duraspace</span><br />
<span class="irc-date">[1:25]</span> <span class="irc-navy">* anarchivist (~anarchivi@pdpc/supporter/active/anarchivist) Quit (Quit: Leaving.)</span><br />
<span class="irc-date">[1:26]</span> <span class="irc-green">* anarchivist (~anarchivi@67.23.6.175) has joined #duraspace</span><br />
<span class="irc-date">[1:26]</span> <span class="irc-navy">* anarchivist (~anarchivi@67.23.6.175) Quit (Changing host)</span><br />
<span class="irc-date">[1:26]</span> <span class="irc-green">* anarchivist (~anarchivi@pdpc/supporter/active/anarchivist) has joined #duraspace</span><br />
<span class="irc-date">[1:50]</span> <span class="irc-green">* anarchivist1 (~anarchivi@67.23.6.175) has joined #duraspace</span><br />
<span class="irc-date">[1:51]</span> <span class="irc-navy">* anarchivist (~anarchivi@pdpc/supporter/active/anarchivist) Quit (Remote host closed the connection)</span><br />
<span class="irc-date">[1:51]</span> <span class="irc-green">* anarchivist1 is now known as anarchivist</span><br />
<span class="irc-date">[1:51]</span> <span class="irc-navy">* anarchivist (~anarchivi@67.23.6.175) Quit (Changing host)</span><br />
<span class="irc-date">[1:51]</span> <span class="irc-green">* anarchivist (~anarchivi@pdpc/supporter/active/anarchivist) has joined #duraspace</span><br />
<span class="irc-date">[2:30]</span> <span class="irc-green">* bradmc (~bradmc@207-172-69-79.c3-0.smr-ubr3.sbo-smr.ma.static.cable.rcn.com) has joined #duraspace</span><br />
<span class="irc-date">[2:31]</span> <span class="irc-navy">* bradmc (~bradmc@207-172-69-79.c3-0.smr-ubr3.sbo-smr.ma.static.cable.rcn.com) Quit (Client Quit)</span><br />
<span class="irc-date">[3:17]</span> <span class="irc-navy">* anarchivist (~anarchivi@pdpc/supporter/active/anarchivist) Quit (Ping timeout: 260 seconds)</span><br />
<span class="irc-date">[6:42]</span> <span class="irc-brown">-kornbluth.freenode.net- *** Looking up your hostname...</span><br />
<span class="irc-date">[6:42]</span> <span class="irc-brown">-kornbluth.freenode.net- *** Checking Ident</span><br />
<span class="irc-date">[6:42]</span> <span class="irc-brown">-kornbluth.freenode.net- *** Found your hostname</span><br />
<span class="irc-date">[6:42]</span> <span class="irc-brown">-kornbluth.freenode.net- *** No Ident response</span><br />
<span class="irc-date">[6:42]</span> <span class="irc-green">* DuraLogBot (~PircBot@atlas.duraspace.org) has joined #duraspace</span><br />
<span class="irc-date">[6:42]</span> <span class="irc-green">* Topic is '[Welcome to DuraSpace - This channel is logged - <a href="http://irclogs.duraspace.org/]'">http://irclogs.duraspace.org/]'</a></span><br />
<span class="irc-date">[6:42]</span> <span class="irc-green">* Set by cwilper!ad579d86@gateway/web/freenode/ip.173.87.157.134 on Fri Oct 22 01:19:41 UTC 2010</span><br />
<span class="irc-date">[7:05]</span> <span class="irc-green">* anarchivist (~anarchivi@pdpc/supporter/active/anarchivist) has joined #duraspace</span><br />
<span class="irc-date">[9:24]</span> <span class="irc-navy">* mdiggory (~mdiggory@ip72-199-216-7.sd.sd.cox.net) Quit (Remote host closed the connection)</span><br />
<span class="irc-date">[10:14]</span> <span class="irc-navy">* anarchivist (~anarchivi@pdpc/supporter/active/anarchivist) Quit (Ping timeout: 250 seconds)</span><br />
<span class="irc-date">[11:16]</span> <span class="irc-green">* anarchivist (~anarchivi@67.23.6.175) has joined #duraspace</span><br />
<span class="irc-date">[11:16]</span> <span class="irc-navy">* anarchivist (~anarchivi@67.23.6.175) Quit (Changing host)</span><br />
<span class="irc-date">[11:16]</span> <span class="irc-green">* anarchivist (~anarchivi@pdpc/supporter/active/anarchivist) has joined #duraspace</span><br />
<span class="irc-date">[11:34]</span> <span class="irc-green">* bradmc (~bradmc@207-172-69-79.c3-0.smr-ubr3.sbo-smr.ma.static.cable.rcn.com) has joined #duraspace</span><br />
<span class="irc-date">[11:59]</span> <span class="irc-green">* mhwood (mwood@mhw.ulib.iupui.edu) has joined #duraspace</span><br />
<span class="irc-date">[12:22]</span> <span class="irc-green">* ablemann_ is now known as ablemann</span><br />
<span class="irc-date">[13:07]</span> <span class="irc-navy">* anarchivist (~anarchivi@pdpc/supporter/active/anarchivist) Quit (Ping timeout: 245 seconds)</span><br />
<span class="irc-date">[13:41]</span> <span class="irc-navy">* bradmc (~bradmc@207-172-69-79.c3-0.smr-ubr3.sbo-smr.ma.static.cable.rcn.com) Quit (Quit: bradmc)</span><br />
<span class="irc-date">[13:55]</span> <span class="irc-green">* bradmc (~bradmc@207-172-69-79.c3-0.smr-ubr3.sbo-smr.ma.static.cable.rcn.com) has joined #duraspace</span><br />
<span class="irc-date">[14:17]</span> <span class="irc-green">* scottatm (~scottatm@adhcp218.evans.tamu.edu) has joined #duraspace</span><br />
<span class="irc-date">[16:04]</span> <span class="irc-green">* eddies (~eddies@68.65.169.229) has joined #duraspace</span><br />
<span class="irc-date">[16:04]</span> <span class="irc-navy">* eddies (~eddies@68.65.169.229) Quit (Changing host)</span><br />
<span class="irc-date">[16:04]</span> <span class="irc-green">* eddies (~eddies@unaffiliated/eddies) has joined #duraspace</span><br />
<span class="irc-date">[16:15]</span> <span class="irc-green">* eddies (~eddies@unaffiliated/eddies) has left #duraspace</span><br />
<span class="irc-date">[21:06]</span> <span class="irc-navy">* mhwood (mwood@mhw.ulib.iupui.edu) Quit (Remote host closed the connection)</span><br />
<span class="irc-date">[21:27]</span> <span class="irc-green">* jco55 (4441a9eb@gateway/web/freenode/ip.68.65.169.235) has joined #duraspace</span><br />
<span class="irc-date">[21:49]</span> <span class="irc-green">* eddies (~eddies@173-228-5-225.dsl.static.sonic.net) has joined #duraspace</span><br />
<span class="irc-date">[21:49]</span> <span class="irc-navy">* eddies (~eddies@173-228-5-225.dsl.static.sonic.net) Quit (Changing host)</span><br />
<span class="irc-date">[21:49]</span> <span class="irc-green">* eddies (~eddies@unaffiliated/eddies) has joined #duraspace</span><br />
<span class="irc-date">[23:22]</span> <span class="irc-navy">* eddies (~eddies@unaffiliated/eddies) Quit (Read error: Connection reset by peer)</span><br />
<span class="irc-date">[23:22]</span> <span class="irc-green">* eddies1 (~eddies@173-228-5-225.dsl.static.sonic.net) has joined #duraspace</span><br />
<span class="irc-date">[23:22]</span> <span class="irc-navy">* eddies1 (~eddies@173-228-5-225.dsl.static.sonic.net) Quit (Changing host)</span><br />
<span class="irc-date">[23:22]</span> <span class="irc-green">* eddies1 (~eddies@unaffiliated/eddies) has joined #duraspace</span><br />
<span class="irc-date">[23:48]</span> <span class="irc-navy">* jco55 (4441a9eb@gateway/web/freenode/ip.68.65.169.235) Quit (Ping timeout: 245 seconds)</span><br />
