<span class="irc-date">[6:11]</span> <span class="irc-green">* eddies (~eddies@unaffiliated/eddies) has joined #duraspace</span><br />
<span class="irc-date">[6:37]</span> <span class="irc-brown">-kornbluth.freenode.net- *** Looking up your hostname...</span><br />
<span class="irc-date">[6:37]</span> <span class="irc-brown">-kornbluth.freenode.net- *** Checking Ident</span><br />
<span class="irc-date">[6:37]</span> <span class="irc-brown">-kornbluth.freenode.net- *** Found your hostname</span><br />
<span class="irc-date">[6:38]</span> <span class="irc-brown">-kornbluth.freenode.net- *** No Ident response</span><br />
<span class="irc-date">[6:38]</span> <span class="irc-green">* DuraLogBot (~PircBot@atlas.duraspace.org) has joined #duraspace</span><br />
<span class="irc-date">[6:38]</span> <span class="irc-green">* Topic is '[Welcome to DuraSpace - This channel is logged - <a href="http://irclogs.duraspace.org/]'">http://irclogs.duraspace.org/]'</a></span><br />
<span class="irc-date">[6:38]</span> <span class="irc-green">* Set by cwilper!ad579d86@gateway/web/freenode/ip.173.87.157.134 on Fri Oct 22 01:19:41 UTC 2010</span><br />
<span class="irc-date">[10:24]</span> <span class="irc-green">* eddies1 (~eddies@bb220-255-224-56.singnet.com.sg) has joined #duraspace</span><br />
<span class="irc-date">[10:24]</span> <span class="irc-navy">* eddies1 (~eddies@bb220-255-224-56.singnet.com.sg) Quit (Changing host)</span><br />
<span class="irc-date">[10:24]</span> <span class="irc-green">* eddies1 (~eddies@unaffiliated/eddies) has joined #duraspace</span><br />
<span class="irc-date">[10:26]</span> <span class="irc-navy">* eddies (~eddies@unaffiliated/eddies) Quit (Ping timeout: 252 seconds)</span><br />
<span class="irc-date">[11:04]</span> <span class="irc-navy">* eddies1 (~eddies@unaffiliated/eddies) Quit (Quit: Leaving.)</span><br />
<span class="irc-date">[13:16]</span> <span class="irc-green">* mhwood (mwood@mhw.ulib.iupui.edu) has joined #duraspace</span><br />
<span class="irc-date">[14:04]</span> <span class="irc-green">* tdonohue (~tdonohue@c-50-129-94-92.hsd1.il.comcast.net) has joined #duraspace</span><br />
<span class="irc-date">[14:56]</span> <span class="irc-green">* scottatm (~scottatm@adhcp218.evans.tamu.edu) has joined #duraspace</span><br />
<span class="irc-date">[17:09]</span> <span class="irc-green">* kdweeks (~Adium@2001:468:c80:a103:223:dfff:fefe:ac7d) has joined #duraspace</span><br />
<span class="irc-date">[22:05]</span> <span class="irc-navy">* mhwood (mwood@mhw.ulib.iupui.edu) Quit (Remote host closed the connection)</span><br />
<span class="irc-date">[22:21]</span> <span class="irc-green">* hpottinger (~hpottinge@mu-162198.dhcp.missouri.edu) has joined #duraspace</span><br />
<span class="irc-date">[22:49]</span> <span class="irc-navy">* kdweeks (~Adium@2001:468:c80:a103:223:dfff:fefe:ac7d) Quit (Quit: Leaving.)</span><br />
<span class="irc-date">[22:51]</span> <span class="irc-navy">* tdonohue (~tdonohue@c-50-129-94-92.hsd1.il.comcast.net) Quit (Read error: Connection reset by peer)</span><br />
<span class="irc-date">[23:12]</span> <span class="irc-green">* hpottinger (~hpottinge@mu-162198.dhcp.missouri.edu) has left #duraspace</span><br />
