<span class="irc-date">[6:38]</span> <span class="irc-brown">-card.freenode.net- *** Looking up your hostname...</span><br />
<span class="irc-date">[6:38]</span> <span class="irc-brown">-card.freenode.net- *** Checking Ident</span><br />
<span class="irc-date">[6:38]</span> <span class="irc-brown">-card.freenode.net- *** Found your hostname</span><br />
<span class="irc-date">[6:38]</span> <span class="irc-brown">-card.freenode.net- *** No Ident response</span><br />
<span class="irc-date">[6:38]</span> <span class="irc-green">* DuraLogBot (~PircBot@atlas.duraspace.org) has joined #duraspace</span><br />
<span class="irc-date">[6:38]</span> <span class="irc-green">* Topic is '[Welcome to DuraSpace - This channel is logged - <a href="http://irclogs.duraspace.org/]'">http://irclogs.duraspace.org/]'</a></span><br />
<span class="irc-date">[6:38]</span> <span class="irc-green">* Set by cwilper!ad579d86@gateway/web/freenode/ip.173.87.157.134 on Fri Oct 22 01:19:41 UTC 2010</span><br />
<span class="irc-date">[6:50]</span> <span class="irc-green">* ablemann_ (~alexleman@lemanal.new.xen.prgmr.com) has joined #duraspace</span><br />
<span class="irc-date">[6:50]</span> <span class="irc-navy">* ablemann (~alexleman@lemanal.new.xen.prgmr.com) Quit (Write error: Broken pipe)</span><br />
<span class="irc-date">[6:52]</span> <span class="irc-navy">* kompewter (~kompewter@sul272sandbox.lib.ohio-state.edu) Quit (*.net *.split)</span><br />
<span class="irc-date">[6:52]</span> <span class="irc-green">* kompewter (~kompewter@sul272sandbox.lib.ohio-state.edu) has joined #duraspace</span><br />
<span class="irc-date">[7:02]</span> <span class="irc-navy">* kompewter (~kompewter@sul272sandbox.lib.ohio-state.edu) Quit (*.net *.split)</span><br />
<span class="irc-date">[7:02]</span> <span class="irc-navy">* ablemann_ (~alexleman@lemanal.new.xen.prgmr.com) Quit (*.net *.split)</span><br />
<span class="irc-date">[7:02]</span> <span class="irc-navy">* PeterDietz (~peterdiet@128.146.173.59) Quit (*.net *.split)</span><br />
<span class="irc-date">[7:07]</span> <span class="irc-green">* kompewter (~kompewter@sul272sandbox.lib.ohio-state.edu) has joined #duraspace</span><br />
<span class="irc-date">[7:07]</span> <span class="irc-green">* ablemann_ (~alexleman@lemanal.new.xen.prgmr.com) has joined #duraspace</span><br />
<span class="irc-date">[7:07]</span> <span class="irc-green">* PeterDietz (~peterdiet@128.146.173.59) has joined #duraspace</span><br />
<span class="irc-date">[7:08]</span> <span class="irc-navy">* kompewter (~kompewter@sul272sandbox.lib.ohio-state.edu) Quit (Ping timeout: 245 seconds)</span><br />
<span class="irc-date">[7:08]</span> <span class="irc-green">* kompewter (~kompewter@sul272sandbox.lib.ohio-state.edu) has joined #duraspace</span><br />
<span class="irc-date">[7:32]</span> <span class="irc-brown">-christel- [Global Notice] Hi all, it would appear that we are the target of a dos attack this morning -- far from what you fancy before you've had your coffee! I apologise for the inconvenience, and we'll be working closely with our sponsors to try drop this traffic at the door. </span><br />
<span class="irc-date">[9:11]</span> <span class="irc-green">* ablemann (~alexleman@lemanal.new.xen.prgmr.com) has joined #duraspace</span><br />
<span class="irc-date">[9:12]</span> <span class="irc-navy">* ablemann_ (~alexleman@lemanal.new.xen.prgmr.com) Quit (Ping timeout: 245 seconds)</span><br />
<span class="irc-date">[12:58]</span> <span class="irc-green">* mhwood (mwood@mhw.ulib.iupui.edu) has joined #duraspace</span><br />
<span class="irc-date">[14:32]</span> <span class="irc-green">* tdonohue (~tdonohue@c-67-177-108-221.hsd1.il.comcast.net) has joined #duraspace</span><br />
<span class="irc-date">[15:00]</span> <span class="irc-green">* scottatm (~scottatm@voyager108.evans.tamu.edu) has joined #duraspace</span><br />
<span class="irc-date">[16:23]</span> <span class="irc-green">* tdonohue1 (~tdonohue@c-67-177-108-221.hsd1.il.comcast.net) has joined #duraspace</span><br />
<span class="irc-date">[16:23]</span> <span class="irc-navy">* tdonohue (~tdonohue@c-67-177-108-221.hsd1.il.comcast.net) Quit (Disconnected by services)</span><br />
<span class="irc-date">[16:23]</span> <span class="irc-green">* tdonohue1 is now known as tdonohue</span><br />
<span class="irc-date">[17:17]</span> <span class="irc-navy">* mhwood (mwood@mhw.ulib.iupui.edu) Quit (Remote host closed the connection)</span><br />
<span class="irc-date">[19:41]</span> <span class="irc-green">* grahamtriggs (Graham@conference/code4lib/x-wwqxzqluivprapnt) has joined #duraspace</span><br />
<span class="irc-date">[19:41]</span> <span class="irc-green">* grahamtriggs (Graham@conference/code4lib/x-wwqxzqluivprapnt) has left #duraspace</span><br />
<span class="irc-date">[20:45]</span> <span class="irc-green">* hpottinger (~hpottinge@mu-162198.dhcp.missouri.edu) has joined #duraspace</span><br />
<span class="irc-date">[22:14]</span> <span class="irc-navy">* hpottinger (~hpottinge@mu-162198.dhcp.missouri.edu) Quit (Disconnected by services)</span><br />
<span class="irc-date">[22:17]</span> <span class="irc-green">* hpottinger_ (~hpottinge@mu-162198.dhcp.missouri.edu) has joined #duraspace</span><br />
<span class="irc-date">[22:18]</span> <span class="irc-navy">* hpottinger_ (~hpottinge@mu-162198.dhcp.missouri.edu) Quit (Client Quit)</span><br />
<span class="irc-date">[22:19]</span> <span class="irc-green">* hpottinger (~hpottinge@mu-162198.dhcp.missouri.edu) has joined #duraspace</span><br />
<span class="irc-date">[22:51]</span> <span class="irc-navy">* scottatm (~scottatm@voyager108.evans.tamu.edu) Quit (Quit: scottatm)</span><br />
<span class="irc-date">[23:02]</span> <span class="irc-navy">* tdonohue (~tdonohue@c-67-177-108-221.hsd1.il.comcast.net) Quit (Read error: Connection reset by peer)</span><br />
<span class="irc-date">[23:19]</span> <span class="irc-navy">* hpottinger (~hpottinge@mu-162198.dhcp.missouri.edu) Quit (Quit: Later, taterz!)</span><br />
