<span class="irc-date">[0:45]</span> <span class="irc-navy">* fasseg (~fas@HSI-KBW-078-043-007-220.hsi4.kabel-badenwuerttemberg.de) Quit (Remote host closed the connection)</span><br />
<span class="irc-date">[6:41]</span> <span class="irc-brown">-sendak.freenode.net- *** Looking up your hostname...</span><br />
<span class="irc-date">[6:41]</span> <span class="irc-brown">-sendak.freenode.net- *** Checking Ident</span><br />
<span class="irc-date">[6:41]</span> <span class="irc-brown">-sendak.freenode.net- *** Found your hostname</span><br />
<span class="irc-date">[6:41]</span> <span class="irc-brown">-sendak.freenode.net- *** No Ident response</span><br />
<span class="irc-date">[6:41]</span> <span class="irc-green">* DuraLogBot (~PircBot@atlas.duraspace.org) has joined #duraspace</span><br />
<span class="irc-date">[6:41]</span> <span class="irc-green">* Topic is '[Welcome to DuraSpace - This channel is logged - <a href="http://irclogs.duraspace.org/]'">http://irclogs.duraspace.org/]'</a></span><br />
<span class="irc-date">[6:41]</span> <span class="irc-green">* Set by cwilper!ad579d86@gateway/web/freenode/ip.173.87.157.134 on Fri Oct 22 01:19:41 UTC 2010</span><br />
<span class="irc-date">[7:42]</span> <span class="irc-navy">* eddies (~eddies@unaffiliated/eddies) Quit (Quit: Leaving.)</span><br />
<span class="irc-date">[9:24]</span> <span class="irc-green">* bigbrovar (~quassel@83.229.6.19) has joined #duraspace</span><br />
<span class="irc-date">[10:04]</span> <span class="irc-green">* eddies (~eddies@cm175.eta98.maxonline.com.sg) has joined #duraspace</span><br />
<span class="irc-date">[10:04]</span> <span class="irc-navy">* eddies (~eddies@cm175.eta98.maxonline.com.sg) Quit (Changing host)</span><br />
<span class="irc-date">[10:04]</span> <span class="irc-green">* eddies (~eddies@unaffiliated/eddies) has joined #duraspace</span><br />
<span class="irc-date">[10:20]</span> <span class="irc-navy">* eddies (~eddies@unaffiliated/eddies) Quit (Quit: Leaving.)</span><br />
<span class="irc-date">[10:29]</span> <span class="irc-green">* bigbrovar_ (~quassel@41.206.12.6) has joined #duraspace</span><br />
<span class="irc-date">[10:29]</span> <span class="irc-navy">* bigbrovar (~quassel@83.229.6.19) Quit (Ping timeout: 264 seconds)</span><br />
<span class="irc-date">[10:37]</span> <span class="irc-navy">* bigbrovar_ (~quassel@41.206.12.6) Quit (Ping timeout: 245 seconds)</span><br />
<span class="irc-date">[14:31]</span> <span class="irc-green">* eddies (~eddies@cm175.eta98.maxonline.com.sg) has joined #duraspace</span><br />
<span class="irc-date">[14:31]</span> <span class="irc-navy">* eddies (~eddies@cm175.eta98.maxonline.com.sg) Quit (Changing host)</span><br />
<span class="irc-date">[14:31]</span> <span class="irc-green">* eddies (~eddies@unaffiliated/eddies) has joined #duraspace</span><br />
<span class="irc-date">[20:49]</span> <span class="irc-navy">* eddies (~eddies@unaffiliated/eddies) Quit (Quit: Leaving.)</span><br />
<span class="irc-date">[20:50]</span> <span class="irc-green">* eddies (~eddies@cm175.eta98.maxonline.com.sg) has joined #duraspace</span><br />
<span class="irc-date">[20:50]</span> <span class="irc-navy">* eddies (~eddies@cm175.eta98.maxonline.com.sg) Quit (Changing host)</span><br />
<span class="irc-date">[20:50]</span> <span class="irc-green">* eddies (~eddies@unaffiliated/eddies) has joined #duraspace</span><br />
<span class="irc-date">[20:50]</span> <span class="irc-navy">* eddies (~eddies@unaffiliated/eddies) Quit (Client Quit)</span><br />
