<span class="irc-date">[6:50]</span> <span class="irc-brown">-sendak.freenode.net- *** Looking up your hostname...</span><br />
<span class="irc-date">[6:50]</span> <span class="irc-brown">-sendak.freenode.net- *** Checking Ident</span><br />
<span class="irc-date">[6:50]</span> <span class="irc-brown">-sendak.freenode.net- *** Found your hostname</span><br />
<span class="irc-date">[6:50]</span> <span class="irc-brown">-sendak.freenode.net- *** No Ident response</span><br />
<span class="irc-date">[6:50]</span> <span class="irc-green">* DuraLogBot (~PircBot@atlas.duraspace.org) has joined #duraspace</span><br />
<span class="irc-date">[6:50]</span> <span class="irc-green">* Topic is '[Welcome to DuraSpace - This channel is logged - <a href="http://irclogs.duraspace.org/]'">http://irclogs.duraspace.org/]'</a></span><br />
<span class="irc-date">[6:50]</span> <span class="irc-green">* Set by cwilper!ad579d86@gateway/web/freenode/ip.173.87.157.134 on Fri Oct 22 01:19:41 UTC 2010</span><br />
<span class="irc-date">[10:55]</span> <span class="irc-green">* fasseg (~ruckus@HSI-KBW-091-089-154-204.hsi2.kabel-badenwuerttemberg.de) has joined #duraspace</span><br />
<span class="irc-date">[13:10]</span> <span class="irc-green">* jonathangee (~jonathang@142.68.37.238) has joined #duraspace</span><br />
<span class="irc-date">[13:15]</span> <span class="irc-green">* mhwood (mwood@mhw.ulib.iupui.edu) has joined #duraspace</span><br />
<span class="irc-date">[13:56]</span> <span class="irc-green">* tdonohue (~tdonohue@c-50-179-112-246.hsd1.il.comcast.net) has joined #duraspace</span><br />
<span class="irc-date">[14:33]</span> <span class="irc-navy">* Disconnected.</span><br />
<span class="irc-date">[14:33]</span> <span class="irc-brown">-morgan.freenode.net- *** Looking up your hostname...</span><br />
<span class="irc-date">[14:33]</span> <span class="irc-brown">-morgan.freenode.net- *** Checking Ident</span><br />
<span class="irc-date">[14:33]</span> <span class="irc-brown">-morgan.freenode.net- *** Found your hostname</span><br />
<span class="irc-date">[14:33]</span> <span class="irc-brown">-morgan.freenode.net- *** No Ident response</span><br />
<span class="irc-date">[16:07]</span> <span class="irc-navy">* DuraLogBot (~PircBot@atlas.duraspace.org) Quit (Ping timeout: 240 seconds)</span><br />
<span class="irc-date">[16:07]</span> <span class="irc-navy">* Disconnected.</span><br />
<span class="irc-date">[16:07]</span> <span class="irc-brown">-asimov.freenode.net- *** Looking up your hostname...</span><br />
<span class="irc-date">[16:07]</span> <span class="irc-brown">-asimov.freenode.net- *** Checking Ident</span><br />
<span class="irc-date">[16:07]</span> <span class="irc-brown">-asimov.freenode.net- *** Found your hostname</span><br />
<span class="irc-date">[16:07]</span> <span class="irc-brown">-asimov.freenode.net- *** No Ident response</span><br />
