<span class="irc-date">[0:19]</span> <span class="irc-green">* helix84 (~a@ip4-95-82-147-170.cust.nbox.cz) has left #duraspace</span><br />
<span class="irc-date">[0:26]</span> <span class="irc-green">* eddies (~eddies@205.178.24.120) has joined #duraspace</span><br />
<span class="irc-date">[0:26]</span> <span class="irc-navy">* eddies (~eddies@205.178.24.120) Quit (Changing host)</span><br />
<span class="irc-date">[0:26]</span> <span class="irc-green">* eddies (~eddies@unaffiliated/eddies) has joined #duraspace</span><br />
<span class="irc-date">[5:12]</span> <span class="irc-navy">* eddies (~eddies@unaffiliated/eddies) Quit (Quit: Leaving.)</span><br />
<span class="irc-date">[5:17]</span> <span class="irc-green">* eddies (~eddies@205.178.24.120) has joined #duraspace</span><br />
<span class="irc-date">[5:17]</span> <span class="irc-navy">* eddies (~eddies@205.178.24.120) Quit (Changing host)</span><br />
<span class="irc-date">[5:17]</span> <span class="irc-green">* eddies (~eddies@unaffiliated/eddies) has joined #duraspace</span><br />
<span class="irc-date">[6:36]</span> <span class="irc-brown">-brooks.freenode.net- *** Looking up your hostname...</span><br />
<span class="irc-date">[6:36]</span> <span class="irc-brown">-brooks.freenode.net- *** Checking Ident</span><br />
<span class="irc-date">[6:36]</span> <span class="irc-brown">-brooks.freenode.net- *** Found your hostname</span><br />
<span class="irc-date">[6:36]</span> <span class="irc-brown">-brooks.freenode.net- *** No Ident response</span><br />
<span class="irc-date">[6:36]</span> <span class="irc-green">* DuraLogBot (~PircBot@atlas.duraspace.org) has joined #duraspace</span><br />
<span class="irc-date">[6:36]</span> <span class="irc-green">* Topic is '[Welcome to DuraSpace - This channel is logged - <a href="http://irclogs.duraspace.org/]'">http://irclogs.duraspace.org/]'</a></span><br />
<span class="irc-date">[6:36]</span> <span class="irc-green">* Set by cwilper!ad579d86@gateway/web/freenode/ip.173.87.157.134 on Fri Oct 22 01:19:41 UTC 2010</span><br />
<span class="irc-date">[11:18]</span> <span class="irc-navy">* bigbrovar (~quassel@83.229.6.19) Quit (Ping timeout: 272 seconds)</span><br />
<span class="irc-date">[11:22]</span> <span class="irc-green">* bigbrovar (~quassel@83.229.6.19) has joined #duraspace</span><br />
<span class="irc-date">[13:41]</span> <span class="irc-green">* tdonohue (~tdonohue@c-67-177-111-99.hsd1.il.comcast.net) has joined #duraspace</span><br />
<span class="irc-date">[13:44]</span> <span class="irc-green">* mhwood (mwood@mhw.ulib.iupui.edu) has joined #duraspace</span><br />
<span class="irc-date">[14:00]</span> <span class="irc-navy">* tdonohue (~tdonohue@c-67-177-111-99.hsd1.il.comcast.net) Quit (Quit: Leaving)</span><br />
<span class="irc-date">[14:01]</span> <span class="irc-green">* tdonohue (~tdonohue@c-67-177-111-99.hsd1.il.comcast.net) has joined #duraspace</span><br />
<span class="irc-date">[14:34]</span> <span class="irc-navy">* eddies (~eddies@unaffiliated/eddies) Quit (Quit: Leaving.)</span><br />
<span class="irc-date">[14:58]</span> <span class="irc-green">* eddies (~eddies@205.178.24.120) has joined #duraspace</span><br />
<span class="irc-date">[14:58]</span> <span class="irc-navy">* eddies (~eddies@205.178.24.120) Quit (Changing host)</span><br />
<span class="irc-date">[14:58]</span> <span class="irc-green">* eddies (~eddies@unaffiliated/eddies) has joined #duraspace</span><br />
<span class="irc-date">[15:10]</span> <span class="irc-green">* EdF (1809d1a2@gateway/web/freenode/ip.24.9.209.162) has joined #duraspace</span><br />
<span class="irc-date">[15:15]</span> <span class="irc-navy">* eddies (~eddies@unaffiliated/eddies) Quit (Quit: Leaving.)</span><br />
<span class="irc-date">[15:57]</span> <span class="irc-green">* eddies (eddies@conference/code4lib/x-spjygftwrcsumngo) has joined #duraspace</span><br />
<span class="irc-date">[15:57]</span> <span class="irc-navy">* eddies (eddies@conference/code4lib/x-spjygftwrcsumngo) Quit (Changing host)</span><br />
<span class="irc-date">[15:57]</span> <span class="irc-green">* eddies (eddies@unaffiliated/eddies) has joined #duraspace</span><br />
<span class="irc-date">[15:57]</span> <span class="irc-navy">* eddies (eddies@unaffiliated/eddies) Quit (Changing host)</span><br />
<span class="irc-date">[15:57]</span> <span class="irc-green">* eddies (eddies@conference/code4lib/x-spjygftwrcsumngo) has joined #duraspace</span><br />
<span class="irc-date">[16:00]</span> <span class="irc-green">* Dan_Davis (4a4f9413@gateway/web/freenode/ip.74.79.148.19) has joined #duraspace</span><br />
<span class="irc-date">[16:15]</span> <span class="irc-navy">* eddies (eddies@conference/code4lib/x-spjygftwrcsumngo) Quit (Quit: Leaving.)</span><br />
<span class="irc-date">[16:16]</span> <span class="irc-green">* eddies (eddies@conference/code4lib/x-lyjykgathbefnrzy) has joined #duraspace</span><br />
<span class="irc-date">[16:16]</span> <span class="irc-navy">* eddies (eddies@conference/code4lib/x-lyjykgathbefnrzy) Quit (Changing host)</span><br />
<span class="irc-date">[16:16]</span> <span class="irc-green">* eddies (eddies@unaffiliated/eddies) has joined #duraspace</span><br />
<span class="irc-date">[16:16]</span> <span class="irc-navy">* eddies (eddies@unaffiliated/eddies) Quit (Changing host)</span><br />
<span class="irc-date">[16:16]</span> <span class="irc-green">* eddies (eddies@conference/code4lib/x-lyjykgathbefnrzy) has joined #duraspace</span><br />
<span class="irc-date">[16:25]</span> <span class="irc-navy">* EdF (1809d1a2@gateway/web/freenode/ip.24.9.209.162) Quit (Quit: Page closed)</span><br />
<span class="irc-date">[16:33]</span> <span class="irc-green">* tdonohue1 (~tdonohue@c-67-177-111-99.hsd1.il.comcast.net) has joined #duraspace</span><br />
<span class="irc-date">[16:33]</span> <span class="irc-navy">* tdonohue (~tdonohue@c-67-177-111-99.hsd1.il.comcast.net) Quit (Disconnected by services)</span><br />
<span class="irc-date">[16:59]</span> <span class="irc-navy">* Dan_Davis (4a4f9413@gateway/web/freenode/ip.74.79.148.19) Quit (Ping timeout: 245 seconds)</span><br />
<span class="irc-date">[17:29]</span> <span class="irc-green">* bram-atmire (~bram@85.234.195.109.static.edpnet.net) has joined #duraspace</span><br />
<span class="irc-date">[17:29]</span> <span class="irc-black">&lt;bram-atmire&gt; Hi</span><br />
<span class="irc-date">[17:42]</span> <span class="irc-navy">* bram-atmire (~bram@85.234.195.109.static.edpnet.net) Quit (Quit: bram-atmire)</span><br />
<span class="irc-date">[17:44]</span> <span class="irc-green">* tdonohue1 is now known as tdonohue</span><br />
<span class="irc-date">[18:08]</span> <span class="irc-navy">* eddies (eddies@conference/code4lib/x-lyjykgathbefnrzy) Quit (Quit: Leaving.)</span><br />
<span class="irc-date">[20:20]</span> <span class="irc-green">* eddies (~eddies@205.178.24.120) has joined #duraspace</span><br />
<span class="irc-date">[20:20]</span> <span class="irc-navy">* eddies (~eddies@205.178.24.120) Quit (Changing host)</span><br />
<span class="irc-date">[20:20]</span> <span class="irc-green">* eddies (~eddies@unaffiliated/eddies) has joined #duraspace</span><br />
<span class="irc-date">[20:32]</span> <span class="irc-green">* hpottinger (~hpottinge@mu-162198.dhcp.missouri.edu) has joined #duraspace</span><br />
<span class="irc-date">[22:03]</span> <span class="irc-navy">* mhwood (mwood@mhw.ulib.iupui.edu) Quit (Remote host closed the connection)</span><br />
<span class="irc-date">[22:41]</span> <span class="irc-navy">* tdonohue (~tdonohue@c-67-177-111-99.hsd1.il.comcast.net) Quit (Remote host closed the connection)</span><br />
<span class="irc-date">[23:17]</span> <span class="irc-green">* hpottinger (~hpottinge@mu-162198.dhcp.missouri.edu) has left #duraspace</span><br />
