<span class="irc-date">[0:57]</span> <span class="irc-navy">* jonathangee (~jonathang@142.68.251.64) Quit (Ping timeout: 240 seconds)</span><br />
<span class="irc-date">[1:52]</span> <span class="irc-green">* jonathangee (~jonathang@142.68.37.238) has joined #duraspace</span><br />
<span class="irc-date">[6:32]</span> <span class="irc-navy">* misilot (~misilot@p-body.lib.fit.edu) Quit (Ping timeout: 272 seconds)</span><br />
<span class="irc-date">[6:32]</span> <span class="irc-green">* misilot (~misilot@p-body.lib.fit.edu) has joined #duraspace</span><br />
<span class="irc-date">[6:45]</span> <span class="irc-brown">-card.freenode.net- *** Looking up your hostname...</span><br />
<span class="irc-date">[6:45]</span> <span class="irc-brown">-card.freenode.net- *** Checking Ident</span><br />
<span class="irc-date">[6:45]</span> <span class="irc-brown">-card.freenode.net- *** Found your hostname</span><br />
<span class="irc-date">[6:45]</span> <span class="irc-brown">-card.freenode.net- *** No Ident response</span><br />
<span class="irc-date">[6:46]</span> <span class="irc-green">* DuraLogBot (~PircBot@atlas.duraspace.org) has joined #duraspace</span><br />
<span class="irc-date">[6:46]</span> <span class="irc-green">* Topic is '[Welcome to DuraSpace - This channel is logged - <a href="http://irclogs.duraspace.org/]'">http://irclogs.duraspace.org/]'</a></span><br />
<span class="irc-date">[6:46]</span> <span class="irc-green">* Set by cwilper!ad579d86@gateway/web/freenode/ip.173.87.157.134 on Fri Oct 22 01:19:41 UTC 2010</span><br />
<span class="irc-date">[10:24]</span> <span class="irc-navy">* misilot (~misilot@p-body.lib.fit.edu) Quit (Ping timeout: 272 seconds)</span><br />
<span class="irc-date">[10:25]</span> <span class="irc-green">* misilot (~misilot@p-body.lib.fit.edu) has joined #duraspace</span><br />
<span class="irc-date">[15:49]</span> <span class="irc-green">* PeterDietz (~peterdiet@cpe-173-88-166-208.neo.res.rr.com) has joined #duraspace</span><br />
<span class="irc-date">[16:01]</span> <span class="irc-green">* PeterDie_ (~peterdiet@cpe-173-88-166-208.neo.res.rr.com) has joined #duraspace</span><br />
<span class="irc-date">[16:01]</span> <span class="irc-navy">* PeterDietz (~peterdiet@cpe-173-88-166-208.neo.res.rr.com) Quit (Read error: Connection reset by peer)</span><br />
<span class="irc-date">[16:04]</span> <span class="irc-green">* PeterDietz (~peterdiet@cpe-173-88-166-208.neo.res.rr.com) has joined #duraspace</span><br />
<span class="irc-date">[16:04]</span> <span class="irc-navy">* PeterDie_ (~peterdiet@cpe-173-88-166-208.neo.res.rr.com) Quit (Read error: Connection reset by peer)</span><br />
<span class="irc-date">[16:18]</span> <span class="irc-navy">* PeterDietz (~peterdiet@cpe-173-88-166-208.neo.res.rr.com) Quit (Ping timeout: 272 seconds)</span><br />
<span class="irc-date">[17:21]</span> <span class="irc-navy">* jonathangee (~jonathang@142.68.37.238) Quit (Remote host closed the connection)</span><br />
<span class="irc-date">[17:21]</span> <span class="irc-green">* jonathangee (~jonathang@142.68.37.238) has joined #duraspace</span><br />
<span class="irc-date">[18:20]</span> <span class="irc-navy">* lo5an (~textual@unaffiliated/lo5an) Quit (Read error: Connection reset by peer)</span><br />
