<span class="irc-date">[0:25]</span> <span class="irc-navy">* PeterDietz (~peterdiet@dietz72m1.lib.ohio-state.edu) Quit (Remote host closed the connection)</span><br />
<span class="irc-date">[0:25]</span> <span class="irc-green">* PeterDietz (~peterdiet@dietz72m1.lib.ohio-state.edu) has joined #duraspace</span><br />
<span class="irc-date">[0:30]</span> <span class="irc-navy">* PeterDietz (~peterdiet@dietz72m1.lib.ohio-state.edu) Quit (Ping timeout: 268 seconds)</span><br />
<span class="irc-date">[6:02]</span> <span class="irc-green">* PeterDietz (~peterdiet@dietz72m1.lib.ohio-state.edu) has joined #duraspace</span><br />
<span class="irc-date">[6:07]</span> <span class="irc-navy">* PeterDietz (~peterdiet@dietz72m1.lib.ohio-state.edu) Quit (Ping timeout: 264 seconds)</span><br />
<span class="irc-date">[6:27]</span> <span class="irc-brown">-hitchcock.freenode.net- *** Looking up your hostname...</span><br />
<span class="irc-date">[6:27]</span> <span class="irc-brown">-hitchcock.freenode.net- *** Checking Ident</span><br />
<span class="irc-date">[6:27]</span> <span class="irc-brown">-hitchcock.freenode.net- *** Found your hostname</span><br />
<span class="irc-date">[6:27]</span> <span class="irc-brown">-hitchcock.freenode.net- *** No Ident response</span><br />
<span class="irc-date">[6:27]</span> <span class="irc-green">* DuraLogBot (~PircBot@atlas.duraspace.org) has joined #duraspace</span><br />
<span class="irc-date">[6:27]</span> <span class="irc-green">* Topic is '[Welcome to DuraSpace - This channel is logged - <a href="http://irclogs.duraspace.org/]'">http://irclogs.duraspace.org/]'</a></span><br />
<span class="irc-date">[6:27]</span> <span class="irc-green">* Set by cwilper!ad579d86@gateway/web/freenode/ip.173.87.157.134 on Fri Oct 22 01:19:41 UTC 2010</span><br />
<span class="irc-date">[6:27]</span> <span class="irc-brown">-hitchcock.freenode.net- [freenode-info] please register your nickname...don't forget to auto-identify! <a href="http://freenode.net/faq.shtml#nicksetup">http://freenode.net/faq.shtml#nicksetup</a></span><br />
<span class="irc-date">[6:47]</span> <span class="irc-navy">* ruebot (~ruebot@pdpc/supporter/professional/ruebot) Quit (Ping timeout: 248 seconds)</span><br />
<span class="irc-date">[6:48]</span> <span class="irc-green">* ruebot (~ruebot@192.241.253.49) has joined #duraspace</span><br />
<span class="irc-date">[6:48]</span> <span class="irc-navy">* ruebot (~ruebot@192.241.253.49) Quit (Changing host)</span><br />
<span class="irc-date">[6:48]</span> <span class="irc-green">* ruebot (~ruebot@pdpc/supporter/professional/ruebot) has joined #duraspace</span><br />
<span class="irc-date">[6:57]</span> <span class="irc-navy">* ruebot (~ruebot@pdpc/supporter/professional/ruebot) Quit (Read error: Operation timed out)</span><br />
<span class="irc-date">[7:19]</span> <span class="irc-green">* ruebot (~ruebot@pdpc/supporter/professional/ruebot) has joined #duraspace</span><br />
<span class="irc-date">[10:04]</span> <span class="irc-green">* PeterDietz (~peterdiet@dietz72m1.lib.ohio-state.edu) has joined #duraspace</span><br />
<span class="irc-date">[10:09]</span> <span class="irc-navy">* PeterDietz (~peterdiet@dietz72m1.lib.ohio-state.edu) Quit (Ping timeout: 272 seconds)</span><br />
<span class="irc-date">[12:12]</span> <span class="irc-green">* mhwood (mwood@mhw.ulib.iupui.edu) has joined #duraspace</span><br />
<span class="irc-date">[13:08]</span> <span class="irc-green">* tdonohue (~tdonohue@c-67-177-111-99.hsd1.il.comcast.net) has joined #duraspace</span><br />
<span class="irc-date">[13:31]</span> <span class="irc-green">* hpottinger (~hpottinge@128.206.161.244) has joined #duraspace</span><br />
<span class="irc-date">[13:48]</span> <span class="irc-green">* PeterDietz (~peterdiet@dietz72m1.lib.ohio-state.edu) has joined #duraspace</span><br />
<span class="irc-date">[14:42]</span> <span class="irc-black">&lt;tdonohue&gt; REMINDER TO ALL:  wiki.duraspace.org will be down for 5 hours (3-8pm EDT) later today for a big upgrade &amp; some system maintenance tasks.</span><br />
<span class="irc-date">[14:43]</span> <span class="irc-black">&lt;tdonohue&gt; NOTE: 3-8pm EDT = 19:00-24:00 UTC</span><br />
<span class="irc-date">[14:47]</span> <span class="irc-green">* PeterDie_ (~peterdiet@dhcp-164-107-233-144.osuwireless.ohio-state.edu) has joined #duraspace</span><br />
<span class="irc-date">[14:48]</span> <span class="irc-navy">* PeterDietz (~peterdiet@dietz72m1.lib.ohio-state.edu) Quit (Ping timeout: 267 seconds)</span><br />
<span class="irc-date">[14:57]</span> <span class="irc-navy">* PeterDie_ (~peterdiet@dhcp-164-107-233-144.osuwireless.ohio-state.edu) Quit (Remote host closed the connection)</span><br />
<span class="irc-date">[16:08]</span> <span class="irc-green">* hpottinger (~hpottinge@128.206.161.244) has left #duraspace</span><br />
<span class="irc-date">[16:09]</span> <span class="irc-green">* hpottinger (~hpottinge@mu-161244.dhcp.missouri.edu) has joined #duraspace</span><br />
<span class="irc-date">[16:16]</span> <span class="irc-green">* PeterDietz (~peterdiet@dietz72m1.lib.ohio-state.edu) has joined #duraspace</span><br />
<span class="irc-date">[16:25]</span> <span class="irc-navy">* ruebot (~ruebot@pdpc/supporter/professional/ruebot) Quit (Quit: Please, sir, I want some more.)</span><br />
<span class="irc-date">[16:26]</span> <span class="irc-green">* ruebot (~ruebot@192.241.253.49) has joined #duraspace</span><br />
<span class="irc-date">[16:26]</span> <span class="irc-navy">* ruebot (~ruebot@192.241.253.49) Quit (Changing host)</span><br />
<span class="irc-date">[16:26]</span> <span class="irc-green">* ruebot (~ruebot@pdpc/supporter/professional/ruebot) has joined #duraspace</span><br />
<span class="irc-date">[16:52]</span> <span class="irc-green">* PeterDie_ (~peterdiet@dhcp-164-107-233-5.osuwireless.ohio-state.edu) has joined #duraspace</span><br />
<span class="irc-date">[16:53]</span> <span class="irc-navy">* PeterDie_ (~peterdiet@dhcp-164-107-233-5.osuwireless.ohio-state.edu) Quit (Read error: Connection reset by peer)</span><br />
<span class="irc-date">[16:56]</span> <span class="irc-navy">* PeterDietz (~peterdiet@dietz72m1.lib.ohio-state.edu) Quit (Ping timeout: 272 seconds)</span><br />
<span class="irc-date">[17:10]</span> <span class="irc-green">* lo5an (~textual@pat-ip-129-15-127-46.fennfwsm.ou.edu) has joined #duraspace</span><br />
<span class="irc-date">[17:10]</span> <span class="irc-navy">* lo5an (~textual@pat-ip-129-15-127-46.fennfwsm.ou.edu) Quit (Changing host)</span><br />
<span class="irc-date">[17:10]</span> <span class="irc-green">* lo5an (~textual@unaffiliated/lo5an) has joined #duraspace</span><br />
<span class="irc-date">[17:26]</span> <span class="irc-navy">* hpottinger (~hpottinge@mu-161244.dhcp.missouri.edu) Quit (Quit: Later, taterz!)</span><br />
<span class="irc-date">[17:58]</span> <span class="irc-green">* PeterDietz (~peterdiet@dietz72m1.lib.ohio-state.edu) has joined #duraspace</span><br />
<span class="irc-date">[18:58]</span> <span class="irc-black">&lt;tdonohue&gt; REMINDER TO ALL:  wiki.duraspace.org is going down shortly for an upgrade &amp; server maintenance.  Expect it to be unavailable for several hours.</span><br />
<span class="irc-date">[19:14]</span> <span class="irc-brown">-hubbard.freenode.net- *** Looking up your hostname...</span><br />
<span class="irc-date">[19:14]</span> <span class="irc-brown">-hubbard.freenode.net- *** Checking Ident</span><br />
<span class="irc-date">[19:14]</span> <span class="irc-brown">-hubbard.freenode.net- *** Found your hostname</span><br />
<span class="irc-date">[19:14]</span> <span class="irc-brown">-hubbard.freenode.net- *** No Ident response</span><br />
<span class="irc-date">[19:14]</span> <span class="irc-green">* DuraLogBot (~PircBot@atlas.duraspace.org) has joined #duraspace</span><br />
<span class="irc-date">[19:14]</span> <span class="irc-green">* Topic is '[Welcome to DuraSpace - This channel is logged - <a href="http://irclogs.duraspace.org/]'">http://irclogs.duraspace.org/]'</a></span><br />
<span class="irc-date">[19:14]</span> <span class="irc-green">* Set by cwilper!ad579d86@gateway/web/freenode/ip.173.87.157.134 on Fri Oct 22 01:19:41 UTC 2010</span><br />
<span class="irc-date">[19:27]</span> <span class="irc-brown">-sendak.freenode.net- *** Looking up your hostname...</span><br />
<span class="irc-date">[19:27]</span> <span class="irc-brown">-sendak.freenode.net- *** Checking Ident</span><br />
<span class="irc-date">[19:27]</span> <span class="irc-brown">-sendak.freenode.net- *** Found your hostname</span><br />
<span class="irc-date">[19:27]</span> <span class="irc-brown">-sendak.freenode.net- *** No Ident response</span><br />
<span class="irc-date">[19:27]</span> <span class="irc-green">* DuraLogBot (~PircBot@atlas.duraspace.org) has joined #duraspace</span><br />
<span class="irc-date">[19:27]</span> <span class="irc-green">* Topic is '[Welcome to DuraSpace - This channel is logged - <a href="http://irclogs.duraspace.org/]'">http://irclogs.duraspace.org/]'</a></span><br />
<span class="irc-date">[19:27]</span> <span class="irc-green">* Set by cwilper!ad579d86@gateway/web/freenode/ip.173.87.157.134 on Fri Oct 22 01:19:41 UTC 2010</span><br />
<span class="irc-date">[19:39]</span> <span class="irc-green">* hpottinger (~hpottinge@mu-161244.dhcp.missouri.edu) has joined #duraspace</span><br />
<span class="irc-date">[19:51]</span> <span class="irc-navy">* PeterDietz (~peterdiet@dietz72m1.lib.ohio-state.edu) Quit (Remote host closed the connection)</span><br />
<span class="irc-date">[20:57]</span> <span class="irc-green">* PeterDietz (~peterdiet@dhcp-164-107-103-176.osuwireless.ohio-state.edu) has joined #duraspace</span><br />
<span class="irc-date">[21:13]</span> <span class="irc-black">&lt;tdonohue&gt; NOTE TO ALL: I'm told the wiki.duraspace.org upgrade is pretty much finished.  There may be a few other small restarts (if anything minor is noticed), but it should be safe to browse around again</span><br />
<span class="irc-date">[21:15]</span> <span class="irc-navy">* PeterDietz (~peterdiet@dhcp-164-107-103-176.osuwireless.ohio-state.edu) Quit (Remote host closed the connection)</span><br />
<span class="irc-date">[21:17]</span> <span class="irc-green">* mhwood (mwood@mhw.ulib.iupui.edu) has left #duraspace</span><br />
<span class="irc-date">[21:58]</span> <span class="irc-navy">* tdonohue (~tdonohue@c-67-177-111-99.hsd1.il.comcast.net) Quit (Read error: Connection reset by peer)</span><br />
<span class="irc-date">[22:15]</span> <span class="irc-green">* hpottinger (~hpottinge@mu-161244.dhcp.missouri.edu) has left #duraspace</span><br />
