<span class="irc-date">[0:14]</span> <span class="irc-navy">* PeterDie_ (~peterdiet@dietz72m1.lib.ohio-state.edu) Quit (Remote host closed the connection)</span><br />
<span class="irc-date">[0:14]</span> <span class="irc-green">* PeterDietz (~peterdiet@dietz72m1.lib.ohio-state.edu) has joined #duraspace</span><br />
<span class="irc-date">[0:19]</span> <span class="irc-navy">* PeterDietz (~peterdiet@dietz72m1.lib.ohio-state.edu) Quit (Ping timeout: 260 seconds)</span><br />
<span class="irc-date">[6:39]</span> <span class="irc-brown">-wolfe.freenode.net- *** Looking up your hostname...</span><br />
<span class="irc-date">[6:39]</span> <span class="irc-brown">-wolfe.freenode.net- *** Checking Ident</span><br />
<span class="irc-date">[6:39]</span> <span class="irc-brown">-wolfe.freenode.net- *** Found your hostname</span><br />
<span class="irc-date">[6:39]</span> <span class="irc-brown">-wolfe.freenode.net- *** No Ident response</span><br />
<span class="irc-date">[6:39]</span> <span class="irc-green">* DuraLogBot (~PircBot@atlas.duraspace.org) has joined #duraspace</span><br />
<span class="irc-date">[6:39]</span> <span class="irc-green">* Topic is '[Welcome to DuraSpace - This channel is logged - <a href="http://irclogs.duraspace.org/]'">http://irclogs.duraspace.org/]'</a></span><br />
<span class="irc-date">[6:39]</span> <span class="irc-green">* Set by cwilper!ad579d86@gateway/web/freenode/ip.173.87.157.134 on Fri Oct 22 01:19:41 UTC 2010</span><br />
<span class="irc-date">[12:46]</span> <span class="irc-green">* mhwood (mwood@mhw.ulib.iupui.edu) has joined #duraspace</span><br />
<span class="irc-date">[12:58]</span> <span class="irc-green">* fasseg (~fas@HSI-KBW-085-216-049-078.hsi.kabelbw.de) has joined #duraspace</span><br />
<span class="irc-date">[13:10]</span> <span class="irc-green">* tdonohue (~tdonohue@c-67-177-111-99.hsd1.il.comcast.net) has joined #duraspace</span><br />
<span class="irc-date">[13:42]</span> <span class="irc-green">* hpottinger (~hpottinge@mu-161244.dhcp.missouri.edu) has joined #duraspace</span><br />
<span class="irc-date">[13:54]</span> <span class="irc-green">* osmandin (828492cf@gateway/web/freenode/ip.130.132.146.207) has joined #duraspace</span><br />
<span class="irc-date">[13:54]</span> <span class="irc-navy">* osmandin (828492cf@gateway/web/freenode/ip.130.132.146.207) Quit (Client Quit)</span><br />
<span class="irc-date">[14:06]</span> <span class="irc-green">* PeterDietz (~peterdiet@dietz72m1.lib.ohio-state.edu) has joined #duraspace</span><br />
<span class="irc-date">[14:30]</span> <span class="irc-green">* PeterDie_ (~peterdiet@dhcp-164-107-233-82.osuwireless.ohio-state.edu) has joined #duraspace</span><br />
<span class="irc-date">[14:33]</span> <span class="irc-navy">* PeterDietz (~peterdiet@dietz72m1.lib.ohio-state.edu) Quit (Ping timeout: 248 seconds)</span><br />
<span class="irc-date">[14:33]</span> <span class="irc-navy">* PeterDie_ (~peterdiet@dhcp-164-107-233-82.osuwireless.ohio-state.edu) Quit (Read error: Connection reset by peer)</span><br />
<span class="irc-date">[14:33]</span> <span class="irc-green">* PeterDietz (~peterdiet@dhcp-164-107-233-82.osuwireless.ohio-state.edu) has joined #duraspace</span><br />
<span class="irc-date">[15:19]</span> <span class="irc-navy">* PeterDietz (~peterdiet@dhcp-164-107-233-82.osuwireless.ohio-state.edu) Quit (Read error: Connection reset by peer)</span><br />
<span class="irc-date">[15:20]</span> <span class="irc-green">* PeterDietz (~peterdiet@dhcp-164-107-233-82.osuwireless.ohio-state.edu) has joined #duraspace</span><br />
<span class="irc-date">[15:20]</span> <span class="irc-navy">* PeterDietz (~peterdiet@dhcp-164-107-233-82.osuwireless.ohio-state.edu) Quit (Remote host closed the connection)</span><br />
<span class="irc-date">[15:21]</span> <span class="irc-green">* PeterDietz (~peterdiet@dhcp-164-107-233-82.osuwireless.ohio-state.edu) has joined #duraspace</span><br />
<span class="irc-date">[15:22]</span> <span class="irc-green">* PeterDie_ (~peterdiet@dietz72m1.lib.ohio-state.edu) has joined #duraspace</span><br />
<span class="irc-date">[15:25]</span> <span class="irc-navy">* PeterDietz (~peterdiet@dhcp-164-107-233-82.osuwireless.ohio-state.edu) Quit (Ping timeout: 252 seconds)</span><br />
<span class="irc-date">[15:36]</span> <span class="irc-green">* eddies (~eddies@unaffiliated/eddies) has joined #duraspace</span><br />
<span class="irc-date">[18:22]</span> <span class="irc-navy">* hpottinger (~hpottinge@mu-161244.dhcp.missouri.edu) Quit (Quit: Later, taterz!)</span><br />
<span class="irc-date">[19:28]</span> <span class="irc-navy">* fasseg (~fas@HSI-KBW-085-216-049-078.hsi.kabelbw.de) Quit (Read error: Connection reset by peer)</span><br />
<span class="irc-date">[19:44]</span> <span class="irc-green">* tdonohue (~tdonohue@c-67-177-111-99.hsd1.il.comcast.net) has left #duraspace</span><br />
<span class="irc-date">[20:31]</span> <span class="irc-navy">* mhwood (mwood@mhw.ulib.iupui.edu) Quit (Remote host closed the connection)</span><br />
<span class="irc-date">[21:32]</span> <span class="irc-navy">* PeterDie_ (~peterdiet@dietz72m1.lib.ohio-state.edu) Quit (Ping timeout: 256 seconds)</span><br />
