<span class="irc-date">[1:37]</span> <span class="irc-green">* PeterDietz (~peterdiet@d60-65-80-138.col.wideopenwest.com) has joined #duraspace</span><br />
<span class="irc-date">[5:06]</span> <span class="irc-navy">* PeterDietz (~peterdiet@d60-65-80-138.col.wideopenwest.com) Quit (Remote host closed the connection)</span><br />
<span class="irc-date">[5:07]</span> <span class="irc-green">* PeterDietz (~peterdiet@d60-65-80-138.col.wideopenwest.com) has joined #duraspace</span><br />
<span class="irc-date">[5:11]</span> <span class="irc-navy">* PeterDietz (~peterdiet@d60-65-80-138.col.wideopenwest.com) Quit (Ping timeout: 256 seconds)</span><br />
<span class="irc-date">[6:35]</span> <span class="irc-brown">-cameron.freenode.net- *** Looking up your hostname...</span><br />
<span class="irc-date">[6:35]</span> <span class="irc-brown">-cameron.freenode.net- *** Checking Ident</span><br />
<span class="irc-date">[6:35]</span> <span class="irc-brown">-cameron.freenode.net- *** Found your hostname</span><br />
<span class="irc-date">[6:36]</span> <span class="irc-brown">-cameron.freenode.net- *** No Ident response</span><br />
<span class="irc-date">[6:36]</span> <span class="irc-green">* DuraLogBot (~PircBot@atlas.duraspace.org) has joined #duraspace</span><br />
<span class="irc-date">[6:36]</span> <span class="irc-green">* Topic is '[Welcome to DuraSpace - This channel is logged - <a href="http://irclogs.duraspace.org/]'">http://irclogs.duraspace.org/]'</a></span><br />
<span class="irc-date">[6:36]</span> <span class="irc-green">* Set by cwilper!ad579d86@gateway/web/freenode/ip.173.87.157.134 on Fri Oct 22 01:19:41 UTC 2010</span><br />
<span class="irc-date">[10:13]</span> <span class="irc-green">* jonathangee_ (~jonathang@blk-222-249-31.eastlink.ca) has joined #duraspace</span><br />
<span class="irc-date">[10:17]</span> <span class="irc-navy">* jonathangee (~jonathang@blk-222-249-31.eastlink.ca) Quit (Ping timeout: 248 seconds)</span><br />
<span class="irc-date">[10:17]</span> <span class="irc-green">* jonathangee_ is now known as jonathangee</span><br />
<span class="irc-date">[10:33]</span> <span class="irc-navy">* kompewter (~kompewter@ec2-50-17-201-82.compute-1.amazonaws.com) Quit (Ping timeout: 260 seconds)</span><br />
<span class="irc-date">[10:33]</span> <span class="irc-green">* kompewter (~kompewter@ec2-50-17-201-82.compute-1.amazonaws.com) has joined #duraspace</span><br />
<span class="irc-date">[10:34]</span> <span class="irc-navy">* gravelpot (~gravelpot@128.83.231.140) Quit (*.net *.split)</span><br />
<span class="irc-date">[10:34]</span> <span class="irc-navy">* jonathangee (~jonathang@blk-222-249-31.eastlink.ca) Quit (*.net *.split)</span><br />
<span class="irc-date">[10:34]</span> <span class="irc-navy">* ChanServ (ChanServ@services.) Quit (*.net *.split)</span><br />
<span class="irc-date">[10:34]</span> <span class="irc-navy">* kompewter (~kompewter@ec2-50-17-201-82.compute-1.amazonaws.com) Quit (*.net *.split)</span><br />
<span class="irc-date">[10:41]</span> <span class="irc-green">* kompewter (~kompewter@ec2-50-17-201-82.compute-1.amazonaws.com) has joined #duraspace</span><br />
<span class="irc-date">[10:41]</span> <span class="irc-green">* jonathangee (~jonathang@blk-222-249-31.eastlink.ca) has joined #duraspace</span><br />
<span class="irc-date">[10:41]</span> <span class="irc-green">* gravelpot (~gravelpot@128.83.231.140) has joined #duraspace</span><br />
<span class="irc-date">[10:41]</span> <span class="irc-green">* ChanServ (ChanServ@services.) has joined #duraspace</span><br />
