<span class="irc-date">[1:19]</span> <span class="irc-navy">* ksclarke (~kevin@pdpc/supporter/active/ksclarke) Quit (Quit: Leaving.)</span><br />
<span class="irc-date">[6:54]</span> <span class="irc-brown">-adams.freenode.net- *** Looking up your hostname...</span><br />
<span class="irc-date">[6:54]</span> <span class="irc-brown">-adams.freenode.net- *** Checking Ident</span><br />
<span class="irc-date">[6:54]</span> <span class="irc-brown">-adams.freenode.net- *** Found your hostname</span><br />
<span class="irc-date">[6:54]</span> <span class="irc-brown">-adams.freenode.net- *** No Ident response</span><br />
<span class="irc-date">[6:54]</span> <span class="irc-green">* DuraLogBot (~PircBot@atlas.duraspace.org) has joined #duraspace</span><br />
<span class="irc-date">[6:54]</span> <span class="irc-green">* Topic is '[Welcome to DuraSpace - This channel is logged - <a href="http://irclogs.duraspace.org/]'">http://irclogs.duraspace.org/]'</a></span><br />
<span class="irc-date">[6:54]</span> <span class="irc-green">* Set by cwilper!ad579d86@gateway/web/freenode/ip.173.87.157.134 on Fri Oct 22 01:19:41 UTC 2010</span><br />
<span class="irc-date">[12:15]</span> <span class="irc-green">* mhwood (mwood@mhw.ulib.iupui.edu) has joined #duraspace</span><br />
<span class="irc-date">[13:04]</span> <span class="irc-green">* ksclarke (~kevin@pdpc/supporter/active/ksclarke) has joined #duraspace</span><br />
<span class="irc-date">[13:09]</span> <span class="irc-green">* tdonohue (~tdonohue@c-67-177-111-99.hsd1.il.comcast.net) has joined #duraspace</span><br />
<span class="irc-date">[18:21]</span> <span class="irc-green">* PeterDietz (~peterdiet@128.146.173.70) has joined #duraspace</span><br />
<span class="irc-date">[18:43]</span> <span class="irc-green">* hpottinger (~hpottinge@mu-162198.dhcp.missouri.edu) has joined #duraspace</span><br />
<span class="irc-date">[21:20]</span> <span class="irc-navy">* mhwood (mwood@mhw.ulib.iupui.edu) Quit (Remote host closed the connection)</span><br />
<span class="irc-date">[21:28]</span> <span class="irc-green">* kshepher1 (kim@ec2-184-73-177-234.compute-1.amazonaws.com) has joined #duraspace</span><br />
<span class="irc-date">[21:33]</span> <span class="irc-navy">* misilot (~misilot@p-body.lib.fit.edu) Quit (*.net *.split)</span><br />
<span class="irc-date">[21:33]</span> <span class="irc-navy">* kshepherd (kim@ec2-184-73-177-234.compute-1.amazonaws.com) Quit (*.net *.split)</span><br />
<span class="irc-date">[21:35]</span> <span class="irc-green">* hpottinger (~hpottinge@mu-162198.dhcp.missouri.edu) has left #duraspace</span><br />
<span class="irc-date">[21:40]</span> <span class="irc-green">* misilot (~misilot@p-body.lib.fit.edu) has joined #duraspace</span><br />
<span class="irc-date">[21:54]</span> <span class="irc-navy">* tdonohue (~tdonohue@c-67-177-111-99.hsd1.il.comcast.net) Quit (Read error: Connection reset by peer)</span><br />
<span class="irc-date">[22:40]</span> <span class="irc-navy">* PeterDietz (~peterdiet@128.146.173.70) Quit (Remote host closed the connection)</span><br />
<span class="irc-date">[22:52]</span> <span class="irc-navy">* ksclarke (~kevin@pdpc/supporter/active/ksclarke) Quit (Quit: Leaving.)</span><br />
<span class="irc-date">[23:18]</span> <span class="irc-green">* ksclarke (~kevin@pdpc/supporter/active/ksclarke) has joined #duraspace</span><br />
<span class="irc-date">[23:47]</span> <span class="irc-navy">* ruebot (~ruebot@pdpc/supporter/professional/ruebot) Quit (Ping timeout: 240 seconds)</span><br />
<span class="irc-date">[23:47]</span> <span class="irc-green">* ruebot (~ruebot@pdpc/supporter/professional/ruebot) has joined #duraspace</span><br />
