<span class="irc-date">[6:55]</span> <span class="irc-brown">-barjavel.freenode.net- *** Looking up your hostname...</span><br />
<span class="irc-date">[6:55]</span> <span class="irc-brown">-barjavel.freenode.net- *** Checking Ident</span><br />
<span class="irc-date">[6:55]</span> <span class="irc-brown">-barjavel.freenode.net- *** Found your hostname</span><br />
<span class="irc-date">[6:55]</span> <span class="irc-brown">-barjavel.freenode.net- *** No Ident response</span><br />
<span class="irc-date">[6:55]</span> <span class="irc-green">* DuraLogBot (~PircBot@atlas.duraspace.org) has joined #duraspace</span><br />
<span class="irc-date">[6:55]</span> <span class="irc-green">* Topic is '[Welcome to DuraSpace - This channel is logged - <a href="http://irclogs.duraspace.org/]'">http://irclogs.duraspace.org/]'</a></span><br />
<span class="irc-date">[6:55]</span> <span class="irc-green">* Set by cwilper!ad579d86@gateway/web/freenode/ip.173.87.157.134 on Fri Oct 22 01:19:41 UTC 2010</span><br />
<span class="irc-date">[12:54]</span> <span class="irc-green">* PeterDietz (~peterdiet@162-231-20-234.lightspeed.clmboh.sbcglobal.net) has joined #duraspace</span><br />
<span class="irc-date">[13:08]</span> <span class="irc-navy">* PeterDietz (~peterdiet@162-231-20-234.lightspeed.clmboh.sbcglobal.net) Quit (Remote host closed the connection)</span><br />
<span class="irc-date">[13:09]</span> <span class="irc-green">* PeterDietz (~peterdiet@162-231-20-234.lightspeed.clmboh.sbcglobal.net) has joined #duraspace</span><br />
<span class="irc-date">[13:13]</span> <span class="irc-navy">* PeterDietz (~peterdiet@162-231-20-234.lightspeed.clmboh.sbcglobal.net) Quit (Ping timeout: 245 seconds)</span><br />
<span class="irc-date">[15:12]</span> <span class="irc-green">* PeterDietz (~peterdiet@162-231-20-234.lightspeed.clmboh.sbcglobal.net) has joined #duraspace</span><br />
<span class="irc-date">[16:20]</span> <span class="irc-navy">* PeterDietz (~peterdiet@162-231-20-234.lightspeed.clmboh.sbcglobal.net) Quit (Remote host closed the connection)</span><br />
<span class="irc-date">[16:21]</span> <span class="irc-green">* PeterDietz (~peterdiet@162-231-20-234.lightspeed.clmboh.sbcglobal.net) has joined #duraspace</span><br />
<span class="irc-date">[16:25]</span> <span class="irc-navy">* PeterDietz (~peterdiet@162-231-20-234.lightspeed.clmboh.sbcglobal.net) Quit (Ping timeout: 245 seconds)</span><br />
<span class="irc-date">[17:39]</span> <span class="irc-green">* PeterDietz (~peterdiet@162-231-20-234.lightspeed.clmboh.sbcglobal.net) has joined #duraspace</span><br />
<span class="irc-date">[19:19]</span> <span class="irc-navy">* PeterDietz (~peterdiet@162-231-20-234.lightspeed.clmboh.sbcglobal.net) Quit (Remote host closed the connection)</span><br />
<span class="irc-date">[19:20]</span> <span class="irc-green">* PeterDietz (~peterdiet@162-231-20-234.lightspeed.clmboh.sbcglobal.net) has joined #duraspace</span><br />
<span class="irc-date">[19:24]</span> <span class="irc-navy">* PeterDietz (~peterdiet@162-231-20-234.lightspeed.clmboh.sbcglobal.net) Quit (Ping timeout: 264 seconds)</span><br />
<span class="irc-date">[19:25]</span> <span class="irc-green">* PeterDietz (~peterdiet@162-231-20-234.lightspeed.clmboh.sbcglobal.net) has joined #duraspace</span><br />
<span class="irc-date">[20:15]</span> <span class="irc-navy">* PeterDietz (~peterdiet@162-231-20-234.lightspeed.clmboh.sbcglobal.net) Quit (Remote host closed the connection)</span><br />
<span class="irc-date">[20:15]</span> <span class="irc-green">* PeterDietz (~peterdiet@162-231-20-234.lightspeed.clmboh.sbcglobal.net) has joined #duraspace</span><br />
<span class="irc-date">[20:20]</span> <span class="irc-navy">* PeterDietz (~peterdiet@162-231-20-234.lightspeed.clmboh.sbcglobal.net) Quit (Ping timeout: 245 seconds)</span><br />
<span class="irc-date">[20:40]</span> <span class="irc-green">* PeterDietz (~peterdiet@162-231-20-234.lightspeed.clmboh.sbcglobal.net) has joined #duraspace</span><br />
<span class="irc-date">[20:55]</span> <span class="irc-green">* jonathangee (~jonathang@blk-222-248-230.eastlink.ca) has joined #duraspace</span><br />
<span class="irc-date">[22:01]</span> <span class="irc-navy">* PeterDietz (~peterdiet@162-231-20-234.lightspeed.clmboh.sbcglobal.net) Quit (Remote host closed the connection)</span><br />
<span class="irc-date">[22:02]</span> <span class="irc-green">* PeterDietz (~peterdiet@162-231-20-234.lightspeed.clmboh.sbcglobal.net) has joined #duraspace</span><br />
<span class="irc-date">[22:06]</span> <span class="irc-navy">* PeterDietz (~peterdiet@162-231-20-234.lightspeed.clmboh.sbcglobal.net) Quit (Ping timeout: 248 seconds)</span><br />
