<span class="irc-date">[6:27]</span> <span class="irc-brown">-sendak.freenode.net- *** Looking up your hostname...</span><br />
<span class="irc-date">[6:27]</span> <span class="irc-brown">-sendak.freenode.net- *** Checking Ident</span><br />
<span class="irc-date">[6:27]</span> <span class="irc-brown">-sendak.freenode.net- *** Found your hostname</span><br />
<span class="irc-date">[6:27]</span> <span class="irc-brown">-sendak.freenode.net- *** No Ident response</span><br />
<span class="irc-date">[6:28]</span> <span class="irc-green">* DuraLogBot (~PircBot@atlas.duraspace.org) has joined #duraspace</span><br />
<span class="irc-date">[6:28]</span> <span class="irc-green">* Topic is '[Welcome to DuraSpace - This channel is logged - <a href="http://irclogs.duraspace.org/]'">http://irclogs.duraspace.org/]'</a></span><br />
<span class="irc-date">[6:28]</span> <span class="irc-green">* Set by cwilper!ad579d86@gateway/web/freenode/ip.173.87.157.134 on Fri Oct 22 01:19:41 UTC 2010</span><br />
<span class="irc-date">[8:33]</span> <span class="irc-navy">* eddies (~eddies@unaffiliated/eddies) Quit (Quit: Leaving.)</span><br />
<span class="irc-date">[8:41]</span> <span class="irc-green">* eddies (~eddies@bb116-15-87-20.singnet.com.sg) has joined #duraspace</span><br />
<span class="irc-date">[8:41]</span> <span class="irc-navy">* eddies (~eddies@bb116-15-87-20.singnet.com.sg) Quit (Changing host)</span><br />
<span class="irc-date">[8:41]</span> <span class="irc-green">* eddies (~eddies@unaffiliated/eddies) has joined #duraspace</span><br />
<span class="irc-date">[10:18]</span> <span class="irc-green">* fasseg (~fas@HSI-KBW-078-043-007-220.hsi4.kabel-badenwuerttemberg.de) has joined #duraspace</span><br />
<span class="irc-date">[10:42]</span> <span class="irc-navy">* eddies (~eddies@unaffiliated/eddies) Quit (Quit: Leaving.)</span><br />
<span class="irc-date">[11:00]</span> <span class="irc-green">* eddies (~eddies@cm21.eta98.maxonline.com.sg) has joined #duraspace</span><br />
<span class="irc-date">[11:00]</span> <span class="irc-navy">* eddies (~eddies@cm21.eta98.maxonline.com.sg) Quit (Changing host)</span><br />
<span class="irc-date">[11:00]</span> <span class="irc-green">* eddies (~eddies@unaffiliated/eddies) has joined #duraspace</span><br />
<span class="irc-date">[12:15]</span> <span class="irc-green">* mhwood (mwood@mhw.ulib.iupui.edu) has joined #duraspace</span><br />
<span class="irc-date">[12:24]</span> <span class="irc-navy">* ruebot (~ruebot@pdpc/supporter/professional/ruebot) Quit (Ping timeout: 264 seconds)</span><br />
<span class="irc-date">[12:24]</span> <span class="irc-green">* ruebot (~ruebot@ec2-50-112-50-181.us-west-2.compute.amazonaws.com) has joined #duraspace</span><br />
<span class="irc-date">[12:24]</span> <span class="irc-navy">* ruebot (~ruebot@ec2-50-112-50-181.us-west-2.compute.amazonaws.com) Quit (Changing host)</span><br />
<span class="irc-date">[12:24]</span> <span class="irc-green">* ruebot (~ruebot@pdpc/supporter/professional/ruebot) has joined #duraspace</span><br />
<span class="irc-date">[12:56]</span> <span class="irc-green">* awoods (~awoods@c-67-165-245-76.hsd1.co.comcast.net) has joined #duraspace</span><br />
<span class="irc-date">[13:20]</span> <span class="irc-green">* tdonohue (~tdonohue@c-67-177-111-99.hsd1.il.comcast.net) has joined #duraspace</span><br />
<span class="irc-date">[13:25]</span> <span class="irc-navy">* ruebot (~ruebot@pdpc/supporter/professional/ruebot) Quit (Quit: Please, sir, I want some more.)</span><br />
<span class="irc-date">[13:26]</span> <span class="irc-green">* ruebot (~ruebot@pdpc/supporter/professional/ruebot) has joined #duraspace</span><br />
<span class="irc-date">[13:26]</span> <span class="irc-navy">* ruebot (~ruebot@pdpc/supporter/professional/ruebot) Quit (Client Quit)</span><br />
<span class="irc-date">[13:27]</span> <span class="irc-green">* ruebot (~ruebot@ec2-50-112-50-181.us-west-2.compute.amazonaws.com) has joined #duraspace</span><br />
<span class="irc-date">[13:27]</span> <span class="irc-navy">* ruebot (~ruebot@ec2-50-112-50-181.us-west-2.compute.amazonaws.com) Quit (Changing host)</span><br />
<span class="irc-date">[13:27]</span> <span class="irc-green">* ruebot (~ruebot@pdpc/supporter/professional/ruebot) has joined #duraspace</span><br />
<span class="irc-date">[17:05]</span> <span class="irc-green">* bigbrovar (~bigbrovar@83.229.6.19) has joined #duraspace</span><br />
<span class="irc-date">[17:06]</span> <span class="irc-black">&lt;bigbrovar&gt; Hello guys</span><br />
<span class="irc-date">[17:08]</span> <span class="irc-black">&lt;bigbrovar&gt; I intend on setting up dspace for my school, got a quick question. reading your documentation relating to server config prior to building dpsace from source.. I want to know if the value under  "dspace.install.dir=" is absolute to the filesystem or relative to the tomcat directory</span><br />
<span class="irc-date">[17:14]</span> <span class="irc-black">&lt;mhwood&gt; It appears to be absolute.</span><br />
<span class="irc-date">[17:15]</span> <span class="irc-black">&lt;bigbrovar&gt; mhwood: thanks .. I guess as much</span><br />
<span class="irc-date">[17:48]</span> <span class="irc-navy">* bigbrovar (~bigbrovar@83.229.6.19) Quit (Ping timeout: 264 seconds)</span><br />
<span class="irc-date">[18:08]</span> <span class="irc-green">* bigbrovar (~bigbrovar@83.229.6.19) has joined #duraspace</span><br />
<span class="irc-date">[19:45]</span> <span class="irc-navy">* fasseg (~fas@HSI-KBW-078-043-007-220.hsi4.kabel-badenwuerttemberg.de) Quit (Remote host closed the connection)</span><br />
<span class="irc-date">[21:10]</span> <span class="irc-navy">* mhwood (mwood@mhw.ulib.iupui.edu) Quit (Remote host closed the connection)</span><br />
<span class="irc-date">[21:52]</span> <span class="irc-green">* tdonohue (~tdonohue@c-67-177-111-99.hsd1.il.comcast.net) has left #duraspace</span><br />
<span class="irc-date">[22:34]</span> <span class="irc-navy">* bigbrovar (~bigbrovar@83.229.6.19) Quit (Ping timeout: 276 seconds)</span><br />
