<span class="irc-date">[1:46]</span> <span class="irc-green">* ksclarke (~kevin@pdpc/supporter/active/ksclarke) has joined #duraspace</span><br />
<span class="irc-date">[4:14]</span> <span class="irc-green">* eddies1 (~eddies@cm107.eta98.maxonline.com.sg) has joined #duraspace</span><br />
<span class="irc-date">[4:14]</span> <span class="irc-navy">* eddies1 (~eddies@cm107.eta98.maxonline.com.sg) Quit (Changing host)</span><br />
<span class="irc-date">[4:14]</span> <span class="irc-green">* eddies1 (~eddies@unaffiliated/eddies) has joined #duraspace</span><br />
<span class="irc-date">[4:16]</span> <span class="irc-navy">* eddies (~eddies@unaffiliated/eddies) Quit (Ping timeout: 258 seconds)</span><br />
<span class="irc-date">[6:27]</span> <span class="irc-brown">-gibson.freenode.net- *** Looking up your hostname...</span><br />
<span class="irc-date">[6:27]</span> <span class="irc-brown">-gibson.freenode.net- *** Checking Ident</span><br />
<span class="irc-date">[6:27]</span> <span class="irc-brown">-gibson.freenode.net- *** Found your hostname</span><br />
<span class="irc-date">[6:27]</span> <span class="irc-brown">-gibson.freenode.net- *** No Ident response</span><br />
<span class="irc-date">[6:28]</span> <span class="irc-green">* DuraLogBot (~PircBot@atlas.duraspace.org) has joined #duraspace</span><br />
<span class="irc-date">[6:28]</span> <span class="irc-green">* Topic is '[Welcome to DuraSpace - This channel is logged - <a href="http://irclogs.duraspace.org/]'">http://irclogs.duraspace.org/]'</a></span><br />
<span class="irc-date">[6:28]</span> <span class="irc-green">* Set by cwilper!ad579d86@gateway/web/freenode/ip.173.87.157.134 on Fri Oct 22 01:19:41 UTC 2010</span><br />
<span class="irc-date">[8:58]</span> <span class="irc-navy">* eddies1 (~eddies@unaffiliated/eddies) Quit (Quit: Leaving.)</span><br />
<span class="irc-date">[9:29]</span> <span class="irc-green">* eddies (~eddies@42.61.209.30) has joined #duraspace</span><br />
<span class="irc-date">[9:29]</span> <span class="irc-navy">* eddies (~eddies@42.61.209.30) Quit (Changing host)</span><br />
<span class="irc-date">[9:29]</span> <span class="irc-green">* eddies (~eddies@unaffiliated/eddies) has joined #duraspace</span><br />
<span class="irc-date">[10:18]</span> <span class="irc-navy">* eddies (~eddies@unaffiliated/eddies) Quit (Quit: Leaving.)</span><br />
<span class="irc-date">[10:32]</span> <span class="irc-green">* eddies (~eddies@43.202-63-155.unknown.qala.com.sg) has joined #duraspace</span><br />
<span class="irc-date">[10:32]</span> <span class="irc-navy">* eddies (~eddies@43.202-63-155.unknown.qala.com.sg) Quit (Changing host)</span><br />
<span class="irc-date">[10:32]</span> <span class="irc-green">* eddies (~eddies@unaffiliated/eddies) has joined #duraspace</span><br />
<span class="irc-date">[12:16]</span> <span class="irc-navy">* eddies (~eddies@unaffiliated/eddies) Quit (Quit: Leaving.)</span><br />
<span class="irc-date">[12:21]</span> <span class="irc-green">* eddies (~eddies@cm107.eta98.maxonline.com.sg) has joined #duraspace</span><br />
<span class="irc-date">[12:21]</span> <span class="irc-navy">* eddies (~eddies@cm107.eta98.maxonline.com.sg) Quit (Changing host)</span><br />
<span class="irc-date">[12:21]</span> <span class="irc-green">* eddies (~eddies@unaffiliated/eddies) has joined #duraspace</span><br />
<span class="irc-date">[12:54]</span> <span class="irc-green">* fasseg (~fas@HSI-KBW-078-043-007-220.hsi4.kabel-badenwuerttemberg.de) has joined #duraspace</span><br />
<span class="irc-date">[13:02]</span> <span class="irc-black">&lt;fasseg&gt; eddies: the problem is that failsafe tries to start a jetty/modeshape instance for each submodule with integration tests. But since modeshape is not completely shut down before a new instance is spun up by the next module's integration test it fails...any tips?</span><br />
<span class="irc-date">[13:02]</span> <span class="irc-black">&lt;fasseg&gt; so cxf migration is complete, but i have this problem with tests...</span><br />
<span class="irc-date">[13:02]</span> <span class="irc-black">&lt;fasseg&gt; i could move all ITs to one submodule like in fedora3....</span><br />
<span class="irc-date">[13:06]</span> <span class="irc-green">* tdonohue (~tdonohue@c-67-177-111-99.hsd1.il.comcast.net) has joined #duraspace</span><br />
<span class="irc-date">[13:10]</span> <span class="irc-green">* tdonohue1 (~tdonohue@c-67-177-111-99.hsd1.il.comcast.net) has joined #duraspace</span><br />
<span class="irc-date">[13:10]</span> <span class="irc-navy">* tdonohue (~tdonohue@c-67-177-111-99.hsd1.il.comcast.net) Quit (Disconnected by services)</span><br />
<span class="irc-date">[13:22]</span> <span class="irc-green">* tdonohue1 is now known as tdonohue</span><br />
<span class="irc-date">[13:41]</span> <span class="irc-black">&lt;eddies&gt; fasseg: wrong channel</span><br />
<span class="irc-date">[13:53]</span> <span class="irc-black">&lt;fasseg&gt; oi oops</span><br />
<span class="irc-date">[13:53]</span> <span class="irc-black">&lt;fasseg&gt; no wonder</span><br />
<span class="irc-date">[14:34]</span> <span class="irc-green">* Ed_ (1809d1a2@gateway/web/freenode/ip.24.9.209.162) has joined #duraspace</span><br />
<span class="irc-date">[14:55]</span> <span class="irc-navy">* Ed_ (1809d1a2@gateway/web/freenode/ip.24.9.209.162) Quit (Ping timeout: 245 seconds)</span><br />
<span class="irc-date">[17:06]</span> <span class="irc-green">* nesovi_ (c87a6c9f@gateway/web/freenode/ip.200.122.108.159) has joined #duraspace</span><br />
<span class="irc-date">[17:20]</span> <span class="irc-navy">* fasseg (~fas@HSI-KBW-078-043-007-220.hsi4.kabel-badenwuerttemberg.de) Quit (Remote host closed the connection)</span><br />
<span class="irc-date">[18:04]</span> <span class="irc-navy">* nesovi_ (c87a6c9f@gateway/web/freenode/ip.200.122.108.159) Quit (Quit: Page closed)</span><br />
<span class="irc-date">[20:25]</span> <span class="irc-navy">* ksclarke (~kevin@pdpc/supporter/active/ksclarke) Quit (Quit: Leaving.)</span><br />
<span class="irc-date">[21:36]</span> <span class="irc-green">* ksclarke (~kevin@pdpc/supporter/active/ksclarke) has joined #duraspace</span><br />
<span class="irc-date">[21:53]</span> <span class="irc-navy">* tdonohue (~tdonohue@c-67-177-111-99.hsd1.il.comcast.net) Quit (Read error: Connection reset by peer)</span><br />
<span class="irc-date">[22:29]</span> <span class="irc-navy">* ksclarke (~kevin@pdpc/supporter/active/ksclarke) Quit (Ping timeout: 240 seconds)</span><br />
<span class="irc-date">[22:34]</span> <span class="irc-green">* ksclarke (~kevin@pdpc/supporter/active/ksclarke) has joined #duraspace</span><br />
