<span class="irc-date">[0:34]</span> <span class="irc-navy">* misilot (~misilot@p-body.lib.fit.edu) Quit (Ping timeout: 264 seconds)</span><br />
<span class="irc-date">[1:33]</span> <span class="irc-green">* misilot (~misilot@p-body.lib.fit.edu) has joined #duraspace</span><br />
<span class="irc-date">[2:47]</span> <span class="irc-green">* misilot1 (~misilot@p-body.lib.fit.edu) has joined #duraspace</span><br />
<span class="irc-date">[2:47]</span> <span class="irc-navy">* misilot (~misilot@p-body.lib.fit.edu) Quit (Ping timeout: 240 seconds)</span><br />
<span class="irc-date">[6:41]</span> <span class="irc-brown">-calvino.freenode.net- *** Looking up your hostname...</span><br />
<span class="irc-date">[6:41]</span> <span class="irc-brown">-calvino.freenode.net- *** Checking Ident</span><br />
<span class="irc-date">[6:41]</span> <span class="irc-brown">-calvino.freenode.net- *** Found your hostname</span><br />
<span class="irc-date">[6:41]</span> <span class="irc-brown">-calvino.freenode.net- *** No Ident response</span><br />
<span class="irc-date">[6:41]</span> <span class="irc-green">* DuraLogBot (~PircBot@atlas.duraspace.org) has joined #duraspace</span><br />
<span class="irc-date">[6:41]</span> <span class="irc-green">* Topic is '[Welcome to DuraSpace - This channel is logged - <a href="http://irclogs.duraspace.org/]'">http://irclogs.duraspace.org/]'</a></span><br />
<span class="irc-date">[6:41]</span> <span class="irc-green">* Set by cwilper!ad579d86@gateway/web/freenode/ip.173.87.157.134 on Fri Oct 22 01:19:41 UTC 2010</span><br />
<span class="irc-date">[12:11]</span> <span class="irc-green">* jonathangee (~jonathang@blk-222-249-31.eastlink.ca) has joined #duraspace</span><br />
<span class="irc-date">[12:13]</span> <span class="irc-green">* mhwood (mwood@mhw.ulib.iupui.edu) has joined #duraspace</span><br />
<span class="irc-date">[12:15]</span> <span class="irc-green">* misilot1 is now known as misilot</span><br />
<span class="irc-date">[12:52]</span> <span class="irc-navy">* misilot (~misilot@p-body.lib.fit.edu) Quit (Quit: Leaving)</span><br />
<span class="irc-date">[12:52]</span> <span class="irc-green">* misilot (~misilot@p-body.lib.fit.edu) has joined #duraspace</span><br />
<span class="irc-date">[13:07]</span> <span class="irc-green">* tdonohue (~tdonohue@c-67-177-111-99.hsd1.il.comcast.net) has joined #duraspace</span><br />
<span class="irc-date">[13:20]</span> <span class="irc-navy">* misilot (~misilot@p-body.lib.fit.edu) Quit (Remote host closed the connection)</span><br />
<span class="irc-date">[13:22]</span> <span class="irc-green">* misilot (~misilot@p-body.lib.fit.edu) has joined #duraspace</span><br />
<span class="irc-date">[13:23]</span> <span class="irc-green">* misilot1 (~misilot@p-body.lib.fit.edu) has joined #duraspace</span><br />
<span class="irc-date">[13:23]</span> <span class="irc-navy">* misilot1 (~misilot@p-body.lib.fit.edu) Quit (Client Quit)</span><br />
<span class="irc-date">[14:54]</span> <span class="irc-navy">* PeterDietz (~peterdiet@128.146.173.70) Quit (Ping timeout: 245 seconds)</span><br />
<span class="irc-date">[14:56]</span> <span class="irc-green">* PeterDietz (~peterdiet@dhcp-164-107-110-35.osuwireless.ohio-state.edu) has joined #duraspace</span><br />
<span class="irc-date">[15:30]</span> <span class="irc-green">* eokgeog (~geokgoe@nat-129-171-249-143.net.miami.edu) has joined #duraspace</span><br />
<span class="irc-date">[16:29]</span> <span class="irc-navy">* eokgeog (~geokgoe@nat-129-171-249-143.net.miami.edu) Quit (Quit: eokgeog)</span><br />
<span class="irc-date">[16:59]</span> <span class="irc-green">* eokgeog (~geokgoe@nat-129-171-249-143.net.miami.edu) has joined #duraspace</span><br />
<span class="irc-date">[20:43]</span> <span class="irc-navy">* eokgeog (~geokgoe@nat-129-171-249-143.net.miami.edu) Quit (Quit: eokgeog)</span><br />
<span class="irc-date">[21:01]</span> <span class="irc-navy">* PeterDietz (~peterdiet@dhcp-164-107-110-35.osuwireless.ohio-state.edu) Quit (Remote host closed the connection)</span><br />
<span class="irc-date">[21:01]</span> <span class="irc-green">* PeterDietz (~peterdiet@dhcp-164-107-110-35.osuwireless.ohio-state.edu) has joined #duraspace</span><br />
<span class="irc-date">[21:03]</span> <span class="irc-navy">* mhwood (mwood@mhw.ulib.iupui.edu) Quit (Remote host closed the connection)</span><br />
<span class="irc-date">[21:07]</span> <span class="irc-navy">* PeterDietz (~peterdiet@dhcp-164-107-110-35.osuwireless.ohio-state.edu) Quit (Ping timeout: 276 seconds)</span><br />
<span class="irc-date">[21:44]</span> <span class="irc-navy">* awoods (~awoods@c-67-165-245-76.hsd1.co.comcast.net) Quit (Read error: Connection reset by peer)</span><br />
<span class="irc-date">[21:49]</span> <span class="irc-green">* awoods (~awoods@c-67-165-245-76.hsd1.co.comcast.net) has joined #duraspace</span><br />
<span class="irc-date">[21:51]</span> <span class="irc-green">* tdonohue (~tdonohue@c-67-177-111-99.hsd1.il.comcast.net) has left #duraspace</span><br />
