<span class="irc-date">[2:20]</span> <span class="irc-navy">* linux4u (~james@employed.library.emory.edu) Quit (Ping timeout: 255 seconds)</span><br />
<span class="irc-date">[2:32]</span> <span class="irc-green">* linux4u (~james@employed.library.emory.edu) has joined #duraspace</span><br />
<span class="irc-date">[5:50]</span> <span class="irc-green">* bigbrovar (~quassel@83.229.6.19) has joined #duraspace</span><br />
<span class="irc-date">[6:29]</span> <span class="irc-brown">-rajaniemi.freenode.net- *** Looking up your hostname...</span><br />
<span class="irc-date">[6:29]</span> <span class="irc-brown">-rajaniemi.freenode.net- *** Checking Ident</span><br />
<span class="irc-date">[6:29]</span> <span class="irc-brown">-rajaniemi.freenode.net- *** Found your hostname</span><br />
<span class="irc-date">[6:29]</span> <span class="irc-brown">-rajaniemi.freenode.net- *** No Ident response</span><br />
<span class="irc-date">[6:29]</span> <span class="irc-green">* DuraLogBot (~PircBot@atlas.duraspace.org) has joined #duraspace</span><br />
<span class="irc-date">[6:29]</span> <span class="irc-green">* Topic is '[Welcome to DuraSpace - This channel is logged - <a href="http://irclogs.duraspace.org/]'">http://irclogs.duraspace.org/]'</a></span><br />
<span class="irc-date">[6:29]</span> <span class="irc-green">* Set by cwilper!ad579d86@gateway/web/freenode/ip.173.87.157.134 on Fri Oct 22 01:19:41 UTC 2010</span><br />
<span class="irc-date">[9:30]</span> <span class="irc-navy">* eddies (~eddies@unaffiliated/eddies) Quit (Quit: Leaving.)</span><br />
<span class="irc-date">[9:44]</span> <span class="irc-green">* eddies (~eddies@bb121-7-92-153.singnet.com.sg) has joined #duraspace</span><br />
<span class="irc-date">[9:44]</span> <span class="irc-navy">* eddies (~eddies@bb121-7-92-153.singnet.com.sg) Quit (Changing host)</span><br />
<span class="irc-date">[9:44]</span> <span class="irc-green">* eddies (~eddies@unaffiliated/eddies) has joined #duraspace</span><br />
<span class="irc-date">[9:47]</span> <span class="irc-green">* eddies1 (~eddies@bb121-7-92-153.singnet.com.sg) has joined #duraspace</span><br />
<span class="irc-date">[9:47]</span> <span class="irc-navy">* eddies1 (~eddies@bb121-7-92-153.singnet.com.sg) Quit (Changing host)</span><br />
<span class="irc-date">[9:47]</span> <span class="irc-green">* eddies1 (~eddies@unaffiliated/eddies) has joined #duraspace</span><br />
<span class="irc-date">[9:47]</span> <span class="irc-navy">* eddies (~eddies@unaffiliated/eddies) Quit (Read error: Connection reset by peer)</span><br />
<span class="irc-date">[9:57]</span> <span class="irc-navy">* eddies1 (~eddies@unaffiliated/eddies) Quit (Quit: Leaving.)</span><br />
<span class="irc-date">[13:30]</span> <span class="irc-green">* mhwood (mwood@mhw.ulib.iupui.edu) has joined #duraspace</span><br />
<span class="irc-date">[14:07]</span> <span class="irc-green">* tdonohue (~tdonohue@67.177.111.99) has joined #duraspace</span><br />
<span class="irc-date">[14:25]</span> <span class="irc-navy">* tdonohue (~tdonohue@67.177.111.99) Quit (Quit: Leaving)</span><br />
<span class="irc-date">[14:26]</span> <span class="irc-green">* tdonohue (~tdonohue@c-67-177-111-99.hsd1.il.comcast.net) has joined #duraspace</span><br />
<span class="irc-date">[14:40]</span> <span class="irc-navy">* tdonohue (~tdonohue@c-67-177-111-99.hsd1.il.comcast.net) Quit (Disconnected by services)</span><br />
<span class="irc-date">[14:40]</span> <span class="irc-green">* tdonohue1 (~tdonohue@67.177.111.99) has joined #duraspace</span><br />
<span class="irc-date">[14:40]</span> <span class="irc-green">* tdonohue1 is now known as tdonohue</span><br />
<span class="irc-date">[15:57]</span> <span class="irc-green">* barmintor (~ba2213@dyn-128-59-159-52.dyn.columbia.edu) has left #duraspace</span><br />
<span class="irc-date">[15:58]</span> <span class="irc-green">* eddies (~eddies@cm107.eta98.maxonline.com.sg) has joined #duraspace</span><br />
<span class="irc-date">[15:58]</span> <span class="irc-navy">* eddies (~eddies@cm107.eta98.maxonline.com.sg) Quit (Changing host)</span><br />
<span class="irc-date">[15:58]</span> <span class="irc-green">* eddies (~eddies@unaffiliated/eddies) has joined #duraspace</span><br />
<span class="irc-date">[19:39]</span> <span class="irc-navy">* linux4u (~james@employed.library.emory.edu) Quit (Remote host closed the connection)</span><br />
<span class="irc-date">[20:01]</span> <span class="irc-green">* eddies1 (~eddies@cm107.eta98.maxonline.com.sg) has joined #duraspace</span><br />
<span class="irc-date">[20:01]</span> <span class="irc-navy">* eddies1 (~eddies@cm107.eta98.maxonline.com.sg) Quit (Changing host)</span><br />
<span class="irc-date">[20:01]</span> <span class="irc-green">* eddies1 (~eddies@unaffiliated/eddies) has joined #duraspace</span><br />
<span class="irc-date">[20:01]</span> <span class="irc-navy">* eddies (~eddies@unaffiliated/eddies) Quit (Read error: Connection reset by peer)</span><br />
<span class="irc-date">[20:55]</span> <span class="irc-navy">* mhwood (mwood@mhw.ulib.iupui.edu) Quit (Remote host closed the connection)</span><br />
<span class="irc-date">[22:55]</span> <span class="irc-navy">* tdonohue (~tdonohue@67.177.111.99) Quit (Read error: Connection reset by peer)</span><br />
<span class="irc-date">[23:02]</span> <span class="irc-navy">* scottatm (~scottatm@adhcp215.evans.tamu.edu) Quit (Quit: scottatm)</span><br />
