<span class="irc-date">[6:25]</span> <span class="irc-green">* edInCo (~edInCo@c-174-51-171-25.hsd1.co.comcast.net) has joined #duraspace</span><br />
<span class="irc-date">[6:29]</span> <span class="irc-navy">* edInCo (~edInCo@c-174-51-171-25.hsd1.co.comcast.net) Quit (Client Quit)</span><br />
<span class="irc-date">[6:29]</span> <span class="irc-brown">-adams.freenode.net- *** Looking up your hostname...</span><br />
<span class="irc-date">[6:29]</span> <span class="irc-brown">-adams.freenode.net- *** Checking Ident</span><br />
<span class="irc-date">[6:29]</span> <span class="irc-brown">-adams.freenode.net- *** Found your hostname</span><br />
<span class="irc-date">[6:29]</span> <span class="irc-brown">-adams.freenode.net- *** No Ident response</span><br />
<span class="irc-date">[6:29]</span> <span class="irc-green">* DuraLogBot (~PircBot@atlas.duraspace.org) has joined #duraspace</span><br />
<span class="irc-date">[6:29]</span> <span class="irc-green">* Topic is '[Welcome to DuraSpace - This channel is logged - <a href="http://irclogs.duraspace.org/]'">http://irclogs.duraspace.org/]'</a></span><br />
<span class="irc-date">[6:29]</span> <span class="irc-green">* Set by cwilper!ad579d86@gateway/web/freenode/ip.173.87.157.134 on Fri Oct 22 01:19:41 UTC 2010</span><br />
<span class="irc-date">[8:24]</span> <span class="irc-green">* ruebot_ (~ruebot@ec2-50-112-50-181.us-west-2.compute.amazonaws.com) has joined #duraspace</span><br />
<span class="irc-date">[8:30]</span> <span class="irc-navy">* ruebot (~ruebot@pdpc/supporter/professional/ruebot) Quit (*.net *.split)</span><br />
<span class="irc-date">[12:13]</span> <span class="irc-navy">* pdurbin (~pdurbin@server1.greptilian.com) Quit (Read error: Connection reset by peer)</span><br />
<span class="irc-date">[15:29]</span> <span class="irc-green">* pdurbin (~pdurbin@server1.greptilian.com) has joined #duraspace</span><br />
<span class="irc-date">[16:26]</span> <span class="irc-black">&lt;pdurbin&gt; it would be cool if <a href="http://irclogs.duraspace.org/index.php?date=today">http://irclogs.duraspace.org/index.php?date=today</a> went to, you know, today. :)</span><br />
<span class="irc-date">[16:26]</span> <span class="irc-black">&lt;kompewter&gt; [ IRC Log for #duraspace on irc.freenode.net, collected by DuraLogBot ] - <a href="http://irclogs.duraspace.org/index.php?date=today">http://irclogs.duraspace.org/index.php?date=today</a></span><br />
<span class="irc-date">[21:50]</span> <span class="irc-navy">* ruebot_ (~ruebot@ec2-50-112-50-181.us-west-2.compute.amazonaws.com) Quit (Quit: Please, sir, I want some more.)</span><br />
<span class="irc-date">[21:51]</span> <span class="irc-green">* ruebot (~ruebot@ec2-50-112-50-181.us-west-2.compute.amazonaws.com) has joined #duraspace</span><br />
<span class="irc-date">[21:51]</span> <span class="irc-navy">* ruebot (~ruebot@ec2-50-112-50-181.us-west-2.compute.amazonaws.com) Quit (Changing host)</span><br />
<span class="irc-date">[21:51]</span> <span class="irc-green">* ruebot (~ruebot@pdpc/supporter/professional/ruebot) has joined #duraspace</span><br />
<span class="irc-date">[23:35]</span> <span class="irc-green">* eddies (~eddies@cm105.eta99.maxonline.com.sg) has joined #duraspace</span><br />
<span class="irc-date">[23:35]</span> <span class="irc-navy">* eddies (~eddies@cm105.eta99.maxonline.com.sg) Quit (Changing host)</span><br />
<span class="irc-date">[23:35]</span> <span class="irc-green">* eddies (~eddies@unaffiliated/eddies) has joined #duraspace</span><br />
