<span class="irc-date">[0:21]</span> <span class="irc-navy">* eddies (~eddies@unaffiliated/eddies) Quit (Quit: Leaving.)</span><br />
<span class="irc-date">[6:46]</span> <span class="irc-brown">-hubbard.freenode.net- *** Looking up your hostname...</span><br />
<span class="irc-date">[6:46]</span> <span class="irc-brown">-hubbard.freenode.net- *** Checking Ident</span><br />
<span class="irc-date">[6:46]</span> <span class="irc-brown">-hubbard.freenode.net- *** Found your hostname</span><br />
<span class="irc-date">[6:46]</span> <span class="irc-brown">-hubbard.freenode.net- *** No Ident response</span><br />
<span class="irc-date">[6:46]</span> <span class="irc-green">* DuraLogBot (~PircBot@atlas.duraspace.org) has joined #duraspace</span><br />
<span class="irc-date">[6:46]</span> <span class="irc-green">* Topic is '[Welcome to DuraSpace - This channel is logged - <a href="http://irclogs.duraspace.org/]'">http://irclogs.duraspace.org/]'</a></span><br />
<span class="irc-date">[6:46]</span> <span class="irc-green">* Set by cwilper!ad579d86@gateway/web/freenode/ip.173.87.157.134 on Fri Oct 22 01:19:41 UTC 2010</span><br />
<span class="irc-date">[11:35]</span> <span class="irc-brown">-mquin- [Global Notice] Seems we're having a few network problems, please bear with us while we look into it</span><br />
<span class="irc-date">[11:54]</span> <span class="irc-navy">* misilot (~misilot@p-body.lib.fit.edu) Quit (Quit: Leaving)</span><br />
<span class="irc-date">[12:32]</span> <span class="irc-green">* tdonohue (~tdonohue@c-67-177-111-99.hsd1.il.comcast.net) has joined #duraspace</span><br />
<span class="irc-date">[14:10]</span> <span class="irc-green">* hpottinger (~hpottinge@mu-162198.dhcp.missouri.edu) has joined #duraspace</span><br />
<span class="irc-date">[14:31]</span> <span class="irc-green">* Ed_ (811398fe@gateway/web/freenode/ip.129.19.152.254) has joined #duraspace</span><br />
<span class="irc-date">[17:28]</span> <span class="irc-green">* mhwood (mwood@mhw.ulib.iupui.edu) has joined #duraspace</span><br />
<span class="irc-date">[17:53]</span> <span class="irc-green">* eddies (~eddies@116.232.214.218) has joined #duraspace</span><br />
<span class="irc-date">[17:53]</span> <span class="irc-navy">* eddies (~eddies@116.232.214.218) Quit (Changing host)</span><br />
<span class="irc-date">[17:53]</span> <span class="irc-green">* eddies (~eddies@unaffiliated/eddies) has joined #duraspace</span><br />
<span class="irc-date">[19:12]</span> <span class="irc-navy">* Ed_ (811398fe@gateway/web/freenode/ip.129.19.152.254) Quit (Quit: Page closed)</span><br />
<span class="irc-date">[21:28]</span> <span class="irc-navy">* mhwood (mwood@mhw.ulib.iupui.edu) Quit (Remote host closed the connection)</span><br />
<span class="irc-date">[21:51]</span> <span class="irc-navy">* hpottinger (~hpottinge@mu-162198.dhcp.missouri.edu) Quit (Quit: Later, taterz!)</span><br />
<span class="irc-date">[21:54]</span> <span class="irc-navy">* tdonohue (~tdonohue@c-67-177-111-99.hsd1.il.comcast.net) Quit (Read error: Connection reset by peer)</span><br />
<span class="irc-date">[22:10]</span> <span class="irc-navy">* jonathangee (~jonathang@blk-222-249-31.eastlink.ca) Quit (Quit: ZNC - <a href="http://znc.in)">http://znc.in)</a></span><br />
<span class="irc-date">[22:13]</span> <span class="irc-green">* jonathangee (~jonathang@blk-222-249-31.eastlink.ca) has joined #duraspace</span><br />
