<span class="irc-date">[6:38]</span> <span class="irc-navy">* ksclarke (~kevin@pdpc/supporter/active/ksclarke) Quit (Quit: Leaving.)</span><br />
<span class="irc-date">[6:53]</span> <span class="irc-brown">-pratchett.freenode.net- *** Looking up your hostname...</span><br />
<span class="irc-date">[6:53]</span> <span class="irc-brown">-pratchett.freenode.net- *** Checking Ident</span><br />
<span class="irc-date">[6:53]</span> <span class="irc-brown">-pratchett.freenode.net- *** Found your hostname</span><br />
<span class="irc-date">[6:53]</span> <span class="irc-brown">-pratchett.freenode.net- *** No Ident response</span><br />
<span class="irc-date">[6:53]</span> <span class="irc-green">* DuraLogBot (~PircBot@atlas.duraspace.org) has joined #duraspace</span><br />
<span class="irc-date">[6:53]</span> <span class="irc-green">* Topic is '[Welcome to DuraSpace - This channel is logged - <a href="http://irclogs.duraspace.org/]'">http://irclogs.duraspace.org/]'</a></span><br />
<span class="irc-date">[6:53]</span> <span class="irc-green">* Set by cwilper!ad579d86@gateway/web/freenode/ip.173.87.157.134 on Fri Oct 22 01:19:41 UTC 2010</span><br />
<span class="irc-date">[9:01]</span> <span class="irc-navy">* eddies (~eddies@unaffiliated/eddies) Quit (Quit: Leaving.)</span><br />
<span class="irc-date">[9:07]</span> <span class="irc-green">* eddies (~eddies@cm107.eta98.maxonline.com.sg) has joined #duraspace</span><br />
<span class="irc-date">[9:07]</span> <span class="irc-navy">* eddies (~eddies@cm107.eta98.maxonline.com.sg) Quit (Changing host)</span><br />
<span class="irc-date">[9:07]</span> <span class="irc-green">* eddies (~eddies@unaffiliated/eddies) has joined #duraspace</span><br />
<span class="irc-date">[9:23]</span> <span class="irc-navy">* eddies (~eddies@unaffiliated/eddies) Quit (Quit: Leaving.)</span><br />
<span class="irc-date">[12:05]</span> <span class="irc-green">* eddies (~eddies@cm107.eta98.maxonline.com.sg) has joined #duraspace</span><br />
<span class="irc-date">[12:05]</span> <span class="irc-navy">* eddies (~eddies@cm107.eta98.maxonline.com.sg) Quit (Changing host)</span><br />
<span class="irc-date">[12:05]</span> <span class="irc-green">* eddies (~eddies@unaffiliated/eddies) has joined #duraspace</span><br />
<span class="irc-date">[15:06]</span> <span class="irc-green">* PeterDietz (~peterdiet@h214.95.130.174.dynamic.ip.windstream.net) has joined #duraspace</span><br />
<span class="irc-date">[18:58]</span> <span class="irc-navy">* PeterDietz (~peterdiet@h214.95.130.174.dynamic.ip.windstream.net) Quit (Remote host closed the connection)</span><br />
<span class="irc-date">[18:58]</span> <span class="irc-green">* PeterDietz (~peterdiet@h214.95.130.174.dynamic.ip.windstream.net) has joined #duraspace</span><br />
<span class="irc-date">[19:03]</span> <span class="irc-navy">* PeterDietz (~peterdiet@h214.95.130.174.dynamic.ip.windstream.net) Quit (Ping timeout: 256 seconds)</span><br />
<span class="irc-date">[20:30]</span> <span class="irc-navy">* eddies (~eddies@unaffiliated/eddies) Quit (Quit: Leaving.)</span><br />
