<span class="irc-date">[0:46]</span> <span class="irc-navy">* PeterDietz (~peterdiet@dietz72m1.lib.ohio-state.edu) Quit (Remote host closed the connection)</span><br />
<span class="irc-date">[6:42]</span> <span class="irc-brown">-pratchett.freenode.net- *** Looking up your hostname...</span><br />
<span class="irc-date">[6:42]</span> <span class="irc-brown">-pratchett.freenode.net- *** Checking Ident</span><br />
<span class="irc-date">[6:42]</span> <span class="irc-brown">-pratchett.freenode.net- *** Found your hostname</span><br />
<span class="irc-date">[6:42]</span> <span class="irc-brown">-pratchett.freenode.net- *** No Ident response</span><br />
<span class="irc-date">[6:42]</span> <span class="irc-green">* DuraLogBot (~PircBot@atlas.duraspace.org) has joined #duraspace</span><br />
<span class="irc-date">[6:42]</span> <span class="irc-green">* Topic is '[Welcome to DuraSpace - This channel is logged - <a href="http://irclogs.duraspace.org/]'">http://irclogs.duraspace.org/]'</a></span><br />
<span class="irc-date">[6:42]</span> <span class="irc-green">* Set by cwilper!ad579d86@gateway/web/freenode/ip.173.87.157.134 on Fri Oct 22 01:19:41 UTC 2010</span><br />
<span class="irc-date">[8:51]</span> <span class="irc-navy">* kshepherd (kim@ec2-184-73-177-234.compute-1.amazonaws.com) Quit (Ping timeout: 240 seconds)</span><br />
<span class="irc-date">[8:51]</span> <span class="irc-green">* kshepherd (kim@ec2-184-73-177-234.compute-1.amazonaws.com) has joined #duraspace</span><br />
<span class="irc-date">[12:22]</span> <span class="irc-green">* mhwood (mwood@mhw.ulib.iupui.edu) has joined #duraspace</span><br />
<span class="irc-date">[12:51]</span> <span class="irc-green">* tdonohue (~tdonohue@c-67-177-111-99.hsd1.il.comcast.net) has joined #duraspace</span><br />
<span class="irc-date">[13:00]</span> <span class="irc-green">* PeterDietz (~peterdiet@dietz72m1.lib.ohio-state.edu) has joined #duraspace</span><br />
<span class="irc-date">[14:33]</span> <span class="irc-green">* PeterDie_ (~peterdiet@dhcp-164-107-232-162.osuwireless.ohio-state.edu) has joined #duraspace</span><br />
<span class="irc-date">[14:36]</span> <span class="irc-navy">* PeterDietz (~peterdiet@dietz72m1.lib.ohio-state.edu) Quit (Ping timeout: 256 seconds)</span><br />
<span class="irc-date">[14:54]</span> <span class="irc-navy">* PeterDie_ (~peterdiet@dhcp-164-107-232-162.osuwireless.ohio-state.edu) Quit (Remote host closed the connection)</span><br />
<span class="irc-date">[15:37]</span> <span class="irc-green">* PeterDietz (~peterdiet@dietz72m1.lib.ohio-state.edu) has joined #duraspace</span><br />
<span class="irc-date">[18:48]</span> <span class="irc-green">* jrgriffiniii (~chatzilla@139.147.64.195) has joined #duraspace</span><br />
<span class="irc-date">[18:48]</span> <span class="irc-black">&lt;jrgriffiniii&gt; Hello everyone, is there someone here with some knowledge of DSpace 1.7.2?</span><br />
<span class="irc-date">[20:09]</span> <span class="irc-navy">* mhwood (mwood@mhw.ulib.iupui.edu) Quit (Remote host closed the connection)</span><br />
<span class="irc-date">[21:07]</span> <span class="irc-navy">* jonathangee (~jonathang@199.255.218.217) Quit (Quit: ZNC - <a href="http://znc.in)">http://znc.in)</a></span><br />
<span class="irc-date">[21:52]</span> <span class="irc-navy">* PeterDietz (~peterdiet@dietz72m1.lib.ohio-state.edu) Quit (Ping timeout: 264 seconds)</span><br />
<span class="irc-date">[21:57]</span> <span class="irc-green">* tdonohue (~tdonohue@c-67-177-111-99.hsd1.il.comcast.net) has left #duraspace</span><br />
<span class="irc-date">[22:46]</span> <span class="irc-green">* awoods (~awoods@c-67-165-245-76.hsd1.co.comcast.net) has joined #duraspace</span><br />
