<span class="irc-date">[0:50]</span> <span class="irc-green">* ksclarke (~kevin@pdpc/supporter/active/ksclarke) has joined #duraspace</span><br />
<span class="irc-date">[3:11]</span> <span class="irc-navy">* ksclarke (~kevin@pdpc/supporter/active/ksclarke) Quit (Quit: Leaving.)</span><br />
<span class="irc-date">[6:43]</span> <span class="irc-brown">-holmes.freenode.net- *** Looking up your hostname...</span><br />
<span class="irc-date">[6:43]</span> <span class="irc-brown">-holmes.freenode.net- *** Checking Ident</span><br />
<span class="irc-date">[6:43]</span> <span class="irc-brown">-holmes.freenode.net- *** Found your hostname</span><br />
<span class="irc-date">[6:43]</span> <span class="irc-brown">-holmes.freenode.net- *** No Ident response</span><br />
<span class="irc-date">[6:43]</span> <span class="irc-green">* DuraLogBot (~PircBot@atlas.duraspace.org) has joined #duraspace</span><br />
<span class="irc-date">[6:43]</span> <span class="irc-green">* Topic is '[Welcome to DuraSpace - This channel is logged - <a href="http://irclogs.duraspace.org/]'">http://irclogs.duraspace.org/]'</a></span><br />
<span class="irc-date">[6:43]</span> <span class="irc-green">* Set by cwilper!ad579d86@gateway/web/freenode/ip.173.87.157.134 on Fri Oct 22 01:19:41 UTC 2010</span><br />
<span class="irc-date">[11:10]</span> <span class="irc-green">* fasseg (~fas@HSI-KBW-078-043-007-220.hsi4.kabel-badenwuerttemberg.de) has joined #duraspace</span><br />
<span class="irc-date">[12:09]</span> <span class="irc-green">* misilot (~misilot@p-body.lib.fit.edu) has joined #duraspace</span><br />
<span class="irc-date">[12:09]</span> <span class="irc-green">* mhwood (mwood@mhw.ulib.iupui.edu) has joined #duraspace</span><br />
<span class="irc-date">[13:06]</span> <span class="irc-green">* ksclarke (~kevin@pdpc/supporter/active/ksclarke) has joined #duraspace</span><br />
<span class="irc-date">[13:16]</span> <span class="irc-navy">* ksclarke (~kevin@pdpc/supporter/active/ksclarke) Quit (Quit: Leaving.)</span><br />
<span class="irc-date">[13:17]</span> <span class="irc-green">* ksclarke (~kevin@pdpc/supporter/active/ksclarke) has joined #duraspace</span><br />
<span class="irc-date">[14:18]</span> <span class="irc-green">* tdonohue (~tdonohue@c-67-177-111-99.hsd1.il.comcast.net) has joined #duraspace</span><br />
<span class="irc-date">[14:21]</span> <span class="irc-green">* tdonohue (~tdonohue@c-67-177-111-99.hsd1.il.comcast.net) has left #duraspace</span><br />
<span class="irc-date">[14:21]</span> <span class="irc-green">* tdonohue (~tdonohue@c-67-177-111-99.hsd1.il.comcast.net) has joined #duraspace</span><br />
<span class="irc-date">[14:21]</span> <span class="irc-green">* tdonohue (~tdonohue@c-67-177-111-99.hsd1.il.comcast.net) has left #duraspace</span><br />
<span class="irc-date">[14:25]</span> <span class="irc-green">* tdonohue (~tdonohue@c-67-177-111-99.hsd1.il.comcast.net) has joined #duraspace</span><br />
<span class="irc-date">[14:29]</span> <span class="irc-green">* tdonohue (~tdonohue@c-67-177-111-99.hsd1.il.comcast.net) has left #duraspace</span><br />
<span class="irc-date">[14:30]</span> <span class="irc-green">* tdonohue (~tdonohue@c-67-177-111-99.hsd1.il.comcast.net) has joined #duraspace</span><br />
<span class="irc-date">[14:50]</span> <span class="irc-green">* PeterDietz (~peterdiet@dhcp-140-254-148-230.osuwireless.ohio-state.edu) has joined #duraspace</span><br />
<span class="irc-date">[15:00]</span> <span class="irc-green">* eddies (~eddies@cm107.eta98.maxonline.com.sg) has joined #duraspace</span><br />
<span class="irc-date">[15:00]</span> <span class="irc-navy">* eddies (~eddies@cm107.eta98.maxonline.com.sg) Quit (Changing host)</span><br />
<span class="irc-date">[15:00]</span> <span class="irc-green">* eddies (~eddies@unaffiliated/eddies) has joined #duraspace</span><br />
<span class="irc-date">[15:45]</span> <span class="irc-navy">* tdonohue (~tdonohue@c-67-177-111-99.hsd1.il.comcast.net) Quit (Read error: Connection reset by peer)</span><br />
<span class="irc-date">[15:47]</span> <span class="irc-green">* tdonohue (~tdonohue@c-67-177-111-99.hsd1.il.comcast.net) has joined #duraspace</span><br />
<span class="irc-date">[15:56]</span> <span class="irc-green">* tdonohue1 (~tdonohue@c-67-177-111-99.hsd1.il.comcast.net) has joined #duraspace</span><br />
<span class="irc-date">[15:58]</span> <span class="irc-navy">* tdonohue (~tdonohue@c-67-177-111-99.hsd1.il.comcast.net) Quit (Ping timeout: 252 seconds)</span><br />
<span class="irc-date">[16:00]</span> <span class="irc-navy">* tdonohue1 (~tdonohue@c-67-177-111-99.hsd1.il.comcast.net) Quit (Client Quit)</span><br />
<span class="irc-date">[16:08]</span> <span class="irc-green">* tdonohue (~tdonohue@c-67-177-111-99.hsd1.il.comcast.net) has joined #duraspace</span><br />
<span class="irc-date">[20:15]</span> <span class="irc-green">* PeterDie_ (~peterdiet@128.146.173.70) has joined #duraspace</span><br />
<span class="irc-date">[20:15]</span> <span class="irc-navy">* PeterDietz (~peterdiet@dhcp-140-254-148-230.osuwireless.ohio-state.edu) Quit (Read error: Connection reset by peer)</span><br />
<span class="irc-date">[20:58]</span> <span class="irc-navy">* misilot (~misilot@p-body.lib.fit.edu) Quit (Quit: Leaving)</span><br />
<span class="irc-date">[21:10]</span> <span class="irc-navy">* mhwood (mwood@mhw.ulib.iupui.edu) Quit (Remote host closed the connection)</span><br />
<span class="irc-date">[21:29]</span> <span class="irc-navy">* gravelpot (~gravelpot@128.83.231.140) Quit (Quit: gravelpot)</span><br />
<span class="irc-date">[21:52]</span> <span class="irc-navy">* tdonohue (~tdonohue@c-67-177-111-99.hsd1.il.comcast.net) Quit (Ping timeout: 248 seconds)</span><br />
<span class="irc-date">[21:57]</span> <span class="irc-green">* PeterDietz (~peterdiet@dhcp-140-254-148-230.osuwireless.ohio-state.edu) has joined #duraspace</span><br />
<span class="irc-date">[22:00]</span> <span class="irc-navy">* PeterDie_ (~peterdiet@128.146.173.70) Quit (Ping timeout: 264 seconds)</span><br />
<span class="irc-date">[22:01]</span> <span class="irc-navy">* PeterDietz (~peterdiet@dhcp-140-254-148-230.osuwireless.ohio-state.edu) Quit (Ping timeout: 260 seconds)</span><br />
<span class="irc-date">[22:15]</span> <span class="irc-navy">* ksclarke (~kevin@pdpc/supporter/active/ksclarke) Quit (Ping timeout: 246 seconds)</span><br />
<span class="irc-date">[22:31]</span> <span class="irc-navy">* fasseg (~fas@HSI-KBW-078-043-007-220.hsi4.kabel-badenwuerttemberg.de) Quit (Remote host closed the connection)</span><br />
