<span class="irc-date">[0:30]</span> <span class="irc-green">* eddies (~eddies@205.178.24.120) has joined #duraspace</span><br />
<span class="irc-date">[0:30]</span> <span class="irc-navy">* eddies (~eddies@205.178.24.120) Quit (Changing host)</span><br />
<span class="irc-date">[0:30]</span> <span class="irc-green">* eddies (~eddies@unaffiliated/eddies) has joined #duraspace</span><br />
<span class="irc-date">[6:49]</span> <span class="irc-brown">-adams.freenode.net- *** Looking up your hostname...</span><br />
<span class="irc-date">[6:49]</span> <span class="irc-brown">-adams.freenode.net- *** Checking Ident</span><br />
<span class="irc-date">[6:49]</span> <span class="irc-brown">-adams.freenode.net- *** Found your hostname</span><br />
<span class="irc-date">[6:49]</span> <span class="irc-brown">-adams.freenode.net- *** No Ident response</span><br />
<span class="irc-date">[6:49]</span> <span class="irc-green">* DuraLogBot (~PircBot@atlas.duraspace.org) has joined #duraspace</span><br />
<span class="irc-date">[6:49]</span> <span class="irc-green">* Topic is '[Welcome to DuraSpace - This channel is logged - <a href="http://irclogs.duraspace.org/]'">http://irclogs.duraspace.org/]'</a></span><br />
<span class="irc-date">[6:49]</span> <span class="irc-green">* Set by cwilper!ad579d86@gateway/web/freenode/ip.173.87.157.134 on Fri Oct 22 01:19:41 UTC 2010</span><br />
<span class="irc-date">[13:17]</span> <span class="irc-green">* mhwood (mwood@mhw.ulib.iupui.edu) has joined #duraspace</span><br />
<span class="irc-date">[14:27]</span> <span class="irc-green">* tdonohue (~tdonohue@c-67-177-111-99.hsd1.il.comcast.net) has joined #duraspace</span><br />
<span class="irc-date">[14:32]</span> <span class="irc-navy">* eddies (~eddies@unaffiliated/eddies) Quit (Quit: Leaving.)</span><br />
<span class="irc-date">[14:33]</span> <span class="irc-green">* eddies (~eddies@205.178.24.120) has joined #duraspace</span><br />
<span class="irc-date">[14:33]</span> <span class="irc-navy">* eddies (~eddies@205.178.24.120) Quit (Changing host)</span><br />
<span class="irc-date">[14:33]</span> <span class="irc-green">* eddies (~eddies@unaffiliated/eddies) has joined #duraspace</span><br />
<span class="irc-date">[16:35]</span> <span class="irc-navy">* eddies (~eddies@unaffiliated/eddies) Quit (Quit: Leaving.)</span><br />
<span class="irc-date">[17:00]</span> <span class="irc-green">* eddies (~eddies@205.178.24.120) has joined #duraspace</span><br />
<span class="irc-date">[17:00]</span> <span class="irc-navy">* eddies (~eddies@205.178.24.120) Quit (Changing host)</span><br />
<span class="irc-date">[17:00]</span> <span class="irc-green">* eddies (~eddies@unaffiliated/eddies) has joined #duraspace</span><br />
<span class="irc-date">[17:18]</span> <span class="irc-navy">* eddies (~eddies@unaffiliated/eddies) Quit (Quit: Leaving.)</span><br />
<span class="irc-date">[18:29]</span> <span class="irc-green">* eddies (eddies@conference/code4lib/x-exmqkfbgfqcdaksg) has joined #duraspace</span><br />
<span class="irc-date">[18:29]</span> <span class="irc-navy">* eddies (eddies@conference/code4lib/x-exmqkfbgfqcdaksg) Quit (Changing host)</span><br />
<span class="irc-date">[18:29]</span> <span class="irc-green">* eddies (eddies@unaffiliated/eddies) has joined #duraspace</span><br />
<span class="irc-date">[18:29]</span> <span class="irc-navy">* eddies (eddies@unaffiliated/eddies) Quit (Changing host)</span><br />
<span class="irc-date">[18:29]</span> <span class="irc-green">* eddies (eddies@conference/code4lib/x-exmqkfbgfqcdaksg) has joined #duraspace</span><br />
<span class="irc-date">[18:39]</span> <span class="irc-navy">* eddies (eddies@conference/code4lib/x-exmqkfbgfqcdaksg) Quit (Quit: Leaving.)</span><br />
<span class="irc-date">[20:00]</span> <span class="irc-green">* eddies (eddies@conference/code4lib/x-bpjgwgoxrymwaiyi) has joined #duraspace</span><br />
<span class="irc-date">[20:00]</span> <span class="irc-navy">* eddies (eddies@conference/code4lib/x-bpjgwgoxrymwaiyi) Quit (Changing host)</span><br />
<span class="irc-date">[20:00]</span> <span class="irc-green">* eddies (eddies@unaffiliated/eddies) has joined #duraspace</span><br />
<span class="irc-date">[20:00]</span> <span class="irc-navy">* eddies (eddies@unaffiliated/eddies) Quit (Changing host)</span><br />
<span class="irc-date">[20:00]</span> <span class="irc-green">* eddies (eddies@conference/code4lib/x-bpjgwgoxrymwaiyi) has joined #duraspace</span><br />
<span class="irc-date">[20:19]</span> <span class="irc-navy">* eddies (eddies@conference/code4lib/x-bpjgwgoxrymwaiyi) Quit (Quit: Leaving.)</span><br />
<span class="irc-date">[20:25]</span> <span class="irc-green">* eddies (eddies@conference/code4lib/x-rncibkdxlyitdtjv) has joined #duraspace</span><br />
<span class="irc-date">[20:25]</span> <span class="irc-navy">* eddies (eddies@conference/code4lib/x-rncibkdxlyitdtjv) Quit (Changing host)</span><br />
<span class="irc-date">[20:25]</span> <span class="irc-green">* eddies (eddies@unaffiliated/eddies) has joined #duraspace</span><br />
<span class="irc-date">[20:25]</span> <span class="irc-navy">* eddies (eddies@unaffiliated/eddies) Quit (Changing host)</span><br />
<span class="irc-date">[20:25]</span> <span class="irc-green">* eddies (eddies@conference/code4lib/x-rncibkdxlyitdtjv) has joined #duraspace</span><br />
<span class="irc-date">[20:41]</span> <span class="irc-navy">* eddies (eddies@conference/code4lib/x-rncibkdxlyitdtjv) Quit (Quit: Leaving.)</span><br />
<span class="irc-date">[20:54]</span> <span class="irc-green">* eddies (eddies@conference/code4lib/x-igbnltckksjlfhee) has joined #duraspace</span><br />
<span class="irc-date">[20:54]</span> <span class="irc-navy">* eddies (eddies@conference/code4lib/x-igbnltckksjlfhee) Quit (Changing host)</span><br />
<span class="irc-date">[20:54]</span> <span class="irc-green">* eddies (eddies@unaffiliated/eddies) has joined #duraspace</span><br />
<span class="irc-date">[20:54]</span> <span class="irc-navy">* eddies (eddies@unaffiliated/eddies) Quit (Changing host)</span><br />
<span class="irc-date">[20:54]</span> <span class="irc-green">* eddies (eddies@conference/code4lib/x-igbnltckksjlfhee) has joined #duraspace</span><br />
<span class="irc-date">[21:08]</span> <span class="irc-navy">* eddies (eddies@conference/code4lib/x-igbnltckksjlfhee) Quit (Quit: Leaving.)</span><br />
<span class="irc-date">[22:05]</span> <span class="irc-navy">* mhwood (mwood@mhw.ulib.iupui.edu) Quit (Remote host closed the connection)</span><br />
<span class="irc-date">[22:38]</span> <span class="irc-green">* eddies (~eddies@205.178.24.120) has joined #duraspace</span><br />
<span class="irc-date">[22:38]</span> <span class="irc-navy">* eddies (~eddies@205.178.24.120) Quit (Changing host)</span><br />
<span class="irc-date">[22:38]</span> <span class="irc-green">* eddies (~eddies@unaffiliated/eddies) has joined #duraspace</span><br />
<span class="irc-date">[22:51]</span> <span class="irc-navy">* tdonohue (~tdonohue@c-67-177-111-99.hsd1.il.comcast.net) Quit (Read error: Connection reset by peer)</span><br />
