<span class="irc-date">[6:38]</span> <span class="irc-brown">-gibson.freenode.net- *** Looking up your hostname...</span><br />
<span class="irc-date">[6:38]</span> <span class="irc-brown">-gibson.freenode.net- *** Checking Ident</span><br />
<span class="irc-date">[6:38]</span> <span class="irc-brown">-gibson.freenode.net- *** Found your hostname</span><br />
<span class="irc-date">[6:38]</span> <span class="irc-brown">-gibson.freenode.net- *** No Ident response</span><br />
<span class="irc-date">[6:38]</span> <span class="irc-green">* DuraLogBot (~PircBot@atlas.duraspace.org) has joined #duraspace</span><br />
<span class="irc-date">[6:38]</span> <span class="irc-green">* Topic is '[Welcome to DuraSpace - This channel is logged - <a href="http://irclogs.duraspace.org/]'">http://irclogs.duraspace.org/]'</a></span><br />
<span class="irc-date">[6:38]</span> <span class="irc-green">* Set by cwilper!ad579d86@gateway/web/freenode/ip.173.87.157.134 on Fri Oct 22 01:19:41 UTC 2010</span><br />
<span class="irc-date">[13:23]</span> <span class="irc-green">* mhwood (mwood@mhw.ulib.iupui.edu) has joined #duraspace</span><br />
<span class="irc-date">[14:07]</span> <span class="irc-green">* tdonohue (~tdonohue@c-67-177-111-99.hsd1.il.comcast.net) has joined #duraspace</span><br />
<span class="irc-date">[14:37]</span> <span class="irc-green">* eddies (~eddies@cm175.eta98.maxonline.com.sg) has joined #duraspace</span><br />
<span class="irc-date">[14:37]</span> <span class="irc-navy">* eddies (~eddies@cm175.eta98.maxonline.com.sg) Quit (Changing host)</span><br />
<span class="irc-date">[14:37]</span> <span class="irc-green">* eddies (~eddies@unaffiliated/eddies) has joined #duraspace</span><br />
<span class="irc-date">[14:38]</span> <span class="irc-green">* eddies_ (~eddies@cm175.eta98.maxonline.com.sg) has joined #duraspace</span><br />
<span class="irc-date">[14:39]</span> <span class="irc-navy">* eddies (~eddies@unaffiliated/eddies) Quit (Client Quit)</span><br />
<span class="irc-date">[14:40]</span> <span class="irc-navy">* eddies_ (~eddies@cm175.eta98.maxonline.com.sg) Quit (Remote host closed the connection)</span><br />
<span class="irc-date">[14:41]</span> <span class="irc-green">* eddies (~eddies@unaffiliated/eddies) has joined #duraspace</span><br />
<span class="irc-date">[15:07]</span> <span class="irc-navy">* PeterDietz (~peterdiet@128.146.173.112) Quit (Ping timeout: 255 seconds)</span><br />
<span class="irc-date">[15:12]</span> <span class="irc-green">* PeterDietz (~peterdiet@128.146.173.112) has joined #duraspace</span><br />
<span class="irc-date">[15:22]</span> <span class="irc-navy">* eddies (~eddies@unaffiliated/eddies) Quit (Remote host closed the connection)</span><br />
<span class="irc-date">[15:22]</span> <span class="irc-green">* eddies (~eddies@cm175.eta98.maxonline.com.sg) has joined #duraspace</span><br />
<span class="irc-date">[15:22]</span> <span class="irc-navy">* eddies (~eddies@cm175.eta98.maxonline.com.sg) Quit (Changing host)</span><br />
<span class="irc-date">[15:22]</span> <span class="irc-green">* eddies (~eddies@unaffiliated/eddies) has joined #duraspace</span><br />
<span class="irc-date">[22:04]</span> <span class="irc-navy">* mhwood (mwood@mhw.ulib.iupui.edu) Quit (Remote host closed the connection)</span><br />
<span class="irc-date">[22:50]</span> <span class="irc-navy">* tdonohue (~tdonohue@c-67-177-111-99.hsd1.il.comcast.net) Quit (Read error: Connection reset by peer)</span><br />
