<span class="irc-date">[0:25]</span> <span class="irc-green">* ksclarke (~kevin@pdpc/supporter/active/ksclarke) has joined #duraspace</span><br />
<span class="irc-date">[0:26]</span> <span class="irc-navy">* ksclarke (~kevin@pdpc/supporter/active/ksclarke) Quit (Client Quit)</span><br />
<span class="irc-date">[0:27]</span> <span class="irc-green">* ksclarke (~kevin@pdpc/supporter/active/ksclarke) has joined #duraspace</span><br />
<span class="irc-date">[4:21]</span> <span class="irc-navy">* ksclarke (~kevin@pdpc/supporter/active/ksclarke) Quit (Quit: Leaving.)</span><br />
<span class="irc-date">[6:38]</span> <span class="irc-brown">-leguin.freenode.net- *** Looking up your hostname...</span><br />
<span class="irc-date">[6:38]</span> <span class="irc-brown">-leguin.freenode.net- *** Checking Ident</span><br />
<span class="irc-date">[6:38]</span> <span class="irc-brown">-leguin.freenode.net- *** Found your hostname</span><br />
<span class="irc-date">[6:38]</span> <span class="irc-brown">-leguin.freenode.net- *** No Ident response</span><br />
<span class="irc-date">[6:38]</span> <span class="irc-green">* DuraLogBot (~PircBot@atlas.duraspace.org) has joined #duraspace</span><br />
<span class="irc-date">[6:38]</span> <span class="irc-green">* Topic is '[Welcome to DuraSpace - This channel is logged - <a href="http://irclogs.duraspace.org/]'">http://irclogs.duraspace.org/]'</a></span><br />
<span class="irc-date">[6:38]</span> <span class="irc-green">* Set by cwilper!ad579d86@gateway/web/freenode/ip.173.87.157.134 on Fri Oct 22 01:19:41 UTC 2010</span><br />
<span class="irc-date">[8:54]</span> <span class="irc-navy">* eddies (~eddies@unaffiliated/eddies) Quit (Quit: Leaving.)</span><br />
<span class="irc-date">[9:57]</span> <span class="irc-green">* eddies (~eddies@42.61.209.30) has joined #duraspace</span><br />
<span class="irc-date">[9:57]</span> <span class="irc-navy">* eddies (~eddies@42.61.209.30) Quit (Changing host)</span><br />
<span class="irc-date">[9:57]</span> <span class="irc-green">* eddies (~eddies@unaffiliated/eddies) has joined #duraspace</span><br />
<span class="irc-date">[10:15]</span> <span class="irc-navy">* eddies (~eddies@unaffiliated/eddies) Quit (Quit: Leaving.)</span><br />
<span class="irc-date">[10:49]</span> <span class="irc-green">* eddies (~eddies@cm107.eta98.maxonline.com.sg) has joined #duraspace</span><br />
<span class="irc-date">[10:49]</span> <span class="irc-navy">* eddies (~eddies@cm107.eta98.maxonline.com.sg) Quit (Changing host)</span><br />
<span class="irc-date">[10:49]</span> <span class="irc-green">* eddies (~eddies@unaffiliated/eddies) has joined #duraspace</span><br />
<span class="irc-date">[12:32]</span> <span class="irc-green">* mhwood (mwood@mhw.ulib.iupui.edu) has joined #duraspace</span><br />
<span class="irc-date">[12:45]</span> <span class="irc-green">* ksclarke (~kevin@pdpc/supporter/active/ksclarke) has joined #duraspace</span><br />
<span class="irc-date">[13:17]</span> <span class="irc-green">* tdonohue (~tdonohue@c-67-177-111-99.hsd1.il.comcast.net) has joined #duraspace</span><br />
<span class="irc-date">[14:20]</span> <span class="irc-navy">* ksclarke (~kevin@pdpc/supporter/active/ksclarke) Quit (Quit: Leaving.)</span><br />
<span class="irc-date">[14:20]</span> <span class="irc-green">* ksclarke (~kevin@pdpc/supporter/active/ksclarke) has joined #duraspace</span><br />
<span class="irc-date">[14:35]</span> <span class="irc-green">* fasseg (~fas@HSI-KBW-078-043-007-220.hsi4.kabel-badenwuerttemberg.de) has joined #duraspace</span><br />
<span class="irc-date">[15:23]</span> <span class="irc-green">* PeterDietz (~peterdiet@dhcp-140-254-148-191.osuwireless.ohio-state.edu) has joined #duraspace</span><br />
<span class="irc-date">[15:25]</span> <span class="irc-navy">* PeterDie_ (~peterdiet@128.146.173.70) Quit (Ping timeout: 240 seconds)</span><br />
<span class="irc-date">[15:27]</span> <span class="irc-navy">* PeterDietz (~peterdiet@dhcp-140-254-148-191.osuwireless.ohio-state.edu) Quit (Read error: Connection reset by peer)</span><br />
<span class="irc-date">[15:27]</span> <span class="irc-green">* PeterDie_ (~peterdiet@dhcp-140-254-148-191.osuwireless.ohio-state.edu) has joined #duraspace</span><br />
<span class="irc-date">[16:15]</span> <span class="irc-navy">* eddies (~eddies@unaffiliated/eddies) Quit (Quit: Leaving.)</span><br />
<span class="irc-date">[16:18]</span> <span class="irc-green">* eddies (~eddies@cm107.eta98.maxonline.com.sg) has joined #duraspace</span><br />
<span class="irc-date">[16:18]</span> <span class="irc-navy">* eddies (~eddies@cm107.eta98.maxonline.com.sg) Quit (Changing host)</span><br />
<span class="irc-date">[16:18]</span> <span class="irc-green">* eddies (~eddies@unaffiliated/eddies) has joined #duraspace</span><br />
<span class="irc-date">[16:42]</span> <span class="irc-navy">* PeterDie_ (~peterdiet@dhcp-140-254-148-191.osuwireless.ohio-state.edu) Quit (Remote host closed the connection)</span><br />
<span class="irc-date">[16:42]</span> <span class="irc-green">* PeterDietz (~peterdiet@dhcp-140-254-148-191.osuwireless.ohio-state.edu) has joined #duraspace</span><br />
<span class="irc-date">[16:47]</span> <span class="irc-navy">* PeterDietz (~peterdiet@dhcp-140-254-148-191.osuwireless.ohio-state.edu) Quit (Ping timeout: 245 seconds)</span><br />
<span class="irc-date">[16:49]</span> <span class="irc-green">* PeterDietz (~peterdiet@128.146.173.70) has joined #duraspace</span><br />
<span class="irc-date">[17:32]</span> <span class="irc-green">* jonathangee (~jonathang@blk-222-249-31.eastlink.ca) has joined #duraspace</span><br />
<span class="irc-date">[19:44]</span> <span class="irc-green">* eddies is now known as theRealBarmintor</span><br />
<span class="irc-date">[19:45]</span> <span class="irc-green">* theRealBarmintor is now known as eddies</span><br />
<span class="irc-date">[20:59]</span> <span class="irc-navy">* fasseg (~fas@HSI-KBW-078-043-007-220.hsi4.kabel-badenwuerttemberg.de) Quit (Remote host closed the connection)</span><br />
<span class="irc-date">[21:08]</span> <span class="irc-navy">* mhwood (mwood@mhw.ulib.iupui.edu) Quit (Remote host closed the connection)</span><br />
<span class="irc-date">[21:47]</span> <span class="irc-navy">* PeterDietz (~peterdiet@128.146.173.70) Quit (Read error: Connection reset by peer)</span><br />
<span class="irc-date">[21:47]</span> <span class="irc-green">* PeterDietz (~peterdiet@128.146.173.70) has joined #duraspace</span><br />
<span class="irc-date">[21:49]</span> <span class="irc-navy">* PeterDietz (~peterdiet@128.146.173.70) Quit (Remote host closed the connection)</span><br />
<span class="irc-date">[21:49]</span> <span class="irc-green">* PeterDietz (~peterdiet@dhcp-140-254-148-191.osuwireless.ohio-state.edu) has joined #duraspace</span><br />
<span class="irc-date">[21:50]</span> <span class="irc-navy">* PeterDietz (~peterdiet@dhcp-140-254-148-191.osuwireless.ohio-state.edu) Quit (Read error: Connection reset by peer)</span><br />
<span class="irc-date">[21:50]</span> <span class="irc-green">* PeterDietz (~peterdiet@dhcp-140-254-148-191.osuwireless.ohio-state.edu) has joined #duraspace</span><br />
<span class="irc-date">[21:53]</span> <span class="irc-navy">* tdonohue (~tdonohue@c-67-177-111-99.hsd1.il.comcast.net) Quit (Read error: Connection reset by peer)</span><br />
<span class="irc-date">[21:55]</span> <span class="irc-navy">* PeterDietz (~peterdiet@dhcp-140-254-148-191.osuwireless.ohio-state.edu) Quit (Ping timeout: 260 seconds)</span><br />
<span class="irc-date">[22:47]</span> <span class="irc-navy">* ksclarke (~kevin@pdpc/supporter/active/ksclarke) Quit (Quit: Leaving.)</span><br />
