<span class="irc-date">[1:20]</span> <span class="irc-navy">* Disconnected.</span><br />
<span class="irc-date">[1:20]</span> <span class="irc-brown">-calvino.freenode.net- *** Looking up your hostname...</span><br />
<span class="irc-date">[1:20]</span> <span class="irc-brown">-calvino.freenode.net- *** Checking Ident</span><br />
<span class="irc-date">[1:20]</span> <span class="irc-brown">-calvino.freenode.net- *** Found your hostname</span><br />
<span class="irc-date">[1:20]</span> <span class="irc-brown">-calvino.freenode.net- *** No Ident response</span><br />
<span class="irc-date">[6:36]</span> <span class="irc-brown">-leguin.freenode.net- *** Looking up your hostname...</span><br />
<span class="irc-date">[6:36]</span> <span class="irc-brown">-leguin.freenode.net- *** Checking Ident</span><br />
<span class="irc-date">[6:36]</span> <span class="irc-brown">-leguin.freenode.net- *** Found your hostname</span><br />
<span class="irc-date">[6:36]</span> <span class="irc-brown">-leguin.freenode.net- *** No Ident response</span><br />
<span class="irc-date">[6:36]</span> <span class="irc-green">* DuraLogBot (~PircBot@atlas.duraspace.org) has joined #duraspace</span><br />
<span class="irc-date">[6:36]</span> <span class="irc-green">* Topic is '[Welcome to DuraSpace - This channel is logged - <a href="http://irclogs.duraspace.org/]'">http://irclogs.duraspace.org/]'</a></span><br />
<span class="irc-date">[6:36]</span> <span class="irc-green">* Set by cwilper!ad579d86@gateway/web/freenode/ip.173.87.157.134 on Fri Oct 22 01:19:41 UTC 2010</span><br />
<span class="irc-date">[11:38]</span> <span class="irc-navy">* jrgriffiniii (~chatzilla@139.147.64.195) Quit (Ping timeout: 245 seconds)</span><br />
<span class="irc-date">[14:25]</span> <span class="irc-green">* PeterDietz (~peterdiet@h135.123.130.174.dynamic.ip.windstream.net) has joined #duraspace</span><br />
<span class="irc-date">[15:08]</span> <span class="irc-navy">* PeterDietz (~peterdiet@h135.123.130.174.dynamic.ip.windstream.net) Quit (Remote host closed the connection)</span><br />
<span class="irc-date">[15:09]</span> <span class="irc-green">* PeterDietz (~peterdiet@h135.123.130.174.dynamic.ip.windstream.net) has joined #duraspace</span><br />
<span class="irc-date">[15:14]</span> <span class="irc-navy">* PeterDietz (~peterdiet@h135.123.130.174.dynamic.ip.windstream.net) Quit (Ping timeout: 272 seconds)</span><br />
<span class="irc-date">[15:28]</span> <span class="irc-green">* PeterDietz (~peterdiet@h135.123.130.174.dynamic.ip.windstream.net) has joined #duraspace</span><br />
<span class="irc-date">[16:23]</span> <span class="irc-green">* jrgriffiniii (~chatzilla@139.147.64.195) has joined #duraspace</span><br />
<span class="irc-date">[16:25]</span> <span class="irc-navy">* PeterDietz (~peterdiet@h135.123.130.174.dynamic.ip.windstream.net) Quit (Remote host closed the connection)</span><br />
<span class="irc-date">[17:45]</span> <span class="irc-green">* PeterDietz (~peterdiet@h135.123.130.174.dynamic.ip.windstream.net) has joined #duraspace</span><br />
<span class="irc-date">[17:54]</span> <span class="irc-navy">* PeterDietz (~peterdiet@h135.123.130.174.dynamic.ip.windstream.net) Quit (Remote host closed the connection)</span><br />
<span class="irc-date">[17:54]</span> <span class="irc-green">* PeterDietz (~peterdiet@h135.123.130.174.dynamic.ip.windstream.net) has joined #duraspace</span><br />
<span class="irc-date">[17:59]</span> <span class="irc-navy">* PeterDietz (~peterdiet@h135.123.130.174.dynamic.ip.windstream.net) Quit (Ping timeout: 248 seconds)</span><br />
