<span class="irc-date">[0:27]</span> <span class="irc-navy">* fasseg (~fas@HSI-KBW-078-043-007-220.hsi4.kabel-badenwuerttemberg.de) Quit (Ping timeout: 240 seconds)</span><br />
<span class="irc-date">[0:55]</span> <span class="irc-green">* fasseg (~fas@HSI-KBW-078-043-007-220.hsi4.kabel-badenwuerttemberg.de) has joined #duraspace</span><br />
<span class="irc-date">[1:31]</span> <span class="irc-navy">* aawoods (~awoods@c-67-165-245-76.hsd1.co.comcast.net) Quit (Quit: Ex-Chat)</span><br />
<span class="irc-date">[4:30]</span> <span class="irc-navy">* misilot (~misilot@p-body.lib.fit.edu) Quit (Ping timeout: 260 seconds)</span><br />
<span class="irc-date">[4:31]</span> <span class="irc-green">* misilot (~misilot@p-body.lib.fit.edu) has joined #duraspace</span><br />
<span class="irc-date">[6:19]</span> <span class="irc-navy">* eddies (~eddies@unaffiliated/eddies) Quit (Read error: Connection reset by peer)</span><br />
<span class="irc-date">[6:19]</span> <span class="irc-green">* eddies (~eddies@cm21.eta98.maxonline.com.sg) has joined #duraspace</span><br />
<span class="irc-date">[6:19]</span> <span class="irc-navy">* eddies (~eddies@cm21.eta98.maxonline.com.sg) Quit (Changing host)</span><br />
<span class="irc-date">[6:19]</span> <span class="irc-green">* eddies (~eddies@unaffiliated/eddies) has joined #duraspace</span><br />
<span class="irc-date">[6:33]</span> <span class="irc-brown">-hobana.freenode.net- *** Looking up your hostname...</span><br />
<span class="irc-date">[6:33]</span> <span class="irc-brown">-hobana.freenode.net- *** Checking Ident</span><br />
<span class="irc-date">[6:33]</span> <span class="irc-brown">-hobana.freenode.net- *** Found your hostname</span><br />
<span class="irc-date">[6:33]</span> <span class="irc-brown">-hobana.freenode.net- *** No Ident response</span><br />
<span class="irc-date">[6:33]</span> <span class="irc-green">* DuraLogBot (~PircBot@atlas.duraspace.org) has joined #duraspace</span><br />
<span class="irc-date">[6:33]</span> <span class="irc-green">* Topic is '[Welcome to DuraSpace - This channel is logged - <a href="http://irclogs.duraspace.org/]'">http://irclogs.duraspace.org/]'</a></span><br />
<span class="irc-date">[6:33]</span> <span class="irc-green">* Set by cwilper!ad579d86@gateway/web/freenode/ip.173.87.157.134 on Fri Oct 22 01:19:41 UTC 2010</span><br />
<span class="irc-date">[10:30]</span> <span class="irc-navy">* eddies (~eddies@unaffiliated/eddies) Quit (Quit: Leaving.)</span><br />
<span class="irc-date">[11:25]</span> <span class="irc-green">* eddies (~eddies@cm21.eta98.maxonline.com.sg) has joined #duraspace</span><br />
<span class="irc-date">[11:25]</span> <span class="irc-navy">* eddies (~eddies@cm21.eta98.maxonline.com.sg) Quit (Changing host)</span><br />
<span class="irc-date">[11:25]</span> <span class="irc-green">* eddies (~eddies@unaffiliated/eddies) has joined #duraspace</span><br />
<span class="irc-date">[12:17]</span> <span class="irc-green">* mhwood (mwood@mhw.ulib.iupui.edu) has joined #duraspace</span><br />
<span class="irc-date">[13:13]</span> <span class="irc-green">* tdonohue (~tdonohue@c-67-177-111-99.hsd1.il.comcast.net) has joined #duraspace</span><br />
<span class="irc-date">[13:48]</span> <span class="irc-green">* awoods (~awoods@c-67-165-245-76.hsd1.co.comcast.net) has joined #duraspace</span><br />
<span class="irc-date">[16:05]</span> <span class="irc-navy">* fasseg (~fas@HSI-KBW-078-043-007-220.hsi4.kabel-badenwuerttemberg.de) Quit (Remote host closed the connection)</span><br />
<span class="irc-date">[21:09]</span> <span class="irc-navy">* mhwood (mwood@mhw.ulib.iupui.edu) Quit (Remote host closed the connection)</span><br />
<span class="irc-date">[21:47]</span> <span class="irc-green">* See (5229dd28@gateway/web/freenode/ip.82.41.221.40) has joined #duraspace</span><br />
<span class="irc-date">[21:49]</span> <span class="irc-navy">* See (5229dd28@gateway/web/freenode/ip.82.41.221.40) Quit (Client Quit)</span><br />
<span class="irc-date">[21:52]</span> <span class="irc-green">* tdonohue (~tdonohue@c-67-177-111-99.hsd1.il.comcast.net) has left #duraspace</span><br />
<span class="irc-date">[22:37]</span> <span class="irc-green">* fasseg (~fas@HSI-KBW-078-043-007-220.hsi4.kabel-badenwuerttemberg.de) has joined #duraspace</span><br />
<span class="irc-date">[23:53]</span> <span class="irc-navy">* awoods (~awoods@c-67-165-245-76.hsd1.co.comcast.net) Quit (Quit: Ex-Chat)</span><br />
<span class="irc-date">[23:56]</span> <span class="irc-green">* awoods_ (~awoods@c-67-165-245-76.hsd1.co.comcast.net) has joined #duraspace</span><br />
<span class="irc-date">[23:56]</span> <span class="irc-green">* awoods_ is now known as aawoods</span><br />
