<span class="irc-date">[3:54]</span> <span class="irc-green">* PeterDietz (~peterdiet@d60-65-80-138.col.wideopenwest.com) has joined #duraspace</span><br />
<span class="irc-date">[3:59]</span> <span class="irc-navy">* PeterDietz (~peterdiet@d60-65-80-138.col.wideopenwest.com) Quit (Ping timeout: 245 seconds)</span><br />
<span class="irc-date">[6:48]</span> <span class="irc-brown">-pratchett.freenode.net- *** Looking up your hostname...</span><br />
<span class="irc-date">[6:48]</span> <span class="irc-brown">-pratchett.freenode.net- *** Checking Ident</span><br />
<span class="irc-date">[6:48]</span> <span class="irc-brown">-pratchett.freenode.net- *** Found your hostname</span><br />
<span class="irc-date">[6:48]</span> <span class="irc-brown">-pratchett.freenode.net- *** No Ident response</span><br />
<span class="irc-date">[6:48]</span> <span class="irc-green">* DuraLogBot (~PircBot@atlas.duraspace.org) has joined #duraspace</span><br />
<span class="irc-date">[6:48]</span> <span class="irc-green">* Topic is '[Welcome to DuraSpace - This channel is logged - <a href="http://irclogs.duraspace.org/]'">http://irclogs.duraspace.org/]'</a></span><br />
<span class="irc-date">[6:48]</span> <span class="irc-green">* Set by cwilper!ad579d86@gateway/web/freenode/ip.173.87.157.134 on Fri Oct 22 01:19:41 UTC 2010</span><br />
<span class="irc-date">[8:35]</span> <span class="irc-green">* fasseg (~fas@HSI-KBW-078-043-007-220.hsi4.kabel-badenwuerttemberg.de) has joined #duraspace</span><br />
<span class="irc-date">[8:38]</span> <span class="irc-black">&lt;eddies&gt; fasseg: you there?</span><br />
<span class="irc-date">[8:38]</span> <span class="irc-black">&lt;fasseg&gt; yes.</span><br />
<span class="irc-date">[8:38]</span> <span class="irc-black">&lt;fasseg&gt; hmm i cant build fcrepo4, nor the fixity webapp :/</span><br />
<span class="irc-date">[9:19]</span> <span class="irc-navy">* eddies (~eddies@unaffiliated/eddies) Quit (Quit: Leaving.)</span><br />
<span class="irc-date">[9:21]</span> <span class="irc-green">* eddies (~eddies@cm107.eta98.maxonline.com.sg) has joined #duraspace</span><br />
<span class="irc-date">[9:21]</span> <span class="irc-navy">* eddies (~eddies@cm107.eta98.maxonline.com.sg) Quit (Changing host)</span><br />
<span class="irc-date">[9:21]</span> <span class="irc-green">* eddies (~eddies@unaffiliated/eddies) has joined #duraspace</span><br />
<span class="irc-date">[10:05]</span> <span class="irc-navy">* eddies (~eddies@unaffiliated/eddies) Quit (Quit: Leaving.)</span><br />
<span class="irc-date">[10:12]</span> <span class="irc-green">* eddies (~eddies@22.202-63-155.unknown.qala.com.sg) has joined #duraspace</span><br />
<span class="irc-date">[10:12]</span> <span class="irc-navy">* eddies (~eddies@22.202-63-155.unknown.qala.com.sg) Quit (Changing host)</span><br />
<span class="irc-date">[10:12]</span> <span class="irc-green">* eddies (~eddies@unaffiliated/eddies) has joined #duraspace</span><br />
<span class="irc-date">[11:44]</span> <span class="irc-navy">* eddies (~eddies@unaffiliated/eddies) Quit (Quit: Leaving.)</span><br />
<span class="irc-date">[11:53]</span> <span class="irc-green">* eddies (~eddies@cm107.eta98.maxonline.com.sg) has joined #duraspace</span><br />
<span class="irc-date">[11:53]</span> <span class="irc-navy">* eddies (~eddies@cm107.eta98.maxonline.com.sg) Quit (Changing host)</span><br />
<span class="irc-date">[11:53]</span> <span class="irc-green">* eddies (~eddies@unaffiliated/eddies) has joined #duraspace</span><br />
<span class="irc-date">[12:00]</span> <span class="irc-green">* PeterDietz (~peterdiet@dhcp-140-254-207-190.osuwireless.ohio-state.edu) has joined #duraspace</span><br />
<span class="irc-date">[12:09]</span> <span class="irc-navy">* PeterDietz (~peterdiet@dhcp-140-254-207-190.osuwireless.ohio-state.edu) Quit (Remote host closed the connection)</span><br />
<span class="irc-date">[12:48]</span> <span class="irc-green">* mhwood (mwood@mhw.ulib.iupui.edu) has joined #duraspace</span><br />
<span class="irc-date">[13:02]</span> <span class="irc-green">* tdonohue (~tdonohue@c-67-177-111-99.hsd1.il.comcast.net) has joined #duraspace</span><br />
<span class="irc-date">[13:09]</span> <span class="irc-green">* jrgriffiniii (~chatzilla@139.147.64.195) has joined #duraspace</span><br />
<span class="irc-date">[14:31]</span> <span class="irc-navy">* fasseg (~fas@HSI-KBW-078-043-007-220.hsi4.kabel-badenwuerttemberg.de) Quit (Quit: reboot)</span><br />
<span class="irc-date">[14:33]</span> <span class="irc-green">* fasseg (~fas@HSI-KBW-078-043-007-220.hsi4.kabel-badenwuerttemberg.de) has joined #duraspace</span><br />
<span class="irc-date">[16:18]</span> <span class="irc-navy">* fasseg (~fas@HSI-KBW-078-043-007-220.hsi4.kabel-badenwuerttemberg.de) Quit (Quit: break)</span><br />
<span class="irc-date">[17:14]</span> <span class="irc-navy">* jrgriffiniii (~chatzilla@139.147.64.195) Quit (Remote host closed the connection)</span><br />
<span class="irc-date">[19:02]</span> <span class="irc-green">* hpottinger (~hpottinge@mu-162198.dhcp.missouri.edu) has joined #duraspace</span><br />
<span class="irc-date">[19:09]</span> <span class="irc-green">* KevinVdV (~KevinVdV@d5153D041.access.telenet.be) has joined #duraspace</span><br />
<span class="irc-date">[19:16]</span> <span class="irc-green">* hpottinger (~hpottinge@mu-162198.dhcp.missouri.edu) has left #duraspace</span><br />
<span class="irc-date">[19:19]</span> <span class="irc-navy">* KevinVdV (~KevinVdV@d5153D041.access.telenet.be) Quit (Remote host closed the connection)</span><br />
<span class="irc-date">[20:34]</span> <span class="irc-brown">-RichiH- [Global Notice] Hi all. PDPC, freenode’s parent organisation, has been dissolved. Details can be found at <a href="http://blog.freenode.net/">http://blog.freenode.net/</a> with a static copy at <a href="http://planet.freenode.net/">http://planet.freenode.net/</a></span><br />
<span class="irc-date">[20:40]</span> <span class="irc-brown">-mrmist- [Global Notice] As a P.S. to the last global, no, we're not dying or going away.  If the blog is down, you can read details at <a href="https://plus.google.com/b/104326727082310562426/104326727082310562426/posts/CMW4Gst657v">https://plus.google.com/b/104326727082310562426/104326727082310562426/posts/CMW4Gst657v</a>  thanks for flying freenode!</span><br />
<span class="irc-date">[21:13]</span> <span class="irc-navy">* mhwood (mwood@mhw.ulib.iupui.edu) Quit (Remote host closed the connection)</span><br />
<span class="irc-date">[21:53]</span> <span class="irc-navy">* tdonohue (~tdonohue@c-67-177-111-99.hsd1.il.comcast.net) Quit (Read error: Connection reset by peer)</span><br />
