<span class="irc-date">[0:37]</span> <span class="irc-navy">* jonathangee (~jonathang@blk-142-16-43.eastlink.ca) Quit (Quit: jonathangee)</span><br />
<span class="irc-date">[0:49]</span> <span class="irc-green">* jonathangee (~jonathang@blk-142-16-43.eastlink.ca) has joined #duraspace</span><br />
<span class="irc-date">[2:04]</span> <span class="irc-navy">* jonathangee (~jonathang@blk-142-16-43.eastlink.ca) Quit (Quit: jonathangee)</span><br />
<span class="irc-date">[3:21]</span> <span class="irc-green">* jonathangee (~jonathang@blk-142-16-43.eastlink.ca) has joined #duraspace</span><br />
<span class="irc-date">[3:41]</span> <span class="irc-navy">* jonathangee (~jonathang@blk-142-16-43.eastlink.ca) Quit (Quit: jonathangee)</span><br />
<span class="irc-date">[6:50]</span> <span class="irc-brown">-hitchcock.freenode.net- *** Looking up your hostname...</span><br />
<span class="irc-date">[6:50]</span> <span class="irc-brown">-hitchcock.freenode.net- *** Checking Ident</span><br />
<span class="irc-date">[6:50]</span> <span class="irc-brown">-hitchcock.freenode.net- *** Found your hostname</span><br />
<span class="irc-date">[6:50]</span> <span class="irc-brown">-hitchcock.freenode.net- *** No Ident response</span><br />
<span class="irc-date">[6:50]</span> <span class="irc-green">* DuraLogBot (~PircBot@atlas.duraspace.org) has joined #duraspace</span><br />
<span class="irc-date">[6:50]</span> <span class="irc-green">* Topic is '[Welcome to DuraSpace - This channel is logged - <a href="http://irclogs.duraspace.org/]'">http://irclogs.duraspace.org/]'</a></span><br />
<span class="irc-date">[6:50]</span> <span class="irc-green">* Set by cwilper!ad579d86@gateway/web/freenode/ip.173.87.157.134 on Fri Oct 22 01:19:41 UTC 2010</span><br />
<span class="irc-date">[6:50]</span> <span class="irc-brown">-hitchcock.freenode.net- [freenode-info] channel flooding and no channel staff around to help? Please check with freenode support: <a href="http://freenode.net/faq.shtml#gettinghelp">http://freenode.net/faq.shtml#gettinghelp</a></span><br />
<span class="irc-date">[12:39]</span> <span class="irc-green">* jonathangee (~jonathang@24.142.16.43) has joined #duraspace</span><br />
<span class="irc-date">[12:47]</span> <span class="irc-navy">* jonathangee (~jonathang@24.142.16.43) Quit (Quit: jonathangee)</span><br />
<span class="irc-date">[13:04]</span> <span class="irc-green">* jonathangee (~jonathang@24.222.57.34) has joined #duraspace</span><br />
<span class="irc-date">[13:22]</span> <span class="irc-green">* mhwood (mwood@mhw.ulib.iupui.edu) has joined #duraspace</span><br />
<span class="irc-date">[14:07]</span> <span class="irc-green">* tdonohue (~tdonohue@c-67-177-111-99.hsd1.il.comcast.net) has joined #duraspace</span><br />
<span class="irc-date">[20:49]</span> <span class="irc-green">* hpottinger (~hpottinge@mu-162198.dhcp.missouri.edu) has joined #duraspace</span><br />
<span class="irc-date">[21:37]</span> <span class="irc-navy">* eddies (~eddies@unaffiliated/eddies) Quit (Quit: Leaving.)</span><br />
<span class="irc-date">[21:46]</span> <span class="irc-green">* eddies (~eddies@cm102.epsilon176.maxonline.com.sg) has joined #duraspace</span><br />
<span class="irc-date">[21:46]</span> <span class="irc-navy">* eddies (~eddies@cm102.epsilon176.maxonline.com.sg) Quit (Changing host)</span><br />
<span class="irc-date">[21:46]</span> <span class="irc-green">* eddies (~eddies@unaffiliated/eddies) has joined #duraspace</span><br />
<span class="irc-date">[21:52]</span> <span class="irc-navy">* jonathangee (~jonathang@24.222.57.34) Quit (Quit: jonathangee)</span><br />
<span class="irc-date">[22:24]</span> <span class="irc-navy">* mhwood (mwood@mhw.ulib.iupui.edu) Quit (Remote host closed the connection)</span><br />
<span class="irc-date">[22:52]</span> <span class="irc-navy">* tdonohue (~tdonohue@c-67-177-111-99.hsd1.il.comcast.net) Quit (Read error: Connection reset by peer)</span><br />
<span class="irc-date">[23:00]</span> <span class="irc-green">* hpottinger (~hpottinge@mu-162198.dhcp.missouri.edu) has left #duraspace</span><br />
