<span class="irc-date">[5:13]</span> <span class="irc-navy">* misilot (~misilot@p-body.lib.fit.edu) Quit (Read error: Operation timed out)</span><br />
<span class="irc-date">[5:15]</span> <span class="irc-green">* misilot (~misilot@p-body.lib.fit.edu) has joined #duraspace</span><br />
<span class="irc-date">[6:21]</span> <span class="irc-navy">* eddies (~eddies@unaffiliated/eddies) Quit (Quit: Leaving.)</span><br />
<span class="irc-date">[6:36]</span> <span class="irc-brown">-adams.freenode.net- *** Looking up your hostname...</span><br />
<span class="irc-date">[6:36]</span> <span class="irc-brown">-adams.freenode.net- *** Checking Ident</span><br />
<span class="irc-date">[6:36]</span> <span class="irc-brown">-adams.freenode.net- *** Found your hostname</span><br />
<span class="irc-date">[6:36]</span> <span class="irc-brown">-adams.freenode.net- *** No Ident response</span><br />
<span class="irc-date">[6:36]</span> <span class="irc-green">* DuraLogBot (~PircBot@atlas.duraspace.org) has joined #duraspace</span><br />
<span class="irc-date">[6:36]</span> <span class="irc-green">* Topic is '[Welcome to DuraSpace - This channel is logged - <a href="http://irclogs.duraspace.org/]'">http://irclogs.duraspace.org/]'</a></span><br />
<span class="irc-date">[6:36]</span> <span class="irc-green">* Set by cwilper!ad579d86@gateway/web/freenode/ip.173.87.157.134 on Fri Oct 22 01:19:41 UTC 2010</span><br />
<span class="irc-date">[6:36]</span> <span class="irc-brown">-adams.freenode.net- [freenode-info] why register and identify? your IRC nick is how people know you. <a href="http://freenode.net/faq.shtml#nicksetup">http://freenode.net/faq.shtml#nicksetup</a></span><br />
<span class="irc-date">[8:15]</span> <span class="irc-green">* eddies (~eddies@cm209.epsilon173.maxonline.com.sg) has joined #duraspace</span><br />
<span class="irc-date">[8:15]</span> <span class="irc-navy">* eddies (~eddies@cm209.epsilon173.maxonline.com.sg) Quit (Changing host)</span><br />
<span class="irc-date">[8:15]</span> <span class="irc-green">* eddies (~eddies@unaffiliated/eddies) has joined #duraspace</span><br />
<span class="irc-date">[12:19]</span> <span class="irc-green">* mhwood (mwood@mhw.ulib.iupui.edu) has joined #duraspace</span><br />
<span class="irc-date">[12:49]</span> <span class="irc-black">&lt;pdurbin&gt; I'm having trouble logging in to <a href="http://demo.dspace.org/xmlui/password-login">http://demo.dspace.org/xmlui/password-login</a> as dspacedemo+admin@gmail.com using the password at <a href="http://demo.dspace.org/xmlui/">http://demo.dspace.org/xmlui/</a> ... does this work for anyone else?</span><br />
<span class="irc-date">[12:49]</span> <span class="irc-black">&lt;kompewter&gt; [ Sign in ] - <a href="http://demo.dspace.org/xmlui/password-login">http://demo.dspace.org/xmlui/password-login</a></span><br />
<span class="irc-date">[12:49]</span> <span class="irc-black">&lt;kompewter&gt; [ DSpace Home ] - <a href="http://demo.dspace.org/xmlui/">http://demo.dspace.org/xmlui/</a></span><br />
<span class="irc-date">[13:11]</span> <span class="irc-green">* tdonohue (~tdonohue@c-67-177-111-99.hsd1.il.comcast.net) has joined #duraspace</span><br />
<span class="irc-date">[13:58]</span> <span class="irc-green">* PeterDietz (~peterdiet@dhcp-164-107-110-35.osuwireless.ohio-state.edu) has joined #duraspace</span><br />
<span class="irc-date">[15:14]</span> <span class="irc-navy">* jonathangee (~jonathang@blk-222-249-31.eastlink.ca) Quit (Quit: ZNC - <a href="http://znc.in)">http://znc.in)</a></span><br />
<span class="irc-date">[15:49]</span> <span class="irc-black">&lt;pdurbin&gt; nevermind, I found another dspace installation to look at: <a href="https://docs.google.com/document/d/1vgLGhsuF-5W_KQ_h0tCEvIBP2ah0L6NRckk698ZeGCY/edit?usp=sharing">https://docs.google.com/document/d/1vgLGhsuF-5W_KQ_h0tCEvIBP2ah0L6NRckk698ZeGCY/edit?usp=sharing</a></span><br />
<span class="irc-date">[15:49]</span> <span class="irc-black">&lt;kompewter&gt; [ SWORDv2 GET examples from dash.harvard.edu (DSpace) - Google Drive ] - <a href="https://docs.google.com/document/d/1vgLGhsuF-5W_KQ_h0tCEvIBP2ah0L6NRckk698ZeGCY/edit?usp=sharing">https://docs.google.com/document/d/1vgLGhsuF-5W_KQ_h0tCEvIBP2ah0L6NRckk698ZeGCY/edit?usp=sharing</a></span><br />
<span class="irc-date">[16:39]</span> <span class="irc-navy">* PeterDietz (~peterdiet@dhcp-164-107-110-35.osuwireless.ohio-state.edu) Quit (Remote host closed the connection)</span><br />
<span class="irc-date">[16:39]</span> <span class="irc-green">* PeterDietz (~peterdiet@128.146.173.70) has joined #duraspace</span><br />
<span class="irc-date">[18:20]</span> <span class="irc-green">* PeterDie_ (~peterdiet@dhcp-164-107-110-35.osuwireless.ohio-state.edu) has joined #duraspace</span><br />
<span class="irc-date">[18:24]</span> <span class="irc-navy">* PeterDietz (~peterdiet@128.146.173.70) Quit (Ping timeout: 276 seconds)</span><br />
<span class="irc-date">[19:34]</span> <span class="irc-navy">* PeterDie_ (~peterdiet@dhcp-164-107-110-35.osuwireless.ohio-state.edu) Quit (Remote host closed the connection)</span><br />
<span class="irc-date">[19:34]</span> <span class="irc-green">* PeterDietz (~peterdiet@128.146.173.70) has joined #duraspace</span><br />
<span class="irc-date">[19:57]</span> <span class="irc-navy">* PeterDietz (~peterdiet@128.146.173.70) Quit (Remote host closed the connection)</span><br />
<span class="irc-date">[19:58]</span> <span class="irc-green">* PeterDietz (~peterdiet@dhcp-164-107-110-35.osuwireless.ohio-state.edu) has joined #duraspace</span><br />
<span class="irc-date">[20:03]</span> <span class="irc-navy">* PeterDietz (~peterdiet@dhcp-164-107-110-35.osuwireless.ohio-state.edu) Quit (Ping timeout: 276 seconds)</span><br />
<span class="irc-date">[20:35]</span> <span class="irc-green">* mhwood (mwood@mhw.ulib.iupui.edu) has left #duraspace</span><br />
<span class="irc-date">[20:50]</span> <span class="irc-navy">* tdonohue (~tdonohue@c-67-177-111-99.hsd1.il.comcast.net) Quit (Read error: Connection reset by peer)</span><br />
<span class="irc-date">[20:51]</span> <span class="irc-green">* tdonohue (~tdonohue@c-67-177-111-99.hsd1.il.comcast.net) has joined #duraspace</span><br />
<span class="irc-date">[21:50]</span> <span class="irc-green">* tdonohue (~tdonohue@c-67-177-111-99.hsd1.il.comcast.net) has left #duraspace</span><br />
