<span class="irc-date">[2:35]</span> <span class="irc-green">* tdonohue (~tdonohue@c-67-177-111-99.hsd1.il.comcast.net) has joined #duraspace</span><br />
<span class="irc-date">[2:36]</span> <span class="irc-green">* tdonohue (~tdonohue@c-67-177-111-99.hsd1.il.comcast.net) has left #duraspace</span><br />
<span class="irc-date">[3:00]</span> <span class="irc-green">* PeterDietz (~peterdiet@162-231-20-234.lightspeed.clmboh.sbcglobal.net) has joined #duraspace</span><br />
<span class="irc-date">[4:20]</span> <span class="irc-navy">* PeterDietz (~peterdiet@162-231-20-234.lightspeed.clmboh.sbcglobal.net) Quit (Remote host closed the connection)</span><br />
<span class="irc-date">[4:20]</span> <span class="irc-green">* PeterDietz (~peterdiet@162-231-20-234.lightspeed.clmboh.sbcglobal.net) has joined #duraspace</span><br />
<span class="irc-date">[4:25]</span> <span class="irc-navy">* PeterDietz (~peterdiet@162-231-20-234.lightspeed.clmboh.sbcglobal.net) Quit (Ping timeout: 272 seconds)</span><br />
<span class="irc-date">[6:31]</span> <span class="irc-brown">-rothfuss.freenode.net- *** Looking up your hostname...</span><br />
<span class="irc-date">[6:31]</span> <span class="irc-brown">-rothfuss.freenode.net- *** Checking Ident</span><br />
<span class="irc-date">[6:31]</span> <span class="irc-brown">-rothfuss.freenode.net- *** Found your hostname</span><br />
<span class="irc-date">[6:31]</span> <span class="irc-brown">-rothfuss.freenode.net- *** No Ident response</span><br />
<span class="irc-date">[6:31]</span> <span class="irc-green">* DuraLogBot (~PircBot@atlas.duraspace.org) has joined #duraspace</span><br />
<span class="irc-date">[6:31]</span> <span class="irc-green">* Topic is '[Welcome to DuraSpace - This channel is logged - <a href="http://irclogs.duraspace.org/]'">http://irclogs.duraspace.org/]'</a></span><br />
<span class="irc-date">[6:31]</span> <span class="irc-green">* Set by cwilper!ad579d86@gateway/web/freenode/ip.173.87.157.134 on Fri Oct 22 01:19:41 UTC 2010</span><br />
<span class="irc-date">[13:52]</span> <span class="irc-green">* PeterDietz (~peterdiet@162-231-20-234.lightspeed.clmboh.sbcglobal.net) has joined #duraspace</span><br />
<span class="irc-date">[14:12]</span> <span class="irc-navy">* PeterDietz (~peterdiet@162-231-20-234.lightspeed.clmboh.sbcglobal.net) Quit (Remote host closed the connection)</span><br />
<span class="irc-date">[14:13]</span> <span class="irc-green">* PeterDietz (~peterdiet@162-231-20-234.lightspeed.clmboh.sbcglobal.net) has joined #duraspace</span><br />
<span class="irc-date">[14:17]</span> <span class="irc-navy">* PeterDietz (~peterdiet@162-231-20-234.lightspeed.clmboh.sbcglobal.net) Quit (Ping timeout: 240 seconds)</span><br />
<span class="irc-date">[20:23]</span> <span class="irc-green">* PeterDietz (~peterdiet@162-231-20-234.lightspeed.clmboh.sbcglobal.net) has joined #duraspace</span><br />
<span class="irc-date">[21:22]</span> <span class="irc-navy">* PeterDietz (~peterdiet@162-231-20-234.lightspeed.clmboh.sbcglobal.net) Quit (Remote host closed the connection)</span><br />
<span class="irc-date">[21:23]</span> <span class="irc-green">* PeterDietz (~peterdiet@162-231-20-234.lightspeed.clmboh.sbcglobal.net) has joined #duraspace</span><br />
<span class="irc-date">[21:27]</span> <span class="irc-navy">* PeterDietz (~peterdiet@162-231-20-234.lightspeed.clmboh.sbcglobal.net) Quit (Ping timeout: 245 seconds)</span><br />
