<span class="irc-date">[6:01]</span> <span class="irc-navy">* eddies (~eddies@unaffiliated/eddies) Quit (Quit: Leaving.)</span><br />
<span class="irc-date">[6:11]</span> <span class="irc-green">* eddies (~eddies@bb121-6-12-228.singnet.com.sg) has joined #duraspace</span><br />
<span class="irc-date">[6:11]</span> <span class="irc-navy">* eddies (~eddies@bb121-6-12-228.singnet.com.sg) Quit (Changing host)</span><br />
<span class="irc-date">[6:11]</span> <span class="irc-green">* eddies (~eddies@unaffiliated/eddies) has joined #duraspace</span><br />
<span class="irc-date">[6:46]</span> <span class="irc-brown">-kornbluth.freenode.net- *** Looking up your hostname...</span><br />
<span class="irc-date">[6:46]</span> <span class="irc-brown">-kornbluth.freenode.net- *** Checking Ident</span><br />
<span class="irc-date">[6:46]</span> <span class="irc-brown">-kornbluth.freenode.net- *** Found your hostname</span><br />
<span class="irc-date">[6:46]</span> <span class="irc-brown">-kornbluth.freenode.net- *** No Ident response</span><br />
<span class="irc-date">[6:46]</span> <span class="irc-green">* DuraLogBot (~PircBot@atlas.duraspace.org) has joined #duraspace</span><br />
<span class="irc-date">[6:46]</span> <span class="irc-green">* Topic is '[Welcome to DuraSpace - This channel is logged - <a href="http://irclogs.duraspace.org/]'">http://irclogs.duraspace.org/]'</a></span><br />
<span class="irc-date">[6:46]</span> <span class="irc-green">* Set by cwilper!ad579d86@gateway/web/freenode/ip.173.87.157.134 on Fri Oct 22 01:19:41 UTC 2010</span><br />
<span class="irc-date">[6:46]</span> <span class="irc-brown">-kornbluth.freenode.net- [freenode-info] channel flooding and no channel staff around to help? Please check with freenode support: <a href="http://freenode.net/faq.shtml#gettinghelp">http://freenode.net/faq.shtml#gettinghelp</a></span><br />
<span class="irc-date">[8:34]</span> <span class="irc-green">* fasseg (~fas@HSI-KBW-078-043-007-220.hsi4.kabel-badenwuerttemberg.de) has joined #duraspace</span><br />
<span class="irc-date">[11:59]</span> <span class="irc-navy">* eddies (~eddies@unaffiliated/eddies) Quit (Ping timeout: 264 seconds)</span><br />
<span class="irc-date">[12:04]</span> <span class="irc-green">* eddies (~eddies@cm21.eta98.maxonline.com.sg) has joined #duraspace</span><br />
<span class="irc-date">[12:04]</span> <span class="irc-navy">* eddies (~eddies@cm21.eta98.maxonline.com.sg) Quit (Changing host)</span><br />
<span class="irc-date">[12:04]</span> <span class="irc-green">* eddies (~eddies@unaffiliated/eddies) has joined #duraspace</span><br />
<span class="irc-date">[12:12]</span> <span class="irc-green">* mhwood (mwood@mhw.ulib.iupui.edu) has joined #duraspace</span><br />
<span class="irc-date">[13:19]</span> <span class="irc-green">* 45PAAS4YM (~awoods@c-67-165-245-76.hsd1.co.comcast.net) has joined #duraspace</span><br />
<span class="irc-date">[13:19]</span> <span class="irc-green">* 45PAAS4YM is now known as awoods</span><br />
<span class="irc-date">[13:23]</span> <span class="irc-green">* tdonohue (~tdonohue@c-67-177-111-99.hsd1.il.comcast.net) has joined #duraspace</span><br />
<span class="irc-date">[13:59]</span> <span class="irc-green">* PeterDietz (~peterdiet@d60-65-80-138.col.wideopenwest.com) has joined #duraspace</span><br />
<span class="irc-date">[14:10]</span> <span class="irc-navy">* PeterDietz (~peterdiet@d60-65-80-138.col.wideopenwest.com) Quit (Remote host closed the connection)</span><br />
<span class="irc-date">[14:11]</span> <span class="irc-green">* PeterDietz (~peterdiet@d60-65-80-138.col.wideopenwest.com) has joined #duraspace</span><br />
<span class="irc-date">[14:16]</span> <span class="irc-navy">* PeterDietz (~peterdiet@d60-65-80-138.col.wideopenwest.com) Quit (Ping timeout: 246 seconds)</span><br />
<span class="irc-date">[14:36]</span> <span class="irc-green">* PeterDietz (~peterdiet@128.146.173.70) has joined #duraspace</span><br />
<span class="irc-date">[14:48]</span> <span class="irc-green">* hpottinger (~hpottinge@mu-162198.dhcp.missouri.edu) has joined #duraspace</span><br />
<span class="irc-date">[15:29]</span> <span class="irc-navy">* awoods (~awoods@c-67-165-245-76.hsd1.co.comcast.net) Quit (Quit: Ex-Chat)</span><br />
<span class="irc-date">[15:33]</span> <span class="irc-green">* awoods_ (~awoods@c-67-165-245-76.hsd1.co.comcast.net) has joined #duraspace</span><br />
<span class="irc-date">[15:34]</span> <span class="irc-green">* awoods_ is now known as aawoods</span><br />
<span class="irc-date">[15:37]</span> <span class="irc-navy">* aawoods (~awoods@c-67-165-245-76.hsd1.co.comcast.net) Quit (Remote host closed the connection)</span><br />
<span class="irc-date">[15:50]</span> <span class="irc-green">* awoods (~awoods@c-67-165-245-76.hsd1.co.comcast.net) has joined #duraspace</span><br />
<span class="irc-date">[16:31]</span> <span class="irc-navy">* misilot (~misilot@p-body.lib.fit.edu) Quit (Read error: Connection reset by peer)</span><br />
<span class="irc-date">[16:38]</span> <span class="irc-green">* misilot (~misilot@p-body.lib.fit.edu) has joined #duraspace</span><br />
<span class="irc-date">[21:06]</span> <span class="irc-navy">* mhwood (mwood@mhw.ulib.iupui.edu) Quit (Remote host closed the connection)</span><br />
<span class="irc-date">[21:29]</span> <span class="irc-navy">* fasseg (~fas@HSI-KBW-078-043-007-220.hsi4.kabel-badenwuerttemberg.de) Quit (Remote host closed the connection)</span><br />
<span class="irc-date">[22:10]</span> <span class="irc-navy">* hpottinger (~hpottinge@mu-162198.dhcp.missouri.edu) Quit (Quit: Later, taterz!)</span><br />
<span class="irc-date">[22:13]</span> <span class="irc-green">* tdonohue (~tdonohue@c-67-177-111-99.hsd1.il.comcast.net) has left #duraspace</span><br />
