<span class="irc-date">[1:31]</span> <span class="irc-navy">* kdweeks (~Adium@2001:468:c80:a103:e0a4:8bdd:4c05:dba0) Quit (Quit: Leaving.)</span><br />
<span class="irc-date">[6:53]</span> <span class="irc-brown">-dickson.freenode.net- *** Looking up your hostname...</span><br />
<span class="irc-date">[6:53]</span> <span class="irc-brown">-dickson.freenode.net- *** Checking Ident</span><br />
<span class="irc-date">[6:53]</span> <span class="irc-brown">-dickson.freenode.net- *** Found your hostname</span><br />
<span class="irc-date">[6:54]</span> <span class="irc-brown">-dickson.freenode.net- *** No Ident response</span><br />
<span class="irc-date">[6:54]</span> <span class="irc-green">* DuraLogBot (~PircBot@ec2-107-22-210-74.compute-1.amazonaws.com) has joined #duraspace</span><br />
<span class="irc-date">[6:54]</span> <span class="irc-green">* Topic is '[Welcome to DuraSpace - This channel is logged - <a href="http://irclogs.duraspace.org/]'">http://irclogs.duraspace.org/]'</a></span><br />
<span class="irc-date">[6:54]</span> <span class="irc-green">* Set by cwilper!ad579d86@gateway/web/freenode/ip.173.87.157.134 on Fri Oct 22 01:19:41 UTC 2010</span><br />
<span class="irc-date">[12:12]</span> <span class="irc-green">* mhwood (mwood@mhw.ulib.iupui.edu) has joined #duraspace</span><br />
<span class="irc-date">[12:27]</span> <span class="irc-green">* tdonohue (~tdonohue@c-50-179-112-246.hsd1.il.comcast.net) has joined #duraspace</span><br />
<span class="irc-date">[12:39]</span> <span class="irc-green">* awoods (~awoods@c-67-165-245-76.hsd1.co.comcast.net) has joined #duraspace</span><br />
<span class="irc-date">[13:56]</span> <span class="irc-green">* kdweeks (~Adium@2001:468:c80:a103:98c1:99e:cfda:7f85) has joined #duraspace</span><br />
<span class="irc-date">[14:57]</span> <span class="irc-green">* edInCo (~smuxi@seta.coalliance.org) has joined #duraspace</span><br />
<span class="irc-date">[18:08]</span> <span class="irc-navy">* kompewter (~kompewter@ec2-50-17-201-82.compute-1.amazonaws.com) Quit (*.net *.split)</span><br />
<span class="irc-date">[18:10]</span> <span class="irc-green">* kompewter (~kompewter@ec2-50-17-201-82.compute-1.amazonaws.com) has joined #duraspace</span><br />
<span class="irc-date">[18:10]</span> <span class="irc-green">* 64MAAZHU8 (~kompewter@ec2-50-17-201-82.compute-1.amazonaws.com) has joined #duraspace</span><br />
<span class="irc-date">[18:12]</span> <span class="irc-navy">* 64MAAZHU8 (~kompewter@ec2-50-17-201-82.compute-1.amazonaws.com) Quit (Remote host closed the connection)</span><br />
<span class="irc-date">[18:13]</span> <span class="irc-navy">* kompewter (~kompewter@ec2-50-17-201-82.compute-1.amazonaws.com) Quit (Remote host closed the connection)</span><br />
<span class="irc-date">[18:13]</span> <span class="irc-green">* kompewter (~kompewter@ec2-50-17-201-82.compute-1.amazonaws.com) has joined #duraspace</span><br />
<span class="irc-date">[21:07]</span> <span class="irc-navy">* mhwood (mwood@mhw.ulib.iupui.edu) Quit (Remote host closed the connection)</span><br />
<span class="irc-date">[22:03]</span> <span class="irc-green">* tdonohue (~tdonohue@c-50-179-112-246.hsd1.il.comcast.net) has left #duraspace</span><br />
