<span class="irc-date">[6:38]</span> <span class="irc-brown">-asimov.freenode.net- *** Looking up your hostname...</span><br />
<span class="irc-date">[6:38]</span> <span class="irc-brown">-asimov.freenode.net- *** Checking Ident</span><br />
<span class="irc-date">[6:38]</span> <span class="irc-brown">-asimov.freenode.net- *** Found your hostname</span><br />
<span class="irc-date">[6:38]</span> <span class="irc-brown">-asimov.freenode.net- *** No Ident response</span><br />
<span class="irc-date">[6:38]</span> <span class="irc-green">* DuraLogBot (~PircBot@atlas.duraspace.org) has joined #duraspace</span><br />
<span class="irc-date">[6:38]</span> <span class="irc-green">* Topic is '[Welcome to DuraSpace - This channel is logged - <a href="http://irclogs.duraspace.org/]'">http://irclogs.duraspace.org/]'</a></span><br />
<span class="irc-date">[6:38]</span> <span class="irc-green">* Set by cwilper!ad579d86@gateway/web/freenode/ip.173.87.157.134 on Fri Oct 22 01:19:41 UTC 2010</span><br />
<span class="irc-date">[11:25]</span> <span class="irc-navy">* misilot (~misilot@p-body.lib.fit.edu) Quit (Read error: Connection reset by peer)</span><br />
<span class="irc-date">[11:27]</span> <span class="irc-green">* kshepherd2 (~kim@121-99-155-202.bng1.nct.orcon.net.nz) has joined #duraspace</span><br />
<span class="irc-date">[11:27]</span> <span class="irc-green">* misilot (~misilot@p-body.lib.fit.edu) has joined #duraspace</span><br />
<span class="irc-date">[11:51]</span> <span class="irc-navy">* kshepherd2 (~kim@121-99-155-202.bng1.nct.orcon.net.nz) Quit (Ping timeout: 240 seconds)</span><br />
<span class="irc-date">[11:58]</span> <span class="irc-green">* mhwood (mwood@mhw.ulib.iupui.edu) has joined #duraspace</span><br />
<span class="irc-date">[12:32]</span> <span class="irc-green">* tdonohue (~tdonohue@c-50-179-112-246.hsd1.il.comcast.net) has joined #duraspace</span><br />
<span class="irc-date">[14:57]</span> <span class="irc-green">* longshou (~longshous@cpe-76-167-187-74.san.res.rr.com) has joined #duraspace</span><br />
<span class="irc-date">[18:32]</span> <span class="irc-navy">* mhwood (mwood@mhw.ulib.iupui.edu) Quit (Remote host closed the connection)</span><br />
<span class="irc-date">[20:52]</span> <span class="irc-green">* hpottinger (~hpottinge@mu-161174.dhcp.missouri.edu) has joined #duraspace</span><br />
<span class="irc-date">[21:16]</span> <span class="irc-green">* hpottinger (~hpottinge@mu-161174.dhcp.missouri.edu) has left #duraspace</span><br />
<span class="irc-date">[22:04]</span> <span class="irc-green">* kdweeks (~Adium@2001:468:c80:a103:5422:d53a:68c1:7a46) has joined #duraspace</span><br />
<span class="irc-date">[22:07]</span> <span class="irc-green">* tdonohue (~tdonohue@c-50-179-112-246.hsd1.il.comcast.net) has left #duraspace</span><br />
<span class="irc-date">[22:12]</span> <span class="irc-green">* kshepherd2 (~kim@wireless-nat-21.auckland.ac.nz) has joined #duraspace</span><br />
<span class="irc-date">[23:10]</span> <span class="irc-navy">* kshepherd2 (~kim@wireless-nat-21.auckland.ac.nz) Quit (Ping timeout: 240 seconds)</span><br />
