<span class="irc-date">[0:44]</span> <span class="irc-green">* PeterDietz (~peterdiet@162-231-20-67.lightspeed.clmboh.sbcglobal.net) has joined #duraspace</span><br />
<span class="irc-date">[1:09]</span> <span class="irc-navy">* PeterDietz (~peterdiet@162-231-20-67.lightspeed.clmboh.sbcglobal.net) Quit (Remote host closed the connection)</span><br />
<span class="irc-date">[5:34]</span> <span class="irc-green">* kshepherd2 (~kim@121-99-131-216.bng1.tvc.orcon.net.nz) has joined #duraspace</span><br />
<span class="irc-date">[6:35]</span> <span class="irc-brown">-dickson.freenode.net- *** Looking up your hostname...</span><br />
<span class="irc-date">[6:35]</span> <span class="irc-brown">-dickson.freenode.net- *** Checking Ident</span><br />
<span class="irc-date">[6:35]</span> <span class="irc-brown">-dickson.freenode.net- *** Found your hostname</span><br />
<span class="irc-date">[6:35]</span> <span class="irc-brown">-dickson.freenode.net- *** No Ident response</span><br />
<span class="irc-date">[6:35]</span> <span class="irc-green">* DuraLogBot (~PircBot@atlas.duraspace.org) has joined #duraspace</span><br />
<span class="irc-date">[6:35]</span> <span class="irc-green">* Topic is '[Welcome to DuraSpace - This channel is logged - <a href="http://irclogs.duraspace.org/]'">http://irclogs.duraspace.org/]'</a></span><br />
<span class="irc-date">[6:35]</span> <span class="irc-green">* Set by cwilper!ad579d86@gateway/web/freenode/ip.173.87.157.134 on Fri Oct 22 01:19:41 UTC 2010</span><br />
<span class="irc-date">[6:52]</span> <span class="irc-navy">* kshepherd2 (~kim@121-99-131-216.bng1.tvc.orcon.net.nz) Quit (Ping timeout: 258 seconds)</span><br />
<span class="irc-date">[12:10]</span> <span class="irc-green">* kshepherd2 (~kim@121-99-131-216.bng1.tvc.orcon.net.nz) has joined #duraspace</span><br />
<span class="irc-date">[12:52]</span> <span class="irc-navy">* kshepherd2 (~kim@121-99-131-216.bng1.tvc.orcon.net.nz) Quit (Ping timeout: 240 seconds)</span><br />
<span class="irc-date">[23:36]</span> <span class="irc-brown">-dickson.freenode.net- *** Looking up your hostname...</span><br />
<span class="irc-date">[23:36]</span> <span class="irc-brown">-dickson.freenode.net- *** Checking Ident</span><br />
<span class="irc-date">[23:36]</span> <span class="irc-brown">-dickson.freenode.net- *** Found your hostname</span><br />
<span class="irc-date">[23:37]</span> <span class="irc-brown">-dickson.freenode.net- *** No Ident response</span><br />
<span class="irc-date">[23:37]</span> <span class="irc-green">* DuraLogBot (~PircBot@atlas.duraspace.org) has joined #duraspace</span><br />
<span class="irc-date">[23:37]</span> <span class="irc-green">* Topic is '[Welcome to DuraSpace - This channel is logged - <a href="http://irclogs.duraspace.org/]'">http://irclogs.duraspace.org/]'</a></span><br />
<span class="irc-date">[23:37]</span> <span class="irc-green">* Set by cwilper!ad579d86@gateway/web/freenode/ip.173.87.157.134 on Fri Oct 22 01:19:41 UTC 2010</span><br />
