<span class="irc-date">[0:09]</span> <span class="irc-navy">* peterdietz (~peterdiet@server112.longsightgroup.com) Quit (Ping timeout: 240 seconds)</span><br />
<span class="irc-date">[0:13]</span> <span class="irc-green">* peterdietz (~peterdiet@162-231-20-67.lightspeed.clmboh.sbcglobal.net) has joined #duraspace</span><br />
<span class="irc-date">[0:27]</span> <span class="irc-navy">* mdiggory (~anonymous@cpe-76-176-128-229.san.res.rr.com) Quit (Quit: mdiggory)</span><br />
<span class="irc-date">[0:42]</span> <span class="irc-navy">* peterdietz (~peterdiet@162-231-20-67.lightspeed.clmboh.sbcglobal.net) Quit (Quit: peterdietz)</span><br />
<span class="irc-date">[0:50]</span> <span class="irc-green">* peterdietz (~peterdiet@162-231-20-67.lightspeed.clmboh.sbcglobal.net) has joined #duraspace</span><br />
<span class="irc-date">[1:10]</span> <span class="irc-navy">* peterdietz (~peterdiet@162-231-20-67.lightspeed.clmboh.sbcglobal.net) Quit (Quit: peterdietz)</span><br />
<span class="irc-date">[2:30]</span> <span class="irc-green">* mdiggory (~anonymous@107-216-12-207.lightspeed.sndgca.sbcglobal.net) has joined #duraspace</span><br />
<span class="irc-date">[3:31]</span> <span class="irc-navy">* mdiggory (~anonymous@107-216-12-207.lightspeed.sndgca.sbcglobal.net) Quit (Quit: mdiggory)</span><br />
<span class="irc-date">[5:32]</span> <span class="irc-green">* mdiggory (~anonymous@107-216-12-207.lightspeed.sndgca.sbcglobal.net) has joined #duraspace</span><br />
<span class="irc-date">[6:35]</span> <span class="irc-brown">-dickson.freenode.net- *** Looking up your hostname...</span><br />
<span class="irc-date">[6:35]</span> <span class="irc-brown">-dickson.freenode.net- *** Checking Ident</span><br />
<span class="irc-date">[6:35]</span> <span class="irc-brown">-dickson.freenode.net- *** Found your hostname</span><br />
<span class="irc-date">[6:35]</span> <span class="irc-brown">-dickson.freenode.net- *** No Ident response</span><br />
<span class="irc-date">[6:35]</span> <span class="irc-green">* DuraLogBot (~PircBot@ec2-107-22-210-74.compute-1.amazonaws.com) has joined #duraspace</span><br />
<span class="irc-date">[6:35]</span> <span class="irc-green">* Topic is '[Welcome to DuraSpace - This channel is logged - <a href="http://irclogs.duraspace.org/]'">http://irclogs.duraspace.org/]'</a></span><br />
<span class="irc-date">[6:35]</span> <span class="irc-green">* Set by cwilper!ad579d86@gateway/web/freenode/ip.173.87.157.134 on Fri Oct 22 01:19:41 UTC 2010</span><br />
<span class="irc-date">[12:03]</span> <span class="irc-green">* mhwood (mwood@mhw.ulib.iupui.edu) has joined #duraspace</span><br />
<span class="irc-date">[12:28]</span> <span class="irc-green">* tdonohue (~tdonohue@c-98-215-0-161.hsd1.il.comcast.net) has joined #duraspace</span><br />
<span class="irc-date">[14:23]</span> <span class="irc-green">* hpottinger (~hpottinge@mu-161174.dhcp.missouri.edu) has joined #duraspace</span><br />
<span class="irc-date">[15:57]</span> <span class="irc-navy">* mdiggory (~anonymous@107-216-12-207.lightspeed.sndgca.sbcglobal.net) Quit (Quit: mdiggory)</span><br />
<span class="irc-date">[16:39]</span> <span class="irc-green">* mdiggory (~anonymous@cpe-76-176-128-229.san.res.rr.com) has joined #duraspace</span><br />
<span class="irc-date">[16:45]</span> <span class="irc-navy">* hpottinger (~hpottinge@mu-161174.dhcp.missouri.edu) Quit (Quit: Later, taterz!)</span><br />
<span class="irc-date">[20:57]</span> <span class="irc-green">* tdonohue (~tdonohue@c-98-215-0-161.hsd1.il.comcast.net) has left #duraspace</span><br />
<span class="irc-date">[21:08]</span> <span class="irc-navy">* mhwood (mwood@mhw.ulib.iupui.edu) Quit (Remote host closed the connection)</span><br />
<span class="irc-date">[22:42]</span> <span class="irc-navy">* ianthe (~ianthe@cowu.be) Quit (Ping timeout: 272 seconds)</span><br />
<span class="irc-date">[23:09]</span> <span class="irc-navy">* mdiggory (~anonymous@cpe-76-176-128-229.san.res.rr.com) Quit (Quit: mdiggory)</span><br />
