<span class="irc-date">[2:01]</span> <span class="irc-navy">* awoods (~awoods@c-67-165-245-76.hsd1.co.comcast.net) Quit (Ping timeout: 240 seconds)</span><br />
<span class="irc-date">[6:48]</span> <span class="irc-brown">-cameron.freenode.net- *** Looking up your hostname...</span><br />
<span class="irc-date">[6:48]</span> <span class="irc-brown">-cameron.freenode.net- *** Checking Ident</span><br />
<span class="irc-date">[6:48]</span> <span class="irc-brown">-cameron.freenode.net- *** Found your hostname</span><br />
<span class="irc-date">[6:48]</span> <span class="irc-brown">-cameron.freenode.net- *** No Ident response</span><br />
<span class="irc-date">[6:48]</span> <span class="irc-green">* DuraLogBot (~PircBot@ec2-107-22-210-74.compute-1.amazonaws.com) has joined #duraspace</span><br />
<span class="irc-date">[6:48]</span> <span class="irc-green">* Topic is '[Welcome to DuraSpace - This channel is logged - <a href="http://irclogs.duraspace.org/]'">http://irclogs.duraspace.org/]'</a></span><br />
<span class="irc-date">[6:48]</span> <span class="irc-green">* Set by cwilper!ad579d86@gateway/web/freenode/ip.173.87.157.134 on Fri Oct 22 01:19:41 UTC 2010</span><br />
<span class="irc-date">[12:15]</span> <span class="irc-green">* mhwood (mwood@mhw.ulib.iupui.edu) has joined #duraspace</span><br />
<span class="irc-date">[12:25]</span> <span class="irc-green">* tdonohue (~tdonohue@c-98-215-0-161.hsd1.il.comcast.net) has joined #duraspace</span><br />
<span class="irc-date">[12:57]</span> <span class="irc-navy">* misilot (~misilot@p-body.lib.fit.edu) Quit (Quit: Leaving)</span><br />
<span class="irc-date">[13:03]</span> <span class="irc-green">* misilot (~misilot@p-body.lib.fit.edu) has joined #duraspace</span><br />
<span class="irc-date">[13:35]</span> <span class="irc-green">* awoods (~awoods@c-67-165-245-76.hsd1.co.comcast.net) has joined #duraspace</span><br />
<span class="irc-date">[14:04]</span> <span class="irc-navy">* awoods (~awoods@c-67-165-245-76.hsd1.co.comcast.net) Quit (Ping timeout: 264 seconds)</span><br />
<span class="irc-date">[14:16]</span> <span class="irc-green">* awoods (~awoods@c-67-165-245-76.hsd1.co.comcast.net) has joined #duraspace</span><br />
<span class="irc-date">[14:24]</span> <span class="irc-green">* hpottinger (~hpottinge@mu-161174.dhcp.missouri.edu) has joined #duraspace</span><br />
<span class="irc-date">[16:11]</span> <span class="irc-green">* lo5an (~lo5an@unaffiliated/lo5an) has joined #duraspace</span><br />
<span class="irc-date">[21:01]</span> <span class="irc-navy">* mhwood (mwood@mhw.ulib.iupui.edu) Quit (Remote host closed the connection)</span><br />
<span class="irc-date">[21:06]</span> <span class="irc-green">* hpottinger (~hpottinge@mu-161174.dhcp.missouri.edu) has left #duraspace</span><br />
<span class="irc-date">[21:07]</span> <span class="irc-green">* hpottinger (~hpottinge@mu-161174.dhcp.missouri.edu) has joined #duraspace</span><br />
<span class="irc-date">[22:08]</span> <span class="irc-green">* hpottinger (~hpottinge@mu-161174.dhcp.missouri.edu) has left #duraspace</span><br />
<span class="irc-date">[22:19]</span> <span class="irc-green">* tdonohue (~tdonohue@c-98-215-0-161.hsd1.il.comcast.net) has left #duraspace</span><br />
<span class="irc-date">[22:22]</span> <span class="irc-navy">* lo5an (~lo5an@unaffiliated/lo5an) Quit (Ping timeout: 255 seconds)</span><br />
