<span class="irc-date">[2:21]</span> <span class="irc-navy">* peterdietz (uid52203@gateway/web/irccloud.com/x-wqymxlunjtisygqq) Quit (Quit: Connection closed for inactivity)</span><br />
<span class="irc-date">[6:41]</span> <span class="irc-brown">-weber.freenode.net- *** Looking up your hostname...</span><br />
<span class="irc-date">[6:41]</span> <span class="irc-brown">-weber.freenode.net- *** Checking Ident</span><br />
<span class="irc-date">[6:41]</span> <span class="irc-brown">-weber.freenode.net- *** Found your hostname</span><br />
<span class="irc-date">[6:41]</span> <span class="irc-brown">-weber.freenode.net- *** No Ident response</span><br />
<span class="irc-date">[6:42]</span> <span class="irc-green">* DuraLogBot (~PircBot@ec2-107-22-210-74.compute-1.amazonaws.com) has joined #duraspace</span><br />
<span class="irc-date">[6:42]</span> <span class="irc-green">* Topic is '[Welcome to DuraSpace - This channel is logged - <a href="http://irclogs.duraspace.org/]'">http://irclogs.duraspace.org/]'</a></span><br />
<span class="irc-date">[6:42]</span> <span class="irc-green">* Set by cwilper!ad579d86@gateway/web/freenode/ip.173.87.157.134 on Fri Oct 22 01:19:41 UTC 2010</span><br />
<span class="irc-date">[8:36]</span> <span class="irc-green">* pbecker (~pbecker@ubwstmapc098.ub.tu-berlin.de) has joined #duraspace</span><br />
<span class="irc-date">[13:15]</span> <span class="irc-green">* mhwood (mwood@mhw.ulib.iupui.edu) has joined #duraspace</span><br />
<span class="irc-date">[13:53]</span> <span class="irc-green">* peterdietz (uid52203@gateway/web/irccloud.com/x-praxiikrzftjlsfe) has joined #duraspace</span><br />
<span class="irc-date">[14:13]</span> <span class="irc-navy">* awoods (~awoods@c-67-165-245-76.hsd1.co.comcast.net) Quit (Ping timeout: 250 seconds)</span><br />
<span class="irc-date">[14:25]</span> <span class="irc-green">* awoods (~awoods@c-67-165-245-76.hsd1.co.comcast.net) has joined #duraspace</span><br />
<span class="irc-date">[14:37]</span> <span class="irc-black">&lt;pbecker&gt; hi peterdietz!</span><br />
<span class="irc-date">[14:44]</span> <span class="irc-black">&lt;peterdietz&gt; hi pbecker how about #dspace</span><br />
<span class="irc-date">[15:49]</span> <span class="irc-green">* kdweeks (~Adium@2001:468:c80:a103:b934:ca98:eacf:5aba) has joined #duraspace</span><br />
<span class="irc-date">[16:44]</span> <span class="irc-navy">* kdweeks (~Adium@2001:468:c80:a103:b934:ca98:eacf:5aba) Quit (Ping timeout: 265 seconds)</span><br />
<span class="irc-date">[16:45]</span> <span class="irc-green">* kdweeks (~Adium@2001:468:c80:a103:b934:ca98:eacf:5aba) has joined #duraspace</span><br />
<span class="irc-date">[17:31]</span> <span class="irc-navy">* pbecker (~pbecker@ubwstmapc098.ub.tu-berlin.de) Quit (Quit: going home)</span><br />
<span class="irc-date">[18:51]</span> <span class="irc-navy">* kdweeks (~Adium@2001:468:c80:a103:b934:ca98:eacf:5aba) Quit (Quit: Leaving.)</span><br />
<span class="irc-date">[18:52]</span> <span class="irc-green">* kdweeks (~Adium@2001:468:c80:a103:b1ee:199:a035:3585) has joined #duraspace</span><br />
<span class="irc-date">[22:17]</span> <span class="irc-green">* mhwood (mwood@mhw.ulib.iupui.edu) has left #duraspace</span><br />
