<span class="irc-date">[0:10]</span> <span class="irc-navy">* kdweeks (~Adium@2001:468:c80:a103:547c:7bbd:e08d:e1ed) Quit (Quit: Leaving.)</span><br />
<span class="irc-date">[6:26]</span> <span class="irc-brown">-card.freenode.net- *** Looking up your hostname...</span><br />
<span class="irc-date">[6:26]</span> <span class="irc-brown">-card.freenode.net- *** Checking Ident</span><br />
<span class="irc-date">[6:26]</span> <span class="irc-brown">-card.freenode.net- *** Found your hostname</span><br />
<span class="irc-date">[6:26]</span> <span class="irc-brown">-card.freenode.net- *** No Ident response</span><br />
<span class="irc-date">[6:26]</span> <span class="irc-green">* DuraLogBot (~PircBot@atlas.duraspace.org) has joined #duraspace</span><br />
<span class="irc-date">[6:26]</span> <span class="irc-green">* Topic is '[Welcome to DuraSpace - This channel is logged - <a href="http://irclogs.duraspace.org/]'">http://irclogs.duraspace.org/]'</a></span><br />
<span class="irc-date">[6:26]</span> <span class="irc-green">* Set by cwilper!ad579d86@gateway/web/freenode/ip.173.87.157.134 on Fri Oct 22 01:19:41 UTC 2010</span><br />
<span class="irc-date">[10:14]</span> <span class="irc-green">* kshepherd2 (~kim@121-99-46-219.bng1.nct.orcon.net.nz) has joined #duraspace</span><br />
<span class="irc-date">[11:52]</span> <span class="irc-green">* mismo (c1930203@gateway/web/freenode/ip.193.147.2.3) has joined #duraspace</span><br />
<span class="irc-date">[11:52]</span> <span class="irc-black">&lt;mismo&gt; hi</span><br />
<span class="irc-date">[11:52]</span> <span class="irc-black">&lt;mismo&gt; can someone help me with dspace?</span><br />
<span class="irc-date">[11:55]</span> <span class="irc-green">* mismo (c1930203@gateway/web/freenode/ip.193.147.2.3) has left #duraspace</span><br />
<span class="irc-date">[12:30]</span> <span class="irc-navy">* kshepherd2 (~kim@121-99-46-219.bng1.nct.orcon.net.nz) Quit (Ping timeout: 252 seconds)</span><br />
<span class="irc-date">[12:31]</span> <span class="irc-green">* tdonohue (~tdonohue@c-50-179-112-246.hsd1.il.comcast.net) has joined #duraspace</span><br />
<span class="irc-date">[13:39]</span> <span class="irc-navy">* awoods (~awoods@adsl-74-243-180-194.ard.bellsouth.net) Quit (Quit: Ex-Chat)</span><br />
<span class="irc-date">[21:19]</span> <span class="irc-green">* hpottinger (~hpottinge@mu-161174.dhcp.missouri.edu) has joined #duraspace</span><br />
<span class="irc-date">[21:28]</span> <span class="irc-green">* kshepherd2 (~kim@121-99-46-219.bng1.nct.orcon.net.nz) has joined #duraspace</span><br />
<span class="irc-date">[21:50]</span> <span class="irc-green">* tdonohue (~tdonohue@c-50-179-112-246.hsd1.il.comcast.net) has left #duraspace</span><br />
<span class="irc-date">[21:59]</span> <span class="irc-green">* hpottinger (~hpottinge@mu-161174.dhcp.missouri.edu) has left #duraspace</span><br />
<span class="irc-date">[22:36]</span> <span class="irc-navy">* ruebot (~ruebot@pdpc/supporter/professional/ruebot) Quit (*.net *.split)</span><br />
<span class="irc-date">[22:37]</span> <span class="irc-green">* ruebot (~ruebot@pdpc/supporter/professional/ruebot) has joined #duraspace</span><br />
<span class="irc-date">[23:10]</span> <span class="irc-green">* kshepher12 (~kim@121-99-149-216.bng1.nct.orcon.net.nz) has joined #duraspace</span><br />
<span class="irc-date">[23:13]</span> <span class="irc-navy">* kshepherd2 (~kim@121-99-46-219.bng1.nct.orcon.net.nz) Quit (Ping timeout: 265 seconds)</span><br />
