<span class="irc-date">[1:29]</span> <span class="irc-navy">* kshepherd (kim@ec2-184-73-177-234.compute-1.amazonaws.com) Quit (*.net *.split)</span><br />
<span class="irc-date">[1:29]</span> <span class="irc-navy">* kompewter (~kompewter@ec2-50-17-201-82.compute-1.amazonaws.com) Quit (*.net *.split)</span><br />
<span class="irc-date">[1:30]</span> <span class="irc-navy">* awoods (~awoods@c-67-165-245-76.hsd1.co.comcast.net) Quit (*.net *.split)</span><br />
<span class="irc-date">[1:31]</span> <span class="irc-navy">* linux4u (~james@employed.library.emory.edu) Quit (*.net *.split)</span><br />
<span class="irc-date">[1:31]</span> <span class="irc-navy">* ianthe (~ianthe@cowu.be) Quit (*.net *.split)</span><br />
<span class="irc-date">[1:33]</span> <span class="irc-navy">* ChanServ (ChanServ@services.) Quit (*.net *.split)</span><br />
<span class="irc-date">[1:57]</span> <span class="irc-green">* kompewter (~kompewter@ec2-50-17-201-82.compute-1.amazonaws.com) has joined #duraspace</span><br />
<span class="irc-date">[1:57]</span> <span class="irc-green">* awoods (~awoods@c-67-165-245-76.hsd1.co.comcast.net) has joined #duraspace</span><br />
<span class="irc-date">[2:06]</span> <span class="irc-green">* linux4u (~james@employed.library.emory.edu) has joined #duraspace</span><br />
<span class="irc-date">[2:06]</span> <span class="irc-green">* ianthe (~ianthe@cowu.be) has joined #duraspace</span><br />
<span class="irc-date">[2:08]</span> <span class="irc-green">* kshepherd (kim@ec2-184-73-177-234.compute-1.amazonaws.com) has joined #duraspace</span><br />
<span class="irc-date">[2:20]</span> <span class="irc-green">* ChanServ (ChanServ@services.) has joined #duraspace</span><br />
<span class="irc-date">[6:53]</span> <span class="irc-brown">-morgan.freenode.net- *** Looking up your hostname...</span><br />
<span class="irc-date">[6:53]</span> <span class="irc-brown">-morgan.freenode.net- *** Checking Ident</span><br />
<span class="irc-date">[6:53]</span> <span class="irc-brown">-morgan.freenode.net- *** Found your hostname</span><br />
<span class="irc-date">[6:53]</span> <span class="irc-brown">-morgan.freenode.net- *** No Ident response</span><br />
<span class="irc-date">[6:54]</span> <span class="irc-green">* DuraLogBot (~PircBot@ec2-107-22-210-74.compute-1.amazonaws.com) has joined #duraspace</span><br />
<span class="irc-date">[6:54]</span> <span class="irc-green">* Topic is '[Welcome to DuraSpace - This channel is logged - <a href="http://irclogs.duraspace.org/]'">http://irclogs.duraspace.org/]'</a></span><br />
<span class="irc-date">[6:54]</span> <span class="irc-green">* Set by cwilper!ad579d86@gateway/web/freenode/ip.173.87.157.134 on Fri Oct 22 01:19:41 UTC 2010</span><br />
<span class="irc-date">[12:19]</span> <span class="irc-green">* tdonohue (~tdonohue@c-98-215-0-161.hsd1.il.comcast.net) has joined #duraspace</span><br />
<span class="irc-date">[15:06]</span> <span class="irc-green">* kdweeks (~Adium@2001:468:c80:a103:5452:5b0d:ddad:266a) has joined #duraspace</span><br />
<span class="irc-date">[17:35]</span> <span class="irc-green">* aawoods_ (~awoods@c-67-165-245-76.hsd1.co.comcast.net) has joined #duraspace</span><br />
<span class="irc-date">[17:41]</span> <span class="irc-navy">* awoods (~awoods@c-67-165-245-76.hsd1.co.comcast.net) Quit (*.net *.split)</span><br />
<span class="irc-date">[17:50]</span> <span class="irc-green">* PeterDietz (~textual@74.201.2.230) has joined #duraspace</span><br />
<span class="irc-date">[18:24]</span> <span class="irc-navy">* PeterDietz (~textual@74.201.2.230) Quit (Quit: My MacBook Pro has gone to sleep. ZZZzzz…)</span><br />
<span class="irc-date">[20:41]</span> <span class="irc-navy">* aawoods_ (~awoods@c-67-165-245-76.hsd1.co.comcast.net) Quit (Ping timeout: 245 seconds)</span><br />
<span class="irc-date">[20:55]</span> <span class="irc-green">* aawoods_ (~awoods@c-67-165-245-76.hsd1.co.comcast.net) has joined #duraspace</span><br />
<span class="irc-date">[20:58]</span> <span class="irc-green">* lo5an (~lo5an@unaffiliated/lo5an) has joined #duraspace</span><br />
<span class="irc-date">[21:51]</span> <span class="irc-green">* tdonohue (~tdonohue@c-98-215-0-161.hsd1.il.comcast.net) has left #duraspace</span><br />
<span class="irc-date">[23:36]</span> <span class="irc-navy">* lo5an (~lo5an@unaffiliated/lo5an) Quit (Ping timeout: 240 seconds)</span><br />
