<span class="irc-date">[2:59]</span> <span class="irc-navy">* misilot (~misilot@p-body.lib.fit.edu) Quit (Ping timeout: 250 seconds)</span><br />
<span class="irc-date">[3:04]</span> <span class="irc-green">* misilot (~misilot@p-body.lib.fit.edu) has joined #duraspace</span><br />
<span class="irc-date">[6:31]</span> <span class="irc-brown">-hobana.freenode.net- *** Looking up your hostname...</span><br />
<span class="irc-date">[6:31]</span> <span class="irc-brown">-hobana.freenode.net- *** Checking Ident</span><br />
<span class="irc-date">[6:31]</span> <span class="irc-brown">-hobana.freenode.net- *** Found your hostname</span><br />
<span class="irc-date">[6:31]</span> <span class="irc-brown">-hobana.freenode.net- *** No Ident response</span><br />
<span class="irc-date">[6:31]</span> <span class="irc-green">* DuraLogBot (~PircBot@ec2-107-22-210-74.compute-1.amazonaws.com) has joined #duraspace</span><br />
<span class="irc-date">[6:31]</span> <span class="irc-green">* Topic is '[Welcome to DuraSpace - This channel is logged - <a href="http://irclogs.duraspace.org/]'">http://irclogs.duraspace.org/]'</a></span><br />
<span class="irc-date">[6:31]</span> <span class="irc-green">* Set by cwilper!ad579d86@gateway/web/freenode/ip.173.87.157.134 on Fri Oct 22 01:19:41 UTC 2010</span><br />
<span class="irc-date">[9:05]</span> <span class="irc-green">* pbecker (~pbecker@ubwstmapc098.ub.tu-berlin.de) has joined #duraspace</span><br />
<span class="irc-date">[10:37]</span> <span class="irc-brown">-mquin- [Global Notice] Coming up this Saturday the 9th in Philadelphia PA, the 5th annual FOSSCON. Check out the speaker schedule at <a href="http://fosscon.us/Speakers,">http://fosscon.us/Speakers,</a> and register to attend at <a href="http://fosscon.us/Attend.">http://fosscon.us/Attend.</a></span><br />
<span class="irc-date">[12:07]</span> <span class="irc-green">* mhwood (mwood@mhw.ulib.iupui.edu) has joined #duraspace</span><br />
<span class="irc-date">[12:42]</span> <span class="irc-green">* tdonohue (~tdonohue@c-98-215-0-161.hsd1.il.comcast.net) has joined #duraspace</span><br />
<span class="irc-date">[13:14]</span> <span class="irc-navy">* mhwood (mwood@mhw.ulib.iupui.edu) Quit (*.net *.split)</span><br />
<span class="irc-date">[13:15]</span> <span class="irc-green">* mhwood (mwood@mhw.ulib.iupui.edu) has joined #duraspace</span><br />
<span class="irc-date">[13:30]</span> <span class="irc-green">* peterdietz (~peterdiet@162-231-20-67.lightspeed.clmboh.sbcglobal.net) has joined #duraspace</span><br />
<span class="irc-date">[13:49]</span> <span class="irc-navy">* peterdietz (~peterdiet@162-231-20-67.lightspeed.clmboh.sbcglobal.net) Quit (Ping timeout: 244 seconds)</span><br />
<span class="irc-date">[13:49]</span> <span class="irc-green">* peterdietz_ (~peterdiet@server112.longsightgroup.com) has joined #duraspace</span><br />
<span class="irc-date">[16:05]</span> <span class="irc-navy">* peterdietz_ (~peterdiet@server112.longsightgroup.com) Quit (Ping timeout: 256 seconds)</span><br />
<span class="irc-date">[16:05]</span> <span class="irc-green">* peterdietz (~peterdiet@162-231-20-67.lightspeed.clmboh.sbcglobal.net) has joined #duraspace</span><br />
<span class="irc-date">[16:19]</span> <span class="irc-navy">* pbecker (~pbecker@ubwstmapc098.ub.tu-berlin.de) Quit (Quit: Leaving)</span><br />
<span class="irc-date">[16:33]</span> <span class="irc-green">* hpottinger (~hpottinge@mu-161174.dhcp.missouri.edu) has joined #duraspace</span><br />
<span class="irc-date">[17:10]</span> <span class="irc-navy">* linux4u (~james@employed.library.emory.edu) Quit (Remote host closed the connection)</span><br />
<span class="irc-date">[18:30]</span> <span class="irc-green">* mhwood (mwood@mhw.ulib.iupui.edu) has left #duraspace</span><br />
<span class="irc-date">[18:31]</span> <span class="irc-green">* mhwood (mwood@mhw.ulib.iupui.edu) has joined #duraspace</span><br />
<span class="irc-date">[18:32]</span> <span class="irc-navy">* mhwood (mwood@mhw.ulib.iupui.edu) Quit (Remote host closed the connection)</span><br />
<span class="irc-date">[19:44]</span> <span class="irc-green">* peterdietz_ (~peterdiet@server112.longsightgroup.com) has joined #duraspace</span><br />
<span class="irc-date">[19:44]</span> <span class="irc-navy">* peterdietz (~peterdiet@162-231-20-67.lightspeed.clmboh.sbcglobal.net) Quit (Ping timeout: 245 seconds)</span><br />
<span class="irc-date">[19:44]</span> <span class="irc-green">* peterdietz_ is now known as peterdietz</span><br />
<span class="irc-date">[20:31]</span> <span class="irc-navy">* peterdietz (~peterdiet@server112.longsightgroup.com) Quit (Ping timeout: 250 seconds)</span><br />
<span class="irc-date">[21:50]</span> <span class="irc-green">* tdonohue (~tdonohue@c-98-215-0-161.hsd1.il.comcast.net) has left #duraspace</span><br />
<span class="irc-date">[22:08]</span> <span class="irc-navy">* hpottinger (~hpottinge@mu-161174.dhcp.missouri.edu) Quit (Quit: Later, taterz!)</span><br />
