<span class="irc-date">[6:39]</span> <span class="irc-brown">-verne.freenode.net- *** Looking up your hostname...</span><br />
<span class="irc-date">[6:39]</span> <span class="irc-brown">-verne.freenode.net- *** Checking Ident</span><br />
<span class="irc-date">[6:39]</span> <span class="irc-brown">-verne.freenode.net- *** Found your hostname</span><br />
<span class="irc-date">[6:39]</span> <span class="irc-brown">-verne.freenode.net- *** No Ident response</span><br />
<span class="irc-date">[6:39]</span> <span class="irc-green">* DuraLogBot (~PircBot@atlas.duraspace.org) has joined #duraspace</span><br />
<span class="irc-date">[6:39]</span> <span class="irc-green">* Topic is '[Welcome to DuraSpace - This channel is logged - <a href="http://irclogs.duraspace.org/]'">http://irclogs.duraspace.org/]'</a></span><br />
<span class="irc-date">[6:39]</span> <span class="irc-green">* Set by cwilper!ad579d86@gateway/web/freenode/ip.173.87.157.134 on Fri Oct 22 01:19:41 UTC 2010</span><br />
<span class="irc-date">[7:58]</span> <span class="irc-green">* kshepher1 (kim@ec2-184-73-177-234.compute-1.amazonaws.com) has joined #duraspace</span><br />
<span class="irc-date">[8:04]</span> <span class="irc-navy">* kshepherd (kim@ec2-184-73-177-234.compute-1.amazonaws.com) Quit (*.net *.split)</span><br />
<span class="irc-date">[8:04]</span> <span class="irc-navy">* ruebot (~ruebot@pdpc/supporter/professional/ruebot) Quit (*.net *.split)</span><br />
<span class="irc-date">[8:04]</span> <span class="irc-navy">* kshepherd2 (~kim@121-99-155-202.bng1.nct.orcon.net.nz) Quit (*.net *.split)</span><br />
<span class="irc-date">[8:06]</span> <span class="irc-green">* ruebot (~ruebot@pdpc/supporter/professional/ruebot) has joined #duraspace</span><br />
<span class="irc-date">[8:11]</span> <span class="irc-green">* kshepherd2 (~kim@121-99-155-202.bng1.nct.orcon.net.nz) has joined #duraspace</span><br />
<span class="irc-date">[9:26]</span> <span class="irc-navy">* kshepherd2 (~kim@121-99-155-202.bng1.nct.orcon.net.nz) Quit (Ping timeout: 240 seconds)</span><br />
<span class="irc-date">[15:25]</span> <span class="irc-green">* Oak (~Arslan@223.29.228.246) has joined #duraspace</span><br />
<span class="irc-date">[15:25]</span> <span class="irc-navy">* Oak (~Arslan@223.29.228.246) Quit (Changing host)</span><br />
<span class="irc-date">[15:25]</span> <span class="irc-green">* Oak (~Arslan@unaffiliated/alreadygone) has joined #duraspace</span><br />
<span class="irc-date">[15:25]</span> <span class="irc-green">* Oak (~Arslan@unaffiliated/alreadygone) has left #duraspace</span><br />
<span class="irc-date">[17:24]</span> <span class="irc-navy">* awoods (~awoods@c-67-165-245-76.hsd1.co.comcast.net) Quit (Quit: Ex-Chat)</span><br />
<span class="irc-date">[22:34]</span> <span class="irc-green">* kshepherd2 (~kim@121-99-155-202.bng1.nct.orcon.net.nz) has joined #duraspace</span><br />
<span class="irc-date">[23:37]</span> <span class="irc-navy">* kshepherd2 (~kim@121-99-155-202.bng1.nct.orcon.net.nz) Quit (Ping timeout: 250 seconds)</span><br />
