<span class="irc-date">[0:44]</span> <span class="irc-navy">* mdiggory (~anonymous@86.39.200.115.static.hosted.by.easyhost.be) Quit (Quit: mdiggory)</span><br />
<span class="irc-date">[1:49]</span> <span class="irc-navy">* kdweeks (~Adium@2001:468:c80:a103:b44d:7913:fbad:51c9) Quit (Quit: Leaving.)</span><br />
<span class="irc-date">[6:39]</span> <span class="irc-navy">* peterdietz (~peterdiet@server112.longsightgroup.com) Quit (Ping timeout: 245 seconds)</span><br />
<span class="irc-date">[6:51]</span> <span class="irc-brown">-morgan.freenode.net- *** Looking up your hostname...</span><br />
<span class="irc-date">[6:51]</span> <span class="irc-brown">-morgan.freenode.net- *** Checking Ident</span><br />
<span class="irc-date">[6:51]</span> <span class="irc-brown">-morgan.freenode.net- *** Found your hostname</span><br />
<span class="irc-date">[6:51]</span> <span class="irc-brown">-morgan.freenode.net- *** No Ident response</span><br />
<span class="irc-date">[6:51]</span> <span class="irc-green">* DuraLogBot (~PircBot@ec2-107-22-210-74.compute-1.amazonaws.com) has joined #duraspace</span><br />
<span class="irc-date">[6:51]</span> <span class="irc-green">* Topic is '[Welcome to DuraSpace - This channel is logged - <a href="http://irclogs.duraspace.org/]'">http://irclogs.duraspace.org/]'</a></span><br />
<span class="irc-date">[6:51]</span> <span class="irc-green">* Set by cwilper!ad579d86@gateway/web/freenode/ip.173.87.157.134 on Fri Oct 22 01:19:41 UTC 2010</span><br />
<span class="irc-date">[12:11]</span> <span class="irc-green">* peterdietz (~peterdiet@server112.longsightgroup.com) has joined #duraspace</span><br />
<span class="irc-date">[12:15]</span> <span class="irc-green">* taichunmin[R0] (uid19896@gateway/web/irccloud.com/x-fsxaknlvzzlcllxo) has joined #duraspace</span><br />
<span class="irc-date">[12:18]</span> <span class="irc-green">* taichunmin[R0] is now known as taichunmin</span><br />
<span class="irc-date">[12:27]</span> <span class="irc-green">* tdonohue (~tdonohue@c-98-215-0-161.hsd1.il.comcast.net) has joined #duraspace</span><br />
<span class="irc-date">[13:00]</span> <span class="irc-green">* mhwood (mwood@mhw.ulib.iupui.edu) has joined #duraspace</span><br />
<span class="irc-date">[14:01]</span> <span class="irc-green">* tdonohue1 (~tdonohue@c-98-215-0-161.hsd1.il.comcast.net) has joined #duraspace</span><br />
<span class="irc-date">[14:01]</span> <span class="irc-navy">* tdonohue (~tdonohue@c-98-215-0-161.hsd1.il.comcast.net) Quit (Ping timeout: 255 seconds)</span><br />
<span class="irc-date">[14:02]</span> <span class="irc-green">* tdonohue1 is now known as tdonohue</span><br />
<span class="irc-date">[14:13]</span> <span class="irc-green">* kdweeks (~Adium@2001:468:c80:a103:9c7:3046:b8df:a6b) has joined #duraspace</span><br />
<span class="irc-date">[14:33]</span> <span class="irc-navy">* taichunmin (uid19896@gateway/web/irccloud.com/x-fsxaknlvzzlcllxo) Quit (Quit: Connection closed for inactivity)</span><br />
<span class="irc-date">[18:06]</span> <span class="irc-green">* tdonohue1 (~tdonohue@c-98-215-0-161.hsd1.il.comcast.net) has joined #duraspace</span><br />
<span class="irc-date">[18:08]</span> <span class="irc-navy">* tdonohue (~tdonohue@c-98-215-0-161.hsd1.il.comcast.net) Quit (Ping timeout: 258 seconds)</span><br />
<span class="irc-date">[18:16]</span> <span class="irc-green">* tdonohue1 is now known as tdonohue</span><br />
<span class="irc-date">[18:17]</span> <span class="irc-green">* hamslaai1 (~hilton@197.79.73.255) has joined #duraspace</span><br />
<span class="irc-date">[18:18]</span> <span class="irc-green">* hamslaai1 (~hilton@197.79.73.255) has left #duraspace</span><br />
<span class="irc-date">[20:01]</span> <span class="irc-navy">* kdweeks (~Adium@2001:468:c80:a103:9c7:3046:b8df:a6b) Quit (Ping timeout: 272 seconds)</span><br />
<span class="irc-date">[20:03]</span> <span class="irc-green">* kdweeks (~Adium@kdweeksmac.lib.vt.edu) has joined #duraspace</span><br />
<span class="irc-date">[21:14]</span> <span class="irc-navy">* peterdietz (~peterdiet@server112.longsightgroup.com) Quit (Quit: peterdietz)</span><br />
<span class="irc-date">[21:16]</span> <span class="irc-green">* mhwood (mwood@mhw.ulib.iupui.edu) has left #duraspace</span><br />
<span class="irc-date">[22:07]</span> <span class="irc-green">* tdonohue (~tdonohue@c-98-215-0-161.hsd1.il.comcast.net) has left #duraspace</span><br />
