<span class="irc-date">[1:06]</span> <span class="irc-green">* peterdietz_ (~peterdiet@server112.longsightgroup.com) has joined #duraspace</span><br />
<span class="irc-date">[1:06]</span> <span class="irc-navy">* peterdietz (~peterdiet@162-231-22-3.lightspeed.clmboh.sbcglobal.net) Quit (Ping timeout: 272 seconds)</span><br />
<span class="irc-date">[1:06]</span> <span class="irc-green">* peterdietz_ is now known as peterdietz</span><br />
<span class="irc-date">[2:51]</span> <span class="irc-green">* peterdietz_ (~peterdiet@162-231-22-3.lightspeed.clmboh.sbcglobal.net) has joined #duraspace</span><br />
<span class="irc-date">[2:52]</span> <span class="irc-navy">* peterdietz (~peterdiet@server112.longsightgroup.com) Quit (Ping timeout: 258 seconds)</span><br />
<span class="irc-date">[2:52]</span> <span class="irc-green">* peterdietz_ is now known as peterdietz</span><br />
<span class="irc-date">[6:24]</span> <span class="irc-green">* kostasp (025552a4@gateway/web/freenode/ip.2.85.82.164) has joined #duraspace</span><br />
<span class="irc-date">[6:34]</span> <span class="irc-brown">-verne.freenode.net- *** Looking up your hostname...</span><br />
<span class="irc-date">[6:34]</span> <span class="irc-brown">-verne.freenode.net- *** Checking Ident</span><br />
<span class="irc-date">[6:34]</span> <span class="irc-brown">-verne.freenode.net- *** Found your hostname</span><br />
<span class="irc-date">[6:34]</span> <span class="irc-brown">-verne.freenode.net- *** No Ident response</span><br />
<span class="irc-date">[6:34]</span> <span class="irc-green">* DuraLogBot (~PircBot@ec2-107-22-210-74.compute-1.amazonaws.com) has joined #duraspace</span><br />
<span class="irc-date">[6:34]</span> <span class="irc-green">* Topic is '[Welcome to DuraSpace - This channel is logged - <a href="http://irclogs.duraspace.org/]'">http://irclogs.duraspace.org/]'</a></span><br />
<span class="irc-date">[6:34]</span> <span class="irc-green">* Set by cwilper!ad579d86@gateway/web/freenode/ip.173.87.157.134 on Fri Oct 22 01:19:41 UTC 2010</span><br />
<span class="irc-date">[11:40]</span> <span class="irc-navy">* kostasp (025552a4@gateway/web/freenode/ip.2.85.82.164) Quit (Quit: Page closed)</span><br />
<span class="irc-date">[12:14]</span> <span class="irc-green">* mhwood (mwood@mhw.ulib.iupui.edu) has joined #duraspace</span><br />
<span class="irc-date">[12:26]</span> <span class="irc-green">* tdonohue (~tdonohue@c-98-215-0-161.hsd1.il.comcast.net) has joined #duraspace</span><br />
<span class="irc-date">[15:45]</span> <span class="irc-green">* hpottinger (~hpottinge@mu-161174.dhcp.missouri.edu) has joined #duraspace</span><br />
<span class="irc-date">[20:39]</span> <span class="irc-green">* mhwood (mwood@mhw.ulib.iupui.edu) has left #duraspace</span><br />
<span class="irc-date">[21:33]</span> <span class="irc-navy">* tdonohue (~tdonohue@c-98-215-0-161.hsd1.il.comcast.net) Quit (Read error: Connection reset by peer)</span><br />
<span class="irc-date">[21:41]</span> <span class="irc-green">* hpottinger (~hpottinge@mu-161174.dhcp.missouri.edu) has left #duraspace</span><br />
<span class="irc-date">[21:58]</span> <span class="irc-navy">* peterdietz (~peterdiet@162-231-22-3.lightspeed.clmboh.sbcglobal.net) Quit (Quit: peterdietz)</span><br />
