<span class="irc-date">[6:26]</span> <span class="irc-brown">-cameron.freenode.net- *** Looking up your hostname...</span><br />
<span class="irc-date">[6:26]</span> <span class="irc-brown">-cameron.freenode.net- *** Checking Ident</span><br />
<span class="irc-date">[6:26]</span> <span class="irc-brown">-cameron.freenode.net- *** Found your hostname</span><br />
<span class="irc-date">[6:26]</span> <span class="irc-brown">-cameron.freenode.net- *** No Ident response</span><br />
<span class="irc-date">[6:27]</span> <span class="irc-green">* DuraLogBot (~PircBot@atlas.duraspace.org) has joined #duraspace</span><br />
<span class="irc-date">[6:27]</span> <span class="irc-green">* Topic is '[Welcome to DuraSpace - This channel is logged - <a href="http://irclogs.duraspace.org/]'">http://irclogs.duraspace.org/]'</a></span><br />
<span class="irc-date">[6:27]</span> <span class="irc-green">* Set by cwilper!ad579d86@gateway/web/freenode/ip.173.87.157.134 on Fri Oct 22 01:19:41 UTC 2010</span><br />
<span class="irc-date">[11:53]</span> <span class="irc-green">* kshepherd2 (~kim@121-99-35-254.bng1.nct.orcon.net.nz) has joined #duraspace</span><br />
<span class="irc-date">[12:11]</span> <span class="irc-green">* mhwood (mwood@mhw.ulib.iupui.edu) has joined #duraspace</span><br />
<span class="irc-date">[12:44]</span> <span class="irc-navy">* kshepherd2 (~kim@121-99-35-254.bng1.nct.orcon.net.nz) Quit (Ping timeout: 252 seconds)</span><br />
<span class="irc-date">[12:52]</span> <span class="irc-green">* tdonohue (~tdonohue@c-50-179-112-246.hsd1.il.comcast.net) has joined #duraspace</span><br />
<span class="irc-date">[12:53]</span> <span class="irc-green">* awoods (~awoods@c-67-165-245-76.hsd1.co.comcast.net) has joined #duraspace</span><br />
<span class="irc-date">[12:58]</span> <span class="irc-navy">* misilot (~misilot@p-body.lib.fit.edu) Quit (Remote host closed the connection)</span><br />
<span class="irc-date">[12:59]</span> <span class="irc-green">* tdonohue1 (~tdonohue@c-50-179-112-246.hsd1.il.comcast.net) has joined #duraspace</span><br />
<span class="irc-date">[13:00]</span> <span class="irc-navy">* tdonohue (~tdonohue@c-50-179-112-246.hsd1.il.comcast.net) Quit (Ping timeout: 255 seconds)</span><br />
<span class="irc-date">[13:11]</span> <span class="irc-green">* misilot (~misilot@p-body.lib.fit.edu) has joined #duraspace</span><br />
<span class="irc-date">[13:48]</span> <span class="irc-brown">-leguin.freenode.net- *** Looking up your hostname...</span><br />
<span class="irc-date">[13:48]</span> <span class="irc-brown">-leguin.freenode.net- *** Checking Ident</span><br />
<span class="irc-date">[13:48]</span> <span class="irc-brown">-leguin.freenode.net- *** Found your hostname</span><br />
<span class="irc-date">[13:48]</span> <span class="irc-brown">-leguin.freenode.net- *** No Ident response</span><br />
<span class="irc-date">[13:48]</span> <span class="irc-green">* DuraLogBot (~PircBot@atlas.duraspace.org) has joined #duraspace</span><br />
<span class="irc-date">[13:48]</span> <span class="irc-green">* Topic is '[Welcome to DuraSpace - This channel is logged - <a href="http://irclogs.duraspace.org/]'">http://irclogs.duraspace.org/]'</a></span><br />
<span class="irc-date">[13:48]</span> <span class="irc-green">* Set by cwilper!ad579d86@gateway/web/freenode/ip.173.87.157.134 on Fri Oct 22 01:19:41 UTC 2010</span><br />
<span class="irc-date">[13:55]</span> <span class="irc-green">* PeterDietz (~peterdiet@dietz72m1.lib.ohio-state.edu) has joined #duraspace</span><br />
<span class="irc-date">[18:39]</span> <span class="irc-green">* hpottinger (~hpottinge@mu-161174.dhcp.missouri.edu) has joined #duraspace</span><br />
<span class="irc-date">[21:00]</span> <span class="irc-green">* mhwood (mwood@mhw.ulib.iupui.edu) has left #duraspace</span><br />
<span class="irc-date">[21:05]</span> <span class="irc-green">* hpottinger (~hpottinge@mu-161174.dhcp.missouri.edu) has left #duraspace</span><br />
<span class="irc-date">[22:07]</span> <span class="irc-green">* tdonohue1 (~tdonohue@c-50-179-112-246.hsd1.il.comcast.net) has left #duraspace</span><br />
