<span class="irc-date">[0:30]</span> <span class="irc-navy">* pdurbin (~pdurbin@server1.greptilian.com) Quit (*.net *.split)</span><br />
<span class="irc-date">[0:32]</span> <span class="irc-green">* misilot1 (~misilot@p-body.lib.fit.edu) has joined #duraspace</span><br />
<span class="irc-date">[0:36]</span> <span class="irc-navy">* helix84 (~ctenar@195.178.95.132) Quit (*.net *.split)</span><br />
<span class="irc-date">[0:38]</span> <span class="irc-navy">* awoods (~awoods@c-67-165-245-76.hsd1.co.comcast.net) Quit (*.net *.split)</span><br />
<span class="irc-date">[0:38]</span> <span class="irc-navy">* misilot (~misilot@p-body.lib.fit.edu) Quit (*.net *.split)</span><br />
<span class="irc-date">[0:57]</span> <span class="irc-navy">* kompewter (~kompewter@ec2-50-17-201-82.compute-1.amazonaws.com) Quit (*.net *.split)</span><br />
<span class="irc-date">[0:58]</span> <span class="irc-green">* pdurbin1 (~pdurbin@server1.greptilian.com) has joined #duraspace</span><br />
<span class="irc-date">[0:59]</span> <span class="irc-green">* helix84 (~ctenar@195.178.95.132) has joined #duraspace</span><br />
<span class="irc-date">[1:00]</span> <span class="irc-green">* kompewter (~kompewter@ec2-50-17-201-82.compute-1.amazonaws.com) has joined #duraspace</span><br />
<span class="irc-date">[1:08]</span> <span class="irc-navy">* kompewter (~kompewter@ec2-50-17-201-82.compute-1.amazonaws.com) Quit (*.net *.split)</span><br />
<span class="irc-date">[1:08]</span> <span class="irc-navy">* helix84 (~ctenar@195.178.95.132) Quit (*.net *.split)</span><br />
<span class="irc-date">[1:09]</span> <span class="irc-navy">* ruebot (~ruebot@pdpc/supporter/professional/ruebot) Quit (*.net *.split)</span><br />
<span class="irc-date">[1:09]</span> <span class="irc-navy">* misilot1 (~misilot@p-body.lib.fit.edu) Quit (*.net *.split)</span><br />
<span class="irc-date">[1:10]</span> <span class="irc-navy">* kshepherd (kim@ec2-184-73-177-234.compute-1.amazonaws.com) Quit (*.net *.split)</span><br />
<span class="irc-date">[1:12]</span> <span class="irc-navy">* ChanServ (ChanServ@services.) Quit (*.net *.split)</span><br />
<span class="irc-date">[1:15]</span> <span class="irc-navy">* pdurbin1 (~pdurbin@server1.greptilian.com) Quit (*.net *.split)</span><br />
<span class="irc-date">[1:22]</span> <span class="irc-green">* kompewter (~kompewter@ec2-50-17-201-82.compute-1.amazonaws.com) has joined #duraspace</span><br />
<span class="irc-date">[1:22]</span> <span class="irc-green">* misilot1 (~misilot@p-body.lib.fit.edu) has joined #duraspace</span><br />
<span class="irc-date">[1:22]</span> <span class="irc-green">* kshepherd (kim@ec2-184-73-177-234.compute-1.amazonaws.com) has joined #duraspace</span><br />
<span class="irc-date">[1:22]</span> <span class="irc-green">* ruebot (~ruebot@pdpc/supporter/professional/ruebot) has joined #duraspace</span><br />
<span class="irc-date">[1:22]</span> <span class="irc-green">* ChanServ (ChanServ@services.) has joined #duraspace</span><br />
<span class="irc-date">[1:36]</span> <span class="irc-green">* helix84 (~ctenar@195.178.95.132) has joined #duraspace</span><br />
<span class="irc-date">[1:49]</span> <span class="irc-navy">* ruebot (~ruebot@pdpc/supporter/professional/ruebot) Quit (*.net *.split)</span><br />
<span class="irc-date">[1:51]</span> <span class="irc-navy">* helix84 (~ctenar@195.178.95.132) Quit (*.net *.split)</span><br />
<span class="irc-date">[3:01]</span> <span class="irc-green">* helix84 (~ctenar@195.178.95.132) has joined #duraspace</span><br />
<span class="irc-date">[4:37]</span> <span class="irc-green">* pdurbin1 (~pdurbin@server1.greptilian.com) has joined #duraspace</span><br />
<span class="irc-date">[4:58]</span> <span class="irc-navy">* helix84 (~ctenar@195.178.95.132) Quit (Ping timeout: 252 seconds)</span><br />
<span class="irc-date">[5:02]</span> <span class="irc-navy">* pdurbin1 (~pdurbin@server1.greptilian.com) Quit (Ping timeout: 272 seconds)</span><br />
<span class="irc-date">[5:39]</span> <span class="irc-navy">* kompewter (~kompewter@ec2-50-17-201-82.compute-1.amazonaws.com) Quit (*.net *.split)</span><br />
<span class="irc-date">[5:39]</span> <span class="irc-navy">* misilot1 (~misilot@p-body.lib.fit.edu) Quit (*.net *.split)</span><br />
<span class="irc-date">[5:40]</span> <span class="irc-navy">* kshepherd (kim@ec2-184-73-177-234.compute-1.amazonaws.com) Quit (*.net *.split)</span><br />
<span class="irc-date">[5:41]</span> <span class="irc-navy">* ChanServ (ChanServ@services.) Quit (*.net *.split)</span><br />
<span class="irc-date">[5:56]</span> <span class="irc-green">* ruebot (~ruebot@192.241.253.49) has joined #duraspace</span><br />
<span class="irc-date">[6:02]</span> <span class="irc-green">* helix84 (~ctenar@195.178.95.132) has joined #duraspace</span><br />
<span class="irc-date">[6:02]</span> <span class="irc-green">* kompewter (~kompewter@ec2-50-17-201-82.compute-1.amazonaws.com) has joined #duraspace</span><br />
<span class="irc-date">[6:02]</span> <span class="irc-green">* misilot1 (~misilot@p-body.lib.fit.edu) has joined #duraspace</span><br />
<span class="irc-date">[6:02]</span> <span class="irc-green">* kshepherd (kim@ec2-184-73-177-234.compute-1.amazonaws.com) has joined #duraspace</span><br />
<span class="irc-date">[6:02]</span> <span class="irc-green">* ChanServ (ChanServ@services.) has joined #duraspace</span><br />
<span class="irc-date">[6:04]</span> <span class="irc-navy">* helix84 (~ctenar@195.178.95.132) Quit (Ping timeout: 252 seconds)</span><br />
<span class="irc-date">[6:15]</span> <span class="irc-green">* helix84_ (~ctenar@195.178.95.132) has joined #duraspace</span><br />
<span class="irc-date">[6:21]</span> <span class="irc-navy">* ruebot (~ruebot@192.241.253.49) Quit (Ping timeout: 272 seconds)</span><br />
<span class="irc-date">[16:12]</span> <span class="irc-brown">-dickson.freenode.net- *** Looking up your hostname...</span><br />
<span class="irc-date">[16:12]</span> <span class="irc-brown">-dickson.freenode.net- *** Checking Ident</span><br />
<span class="irc-date">[16:12]</span> <span class="irc-brown">-dickson.freenode.net- *** Found your hostname</span><br />
<span class="irc-date">[16:12]</span> <span class="irc-brown">-dickson.freenode.net- *** No Ident response</span><br />
<span class="irc-date">[16:12]</span> <span class="irc-green">* DuraLogBot (~PircBot@atlas.duraspace.org) has joined #duraspace</span><br />
<span class="irc-date">[16:12]</span> <span class="irc-green">* Topic is '[Welcome to DuraSpace - This channel is logged - <a href="http://irclogs.duraspace.org/]'">http://irclogs.duraspace.org/]'</a></span><br />
<span class="irc-date">[16:12]</span> <span class="irc-green">* Set by cwilper!ad579d86@gateway/web/freenode/ip.173.87.157.134 on Fri Oct 22 01:19:41 UTC 2010</span><br />
<span class="irc-date">[16:12]</span> <span class="irc-black">&lt;tdonohue&gt; I ended up having to downgrade my pidgin, personally</span><br />
<span class="irc-date">[16:13]</span> <span class="irc-black">&lt;mhwood&gt; 2.10.7 here, usually fairly stable.  Sometimes the IRC network isn't.</span><br />
<span class="irc-date">[16:14]</span> <span class="irc-black">&lt;tdonohue&gt; 2.10.7 is what I downgraded pidgin too. I had noticed there was a new release (latest is 2.10.9), which I tried.  But, 2.10.9 wasn't working for IRC for me... but, who knows, maybe it was the IRC network</span><br />
<span class="irc-date">[16:22]</span> <span class="irc-navy">* ruebot (~ruebot@192.241.253.49) Quit (Ping timeout: 272 seconds)</span><br />
<span class="irc-date">[16:25]</span> <span class="irc-green">* ruebot (~ruebot@192.241.253.49) has joined #duraspace</span><br />
<span class="irc-date">[16:26]</span> <span class="irc-navy">* tdonohue (~tdonohue@c-50-179-112-246.hsd1.il.comcast.net) Quit (*.net *.split)</span><br />
<span class="irc-date">[16:26]</span> <span class="irc-navy">* mhwood (~mhwood@mhw.ulib.iupui.edu) Quit (*.net *.split)</span><br />
<span class="irc-date">[16:26]</span> <span class="irc-navy">* helix84 (~ctenar@195.178.95.132) Quit (*.net *.split)</span><br />
<span class="irc-date">[16:26]</span> <span class="irc-navy">* pdurbin (~pdurbin@server1.greptilian.com) Quit (*.net *.split)</span><br />
<span class="irc-date">[16:26]</span> <span class="irc-navy">* misilot (~misilot@p-body.lib.fit.edu) Quit (*.net *.split)</span><br />
<span class="irc-date">[16:26]</span> <span class="irc-navy">* kshepherd (kim@ec2-184-73-177-234.compute-1.amazonaws.com) Quit (*.net *.split)</span><br />
<span class="irc-date">[16:26]</span> <span class="irc-navy">* fasseg (~ruckus@HSI-KBW-091-089-022-149.hsi2.kabelbw.de) Quit (*.net *.split)</span><br />
<span class="irc-date">[16:36]</span> <span class="irc-navy">* ruebot (~ruebot@192.241.253.49) Quit (Ping timeout: 272 seconds)</span><br />
<span class="irc-date">[16:39]</span> <span class="irc-navy">* DuraLogBot (~PircBot@atlas.duraspace.org) Quit (Ping timeout: 272 seconds)</span><br />
<span class="irc-date">[16:39]</span> <span class="irc-navy">* Disconnected.</span><br />
<span class="irc-date">[16:40]</span> <span class="irc-brown">-dickson.freenode.net- *** Looking up your hostname...</span><br />
<span class="irc-date">[16:40]</span> <span class="irc-brown">-dickson.freenode.net- *** Checking Ident</span><br />
<span class="irc-date">[16:40]</span> <span class="irc-brown">-dickson.freenode.net- *** Found your hostname</span><br />
<span class="irc-date">[16:40]</span> <span class="irc-brown">-dickson.freenode.net- *** No Ident response</span><br />
<span class="irc-date">[16:47]</span> <span class="irc-navy">* DuraLogBot (~PircBot@atlas.duraspace.org) Quit (Ping timeout: 272 seconds)</span><br />
<span class="irc-date">[16:47]</span> <span class="irc-navy">* Disconnected.</span><br />
<span class="irc-date">[17:04]</span> <span class="irc-brown">-morgan.freenode.net- *** Looking up your hostname...</span><br />
<span class="irc-date">[17:04]</span> <span class="irc-brown">-morgan.freenode.net- *** Checking Ident</span><br />
<span class="irc-date">[17:04]</span> <span class="irc-brown">-morgan.freenode.net- *** Found your hostname</span><br />
<span class="irc-date">[17:04]</span> <span class="irc-brown">-morgan.freenode.net- *** No Ident response</span><br />
<span class="irc-date">[17:04]</span> <span class="irc-green">* DuraLogBot (~PircBot@atlas.duraspace.org) has joined #duraspace</span><br />
<span class="irc-date">[17:04]</span> <span class="irc-green">* Topic is '[Welcome to DuraSpace - This channel is logged - <a href="http://irclogs.duraspace.org/]'">http://irclogs.duraspace.org/]'</a></span><br />
<span class="irc-date">[17:04]</span> <span class="irc-green">* Set by cwilper!ad579d86@gateway/web/freenode/ip.173.87.157.134 on Fri Oct 22 01:19:41 UTC 2010</span><br />
<span class="irc-date">[17:05]</span> <span class="irc-green">* tdonohue (~tdonohue@c-50-179-112-246.hsd1.il.comcast.net) has joined #duraspace</span><br />
<span class="irc-date">[17:07]</span> <span class="irc-black">&lt;tdonohue&gt; For the record...we all keep getting booted out of IRC because Freenode is still seemingly mitigating a DDoS attack: <a href="https://twitter.com/freenodestaff/status/430272930078273536">https://twitter.com/freenodestaff/status/430272930078273536</a></span><br />
<span class="irc-date">[17:08]</span> <span class="irc-black">&lt;tdonohue&gt; based on their recent tweets, it sounds like "chat.freenode.net" should work better, or one of the named servers at: <a href="http://freenode.net/irc_servers.shtml">http://freenode.net/irc_servers.shtml</a> (I'm doing the latter)</span><br />
<span class="irc-date">[17:22]</span> <span class="irc-navy">* ruebot (~ruebot@pdpc/supporter/professional/ruebot) Quit (Quit: Please, sir, I want some more.)</span><br />
<span class="irc-date">[17:38]</span> <span class="irc-green">* ruebot (~ruebot@192.241.253.49) has joined #duraspace</span><br />
<span class="irc-date">[18:08]</span> <span class="irc-navy">* ruebot (~ruebot@192.241.253.49) Quit (Changing host)</span><br />
<span class="irc-date">[18:08]</span> <span class="irc-green">* ruebot (~ruebot@pdpc/supporter/professional/ruebot) has joined #duraspace</span><br />
<span class="irc-date">[19:02]</span> <span class="irc-navy">* ChanServ (ChanServ@services.) Quit (shutting down)</span><br />
<span class="irc-date">[19:05]</span> <span class="irc-green">* ChanServ (ChanServ@services.) has joined #duraspace</span><br />
<span class="irc-date">[19:07]</span> <span class="irc-brown">-tomaw- [Global notice] Hi all. We're still investigating issues with services (ChanServ and NickServ). They're back now but missing a couple of bits of functionality namely nick enforcement and SASL dh-blowfish support. Further updates via wallops.</span><br />
<span class="irc-date">[20:53]</span> <span class="irc-black">&lt;kshepherd&gt; tdonohue: you around?</span><br />
<span class="irc-date">[20:54]</span> <span class="irc-black">&lt;tdonohue&gt; yep, I'm here. hi there, kshepherd!</span><br />
<span class="irc-date">[20:54]</span> <span class="irc-black">&lt;kshepherd&gt; hiya :)</span><br />
<span class="irc-date">[20:56]</span> <span class="irc-black">&lt;kshepherd&gt; thinking of starting a wiki page for some thoughts/planning around AV streaming (rtmp, hls, etc.) in dspace..</span><br />
<span class="irc-date">[20:56]</span> <span class="irc-black">&lt;kshepherd&gt; where does it belong, structurally? i guess it'd be linked from <a href="https://wiki.duraspace.org/display/DSPACE/Extensions+and+Addons+Work#ExtensionsandAddonsWork-Incomplete/StatusUnknown">https://wiki.duraspace.org/display/DSPACE/Extensions+and+Addons+Work#ExtensionsandAddonsWork-Incomplete/StatusUnknown</a></span><br />
<span class="irc-date">[20:58]</span> <span class="irc-black">&lt;kshepherd&gt; do we tend to just make these pages children of the core /DSPACE/ page? looks like it.. (sorry, it's been a while ;))</span><br />
<span class="irc-date">[20:59]</span> <span class="irc-black">&lt;tdonohue&gt; just a sec, in a mtg for ~15mins</span><br />
<span class="irc-date">[20:59]</span> <span class="irc-black">&lt;kshepherd&gt; sure</span><br />
<span class="irc-date">[21:16]</span> <span class="irc-black">&lt;tdonohue&gt; back now</span><br />
<span class="irc-date">[21:17]</span> <span class="irc-black">&lt;tdonohue&gt; To be honest, we don't have a "perfect" place for this sorta thing on the wiki.</span><br />
<span class="irc-date">[21:17]</span> <span class="irc-black">&lt;kshepherd&gt; ok that's cool, i'll just find a similar page and follow the lead</span><br />
<span class="irc-date">[21:17]</span> <span class="irc-black">&lt;tdonohue&gt; Another possible location though is as a subpage of this: <a href="https://wiki.duraspace.org/display/DSPACE/Development+Proposals">https://wiki.duraspace.org/display/DSPACE/Development+Proposals</a></span><br />
<span class="irc-date">[21:18]</span> <span class="irc-black">&lt;kshepherd&gt; ok thanks</span><br />
<span class="irc-date">[21:18]</span> <span class="irc-black">&lt;kshepherd&gt; i have a draft short survey ready as well, if everyone thinks it's a good idea, to get some feedback from users about what htey want from A/V streaming (and indeed *if* they want it)</span><br />
<span class="irc-date">[21:20]</span> <span class="irc-black">&lt;tdonohue&gt; cool, yea, that'd probably be a good idea at some point. "Streaming" can mean different things to different folks</span><br />
<span class="irc-date">[21:21]</span> <span class="irc-black">&lt;kshepherd&gt; mm</span><br />
<span class="irc-date">[21:22]</span> <span class="irc-black">&lt;kshepherd&gt; and it's not easy to get a "one size fits all" solution in terms of formats, whether it lives in teh same server, how it consumes/reads bitstreams, where it stores video metadata/bookmarks,e tc.</span><br />
<span class="irc-date">[21:22]</span> <span class="irc-black">&lt;kshepherd&gt; but yeh anyway, watch this space</span><br />
<span class="irc-date">[21:27]</span> <span class="irc-black">&lt;tdonohue&gt; yep, makes sense</span><br />
<span class="irc-date">[21:42]</span> <span class="irc-navy">* helix84 (~ctenar@195.178.95.132) Quit (Ping timeout: 245 seconds)</span><br />
<span class="irc-date">[21:42]</span> <span class="irc-navy">* pdurbin (~pdurbin@server1.greptilian.com) Quit (Ping timeout: 245 seconds)</span><br />
<span class="irc-date">[21:42]</span> <span class="irc-green">* helix84 (~ctenar@195.178.95.132) has joined #duraspace</span><br />
<span class="irc-date">[21:44]</span> <span class="irc-green">* pdurbin (~pdurbin@server1.greptilian.com) has joined #duraspace</span><br />
<span class="irc-date">[22:06]</span> <span class="irc-navy">* mhwood (mwood@mhw.ulib.iupui.edu) Quit (Remote host closed the connection)</span><br />
<span class="irc-date">[22:07]</span> <span class="irc-green">* tdonohue (~tdonohue@c-50-179-112-246.hsd1.il.comcast.net) has left #duraspace</span><br />
<span class="irc-date">[22:08]</span> <span class="irc-green">* tdonohue (~tdonohue@c-50-179-112-246.hsd1.il.comcast.net) has joined #duraspace</span><br />
<span class="irc-date">[22:53]</span> <span class="irc-green">* tdonohue (~tdonohue@c-50-179-112-246.hsd1.il.comcast.net) has left #duraspace</span><br />
