<span class="irc-date">[6:49]</span> <span class="irc-brown">-kornbluth.freenode.net- *** Looking up your hostname...</span><br />
<span class="irc-date">[6:49]</span> <span class="irc-brown">-kornbluth.freenode.net- *** Checking Ident</span><br />
<span class="irc-date">[6:49]</span> <span class="irc-brown">-kornbluth.freenode.net- *** Found your hostname</span><br />
<span class="irc-date">[6:49]</span> <span class="irc-brown">-kornbluth.freenode.net- *** No Ident response</span><br />
<span class="irc-date">[6:50]</span> <span class="irc-green">* DuraLogBot (~PircBot@ec2-107-22-210-74.compute-1.amazonaws.com) has joined #duraspace</span><br />
<span class="irc-date">[6:50]</span> <span class="irc-green">* Topic is '[Welcome to DuraSpace - This channel is logged - <a href="http://irclogs.duraspace.org/]'">http://irclogs.duraspace.org/]'</a></span><br />
<span class="irc-date">[6:50]</span> <span class="irc-green">* Set by cwilper!ad579d86@gateway/web/freenode/ip.173.87.157.134 on Fri Oct 22 01:19:41 UTC 2010</span><br />
<span class="irc-date">[7:11]</span> <span class="irc-green">* kostasp (5e45fcdf@gateway/web/freenode/session) has joined #duraspace</span><br />
<span class="irc-date">[8:05]</span> <span class="irc-navy">* kostasp (5e45fcdf@gateway/web/freenode/session) Quit (Changing host)</span><br />
<span class="irc-date">[8:05]</span> <span class="irc-green">* kostasp (5e45fcdf@gateway/web/freenode/ip.94.69.252.223) has joined #duraspace</span><br />
<span class="irc-date">[9:27]</span> <span class="irc-green">* ianthe_ is now known as ianthe</span><br />
<span class="irc-date">[11:19]</span> <span class="irc-navy">* kostasp (5e45fcdf@gateway/web/freenode/ip.94.69.252.223) Quit (Quit: Page closed)</span><br />
<span class="irc-date">[12:11]</span> <span class="irc-green">* misilot (~misilot@p-body.lib.fit.edu) has joined #duraspace</span><br />
<span class="irc-date">[12:21]</span> <span class="irc-green">* tdonohue (~tdonohue@c-98-215-0-161.hsd1.il.comcast.net) has joined #duraspace</span><br />
<span class="irc-date">[12:25]</span> <span class="irc-green">* mhwood (mwood@mhw.ulib.iupui.edu) has joined #duraspace</span><br />
<span class="irc-date">[13:26]</span> <span class="irc-green">* aawoods__ is now known as awoods</span><br />
<span class="irc-date">[14:13]</span> <span class="irc-green">* hpottinger (~hpottinge@mu-161174.dhcp.missouri.edu) has joined #duraspace</span><br />
<span class="irc-date">[15:30]</span> <span class="irc-navy">* jrgriffiniii (~chatzilla@139.147.64.11) Quit (Remote host closed the connection)</span><br />
<span class="irc-date">[20:54]</span> <span class="irc-green">* hpottinger (~hpottinge@mu-161174.dhcp.missouri.edu) has left #duraspace</span><br />
<span class="irc-date">[21:00]</span> <span class="irc-navy">* mhwood (mwood@mhw.ulib.iupui.edu) Quit (Remote host closed the connection)</span><br />
<span class="irc-date">[22:13]</span> <span class="irc-green">* tdonohue (~tdonohue@c-98-215-0-161.hsd1.il.comcast.net) has left #duraspace</span><br />
