<span class="irc-date">[3:58]</span> <span class="irc-navy">* awoods (~awoods@c-67-165-245-76.hsd1.co.comcast.net) Quit (Ping timeout: 250 seconds)</span><br />
<span class="irc-date">[4:11]</span> <span class="irc-green">* awoods (~awoods@c-67-165-245-76.hsd1.co.comcast.net) has joined #duraspace</span><br />
<span class="irc-date">[6:41]</span> <span class="irc-brown">-wilhelm.freenode.net- *** Looking up your hostname...</span><br />
<span class="irc-date">[6:41]</span> <span class="irc-brown">-wilhelm.freenode.net- *** Checking Ident</span><br />
<span class="irc-date">[6:41]</span> <span class="irc-brown">-wilhelm.freenode.net- *** Found your hostname</span><br />
<span class="irc-date">[6:41]</span> <span class="irc-brown">-wilhelm.freenode.net- *** No Ident response</span><br />
<span class="irc-date">[6:41]</span> <span class="irc-green">* DuraLogBot (~PircBot@ec2-107-22-210-74.compute-1.amazonaws.com) has joined #duraspace</span><br />
<span class="irc-date">[6:41]</span> <span class="irc-green">* Topic is '[Welcome to DuraSpace - This channel is logged - <a href="http://irclogs.duraspace.org/]'">http://irclogs.duraspace.org/]'</a></span><br />
<span class="irc-date">[6:41]</span> <span class="irc-green">* Set by cwilper!ad579d86@gateway/web/freenode/ip.173.87.157.134 on Fri Oct 22 01:19:41 UTC 2010</span><br />
<span class="irc-date">[7:53]</span> <span class="irc-navy">* awoods (~awoods@c-67-165-245-76.hsd1.co.comcast.net) Quit (Ping timeout: 244 seconds)</span><br />
<span class="irc-date">[9:42]</span> <span class="irc-green">* pbecker (~pbecker@ubwstmapc098.ub.tu-berlin.de) has joined #duraspace</span><br />
<span class="irc-date">[10:33]</span> <span class="irc-green">* awoods (~awoods@c-67-165-245-76.hsd1.co.comcast.net) has joined #duraspace</span><br />
<span class="irc-date">[11:41]</span> <span class="irc-navy">* pbecker (~pbecker@ubwstmapc098.ub.tu-berlin.de) Quit (Quit: Leaving)</span><br />
<span class="irc-date">[12:19]</span> <span class="irc-green">* mhwood (mwood@mhw.ulib.iupui.edu) has joined #duraspace</span><br />
<span class="irc-date">[12:46]</span> <span class="irc-green">* pbecker (~pbecker@ubwstmapc098.ub.tu-berlin.de) has joined #duraspace</span><br />
<span class="irc-date">[12:51]</span> <span class="irc-green">* tdonohue (~tdonohue@c-98-215-0-161.hsd1.il.comcast.net) has joined #duraspace</span><br />
<span class="irc-date">[15:15]</span> <span class="irc-green">* hpottinger (~hpottinge@173-20-173-237.client.mchsi.com) has joined #duraspace</span><br />
<span class="irc-date">[15:40]</span> <span class="irc-navy">* hpottinger (~hpottinge@173-20-173-237.client.mchsi.com) Quit (Remote host closed the connection)</span><br />
<span class="irc-date">[16:35]</span> <span class="irc-navy">* pbecker (~pbecker@ubwstmapc098.ub.tu-berlin.de) Quit (Quit: Leaving)</span><br />
<span class="irc-date">[18:50]</span> <span class="irc-green">* hpottinger (~hpottinge@mu-160056.dhcp.missouri.edu) has joined #duraspace</span><br />
<span class="irc-date">[19:57]</span> <span class="irc-navy">* hpottinger (~hpottinge@mu-160056.dhcp.missouri.edu) Quit (Quit: Leaving, later taterz!)</span><br />
<span class="irc-date">[21:10]</span> <span class="irc-navy">* mhwood (mwood@mhw.ulib.iupui.edu) Quit (Remote host closed the connection)</span><br />
<span class="irc-date">[21:55]</span> <span class="irc-navy">* tdonohue (~tdonohue@c-98-215-0-161.hsd1.il.comcast.net) Quit (Read error: Connection reset by peer)</span><br />
