<span class="irc-date">[1:01]</span> <span class="irc-navy">* peterdietz (uid52203@gateway/web/irccloud.com/x-idhenxjsyzltulni) Quit (Quit: Connection closed for inactivity)</span><br />
<span class="irc-date">[6:51]</span> <span class="irc-brown">-hitchcock.freenode.net- *** Looking up your hostname...</span><br />
<span class="irc-date">[6:51]</span> <span class="irc-brown">-hitchcock.freenode.net- *** Checking Ident</span><br />
<span class="irc-date">[6:51]</span> <span class="irc-brown">-hitchcock.freenode.net- *** Couldn't look up your hostname</span><br />
<span class="irc-date">[6:51]</span> <span class="irc-brown">-hitchcock.freenode.net- *** No Ident response</span><br />
<span class="irc-date">[6:51]</span> <span class="irc-green">* DuraLogBot (~PircBot@54.243.59.36) has joined #duraspace</span><br />
<span class="irc-date">[6:51]</span> <span class="irc-green">* Topic is '[Welcome to DuraSpace - This channel is logged - <a href="http://irclogs.duraspace.org/]'">http://irclogs.duraspace.org/]'</a></span><br />
<span class="irc-date">[6:51]</span> <span class="irc-green">* Set by cwilper!ad579d86@gateway/web/freenode/ip.173.87.157.134 on Fri Oct 22 01:19:41 UTC 2010</span><br />
<span class="irc-date">[14:02]</span> <span class="irc-green">* tdonohue (~tdonohue@c-98-226-113-104.hsd1.il.comcast.net) has joined #duraspace</span><br />
<span class="irc-date">[14:28]</span> <span class="irc-green">* peterdietz (uid52203@gateway/web/irccloud.com/x-nvqutarivdqkjpnc) has joined #duraspace</span><br />
<span class="irc-date">[14:39]</span> <span class="irc-green">* awoods (~awoods@c-98-245-50-182.hsd1.co.comcast.net) has joined #duraspace</span><br />
<span class="irc-date">[15:09]</span> <span class="irc-green">* hpottinger (~hpottinge@mu-162038.dhcp.missouri.edu) has joined #duraspace</span><br />
<span class="irc-date">[16:18]</span> <span class="irc-green">* dyelar (~dyelar@129.237.45.105) has joined #duraspace</span><br />
<span class="irc-date">[17:44]</span> <span class="irc-navy">* hpottinger (~hpottinge@mu-162038.dhcp.missouri.edu) Quit (Quit: Leaving, later taterz!)</span><br />
<span class="irc-date">[17:52]</span> <span class="irc-green">* tdonohue (~tdonohue@c-98-226-113-104.hsd1.il.comcast.net) has left #duraspace</span><br />
<span class="irc-date">[17:55]</span> <span class="irc-green">* tdonohue (~tdonohue@c-98-226-113-104.hsd1.il.comcast.net) has joined #duraspace</span><br />
<span class="irc-date">[18:00]</span> <span class="irc-navy">* tdonohue (~tdonohue@c-98-226-113-104.hsd1.il.comcast.net) Quit (Read error: Connection reset by peer)</span><br />
<span class="irc-date">[18:01]</span> <span class="irc-green">* tdonohue (~tdonohue@c-98-226-113-104.hsd1.il.comcast.net) has joined #duraspace</span><br />
<span class="irc-date">[18:02]</span> <span class="irc-green">* hpottinger (~hpottinge@mu-162038.dhcp.missouri.edu) has joined #duraspace</span><br />
<span class="irc-date">[18:19]</span> <span class="irc-navy">* tdonohue (~tdonohue@c-98-226-113-104.hsd1.il.comcast.net) Quit (Read error: Connection reset by peer)</span><br />
<span class="irc-date">[18:20]</span> <span class="irc-green">* tdonohue (~tdonohue@c-98-226-113-104.hsd1.il.comcast.net) has joined #duraspace</span><br />
<span class="irc-date">[18:21]</span> <span class="irc-navy">* tdonohue (~tdonohue@c-98-226-113-104.hsd1.il.comcast.net) Quit (Read error: Connection reset by peer)</span><br />
<span class="irc-date">[18:22]</span> <span class="irc-green">* tdonohue (~tdonohue@c-98-226-113-104.hsd1.il.comcast.net) has joined #duraspace</span><br />
<span class="irc-date">[18:29]</span> <span class="irc-navy">* tdonohue (~tdonohue@c-98-226-113-104.hsd1.il.comcast.net) Quit (Read error: Connection reset by peer)</span><br />
<span class="irc-date">[18:30]</span> <span class="irc-green">* tdonohue (~tdonohue@c-98-226-113-104.hsd1.il.comcast.net) has joined #duraspace</span><br />
<span class="irc-date">[18:36]</span> <span class="irc-navy">* tdonohue (~tdonohue@c-98-226-113-104.hsd1.il.comcast.net) Quit (Read error: Connection reset by peer)</span><br />
<span class="irc-date">[18:37]</span> <span class="irc-green">* tdonohue (~tdonohue@c-98-226-113-104.hsd1.il.comcast.net) has joined #duraspace</span><br />
<span class="irc-date">[18:37]</span> <span class="irc-navy">* tdonohue (~tdonohue@c-98-226-113-104.hsd1.il.comcast.net) Quit (Read error: Connection reset by peer)</span><br />
<span class="irc-date">[18:38]</span> <span class="irc-green">* tdonohue (~tdonohue@c-98-226-113-104.hsd1.il.comcast.net) has joined #duraspace</span><br />
<span class="irc-date">[18:39]</span> <span class="irc-navy">* tdonohue (~tdonohue@c-98-226-113-104.hsd1.il.comcast.net) Quit (Read error: Connection reset by peer)</span><br />
<span class="irc-date">[18:40]</span> <span class="irc-green">* tdonohue (~tdonohue@c-98-226-113-104.hsd1.il.comcast.net) has joined #duraspace</span><br />
<span class="irc-date">[18:40]</span> <span class="irc-navy">* tdonohue (~tdonohue@c-98-226-113-104.hsd1.il.comcast.net) Quit (Client Quit)</span><br />
<span class="irc-date">[18:42]</span> <span class="irc-green">* tdonohue (~tdonohue@c-98-226-113-104.hsd1.il.comcast.net) has joined #duraspace</span><br />
<span class="irc-date">[18:42]</span> <span class="irc-navy">* tdonohue (~tdonohue@c-98-226-113-104.hsd1.il.comcast.net) Quit (Read error: Connection reset by peer)</span><br />
<span class="irc-date">[19:23]</span> <span class="irc-green">* tdonohue (~tdonohue@c-98-226-113-104.hsd1.il.comcast.net) has joined #duraspace</span><br />
<span class="irc-date">[20:57]</span> <span class="irc-navy">* dyelar (~dyelar@129.237.45.105) Quit (Quit: Leaving.)</span><br />
<span class="irc-date">[23:17]</span> <span class="irc-navy">* tdonohue (~tdonohue@c-98-226-113-104.hsd1.il.comcast.net) Quit (Read error: Connection reset by peer)</span><br />
<span class="irc-date">[23:41]</span> <span class="irc-navy">* hpottinger (~hpottinge@mu-162038.dhcp.missouri.edu) Quit (Quit: Leaving, later taterz!)</span><br />
