<span class="irc-date">[2:09]</span> <span class="irc-navy">* awoods (~awoods@c-67-165-245-76.hsd1.co.comcast.net) Quit (Remote host closed the connection)</span><br />
<span class="irc-date">[6:27]</span> <span class="irc-brown">-sendak.freenode.net- *** Looking up your hostname...</span><br />
<span class="irc-date">[6:27]</span> <span class="irc-brown">-sendak.freenode.net- *** Checking Ident</span><br />
<span class="irc-date">[6:27]</span> <span class="irc-brown">-sendak.freenode.net- *** Found your hostname</span><br />
<span class="irc-date">[6:28]</span> <span class="irc-brown">-sendak.freenode.net- *** No Ident response</span><br />
<span class="irc-date">[6:28]</span> <span class="irc-green">* DuraLogBot (~PircBot@ec2-107-22-210-74.compute-1.amazonaws.com) has joined #duraspace</span><br />
<span class="irc-date">[6:28]</span> <span class="irc-green">* Topic is '[Welcome to DuraSpace - This channel is logged - <a href="http://irclogs.duraspace.org/]'">http://irclogs.duraspace.org/]'</a></span><br />
<span class="irc-date">[6:28]</span> <span class="irc-green">* Set by cwilper!ad579d86@gateway/web/freenode/ip.173.87.157.134 on Fri Oct 22 01:19:41 UTC 2010</span><br />
<span class="irc-date">[12:03]</span> <span class="irc-green">* arnobc (Brett@arnobc.alfred.edu) has joined #duraspace</span><br />
<span class="irc-date">[12:19]</span> <span class="irc-green">* mhwood (mwood@mhw.ulib.iupui.edu) has joined #duraspace</span><br />
<span class="irc-date">[12:39]</span> <span class="irc-green">* tdonohue (~tdonohue@c-98-215-0-161.hsd1.il.comcast.net) has joined #duraspace</span><br />
<span class="irc-date">[13:07]</span> <span class="irc-green">* awoods (~awoods@c-67-165-245-76.hsd1.co.comcast.net) has joined #duraspace</span><br />
<span class="irc-date">[13:44]</span> <span class="irc-green">* kdweeks (~Adium@2001:468:c80:a103:2c6e:b697:2b79:f318) has joined #duraspace</span><br />
<span class="irc-date">[16:52]</span> <span class="irc-navy">* misilot (~misilot@p-body.lib.fit.edu) Quit (Remote host closed the connection)</span><br />
<span class="irc-date">[17:25]</span> <span class="irc-green">* hpottinger (~hpottinge@128.206.253.73) has joined #duraspace</span><br />
<span class="irc-date">[17:32]</span> <span class="irc-green">* misilot (~misilot@p-body.lib.fit.edu) has joined #duraspace</span><br />
<span class="irc-date">[19:58]</span> <span class="irc-navy">* hpottinger (~hpottinge@128.206.253.73) Quit (Quit: Leaving, later taterz!)</span><br />
<span class="irc-date">[20:12]</span> <span class="irc-navy">* arnobc (Brett@arnobc.alfred.edu) Quit ()</span><br />
<span class="irc-date">[20:58]</span> <span class="irc-green">* awoods is now known as barmintor</span><br />
<span class="irc-date">[20:58]</span> <span class="irc-green">* barmintor is now known as awoods</span><br />
<span class="irc-date">[20:58]</span> <span class="irc-navy">* mhwood (mwood@mhw.ulib.iupui.edu) Quit (Remote host closed the connection)</span><br />
<span class="irc-date">[21:48]</span> <span class="irc-green">* tdonohue (~tdonohue@c-98-215-0-161.hsd1.il.comcast.net) has left #duraspace</span><br />
