<span class="irc-date">[6:34]</span> <span class="irc-brown">-wilhelm.freenode.net- *** Looking up your hostname...</span><br />
<span class="irc-date">[6:34]</span> <span class="irc-brown">-wilhelm.freenode.net- *** Checking Ident</span><br />
<span class="irc-date">[6:34]</span> <span class="irc-brown">-wilhelm.freenode.net- *** Found your hostname</span><br />
<span class="irc-date">[6:34]</span> <span class="irc-brown">-wilhelm.freenode.net- *** No Ident response</span><br />
<span class="irc-date">[6:35]</span> <span class="irc-green">* DuraLogBot (~PircBot@ec2-107-22-210-74.compute-1.amazonaws.com) has joined #duraspace</span><br />
<span class="irc-date">[6:35]</span> <span class="irc-green">* Topic is '[Welcome to DuraSpace - This channel is logged - <a href="http://irclogs.duraspace.org/]'">http://irclogs.duraspace.org/]'</a></span><br />
<span class="irc-date">[6:35]</span> <span class="irc-green">* Set by cwilper!ad579d86@gateway/web/freenode/ip.173.87.157.134 on Fri Oct 22 01:19:41 UTC 2010</span><br />
<span class="irc-date">[9:46]</span> <span class="irc-green">* pbecker (~pbecker@ubwstmapc098.ub.tu-berlin.de) has joined #duraspace</span><br />
<span class="irc-date">[12:25]</span> <span class="irc-green">* mhwood (mwood@mhw.ulib.iupui.edu) has joined #duraspace</span><br />
<span class="irc-date">[13:11]</span> <span class="irc-green">* tdonohue (~tdonohue@c-98-215-0-161.hsd1.il.comcast.net) has joined #duraspace</span><br />
<span class="irc-date">[16:27]</span> <span class="irc-green">* hpottinger (~hpottinge@mu-160056.dhcp.missouri.edu) has joined #duraspace</span><br />
<span class="irc-date">[16:31]</span> <span class="irc-navy">* tdonohue (~tdonohue@c-98-215-0-161.hsd1.il.comcast.net) Quit (Ping timeout: 256 seconds)</span><br />
<span class="irc-date">[16:35]</span> <span class="irc-green">* tdonohue (~tdonohue@c-98-215-0-161.hsd1.il.comcast.net) has joined #duraspace</span><br />
<span class="irc-date">[16:59]</span> <span class="irc-green">* tdonohue1 (~tdonohue@c-98-215-0-161.hsd1.il.comcast.net) has joined #duraspace</span><br />
<span class="irc-date">[17:03]</span> <span class="irc-navy">* tdonohue (~tdonohue@c-98-215-0-161.hsd1.il.comcast.net) Quit (Ping timeout: 272 seconds)</span><br />
<span class="irc-date">[17:07]</span> <span class="irc-green">* tdonohue1 is now known as tdonohue</span><br />
<span class="irc-date">[17:19]</span> <span class="irc-navy">* tdonohue (~tdonohue@c-98-215-0-161.hsd1.il.comcast.net) Quit (Ping timeout: 256 seconds)</span><br />
<span class="irc-date">[17:24]</span> <span class="irc-green">* tdonohue (~tdonohue@c-98-215-0-161.hsd1.il.comcast.net) has joined #duraspace</span><br />
<span class="irc-date">[19:05]</span> <span class="irc-green">* kdweeks (~Adium@2001:468:c80:a103:7010:9023:7eff:e9fb) has joined #duraspace</span><br />
<span class="irc-date">[19:33]</span> <span class="irc-navy">* tdonohue (~tdonohue@c-98-215-0-161.hsd1.il.comcast.net) Quit (Read error: Connection reset by peer)</span><br />
<span class="irc-date">[19:44]</span> <span class="irc-green">* tdonohue (~tdonohue@c-98-215-0-161.hsd1.il.comcast.net) has joined #duraspace</span><br />
<span class="irc-date">[20:11]</span> <span class="irc-navy">* tdonohue (~tdonohue@c-98-215-0-161.hsd1.il.comcast.net) Quit (Read error: Connection reset by peer)</span><br />
<span class="irc-date">[20:12]</span> <span class="irc-green">* tdonohue (~tdonohue@c-98-215-0-161.hsd1.il.comcast.net) has joined #duraspace</span><br />
<span class="irc-date">[20:27]</span> <span class="irc-navy">* tdonohue (~tdonohue@c-98-215-0-161.hsd1.il.comcast.net) Quit (Ping timeout: 256 seconds)</span><br />
<span class="irc-date">[20:42]</span> <span class="irc-navy">* hpottinger (~hpottinge@mu-160056.dhcp.missouri.edu) Quit (Quit: Leaving, later taterz!)</span><br />
<span class="irc-date">[21:15]</span> <span class="irc-navy">* mhwood (mwood@mhw.ulib.iupui.edu) Quit (Remote host closed the connection)</span><br />
