<span class="irc-date">[6:29]</span> <span class="irc-brown">-verne.freenode.net- *** Looking up your hostname...</span><br />
<span class="irc-date">[6:29]</span> <span class="irc-brown">-verne.freenode.net- *** Checking Ident</span><br />
<span class="irc-date">[6:29]</span> <span class="irc-brown">-verne.freenode.net- *** Found your hostname</span><br />
<span class="irc-date">[6:29]</span> <span class="irc-brown">-verne.freenode.net- *** No Ident response</span><br />
<span class="irc-date">[6:29]</span> <span class="irc-green">* DuraLogBot (~PircBot@ec2-107-22-210-74.compute-1.amazonaws.com) has joined #duraspace</span><br />
<span class="irc-date">[6:29]</span> <span class="irc-green">* Topic is '[Welcome to DuraSpace - This channel is logged - <a href="http://irclogs.duraspace.org/]'">http://irclogs.duraspace.org/]'</a></span><br />
<span class="irc-date">[6:29]</span> <span class="irc-green">* Set by cwilper!ad579d86@gateway/web/freenode/ip.173.87.157.134 on Fri Oct 22 01:19:41 UTC 2010</span><br />
<span class="irc-date">[12:16]</span> <span class="irc-green">* mhwood (mwood@mhw.ulib.iupui.edu) has joined #duraspace</span><br />
<span class="irc-date">[12:58]</span> <span class="irc-green">* tdonohue (~tdonohue@c-73-45-154-218.hsd1.il.comcast.net) has joined #duraspace</span><br />
<span class="irc-date">[13:26]</span> <span class="irc-green">* awoods (~awoods@c-67-174-123-122.hsd1.co.comcast.net) has joined #duraspace</span><br />
<span class="irc-date">[14:22]</span> <span class="irc-green">* awoods_ (~awoods@c-67-174-123-122.hsd1.co.comcast.net) has joined #duraspace</span><br />
<span class="irc-date">[14:23]</span> <span class="irc-navy">* awoods_ (~awoods@c-67-174-123-122.hsd1.co.comcast.net) Quit (Client Quit)</span><br />
<span class="irc-date">[14:23]</span> <span class="irc-green">* awoods_ (~awoods@c-67-174-123-122.hsd1.co.comcast.net) has joined #duraspace</span><br />
<span class="irc-date">[14:24]</span> <span class="irc-navy">* awoods_ (~awoods@c-67-174-123-122.hsd1.co.comcast.net) Quit (Client Quit)</span><br />
<span class="irc-date">[14:26]</span> <span class="irc-navy">* awoods (~awoods@c-67-174-123-122.hsd1.co.comcast.net) Quit (Ping timeout: 246 seconds)</span><br />
<span class="irc-date">[14:35]</span> <span class="irc-green">* awoods (~awoods@c-67-174-123-122.hsd1.co.comcast.net) has joined #duraspace</span><br />
<span class="irc-date">[14:36]</span> <span class="irc-green">* hpottinger (~hpottinge@mu-160110.dhcp.missouri.edu) has joined #duraspace</span><br />
<span class="irc-date">[16:17]</span> <span class="irc-green">* kdweeks (~Adium@2001:468:c80:a103:2810:813:e3e:d756) has joined #duraspace</span><br />
<span class="irc-date">[16:40]</span> <span class="irc-navy">* srobbins (~srobbins@libstfsdg02.library.illinois.edu) Quit (Quit: srobbins)</span><br />
<span class="irc-date">[16:58]</span> <span class="irc-green">* awoods_ (~awoods@c-67-174-123-122.hsd1.co.comcast.net) has joined #duraspace</span><br />
<span class="irc-date">[16:58]</span> <span class="irc-navy">* awoods_ (~awoods@c-67-174-123-122.hsd1.co.comcast.net) Quit (Remote host closed the connection)</span><br />
<span class="irc-date">[16:59]</span> <span class="irc-green">* awoods_ (~awoods@c-67-174-123-122.hsd1.co.comcast.net) has joined #duraspace</span><br />
<span class="irc-date">[16:59]</span> <span class="irc-navy">* awoods_ (~awoods@c-67-174-123-122.hsd1.co.comcast.net) Quit (Read error: Connection reset by peer)</span><br />
<span class="irc-date">[17:01]</span> <span class="irc-navy">* awoods (~awoods@c-67-174-123-122.hsd1.co.comcast.net) Quit (Ping timeout: 252 seconds)</span><br />
<span class="irc-date">[17:09]</span> <span class="irc-green">* awoods (~awoods@c-67-174-123-122.hsd1.co.comcast.net) has joined #duraspace</span><br />
<span class="irc-date">[18:40]</span> <span class="irc-navy">* kdweeks (~Adium@2001:468:c80:a103:2810:813:e3e:d756) Quit (Quit: Leaving.)</span><br />
<span class="irc-date">[19:19]</span> <span class="irc-green">* kdweeks (~Adium@2001:468:c80:a103:e9cd:b05e:848d:202d) has joined #duraspace</span><br />
<span class="irc-date">[21:02]</span> <span class="irc-navy">* mhwood (mwood@mhw.ulib.iupui.edu) Quit (Remote host closed the connection)</span><br />
<span class="irc-date">[21:41]</span> <span class="irc-green">* tdonohue (~tdonohue@c-73-45-154-218.hsd1.il.comcast.net) has left #duraspace</span><br />
<span class="irc-date">[21:59]</span> <span class="irc-navy">* hpottinger (~hpottinge@mu-160110.dhcp.missouri.edu) Quit (Quit: Leaving, later taterz!)</span><br />
<span class="irc-date">[23:48]</span> <span class="irc-navy">* kdweeks (~Adium@2001:468:c80:a103:e9cd:b05e:848d:202d) Quit (Quit: Leaving.)</span><br />
