<span class="irc-date">[0:01]</span> <span class="irc-navy">* awoods (~awoods@c-67-165-245-76.hsd1.co.comcast.net) Quit (Read error: Connection reset by peer)</span><br />
<span class="irc-date">[0:30]</span> <span class="irc-green">* lyncodev (5ad17e1c@gateway/web/cgi-irc/kiwiirc.com/ip.90.209.126.28) has joined #duraspace</span><br />
<span class="irc-date">[1:38]</span> <span class="irc-green">* helix84_ (~ctenar@195.178.95.132) has joined #duraspace</span><br />
<span class="irc-date">[1:43]</span> <span class="irc-navy">* helix84 (~ctenar@195.178.95.132) Quit (Ping timeout: 256 seconds)</span><br />
<span class="irc-date">[1:43]</span> <span class="irc-navy">* lyncodev (5ad17e1c@gateway/web/cgi-irc/kiwiirc.com/ip.90.209.126.28) Quit (Ping timeout: 256 seconds)</span><br />
<span class="irc-date">[6:54]</span> <span class="irc-brown">-barjavel.freenode.net- *** Looking up your hostname...</span><br />
<span class="irc-date">[6:54]</span> <span class="irc-brown">-barjavel.freenode.net- *** Checking Ident</span><br />
<span class="irc-date">[6:54]</span> <span class="irc-brown">-barjavel.freenode.net- *** Found your hostname</span><br />
<span class="irc-date">[6:54]</span> <span class="irc-brown">-barjavel.freenode.net- *** No Ident response</span><br />
<span class="irc-date">[6:55]</span> <span class="irc-green">* DuraLogBot (~PircBot@ec2-107-22-210-74.compute-1.amazonaws.com) has joined #duraspace</span><br />
<span class="irc-date">[6:55]</span> <span class="irc-green">* Topic is '[Welcome to DuraSpace - This channel is logged - <a href="http://irclogs.duraspace.org/]'">http://irclogs.duraspace.org/]'</a></span><br />
<span class="irc-date">[6:55]</span> <span class="irc-green">* Set by cwilper!ad579d86@gateway/web/freenode/ip.173.87.157.134 on Fri Oct 22 01:19:41 UTC 2010</span><br />
<span class="irc-date">[8:37]</span> <span class="irc-green">* helix84 (~ctenar@195.178.95.132) has joined #duraspace</span><br />
<span class="irc-date">[8:45]</span> <span class="irc-navy">* helix84_ (~ctenar@195.178.95.132) Quit (*.net *.split)</span><br />
<span class="irc-date">[15:32]</span> <span class="irc-green">* lyncodev (5ad17e1c@gateway/web/cgi-irc/kiwiirc.com/ip.90.209.126.28) has joined #duraspace</span><br />
<span class="irc-date">[20:02]</span> <span class="irc-navy">* lyncodev (5ad17e1c@gateway/web/cgi-irc/kiwiirc.com/ip.90.209.126.28) Quit (Quit: <a href="http://www.kiwiirc.com/">http://www.kiwiirc.com/</a> - A hand crafted IRC client)</span><br />
<span class="irc-date">[20:07]</span> <span class="irc-green">* lyncodev (5ad17e1c@gateway/web/cgi-irc/kiwiirc.com/ip.90.209.126.28) has joined #duraspace</span><br />
<span class="irc-date">[21:10]</span> <span class="irc-navy">* lyncodev (5ad17e1c@gateway/web/cgi-irc/kiwiirc.com/ip.90.209.126.28) Quit (Quit: <a href="http://www.kiwiirc.com/">http://www.kiwiirc.com/</a> - A hand crafted IRC client)</span><br />
<span class="irc-date">[21:12]</span> <span class="irc-green">* lyncodev (5ad17e1c@gateway/web/cgi-irc/kiwiirc.com/ip.90.209.126.28) has joined #duraspace</span><br />
<span class="irc-date">[21:58]</span> <span class="irc-navy">* lyncodev (5ad17e1c@gateway/web/cgi-irc/kiwiirc.com/ip.90.209.126.28) Quit (Quit: <a href="http://www.kiwiirc.com/">http://www.kiwiirc.com/</a> - A hand crafted IRC client)</span><br />
<span class="irc-date">[22:46]</span> <span class="irc-green">* lyncodev (5ad17e1c@gateway/web/cgi-irc/kiwiirc.com/ip.90.209.126.28) has joined #duraspace</span><br />
<span class="irc-date">[22:47]</span> <span class="irc-navy">* lyncodev (5ad17e1c@gateway/web/cgi-irc/kiwiirc.com/ip.90.209.126.28) Quit (Client Quit)</span><br />
<span class="irc-date">[22:50]</span> <span class="irc-green">* lyncodev (5ad17e1c@gateway/web/cgi-irc/kiwiirc.com/ip.90.209.126.28) has joined #duraspace</span><br />
