<span class="irc-date">[6:40]</span> <span class="irc-brown">-card.freenode.net- *** Looking up your hostname...</span><br />
<span class="irc-date">[6:40]</span> <span class="irc-brown">-card.freenode.net- *** Checking Ident</span><br />
<span class="irc-date">[6:40]</span> <span class="irc-brown">-card.freenode.net- *** Found your hostname</span><br />
<span class="irc-date">[6:40]</span> <span class="irc-brown">-card.freenode.net- *** No Ident response</span><br />
<span class="irc-date">[6:40]</span> <span class="irc-green">* DuraLogBot (~PircBot@ec2-107-22-210-74.compute-1.amazonaws.com) has joined #duraspace</span><br />
<span class="irc-date">[6:40]</span> <span class="irc-green">* Topic is '[Welcome to DuraSpace - This channel is logged - <a href="http://irclogs.duraspace.org/]'">http://irclogs.duraspace.org/]'</a></span><br />
<span class="irc-date">[6:40]</span> <span class="irc-green">* Set by cwilper!ad579d86@gateway/web/freenode/ip.173.87.157.134 on Fri Oct 22 01:19:41 UTC 2010</span><br />
<span class="irc-date">[8:42]</span> <span class="irc-green">* pbecker (~pbecker@ubwstmapc098.ub.tu-berlin.de) has joined #duraspace</span><br />
<span class="irc-date">[9:31]</span> <span class="irc-navy">* helix84 (~ctenar@195.178.95.132) Quit (Quit: leaving)</span><br />
<span class="irc-date">[9:32]</span> <span class="irc-navy">* pbecker (~pbecker@ubwstmapc098.ub.tu-berlin.de) Quit (Quit: Leaving)</span><br />
<span class="irc-date">[9:46]</span> <span class="irc-green">* helix84 (~ctenar@195.178.95.132) has joined #duraspace</span><br />
<span class="irc-date">[9:46]</span> <span class="irc-green">* helix84 (~ctenar@195.178.95.132) has left #duraspace</span><br />
<span class="irc-date">[9:46]</span> <span class="irc-green">* helix84 (~ctenar@195.178.95.132) has joined #duraspace</span><br />
<span class="irc-date">[12:04]</span> <span class="irc-green">* mhwood (~mhwood@mhw.ulib.iupui.edu) has joined #duraspace</span><br />
<span class="irc-date">[13:07]</span> <span class="irc-green">* tdonohue (~tdonohue@c-98-215-0-161.hsd1.il.comcast.net) has joined #duraspace</span><br />
<span class="irc-date">[13:30]</span> <span class="irc-navy">* awoods (~awoods@c-67-165-245-76.hsd1.co.comcast.net) Quit (Remote host closed the connection)</span><br />
<span class="irc-date">[13:31]</span> <span class="irc-green">* awoods (~awoods@c-67-165-245-76.hsd1.co.comcast.net) has joined #duraspace</span><br />
<span class="irc-date">[14:01]</span> <span class="irc-navy">* awoods (~awoods@c-67-165-245-76.hsd1.co.comcast.net) Quit (Ping timeout: 252 seconds)</span><br />
<span class="irc-date">[14:13]</span> <span class="irc-green">* awoods (~awoods@c-67-165-245-76.hsd1.co.comcast.net) has joined #duraspace</span><br />
<span class="irc-date">[14:20]</span> <span class="irc-green">* peterdietz (uid52203@gateway/web/irccloud.com/x-czmqooomwdfbzqdn) has joined #duraspace</span><br />
<span class="irc-date">[16:30]</span> <span class="irc-green">* hpottinger (~hpottinge@mu-162188.dhcp.missouri.edu) has joined #duraspace</span><br />
<span class="irc-date">[18:38]</span> <span class="irc-navy">* hpottinger (~hpottinge@mu-162188.dhcp.missouri.edu) Quit (Read error: Connection reset by peer)</span><br />
<span class="irc-date">[19:32]</span> <span class="irc-green">* hpottinger (~hpottinge@mu-162188.dhcp.missouri.edu) has joined #duraspace</span><br />
<span class="irc-date">[20:30]</span> <span class="irc-navy">* hpottinger (~hpottinge@mu-162188.dhcp.missouri.edu) Quit (Quit: Leaving, later taterz!)</span><br />
<span class="irc-date">[21:01]</span> <span class="irc-navy">* mhwood (~mhwood@mhw.ulib.iupui.edu) Quit (Remote host closed the connection)</span><br />
<span class="irc-date">[21:41]</span> <span class="irc-green">* tdonohue (~tdonohue@c-98-215-0-161.hsd1.il.comcast.net) has left #duraspace</span><br />
<span class="irc-date">[23:23]</span> <span class="irc-navy">* peterdietz (uid52203@gateway/web/irccloud.com/x-czmqooomwdfbzqdn) Quit (Quit: Connection closed for inactivity)</span><br />
