<span class="irc-date">[0:22]</span> <span class="irc-navy">* cknowles (uid98028@gateway/web/irccloud.com/x-mpnfzfrsjpcwauke) Quit (Quit: Connection closed for inactivity)</span><br />
<span class="irc-date">[6:30]</span> <span class="irc-brown">-hobana.freenode.net- *** Looking up your hostname...</span><br />
<span class="irc-date">[6:30]</span> <span class="irc-brown">-hobana.freenode.net- *** Checking Ident</span><br />
<span class="irc-date">[6:30]</span> <span class="irc-brown">-hobana.freenode.net- *** Found your hostname</span><br />
<span class="irc-date">[6:31]</span> <span class="irc-brown">-hobana.freenode.net- *** No Ident response</span><br />
<span class="irc-date">[6:31]</span> <span class="irc-green">* DuraLogBot (~PircBot@ec2-107-22-210-74.compute-1.amazonaws.com) has joined #duraspace</span><br />
<span class="irc-date">[6:31]</span> <span class="irc-green">* Topic is '[Welcome to DuraSpace - This channel is logged - <a href="http://irclogs.duraspace.org/]'">http://irclogs.duraspace.org/]'</a></span><br />
<span class="irc-date">[6:31]</span> <span class="irc-green">* Set by cwilper!ad579d86@gateway/web/freenode/ip.173.87.157.134 on Fri Oct 22 01:19:41 UTC 2010</span><br />
<span class="irc-date">[6:57]</span> <span class="irc-green">* cknowles (uid98028@gateway/web/irccloud.com/x-bmhgawnnzwkvfcsc) has joined #duraspace</span><br />
<span class="irc-date">[10:12]</span> <span class="irc-navy">* cknowles (uid98028@gateway/web/irccloud.com/x-bmhgawnnzwkvfcsc) Quit (Quit: Connection closed for inactivity)</span><br />
<span class="irc-date">[12:08]</span> <span class="irc-green">* mhwood (mwood@mhw.ulib.iupui.edu) has joined #duraspace</span><br />
<span class="irc-date">[12:52]</span> <span class="irc-green">* cknowles (uid98028@gateway/web/irccloud.com/x-wvjawfmxswdushet) has joined #duraspace</span><br />
<span class="irc-date">[13:16]</span> <span class="irc-green">* tdonohue (~tdonohue@c-73-45-154-218.hsd1.il.comcast.net) has joined #duraspace</span><br />
<span class="irc-date">[14:58]</span> <span class="irc-green">* dyelar (~dyelar@129.237.45.105) has joined #duraspace</span><br />
<span class="irc-date">[15:02]</span> <span class="irc-navy">* cknowles (uid98028@gateway/web/irccloud.com/x-wvjawfmxswdushet) Quit (Quit: Connection closed for inactivity)</span><br />
<span class="irc-date">[17:39]</span> <span class="irc-green">* hpottinger (~hpottinge@mu-160070.dhcp.missouri.edu) has joined #duraspace</span><br />
<span class="irc-date">[20:49]</span> <span class="irc-navy">* tdonohue (~tdonohue@c-73-45-154-218.hsd1.il.comcast.net) Quit (Read error: Connection reset by peer)</span><br />
<span class="irc-date">[20:56]</span> <span class="irc-navy">* mhwood (mwood@mhw.ulib.iupui.edu) Quit (Remote host closed the connection)</span><br />
<span class="irc-date">[20:57]</span> <span class="irc-navy">* misilot (~misilot@p-body.lib.fit.edu) Quit (Quit: Leaving)</span><br />
<span class="irc-date">[22:06]</span> <span class="irc-navy">* hpottinger (~hpottinge@mu-160070.dhcp.missouri.edu) Quit (Quit: Leaving, later taterz!)</span><br />
<span class="irc-date">[22:29]</span> <span class="irc-navy">* dyelar (~dyelar@129.237.45.105) Quit (Quit: Leaving.)</span><br />
