<span class="irc-date">[0:24]</span> <span class="irc-navy">* awoods (~awoods@c-67-165-245-76.hsd1.co.comcast.net) Quit (Read error: Connection timed out)</span><br />
<span class="irc-date">[0:25]</span> <span class="irc-green">* awoods (~awoods@c-67-165-245-76.hsd1.co.comcast.net) has joined #duraspace</span><br />
<span class="irc-date">[4:12]</span> <span class="irc-navy">* lyncodev (5ad17e1c@gateway/web/cgi-irc/kiwiirc.com/ip.90.209.126.28) Quit (Quit: <a href="http://www.kiwiirc.com/">http://www.kiwiirc.com/</a> - A hand crafted IRC client)</span><br />
<span class="irc-date">[6:38]</span> <span class="irc-brown">-asimov.freenode.net- *** Looking up your hostname...</span><br />
<span class="irc-date">[6:38]</span> <span class="irc-brown">-asimov.freenode.net- *** Checking Ident</span><br />
<span class="irc-date">[6:38]</span> <span class="irc-brown">-asimov.freenode.net- *** Found your hostname</span><br />
<span class="irc-date">[6:38]</span> <span class="irc-brown">-asimov.freenode.net- *** No Ident response</span><br />
<span class="irc-date">[6:38]</span> <span class="irc-green">* DuraLogBot (~PircBot@ec2-107-22-210-74.compute-1.amazonaws.com) has joined #duraspace</span><br />
<span class="irc-date">[6:38]</span> <span class="irc-green">* Topic is '[Welcome to DuraSpace - This channel is logged - <a href="http://irclogs.duraspace.org/]'">http://irclogs.duraspace.org/]'</a></span><br />
<span class="irc-date">[6:38]</span> <span class="irc-green">* Set by cwilper!ad579d86@gateway/web/freenode/ip.173.87.157.134 on Fri Oct 22 01:19:41 UTC 2010</span><br />
<span class="irc-date">[11:11]</span> <span class="irc-green">* lyncodev (5ad17e1c@gateway/web/cgi-irc/kiwiirc.com/ip.90.209.126.28) has joined #duraspace</span><br />
<span class="irc-date">[20:04]</span> <span class="irc-navy">* lyncodev (5ad17e1c@gateway/web/cgi-irc/kiwiirc.com/ip.90.209.126.28) Quit (Quit: <a href="http://www.kiwiirc.com/">http://www.kiwiirc.com/</a> - A hand crafted IRC client)</span><br />
<span class="irc-date">[20:34]</span> <span class="irc-green">* lyncodev (5ad17e1c@gateway/web/cgi-irc/kiwiirc.com/ip.90.209.126.28) has joined #duraspace</span><br />
<span class="irc-date">[20:35]</span> <span class="irc-navy">* lyncodev (5ad17e1c@gateway/web/cgi-irc/kiwiirc.com/ip.90.209.126.28) Quit (Client Quit)</span><br />
<span class="irc-date">[21:34]</span> <span class="irc-green">* lyncodev (5ad17e1c@gateway/web/cgi-irc/kiwiirc.com/ip.90.209.126.28) has joined #duraspace</span><br />
<span class="irc-date">[21:36]</span> <span class="irc-navy">* lyncodev (5ad17e1c@gateway/web/cgi-irc/kiwiirc.com/ip.90.209.126.28) Quit (Client Quit)</span><br />
<span class="irc-date">[22:35]</span> <span class="irc-green">* lyncodev (5ad17e1c@gateway/web/cgi-irc/kiwiirc.com/ip.90.209.126.28) has joined #duraspace</span><br />
<span class="irc-date">[22:36]</span> <span class="irc-navy">* lyncodev (5ad17e1c@gateway/web/cgi-irc/kiwiirc.com/ip.90.209.126.28) Quit (Client Quit)</span><br />
<span class="irc-date">[22:46]</span> <span class="irc-green">* lyncodev (5ad17e1c@gateway/web/cgi-irc/kiwiirc.com/ip.90.209.126.28) has joined #duraspace</span><br />
<span class="irc-date">[22:47]</span> <span class="irc-navy">* lyncodev (5ad17e1c@gateway/web/cgi-irc/kiwiirc.com/ip.90.209.126.28) Quit (Client Quit)</span><br />
<span class="irc-date">[23:46]</span> <span class="irc-navy">* misilot (~misilot@p-body.lib.fit.edu) Quit (Ping timeout: 264 seconds)</span><br />
<span class="irc-date">[23:46]</span> <span class="irc-green">* misilot (~misilot@p-body.lib.fit.edu) has joined #duraspace</span><br />
<span class="irc-date">[23:47]</span> <span class="irc-green">* lyncodev (5ad17e1c@gateway/web/cgi-irc/kiwiirc.com/ip.90.209.126.28) has joined #duraspace</span><br />
<span class="irc-date">[23:48]</span> <span class="irc-navy">* lyncodev (5ad17e1c@gateway/web/cgi-irc/kiwiirc.com/ip.90.209.126.28) Quit (Client Quit)</span><br />
