<span class="irc-date">[6:29]</span> <span class="irc-brown">-leguin.freenode.net- *** Looking up your hostname...</span><br />
<span class="irc-date">[6:29]</span> <span class="irc-brown">-leguin.freenode.net- *** Checking Ident</span><br />
<span class="irc-date">[6:29]</span> <span class="irc-brown">-leguin.freenode.net- *** Found your hostname</span><br />
<span class="irc-date">[6:30]</span> <span class="irc-brown">-leguin.freenode.net- *** No Ident response</span><br />
<span class="irc-date">[6:30]</span> <span class="irc-green">* DuraLogBot (~PircBot@webster.duraspace.org) has joined #duraspace</span><br />
<span class="irc-date">[6:30]</span> <span class="irc-green">* Topic is '[Welcome to DuraSpace - This channel is logged - <a href="http://irclogs.duraspace.org/]'">http://irclogs.duraspace.org/]'</a></span><br />
<span class="irc-date">[6:30]</span> <span class="irc-green">* Set by cwilper!ad579d86@gateway/web/freenode/ip.173.87.157.134 on Fri Oct 22 01:19:41 UTC 2010</span><br />
<span class="irc-date">[7:11]</span> <span class="irc-green">* helix84_ (~ctenar@unaffiliated/helix84) has joined #duraspace</span><br />
<span class="irc-date">[7:15]</span> <span class="irc-navy">* helix84 (~ctenar@unaffiliated/helix84) Quit (Write error: Broken pipe)</span><br />
<span class="irc-date">[8:58]</span> <span class="irc-green">* cknowles (uid98028@gateway/web/irccloud.com/x-vtpexcwbkabrbsvc) has joined #duraspace</span><br />
<span class="irc-date">[9:00]</span> <span class="irc-green">* helix84_ is now known as helix84</span><br />
<span class="irc-date">[11:03]</span> <span class="irc-navy">* cknowles (uid98028@gateway/web/irccloud.com/x-vtpexcwbkabrbsvc) Quit (Quit: Connection closed for inactivity)</span><br />
<span class="irc-date">[11:07]</span> <span class="irc-green">* pbecker (~pbecker@ubwstmapc098.ub.tu-berlin.de) has joined #duraspace</span><br />
<span class="irc-date">[13:25]</span> <span class="irc-green">* mhwood (mwood@mhw.ulib.iupui.edu) has joined #duraspace</span><br />
<span class="irc-date">[14:05]</span> <span class="irc-green">* tdonohue (~tdonohue@c-98-226-113-104.hsd1.il.comcast.net) has joined #duraspace</span><br />
<span class="irc-date">[14:10]</span> <span class="irc-green">* peterdietz (uid52203@gateway/web/irccloud.com/x-tacvxoyyibwldotw) has joined #duraspace</span><br />
<span class="irc-date">[14:44]</span> <span class="irc-green">* dyelar (~dyelar@129.237.45.105) has joined #duraspace</span><br />
<span class="irc-date">[18:21]</span> <span class="irc-green">* misilot1 is now known as misilot</span><br />
<span class="irc-date">[18:21]</span> <span class="irc-navy">* pbecker (~pbecker@ubwstmapc098.ub.tu-berlin.de) Quit (Quit: Leaving)</span><br />
<span class="irc-date">[22:04]</span> <span class="irc-green">* mhwood (mwood@mhw.ulib.iupui.edu) has left #duraspace</span><br />
<span class="irc-date">[22:36]</span> <span class="irc-green">* tdonohue (~tdonohue@c-98-226-113-104.hsd1.il.comcast.net) has left #duraspace</span><br />
