<span class="irc-date">[1:39]</span> <span class="irc-navy">* peterdietz (uid52203@gateway/web/irccloud.com/x-bapuvxgdcnjfoxon) Quit (Quit: Connection closed for inactivity)</span><br />
<span class="irc-date">[6:04]</span> <span class="irc-navy">* pbecker (~pbecker@ubwstmapc098.ub.tu-berlin.de) Quit (Ping timeout: 256 seconds)</span><br />
<span class="irc-date">[6:08]</span> <span class="irc-green">* pbecker (~pbecker@ubwstmapc098.ub.tu-berlin.de) has joined #duraspace</span><br />
<span class="irc-date">[6:34]</span> <span class="irc-brown">-sinisalo.freenode.net- *** Looking up your hostname...</span><br />
<span class="irc-date">[6:34]</span> <span class="irc-brown">-sinisalo.freenode.net- *** Checking Ident</span><br />
<span class="irc-date">[6:34]</span> <span class="irc-brown">-sinisalo.freenode.net- *** Found your hostname</span><br />
<span class="irc-date">[6:34]</span> <span class="irc-brown">-sinisalo.freenode.net- *** No Ident response</span><br />
<span class="irc-date">[6:34]</span> <span class="irc-green">* DuraLogBot (~PircBot@ec2-107-22-210-74.compute-1.amazonaws.com) has joined #duraspace</span><br />
<span class="irc-date">[6:34]</span> <span class="irc-green">* Topic is '[Welcome to DuraSpace - This channel is logged - <a href="http://irclogs.duraspace.org/]'">http://irclogs.duraspace.org/]'</a></span><br />
<span class="irc-date">[6:34]</span> <span class="irc-green">* Set by cwilper!ad579d86@gateway/web/freenode/ip.173.87.157.134 on Fri Oct 22 01:19:41 UTC 2010</span><br />
<span class="irc-date">[9:17]</span> <span class="irc-green">* lyncodev (c24b26fa@gateway/web/cgi-irc/kiwiirc.com/ip.194.75.38.250) has joined #duraspace</span><br />
<span class="irc-date">[9:27]</span> <span class="irc-navy">* lyncodev (c24b26fa@gateway/web/cgi-irc/kiwiirc.com/ip.194.75.38.250) Quit (Quit: <a href="http://www.kiwiirc.com/">http://www.kiwiirc.com/</a> - A hand crafted IRC client)</span><br />
<span class="irc-date">[9:49]</span> <span class="irc-green">* lyncodev (c24b26fa@gateway/web/cgi-irc/kiwiirc.com/ip.194.75.38.250) has joined #duraspace</span><br />
<span class="irc-date">[9:58]</span> <span class="irc-navy">* lyncodev (c24b26fa@gateway/web/cgi-irc/kiwiirc.com/ip.194.75.38.250) Quit (Quit: <a href="http://www.kiwiirc.com/">http://www.kiwiirc.com/</a> - A hand crafted IRC client)</span><br />
<span class="irc-date">[10:39]</span> <span class="irc-green">* lyncodev (c24b26fa@gateway/web/cgi-irc/kiwiirc.com/ip.194.75.38.250) has joined #duraspace</span><br />
<span class="irc-date">[11:35]</span> <span class="irc-navy">* lyncodev (c24b26fa@gateway/web/cgi-irc/kiwiirc.com/ip.194.75.38.250) Quit (Quit: <a href="http://www.kiwiirc.com/">http://www.kiwiirc.com/</a> - A hand crafted IRC client)</span><br />
<span class="irc-date">[11:45]</span> <span class="irc-green">* lyncodev (c24b26fa@gateway/web/cgi-irc/kiwiirc.com/ip.194.75.38.250) has joined #duraspace</span><br />
<span class="irc-date">[12:22]</span> <span class="irc-navy">* lyncodev (c24b26fa@gateway/web/cgi-irc/kiwiirc.com/ip.194.75.38.250) Quit (Quit: <a href="http://www.kiwiirc.com/">http://www.kiwiirc.com/</a> - A hand crafted IRC client)</span><br />
<span class="irc-date">[12:29]</span> <span class="irc-green">* lyncodev (c24b26fa@gateway/web/cgi-irc/kiwiirc.com/ip.194.75.38.250) has joined #duraspace</span><br />
<span class="irc-date">[13:17]</span> <span class="irc-green">* mhwood (mwood@mhw.ulib.iupui.edu) has joined #duraspace</span><br />
<span class="irc-date">[13:18]</span> <span class="irc-navy">* lyncodev (c24b26fa@gateway/web/cgi-irc/kiwiirc.com/ip.194.75.38.250) Quit (Quit: <a href="http://www.kiwiirc.com/">http://www.kiwiirc.com/</a> - A hand crafted IRC client)</span><br />
<span class="irc-date">[14:49]</span> <span class="irc-green">* lyncodev (c24b26fa@gateway/web/cgi-irc/kiwiirc.com/ip.194.75.38.250) has joined #duraspace</span><br />
<span class="irc-date">[15:12]</span> <span class="irc-navy">* awoods (~awoods@c-67-165-245-76.hsd1.co.comcast.net) Quit (Remote host closed the connection)</span><br />
<span class="irc-date">[15:30]</span> <span class="irc-green">* aawoods_ (~awoods@c-67-165-245-76.hsd1.co.comcast.net) has joined #duraspace</span><br />
<span class="irc-date">[15:31]</span> <span class="irc-green">* aawoods_ is now known as awoods</span><br />
<span class="irc-date">[16:21]</span> <span class="irc-navy">* lyncodev (c24b26fa@gateway/web/cgi-irc/kiwiirc.com/ip.194.75.38.250) Quit (Quit: <a href="http://www.kiwiirc.com/">http://www.kiwiirc.com/</a> - A hand crafted IRC client)</span><br />
<span class="irc-date">[16:31]</span> <span class="irc-green">* lyncodev (c24b26fa@gateway/web/cgi-irc/kiwiirc.com/ip.194.75.38.250) has joined #duraspace</span><br />
<span class="irc-date">[16:57]</span> <span class="irc-green">* hpottinger (~hpottinge@mu-162188.dhcp.missouri.edu) has joined #duraspace</span><br />
<span class="irc-date">[17:09]</span> <span class="irc-navy">* pbecker (~pbecker@ubwstmapc098.ub.tu-berlin.de) Quit (Quit: Leaving)</span><br />
<span class="irc-date">[17:17]</span> <span class="irc-navy">* lyncodev (c24b26fa@gateway/web/cgi-irc/kiwiirc.com/ip.194.75.38.250) Quit (Quit: <a href="http://www.kiwiirc.com/">http://www.kiwiirc.com/</a> - A hand crafted IRC client)</span><br />
<span class="irc-date">[19:07]</span> <span class="irc-green">* lyncodev (5ad17e1c@gateway/web/cgi-irc/kiwiirc.com/ip.90.209.126.28) has joined #duraspace</span><br />
<span class="irc-date">[19:52]</span> <span class="irc-navy">* hpottinger (~hpottinge@mu-162188.dhcp.missouri.edu) Quit (Quit: Leaving, later taterz!)</span><br />
<span class="irc-date">[20:40]</span> <span class="irc-green">* hpottinger (~hpottinge@mu-162188.dhcp.missouri.edu) has joined #duraspace</span><br />
<span class="irc-date">[22:20]</span> <span class="irc-green">* mhwood (mwood@mhw.ulib.iupui.edu) has left #duraspace</span><br />
<span class="irc-date">[23:25]</span> <span class="irc-navy">* hpottinger (~hpottinge@mu-162188.dhcp.missouri.edu) Quit (Quit: Leaving, later taterz!)</span><br />
