<span class="irc-date">[6:45]</span> <span class="irc-brown">-barjavel.freenode.net- *** Looking up your hostname...</span><br />
<span class="irc-date">[6:45]</span> <span class="irc-brown">-barjavel.freenode.net- *** Checking Ident</span><br />
<span class="irc-date">[6:45]</span> <span class="irc-brown">-barjavel.freenode.net- *** Found your hostname</span><br />
<span class="irc-date">[6:46]</span> <span class="irc-brown">-barjavel.freenode.net- *** No Ident response</span><br />
<span class="irc-date">[6:46]</span> <span class="irc-green">* DuraLogBot (~PircBot@webster.duraspace.org) has joined #duraspace</span><br />
<span class="irc-date">[6:46]</span> <span class="irc-green">* Topic is '[Welcome to DuraSpace - This channel is logged - <a href="http://irclogs.duraspace.org/]'">http://irclogs.duraspace.org/]'</a></span><br />
<span class="irc-date">[6:46]</span> <span class="irc-green">* Set by cwilper!ad579d86@gateway/web/freenode/ip.173.87.157.134 on Fri Oct 22 01:19:41 UTC 2010</span><br />
<span class="irc-date">[8:11]</span> <span class="irc-green">* cknowles (uid98028@gateway/web/irccloud.com/x-ucqjlgdibuxgybsl) has joined #duraspace</span><br />
<span class="irc-date">[10:23]</span> <span class="irc-navy">* cknowles (uid98028@gateway/web/irccloud.com/x-ucqjlgdibuxgybsl) Quit (Quit: Connection closed for inactivity)</span><br />
<span class="irc-date">[10:32]</span> <span class="irc-green">* cknowles (uid98028@gateway/web/irccloud.com/x-gxbjyfgjdjacrtih) has joined #duraspace</span><br />
<span class="irc-date">[12:24]</span> <span class="irc-green">* mhwood (mwood@mhw.ulib.iupui.edu) has joined #duraspace</span><br />
<span class="irc-date">[13:11]</span> <span class="irc-green">* tdonohue (~tdonohue@c-98-226-113-104.hsd1.il.comcast.net) has joined #duraspace</span><br />
<span class="irc-date">[13:30]</span> <span class="irc-green">* peterdietz (uid52203@gateway/web/irccloud.com/x-atlruwurhqsmeofq) has joined #duraspace</span><br />
<span class="irc-date">[14:13]</span> <span class="irc-navy">* cknowles (uid98028@gateway/web/irccloud.com/x-gxbjyfgjdjacrtih) Quit (Quit: Connection closed for inactivity)</span><br />
<span class="irc-date">[15:11]</span> <span class="irc-green">* hpottinger (~hpottinge@mu-160190.dhcp.missouri.edu) has joined #duraspace</span><br />
<span class="irc-date">[15:34]</span> <span class="irc-green">* cknowles (uid98028@gateway/web/irccloud.com/x-tciefhsshclchkos) has joined #duraspace</span><br />
<span class="irc-date">[20:55]</span> <span class="irc-green">* mhwood (mwood@mhw.ulib.iupui.edu) has left #duraspace</span><br />
<span class="irc-date">[21:58]</span> <span class="irc-green">* tdonohue (~tdonohue@c-98-226-113-104.hsd1.il.comcast.net) has left #duraspace</span><br />
<span class="irc-date">[21:58]</span> <span class="irc-navy">* hpottinger (~hpottinge@mu-160190.dhcp.missouri.edu) Quit (Quit: Leaving, later taterz!)</span><br />
<span class="irc-date">[22:43]</span> <span class="irc-navy">* cknowles (uid98028@gateway/web/irccloud.com/x-tciefhsshclchkos) Quit (Quit: Connection closed for inactivity)</span><br />
