<span class="irc-date">[6:26]</span> <span class="irc-brown">-leguin.freenode.net- *** Looking up your hostname...</span><br />
<span class="irc-date">[6:26]</span> <span class="irc-brown">-leguin.freenode.net- *** Checking Ident</span><br />
<span class="irc-date">[6:26]</span> <span class="irc-brown">-leguin.freenode.net- *** Found your hostname</span><br />
<span class="irc-date">[6:26]</span> <span class="irc-brown">-leguin.freenode.net- *** No Ident response</span><br />
<span class="irc-date">[6:26]</span> <span class="irc-green">* DuraLogBot (~PircBot@ec2-107-22-210-74.compute-1.amazonaws.com) has joined #duraspace</span><br />
<span class="irc-date">[6:26]</span> <span class="irc-green">* Topic is '[Welcome to DuraSpace - This channel is logged - <a href="http://irclogs.duraspace.org/]'">http://irclogs.duraspace.org/]'</a></span><br />
<span class="irc-date">[6:26]</span> <span class="irc-green">* Set by cwilper!ad579d86@gateway/web/freenode/ip.173.87.157.134 on Fri Oct 22 01:19:41 UTC 2010</span><br />
<span class="irc-date">[8:47]</span> <span class="irc-navy">* helix84 (~ctenar@195.178.95.132) Quit (Remote host closed the connection)</span><br />
<span class="irc-date">[10:09]</span> <span class="irc-green">* helix84 (~ctenar@195.178.95.132) has joined #duraspace</span><br />
<span class="irc-date">[10:09]</span> <span class="irc-green">* helix84 (~ctenar@195.178.95.132) has left #duraspace</span><br />
<span class="irc-date">[10:09]</span> <span class="irc-green">* helix84 (~ctenar@195.178.95.132) has joined #duraspace</span><br />
<span class="irc-date">[12:03]</span> <span class="irc-green">* mhwood (mwood@mhw.ulib.iupui.edu) has joined #duraspace</span><br />
<span class="irc-date">[12:36]</span> <span class="irc-navy">* mhwood (mwood@mhw.ulib.iupui.edu) Quit (Ping timeout: 250 seconds)</span><br />
<span class="irc-date">[12:40]</span> <span class="irc-green">* mhwood (mwood@mhw.ulib.iupui.edu) has joined #duraspace</span><br />
<span class="irc-date">[12:47]</span> <span class="irc-green">* tdonohue (~tdonohue@c-73-45-154-218.hsd1.il.comcast.net) has joined #duraspace</span><br />
<span class="irc-date">[13:24]</span> <span class="irc-navy">* misilot (~misilot@p-body.lib.fit.edu) Quit (Remote host closed the connection)</span><br />
<span class="irc-date">[13:45]</span> <span class="irc-green">* misilot (~misilot@p-body.lib.fit.edu) has joined #duraspace</span><br />
<span class="irc-date">[13:57]</span> <span class="irc-green">* awoods_ is now known as awoods</span><br />
<span class="irc-date">[14:01]</span> <span class="irc-navy">* awoods (~awoods@c-67-174-123-122.hsd1.co.comcast.net) Quit (Ping timeout: 244 seconds)</span><br />
<span class="irc-date">[14:09]</span> <span class="irc-green">* awoods (~awoods@2001:558:6040:4c:c9c7:a52a:141e:22d1) has joined #duraspace</span><br />
<span class="irc-date">[14:35]</span> <span class="irc-green">* kims (~kim@lbdigs29.lbr.auckland.ac.nz) has joined #duraspace</span><br />
<span class="irc-date">[14:42]</span> <span class="irc-navy">* kshepherd (~kim@lbdigs29.lbr.auckland.ac.nz) Quit (Ping timeout: 248 seconds)</span><br />
<span class="irc-date">[18:58]</span> <span class="irc-green">* kdweeks (~Adium@2001:468:c80:a103:c82d:5eca:63c2:2df3) has joined #duraspace</span><br />
<span class="irc-date">[21:04]</span> <span class="irc-navy">* mhwood (mwood@mhw.ulib.iupui.edu) Quit (Remote host closed the connection)</span><br />
<span class="irc-date">[21:30]</span> <span class="irc-navy">* kdweeks (~Adium@2001:468:c80:a103:c82d:5eca:63c2:2df3) Quit (Quit: Leaving.)</span><br />
<span class="irc-date">[21:37]</span> <span class="irc-green">* tdonohue (~tdonohue@c-73-45-154-218.hsd1.il.comcast.net) has left #duraspace</span><br />
