<span class="irc-date">[5:58]</span> <span class="irc-green">* cknowles (uid98028@gateway/web/irccloud.com/x-eeusovhunvppnzkr) has joined #duraspace</span><br />
<span class="irc-date">[6:28]</span> <span class="irc-brown">-wilhelm.freenode.net- *** Looking up your hostname...</span><br />
<span class="irc-date">[6:28]</span> <span class="irc-brown">-wilhelm.freenode.net- *** Checking Ident</span><br />
<span class="irc-date">[6:28]</span> <span class="irc-brown">-wilhelm.freenode.net- *** Found your hostname</span><br />
<span class="irc-date">[6:28]</span> <span class="irc-brown">-wilhelm.freenode.net- *** No Ident response</span><br />
<span class="irc-date">[6:28]</span> <span class="irc-green">* DuraLogBot (~PircBot@ec2-107-22-210-74.compute-1.amazonaws.com) has joined #duraspace</span><br />
<span class="irc-date">[6:28]</span> <span class="irc-green">* Topic is '[Welcome to DuraSpace - This channel is logged - <a href="http://irclogs.duraspace.org/]'">http://irclogs.duraspace.org/]'</a></span><br />
<span class="irc-date">[6:28]</span> <span class="irc-green">* Set by cwilper!ad579d86@gateway/web/freenode/ip.173.87.157.134 on Fri Oct 22 01:19:41 UTC 2010</span><br />
<span class="irc-date">[8:53]</span> <span class="irc-green">* pbecker (~pbecker@ubwstmapc098.ub.tu-berlin.de) has joined #duraspace</span><br />
<span class="irc-date">[11:18]</span> <span class="irc-navy">* cknowles (uid98028@gateway/web/irccloud.com/x-eeusovhunvppnzkr) Quit (Quit: Connection closed for inactivity)</span><br />
<span class="irc-date">[12:30]</span> <span class="irc-green">* cknowles (uid98028@gateway/web/irccloud.com/x-urfefjkspohanbsz) has joined #duraspace</span><br />
<span class="irc-date">[12:32]</span> <span class="irc-green">* tdonohue (~tdonohue@50.178.45.117) has joined #duraspace</span><br />
<span class="irc-date">[13:49]</span> <span class="irc-green">* peterdietz (uid52203@gateway/web/irccloud.com/x-jarqhsjoklmlbqnq) has joined #duraspace</span><br />
<span class="irc-date">[15:06]</span> <span class="irc-green">* kdweeks (~Adium@2001:468:c80:a103:b551:df07:34ae:ee2b) has joined #duraspace</span><br />
<span class="irc-date">[15:15]</span> <span class="irc-green">* mhwood (mwood@mhw.ulib.iupui.edu) has joined #duraspace</span><br />
<span class="irc-date">[15:38]</span> <span class="irc-navy">* cknowles (uid98028@gateway/web/irccloud.com/x-urfefjkspohanbsz) Quit (Quit: Connection closed for inactivity)</span><br />
<span class="irc-date">[16:02]</span> <span class="irc-green">* tdonohue1 (~tdonohue@c-50-178-45-117.hsd1.il.comcast.net) has joined #duraspace</span><br />
<span class="irc-date">[16:05]</span> <span class="irc-navy">* tdonohue (~tdonohue@50.178.45.117) Quit (Ping timeout: 272 seconds)</span><br />
<span class="irc-date">[16:28]</span> <span class="irc-green">* tdonohue1 is now known as tdonohue</span><br />
<span class="irc-date">[16:31]</span> <span class="irc-green">* hpottinger (~hpottinge@mu-160190.dhcp.missouri.edu) has joined #duraspace</span><br />
<span class="irc-date">[16:49]</span> <span class="irc-green">* kompewter (~kompewter@ec2-50-17-201-82.compute-1.amazonaws.com) has joined #duraspace</span><br />
<span class="irc-date">[16:54]</span> <span class="irc-navy">* pbecker (~pbecker@ubwstmapc098.ub.tu-berlin.de) Quit (Quit: Leaving)</span><br />
<span class="irc-date">[17:10]</span> <span class="irc-green">* cknowles (uid98028@gateway/web/irccloud.com/x-bmpwxnvoxxjzswyj) has joined #duraspace</span><br />
<span class="irc-date">[19:02]</span> <span class="irc-navy">* kdweeks (~Adium@2001:468:c80:a103:b551:df07:34ae:ee2b) Quit (Quit: Leaving.)</span><br />
<span class="irc-date">[20:50]</span> <span class="irc-green">* dyelar (~dyelar@129.237.45.105) has joined #duraspace</span><br />
<span class="irc-date">[21:06]</span> <span class="irc-green">* kdweeks (~Adium@2001:468:c80:a103:8c0a:8f02:5840:7872) has joined #duraspace</span><br />
<span class="irc-date">[21:09]</span> <span class="irc-green">* mhwood (mwood@mhw.ulib.iupui.edu) has left #duraspace</span><br />
<span class="irc-date">[21:23]</span> <span class="irc-navy">* hpottinger (~hpottinge@mu-160190.dhcp.missouri.edu) Quit (Quit: Leaving, later taterz!)</span><br />
<span class="irc-date">[21:45]</span> <span class="irc-green">* tdonohue (~tdonohue@c-50-178-45-117.hsd1.il.comcast.net) has left #duraspace</span><br />
<span class="irc-date">[21:51]</span> <span class="irc-navy">* dyelar (~dyelar@129.237.45.105) Quit (Quit: Leaving.)</span><br />
<span class="irc-date">[22:28]</span> <span class="irc-navy">* cknowles (uid98028@gateway/web/irccloud.com/x-bmpwxnvoxxjzswyj) Quit (Quit: Connection closed for inactivity)</span><br />
<span class="irc-date">[23:52]</span> <span class="irc-navy">* kdweeks (~Adium@2001:468:c80:a103:8c0a:8f02:5840:7872) Quit (Quit: Leaving.)</span><br />
