<span class="irc-date">[1:12]</span> <span class="irc-navy">* dyelar (~dyelar@31.158.45.66.cm.sunflower.com) Quit (Quit: Leaving.)</span><br />
<span class="irc-date">[2:20]</span> <span class="irc-green">* terry-b3 (~chrome@75-165-57-218.tukw.qwest.net) has joined #duraspace</span><br />
<span class="irc-date">[2:23]</span> <span class="irc-navy">* terry-b (~chrome@75-165-57-218.tukw.qwest.net) Quit (Ping timeout: 250 seconds)</span><br />
<span class="irc-date">[2:23]</span> <span class="irc-navy">* helix84 (~ctenar@unaffiliated/helix84) Quit (Ping timeout: 250 seconds)</span><br />
<span class="irc-date">[2:23]</span> <span class="irc-green">* helix84_ (~ctenar@unaffiliated/helix84) has joined #duraspace</span><br />
<span class="irc-date">[6:29]</span> <span class="irc-brown">-tepper.freenode.net- *** Looking up your hostname...</span><br />
<span class="irc-date">[6:29]</span> <span class="irc-brown">-tepper.freenode.net- *** Checking Ident</span><br />
<span class="irc-date">[6:29]</span> <span class="irc-brown">-tepper.freenode.net- *** Found your hostname</span><br />
<span class="irc-date">[6:29]</span> <span class="irc-brown">-tepper.freenode.net- *** No Ident response</span><br />
<span class="irc-date">[6:29]</span> <span class="irc-green">* DuraLogBot (~PircBot@webster.duraspace.org) has joined #duraspace</span><br />
<span class="irc-date">[6:29]</span> <span class="irc-green">* Topic is '[Welcome to DuraSpace - This channel is logged - <a href="http://irclogs.duraspace.org/]'">http://irclogs.duraspace.org/]'</a></span><br />
<span class="irc-date">[6:29]</span> <span class="irc-green">* Set by cwilper!ad579d86@gateway/web/freenode/ip.173.87.157.134 on Fri Oct 22 01:19:41 UTC 2010</span><br />
<span class="irc-date">[8:39]</span> <span class="irc-green">* helix84_ is now known as helix84</span><br />
<span class="irc-date">[11:29]</span> <span class="irc-green">* cknowles (uid98028@gateway/web/irccloud.com/x-mgqnmuehtmeaixhk) has joined #duraspace</span><br />
<span class="irc-date">[12:33]</span> <span class="irc-green">* roeland (~roeland@85.234.195.109.static.edpnet.net) has left #duraspace</span><br />
<span class="irc-date">[13:48]</span> <span class="irc-green">* mhwood (mwood@mhw.ulib.iupui.edu) has joined #duraspace</span><br />
<span class="irc-date">[14:09]</span> <span class="irc-green">* tdonohue (~tdonohue@c-98-226-113-104.hsd1.il.comcast.net) has joined #duraspace</span><br />
<span class="irc-date">[16:23]</span> <span class="irc-navy">* cknowles (uid98028@gateway/web/irccloud.com/x-mgqnmuehtmeaixhk) Quit (Quit: Connection closed for inactivity)</span><br />
<span class="irc-date">[17:14]</span> <span class="irc-black">&lt;terry-b3&gt; Picking up the discussion from yesterday, I am curious to know if folks have thoughts about the comments in <a href="https://jira.duraspace.org/browse/DS-2898">https://jira.duraspace.org/browse/DS-2898</a></span><br />
<span class="irc-date">[17:14]</span> <span class="irc-black">&lt;kompewter&gt; [ [DS-2898] REST API Should Support all DSpace Authentication Methods - DuraSpace JIRA ] - <a href="https://jira.duraspace.org/browse/DS-2898">https://jira.duraspace.org/browse/DS-2898</a></span><br />
<span class="irc-date">[17:14]</span> <span class="irc-black">&lt;kompewter&gt; [ <a href="https://jira.duraspace.org/browse/DS-2898">https://jira.duraspace.org/browse/DS-2898</a> ] - [DS-2898] REST API Should Support all DSpace Authentication Methods - DuraSpace JIRA</span><br />
<span class="irc-date">[21:34]</span> <span class="irc-green">* peterdietz (uid52203@gateway/web/irccloud.com/x-erveudynrsvcgukm) has joined #duraspace</span><br />
<span class="irc-date">[22:05]</span> <span class="irc-green">* mhwood (mwood@mhw.ulib.iupui.edu) has left #duraspace</span><br />
<span class="irc-date">[22:33]</span> <span class="irc-green">* tdonohue (~tdonohue@c-98-226-113-104.hsd1.il.comcast.net) has left #duraspace</span><br />
<span class="irc-date">[23:32]</span> <span class="irc-green">* ccordova (~ccordovas@pc-22-11-239-201.cm.vtr.net) has joined #duraspace</span><br />
