<span class="irc-date">[2:22]</span> <span class="irc-navy">* dyelar (~dyelar@31.158.45.66.cm.sunflower.com) Quit (Quit: Leaving.)</span><br />
<span class="irc-date">[3:27]</span> <span class="irc-navy">* peterdietz (uid52203@gateway/web/irccloud.com/x-egejxgycqnjviogq) Quit (Read error: Connection reset by peer)</span><br />
<span class="irc-date">[3:27]</span> <span class="irc-green">* peterdietz (uid52203@gateway/web/irccloud.com/x-iosesbbzddqizmrd) has joined #duraspace</span><br />
<span class="irc-date">[6:29]</span> <span class="irc-brown">-hobana.freenode.net- *** Looking up your hostname...</span><br />
<span class="irc-date">[6:29]</span> <span class="irc-brown">-hobana.freenode.net- *** Checking Ident</span><br />
<span class="irc-date">[6:29]</span> <span class="irc-brown">-hobana.freenode.net- *** Found your hostname</span><br />
<span class="irc-date">[6:29]</span> <span class="irc-brown">-hobana.freenode.net- *** No Ident response</span><br />
<span class="irc-date">[6:29]</span> <span class="irc-green">* DuraLogBot (~PircBot@webster.duraspace.org) has joined #duraspace</span><br />
<span class="irc-date">[6:29]</span> <span class="irc-green">* Topic is '[Welcome to DuraSpace - This channel is logged - <a href="http://irclogs.duraspace.org/]'">http://irclogs.duraspace.org/]'</a></span><br />
<span class="irc-date">[6:29]</span> <span class="irc-green">* Set by cwilper!ad579d86@gateway/web/freenode/ip.173.87.157.134 on Fri Oct 22 01:19:41 UTC 2010</span><br />
<span class="irc-date">[10:14]</span> <span class="irc-green">* cknowles (uid98028@gateway/web/irccloud.com/x-swlrfugicxknhnjr) has joined #duraspace</span><br />
<span class="irc-date">[12:23]</span> <span class="irc-green">* mhwood (mwood@mhw.ulib.iupui.edu) has joined #duraspace</span><br />
<span class="irc-date">[12:33]</span> <span class="irc-navy">* cknowles (uid98028@gateway/web/irccloud.com/x-swlrfugicxknhnjr) Quit (Quit: Connection closed for inactivity)</span><br />
<span class="irc-date">[14:03]</span> <span class="irc-green">* hpottinger (~hpottinge@mu-160190.dhcp.missouri.edu) has joined #duraspace</span><br />
<span class="irc-date">[15:03]</span> <span class="irc-green">* cknowles (uid98028@gateway/web/irccloud.com/x-lqookspnwvmjegui) has joined #duraspace</span><br />
<span class="irc-date">[17:13]</span> <span class="irc-navy">* cknowles (uid98028@gateway/web/irccloud.com/x-lqookspnwvmjegui) Quit (Quit: Connection closed for inactivity)</span><br />
<span class="irc-date">[18:05]</span> <span class="irc-green">* cknowles (uid98028@gateway/web/irccloud.com/x-yxxghgnsdlztuytp) has joined #duraspace</span><br />
<span class="irc-date">[20:03]</span> <span class="irc-green">* dyelar (~dyelar@129.237.45.105) has joined #duraspace</span><br />
<span class="irc-date">[20:13]</span> <span class="irc-navy">* cknowles (uid98028@gateway/web/irccloud.com/x-yxxghgnsdlztuytp) Quit (Quit: Connection closed for inactivity)</span><br />
<span class="irc-date">[21:15]</span> <span class="irc-navy">* mhwood (mwood@mhw.ulib.iupui.edu) Quit (Read error: Connection reset by peer)</span><br />
<span class="irc-date">[22:48]</span> <span class="irc-navy">* dyelar (~dyelar@129.237.45.105) Quit (Quit: Leaving.)</span><br />
<span class="irc-date">[22:49]</span> <span class="irc-navy">* hpottinger (~hpottinge@mu-160190.dhcp.missouri.edu) Quit (Quit: Leaving, later taterz!)</span><br />
