<span class="irc-date">[0:36]</span> <span class="irc-navy">* Dylan (~Dylan@85.234.195.109.static.edpnet.net) Quit (Remote host closed the connection)</span><br />
<span class="irc-date">[0:36]</span> <span class="irc-green">* Dylan (~Dylan@85.234.195.109.static.edpnet.net) has joined #duraspace</span><br />
<span class="irc-date">[0:41]</span> <span class="irc-navy">* Dylan (~Dylan@85.234.195.109.static.edpnet.net) Quit (Ping timeout: 260 seconds)</span><br />
<span class="irc-date">[4:38]</span> <span class="irc-green">* Dylan (~Dylan@85.234.195.109.static.edpnet.net) has joined #duraspace</span><br />
<span class="irc-date">[4:42]</span> <span class="irc-navy">* Dylan (~Dylan@85.234.195.109.static.edpnet.net) Quit (Ping timeout: 260 seconds)</span><br />
<span class="irc-date">[6:39]</span> <span class="irc-green">* Dylan (~Dylan@85.234.195.109.static.edpnet.net) has joined #duraspace</span><br />
<span class="irc-date">[6:44]</span> <span class="irc-navy">* Dylan (~Dylan@85.234.195.109.static.edpnet.net) Quit (Ping timeout: 260 seconds)</span><br />
<span class="irc-date">[6:51]</span> <span class="irc-brown">-card.freenode.net- *** Looking up your hostname...</span><br />
<span class="irc-date">[6:51]</span> <span class="irc-brown">-card.freenode.net- *** Checking Ident</span><br />
<span class="irc-date">[6:51]</span> <span class="irc-brown">-card.freenode.net- *** Found your hostname</span><br />
<span class="irc-date">[6:51]</span> <span class="irc-brown">-card.freenode.net- *** No Ident response</span><br />
<span class="irc-date">[6:51]</span> <span class="irc-green">* DuraLogBot (~PircBot@webster.duraspace.org) has joined #duraspace</span><br />
<span class="irc-date">[6:51]</span> <span class="irc-green">* Topic is '[Welcome to DuraSpace - This channel is logged - <a href="http://irclogs.duraspace.org/]'">http://irclogs.duraspace.org/]'</a></span><br />
<span class="irc-date">[6:51]</span> <span class="irc-green">* Set by cwilper!ad579d86@gateway/web/freenode/ip.173.87.157.134 on Fri Oct 22 01:19:41 UTC 2010</span><br />
<span class="irc-date">[7:23]</span> <span class="irc-green">* Dylan (~Dylan@85.234.195.109.static.edpnet.net) has joined #duraspace</span><br />
<span class="irc-date">[9:01]</span> <span class="irc-green">* tmmguimaraes (~tmg@193.137.88.100) has joined #duraspace</span><br />
<span class="irc-date">[12:00]</span> <span class="irc-green">* pbecker (~pbecker@ubwstmapc098.ub.tu-berlin.de) has joined #duraspace</span><br />
<span class="irc-date">[12:06]</span> <span class="irc-green">* misilot (~misilot@p-body.lib.fit.edu) has joined #duraspace</span><br />
<span class="irc-date">[12:15]</span> <span class="irc-green">* mhwood (mwood@mhw.ulib.iupui.edu) has joined #duraspace</span><br />
<span class="irc-date">[13:07]</span> <span class="irc-navy">* Dylan (~Dylan@85.234.195.109.static.edpnet.net) Quit (Remote host closed the connection)</span><br />
<span class="irc-date">[13:07]</span> <span class="irc-green">* tdonohue (~tdonohue@c-98-220-55-31.hsd1.il.comcast.net) has joined #duraspace</span><br />
<span class="irc-date">[13:08]</span> <span class="irc-green">* Dylan (~Dylan@86.39.200.115.static.hosted.by.easyhost.be) has joined #duraspace</span><br />
<span class="irc-date">[13:34]</span> <span class="irc-green">* Dylan_ (~Dylan@85.234.195.109.static.edpnet.net) has joined #duraspace</span><br />
<span class="irc-date">[13:36]</span> <span class="irc-navy">* Dylan (~Dylan@86.39.200.115.static.hosted.by.easyhost.be) Quit (Read error: Connection reset by peer)</span><br />
<span class="irc-date">[14:46]</span> <span class="irc-green">* hpottinger (~hpottinge@mu-161168.dhcp.missouri.edu) has joined #duraspace</span><br />
<span class="irc-date">[14:58]</span> <span class="irc-navy">* Dylan_ (~Dylan@85.234.195.109.static.edpnet.net) Quit (Remote host closed the connection)</span><br />
<span class="irc-date">[14:58]</span> <span class="irc-green">* Dylan (~Dylan@85.234.195.109.static.edpnet.net) has joined #duraspace</span><br />
<span class="irc-date">[15:00]</span> <span class="irc-black">&lt;tdonohue&gt; Hello all, and welcome. It's time for our weekly DSpace Developers Meeting. Agenda at: <a href="https://wiki.duraspace.org/display/DSPACE/DevMtg+2016-07-13">https://wiki.duraspace.org/display/DSPACE/DevMtg+2016-07-13</a></span><br />
<span class="irc-date">[15:00]</span> <span class="irc-black">&lt;kompewter&gt; [ DevMtg 2016-07-13 - DSpace - DuraSpace Wiki ] - <a href="https://wiki.duraspace.org/display/DSPACE/DevMtg+2016-07-13">https://wiki.duraspace.org/display/DSPACE/DevMtg+2016-07-13</a></span><br />
<span class="irc-date">[15:01]</span> <span class="irc-black">&lt;hpottinger&gt; greetings</span><br />
<span class="irc-date">[15:01]</span> <span class="irc-black">&lt;tdonohue&gt; So, as usual, today is all about 6.0 :)</span><br />
<span class="irc-date">[15:02]</span> <span class="irc-black">&lt;hpottinger&gt; I have a question about the new UI project, but I'll save it for the end</span><br />
<span class="irc-date">[15:02]</span> <span class="irc-black">&lt;tdonohue&gt; Let's do a quick role call.... hpottinger is here...how about mhwood, helix84, pbecker, terry-b?</span><br />
<span class="irc-date">[15:02]</span> <span class="irc-black">&lt;mhwood&gt; Here!</span><br />
<span class="irc-date">[15:02]</span> <span class="irc-black">&lt;tdonohue&gt; hpottinger: if it's a quick question, we can tackle it quickly now.  I suspect most of today will be JIRA/PR review (and those tend to go long)</span><br />
<span class="irc-date">[15:03]</span> <span class="irc-black">&lt;hpottinger&gt; OK, I'm just wondering if there's a plan for when we'll "rebase" the new UI on the 6x REST-API?</span><br />
<span class="irc-date">[15:03]</span> <span class="irc-navy">* Dylan (~Dylan@85.234.195.109.static.edpnet.net) Quit (Ping timeout: 272 seconds)</span><br />
<span class="irc-date">[15:05]</span> <span class="irc-black">&lt;tdonohue&gt; hpottinger: well, all we have right now is a "proof-of-concept".  It's not the "new UI", but we'll probably start building from it at some point.  Are you talking about rebasing this project? <a href="https://github.com/DSpace-Labs/angular2-ui-prototype">https://github.com/DSpace-Labs/angular2-ui-prototype</a></span><br />
<span class="irc-date">[15:05]</span> <span class="irc-black">&lt;kompewter&gt; [ GitHub - DSpace-Labs/angular2-ui-prototype: An Angular2 (<a href="https://angular.io/)">https://angular.io/)</a> prototype UI for DSpace ] - <a href="https://github.com/DSpace-Labs/angular2-ui-prototype">https://github.com/DSpace-Labs/angular2-ui-prototype</a></span><br />
<span class="irc-date">[15:05]</span> <span class="irc-black">&lt;hpottinger&gt; Sorry, the agenda refers to it as "New UI Initiatiave"</span><br />
<span class="irc-date">[15:06]</span> <span class="irc-black">&lt;tdonohue&gt; to be clear, by calling this a "proof-of-concept", I actually mean that it's not necessarily what the "new UI" will even look like, and we may decide to rebuild parts of it (as we were learning Angular2 at the time we built it, it may not be perfect)</span><br />
<span class="irc-date">[15:06]</span> <span class="irc-black">&lt;hpottinger&gt; Oh, I see the top bullet point "next phase won't begin until 6.0 is released"</span><br />
<span class="irc-date">[15:06]</span> <span class="irc-black">&lt;tdonohue&gt; But, at this point in time we are "held back" by the fact that 6.0 is not out the door, and I cannot do both of these simultaneously</span><br />
<span class="irc-date">[15:07]</span> <span class="irc-black">&lt;tdonohue&gt; So, yes, once 6.0 is out the door, we'll move development over to the New UI Initiative (on Angular2)</span><br />
<span class="irc-date">[15:07]</span> <span class="irc-black">&lt;hpottinger&gt; so, general plan "focus on 6, *then* get the prototype to run on a non-shifting REST-API"</span><br />
<span class="irc-date">[15:08]</span> <span class="irc-black">&lt;tdonohue&gt; correct</span><br />
<span class="irc-date">[15:08]</span> <span class="irc-black">&lt;hpottinger&gt; got it, that helps, thanks</span><br />
<span class="irc-date">[15:09]</span> <span class="irc-black">&lt;tdonohue&gt; So, back to 6.0 stuff.  I feel like our momentum on 6.0 has stalled a bit in recent weeks. Not seeing much activity on voting on or merging PRs... so, I'd like to see if we can find a way to kickstart that again</span><br />
<span class="irc-date">[15:10]</span> <span class="irc-black">&lt;tdonohue&gt; So, one way to try to do that, might be to take our list of 6.0 "Must have" tickets, and look directly at those that are in the "Code Review Needed" status...see if we can get some momentum on those tickets specifically, and hope it carries over into others</span><br />
<span class="irc-date">[15:11]</span> <span class="irc-black">&lt;tdonohue&gt; Here's that list in JIRA: <a href="https://jira.duraspace.org/issues/?jql=project%20%3D%20DS%20AND%20status%20%3D%20%22Code%20Review%20Needed%22%20AND%20priority%20in%20(Blocker%2C%20Critical%2C%20Major)%20AND%20resolution%20%3D%20Unresolved%20AND%20fixVersion%20%3D%206.0">https://jira.duraspace.org/issues/?jql=project%20%3D%20DS%20AND%20status%20%3D%20%22Code%20Review%20Needed%22%20AND%20priority%20in%20(Blocker%2C%20Critical%2C%20Major)%20AND%20resolution%20%3D%20Unresolved%20AND%20fixVersion%20%3D%206.0</a></span><br />
<span class="irc-date">[15:11]</span> <span class="irc-black">&lt;kompewter&gt; [ Issue Navigator - DuraSpace JIRA ] - <a href="https://jira.duraspace.org/issues/?jql=project%20%3D%20DS%20AND%20status%20%3D%20%22Code%20Review%20Needed%22%20AND%20priority%20in%20(Blocker%2C%20Critical%2C%20Major)%20AND%20resolution%20%3D%20Unresolved%20AND%20fixVersion%20%3D%206.0">https://jira.duraspace.org/issues/?jql=project%20%3D%20DS%20AND%20status%20%3D%20%22Code%20Review%20Needed%22%20AND%20priority%20in%20(Blocker%2C%20Critical%2C%20Major)%20AND%20resolution%20%3D%20Unresolved%20AND%20fixVersion%20%3D%206.0</a></span><br />
<span class="irc-date">[15:11]</span> <span class="irc-brick">* pbecker jumps in a little bit late, greets everyone around here.</span><br />
<span class="irc-date">[15:11]</span> <span class="irc-black">&lt;hpottinger&gt; DSPR#1449 is one vote away from removing a blocker from every workday for me from 23UTC and 24UTC</span><br />
<span class="irc-date">[15:11]</span> <span class="irc-black">&lt;kompewter&gt; [ <a href="https://github.com/DSpace/DSpace/pull/1449">https://github.com/DSpace/DSpace/pull/1449</a> ] - [DS-3217] fix more than one test by hardyoyo</span><br />
<span class="irc-date">[15:12]</span> <span class="irc-black">&lt;tdonohue&gt; ok, we can start there, hpottinger, even though it's not on that above list (if it will help your momentum!) :)</span><br />
<span class="irc-date">[15:13]</span> <span class="irc-black">&lt;tdonohue&gt; The code in 1449 looks good to me, and it's just test fixes. Honestly, let's just merge this.  I'll add a +1</span><br />
<span class="irc-date">[15:13]</span> <span class="irc-black">&lt;hpottinger&gt; it will, DS-3217 kinda took the wind out of my sails yesterday</span><br />
<span class="irc-date">[15:13]</span> <span class="irc-black">&lt;kompewter&gt; [ <a href="https://jira.duraspace.org/browse/DS-3217">https://jira.duraspace.org/browse/DS-3217</a> ] - [DS-3217] testGetCurrent fails if run from 23 UTC to 24 UTC - DuraSpace JIRA</span><br />
<span class="irc-date">[15:14]</span> <span class="irc-black">&lt;tdonohue&gt; I added my +1</span><br />
<span class="irc-date">[15:14]</span> <span class="irc-black">&lt;hpottinger&gt; thanks, tdonohue, it's at +2, shall I merge?</span><br />
<span class="irc-date">[15:14]</span> <span class="irc-black">&lt;tdonohue&gt; yes please</span><br />
<span class="irc-date">[15:15]</span> <span class="irc-black">&lt;tdonohue&gt; (and close the ticket)</span><br />
<span class="irc-date">[15:15]</span> <span class="irc-black">&lt;hpottinger&gt; closed</span><br />
<span class="irc-date">[15:15]</span> <span class="irc-black">&lt;tdonohue&gt; Ok, back to our list of JIRA tickets (see the long link above)... gonna start at the top</span><br />
<span class="irc-date">[15:16]</span> <span class="irc-black">&lt;tdonohue&gt; DS-3263 / DS-3262 ... both fixed by DSPR#1459</span><br />
<span class="irc-date">[15:16]</span> <span class="irc-black">&lt;kompewter&gt; [ <a href="https://jira.duraspace.org/browse/DS-3263">https://jira.duraspace.org/browse/DS-3263</a> ] - [DS-3263] Renaming key metadata fields (e.g. dc.title) can result in NullPointerExceptions - DuraSpace JIRA</span><br />
<span class="irc-date">[15:16]</span> <span class="irc-black">&lt;kompewter&gt; [ <a href="https://jira.duraspace.org/browse/DS-3262">https://jira.duraspace.org/browse/DS-3262</a> ] - [DS-3262] In use metadata fields can be deleted from the metadata registry, resulting in data loss - DuraSpace JIRA</span><br />
<span class="irc-date">[15:16]</span> <span class="irc-black">&lt;kompewter&gt; [ <a href="https://github.com/DSpace/DSpace/pull/1459">https://github.com/DSpace/DSpace/pull/1459</a> ] - Fixes for DS-3262 and DS-3263 (deleting or renaming/missing metadata fields) by tdonohue</span><br />
<span class="irc-date">[15:16]</span> <span class="irc-black">&lt;tdonohue&gt; I see terry-b volunteered to help test.  I've run some tests on this myself locally obviously as well. It'd be good to get others to either test or review the code here (either now or later)</span><br />
<span class="irc-date">[15:17]</span> <span class="irc-black">&lt;hpottinger&gt; I was testing 1459 yesterday, will jump back in today</span><br />
<span class="irc-date">[15:18]</span> <span class="irc-black">&lt;tdonohue&gt; As a side-effect, in tracking down this issue, I also noticed that MetadataValues were never actually being *removed* from the database when they are deleted.  They were just being disassociated with the object (by setting dspace_object_id=null)</span><br />
<span class="irc-date">[15:18]</span> <span class="irc-black">&lt;tdonohue&gt; So, I fixed that as well, and all Unit Tests pass, etc</span><br />
<span class="irc-date">[15:19]</span> <span class="irc-black">&lt;mhwood&gt; Automated testing good.</span><br />
<span class="irc-date">[15:19]</span> <span class="irc-black">&lt;tdonohue&gt; thanks hpottinger</span><br />
<span class="irc-date">[15:20]</span> <span class="irc-black">&lt;tdonohue&gt; Ok, so that has a few volunteers...moving on</span><br />
<span class="irc-date">[15:20]</span> <span class="irc-black">&lt;tdonohue&gt; DS-3259 .. fixed by DSPR#1454</span><br />
<span class="irc-date">[15:20]</span> <span class="irc-black">&lt;kompewter&gt; [ <a href="https://jira.duraspace.org/browse/DS-3259">https://jira.duraspace.org/browse/DS-3259</a> ] - [DS-3259] DSpace creates unnecessary resource policies containing many null values - DuraSpace JIRA</span><br />
<span class="irc-date">[15:20]</span> <span class="irc-black">&lt;kompewter&gt; [ <a href="https://github.com/DSpace/DSpace/pull/1454">https://github.com/DSpace/DSpace/pull/1454</a> ] - [DS-3259] Prevent generation of resource policies with null values by marsaoua</span><br />
<span class="irc-date">[15:20]</span> <span class="irc-black">&lt;tdonohue&gt; This one is already at +2 and tested twice.  Looks like it should just be merged?</span><br />
<span class="irc-date">[15:21]</span> <span class="irc-black">&lt;pbecker&gt; please</span><br />
<span class="irc-date">[15:21]</span> <span class="irc-black">&lt;pbecker&gt; Maras Haoua is my colleague we worked together on this.</span><br />
<span class="irc-date">[15:21]</span> <span class="irc-black">&lt;tdonohue&gt; merging &amp; closing</span><br />
<span class="irc-date">[15:21]</span> <span class="irc-black">&lt;pbecker&gt; thanks</span><br />
<span class="irc-date">[15:21]</span> <span class="irc-black">&lt;tdonohue&gt; done...moving along</span><br />
<span class="irc-date">[15:22]</span> <span class="irc-black">&lt;tdonohue&gt; DS-3256 ... fixed by DSPR#1453</span><br />
<span class="irc-date">[15:22]</span> <span class="irc-black">&lt;kompewter&gt; [ <a href="https://jira.duraspace.org/browse/DS-3256">https://jira.duraspace.org/browse/DS-3256</a> ] - [DS-3256] Configuration of metadata fields to show in JSPUI itemdisplay is broken - DuraSpace JIRA</span><br />
<span class="irc-date">[15:22]</span> <span class="irc-black">&lt;kompewter&gt; [ <a href="https://github.com/DSpace/DSpace/pull/1453">https://github.com/DSpace/DSpace/pull/1453</a> ] - DS-3256 by pnbecker</span><br />
<span class="irc-date">[15:22]</span> <span class="irc-black">&lt;pbecker&gt; I think the next one is really simple</span><br />
<span class="irc-date">[15:22]</span> <span class="irc-black">&lt;pbecker&gt; The configuration property webui.itemdispaly.default was loaded using getProperty.</span><br />
<span class="irc-date">[15:22]</span> <span class="irc-black">&lt;tdonohue&gt; this was assigned to me. I just hadn't gotten to it  yet (got distracted by the other fix above)</span><br />
<span class="irc-date">[15:22]</span> <span class="irc-black">&lt;pbecker&gt; With the new Apache config we need to use getArrayProperty.</span><br />
<span class="irc-date">[15:23]</span> <span class="irc-black">&lt;pbecker&gt; btw, tdonohue: why does getProprety() only return the string till the first comma returns and not the complete list?</span><br />
<span class="irc-date">[15:23]</span> <span class="irc-black">&lt;tdonohue&gt; oh, yes. of course.  I agree, this looks obvious to me.  pbecker, have you tested it?</span><br />
<span class="irc-date">[15:23]</span> <span class="irc-black">&lt;pbecker&gt; And may we have the same problem else-where in the code?</span><br />
<span class="irc-date">[15:23]</span> <span class="irc-black">&lt;pbecker&gt; I have tested it.</span><br />
<span class="irc-date">[15:24]</span> <span class="irc-black">&lt;tdonohue&gt; pbecker... getProperty() does that because that's the (unfortunate) behavior of Apache Commons Config.  I couldn't find a way to fix that</span><br />
<span class="irc-date">[15:24]</span> <span class="irc-black">&lt;pbecker&gt; The PR is not just a two liner, as I expected that one method was acting the opposite of what it names suggests.</span><br />
<span class="irc-date">[15:24]</span> <span class="irc-black">&lt;terry-b&gt; Joining late.  Hello everyone</span><br />
<span class="irc-date">[15:24]</span> <span class="irc-black">&lt;pbecker&gt; And is there any whay to get a string containing all comma and all stuff?</span><br />
<span class="irc-date">[15:24]</span> <span class="irc-black">&lt;pbecker&gt; hi Terry!</span><br />
<span class="irc-date">[15:25]</span> <span class="irc-black">&lt;tdonohue&gt; pbecker: and most of the other places in the code *should* be fixed to use getArrayProperty() as I did do some bulk searching on "split(',')" (which was often used to split into arrays)</span><br />
<span class="irc-date">[15:25]</span> <span class="irc-black">&lt;pbecker&gt; tdonohue: should we grep config/**.cfg for ','?</span><br />
<span class="irc-date">[15:25]</span> <span class="irc-black">&lt;mhwood&gt; If you find a place where the string must be split, change it to use getArrayProperty and throw away the splitting.</span><br />
<span class="irc-date">[15:26]</span> <span class="irc-black">&lt;tdonohue&gt; pbecker: The only way I'm aware of in Apache Commons Config to return a string *with* commas, is to actually *escape* the commas in the *.cfg file</span><br />
<span class="irc-date">[15:26]</span> <span class="irc-black">&lt;pbecker&gt; I'm just afraid of properties that shall contains commas and aren't splitted anywhere.</span><br />
<span class="irc-date">[15:26]</span> <span class="irc-black">&lt;tdonohue&gt; pbecker: you are welcome to do more grepping. I did a TON (and this was a while ago, though)...and I tried to find all instances of this. I cannot guarrantee 100% coverage though, as it's hard to ensure you've found all of them.</span><br />
<span class="irc-date">[15:26]</span> <span class="irc-black">&lt;pbecker&gt; tdonohue: do you think it is worth greping and searching again (a lot of work) or are you confident enough, we hit all points?</span><br />
<span class="irc-date">[15:27]</span> <span class="irc-black">&lt;pbecker&gt; of course, I understand.</span><br />
<span class="irc-date">[15:27]</span> <span class="irc-black">&lt;tdonohue&gt; pbecker: I feel we've hit the vast majority. Hard to be 100% certain. If someone else has time, it'd be worth double checking I caught them all.  But, I feel my time is better spent closing these tickets, instead of searching for things that may all be fixed</span><br />
<span class="irc-date">[15:27]</span> <span class="irc-black">&lt;pbecker&gt; I'll put it on my list, but I'm not confident to find time within the next days.</span><br />
<span class="irc-date">[15:28]</span> <span class="irc-black">&lt;pbecker&gt; It is for sure.</span><br />
<span class="irc-date">[15:28]</span> <span class="irc-black">&lt;tdonohue&gt; In any case, I'll add a +1 to 1453. I honestly think this looks obvious and we should just merge it (unless others object here)</span><br />
<span class="irc-date">[15:29]</span> <span class="irc-black">&lt;pbecker&gt; then I merge it?</span><br />
<span class="irc-date">[15:30]</span> <span class="irc-black">&lt;pbecker&gt; 3... 2... 1...</span><br />
<span class="irc-date">[15:30]</span> <span class="irc-black">&lt;tdonohue&gt; pbecker: the one hint of "good news" here is that if we miss one (or more) of these bugs in 6.0, it will be possible to "work around" the bug by adding "\," (escaped commas) to your local cfg file</span><br />
<span class="irc-date">[15:30]</span> <span class="irc-black">&lt;tdonohue&gt; I think we merge this. It seems very obvious to me</span><br />
<span class="irc-date">[15:31]</span> <span class="irc-black">&lt;pbecker&gt; merged, next.</span><br />
<span class="irc-date">[15:31]</span> <span class="irc-black">&lt;tdonohue&gt; thanks!  Next up, DS-3229 fixed by DSPR#1429</span><br />
<span class="irc-date">[15:31]</span> <span class="irc-black">&lt;kompewter&gt; [ <a href="https://jira.duraspace.org/browse/DS-3229">https://jira.duraspace.org/browse/DS-3229</a> ] - [DS-3229] JSPUI: Submission verify step ignores type binding - DuraSpace JIRA</span><br />
<span class="irc-date">[15:31]</span> <span class="irc-black">&lt;kompewter&gt; [ <a href="https://github.com/DSpace/DSpace/pull/1429">https://github.com/DSpace/DSpace/pull/1429</a> ] - DS-3229: JSPUI: Submission verify step ignores type binding by pnbecker</span><br />
<span class="irc-date">[15:32]</span> <span class="irc-black">&lt;tdonohue&gt; This has a +1 from tmmguimaraes (who is here today).</span><br />
<span class="irc-date">[15:32]</span> <span class="irc-black">&lt;tdonohue&gt; most of the code changes here look to be code realignment</span><br />
<span class="irc-date">[15:32]</span> <span class="irc-black">&lt;pbecker&gt; I (obviously) tested it while fixing the bug.</span><br />
<span class="irc-date">[15:33]</span> <span class="irc-black">&lt;pbecker&gt; tdonohue: I did two commits.</span><br />
<span class="irc-date">[15:33]</span> <span class="irc-black">&lt;tdonohue&gt; aha, I see that now. thanks ;)</span><br />
<span class="irc-date">[15:33]</span> <span class="irc-black">&lt;pbecker&gt; The second one is only fixing indentation, the first one is the one to review.</span><br />
<span class="irc-date">[15:33]</span> <span class="irc-black">&lt;tdonohue&gt; yes, the first one is quite tiny</span><br />
<span class="irc-date">[15:33]</span> <span class="irc-black">&lt;tmmguimaraes&gt; i tested it long ago</span><br />
<span class="irc-date">[15:33]</span> <span class="irc-black">&lt;tmmguimaraes&gt; also, i got to go.</span><br />
<span class="irc-date">[15:33]</span> <span class="irc-black">&lt;pbecker&gt; (as least if you trust me that I didn't hide something in the first one).</span><br />
<span class="irc-date">[15:34]</span> <span class="irc-black">&lt;tmmguimaraes&gt; can't remember the details of the test</span><br />
<span class="irc-date">[15:34]</span> <span class="irc-black">&lt;pbecker&gt; tmmguimaraes: thanks for testing, have a good day!</span><br />
<span class="irc-date">[15:34]</span> <span class="irc-black">&lt;tmmguimaraes&gt; bye</span><br />
<span class="irc-date">[15:34]</span> <span class="irc-black">&lt;kompewter&gt; see ya</span><br />
<span class="irc-date">[15:34]</span> <span class="irc-navy">* tmmguimaraes (~tmg@193.137.88.100) Quit (Quit: Leaving)</span><br />
<span class="irc-date">[15:34]</span> <span class="irc-black">&lt;tdonohue&gt; what do others think here? (gotten quite the last 15 mins, other than pbecker &amp; I)</span><br />
<span class="irc-date">[15:34]</span> <span class="irc-black">&lt;pbecker&gt; I mainly copied code from the metadata input form (JSPUI submission).</span><br />
<span class="irc-date">[15:35]</span> <span class="irc-black">&lt;tdonohue&gt; This again looks like a tiny change to me...two testers (pbecker &amp; tmmguimaraes) is also great</span><br />
<span class="irc-date">[15:35]</span> <span class="irc-black">&lt;pbecker&gt; We already had this fix in our DSpace 4, but I missed to create a PR. Preparing our upgrade to DSpace 6, I notice the bug still exist.</span><br />
<span class="irc-date">[15:36]</span> <span class="irc-black">&lt;pbecker&gt; I have to run, be back in 5 minutes. sorry</span><br />
<span class="irc-date">[15:36]</span> <span class="irc-black">&lt;tdonohue&gt; Looking at the code here, I'll give this a +1 via code review.  I don't see any issues here, actual code change looks clean and small (outside of the realignment fixes, which obviously touch a bit more, but are realignment only)</span><br />
<span class="irc-date">[15:38]</span> <span class="irc-black">&lt;mhwood&gt; There are two adjacent calls to ContentServiceFactory.getInstance().getItemService() that could be condensed, but it's not a big deal.</span><br />
<span class="irc-date">[15:38]</span> <span class="irc-black">&lt;tdonohue&gt; true...pretty minor though</span><br />
<span class="irc-date">[15:38]</span> <span class="irc-black">&lt;tdonohue&gt; I added my +1 nonetheless. I think this looks good</span><br />
<span class="irc-date">[15:39]</span> <span class="irc-black">&lt;mhwood&gt; I can't object.</span><br />
<span class="irc-date">[15:39]</span> <span class="irc-black">&lt;tdonohue&gt; Shall we merge it then? It's at +2 (one was a non-committer vote, but it was a tester).</span><br />
<span class="irc-date">[15:40]</span> <span class="irc-black">&lt;mhwood&gt; Sure.</span><br />
<span class="irc-date">[15:40]</span> <span class="irc-brick">* pbecker is back</span><br />
<span class="irc-date">[15:40]</span> <span class="irc-black">&lt;pbecker&gt; sorry.</span><br />
<span class="irc-date">[15:41]</span> <span class="irc-black">&lt;tdonohue&gt; merged</span><br />
<span class="irc-date">[15:41]</span> <span class="irc-black">&lt;tdonohue&gt; next up, DS-3209 fixed by DSPR#1399</span><br />
<span class="irc-date">[15:41]</span> <span class="irc-black">&lt;kompewter&gt; [ <a href="https://jira.duraspace.org/browse/DS-3209">https://jira.duraspace.org/browse/DS-3209</a> ] - [DS-3209] Runtime Exception (Can&amp;#39;t Create Identifier) on Items During AIP Restore - Restore Fails - DuraSpace JIRA</span><br />
<span class="irc-date">[15:41]</span> <span class="irc-black">&lt;pbecker&gt; great, that helps moving the preparation of our migration towards dspace 6 forward.</span><br />
<span class="irc-date">[15:41]</span> <span class="irc-black">&lt;kompewter&gt; [ <a href="https://github.com/DSpace/DSpace/pull/1399">https://github.com/DSpace/DSpace/pull/1399</a> ] - DS-3209 AIP Import: Extend accepted handles for supports() by mjmarttila</span><br />
<span class="irc-date">[15:42]</span> <span class="irc-black">&lt;tdonohue&gt; This has had a lot of ongoing discussion. The most recent comments show how to better test/verify it</span><br />
<span class="irc-date">[15:42]</span> <span class="irc-black">&lt;tdonohue&gt; pbecker, it's assigned to you, are you able to test this one (again)?</span><br />
<span class="irc-date">[15:42]</span> <span class="irc-black">&lt;terry-b&gt; I can confirm that the fix works, but I did not +1 since our institution submitted the change</span><br />
<span class="irc-date">[15:42]</span> <span class="irc-black">&lt;pbecker&gt; oh, yes.</span><br />
<span class="irc-date">[15:43]</span> <span class="irc-black">&lt;terry-b&gt; It would be great to get 1399 and 1396 tested.</span><br />
<span class="irc-date">[15:43]</span> <span class="irc-black">&lt;pbecker&gt; I'll test 1399 till next Dev Meeting.</span><br />
<span class="irc-date">[15:43]</span> <span class="irc-black">&lt;terry-b&gt; We will be happy to answer any questions needed for testing.</span><br />
<span class="irc-date">[15:43]</span> <span class="irc-black">&lt;tdonohue&gt; 1399 code changes look reasonable to me, but would be good to get another tester.  So, thanks pbecker for volunteering</span><br />
<span class="irc-date">[15:44]</span> <span class="irc-black">&lt;terry-b&gt; Could you look at 1396 as well since it is also related to AIP import?</span><br />
<span class="irc-date">[15:44]</span> <span class="irc-black">&lt;pbecker&gt; may I merge if test is successful?</span><br />
<span class="irc-date">[15:44]</span> <span class="irc-black">&lt;pbecker&gt; Terry: you gave it a +1, correct?</span><br />
<span class="irc-date">[15:44]</span> <span class="irc-black">&lt;tdonohue&gt; pbecker: yes, please. I'll add a +1 now to 1399 (as I just reviewed the code)</span><br />
<span class="irc-date">[15:44]</span> <span class="irc-black">&lt;terry-b&gt; Since we contributed it, I was not sure if I should +1</span><br />
<span class="irc-date">[15:45]</span> <span class="irc-black">&lt;terry-b&gt; tdonohue, what is your advice on that?</span><br />
<span class="irc-date">[15:45]</span> <span class="irc-black">&lt;hpottinger&gt; you can infer that committer-provided PRs have a +1 from the contributor</span><br />
<span class="irc-date">[15:45]</span> <span class="irc-black">&lt;pbecker&gt; I'm not very common with AIP and METS, but if no one else volunteers, I could add 1396 to my list.</span><br />
<span class="irc-date">[15:45]</span> <span class="irc-black">&lt;tdonohue&gt; terry-b: you can add a +1, but it's good to see if we can get a few external reviewers anyhow</span><br />
<span class="irc-date">[15:45]</span> <span class="irc-black">&lt;hpottinger&gt; which is where we get the "+2, ggood enough, let's merge this" math</span><br />
<span class="irc-date">[15:45]</span> <span class="irc-black">&lt;terry-b&gt; Will do.  Thanks</span><br />
<span class="irc-date">[15:47]</span> <span class="irc-black">&lt;tdonohue&gt; So, if we want to jump down to DSPR#1396 for now we can... it's actually assigned to me to test (and I just haven't gotten to it)</span><br />
<span class="irc-date">[15:47]</span> <span class="irc-black">&lt;kompewter&gt; [ <a href="https://github.com/DSpace/DSpace/pull/1396">https://github.com/DSpace/DSpace/pull/1396</a> ] - DS-3140 METSRightsCrosswalk NPE During AIP Restore - No Anonymous Read by mjmarttila Âˇ Pull Request #1396 Âˇ DSpace/DSpace Âˇ GitHub</span><br />
<span class="irc-date">[15:47]</span> <span class="irc-black">&lt;tdonohue&gt; 1396 is a bug we really need to fix, but the code refactoring is a bit larger here, so it does need verification test(s)</span><br />
<span class="irc-date">[15:48]</span> <span class="irc-black">&lt;tdonohue&gt; I'm willing to keep 1396 assigned to me. I'll try to test it before next meeting.</span><br />
<span class="irc-date">[15:49]</span> <span class="irc-black">&lt;terry-b&gt; Thanks tdonohue and pbecker!</span><br />
<span class="irc-date">[15:49]</span> <span class="irc-black">&lt;tdonohue&gt; moving back to our list..next is DS-3199, fixed by DSPR#1455</span><br />
<span class="irc-date">[15:49]</span> <span class="irc-black">&lt;kompewter&gt; [ <a href="https://jira.duraspace.org/browse/DS-3199">https://jira.duraspace.org/browse/DS-3199</a> ] - [DS-3199] Editing bitstream generates error when saving - DuraSpace JIRA</span><br />
<span class="irc-date">[15:49]</span> <span class="irc-black">&lt;kompewter&gt; [ <a href="https://github.com/DSpace/DSpace/pull/1455">https://github.com/DSpace/DSpace/pull/1455</a> ] - DS-3199 by PhilipVis</span><br />
<span class="irc-date">[15:49]</span> <span class="irc-black">&lt;tdonohue&gt; This one, to me is a very obvious one-liner.  Still would be good to verify it fixes *all* the issues with editing bitstreams though (I suspect it will though)</span><br />
<span class="irc-date">[15:50]</span> <span class="irc-black">&lt;tdonohue&gt; Anyone willing to give this a verification test?</span><br />
<span class="irc-date">[15:50]</span> <span class="irc-black">&lt;tdonohue&gt; To reproduce the issue, simply try to edit a bitstream (metadata or embargo info) from either UI.  currently, it won't work at all</span><br />
<span class="irc-date">[15:51]</span> <span class="irc-black">&lt;hpottinger&gt; I can test 1455</span><br />
<span class="irc-date">[15:51]</span> <span class="irc-black">&lt;tdonohue&gt; Oh wait, I'm sorry, it's XMLUI specific.  My mistake :)</span><br />
<span class="irc-date">[15:51]</span> <span class="irc-black">&lt;tdonohue&gt; hpottinger: thanks!  I'll add a +1 via code review. Once verified, please merge</span><br />
<span class="irc-date">[15:53]</span> <span class="irc-black">&lt;tdonohue&gt; next up, DS-3146 fixed by DSPR#1406</span><br />
<span class="irc-date">[15:53]</span> <span class="irc-black">&lt;kompewter&gt; [ <a href="https://jira.duraspace.org/browse/DS-3146">https://jira.duraspace.org/browse/DS-3146</a> ] - [DS-3146] NPE when starting a new JSPUI submission with BTE metadata import enabled - DuraSpace JIRA</span><br />
<span class="irc-date">[15:53]</span> <span class="irc-black">&lt;kompewter&gt; [ <a href="https://github.com/DSpace/DSpace/pull/1406">https://github.com/DSpace/DSpace/pull/1406</a> ] - DS-3146 NPE when starting a new JSPUI submission with BTE metadata import enabled by PhilipVis</span><br />
<span class="irc-date">[15:54]</span> <span class="irc-black">&lt;tdonohue&gt; This is one I've been testing off and on (and constantly finding other small issues with).  I'll give this another test, as there's a new commit now</span><br />
<span class="irc-date">[15:55]</span> <span class="irc-black">&lt;tdonohue&gt; moving along... DS-3144, fixed by DSPR#1370 and DSPR#1350</span><br />
<span class="irc-date">[15:55]</span> <span class="irc-black">&lt;kompewter&gt; [ <a href="https://jira.duraspace.org/browse/DS-3144">https://jira.duraspace.org/browse/DS-3144</a> ] - [DS-3144] PubMed integration feature is not working in codebase - DuraSpace JIRA</span><br />
<span class="irc-date">[15:55]</span> <span class="irc-black">&lt;kompewter&gt; [ <a href="https://github.com/DSpace/DSpace/pull/1370">https://github.com/DSpace/DSpace/pull/1370</a> ] - DS-3144 Update of publication-lookup config by jonas-atmire</span><br />
<span class="irc-date">[15:55]</span> <span class="irc-black">&lt;kompewter&gt; [ <a href="https://github.com/DSpace/DSpace/pull/1350">https://github.com/DSpace/DSpace/pull/1350</a> ] - DS-2880: additional javadocs docs and renames for clarity by rradillen</span><br />
<span class="irc-date">[15:56]</span> <span class="irc-black">&lt;tdonohue&gt; The first PR is pretty obvious here...it's fixing how the PubMed config is loaded/used.  The second one though is a massive update (adding missing javadocs and cleaning up method names) which fixes additional bugs with the PubMed integration feature</span><br />
<span class="irc-date">[15:56]</span> <span class="irc-black">&lt;tdonohue&gt; So, unfortunately, these probably need testing *together* (as it's noted in the comments that they are tightly related)</span><br />
<span class="irc-date">[15:57]</span> <span class="irc-black">&lt;tdonohue&gt; Considering this feature is new, and currently doesn't work *at all*, these are important fixes to make it work</span><br />
<span class="irc-date">[15:57]</span> <span class="irc-black">&lt;tdonohue&gt; Anyone here willing to help test or review these?</span><br />
<span class="irc-date">[16:00]</span> <span class="irc-black">&lt;tdonohue&gt; Ok, I'll see if I can find time here then</span><br />
<span class="irc-date">[16:00]</span> <span class="irc-black">&lt;terry-b&gt; I will be glad to review, not sure about testing</span><br />
<span class="irc-date">[16:01]</span> <span class="irc-black">&lt;pbecker&gt; sorry, I have to run.</span><br />
<span class="irc-date">[16:01]</span> <span class="irc-black">&lt;tdonohue&gt; Ok, thanks terry-b</span><br />
<span class="irc-date">[16:01]</span> <span class="irc-black">&lt;pbecker&gt; I'll be in #dspace later.</span><br />
<span class="irc-date">[16:01]</span> <span class="irc-black">&lt;terry-b&gt; have a good day!</span><br />
<span class="irc-date">[16:02]</span> <span class="irc-black">&lt;terry-b&gt; tdonohue, I assigned you as well</span><br />
<span class="irc-date">[16:02]</span> <span class="irc-black">&lt;tdonohue&gt; Ok, we're at the end of our hour.  There is however one last ticket in this list which would be good to find a volunteer for... DS-2996 fixed by DSPR#1319</span><br />
<span class="irc-date">[16:02]</span> <span class="irc-black">&lt;kompewter&gt; [ <a href="https://github.com/DSpace/DSpace/pull/1319">https://github.com/DSpace/DSpace/pull/1319</a> ] - [DS-2996] Fix retrieval of hierarchical of communities from a collection by KevinVdV</span><br />
<span class="irc-date">[16:02]</span> <span class="irc-black">&lt;kompewter&gt; [ <a href="https://jira.duraspace.org/browse/DS-2996">https://jira.duraspace.org/browse/DS-2996</a> ] - [DS-2996] Submission collection selection does not show the complete hierarchy - DuraSpace JIRA</span><br />
<span class="irc-date">[16:03]</span> <span class="irc-black">&lt;tdonohue&gt; This has been open for a long time, and the PR really just needs testing/reviewing</span><br />
<span class="irc-date">[16:03]</span> <span class="irc-black">&lt;tdonohue&gt; This also has been noted to be related to DS-2750 (a REST API issue)</span><br />
<span class="irc-date">[16:03]</span> <span class="irc-black">&lt;kompewter&gt; [ <a href="https://jira.duraspace.org/browse/DS-2750">https://jira.duraspace.org/browse/DS-2750</a> ] - [DS-2750] REST API ignores expand=all on communities - DuraSpace JIRA</span><br />
<span class="irc-date">[16:04]</span> <span class="irc-black">&lt;tdonohue&gt; If someone is willing to give 1319 a test, it'd be another useful fix to analyze for 6.0</span><br />
<span class="irc-date">[16:04]</span> <span class="irc-black">&lt;terry-b&gt; And possibly <a href="https://github.com/DSpace/DSpace/pull/1414">https://github.com/DSpace/DSpace/pull/1414</a></span><br />
<span class="irc-date">[16:04]</span> <span class="irc-black">&lt;kompewter&gt; [ DS-2766 /rest/collections/xxx?expand=parentCommunityList only returns 1 parent community by terrywbrady · Pull Request #1414 · DSpace/DSpace · GitHub ] - <a href="https://github.com/DSpace/DSpace/pull/1414">https://github.com/DSpace/DSpace/pull/1414</a></span><br />
<span class="irc-date">[16:04]</span> <span class="irc-black">&lt;terry-b&gt; I will take it</span><br />
<span class="irc-date">[16:04]</span> <span class="irc-black">&lt;tdonohue&gt; thanks terry-b!</span><br />
<span class="irc-date">[16:04]</span> <span class="irc-black">&lt;mhwood&gt; Should those be linked, then?</span><br />
<span class="irc-date">[16:05]</span> <span class="irc-black">&lt;tdonohue&gt; yes, they should be linked up</span><br />
<span class="irc-date">[16:05]</span> <span class="irc-black">&lt;terry-b&gt; I will link them</span><br />
<span class="irc-date">[16:05]</span> <span class="irc-black">&lt;tdonohue&gt; thanks again terry-b</span><br />
<span class="irc-date">[16:07]</span> <span class="irc-black">&lt;tdonohue&gt; So, the few other tickets on our list look to be ones that are tightly related to others we talked about.. DS-2880 is only still open cause PubMed feature is broken</span><br />
<span class="irc-date">[16:07]</span> <span class="irc-black">&lt;kompewter&gt; [ <a href="https://jira.duraspace.org/browse/DS-2880">https://jira.duraspace.org/browse/DS-2880</a> ] - [DS-2880] Pubmed integration into XMLUI submission - DuraSpace JIRA</span><br />
<span class="irc-date">[16:07]</span> <span class="irc-black">&lt;tdonohue&gt; and DS-2701 has a few sub-tickets still open it seems (which maybe we could review during JIRA backlog review, if folks will be around for that)</span><br />
<span class="irc-date">[16:07]</span> <span class="irc-black">&lt;kompewter&gt; [ <a href="https://jira.duraspace.org/browse/DS-2701">https://jira.duraspace.org/browse/DS-2701</a> ] - [DS-2701] Adopt Service-based API refactor of existing Java API - DuraSpace JIRA</span><br />
<span class="irc-date">[16:08]</span> <span class="irc-black">&lt;tdonohue&gt; Are folks available for a JIRA backlog hour nowish? Or does everyone need to run off to other tasks?</span><br />
<span class="irc-date">[16:08]</span> <span class="irc-black">&lt;mhwood&gt; I can stay.</span><br />
<span class="irc-date">[16:08]</span> <span class="irc-black">&lt;hpottinger&gt; I can stay</span><br />
<span class="irc-date">[16:09]</span> <span class="irc-black">&lt;terry-b&gt; I can stay</span><br />
<span class="irc-date">[16:09]</span> <span class="irc-black">&lt;tdonohue&gt; Ok, thanks! We can just stay here for the review.  I'd like to start with sub-tickets of DS-2701.  We need to close those out in order to close 2701.</span><br />
<span class="irc-date">[16:09]</span> <span class="irc-black">&lt;kompewter&gt; [ <a href="https://jira.duraspace.org/browse/DS-2701">https://jira.duraspace.org/browse/DS-2701</a> ] - [DS-2701] Adopt Service-based API refactor of existing Java API - DuraSpace JIRA</span><br />
<span class="irc-date">[16:10]</span> <span class="irc-black">&lt;tdonohue&gt; specifically, DS-2730 is the first still open</span><br />
<span class="irc-date">[16:10]</span> <span class="irc-black">&lt;kompewter&gt; [ <a href="https://jira.duraspace.org/browse/DS-2730">https://jira.duraspace.org/browse/DS-2730</a> ] - [DS-2730] Remove redundant getName methods - DuraSpace JIRA</span><br />
<span class="irc-date">[16:10]</span> <span class="irc-black">&lt;tdonohue&gt; Has a PR which was closed.   As noted in the comment of this ticket, this seems like a larger refactor, which we might want to wait on</span><br />
<span class="irc-date">[16:11]</span> <span class="irc-black">&lt;tdonohue&gt; Actually, looking at KevinVdV's comment, he's actually recommending *against* this change. Maybe this should be closed as "won't fix" (at least for now, until we find a better reason to do this)</span><br />
<span class="irc-date">[16:11]</span> <span class="irc-black">&lt;tdonohue&gt; thoughts?</span><br />
<span class="irc-date">[16:11]</span> <span class="irc-black">&lt;mhwood&gt; Noting is actually broken now, right?</span><br />
<span class="irc-date">[16:12]</span> <span class="irc-black">&lt;tdonohue&gt; correct. nothing is broken. this is discussion of a code refactor</span><br />
<span class="irc-date">[16:12]</span> <span class="irc-black">&lt;tdonohue&gt; and KevinVdV noted in his comment on the ticket that he doesn't think this change is even necessary</span><br />
<span class="irc-date">[16:12]</span> <span class="irc-black">&lt;mhwood&gt; So it would be good to do something about it, but we can separate it from 2701.</span><br />
<span class="irc-date">[16:13]</span> <span class="irc-black">&lt;tdonohue&gt; actually not sure it's even "good" .. see this comment: <a href="https://jira.duraspace.org/browse/DS-2730?focusedCommentId=44439&amp;page=com.atlassian.jira.plugin.system.issuetabpanels:comment-tabpanel#comment-44439">https://jira.duraspace.org/browse/DS-2730?focusedCommentId=44439&amp;page=com.atlassian.jira.plugin.system.issuetabpanels:comment-tabpanel#comment-44439</a></span><br />
<span class="irc-date">[16:13]</span> <span class="irc-black">&lt;kompewter&gt; [ <a href="https://jira.duraspace.org/browse/DS-2730">https://jira.duraspace.org/browse/DS-2730</a> ] - [DS-2730] Remove redundant getName methods - DuraSpace JIRA</span><br />
<span class="irc-date">[16:13]</span> <span class="irc-black">&lt;kompewter&gt; [ [DS-2730] Remove redundant getName methods - DuraSpace JIRA ] - <a href="https://jira.duraspace.org/browse/DS-2730?focusedCommentId=44439&amp;page=com.atlassian.jira.plugin.system.issuetabpanels:comment-tabpanel#comment-44439">https://jira.duraspace.org/browse/DS-2730?focusedCommentId=44439&amp;page=com.atlassian.jira.plugin.system.issuetabpanels:comment-tabpanel#comment-44439</a></span><br />
<span class="irc-date">[16:13]</span> <span class="irc-black">&lt;tdonohue&gt; I'm leaning towards closing this as "won't fix". If we find a good reason for this, we should create a new (separate) ticket and describe the reasons better</span><br />
<span class="irc-date">[16:13]</span> <span class="irc-black">&lt;mhwood&gt; I thought that the PR took that into account.</span><br />
<span class="irc-date">[16:14]</span> <span class="irc-black">&lt;tdonohue&gt; mhwood: that comment from KevinVdV is noting that the change suggested in this ticket is not necessary *because* KevinVdV already "linked" things up in the referenced PR</span><br />
<span class="irc-date">[16:15]</span> <span class="irc-black">&lt;tdonohue&gt; (PR #1037 that is)</span><br />
<span class="irc-date">[16:15]</span> <span class="irc-black">&lt;tdonohue&gt; I'm going to close this. If someone ends up disagreeing, reopen it and tell us why please ;)</span><br />
<span class="irc-date">[16:15]</span> <span class="irc-black">&lt;mhwood&gt; He says we shouldn't remove the method from DSpaceObject, but not about the subclasses, which is what the PR is about.</span><br />
<span class="irc-date">[16:17]</span> <span class="irc-black">&lt;mhwood&gt; Still, no reason why 2701 must wait on this.</span><br />
<span class="irc-date">[16:18]</span> <span class="irc-black">&lt;tdonohue&gt; I think that's a typo... If you read that comment, he says he doesn't think we should replace the 300 usages of getName().  So, I think he meant to say: "I'm not sure we should remove getName() form the DspaceObject *classes*" (plural)</span><br />
<span class="irc-date">[16:19]</span> <span class="irc-black">&lt;tdonohue&gt; Either way, as a subticket, I cannot pull this out into a separate ticket (limitation of JIRA it seems, just tried it). So, I have to either leave it open or close it. I'm opting for the latter.  If a new ticket needs to be created, I'll ask someone else to create it and describe this change more fully</span><br />
<span class="irc-date">[16:19]</span> <span class="irc-black">&lt;mhwood&gt; If you edit, you can follow the "moving" link.</span><br />
<span class="irc-date">[16:20]</span> <span class="irc-black">&lt;mhwood&gt; Ugh, but for some reason it won't let you change the type, right.</span><br />
<span class="irc-date">[16:21]</span> <span class="irc-black">&lt;mhwood&gt; Jira is not cooperating, so close it.</span><br />
<span class="irc-date">[16:21]</span> <span class="irc-black">&lt;tdonohue&gt; closed for now. Added a comment</span><br />
<span class="irc-date">[16:21]</span> <span class="irc-black">&lt;tdonohue&gt; next open subticket: DS-2775</span><br />
<span class="irc-date">[16:21]</span> <span class="irc-black">&lt;kompewter&gt; [ <a href="https://jira.duraspace.org/browse/DS-2775">https://jira.duraspace.org/browse/DS-2775</a> ] - [DS-2775] Correct &amp;quot;update-sequences&amp;quot; documentation / notes - DuraSpace JIRA</span><br />
<span class="irc-date">[16:23]</span> <span class="irc-black">&lt;tdonohue&gt; This still needs fixing.  The update-sequences.sql script (and docs around it) are a bit inaccurate now.</span><br />
<span class="irc-date">[16:23]</span> <span class="irc-black">&lt;mhwood&gt; I'll take this one if nobody else want it.</span><br />
<span class="irc-date">[16:23]</span> <span class="irc-black">&lt;tdonohue&gt; mhwood: please, feel free.  I'm actually trying to figure out if we should fix the update-sequences.sql script as well (to remove all unused sequences in there), or leave it as-is</span><br />
<span class="irc-date">[16:24]</span> <span class="irc-black">&lt;mhwood&gt; Got it.</span><br />
<span class="irc-date">[16:24]</span> <span class="irc-black">&lt;tdonohue&gt; i.e. not sure if update-sequences.sql will even *work* for 6.0.  I think it's still needed for *handles* only. But, everything else might need to be deleted from that scrip</span><br />
<span class="irc-date">[16:25]</span> <span class="irc-black">&lt;tdonohue&gt; scipt</span><br />
<span class="irc-date">[16:25]</span> <span class="irc-black">&lt;tdonohue&gt; script (can I type?) ;)</span><br />
<span class="irc-date">[16:25]</span> <span class="irc-black">&lt;mhwood&gt; scrip U scipt = script?</span><br />
<span class="irc-date">[16:25]</span> <span class="irc-black">&lt;tdonohue&gt; mhwood: if you are willing, could you test update-sequences.sql as well?  My gut is telling me we should remove everything from this script *except* the Handle_seq</span><br />
<span class="irc-date">[16:26]</span> <span class="irc-black">&lt;mhwood&gt; I will look into it.</span><br />
<span class="irc-date">[16:26]</span> <span class="irc-black">&lt;tdonohue&gt; And then we'd need to update the documentation to make it clear that it's only needed to update handle_seq</span><br />
<span class="irc-date">[16:26]</span> <span class="irc-black">&lt;tdonohue&gt; Thanks!</span><br />
<span class="irc-date">[16:26]</span> <span class="irc-black">&lt;hpottinger&gt; DSPR#1459 is now at +2 and tested, mind if I merge it?</span><br />
<span class="irc-date">[16:26]</span> <span class="irc-black">&lt;kompewter&gt; [ <a href="https://github.com/DSpace/DSpace/pull/1459">https://github.com/DSpace/DSpace/pull/1459</a> ] - Fixes for DS-3262 and DS-3263 (deleting or renaming/missing metadata fields) by tdonohue</span><br />
<span class="irc-date">[16:27]</span> <span class="irc-black">&lt;tdonohue&gt; I have no objections :) But, I wrote &amp; tested it.  mhwood any thoughts on 1459 from you at all?</span><br />
<span class="irc-date">[16:27]</span> <span class="irc-black">&lt;mhwood&gt; Looking again.</span><br />
<span class="irc-date">[16:28]</span> <span class="irc-black">&lt;hpottinger&gt; tdonohue: your +1 is inferred, there are two more +1s, it has met the threshold</span><br />
<span class="irc-date">[16:28]</span> <span class="irc-black">&lt;terry-b&gt; I haven't had a chance to test, but the code looked good to me</span><br />
<span class="irc-date">[16:29]</span> <span class="irc-black">&lt;tdonohue&gt; hpottinger: right, I understand.  terry-b's +1 was added prior to the last two commits (fixing Unit tests and another bug) though</span><br />
<span class="irc-date">[16:29]</span> <span class="irc-black">&lt;mhwood&gt; It looks sensible.  Definitely better error reporting.</span><br />
<span class="irc-date">[16:29]</span> <span class="irc-black">&lt;tdonohue&gt; So, I was just wanting to double check this looks right to all. :)</span><br />
<span class="irc-date">[16:29]</span> <span class="irc-black">&lt;hpottinger&gt; it's actually pretty nice to have the system made a bit more resilient, I like the new error message if you rename an important field</span><br />
<span class="irc-date">[16:31]</span> <span class="irc-black">&lt;tdonohue&gt; ok, sounds like it's good to go then. merge it &amp; close the tickets (or I will in a bit)</span><br />
<span class="irc-date">[16:31]</span> <span class="irc-brick">* mhwood dislikes having the "important field" knowledge scattered, but this is significant improvement and I dunno how to gather that knowledge together.</span><br />
<span class="irc-date">[16:31]</span> <span class="irc-black">&lt;tdonohue&gt; mhwood: i agree, but there was no other way I could find to centralize that easily, until we make the "Title" a configurable field somehow (so it's not hardcoded all over as dc.title)</span><br />
<span class="irc-date">[16:32]</span> <span class="irc-black">&lt;hpottinger&gt; merged</span><br />
<span class="irc-date">[16:32]</span> <span class="irc-black">&lt;terry-b&gt; mhwood, I will put in a new ticket for the "important field" issue.  I assume this will get tackled in the future.</span><br />
<span class="irc-date">[16:33]</span> <span class="irc-black">&lt;mhwood&gt; There is the issue of whether one should be allowed to edit DC at all.</span><br />
<span class="irc-date">[16:33]</span> <span class="irc-black">&lt;tdonohue&gt; back to our subtickets for 2701...there's one more (unresolved): DS-3013</span><br />
<span class="irc-date">[16:33]</span> <span class="irc-black">&lt;kompewter&gt; [ <a href="https://jira.duraspace.org/browse/DS-3013">https://jira.duraspace.org/browse/DS-3013</a> ] - [DS-3013] OAI import slow after migration to Hibernate - DuraSpace JIRA</span><br />
<span class="irc-date">[16:33]</span> <span class="irc-black">&lt;tdonohue&gt; mhwood: right, that too</span><br />
<span class="irc-date">[16:33]</span> <span class="irc-black">&lt;hpottinger&gt; I also closed DS-3263 and DS-3262</span><br />
<span class="irc-date">[16:33]</span> <span class="irc-black">&lt;kompewter&gt; [ <a href="https://jira.duraspace.org/browse/DS-3263">https://jira.duraspace.org/browse/DS-3263</a> ] - [DS-3263] Renaming key metadata fields (e.g. dc.title) can result in NullPointerExceptions - DuraSpace JIRA</span><br />
<span class="irc-date">[16:33]</span> <span class="irc-black">&lt;kompewter&gt; [ <a href="https://jira.duraspace.org/browse/DS-3262">https://jira.duraspace.org/browse/DS-3262</a> ] - [DS-3262] In use metadata fields can be deleted from the metadata registry, resulting in data loss - DuraSpace JIRA</span><br />
<span class="irc-date">[16:34]</span> <span class="irc-black">&lt;tdonohue&gt; 3013: Oh, I see KevinVdV is now noting this is the same issue as described in <a href="https://jira.duraspace.org/browse/DS-3086?focusedCommentId=49448&amp;page=com.atlassian.jira.plugin.system.issuetabpanels:comment-tabpanel#comment-49448">https://jira.duraspace.org/browse/DS-3086?focusedCommentId=49448&amp;page=com.atlassian.jira.plugin.system.issuetabpanels:comment-tabpanel#comment-49448</a></span><br />
<span class="irc-date">[16:34]</span> <span class="irc-black">&lt;kompewter&gt; [ [DS-3086] OAI Harvester is broken (NPEs around several classes) - DuraSpace JIRA ] - <a href="https://jira.duraspace.org/browse/DS-3086?focusedCommentId=49448&amp;page=com.atlassian.jira.plugin.system.issuetabpanels:comment-tabpanel#comment-49448">https://jira.duraspace.org/browse/DS-3086?focusedCommentId=49448&amp;page=com.atlassian.jira.plugin.system.issuetabpanels:comment-tabpanel#comment-49448</a></span><br />
<span class="irc-date">[16:34]</span> <span class="irc-black">&lt;mhwood&gt; Looks like 3013 just needs retesting?</span><br />
<span class="irc-date">[16:34]</span> <span class="irc-black">&lt;kompewter&gt; [ <a href="https://jira.duraspace.org/browse/DS-3086">https://jira.duraspace.org/browse/DS-3086</a> ] - [DS-3086] OAI Harvester is broken (NPEs around several classes) - DuraSpace JIRA</span><br />
<span class="irc-date">[16:34]</span> <span class="irc-black">&lt;mhwood&gt; I wondered if it has already been fixed.</span><br />
<span class="irc-date">[16:35]</span> <span class="irc-black">&lt;tdonohue&gt; I suspect this should be closed.  3086 did major performance improvements to OAI import, and 3013 was created before those changes were made</span><br />
<span class="irc-date">[16:36]</span> <span class="irc-black">&lt;terry-b&gt; Created <a href="https://jira.duraspace.org/browse/DS-3265">https://jira.duraspace.org/browse/DS-3265</a> as a follow up to our earlier discussion</span><br />
<span class="irc-date">[16:36]</span> <span class="irc-black">&lt;kompewter&gt; [ <a href="https://jira.duraspace.org/browse/DS-3265">https://jira.duraspace.org/browse/DS-3265</a> ] - [DS-3265] Consolidate logic that defines or restricts changes to  &amp;quot;important&amp;quot; metadata fields - DuraSpace JIRA</span><br />
<span class="irc-date">[16:36]</span> <span class="irc-black">&lt;kompewter&gt; [ [DS-3265] Consolidate logic that defines or restricts changes to "important" metadata fields - DuraSpace JIRA ] - <a href="https://jira.duraspace.org/browse/DS-3265">https://jira.duraspace.org/browse/DS-3265</a></span><br />
<span class="irc-date">[16:37]</span> <span class="irc-black">&lt;tdonohue&gt; 3013: I think I'm going to just close this, unless someone wants to give this another test. It was tested over in the solution for 3086 though as well.</span><br />
<span class="irc-date">[16:37]</span> <span class="irc-black">&lt;mhwood&gt; If it's already re-tested then close it.</span><br />
<span class="irc-date">[16:38]</span> <span class="irc-black">&lt;tdonohue&gt; closed &amp; linked up to 3086</span><br />
<span class="irc-date">[16:39]</span> <span class="irc-black">&lt;tdonohue&gt; So, that's it for sub-tickets of 2701.  We have one left open (the update-sequences one). Once that is closed, then 2701 is also ready to finally close</span><br />
<span class="irc-date">[16:40]</span> <span class="irc-black">&lt;tdonohue&gt; Are there other tickets/PRs that folks would like attention on (for 6.0)?</span><br />
<span class="irc-date">[16:40]</span> <span class="irc-black">&lt;mhwood&gt; I made a note to close 2701 when closing 2775.</span><br />
<span class="irc-date">[16:40]</span> <span class="irc-black">&lt;tdonohue&gt; thanks mhwood</span><br />
<span class="irc-date">[16:41]</span> <span class="irc-black">&lt;tdonohue&gt; One that needs verification that it "exists" seems to be DS-3255  (found by mhwood, but unverifiable by KevinVdV)</span><br />
<span class="irc-date">[16:41]</span> <span class="irc-black">&lt;kompewter&gt; [ <a href="https://jira.duraspace.org/browse/DS-3255">https://jira.duraspace.org/browse/DS-3255</a> ] - [DS-3255] &amp;#39;dspace structure-builder&amp;#39; silently fails, logging Hibernate errors - DuraSpace JIRA</span><br />
<span class="irc-date">[16:41]</span> <span class="irc-black">&lt;terry-b&gt; <a href="https://github.com/DSpace/DSpace/pull/1414">https://github.com/DSpace/DSpace/pull/1414</a> should be simple to close out</span><br />
<span class="irc-date">[16:41]</span> <span class="irc-black">&lt;kompewter&gt; [ DS-2766 /rest/collections/xxx?expand=parentCommunityList only returns 1 parent community by terrywbrady · Pull Request #1414 · DSpace/DSpace · GitHub ] - <a href="https://github.com/DSpace/DSpace/pull/1414">https://github.com/DSpace/DSpace/pull/1414</a></span><br />
<span class="irc-date">[16:42]</span> <span class="irc-black">&lt;tdonohue&gt; mhwood: any chance you know the exact steps you used to find 3255 (as it sounds like KevinVdV cannot reproduce it yet)</span><br />
<span class="irc-date">[16:42]</span> <span class="irc-black">&lt;mhwood&gt; Not anymore.  I'd have to test it as if I'd only just learned of it.  Which perhaps I should do, to verify that I still get it.</span><br />
<span class="irc-date">[16:43]</span> <span class="irc-black">&lt;mhwood&gt; It's on my list.</span><br />
<span class="irc-date">[16:43]</span> <span class="irc-black">&lt;tdonohue&gt; mhwood : yes, it would be good to try and "re-learn" it. If it's gone now, maybe it isn't something that is truly reproduceable.  Thanks :)</span><br />
<span class="irc-date">[16:44]</span> <span class="irc-black">&lt;tdonohue&gt; terry-b: didn't you note that 1414 is related to another ticket earlier...about returning hierarchical collections at the API level.  Is 1414's solution affected by that other ticket at all?</span><br />
<span class="irc-date">[16:44]</span> <span class="irc-black">&lt;tdonohue&gt; terry-b: I'm talking about DSPR#1319</span><br />
<span class="irc-date">[16:44]</span> <span class="irc-black">&lt;kompewter&gt; [ <a href="https://github.com/DSpace/DSpace/pull/1319">https://github.com/DSpace/DSpace/pull/1319</a> ] - [DS-2996] Fix retrieval of hierarchical of communities from a collection by KevinVdV</span><br />
<span class="irc-date">[16:45]</span> <span class="irc-black">&lt;terry-b&gt; You are right, it could change the approach.</span><br />
<span class="irc-date">[16:45]</span> <span class="irc-black">&lt;tdonohue&gt; I guess 1414 looks small, but I wasn't sure if it's being caused by / affected by 1319 :)</span><br />
<span class="irc-date">[16:45]</span> <span class="irc-black">&lt;tdonohue&gt; ok, so we probably should wait on 1414 then...and link it up with 1319</span><br />
<span class="irc-date">[16:45]</span> <span class="irc-brick">* mhwood wonders if applying 1319 and testing for 1414 (without applying it) would show the problem vanished.</span><br />
<span class="irc-date">[16:46]</span> <span class="irc-black">&lt;tdonohue&gt; that'd be worth testing for as well</span><br />
<span class="irc-date">[16:46]</span> <span class="irc-black">&lt;terry-b&gt; I can provide an update after I have a chance to test</span><br />
<span class="irc-date">[16:46]</span> <span class="irc-black">&lt;tdonohue&gt; thanks, terry-b!  I think we definitely want to fix both...but 1319 seems to be the first priority, then seeing if 1414 is even necessary (or if it needs minor updates)</span><br />
<span class="irc-date">[16:47]</span> <span class="irc-black">&lt;terry-b&gt; sounds good</span><br />
<span class="irc-date">[16:48]</span> <span class="irc-black">&lt;mhwood&gt; In fact, if 1319 affects Ds-2996 then it might break 1414.</span><br />
<span class="irc-date">[16:49]</span> <span class="irc-black">&lt;tdonohue&gt; As we have only about 10 mins left here, are there other tickets we want to jump to (that need eyes, volunteers, help, etc)</span><br />
<span class="irc-date">[16:50]</span> <span class="irc-black">&lt;tdonohue&gt; One more I found to mention... DS-3154.  This won't get fully "fixed" in 6.0 (too many bad javadocs in our code).  But, to allow us to use Java 8 fully, I'm going to recommend we temporarily *disable* doclint (not ideal, but necessary) to avoid Javadocs errors for 6.0 releases</span><br />
<span class="irc-date">[16:50]</span> <span class="irc-black">&lt;kompewter&gt; [ <a href="https://jira.duraspace.org/browse/DS-3154">https://jira.duraspace.org/browse/DS-3154</a> ] - [DS-3154] Maven release process fails when using Java 8 because of Javadocs errors - DuraSpace JIRA</span><br />
<span class="irc-date">[16:51]</span> <span class="irc-black">&lt;tdonohue&gt; Otherwise, anyone with Java 8 installed won't be able to successfully release DSpace at all.  You'd *have* to have Java 7.</span><br />
<span class="irc-date">[16:52]</span> <span class="irc-black">&lt;tdonohue&gt; Just noting that, so anyone can add your complaints to the ticket if needed :)</span><br />
<span class="irc-date">[16:52]</span> <span class="irc-black">&lt;terry-b&gt; tdonohue, your plan makes sense to me</span><br />
<span class="irc-date">[16:54]</span> <span class="irc-black">&lt;mhwood&gt; I've put 3154 back on my list as low priority.</span><br />
<span class="irc-date">[16:55]</span> <span class="irc-black">&lt;tdonohue&gt; Ok, I think we'll stop there for today. I would encourage folks to find time to look at the "needs volunteer" tickets still open. Many of these just need *re-testing* (as they might be solved)</span><br />
<span class="irc-date">[16:55]</span> <span class="irc-black">&lt;mhwood&gt; IIRC XMLUI is done and API is close.  The rest are much smaller.</span><br />
<span class="irc-date">[16:55]</span> <span class="irc-black">&lt;tdonohue&gt; here's that list of "needs volunteer": <a href="https://jira.duraspace.org/issues/?jql=project%20%3D%20DS%20AND%20status%20%3D%20%22Volunteer%20Needed%22%20AND%20priority%20in%20(Blocker%2C%20Critical%2C%20Major)%20AND%20resolution%20%3D%20Unresolved%20AND%20fixVersion%20%3D%206.0">https://jira.duraspace.org/issues/?jql=project%20%3D%20DS%20AND%20status%20%3D%20%22Volunteer%20Needed%22%20AND%20priority%20in%20(Blocker%2C%20Critical%2C%20Major)%20AND%20resolution%20%3D%20Unresolved%20AND%20fixVersion%20%3D%206.0</a></span><br />
<span class="irc-date">[16:55]</span> <span class="irc-black">&lt;kompewter&gt; [ Issue Navigator - DuraSpace JIRA ] - <a href="https://jira.duraspace.org/issues/?jql=project%20%3D%20DS%20AND%20status%20%3D%20%22Volunteer%20Needed%22%20AND%20priority%20in%20(Blocker%2C%20Critical%2C%20Major)%20AND%20resolution%20%3D%20Unresolved%20AND%20fixVersion%20%3D%206.0">https://jira.duraspace.org/issues/?jql=project%20%3D%20DS%20AND%20status%20%3D%20%22Volunteer%20Needed%22%20AND%20priority%20in%20(Blocker%2C%20Critical%2C%20Major)%20AND%20resolution%20%3D%20Unresolved%20AND%20fixVersion%20%3D%206.0</a></span><br />
<span class="irc-date">[16:56]</span> <span class="irc-black">&lt;tdonohue&gt; mhwood: API javadocs are actuallly not that close..it is the biggest in terms of problems.  XMLUI &amp; Services were fixed.  API had so many issues that I never found the "endpoint" (only the first 100 get reported IIRC).</span><br />
<span class="irc-date">[16:56]</span> <span class="irc-black">&lt;tdonohue&gt; So, while we made a big "dent" in fixing Javadocs, I don't have a good sense of how many more are broken.</span><br />
<span class="irc-date">[16:57]</span> <span class="irc-black">&lt;tdonohue&gt; And 'dspace-api' is definitely the one that has had the most issues (as one might expect anyhow)</span><br />
<span class="irc-date">[16:57]</span> <span class="irc-black">&lt;terry-b&gt; I looked at <a href="https://jira.duraspace.org/browse/DS-2964">https://jira.duraspace.org/browse/DS-2964</a> and I did not add enough detail into the initial ticket to verify this issue.</span><br />
<span class="irc-date">[16:57]</span> <span class="irc-black">&lt;kompewter&gt; [ <a href="https://jira.duraspace.org/browse/DS-2964">https://jira.duraspace.org/browse/DS-2964</a> ] - [DS-2964] Null pointer exception in Shibb Authentication - DuraSpace JIRA</span><br />
<span class="irc-date">[16:57]</span> <span class="irc-black">&lt;kompewter&gt; [ [DS-2964] Null pointer exception in Shibb Authentication - DuraSpace JIRA ] - <a href="https://jira.duraspace.org/browse/DS-2964">https://jira.duraspace.org/browse/DS-2964</a></span><br />
<span class="irc-date">[16:58]</span> <span class="irc-black">&lt;terry-b&gt; Perhaps this one can be closed.  I was confused by the comment added/removed by Andrea.</span><br />
<span class="irc-date">[16:58]</span> <span class="irc-black">&lt;tdonohue&gt; In any case, please keep at it with 6.0 tickets/PRs!  We are nearing the endpoint, and I think many of our still open tickets just need someone to sit down with them for 30 mins or an hour to retest or solve or whatever. None seem major</span><br />
<span class="irc-date">[16:58]</span> <span class="irc-black">&lt;mhwood&gt; BTW hpottinger has been doing interesting things with a FIndBugs plugin for sniffing out security concerns.</span><br />
<span class="irc-date">[16:58]</span> <span class="irc-black">&lt;hpottinger&gt; heh, thanks for the plug, mhwood :-)</span><br />
<span class="irc-date">[16:59]</span> <span class="irc-black">&lt;hpottinger&gt; <a href="https://github.com/hardyoyo/DSpace/tree/try-findsecbugs-plugin">https://github.com/hardyoyo/DSpace/tree/try-findsecbugs-plugin</a></span><br />
<span class="irc-date">[16:59]</span> <span class="irc-black">&lt;kompewter&gt; [ GitHub - hardyoyo/DSpace at try-findsecbugs-plugin ] - <a href="https://github.com/hardyoyo/DSpace/tree/try-findsecbugs-plugin">https://github.com/hardyoyo/DSpace/tree/try-findsecbugs-plugin</a></span><br />
<span class="irc-date">[16:59]</span> <span class="irc-black">&lt;mhwood&gt; Well, we were talking about gadgets that complain about our code.</span><br />
<span class="irc-date">[16:59]</span> <span class="irc-black">&lt;tdonohue&gt; If there are changes worth bringing back into Travis CI or similar, that'd be wonderful</span><br />
<span class="irc-date">[16:59]</span> <span class="irc-green">* Dylan (~Dylan@85.234.195.109.static.edpnet.net) has joined #duraspace</span><br />
<span class="irc-date">[16:59]</span> <span class="irc-black">&lt;tdonohue&gt; Please make sure to create a ticket and/or PR if you feel it's getting close (or just needing more help/eyes)</span><br />
<span class="irc-date">[17:00]</span> <span class="irc-black">&lt;hpottinger&gt; tdonohue: unfortunately, the findsecbugs plugin is a bit of a hog, so it's not something we can run in Travis</span><br />
<span class="irc-date">[17:00]</span> <span class="irc-black">&lt;tdonohue&gt; well, even if it's something we can add to the Release Procedure to run, that's fine too</span><br />
<span class="irc-date">[17:00]</span> <span class="irc-black">&lt;hpottinger&gt; it's a plugin for findbugs, which we also don't run in Travis</span><br />
<span class="irc-date">[17:01]</span> <span class="irc-black">&lt;mhwood&gt; We probably don't want Travis broadcasting security holes anyway.</span><br />
<span class="irc-date">[17:01]</span> <span class="irc-black">&lt;tdonohue&gt; Either way, report it back as you look into it, create a PR or whatever</span><br />
<span class="irc-date">[17:01]</span> <span class="irc-black">&lt;hpottinger&gt; mhwood++</span><br />
<span class="irc-date">[17:01]</span> <span class="irc-black">&lt;hpottinger&gt; FWIW, on a quick skim I didn't find anything particularly interesting</span><br />
<span class="irc-date">[17:01]</span> <span class="irc-black">&lt;tdonohue&gt; mhwood: assuming you fix them all first... it'd be good to have Travis report security holes in specific PRs! ;)</span><br />
<span class="irc-date">[17:02]</span> <span class="irc-black">&lt;tdonohue&gt; mhwood: by which I mean..once you have general security holes fixed...having them found in specific PRs would be a nice thing</span><br />
<span class="irc-date">[17:02]</span> <span class="irc-black">&lt;tdonohue&gt; but, if it's a hog, then it'd not be possible anyways. So, no worries</span><br />
<span class="irc-date">[17:03]</span> <span class="irc-black">&lt;hpottinger&gt; yeah, it was a struggle getting it to run at all</span><br />
<span class="irc-date">[17:03]</span> <span class="irc-black">&lt;tdonohue&gt; I have to step away shortly, so keep us in the loop on the work, etc.</span><br />
<span class="irc-date">[17:03]</span> <span class="irc-black">&lt;terry-b&gt; Have a good day!</span><br />
<span class="irc-date">[17:04]</span> <span class="irc-navy">* Dylan (~Dylan@85.234.195.109.static.edpnet.net) Quit (Ping timeout: 264 seconds)</span><br />
<span class="irc-date">[17:04]</span> <span class="irc-black">&lt;hpottinger&gt; will do... I would like to at least get my branch in shape enough to get it to the level of how we are currently implementing findbugs, with a Maven profile, though mhwood was talking about a way to call a plugin for findbugs from the command line... which sounded intriguing... perhaps we could just document a process?</span><br />
<span class="irc-date">[17:54]</span> <span class="irc-navy">* hpottinger (~hpottinge@mu-161168.dhcp.missouri.edu) Quit (Quit: Leaving, later taterz!)</span><br />
<span class="irc-date">[18:12]</span> <span class="irc-green">* dyelar (~dyelar@31.158.45.66.cm.sunflower.com) has joined #duraspace</span><br />
<span class="irc-date">[19:52]</span> <span class="irc-navy">* pbecker (~pbecker@ubwstmapc098.ub.tu-berlin.de) Quit (Quit: Leaving)</span><br />
<span class="irc-date">[20:07]</span> <span class="irc-green">* luizsan (~luizsan@2601:148:c100:2d0f:5823:fc19:b7a5:dd0e) has joined #duraspace</span><br />
<span class="irc-date">[20:08]</span> <span class="irc-green">* luizsan (~luizsan@2601:148:c100:2d0f:5823:fc19:b7a5:dd0e) has left #duraspace</span><br />
<span class="irc-date">[20:08]</span> <span class="irc-green">* luizsan (~luizsan@c-24-126-30-91.hsd1.md.comcast.net) has joined #duraspace</span><br />
<span class="irc-date">[20:55]</span> <span class="irc-navy">* luizsan (~luizsan@c-24-126-30-91.hsd1.md.comcast.net) Quit (Quit: Leaving...)</span><br />
<span class="irc-date">[21:01]</span> <span class="irc-green">* Dylan (~Dylan@85.234.195.109.static.edpnet.net) has joined #duraspace</span><br />
<span class="irc-date">[21:01]</span> <span class="irc-navy">* mhwood (mwood@mhw.ulib.iupui.edu) Quit (Remote host closed the connection)</span><br />
<span class="irc-date">[21:05]</span> <span class="irc-navy">* Dylan (~Dylan@85.234.195.109.static.edpnet.net) Quit (Ping timeout: 246 seconds)</span><br />
<span class="irc-date">[21:08]</span> <span class="irc-navy">* helix84 (~ctenar@unaffiliated/helix84) Quit (Ping timeout: 260 seconds)</span><br />
<span class="irc-date">[21:09]</span> <span class="irc-green">* helix84 (~ctenar@unaffiliated/helix84) has joined #duraspace</span><br />
<span class="irc-date">[21:53]</span> <span class="irc-green">* tdonohue (~tdonohue@c-98-220-55-31.hsd1.il.comcast.net) has left #duraspace</span><br />
<span class="irc-date">[23:02]</span> <span class="irc-green">* Dylan (~Dylan@85.234.195.109.static.edpnet.net) has joined #duraspace</span><br />
<span class="irc-date">[23:07]</span> <span class="irc-navy">* Dylan (~Dylan@85.234.195.109.static.edpnet.net) Quit (Ping timeout: 260 seconds)</span><br />
<span class="irc-date">[23:59]</span> <span class="irc-green">* Dylan (~Dylan@85.234.195.109.static.edpnet.net) has joined #duraspace</span><br />
