<span class="irc-date">[0:46]</span> <span class="irc-green">* tdonohue_away (~tdonohue@c-98-226-113-104.hsd1.il.comcast.net) has left #duraspace</span><br />
<span class="irc-date">[2:20]</span> <span class="irc-navy">* dyelar (~dyelar@31.158.45.66.cm.sunflower.com) Quit (Quit: Leaving.)</span><br />
<span class="irc-date">[6:52]</span> <span class="irc-brown">-hobana.freenode.net- *** Looking up your hostname...</span><br />
<span class="irc-date">[6:52]</span> <span class="irc-brown">-hobana.freenode.net- *** Checking Ident</span><br />
<span class="irc-date">[6:52]</span> <span class="irc-brown">-hobana.freenode.net- *** Found your hostname</span><br />
<span class="irc-date">[6:52]</span> <span class="irc-brown">-hobana.freenode.net- *** No Ident response</span><br />
<span class="irc-date">[6:52]</span> <span class="irc-green">* DuraLogBot (~PircBot@webster.duraspace.org) has joined #duraspace</span><br />
<span class="irc-date">[6:52]</span> <span class="irc-green">* Topic is '[Welcome to DuraSpace - This channel is logged - <a href="http://irclogs.duraspace.org/]'">http://irclogs.duraspace.org/]'</a></span><br />
<span class="irc-date">[6:52]</span> <span class="irc-green">* Set by cwilper!ad579d86@gateway/web/freenode/ip.173.87.157.134 on Fri Oct 22 01:19:41 UTC 2010</span><br />
<span class="irc-date">[8:16]</span> <span class="irc-navy">* DuraLogBot (~PircBot@webster.duraspace.org) Quit (Ping timeout: 240 seconds)</span><br />
<span class="irc-date">[8:16]</span> <span class="irc-navy">* Disconnected.</span><br />
<span class="irc-date">[8:16]</span> <span class="irc-brown">-adams.freenode.net- *** Looking up your hostname...</span><br />
<span class="irc-date">[8:16]</span> <span class="irc-brown">-adams.freenode.net- *** Checking Ident</span><br />
<span class="irc-date">[8:16]</span> <span class="irc-brown">-adams.freenode.net- *** Found your hostname</span><br />
<span class="irc-date">[8:17]</span> <span class="irc-brown">-adams.freenode.net- *** No Ident response</span><br />
<span class="irc-date">[14:15]</span> <span class="irc-brown">-rajaniemi.freenode.net- *** Looking up your hostname...</span><br />
<span class="irc-date">[14:15]</span> <span class="irc-brown">-rajaniemi.freenode.net- *** Checking Ident</span><br />
<span class="irc-date">[14:15]</span> <span class="irc-brown">-rajaniemi.freenode.net- *** Found your hostname</span><br />
<span class="irc-date">[14:15]</span> <span class="irc-brown">-rajaniemi.freenode.net- *** No Ident response</span><br />
<span class="irc-date">[14:15]</span> <span class="irc-green">* DuraLogBot (~PircBot@webster.duraspace.org) has joined #duraspace</span><br />
<span class="irc-date">[14:15]</span> <span class="irc-green">* Topic is '[Welcome to DuraSpace - This channel is logged - <a href="http://irclogs.duraspace.org/]'">http://irclogs.duraspace.org/]'</a></span><br />
<span class="irc-date">[14:15]</span> <span class="irc-green">* Set by cwilper!ad579d86@gateway/web/freenode/ip.173.87.157.134 on Fri Oct 22 01:19:41 UTC 2010</span><br />
<span class="irc-date">[16:48]</span> <span class="irc-green">* hpottinger (~hpottinge@mu-162038.dhcp.missouri.edu) has joined #duraspace</span><br />
<span class="irc-date">[17:09]</span> <span class="irc-navy">* pbecker (~pbecker@ubwstmapc098.ub.tu-berlin.de) Quit (Quit: Leaving)</span><br />
<span class="irc-date">[20:38]</span> <span class="irc-green">* tdonohue (~tdonohue@c-98-226-113-104.hsd1.il.comcast.net) has left #duraspace</span><br />
<span class="irc-date">[20:41]</span> <span class="irc-green">* tdonohue (~tdonohue@c-98-226-113-104.hsd1.il.comcast.net) has joined #duraspace</span><br />
<span class="irc-date">[22:09]</span> <span class="irc-green">* mhwood (mwood@mhw.ulib.iupui.edu) has left #duraspace</span><br />
<span class="irc-date">[22:55]</span> <span class="irc-green">* tdonohue (~tdonohue@c-98-226-113-104.hsd1.il.comcast.net) has left #duraspace</span><br />
<span class="irc-date">[22:58]</span> <span class="irc-navy">* hpottinger (~hpottinge@mu-162038.dhcp.missouri.edu) Quit (Quit: Leaving, later taterz!)</span><br />
