<span class="irc-date">[0:41]</span> <span class="irc-navy">* Dylan (~Dylan@85.234.195.109.static.edpnet.net) Quit (Remote host closed the connection)</span><br />
<span class="irc-date">[0:41]</span> <span class="irc-green">* Dylan (~Dylan@85.234.195.109.static.edpnet.net) has joined #duraspace</span><br />
<span class="irc-date">[0:46]</span> <span class="irc-navy">* Dylan (~Dylan@85.234.195.109.static.edpnet.net) Quit (Ping timeout: 272 seconds)</span><br />
<span class="irc-date">[4:42]</span> <span class="irc-green">* Dylan (~Dylan@85.234.195.109.static.edpnet.net) has joined #duraspace</span><br />
<span class="irc-date">[4:47]</span> <span class="irc-navy">* Dylan (~Dylan@85.234.195.109.static.edpnet.net) Quit (Ping timeout: 250 seconds)</span><br />
<span class="irc-date">[6:32]</span> <span class="irc-green">* pbecker (~pbecker@ubwstmapc098.ub.tu-berlin.de) has joined #duraspace</span><br />
<span class="irc-date">[6:44]</span> <span class="irc-green">* Dylan_ (~Dylan@85.234.195.109.static.edpnet.net) has joined #duraspace</span><br />
<span class="irc-date">[6:48]</span> <span class="irc-navy">* Dylan_ (~Dylan@85.234.195.109.static.edpnet.net) Quit (Ping timeout: 240 seconds)</span><br />
<span class="irc-date">[6:56]</span> <span class="irc-brown">-morgan.freenode.net- *** Looking up your hostname...</span><br />
<span class="irc-date">[6:56]</span> <span class="irc-brown">-morgan.freenode.net- *** Checking Ident</span><br />
<span class="irc-date">[6:56]</span> <span class="irc-brown">-morgan.freenode.net- *** Found your hostname</span><br />
<span class="irc-date">[6:56]</span> <span class="irc-brown">-morgan.freenode.net- *** No Ident response</span><br />
<span class="irc-date">[6:56]</span> <span class="irc-green">* DuraLogBot (~PircBot@webster.duraspace.org) has joined #duraspace</span><br />
<span class="irc-date">[6:56]</span> <span class="irc-green">* Topic is '[Welcome to DuraSpace - This channel is logged - <a href="http://irclogs.duraspace.org/]'">http://irclogs.duraspace.org/]'</a></span><br />
<span class="irc-date">[6:56]</span> <span class="irc-green">* Set by cwilper!ad579d86@gateway/web/freenode/ip.173.87.157.134 on Fri Oct 22 01:19:41 UTC 2010</span><br />
<span class="irc-date">[7:51]</span> <span class="irc-green">* Dylan_ (~Dylan@85.234.195.109.static.edpnet.net) has joined #duraspace</span><br />
<span class="irc-date">[7:51]</span> <span class="irc-navy">* Dylan_ (~Dylan@85.234.195.109.static.edpnet.net) Quit (Remote host closed the connection)</span><br />
<span class="irc-date">[7:52]</span> <span class="irc-green">* Dylan_ (~Dylan@86.39.200.115.static.hosted.by.easyhost.be) has joined #duraspace</span><br />
<span class="irc-date">[10:53]</span> <span class="irc-green">* tmmguimaraes (~tmg@193.137.88.100) has joined #duraspace</span><br />
<span class="irc-date">[11:26]</span> <span class="irc-navy">* helix84 (~ctenar@unaffiliated/helix84) Quit (Quit: leaving)</span><br />
<span class="irc-date">[12:13]</span> <span class="irc-green">* helix84 (~ctenar@unaffiliated/helix84) has joined #duraspace</span><br />
<span class="irc-date">[12:27]</span> <span class="irc-green">* mhwood (mwood@mhw.ulib.iupui.edu) has joined #duraspace</span><br />
<span class="irc-date">[13:05]</span> <span class="irc-green">* tdonohue (~tdonohue@c-98-220-55-31.hsd1.il.comcast.net) has joined #duraspace</span><br />
<span class="irc-date">[13:15]</span> <span class="irc-navy">* helix84 (~ctenar@unaffiliated/helix84) Quit (Ping timeout: 246 seconds)</span><br />
<span class="irc-date">[13:17]</span> <span class="irc-green">* helix84 (~ctenar@unaffiliated/helix84) has joined #duraspace</span><br />
<span class="irc-date">[14:06]</span> <span class="irc-green">* dyelar (~dyelar@129.237.108.10) has joined #duraspace</span><br />
<span class="irc-date">[14:31]</span> <span class="irc-navy">* Dylan_ (~Dylan@86.39.200.115.static.hosted.by.easyhost.be) Quit (Read error: Connection reset by peer)</span><br />
<span class="irc-date">[14:32]</span> <span class="irc-green">* Dylan (~Dylan@86.39.200.115.static.hosted.by.easyhost.be) has joined #duraspace</span><br />
<span class="irc-date">[14:37]</span> <span class="irc-navy">* pbecker (~pbecker@ubwstmapc098.ub.tu-berlin.de) Quit (Quit: Leaving)</span><br />
<span class="irc-date">[15:24]</span> <span class="irc-navy">* dyelar (~dyelar@129.237.108.10) Quit (Remote host closed the connection)</span><br />
<span class="irc-date">[15:25]</span> <span class="irc-green">* dyelar (~dyelar@129.237.108.10) has joined #duraspace</span><br />
<span class="irc-date">[15:42]</span> <span class="irc-navy">* Dylan (~Dylan@86.39.200.115.static.hosted.by.easyhost.be) Quit (Remote host closed the connection)</span><br />
<span class="irc-date">[15:43]</span> <span class="irc-green">* Dylan (~Dylan@86.39.200.115.static.hosted.by.easyhost.be) has joined #duraspace</span><br />
<span class="irc-date">[15:47]</span> <span class="irc-navy">* Dylan (~Dylan@86.39.200.115.static.hosted.by.easyhost.be) Quit (Ping timeout: 244 seconds)</span><br />
<span class="irc-date">[16:22]</span> <span class="irc-green">* misilot_ is now known as misilot</span><br />
<span class="irc-date">[16:29]</span> <span class="irc-navy">* tmmguimaraes (~tmg@193.137.88.100) Quit (Quit: Leaving)</span><br />
<span class="irc-date">[16:56]</span> <span class="irc-green">* hpottinger (~hpottinge@mu-161168.dhcp.missouri.edu) has joined #duraspace</span><br />
<span class="irc-date">[17:20]</span> <span class="irc-navy">* hpottinger (~hpottinge@mu-161168.dhcp.missouri.edu) Quit (Quit: Leaving, later taterz!)</span><br />
<span class="irc-date">[17:29]</span> <span class="irc-navy">* helix84 (~ctenar@unaffiliated/helix84) Quit (Ping timeout: 276 seconds)</span><br />
<span class="irc-date">[17:43]</span> <span class="irc-green">* Dylan (~Dylan@85.234.195.109.static.edpnet.net) has joined #duraspace</span><br />
<span class="irc-date">[17:48]</span> <span class="irc-navy">* Dylan (~Dylan@85.234.195.109.static.edpnet.net) Quit (Ping timeout: 240 seconds)</span><br />
<span class="irc-date">[19:45]</span> <span class="irc-green">* Dylan (~Dylan@85.234.195.109.static.edpnet.net) has joined #duraspace</span><br />
<span class="irc-date">[19:49]</span> <span class="irc-navy">* Dylan (~Dylan@85.234.195.109.static.edpnet.net) Quit (Ping timeout: 260 seconds)</span><br />
<span class="irc-date">[21:01]</span> <span class="irc-green">* mhwood (mwood@mhw.ulib.iupui.edu) has left #duraspace</span><br />
<span class="irc-date">[21:51]</span> <span class="irc-green">* tdonohue (~tdonohue@c-98-220-55-31.hsd1.il.comcast.net) has left #duraspace</span><br />
<span class="irc-date">[22:31]</span> <span class="irc-navy">* dyelar (~dyelar@129.237.108.10) Quit (Quit: Leaving.)</span><br />
<span class="irc-date">[23:46]</span> <span class="irc-green">* Dylan (~Dylan@85.234.195.109.static.edpnet.net) has joined #duraspace</span><br />
<span class="irc-date">[23:50]</span> <span class="irc-navy">* Dylan (~Dylan@85.234.195.109.static.edpnet.net) Quit (Ping timeout: 246 seconds)</span><br />
<span class="irc-date">[23:59]</span> <span class="irc-green">* Dylan (~Dylan@85.234.195.109.static.edpnet.net) has joined #duraspace</span><br />
