<span class="irc-date">[4:18]</span> <span class="irc-navy">* misilot_ (~misilot@p-body.lib.fit.edu) Quit (Read error: Connection reset by peer)</span><br />
<span class="irc-date">[4:18]</span> <span class="irc-green">* misilot_ (~misilot@p-body.lib.fit.edu) has joined #duraspace</span><br />
<span class="irc-date">[6:26]</span> <span class="irc-brown">-weber.freenode.net- *** Looking up your hostname...</span><br />
<span class="irc-date">[6:26]</span> <span class="irc-brown">-weber.freenode.net- *** Checking Ident</span><br />
<span class="irc-date">[6:26]</span> <span class="irc-brown">-weber.freenode.net- *** Found your hostname</span><br />
<span class="irc-date">[6:26]</span> <span class="irc-brown">-weber.freenode.net- *** No Ident response</span><br />
<span class="irc-date">[6:26]</span> <span class="irc-green">* DuraLogBot (~PircBot@webster.duraspace.org) has joined #duraspace</span><br />
<span class="irc-date">[6:26]</span> <span class="irc-green">* Topic is '[Welcome to DuraSpace - This channel is logged - <a href="http://irclogs.duraspace.org/]'">http://irclogs.duraspace.org/]'</a></span><br />
<span class="irc-date">[6:26]</span> <span class="irc-green">* Set by cwilper!ad579d86@gateway/web/freenode/ip.173.87.157.134 on Fri Oct 22 01:19:41 UTC 2010</span><br />
<span class="irc-date">[7:35]</span> <span class="irc-green">* Insanity_ (~Insanity@85.234.195.109.static.edpnet.net) has joined #duraspace</span><br />
<span class="irc-date">[7:36]</span> <span class="irc-green">* Insanity_ is now known as Dylan_</span><br />
<span class="irc-date">[7:47]</span> <span class="irc-navy">* Dylan_ (~Insanity@85.234.195.109.static.edpnet.net) Quit (Remote host closed the connection)</span><br />
<span class="irc-date">[7:48]</span> <span class="irc-green">* Dylan_ (~Insanity@85.234.195.109.static.edpnet.net) has joined #duraspace</span><br />
<span class="irc-date">[8:53]</span> <span class="irc-green">* tmmguimaraes (~tmg@193.137.88.100) has joined #duraspace</span><br />
<span class="irc-date">[12:38]</span> <span class="irc-green">* pbecker (~pbecker@ubwstmapc098.ub.tu-berlin.de) has joined #duraspace</span><br />
<span class="irc-date">[15:13]</span> <span class="irc-navy">* Dylan_ (~Insanity@85.234.195.109.static.edpnet.net) Quit (Remote host closed the connection)</span><br />
<span class="irc-date">[15:47]</span> <span class="irc-navy">* pbecker (~pbecker@ubwstmapc098.ub.tu-berlin.de) Quit (Quit: Leaving)</span><br />
<span class="irc-date">[17:13]</span> <span class="irc-green">* Dylan_ (~Insanity@85.234.195.109.static.edpnet.net) has joined #duraspace</span><br />
<span class="irc-date">[17:19]</span> <span class="irc-navy">* Dylan_ (~Insanity@85.234.195.109.static.edpnet.net) Quit (Ping timeout: 276 seconds)</span><br />
<span class="irc-date">[17:35]</span> <span class="irc-navy">* tmmguimaraes (~tmg@193.137.88.100) Quit (Quit: Leaving)</span><br />
<span class="irc-date">[19:14]</span> <span class="irc-green">* Dylan_ (~Insanity@85.234.195.109.static.edpnet.net) has joined #duraspace</span><br />
<span class="irc-date">[19:20]</span> <span class="irc-navy">* Dylan_ (~Insanity@85.234.195.109.static.edpnet.net) Quit (Ping timeout: 240 seconds)</span><br />
<span class="irc-date">[20:56]</span> <span class="irc-green">* dyelar (~dyelar@31.158.45.66.cm.sunflower.com) has joined #duraspace</span><br />
<span class="irc-date">[20:56]</span> <span class="irc-navy">* dyelar (~dyelar@31.158.45.66.cm.sunflower.com) Quit (Client Quit)</span><br />
<span class="irc-date">[21:15]</span> <span class="irc-green">* Dylan_ (~Insanity@85.234.195.109.static.edpnet.net) has joined #duraspace</span><br />
<span class="irc-date">[21:21]</span> <span class="irc-navy">* Dylan_ (~Insanity@85.234.195.109.static.edpnet.net) Quit (Ping timeout: 252 seconds)</span><br />
<span class="irc-date">[21:22]</span> <span class="irc-green">* dyelar (~dyelar@31.158.45.66.cm.sunflower.com) has joined #duraspace</span><br />
<span class="irc-date">[21:22]</span> <span class="irc-navy">* dyelar (~dyelar@31.158.45.66.cm.sunflower.com) Quit (Client Quit)</span><br />
