<span class="irc-date">[6:53]</span> <span class="irc-brown">-barjavel.freenode.net- *** Looking up your hostname...</span><br />
<span class="irc-date">[6:53]</span> <span class="irc-brown">-barjavel.freenode.net- *** Checking Ident</span><br />
<span class="irc-date">[6:53]</span> <span class="irc-brown">-barjavel.freenode.net- *** Found your hostname</span><br />
<span class="irc-date">[6:53]</span> <span class="irc-brown">-barjavel.freenode.net- *** No Ident response</span><br />
<span class="irc-date">[6:53]</span> <span class="irc-green">* DuraLogBot (~PircBot@webster.duraspace.org) has joined #duraspace</span><br />
<span class="irc-date">[6:53]</span> <span class="irc-green">* Topic is '[Welcome to DuraSpace - This channel is logged - <a href="http://irclogs.duraspace.org/]'">http://irclogs.duraspace.org/]'</a></span><br />
<span class="irc-date">[6:53]</span> <span class="irc-green">* Set by cwilper!ad579d86@gateway/web/freenode/ip.173.87.157.134 on Fri Oct 22 01:19:41 UTC 2010</span><br />
<span class="irc-date">[9:49]</span> <span class="irc-green">* helix84 (~ctenar@unaffiliated/helix84) has joined #duraspace</span><br />
<span class="irc-date">[11:17]</span> <span class="irc-green">* cknowles (uid98028@gateway/web/irccloud.com/x-qrobqrxifndqghob) has joined #duraspace</span><br />
<span class="irc-date">[12:54]</span> <span class="irc-green">* pbecker (~pbecker@ubwstmapc098.ub.tu-berlin.de) has joined #duraspace</span><br />
<span class="irc-date">[13:23]</span> <span class="irc-green">* mhwood (mwood@mhw.ulib.iupui.edu) has joined #duraspace</span><br />
<span class="irc-date">[13:41]</span> <span class="irc-green">* tdonohue (~tdonohue@c-98-226-113-104.hsd1.il.comcast.net) has joined #duraspace</span><br />
<span class="irc-date">[14:48]</span> <span class="irc-green">* awoods (~awoods@c-98-245-50-182.hsd1.co.comcast.net) has joined #duraspace</span><br />
<span class="irc-date">[14:51]</span> <span class="irc-navy">* cknowles (uid98028@gateway/web/irccloud.com/x-qrobqrxifndqghob) Quit (Quit: Connection closed for inactivity)</span><br />
<span class="irc-date">[15:29]</span> <span class="irc-green">* dyelar (~dyelar@129.237.45.105) has joined #duraspace</span><br />
<span class="irc-date">[15:59]</span> <span class="irc-green">* peterdietz (uid52203@gateway/web/irccloud.com/x-xennizcitkapqglc) has joined #duraspace</span><br />
<span class="irc-date">[17:18]</span> <span class="irc-navy">* tdonohue (~tdonohue@c-98-226-113-104.hsd1.il.comcast.net) Quit (Read error: Connection reset by peer)</span><br />
<span class="irc-date">[17:19]</span> <span class="irc-green">* tdonohue (~tdonohue@c-98-226-113-104.hsd1.il.comcast.net) has joined #duraspace</span><br />
<span class="irc-date">[18:27]</span> <span class="irc-navy">* pbecker (~pbecker@ubwstmapc098.ub.tu-berlin.de) Quit (Quit: Leaving)</span><br />
<span class="irc-date">[20:39]</span> <span class="irc-navy">* awoods (~awoods@c-98-245-50-182.hsd1.co.comcast.net) Quit (Ping timeout: 268 seconds)</span><br />
<span class="irc-date">[20:43]</span> <span class="irc-green">* awoods (~awoods@c-98-245-50-182.hsd1.co.comcast.net) has joined #duraspace</span><br />
<span class="irc-date">[20:44]</span> <span class="irc-green">* hpottinger (~hpottinge@mu-162038.dhcp.missouri.edu) has joined #duraspace</span><br />
<span class="irc-date">[22:03]</span> <span class="irc-green">* mhwood (mwood@mhw.ulib.iupui.edu) has left #duraspace</span><br />
<span class="irc-date">[22:39]</span> <span class="irc-navy">* hpottinger (~hpottinge@mu-162038.dhcp.missouri.edu) Quit (Quit: Leaving, later taterz!)</span><br />
<span class="irc-date">[22:41]</span> <span class="irc-green">* tdonohue (~tdonohue@c-98-226-113-104.hsd1.il.comcast.net) has left #duraspace</span><br />
