<span class="irc-date">[0:00]</span> <span class="irc-green">* Dylan_ (~Insanity@85.234.195.109.static.edpnet.net) has joined #duraspace</span><br />
<span class="irc-date">[0:23]</span> <span class="irc-navy">* Dylan_ (~Insanity@85.234.195.109.static.edpnet.net) Quit (Remote host closed the connection)</span><br />
<span class="irc-date">[2:24]</span> <span class="irc-green">* Dylan_ (~Insanity@85.234.195.109.static.edpnet.net) has joined #duraspace</span><br />
<span class="irc-date">[2:29]</span> <span class="irc-navy">* Dylan_ (~Insanity@85.234.195.109.static.edpnet.net) Quit (Ping timeout: 252 seconds)</span><br />
<span class="irc-date">[6:26]</span> <span class="irc-green">* Dylan_ (~Insanity@85.234.195.109.static.edpnet.net) has joined #duraspace</span><br />
<span class="irc-date">[6:30]</span> <span class="irc-navy">* Dylan_ (~Insanity@85.234.195.109.static.edpnet.net) Quit (Ping timeout: 244 seconds)</span><br />
<span class="irc-date">[6:53]</span> <span class="irc-brown">-wolfe.freenode.net- *** Looking up your hostname...</span><br />
<span class="irc-date">[6:53]</span> <span class="irc-brown">-wolfe.freenode.net- *** Checking Ident</span><br />
<span class="irc-date">[6:53]</span> <span class="irc-brown">-wolfe.freenode.net- *** Found your hostname</span><br />
<span class="irc-date">[6:53]</span> <span class="irc-brown">-wolfe.freenode.net- *** No Ident response</span><br />
<span class="irc-date">[6:53]</span> <span class="irc-green">* DuraLogBot (~PircBot@webster.duraspace.org) has joined #duraspace</span><br />
<span class="irc-date">[6:53]</span> <span class="irc-green">* Topic is '[Welcome to DuraSpace - This channel is logged - <a href="http://irclogs.duraspace.org/]'">http://irclogs.duraspace.org/]'</a></span><br />
<span class="irc-date">[6:53]</span> <span class="irc-green">* Set by cwilper!ad579d86@gateway/web/freenode/ip.173.87.157.134 on Fri Oct 22 01:19:41 UTC 2010</span><br />
<span class="irc-date">[7:39]</span> <span class="irc-green">* Dylan_ (~Insanity@85.234.195.109.static.edpnet.net) has joined #duraspace</span><br />
<span class="irc-date">[7:39]</span> <span class="irc-navy">* Dylan_ (~Insanity@85.234.195.109.static.edpnet.net) Quit (Remote host closed the connection)</span><br />
<span class="irc-date">[7:39]</span> <span class="irc-green">* Dylan_ (~Insanity@85.234.195.109.static.edpnet.net) has joined #duraspace</span><br />
<span class="irc-date">[8:11]</span> <span class="irc-green">* pbecker (~pbecker@ubwstmapc098.ub.tu-berlin.de) has joined #duraspace</span><br />
<span class="irc-date">[8:20]</span> <span class="irc-green">* tmmguimaraes (~tmg@193.137.88.100) has joined #duraspace</span><br />
<span class="irc-date">[10:10]</span> <span class="irc-navy">* terry-b3 (~chrome@75-172-49-239.tukw.qwest.net) Quit (Read error: Connection reset by peer)</span><br />
<span class="irc-date">[10:11]</span> <span class="irc-green">* terry-b3 (~chrome@75-172-49-239.tukw.qwest.net) has joined #duraspace</span><br />
<span class="irc-date">[10:16]</span> <span class="irc-navy">* pbecker (~pbecker@ubwstmapc098.ub.tu-berlin.de) Quit (*.net *.split)</span><br />
<span class="irc-date">[10:45]</span> <span class="irc-green">* pbecker (~pbecker@ubwstmapc098.ub.tu-berlin.de) has joined #duraspace</span><br />
<span class="irc-date">[12:39]</span> <span class="irc-green">* mhwood (mwood@mhw.ulib.iupui.edu) has joined #duraspace</span><br />
<span class="irc-date">[14:19]</span> <span class="irc-green">* dyelar (~dyelar@129.237.108.32) has joined #duraspace</span><br />
<span class="irc-date">[14:22]</span> <span class="irc-navy">* Dylan_ (~Insanity@85.234.195.109.static.edpnet.net) Quit (Remote host closed the connection)</span><br />
<span class="irc-date">[14:23]</span> <span class="irc-green">* Dylan_ (~Insanity@86.39.200.115.static.hosted.by.easyhost.be) has joined #duraspace</span><br />
<span class="irc-date">[15:00]</span> <span class="irc-navy">* Dylan_ (~Insanity@86.39.200.115.static.hosted.by.easyhost.be) Quit ()</span><br />
<span class="irc-date">[16:53]</span> <span class="irc-navy">* pbecker (~pbecker@ubwstmapc098.ub.tu-berlin.de) Quit (Quit: Leaving)</span><br />
<span class="irc-date">[17:04]</span> <span class="irc-navy">* tmmguimaraes (~tmg@193.137.88.100) Quit (Ping timeout: 258 seconds)</span><br />
<span class="irc-date">[17:20]</span> <span class="irc-green">* tmmguimaraes (~tmg@193.137.88.100) has joined #duraspace</span><br />
<span class="irc-date">[17:25]</span> <span class="irc-navy">* tmmguimaraes (~tmg@193.137.88.100) Quit (Read error: Connection reset by peer)</span><br />
<span class="irc-date">[21:11]</span> <span class="irc-navy">* mhwood (mwood@mhw.ulib.iupui.edu) Quit (Remote host closed the connection)</span><br />
<span class="irc-date">[21:46]</span> <span class="irc-navy">* dyelar (~dyelar@129.237.108.32) Quit (Quit: Leaving.)</span><br />
