<span class="irc-date">[0:52]</span> <span class="irc-navy">* peterdietz (uid52203@gateway/web/irccloud.com/x-apktjsruyrjqocql) Quit (Quit: Connection closed for inactivity)</span><br />
<span class="irc-date">[3:59]</span> <span class="irc-navy">* dyelar (~dyelar@31.158.45.66.cm.sunflower.com) Quit (Quit: Leaving.)</span><br />
<span class="irc-date">[6:45]</span> <span class="irc-brown">-weber.freenode.net- *** Looking up your hostname...</span><br />
<span class="irc-date">[6:45]</span> <span class="irc-brown">-weber.freenode.net- *** Checking Ident</span><br />
<span class="irc-date">[6:45]</span> <span class="irc-brown">-weber.freenode.net- *** Found your hostname</span><br />
<span class="irc-date">[6:45]</span> <span class="irc-brown">-weber.freenode.net- *** No Ident response</span><br />
<span class="irc-date">[6:45]</span> <span class="irc-green">* DuraLogBot (~PircBot@webster.duraspace.org) has joined #duraspace</span><br />
<span class="irc-date">[6:45]</span> <span class="irc-green">* Topic is '[Welcome to DuraSpace - This channel is logged - <a href="http://irclogs.duraspace.org/]'">http://irclogs.duraspace.org/]'</a></span><br />
<span class="irc-date">[6:45]</span> <span class="irc-green">* Set by cwilper!ad579d86@gateway/web/freenode/ip.173.87.157.134 on Fri Oct 22 01:19:41 UTC 2010</span><br />
<span class="irc-date">[7:33]</span> <span class="irc-green">* roeland_atmire (~roeland_a@d54C02199.access.telenet.be) has joined #duraspace</span><br />
<span class="irc-date">[7:33]</span> <span class="irc-green">* roeland_atmire (~roeland_a@d54C02199.access.telenet.be) has left #duraspace</span><br />
<span class="irc-date">[8:29]</span> <span class="irc-green">* misilot (~misilot@p-body.lib.fit.edu) has joined #duraspace</span><br />
<span class="irc-date">[8:36]</span> <span class="irc-navy">* misilot (~misilot@p-body.lib.fit.edu) Quit (Ping timeout: 248 seconds)</span><br />
<span class="irc-date">[12:48]</span> <span class="irc-green">* misilot (~misilot@p-body.lib.fit.edu) has joined #duraspace</span><br />
<span class="irc-date">[13:22]</span> <span class="irc-green">* mhwood (mwood@mhw.ulib.iupui.edu) has joined #duraspace</span><br />
<span class="irc-date">[13:22]</span> <span class="irc-navy">* misilot (~misilot@p-body.lib.fit.edu) Quit (Quit: Leaving)</span><br />
<span class="irc-date">[13:22]</span> <span class="irc-green">* misilot (~misilot@p-body.lib.fit.edu) has joined #duraspace</span><br />
<span class="irc-date">[13:23]</span> <span class="irc-green">* tdonohue (~tdonohue@c-98-226-113-104.hsd1.il.comcast.net) has joined #duraspace</span><br />
<span class="irc-date">[14:42]</span> <span class="irc-green">* hpottinger (~hpottinge@128.206.253.210) has joined #duraspace</span><br />
<span class="irc-date">[14:49]</span> <span class="irc-green">* peterdietz (uid52203@gateway/web/irccloud.com/x-vqgiugxjwkpbpihr) has joined #duraspace</span><br />
<span class="irc-date">[15:02]</span> <span class="irc-green">* dyelar (~dyelar@129.237.45.105) has joined #duraspace</span><br />
<span class="irc-date">[15:21]</span> <span class="irc-green">* misilot_ (~misilot@p-body.lib.fit.edu) has joined #duraspace</span><br />
<span class="irc-date">[15:22]</span> <span class="irc-navy">* misilot (~misilot@p-body.lib.fit.edu) Quit (Disconnected by services)</span><br />
<span class="irc-date">[15:22]</span> <span class="irc-green">* misilot_ is now known as misilot</span><br />
<span class="irc-date">[15:34]</span> <span class="irc-green">* pbecker (~pbecker@ubwstmapc098.ub.tu-berlin.de) has joined #duraspace</span><br />
<span class="irc-date">[16:14]</span> <span class="irc-navy">* misilot (~misilot@p-body.lib.fit.edu) Quit (Quit: Leaving)</span><br />
<span class="irc-date">[16:21]</span> <span class="irc-green">* misilot (~misilot@p-body.lib.fit.edu) has joined #duraspace</span><br />
<span class="irc-date">[17:26]</span> <span class="irc-navy">* pbecker (~pbecker@ubwstmapc098.ub.tu-berlin.de) Quit (Quit: Leaving)</span><br />
<span class="irc-date">[17:31]</span> <span class="irc-navy">* hpottinger (~hpottinge@128.206.253.210) Quit (Ping timeout: 260 seconds)</span><br />
<span class="irc-date">[20:51]</span> <span class="irc-navy">* tdonohue (~tdonohue@c-98-226-113-104.hsd1.il.comcast.net) Quit (Ping timeout: 244 seconds)</span><br />
<span class="irc-date">[20:54]</span> <span class="irc-green">* tdonohue (~tdonohue@c-98-226-113-104.hsd1.il.comcast.net) has joined #duraspace</span><br />
<span class="irc-date">[21:00]</span> <span class="irc-navy">* dyelar (~dyelar@129.237.45.105) Quit (Ping timeout: 248 seconds)</span><br />
<span class="irc-date">[21:17]</span> <span class="irc-green">* dyelar (~dyelar@129.237.108.10) has joined #duraspace</span><br />
<span class="irc-date">[21:44]</span> <span class="irc-green">* hpottinger (~hpottinge@mu-252005.vpn.missouri.edu) has joined #duraspace</span><br />
<span class="irc-date">[22:10]</span> <span class="irc-navy">* mhwood (mwood@mhw.ulib.iupui.edu) Quit (Remote host closed the connection)</span><br />
<span class="irc-date">[22:23]</span> <span class="irc-navy">* dyelar (~dyelar@129.237.108.10) Quit (Ping timeout: 260 seconds)</span><br />
<span class="irc-date">[22:39]</span> <span class="irc-green">* dyelar (~dyelar@129.237.45.105) has joined #duraspace</span><br />
<span class="irc-date">[22:49]</span> <span class="irc-green">* tdonohue (~tdonohue@c-98-226-113-104.hsd1.il.comcast.net) has left #duraspace</span><br />
<span class="irc-date">[23:42]</span> <span class="irc-navy">* hpottinger (~hpottinge@mu-252005.vpn.missouri.edu) Quit (Quit: Leaving, later taterz!)</span><br />
