<span class="irc-date">[1:19]</span> <span class="irc-navy">* kshepherd (~kim@lbdigs29.lbr.auckland.ac.nz) Quit (Ping timeout: 260 seconds)</span><br />
<span class="irc-date">[1:28]</span> <span class="irc-green">* kshepherd (~kim@lbdigs29.lbr.auckland.ac.nz) has joined #duraspace</span><br />
<span class="irc-date">[2:05]</span> <span class="irc-green">* kshepher1 (~kim@lbdigs29.lbr.auckland.ac.nz) has joined #duraspace</span><br />
<span class="irc-date">[2:06]</span> <span class="irc-navy">* kshepherd (~kim@lbdigs29.lbr.auckland.ac.nz) Quit (Ping timeout: 244 seconds)</span><br />
<span class="irc-date">[3:24]</span> <span class="irc-navy">* kshepher1 (~kim@lbdigs29.lbr.auckland.ac.nz) Quit (Ping timeout: 260 seconds)</span><br />
<span class="irc-date">[3:49]</span> <span class="irc-green">* kshepherd (~kim@lbdigs29.lbr.auckland.ac.nz) has joined #duraspace</span><br />
<span class="irc-date">[5:01]</span> <span class="irc-navy">* kshepherd (~kim@lbdigs29.lbr.auckland.ac.nz) Quit (Ping timeout: 264 seconds)</span><br />
<span class="irc-date">[6:35]</span> <span class="irc-brown">-wolfe.freenode.net- *** Looking up your hostname...</span><br />
<span class="irc-date">[6:35]</span> <span class="irc-brown">-wolfe.freenode.net- *** Checking Ident</span><br />
<span class="irc-date">[6:35]</span> <span class="irc-brown">-wolfe.freenode.net- *** Found your hostname</span><br />
<span class="irc-date">[6:35]</span> <span class="irc-brown">-wolfe.freenode.net- *** No Ident response</span><br />
<span class="irc-date">[6:35]</span> <span class="irc-green">* DuraLogBot (~PircBot@webster.duraspace.org) has joined #duraspace</span><br />
<span class="irc-date">[6:35]</span> <span class="irc-green">* Topic is '[Welcome to DuraSpace - This channel is logged - <a href="http://irclogs.duraspace.org/]'">http://irclogs.duraspace.org/]'</a></span><br />
<span class="irc-date">[6:35]</span> <span class="irc-green">* Set by cwilper!ad579d86@gateway/web/freenode/ip.173.87.157.134 on Fri Oct 22 01:19:41 UTC 2010</span><br />
<span class="irc-date">[7:38]</span> <span class="irc-green">* tmmguimaraes (~tmg@193.137.88.100) has joined #duraspace</span><br />
<span class="irc-date">[8:08]</span> <span class="irc-green">* Insanity_ (~Insanity@86.39.200.115.static.hosted.by.easyhost.be) has joined #duraspace</span><br />
<span class="irc-date">[8:23]</span> <span class="irc-navy">* Insanity_ (~Insanity@86.39.200.115.static.hosted.by.easyhost.be) Quit (Remote host closed the connection)</span><br />
<span class="irc-date">[8:24]</span> <span class="irc-green">* Insanity_ (~Insanity@86.39.200.115.static.hosted.by.easyhost.be) has joined #duraspace</span><br />
<span class="irc-date">[9:58]</span> <span class="irc-navy">* helix84 (~ctenar@unaffiliated/helix84) Quit (Remote host closed the connection)</span><br />
<span class="irc-date">[10:02]</span> <span class="irc-green">* helix84 (~ctenar@unaffiliated/helix84) has joined #duraspace</span><br />
<span class="irc-date">[12:20]</span> <span class="irc-green">* mhwood (mwood@mhw.ulib.iupui.edu) has joined #duraspace</span><br />
<span class="irc-date">[13:08]</span> <span class="irc-green">* tdonohue (~tdonohue@c-98-220-55-31.hsd1.il.comcast.net) has joined #duraspace</span><br />
<span class="irc-date">[14:23]</span> <span class="irc-green">* dyelar (~dyelar@129.237.45.105) has joined #duraspace</span><br />
<span class="irc-date">[15:23]</span> <span class="irc-navy">* misilot (~misilot@p-body.lib.fit.edu) Quit (Read error: Connection reset by peer)</span><br />
<span class="irc-date">[15:31]</span> <span class="irc-green">* misilot (~misilot@p-body.lib.fit.edu) has joined #duraspace</span><br />
<span class="irc-date">[16:13]</span> <span class="irc-navy">* Insanity_ (~Insanity@86.39.200.115.static.hosted.by.easyhost.be) Quit (Remote host closed the connection)</span><br />
<span class="irc-date">[16:36]</span> <span class="irc-navy">* tmmguimaraes (~tmg@193.137.88.100) Quit (Quit: Leaving)</span><br />
<span class="irc-date">[17:10]</span> <span class="irc-navy">* terry-b3 (~chrome@75-172-49-239.tukw.qwest.net) Quit (Read error: Connection reset by peer)</span><br />
<span class="irc-date">[17:11]</span> <span class="irc-green">* terry-b3 (~chrome@75-172-49-239.tukw.qwest.net) has joined #duraspace</span><br />
<span class="irc-date">[18:13]</span> <span class="irc-green">* Insanity_ (~Insanity@85.234.195.109.static.edpnet.net) has joined #duraspace</span><br />
<span class="irc-date">[18:18]</span> <span class="irc-navy">* Insanity_ (~Insanity@85.234.195.109.static.edpnet.net) Quit (Ping timeout: 252 seconds)</span><br />
<span class="irc-date">[20:14]</span> <span class="irc-green">* Insanity_ (~Insanity@85.234.195.109.static.edpnet.net) has joined #duraspace</span><br />
<span class="irc-date">[20:19]</span> <span class="irc-navy">* Insanity_ (~Insanity@85.234.195.109.static.edpnet.net) Quit (Ping timeout: 276 seconds)</span><br />
<span class="irc-date">[21:00]</span> <span class="irc-navy">* mhwood (mwood@mhw.ulib.iupui.edu) Quit (Remote host closed the connection)</span><br />
<span class="irc-date">[21:59]</span> <span class="irc-green">* tdonohue (~tdonohue@c-98-220-55-31.hsd1.il.comcast.net) has left #duraspace</span><br />
<span class="irc-date">[22:15]</span> <span class="irc-green">* Insanity_ (~Insanity@85.234.195.109.static.edpnet.net) has joined #duraspace</span><br />
<span class="irc-date">[22:20]</span> <span class="irc-navy">* Insanity_ (~Insanity@85.234.195.109.static.edpnet.net) Quit (Ping timeout: 244 seconds)</span><br />
<span class="irc-date">[22:44]</span> <span class="irc-green">* kshepherd (~kim@lbdigs29.lbr.auckland.ac.nz) has joined #duraspace</span><br />
