<span class="irc-date">[6:44]</span> <span class="irc-brown">-orwell.freenode.net- *** Looking up your hostname...</span><br />
<span class="irc-date">[6:44]</span> <span class="irc-brown">-orwell.freenode.net- *** Checking Ident</span><br />
<span class="irc-date">[6:44]</span> <span class="irc-brown">-orwell.freenode.net- *** Found your hostname</span><br />
<span class="irc-date">[6:44]</span> <span class="irc-brown">-orwell.freenode.net- *** No Ident response</span><br />
<span class="irc-date">[6:44]</span> <span class="irc-green">* DuraLogBot (~PircBot@webster.duraspace.org) has joined #duraspace</span><br />
<span class="irc-date">[6:44]</span> <span class="irc-green">* Topic is '[Welcome to DuraSpace - This channel is logged - <a href="http://irclogs.duraspace.org/]'">http://irclogs.duraspace.org/]'</a></span><br />
<span class="irc-date">[6:44]</span> <span class="irc-green">* Set by cwilper!ad579d86@gateway/web/freenode/ip.173.87.157.134 on Fri Oct 22 01:19:41 UTC 2010</span><br />
<span class="irc-date">[11:17]</span> <span class="irc-green">* terry-b3 (~chrome@71.212.101.240) has joined #duraspace</span><br />
<span class="irc-date">[11:18]</span> <span class="irc-navy">* terry-b (~chrome@71-212-101-240.tukw.qwest.net) Quit (Ping timeout: 244 seconds)</span><br />
<span class="irc-date">[11:19]</span> <span class="irc-navy">* terry-b3 (~chrome@71.212.101.240) Quit (Read error: Connection reset by peer)</span><br />
<span class="irc-date">[11:20]</span> <span class="irc-green">* terry-b3 (~chrome@71-212-101-240.tukw.qwest.net) has joined #duraspace</span><br />
<span class="irc-date">[21:14]</span> <span class="irc-green">* kshepherd (~kim@lbdigs29.lbr.auckland.ac.nz) has joined #duraspace</span><br />
<span class="irc-date">[21:19]</span> <span class="irc-navy">* kshepherd (~kim@lbdigs29.lbr.auckland.ac.nz) Quit (Ping timeout: 260 seconds)</span><br />
<span class="irc-date">[21:19]</span> <span class="irc-green">* kshepherd (~kim@lbdigs29.lbr.auckland.ac.nz) has joined #duraspace</span><br />
<span class="irc-date">[21:31]</span> <span class="irc-green">* kshepher1 (~kim@lbdigs29.lbr.auckland.ac.nz) has joined #duraspace</span><br />
<span class="irc-date">[21:36]</span> <span class="irc-navy">* kshepher1 (~kim@lbdigs29.lbr.auckland.ac.nz) Quit (Ping timeout: 244 seconds)</span><br />
<span class="irc-date">[21:41]</span> <span class="irc-navy">* kshepherd (~kim@lbdigs29.lbr.auckland.ac.nz) Quit (*.net *.split)</span><br />
<span class="irc-date">[21:42]</span> <span class="irc-green">* kshepherd (~kim@lbdigs29.lbr.auckland.ac.nz) has joined #duraspace</span><br />
<span class="irc-date">[23:15]</span> <span class="irc-navy">* kshepherd (~kim@lbdigs29.lbr.auckland.ac.nz) Quit (Ping timeout: 276 seconds)</span><br />
<span class="irc-date">[23:18]</span> <span class="irc-green">* kshepherd (~kim@lbdigs29.lbr.auckland.ac.nz) has joined #duraspace</span><br />
