<span class="irc-date">[0:21]</span> <span class="irc-navy">* kshepherd (~kim@lbdigs29.lbr.auckland.ac.nz) Quit (Ping timeout: 250 seconds)</span><br />
<span class="irc-date">[0:25]</span> <span class="irc-green">* kshepherd (~kim@lbdigs29.lbr.auckland.ac.nz) has joined #duraspace</span><br />
<span class="irc-date">[1:32]</span> <span class="irc-navy">* kshepherd (~kim@lbdigs29.lbr.auckland.ac.nz) Quit (Ping timeout: 252 seconds)</span><br />
<span class="irc-date">[1:35]</span> <span class="irc-green">* kshepherd (~kim@lbdigs29.lbr.auckland.ac.nz) has joined #duraspace</span><br />
<span class="irc-date">[1:56]</span> <span class="irc-navy">* kshepherd (~kim@lbdigs29.lbr.auckland.ac.nz) Quit (Ping timeout: 276 seconds)</span><br />
<span class="irc-date">[2:23]</span> <span class="irc-green">* kshepherd (~kim@lbdigs29.lbr.auckland.ac.nz) has joined #duraspace</span><br />
<span class="irc-date">[2:44]</span> <span class="irc-navy">* kshepherd (~kim@lbdigs29.lbr.auckland.ac.nz) Quit (Ping timeout: 252 seconds)</span><br />
<span class="irc-date">[2:46]</span> <span class="irc-green">* kshepherd (~kim@lbdigs29.lbr.auckland.ac.nz) has joined #duraspace</span><br />
<span class="irc-date">[3:07]</span> <span class="irc-navy">* kshepherd (~kim@lbdigs29.lbr.auckland.ac.nz) Quit (Ping timeout: 264 seconds)</span><br />
<span class="irc-date">[6:42]</span> <span class="irc-brown">-rajaniemi.freenode.net- *** Looking up your hostname...</span><br />
<span class="irc-date">[6:42]</span> <span class="irc-brown">-rajaniemi.freenode.net- *** Checking Ident</span><br />
<span class="irc-date">[6:42]</span> <span class="irc-brown">-rajaniemi.freenode.net- *** Found your hostname</span><br />
<span class="irc-date">[6:42]</span> <span class="irc-brown">-rajaniemi.freenode.net- *** No Ident response</span><br />
<span class="irc-date">[6:42]</span> <span class="irc-green">* DuraLogBot (~PircBot@webster.duraspace.org) has joined #duraspace</span><br />
<span class="irc-date">[6:42]</span> <span class="irc-green">* Topic is '[Welcome to DuraSpace - This channel is logged - <a href="http://irclogs.duraspace.org/]'">http://irclogs.duraspace.org/]'</a></span><br />
<span class="irc-date">[6:42]</span> <span class="irc-green">* Set by cwilper!ad579d86@gateway/web/freenode/ip.173.87.157.134 on Fri Oct 22 01:19:41 UTC 2010</span><br />
<span class="irc-date">[10:19]</span> <span class="irc-green">* pbecker (~pbecker@ubwstmapc098.ub.tu-berlin.de) has joined #duraspace</span><br />
<span class="irc-date">[12:17]</span> <span class="irc-navy">* misilot (~misilot@p-body.lib.fit.edu) Quit (Read error: Connection reset by peer)</span><br />
<span class="irc-date">[12:18]</span> <span class="irc-green">* misilot (~misilot@p-body.lib.fit.edu) has joined #duraspace</span><br />
<span class="irc-date">[12:22]</span> <span class="irc-green">* mhwood (mwood@mhw.ulib.iupui.edu) has joined #duraspace</span><br />
<span class="irc-date">[13:04]</span> <span class="irc-green">* tdonohue (~tdonohue@c-98-226-113-104.hsd1.il.comcast.net) has joined #duraspace</span><br />
<span class="irc-date">[13:35]</span> <span class="irc-green">* awoods (~awoods@c-98-245-50-182.hsd1.co.comcast.net) has joined #duraspace</span><br />
<span class="irc-date">[14:19]</span> <span class="irc-green">* peterdietz (uid52203@gateway/web/irccloud.com/x-cgjjyxownjguucro) has joined #duraspace</span><br />
<span class="irc-date">[14:26]</span> <span class="irc-green">* dyelar (~dyelar@129.237.45.105) has joined #duraspace</span><br />
<span class="irc-date">[14:57]</span> <span class="irc-green">* hpottinger (~hpottinge@mu-161168.dhcp.missouri.edu) has joined #duraspace</span><br />
<span class="irc-date">[17:10]</span> <span class="irc-navy">* tdonohue (~tdonohue@c-98-226-113-104.hsd1.il.comcast.net) Quit (Ping timeout: 244 seconds)</span><br />
<span class="irc-date">[19:55]</span> <span class="irc-green">* kshepherd (~kim@lbdigs29.lbr.auckland.ac.nz) has joined #duraspace</span><br />
<span class="irc-date">[21:02]</span> <span class="irc-navy">* misilot (~misilot@p-body.lib.fit.edu) Quit (Read error: Connection reset by peer)</span><br />
<span class="irc-date">[21:10]</span> <span class="irc-green">* mhwood (mwood@mhw.ulib.iupui.edu) has left #duraspace</span><br />
<span class="irc-date">[21:49]</span> <span class="irc-navy">* hpottinger (~hpottinge@mu-161168.dhcp.missouri.edu) Quit (Quit: Leaving, later taterz!)</span><br />
<span class="irc-date">[23:07]</span> <span class="irc-brick">* kshepherd shakes fist at clouds</span><br />
<span class="irc-date">[23:08]</span> <span class="irc-black">&lt;kshepherd&gt; does dspace 5+ discovery not listen to my custom copyfield directives in solr schema?</span><br />
<span class="irc-date">[23:42]</span> <span class="irc-navy">* peterdietz (uid52203@gateway/web/irccloud.com/x-cgjjyxownjguucro) Quit (Quit: Connection closed for inactivity)</span><br />
<span class="irc-date">[23:57]</span> <span class="irc-navy">* kshepherd (~kim@lbdigs29.lbr.auckland.ac.nz) Quit (Ping timeout: 244 seconds)</span><br />
