<span class="irc-date">[0:11]</span> <span class="irc-navy">* terry-b3 (~chrome@97-126-114-110.tukw.qwest.net) Quit (Read error: Connection reset by peer)</span><br />
<span class="irc-date">[0:11]</span> <span class="irc-green">* terry-b3 (~chrome@97-126-114-110.tukw.qwest.net) has joined #duraspace</span><br />
<span class="irc-date">[6:33]</span> <span class="irc-brown">-verne.freenode.net- *** Looking up your hostname...</span><br />
<span class="irc-date">[6:33]</span> <span class="irc-brown">-verne.freenode.net- *** Checking Ident</span><br />
<span class="irc-date">[6:33]</span> <span class="irc-brown">-verne.freenode.net- *** Found your hostname</span><br />
<span class="irc-date">[6:33]</span> <span class="irc-brown">-verne.freenode.net- *** No Ident response</span><br />
<span class="irc-date">[6:33]</span> <span class="irc-green">* DuraLogBot (~PircBot@webster.duraspace.org) has joined #duraspace</span><br />
<span class="irc-date">[6:33]</span> <span class="irc-green">* Topic is 'Welcome to DuraSpace IRC. This channel is used for formal meetings and is logged - <a href="http://irclogs.duraspace.org/'">http://irclogs.duraspace.org/'</a></span><br />
<span class="irc-date">[6:33]</span> <span class="irc-green">* Set by tdonohue on Thu Sep 15 17:49:38 UTC 2016</span><br />
<span class="irc-date">[11:40]</span> <span class="irc-green">* misilot_ is now known as misilot</span><br />
<span class="irc-date">[12:30]</span> <span class="irc-green">* mhwood (mwood@mhw.ulib.iupui.edu) has joined #duraspace</span><br />
<span class="irc-date">[13:09]</span> <span class="irc-green">* tdonohue (~tdonohue@dspace/tdonohue) has joined #duraspace</span><br />
<span class="irc-date">[16:25]</span> <span class="irc-green">* hpottinger (~hpottinge@162.104.218.179) has joined #duraspace</span><br />
<span class="irc-date">[16:36]</span> <span class="irc-green">* pbecker (~anonymous@55d40c3e.access.ecotel.net) has joined #duraspace</span><br />
<span class="irc-date">[16:36]</span> <span class="irc-black">&lt;pbecker&gt; hi mhwood, terry-b3, tdonohue, hpottinger.</span><br />
<span class="irc-date">[16:36]</span> <span class="irc-black">&lt;pbecker&gt; I have a simple XMLUI question, does anyone have a moment?</span><br />
<span class="irc-date">[16:37]</span> <span class="irc-black">&lt;pbecker&gt; How can I add a static link to mirage’s (1) sidebar?</span><br />
<span class="irc-date">[16:37]</span> <span class="irc-brick">* hpottinger lurks, but hopes to be helpful...</span><br />
<span class="irc-date">[16:37]</span> <span class="irc-black">&lt;pbecker&gt; The sidebar of mirage changes depending on the part of DSpace someone is viewing.</span><br />
<span class="irc-date">[16:37]</span> <span class="irc-black">&lt;hpottinger&gt; Oh, that's the fun of XMLUI, you edit an XSLT file</span><br />
<span class="irc-date">[16:38]</span> <span class="irc-black">&lt;hpottinger&gt; are you using Mirage or Mirage2?</span><br />
<span class="irc-date">[16:38]</span> <span class="irc-black">&lt;pbecker&gt; so there is a different sidebar for the itemview than for the community home or for the profile.</span><br />
<span class="irc-date">[16:38]</span> <span class="irc-black">&lt;pbecker&gt; Mirage.</span><br />
<span class="irc-date">[16:38]</span> <span class="irc-black">&lt;pbecker&gt; I want to add links to help and other information that shall be shown on *all* parts of DSpace.</span><br />
<span class="irc-date">[16:38]</span> <span class="irc-black">&lt;hpottinger&gt; did you copy the Mirage theme, or are you including the Mirage theme files in your own theme?</span><br />
<span class="irc-date">[16:39]</span> <span class="irc-black">&lt;pbecker&gt; not sure, I haven’t done this myself and cannot see the code.</span><br />
<span class="irc-date">[16:39]</span> <span class="irc-black">&lt;hpottinger&gt; and you're sure you want to use the sidebar and not the top navigation?</span><br />
<span class="irc-date">[16:39]</span> <span class="irc-black">&lt;pbecker&gt; the repository looks like a default mirage theme with changed colors and images.</span><br />
<span class="irc-date">[16:40]</span> <span class="irc-black">&lt;pbecker&gt; <a href="http://voado.uni-vechta.de">http://voado.uni-vechta.de</a></span><br />
<span class="irc-date">[16:40]</span> <span class="irc-black">&lt;kompewter&gt; [ VOADo Startseite ] - <a href="http://voado.uni-vechta.de">http://voado.uni-vechta.de</a></span><br />
<span class="irc-date">[16:40]</span> <span class="irc-black">&lt;pbecker&gt; what is the top of navigation?</span><br />
<span class="irc-date">[16:40]</span> <span class="irc-black">&lt;hpottinger&gt; "cannot see the code" = o.O</span><br />
<span class="irc-date">[16:40]</span> <span class="irc-black">&lt;pbecker&gt; someone asked for help.</span><br />
<span class="irc-date">[16:40]</span> <span class="irc-black">&lt;hpottinger&gt; an example: <a href="https://mospace.umsystem.edu/xmlui/">https://mospace.umsystem.edu/xmlui/</a></span><br />
<span class="irc-date">[16:40]</span> <span class="irc-black">&lt;kompewter&gt; [ MOspace Home ] - <a href="https://mospace.umsystem.edu/xmlui/">https://mospace.umsystem.edu/xmlui/</a></span><br />
<span class="irc-date">[16:40]</span> <span class="irc-black">&lt;hpottinger&gt; we put static links up top</span><br />
<span class="irc-date">[16:40]</span> <span class="irc-black">&lt;hpottinger&gt; was super easy</span><br />
<span class="irc-date">[16:40]</span> <span class="irc-black">&lt;pbecker&gt; I see.</span><br />
<span class="irc-date">[16:41]</span> <span class="irc-black">&lt;pbecker&gt; they want to add it to the sidebar.</span><br />
<span class="irc-date">[16:41]</span> <span class="irc-black">&lt;hpottinger&gt; is this a dspace-tech question?</span><br />
<span class="irc-date">[16:41]</span> <span class="irc-black">&lt;pbecker&gt; it came privately, but I could send them to dspace-tech.</span><br />
<span class="irc-date">[16:41]</span> <span class="irc-black">&lt;pbecker&gt; I thought this should be super easy.</span><br />
<span class="irc-date">[16:41]</span> <span class="irc-black">&lt;hpottinger&gt; that's the best place, I bet helix84 would help them within an hour</span><br />
<span class="irc-date">[16:42]</span> <span class="irc-black">&lt;hpottinger&gt; (see what I did there?)</span><br />
<span class="irc-date">[16:42]</span> <span class="irc-black">&lt;pbecker&gt; yes, looks nice!</span><br />
<span class="irc-date">[16:42]</span> <span class="irc-black">&lt;hpottinger&gt; heh, nah, see, I pinged helix84, "hedging my bet"</span><br />
<span class="irc-date">[16:43]</span> <span class="irc-black">&lt;pbecker&gt; wow, we are in #duraspace…</span><br />
<span class="irc-date">[16:43]</span> <span class="irc-black">&lt;pbecker&gt; lets move to #dspace.</span><br />
<span class="irc-date">[16:43]</span> <span class="irc-black">&lt;hpottinger&gt; oops :-)</span><br />
<span class="irc-date">[16:55]</span> <span class="irc-navy">* dyelar (~dyelar@129.237.45.105) Quit (Quit: Leaving.)</span><br />
<span class="irc-date">[16:56]</span> <span class="irc-navy">* hpottinger (~hpottinge@162.104.218.179) Quit (Quit: Leaving, later taterz!)</span><br />
<span class="irc-date">[17:34]</span> <span class="irc-navy">* pbecker (~anonymous@55d40c3e.access.ecotel.net) Quit (Quit: pbecker)</span><br />
<span class="irc-date">[19:32]</span> <span class="irc-green">* dyelar (~dyelar@129.237.45.105) has joined #duraspace</span><br />
<span class="irc-date">[20:24]</span> <span class="irc-green">* hpottinger (~hpottinge@vpn-128-97-245-88.host.ucla.edu) has joined #duraspace</span><br />
<span class="irc-date">[21:16]</span> <span class="irc-green">* mhwood (mwood@mhw.ulib.iupui.edu) has left #duraspace</span><br />
<span class="irc-date">[21:26]</span> <span class="irc-navy">* hpottinger (~hpottinge@vpn-128-97-245-88.host.ucla.edu) Quit (Quit: Leaving, later taterz!)</span><br />
<span class="irc-date">[21:42]</span> <span class="irc-green">* tdonohue (~tdonohue@dspace/tdonohue) has left #duraspace</span><br />
<span class="irc-date">[21:56]</span> <span class="irc-navy">* dyelar (~dyelar@129.237.45.105) Quit (Quit: Leaving.)</span><br />
