<span class="irc-date">[6:38]</span> <span class="irc-brown">-asimov.freenode.net- *** Looking up your hostname...</span><br />
<span class="irc-date">[6:38]</span> <span class="irc-brown">-asimov.freenode.net- *** Checking Ident</span><br />
<span class="irc-date">[6:38]</span> <span class="irc-brown">-asimov.freenode.net- *** Found your hostname</span><br />
<span class="irc-date">[6:38]</span> <span class="irc-brown">-asimov.freenode.net- *** No Ident response</span><br />
<span class="irc-date">[6:38]</span> <span class="irc-green">* DuraLogBot (~PircBot@webster.duraspace.org) has joined #duraspace</span><br />
<span class="irc-date">[6:38]</span> <span class="irc-green">* Topic is '[Welcome to DuraSpace - This channel is logged - <a href="http://irclogs.duraspace.org/]'">http://irclogs.duraspace.org/]'</a></span><br />
<span class="irc-date">[6:38]</span> <span class="irc-green">* Set by cwilper!ad579d86@gateway/web/freenode/ip.173.87.157.134 on Fri Oct 22 01:19:41 UTC 2010</span><br />
<span class="irc-date">[13:00]</span> <span class="irc-navy">* dyelar (~dyelar@31.158.45.66.cm.sunflower.com) Quit (Quit: Leaving.)</span><br />
<span class="irc-date">[13:10]</span> <span class="irc-green">* mhwood (~mhwood@mhw.ulib.iupui.edu) has joined #duraspace</span><br />
<span class="irc-date">[14:17]</span> <span class="irc-green">* tdonohue (~tdonohue@c-98-226-113-104.hsd1.il.comcast.net) has joined #duraspace</span><br />
<span class="irc-date">[14:35]</span> <span class="irc-green">* awoods (~awoods@c-98-245-50-182.hsd1.co.comcast.net) has joined #duraspace</span><br />
<span class="irc-date">[14:36]</span> <span class="irc-green">* peterdietz (uid52203@gateway/web/irccloud.com/x-mxwdqdwmdvdwjozj) has joined #duraspace</span><br />
<span class="irc-date">[14:50]</span> <span class="irc-green">* th5 (~th5@unaffiliated/th5) has joined #duraspace</span><br />
<span class="irc-date">[15:25]</span> <span class="irc-green">* dyelar (~dyelar@129.237.45.105) has joined #duraspace</span><br />
<span class="irc-date">[15:47]</span> <span class="irc-green">* helix84 (~ctenar@unaffiliated/helix84) has joined #duraspace</span><br />
<span class="irc-date">[20:20]</span> <span class="irc-navy">* terry-b (~chrome@71-35-109-90.tukw.qwest.net) Quit (*.net *.split)</span><br />
<span class="irc-date">[20:20]</span> <span class="irc-green">* terry-b (~chrome@71-35-109-90.tukw.qwest.net) has joined #duraspace</span><br />
<span class="irc-date">[21:00]</span> <span class="irc-navy">* terry-b (~chrome@71-35-109-90.tukw.qwest.net) Quit (Remote host closed the connection)</span><br />
<span class="irc-date">[21:01]</span> <span class="irc-green">* terry-b (~chrome@71-35-109-90.tukw.qwest.net) has joined #duraspace</span><br />
<span class="irc-date">[21:06]</span> <span class="irc-navy">* dyelar (~dyelar@129.237.45.105) Quit (Ping timeout: 244 seconds)</span><br />
<span class="irc-date">[21:08]</span> <span class="irc-green">* hpottinger (~hpottinge@mu-162038.dhcp.missouri.edu) has joined #duraspace</span><br />
<span class="irc-date">[21:23]</span> <span class="irc-green">* dyelar (~dyelar@129.237.108.10) has joined #duraspace</span><br />
<span class="irc-date">[21:36]</span> <span class="irc-navy">* hpottinger (~hpottinge@mu-162038.dhcp.missouri.edu) Quit (Quit: Leaving, later taterz!)</span><br />
<span class="irc-date">[22:12]</span> <span class="irc-green">* mhwood (~mhwood@mhw.ulib.iupui.edu) has left #duraspace</span><br />
<span class="irc-date">[22:27]</span> <span class="irc-navy">* th5 (~th5@unaffiliated/th5) Quit (Ping timeout: 240 seconds)</span><br />
<span class="irc-date">[22:53]</span> <span class="irc-green">* tdonohue (~tdonohue@c-98-226-113-104.hsd1.il.comcast.net) has left #duraspace</span><br />
<span class="irc-date">[23:05]</span> <span class="irc-navy">* dyelar (~dyelar@129.237.108.10) Quit (Ping timeout: 255 seconds)</span><br />
<span class="irc-date">[23:22]</span> <span class="irc-green">* dyelar (~dyelar@129.237.45.105) has joined #duraspace</span><br />
