<span class="irc-date">[0:10]</span> <span class="irc-green">* kshepherd (~kim@wireless-nat-21.auckland.ac.nz) has joined #duraspace</span><br />
<span class="irc-date">[0:54]</span> <span class="irc-navy">* kshepherd (~kim@wireless-nat-21.auckland.ac.nz) Quit (Ping timeout: 246 seconds)</span><br />
<span class="irc-date">[1:19]</span> <span class="irc-green">* kshepherd (~kim@wireless-nat-21.auckland.ac.nz) has joined #duraspace</span><br />
<span class="irc-date">[1:24]</span> <span class="irc-navy">* kshepherd (~kim@wireless-nat-21.auckland.ac.nz) Quit (Ping timeout: 240 seconds)</span><br />
<span class="irc-date">[1:32]</span> <span class="irc-green">* kshepherd (~kim@lbdigs29.lbr.auckland.ac.nz) has joined #duraspace</span><br />
<span class="irc-date">[3:22]</span> <span class="irc-navy">* kshepherd (~kim@lbdigs29.lbr.auckland.ac.nz) Quit (Ping timeout: 244 seconds)</span><br />
<span class="irc-date">[3:29]</span> <span class="irc-green">* kshepherd (~kim@lbdigs29.lbr.auckland.ac.nz) has joined #duraspace</span><br />
<span class="irc-date">[4:40]</span> <span class="irc-navy">* kshepherd (~kim@lbdigs29.lbr.auckland.ac.nz) Quit (Ping timeout: 268 seconds)</span><br />
<span class="irc-date">[5:35]</span> <span class="irc-navy">* awoods (~awoods@c-98-245-50-182.hsd1.co.comcast.net) Quit (Remote host closed the connection)</span><br />
<span class="irc-date">[6:26]</span> <span class="irc-brown">-wilhelm.freenode.net- *** Looking up your hostname...</span><br />
<span class="irc-date">[6:26]</span> <span class="irc-brown">-wilhelm.freenode.net- *** Checking Ident</span><br />
<span class="irc-date">[6:26]</span> <span class="irc-brown">-wilhelm.freenode.net- *** Found your hostname</span><br />
<span class="irc-date">[6:26]</span> <span class="irc-brown">-wilhelm.freenode.net- *** No Ident response</span><br />
<span class="irc-date">[6:26]</span> <span class="irc-green">* DuraLogBot (~PircBot@webster.duraspace.org) has joined #duraspace</span><br />
<span class="irc-date">[6:26]</span> <span class="irc-green">* Topic is '[Welcome to DuraSpace - This channel is logged - <a href="http://irclogs.duraspace.org/]'">http://irclogs.duraspace.org/]'</a></span><br />
<span class="irc-date">[6:26]</span> <span class="irc-green">* Set by cwilper!ad579d86@gateway/web/freenode/ip.173.87.157.134 on Fri Oct 22 01:19:41 UTC 2010</span><br />
<span class="irc-date">[9:00]</span> <span class="irc-navy">* theDiSCLAiMER (~pbuenapos@192.94.163.146) Quit (Quit: Leaving.)</span><br />
<span class="irc-date">[9:12]</span> <span class="irc-green">* theDiSCLAiMER (~pbuenapos@192.94.163.146) has joined #duraspace</span><br />
<span class="irc-date">[10:58]</span> <span class="irc-navy">* theDiSCLAiMER (~pbuenapos@192.94.163.146) Quit (Quit: Leaving.)</span><br />
<span class="irc-date">[10:59]</span> <span class="irc-green">* dyelar (~dyelar@31.158.45.66.cm.sunflower.com) has joined #duraspace</span><br />
<span class="irc-date">[11:03]</span> <span class="irc-green">* theDiSCLAiMER (~pbuenapos@192.94.163.146) has joined #duraspace</span><br />
<span class="irc-date">[11:45]</span> <span class="irc-navy">* dyelar (~dyelar@31.158.45.66.cm.sunflower.com) Quit (Quit: Leaving.)</span><br />
<span class="irc-date">[11:46]</span> <span class="irc-navy">* terry-b (~chrome@71-212-70-131.tukw.qwest.net) Quit (Ping timeout: 260 seconds)</span><br />
<span class="irc-date">[11:49]</span> <span class="irc-green">* terry-b (~chrome@71-212-101-240.tukw.qwest.net) has joined #duraspace</span><br />
<span class="irc-date">[12:58]</span> <span class="irc-green">* tdonohue (~tdonohue@c-98-220-55-31.hsd1.il.comcast.net) has joined #duraspace</span><br />
<span class="irc-date">[13:29]</span> <span class="irc-green">* mhwood (mwood@mhw.ulib.iupui.edu) has joined #duraspace</span><br />
<span class="irc-date">[13:50]</span> <span class="irc-green">* th5 (~Adium@unaffiliated/th5) has joined #duraspace</span><br />
<span class="irc-date">[14:10]</span> <span class="irc-green">* awoods (~awoods@c-98-245-50-182.hsd1.co.comcast.net) has joined #duraspace</span><br />
<span class="irc-date">[15:28]</span> <span class="irc-navy">* th5 (~Adium@unaffiliated/th5) Quit (Quit: Leaving.)</span><br />
<span class="irc-date">[15:42]</span> <span class="irc-navy">* theDiSCLAiMER (~pbuenapos@192.94.163.146) Quit (Quit: Leaving.)</span><br />
<span class="irc-date">[16:32]</span> <span class="irc-green">* dyelar (~dyelar@129.237.45.105) has joined #duraspace</span><br />
<span class="irc-date">[18:27]</span> <span class="irc-green">* kshepherd (~kim@lbdigs29.lbr.auckland.ac.nz) has joined #duraspace</span><br />
<span class="irc-date">[18:39]</span> <span class="irc-green">* mhwood (mwood@mhw.ulib.iupui.edu) has left #duraspace</span><br />
<span class="irc-date">[19:00]</span> <span class="irc-navy">* dyelar (~dyelar@129.237.45.105) Quit (Ping timeout: 244 seconds)</span><br />
<span class="irc-date">[21:37]</span> <span class="irc-navy">* kshepherd (~kim@lbdigs29.lbr.auckland.ac.nz) Quit (Ping timeout: 276 seconds)</span><br />
<span class="irc-date">[22:04]</span> <span class="irc-green">* tdonohue (~tdonohue@c-98-220-55-31.hsd1.il.comcast.net) has left #duraspace</span><br />
<span class="irc-date">[22:32]</span> <span class="irc-green">* kshepherd (~kim@lbdigs29.lbr.auckland.ac.nz) has joined #duraspace</span><br />
<span class="irc-date">[22:37]</span> <span class="irc-navy">* kshepherd (~kim@lbdigs29.lbr.auckland.ac.nz) Quit (Ping timeout: 260 seconds)</span><br />
<span class="irc-date">[22:55]</span> <span class="irc-green">* kshepherd (~kim@lbdigs29.lbr.auckland.ac.nz) has joined #duraspace</span><br />
