<span class="irc-date">[0:18]</span> <span class="irc-navy">* Insanity_ (~Insanity@85.234.195.109.static.edpnet.net) Quit (Remote host closed the connection)</span><br />
<span class="irc-date">[0:24]</span> <span class="irc-green">* kshepherd (~kim@wireless-nat-21.auckland.ac.nz) has joined #duraspace</span><br />
<span class="irc-date">[0:36]</span> <span class="irc-navy">* kshepherd (~kim@wireless-nat-21.auckland.ac.nz) Quit (Ping timeout: 246 seconds)</span><br />
<span class="irc-date">[0:52]</span> <span class="irc-green">* kshepherd (~kim@wireless-nat-21.auckland.ac.nz) has joined #duraspace</span><br />
<span class="irc-date">[1:02]</span> <span class="irc-navy">* kshepherd (~kim@wireless-nat-21.auckland.ac.nz) Quit (Ping timeout: 240 seconds)</span><br />
<span class="irc-date">[1:23]</span> <span class="irc-green">* kshepherd (~kim@lbdigs29.lbr.auckland.ac.nz) has joined #duraspace</span><br />
<span class="irc-date">[1:28]</span> <span class="irc-navy">* kshepherd (~kim@lbdigs29.lbr.auckland.ac.nz) Quit (Ping timeout: 276 seconds)</span><br />
<span class="irc-date">[1:28]</span> <span class="irc-green">* kshepherd (~kim@lbdigs29.lbr.auckland.ac.nz) has joined #duraspace</span><br />
<span class="irc-date">[1:34]</span> <span class="irc-navy">* kshepherd (~kim@lbdigs29.lbr.auckland.ac.nz) Quit (Ping timeout: 250 seconds)</span><br />
<span class="irc-date">[2:18]</span> <span class="irc-green">* Insanity_ (~Insanity@85.234.195.109.static.edpnet.net) has joined #duraspace</span><br />
<span class="irc-date">[2:23]</span> <span class="irc-navy">* Insanity_ (~Insanity@85.234.195.109.static.edpnet.net) Quit (Ping timeout: 268 seconds)</span><br />
<span class="irc-date">[3:52]</span> <span class="irc-green">* kshepherd (~kim@118.148.79.219) has joined #duraspace</span><br />
<span class="irc-date">[4:20]</span> <span class="irc-green">* Insanity_ (~Insanity@85.234.195.109.static.edpnet.net) has joined #duraspace</span><br />
<span class="irc-date">[4:25]</span> <span class="irc-navy">* Insanity_ (~Insanity@85.234.195.109.static.edpnet.net) Quit (Ping timeout: 250 seconds)</span><br />
<span class="irc-date">[6:22]</span> <span class="irc-green">* Insanity_ (~Insanity@85.234.195.109.static.edpnet.net) has joined #duraspace</span><br />
<span class="irc-date">[6:26]</span> <span class="irc-navy">* Insanity_ (~Insanity@85.234.195.109.static.edpnet.net) Quit (Ping timeout: 276 seconds)</span><br />
<span class="irc-date">[6:27]</span> <span class="irc-brown">-hitchcock.freenode.net- *** Looking up your hostname...</span><br />
<span class="irc-date">[6:27]</span> <span class="irc-brown">-hitchcock.freenode.net- *** Checking Ident</span><br />
<span class="irc-date">[6:27]</span> <span class="irc-brown">-hitchcock.freenode.net- *** Found your hostname</span><br />
<span class="irc-date">[6:27]</span> <span class="irc-brown">-hitchcock.freenode.net- *** No Ident response</span><br />
<span class="irc-date">[6:27]</span> <span class="irc-green">* DuraLogBot (~PircBot@webster.duraspace.org) has joined #duraspace</span><br />
<span class="irc-date">[6:27]</span> <span class="irc-green">* Topic is '[Welcome to DuraSpace - This channel is logged - <a href="http://irclogs.duraspace.org/]'">http://irclogs.duraspace.org/]'</a></span><br />
<span class="irc-date">[6:27]</span> <span class="irc-green">* Set by cwilper!ad579d86@gateway/web/freenode/ip.173.87.157.134 on Fri Oct 22 01:19:41 UTC 2010</span><br />
<span class="irc-date">[6:40]</span> <span class="irc-navy">* kshepherd (~kim@118.148.79.219) Quit (Ping timeout: 244 seconds)</span><br />
<span class="irc-date">[6:42]</span> <span class="irc-green">* kshepherd (~kim@118.148.79.219) has joined #duraspace</span><br />
<span class="irc-date">[7:47]</span> <span class="irc-green">* Insanity_ (~Insanity@85.234.195.109.static.edpnet.net) has joined #duraspace</span><br />
<span class="irc-date">[8:02]</span> <span class="irc-navy">* kshepherd (~kim@118.148.79.219) Quit (Ping timeout: 246 seconds)</span><br />
<span class="irc-date">[8:04]</span> <span class="irc-green">* kshepherd (~kim@118.148.79.219) has joined #duraspace</span><br />
<span class="irc-date">[8:26]</span> <span class="irc-navy">* Insanity_ (~Insanity@85.234.195.109.static.edpnet.net) Quit (Remote host closed the connection)</span><br />
<span class="irc-date">[8:26]</span> <span class="irc-green">* Insanity_ (~Insanity@86.39.200.115.static.hosted.by.easyhost.be) has joined #duraspace</span><br />
<span class="irc-date">[8:55]</span> <span class="irc-green">* pbecker (~pbecker@ubwstmapc098.ub.tu-berlin.de) has joined #duraspace</span><br />
<span class="irc-date">[10:01]</span> <span class="irc-navy">* kshepherd (~kim@118.148.79.219) Quit (Ping timeout: 252 seconds)</span><br />
<span class="irc-date">[10:19]</span> <span class="irc-green">* kshepherd (~kim@118.148.79.219) has joined #duraspace</span><br />
<span class="irc-date">[12:22]</span> <span class="irc-green">* mhwood (mwood@mhw.ulib.iupui.edu) has joined #duraspace</span><br />
<span class="irc-date">[12:55]</span> <span class="irc-green">* tdonohue (~tdonohue@c-98-220-55-31.hsd1.il.comcast.net) has joined #duraspace</span><br />
<span class="irc-date">[13:11]</span> <span class="irc-navy">* pbecker (~pbecker@ubwstmapc098.ub.tu-berlin.de) Quit (Quit: Leaving)</span><br />
<span class="irc-date">[13:18]</span> <span class="irc-navy">* kshepherd (~kim@118.148.79.219) Quit (Ping timeout: 250 seconds)</span><br />
<span class="irc-date">[15:00]</span> <span class="irc-green">* kompewter (~kompewter@ec2-50-17-201-82.compute-1.amazonaws.com) has joined #duraspace</span><br />
<span class="irc-date">[15:59]</span> <span class="irc-navy">* Insanity_ (~Insanity@86.39.200.115.static.hosted.by.easyhost.be) Quit (Remote host closed the connection)</span><br />
<span class="irc-date">[17:59]</span> <span class="irc-green">* Insanity_ (~Insanity@85.234.195.109.static.edpnet.net) has joined #duraspace</span><br />
<span class="irc-date">[18:04]</span> <span class="irc-navy">* Insanity_ (~Insanity@85.234.195.109.static.edpnet.net) Quit (Ping timeout: 268 seconds)</span><br />
<span class="irc-date">[20:01]</span> <span class="irc-green">* Insanity_ (~Insanity@85.234.195.109.static.edpnet.net) has joined #duraspace</span><br />
<span class="irc-date">[20:05]</span> <span class="irc-navy">* Insanity_ (~Insanity@85.234.195.109.static.edpnet.net) Quit (Ping timeout: 244 seconds)</span><br />
<span class="irc-date">[20:22]</span> <span class="irc-green">* kshepherd (~kim@lbdigs29.lbr.auckland.ac.nz) has joined #duraspace</span><br />
<span class="irc-date">[21:42]</span> <span class="irc-green">* mhwood (mwood@mhw.ulib.iupui.edu) has left #duraspace</span><br />
<span class="irc-date">[22:01]</span> <span class="irc-green">* Insanity_ (~Insanity@85.234.195.109.static.edpnet.net) has joined #duraspace</span><br />
<span class="irc-date">[22:02]</span> <span class="irc-navy">* tdonohue (~tdonohue@c-98-220-55-31.hsd1.il.comcast.net) Quit (Read error: Connection reset by peer)</span><br />
<span class="irc-date">[22:06]</span> <span class="irc-navy">* Insanity_ (~Insanity@85.234.195.109.static.edpnet.net) Quit (Ping timeout: 260 seconds)</span><br />
<span class="irc-date">[22:59]</span> <span class="irc-navy">* dyelar (~dyelar@129.237.45.105) Quit (Quit: Leaving.)</span><br />
<span class="irc-date">[23:59]</span> <span class="irc-navy">* kshepherd (~kim@lbdigs29.lbr.auckland.ac.nz) Quit (Ping timeout: 276 seconds)</span><br />
<span class="irc-date">[23:59]</span> <span class="irc-green">* Insanity_ (~Insanity@85.234.195.109.static.edpnet.net) has joined #duraspace</span><br />
