<span class="irc-date">[0:37]</span> <span class="irc-navy">* Dylan (~Dylan@85.234.195.109.static.edpnet.net) Quit (Remote host closed the connection)</span><br />
<span class="irc-date">[0:38]</span> <span class="irc-green">* Dylan (~Dylan@85.234.195.109.static.edpnet.net) has joined #duraspace</span><br />
<span class="irc-date">[0:42]</span> <span class="irc-navy">* Dylan (~Dylan@85.234.195.109.static.edpnet.net) Quit (Ping timeout: 244 seconds)</span><br />
<span class="irc-date">[4:39]</span> <span class="irc-green">* Dylan (~Dylan@85.234.195.109.static.edpnet.net) has joined #duraspace</span><br />
<span class="irc-date">[4:43]</span> <span class="irc-navy">* Dylan (~Dylan@85.234.195.109.static.edpnet.net) Quit (Ping timeout: 240 seconds)</span><br />
<span class="irc-date">[6:28]</span> <span class="irc-brown">-wilhelm.freenode.net- *** Looking up your hostname...</span><br />
<span class="irc-date">[6:28]</span> <span class="irc-brown">-wilhelm.freenode.net- *** Checking Ident</span><br />
<span class="irc-date">[6:28]</span> <span class="irc-brown">-wilhelm.freenode.net- *** Found your hostname</span><br />
<span class="irc-date">[6:28]</span> <span class="irc-brown">-wilhelm.freenode.net- *** No Ident response</span><br />
<span class="irc-date">[6:28]</span> <span class="irc-green">* DuraLogBot (~PircBot@webster.duraspace.org) has joined #duraspace</span><br />
<span class="irc-date">[6:28]</span> <span class="irc-green">* Topic is '[Welcome to DuraSpace - This channel is logged - <a href="http://irclogs.duraspace.org/]'">http://irclogs.duraspace.org/]'</a></span><br />
<span class="irc-date">[6:28]</span> <span class="irc-green">* Set by cwilper!ad579d86@gateway/web/freenode/ip.173.87.157.134 on Fri Oct 22 01:19:41 UTC 2010</span><br />
<span class="irc-date">[6:40]</span> <span class="irc-green">* Dylan (~Dylan@85.234.195.109.static.edpnet.net) has joined #duraspace</span><br />
<span class="irc-date">[6:45]</span> <span class="irc-navy">* Dylan (~Dylan@85.234.195.109.static.edpnet.net) Quit (Ping timeout: 264 seconds)</span><br />
<span class="irc-date">[7:19]</span> <span class="irc-green">* Dylan (~Dylan@85.234.195.109.static.edpnet.net) has joined #duraspace</span><br />
<span class="irc-date">[8:16]</span> <span class="irc-green">* helix84 (~ctenar@unaffiliated/helix84) has joined #duraspace</span><br />
<span class="irc-date">[12:11]</span> <span class="irc-green">* pbecker (~pbecker@ubwstmapc098.ub.tu-berlin.de) has joined #duraspace</span><br />
<span class="irc-date">[12:17]</span> <span class="irc-green">* mhwood (mwood@mhw.ulib.iupui.edu) has joined #duraspace</span><br />
<span class="irc-date">[13:38]</span> <span class="irc-green">* tdonohue (~tdonohue@c-98-220-55-31.hsd1.il.comcast.net) has joined #duraspace</span><br />
<span class="irc-date">[13:41]</span> <span class="irc-navy">* mhwood (mwood@mhw.ulib.iupui.edu) Quit (Remote host closed the connection)</span><br />
<span class="irc-date">[13:58]</span> <span class="irc-navy">* Dylan (~Dylan@85.234.195.109.static.edpnet.net) Quit (Remote host closed the connection)</span><br />
<span class="irc-date">[13:59]</span> <span class="irc-green">* Dylan (~Dylan@86.39.200.115.static.hosted.by.easyhost.be) has joined #duraspace</span><br />
<span class="irc-date">[14:05]</span> <span class="irc-green">* mhwood (mwood@mhw.ulib.iupui.edu) has joined #duraspace</span><br />
<span class="irc-date">[14:07]</span> <span class="irc-navy">* mhwood (mwood@mhw.ulib.iupui.edu) Quit (Remote host closed the connection)</span><br />
<span class="irc-date">[14:07]</span> <span class="irc-green">* mhwood (mwood@mhw.ulib.iupui.edu) has joined #duraspace</span><br />
<span class="irc-date">[14:07]</span> <span class="irc-navy">* mhwood (mwood@mhw.ulib.iupui.edu) Quit (Remote host closed the connection)</span><br />
<span class="irc-date">[14:10]</span> <span class="irc-green">* mhwood (mwood@mhw.ulib.iupui.edu) has joined #duraspace</span><br />
<span class="irc-date">[14:16]</span> <span class="irc-navy">* misilot (~misilot@p-body.lib.fit.edu) Quit (Read error: Connection reset by peer)</span><br />
<span class="irc-date">[14:20]</span> <span class="irc-green">* dyelar (~dyelar@129.237.108.10) has joined #duraspace</span><br />
<span class="irc-date">[15:14]</span> <span class="irc-navy">* Dylan (~Dylan@86.39.200.115.static.hosted.by.easyhost.be) Quit ()</span><br />
<span class="irc-date">[17:44]</span> <span class="irc-navy">* pbecker (~pbecker@ubwstmapc098.ub.tu-berlin.de) Quit (Quit: Leaving)</span><br />
<span class="irc-date">[17:58]</span> <span class="irc-green">* misilot (~misilot@p-body.lib.fit.edu) has joined #duraspace</span><br />
<span class="irc-date">[19:14]</span> <span class="irc-green">* hpottinger (~hpottinge@mu-161168.dhcp.missouri.edu) has joined #duraspace</span><br />
<span class="irc-date">[19:15]</span> <span class="irc-navy">* dyelar (~dyelar@129.237.108.10) Quit (Quit: Leaving.)</span><br />
<span class="irc-date">[19:39]</span> <span class="irc-green">* terry-b3 (~chrome@75-172-49-239.tukw.qwest.net) has joined #duraspace</span><br />
<span class="irc-date">[19:42]</span> <span class="irc-navy">* terry-b (~chrome@75-172-49-239.tukw.qwest.net) Quit (Ping timeout: 252 seconds)</span><br />
<span class="irc-date">[19:43]</span> <span class="irc-navy">* hpottinger (~hpottinge@mu-161168.dhcp.missouri.edu) Quit (Quit: Leaving, later taterz!)</span><br />
<span class="irc-date">[20:09]</span> <span class="irc-green">* dyelar (~dyelar@31.158.45.66.cm.sunflower.com) has joined #duraspace</span><br />
<span class="irc-date">[21:01]</span> <span class="irc-green">* mhwood (mwood@mhw.ulib.iupui.edu) has left #duraspace</span><br />
<span class="irc-date">[21:53]</span> <span class="irc-green">* tdonohue (~tdonohue@c-98-220-55-31.hsd1.il.comcast.net) has left #duraspace</span><br />
<span class="irc-date">[22:28]</span> <span class="irc-navy">* dyelar (~dyelar@31.158.45.66.cm.sunflower.com) Quit (Quit: Leaving.)</span><br />
