<span class="irc-date">[2:42]</span> <span class="irc-green">* awoods is now known as awoods_away</span><br />
<span class="irc-date">[6:43]</span> <span class="irc-brown">-asimov.freenode.net- *** Looking up your hostname...</span><br />
<span class="irc-date">[6:43]</span> <span class="irc-brown">-asimov.freenode.net- *** Checking Ident</span><br />
<span class="irc-date">[6:43]</span> <span class="irc-brown">-asimov.freenode.net- *** Found your hostname</span><br />
<span class="irc-date">[6:43]</span> <span class="irc-brown">-asimov.freenode.net- *** No Ident response</span><br />
<span class="irc-date">[6:43]</span> <span class="irc-green">* DuraLogBot (~PircBot@webster.duraspace.org) has joined #duraspace</span><br />
<span class="irc-date">[6:43]</span> <span class="irc-green">* Topic is '[Welcome to DuraSpace - This channel is logged - <a href="http://irclogs.duraspace.org/]'">http://irclogs.duraspace.org/]'</a></span><br />
<span class="irc-date">[6:43]</span> <span class="irc-green">* Set by cwilper!ad579d86@gateway/web/freenode/ip.173.87.157.134 on Fri Oct 22 01:19:41 UTC 2010</span><br />
<span class="irc-date">[8:02]</span> <span class="irc-navy">* peterdietz (uid52203@gateway/web/irccloud.com/x-uwthvpccyuailqix) Quit (Quit: Connection closed for inactivity)</span><br />
<span class="irc-date">[13:25]</span> <span class="irc-green">* mhwood (mwood@mhw.ulib.iupui.edu) has joined #duraspace</span><br />
<span class="irc-date">[13:53]</span> <span class="irc-green">* tdonohue (~tdonohue@c-98-226-113-104.hsd1.il.comcast.net) has joined #duraspace</span><br />
<span class="irc-date">[14:05]</span> <span class="irc-green">* cknowles (uid98028@gateway/web/irccloud.com/x-xpnesqcankftexal) has joined #duraspace</span><br />
<span class="irc-date">[15:46]</span> <span class="irc-green">* peterdietz (uid52203@gateway/web/irccloud.com/x-ehbfbfpuclroalkl) has joined #duraspace</span><br />
<span class="irc-date">[16:08]</span> <span class="irc-green">* hpottinger (~hpottinge@mu-162038.dhcp.missouri.edu) has joined #duraspace</span><br />
<span class="irc-date">[16:21]</span> <span class="irc-navy">* cknowles (uid98028@gateway/web/irccloud.com/x-xpnesqcankftexal) Quit (Quit: Connection closed for inactivity)</span><br />
<span class="irc-date">[17:04]</span> <span class="irc-green">* peterdietz_ (uid52203@gateway/web/irccloud.com/x-tomapjvorkudpzzm) has joined #duraspace</span><br />
<span class="irc-date">[17:07]</span> <span class="irc-navy">* peterdietz (uid52203@gateway/web/irccloud.com/x-ehbfbfpuclroalkl) Quit (Ping timeout: 240 seconds)</span><br />
<span class="irc-date">[17:07]</span> <span class="irc-green">* peterdietz_ is now known as peterdietz</span><br />
<span class="irc-date">[22:07]</span> <span class="irc-green">* mhwood (mwood@mhw.ulib.iupui.edu) has left #duraspace</span><br />
<span class="irc-date">[22:25]</span> <span class="irc-green">* tdonohue (~tdonohue@c-98-226-113-104.hsd1.il.comcast.net) has left #duraspace</span><br />
<span class="irc-date">[22:50]</span> <span class="irc-navy">* hpottinger (~hpottinge@mu-162038.dhcp.missouri.edu) Quit (Quit: Leaving, later taterz!)</span><br />
