<span class="irc-date">[6:45]</span> <span class="irc-brown">-card.freenode.net- *** Looking up your hostname...</span><br />
<span class="irc-date">[6:45]</span> <span class="irc-brown">-card.freenode.net- *** Checking Ident</span><br />
<span class="irc-date">[6:45]</span> <span class="irc-brown">-card.freenode.net- *** Found your hostname</span><br />
<span class="irc-date">[6:45]</span> <span class="irc-brown">-card.freenode.net- *** No Ident response</span><br />
<span class="irc-date">[6:45]</span> <span class="irc-green">* DuraLogBot (~PircBot@webster.duraspace.org) has joined #duraspace</span><br />
<span class="irc-date">[6:45]</span> <span class="irc-green">* Topic is 'Welcome to DuraSpace IRC. This channel is used for formal meetings and is logged - <a href="http://irclogs.duraspace.org/'">http://irclogs.duraspace.org/'</a></span><br />
<span class="irc-date">[6:45]</span> <span class="irc-green">* Set by tdonohue on Thu Sep 15 17:49:38 UTC 2016</span><br />
<span class="irc-date">[7:35]</span> <span class="irc-green">* PhilipV (~philip@85.234.195.109.static.edpnet.net) has joined #duraspace</span><br />
<span class="irc-date">[7:56]</span> <span class="irc-green">* helix84 (~ctenar@unaffiliated/helix84) has joined #duraspace</span><br />
<span class="irc-date">[12:29]</span> <span class="irc-brown">-kloeri- [Global Notice] We're dusting the servers today which unfortunately means netsplits. We'll try to keep the noise to a minimum and appreciate your patience. Thanks for flying freenode!  </span><br />
<span class="irc-date">[12:34]</span> <span class="irc-green">* mhwood (mwood@mhw.ulib.iupui.edu) has joined #duraspace</span><br />
<span class="irc-date">[13:23]</span> <span class="irc-green">* hpottinger (~hpottinge@162.104.218.179) has joined #duraspace</span><br />
<span class="irc-date">[13:28]</span> <span class="irc-green">* tdonohue (~tdonohue@dspace/tdonohue) has joined #duraspace</span><br />
<span class="irc-date">[13:57]</span> <span class="irc-navy">* tdonohue (~tdonohue@dspace/tdonohue) Quit (Read error: Connection reset by peer)</span><br />
<span class="irc-date">[13:58]</span> <span class="irc-green">* tdonohue (~tdonohue@dspace/tdonohue) has joined #duraspace</span><br />
<span class="irc-date">[14:21]</span> <span class="irc-green">* dyelar (~dyelar@129.237.45.105) has joined #duraspace</span><br />
<span class="irc-date">[14:23]</span> <span class="irc-navy">* dyelar (~dyelar@129.237.45.105) Quit (Client Quit)</span><br />
<span class="irc-date">[14:26]</span> <span class="irc-green">* dyelar (~dyelar@129.237.45.105) has joined #duraspace</span><br />
<span class="irc-date">[14:35]</span> <span class="irc-green">* pbecker (~pbecker@ubwstmapc098.ub.tu-berlin.de) has joined #duraspace</span><br />
<span class="irc-date">[15:14]</span> <span class="irc-navy">* PhilipV (~philip@85.234.195.109.static.edpnet.net) Quit (Quit: PhilipV)</span><br />
<span class="irc-date">[16:59]</span> <span class="irc-navy">* dyelar (~dyelar@129.237.45.105) Quit (Ping timeout: 256 seconds)</span><br />
<span class="irc-date">[18:17]</span> <span class="irc-navy">* hpottinger (~hpottinge@162.104.218.179) Quit (Quit: later, taterz!)</span><br />
<span class="irc-date">[18:20]</span> <span class="irc-green">* hpottinger (~hpottinge@vpn-128-97-245-187.host.ucla.edu) has joined #duraspace</span><br />
<span class="irc-date">[18:24]</span> <span class="irc-navy">* pbecker (~pbecker@ubwstmapc098.ub.tu-berlin.de) Quit (Quit: Leaving)</span><br />
<span class="irc-date">[18:44]</span> <span class="irc-brown">-kloeri- [Global Notice] Hi all. We're continuing the server maintenance and over the next several hours we'll be rebooting the larger servers. It'll be a bit noisy but shouldn't be too disruptive. Thank you for using freenode.  </span><br />
<span class="irc-date">[18:51]</span> <span class="irc-brown">-kloeri- [Server Notice] Hiya, card.freenode.net is up next! brace for impact in a few minutes</span><br />
<span class="irc-date">[18:56]</span> <span class="irc-brown">-card.freenode.net- Server Terminating. Received SIGTERM</span><br />
<span class="irc-date">[18:56]</span> <span class="irc-navy">* Disconnected.</span><br />
<span class="irc-date">[18:56]</span> <span class="irc-brown">-karatkievich.freenode.net- *** Looking up your hostname...</span><br />
<span class="irc-date">[18:56]</span> <span class="irc-brown">-karatkievich.freenode.net- *** Checking Ident</span><br />
<span class="irc-date">[18:56]</span> <span class="irc-brown">-karatkievich.freenode.net- *** Found your hostname</span><br />
<span class="irc-date">[18:57]</span> <span class="irc-brown">-karatkievich.freenode.net- *** No Ident response</span><br />
