<span class="irc-date">[2:32]</span> <span class="irc-navy">* misilot (~misilot@p-body.lib.fit.edu) Quit (*.net *.split)</span><br />
<span class="irc-date">[2:32]</span> <span class="irc-navy">* ChanServ (ChanServ@services.) Quit (*.net *.split)</span><br />
<span class="irc-date">[2:34]</span> <span class="irc-green">* ChanServ (ChanServ@services.) has joined #duraspace</span><br />
<span class="irc-date">[2:36]</span> <span class="irc-green">* misilot (~misilot@p-body.lib.fit.edu) has joined #duraspace</span><br />
<span class="irc-date">[6:31]</span> <span class="irc-brown">-niven.freenode.net- *** Looking up your hostname...</span><br />
<span class="irc-date">[6:31]</span> <span class="irc-brown">-niven.freenode.net- *** Checking Ident</span><br />
<span class="irc-date">[6:31]</span> <span class="irc-brown">-niven.freenode.net- *** Found your hostname</span><br />
<span class="irc-date">[6:31]</span> <span class="irc-brown">-niven.freenode.net- *** No Ident response</span><br />
<span class="irc-date">[6:31]</span> <span class="irc-green">* DuraLogBot (~PircBot@webster.duraspace.org) has joined #duraspace</span><br />
<span class="irc-date">[6:31]</span> <span class="irc-green">* Topic is 'Welcome to DuraSpace IRC. This channel is used for formal meetings and is logged - <a href="http://irclogs.duraspace.org/'">http://irclogs.duraspace.org/'</a></span><br />
<span class="irc-date">[6:31]</span> <span class="irc-green">* Set by tdonohue on Thu Sep 15 17:49:38 UTC 2016</span><br />
<span class="irc-date">[12:33]</span> <span class="irc-green">* tdonohue (~tdonohue@dspace/tdonohue) has joined #duraspace</span><br />
<span class="irc-date">[13:03]</span> <span class="irc-green">* mhwood (~mhwood@mhw.ulib.iupui.edu) has joined #duraspace</span><br />
<span class="irc-date">[15:00]</span> <span class="irc-navy">* helix84 (~ctenar@unaffiliated/helix84) Quit (Quit: leaving)</span><br />
<span class="irc-date">[15:44]</span> <span class="irc-navy">* dyelar (~dyelar@dyelar.mrb.ku.edu) Quit (Ping timeout: 256 seconds)</span><br />
<span class="irc-date">[15:47]</span> <span class="irc-green">* dyelar (~dyelar@dyelar.mrb.ku.edu) has joined #duraspace</span><br />
<span class="irc-date">[15:54]</span> <span class="irc-green">* helix84 (~ctenar@unaffiliated/helix84) has joined #duraspace</span><br />
<span class="irc-date">[20:36]</span> <span class="irc-navy">* dyelar (~dyelar@dyelar.mrb.ku.edu) Quit (Quit: Leaving.)</span><br />
<span class="irc-date">[21:40]</span> <span class="irc-navy">* mhwood (~mhwood@mhw.ulib.iupui.edu) Quit (Remote host closed the connection)</span><br />
<span class="irc-date">[22:17]</span> <span class="irc-navy">* ChanServ (ChanServ@services.) Quit (*.net *.split)</span><br />
<span class="irc-date">[22:18]</span> <span class="irc-green">* dyelar (~dyelar@dyelar.mrb.ku.edu) has joined #duraspace</span><br />
<span class="irc-date">[22:24]</span> <span class="irc-green">* ChanServ (ChanServ@services.) has joined #duraspace</span><br />
<span class="irc-date">[22:28]</span> <span class="irc-navy">* ChanServ (ChanServ@services.) Quit (*.net *.split)</span><br />
<span class="irc-date">[22:31]</span> <span class="irc-green">* ChanServ (ChanServ@services.) has joined #duraspace</span><br />
<span class="irc-date">[22:43]</span> <span class="irc-navy">* tdonohue (~tdonohue@dspace/tdonohue) Quit (Read error: Connection reset by peer)</span><br />
