<span class="irc-date">[6:56]</span> <span class="irc-brown">-adams.freenode.net- *** Looking up your hostname...</span><br />
<span class="irc-date">[6:56]</span> <span class="irc-brown">-adams.freenode.net- *** Checking Ident</span><br />
<span class="irc-date">[6:56]</span> <span class="irc-brown">-adams.freenode.net- *** Found your hostname</span><br />
<span class="irc-date">[6:56]</span> <span class="irc-brown">-adams.freenode.net- *** No Ident response</span><br />
<span class="irc-date">[6:56]</span> <span class="irc-green">* DuraLogBot (~PircBot@webster.duraspace.org) has joined #duraspace</span><br />
<span class="irc-date">[6:56]</span> <span class="irc-green">* Topic is 'Welcome to DuraSpace IRC. This channel is used for formal meetings and is logged - <a href="http://irclogs.duraspace.org/'">http://irclogs.duraspace.org/'</a></span><br />
<span class="irc-date">[6:56]</span> <span class="irc-green">* Set by tdonohue on Thu Sep 15 17:49:38 UTC 2016</span><br />
<span class="irc-date">[9:01]</span> <span class="irc-green">* circ-user-BLlXE (~circuser-@186.2.47.179) has joined #duraspace</span><br />
<span class="irc-date">[9:03]</span> <span class="irc-navy">* circ-user-BLlXE (~circuser-@186.2.47.179) Quit (Remote host closed the connection)</span><br />
<span class="irc-date">[12:13]</span> <span class="irc-green">* mhwood (mwood@mhw.ulib.iupui.edu) has joined #duraspace</span><br />
<span class="irc-date">[13:05]</span> <span class="irc-green">* tdonohue (~tdonohue@dspace/tdonohue) has joined #duraspace</span><br />
<span class="irc-date">[13:52]</span> <span class="irc-green">* kompewter (~kompewter@ec2-50-17-201-82.compute-1.amazonaws.com) has joined #duraspace</span><br />
<span class="irc-date">[14:00]</span> <span class="irc-green">* DSpaceSlackBot (~DSpaceSla@ec2-50-17-201-82.compute-1.amazonaws.com) has joined #duraspace</span><br />
<span class="irc-date">[19:00]</span> <span class="irc-green">* ntorres (5e3dc204@gateway/web/freenode/ip.94.61.194.4) has joined #duraspace</span><br />
<span class="irc-date">[19:07]</span> <span class="irc-navy">* ntorres (5e3dc204@gateway/web/freenode/ip.94.61.194.4) Quit (Quit: Page closed)</span><br />
<span class="irc-date">[19:55]</span> <span class="irc-black">&lt;DSpaceSlackBot&gt; &lt;tdonohue&gt; @here: The DSpace Developers Meeting begins here at the top of the hour. <a href="https://wiki.duraspace.org/display/DSPACE/DevMtg+2017-04-12">https://wiki.duraspace.org/display/DSPACE/DevMtg+2017-04-12</a></span><br />
<span class="irc-date">[19:55]</span> <span class="irc-black">&lt;kompewter&gt; [ DevMtg 2017-04-12 - DSpace - DuraSpace Wiki ] - <a href="https://wiki.duraspace.org/display/DSPACE/DevMtg+2017-04-12">https://wiki.duraspace.org/display/DSPACE/DevMtg+2017-04-12</a></span><br />
<span class="irc-date">[20:01]</span> <span class="irc-black">&lt;DSpaceSlackBot&gt; &lt;tdonohue&gt; @here: Hi all, welcome to the our DSpace Developers Meeting. Agenda is above</span><br />
<span class="irc-date">[20:02]</span> <span class="irc-black">&lt;DSpaceSlackBot&gt; &lt;tdonohue&gt; First, a quick sidenote... I've been a bit out of the loop the last few weeks here, but I think I've mostly caught up from my two weeks out.</span><br />
<span class="irc-date">[20:03]</span> <span class="irc-black">&lt;DSpaceSlackBot&gt; &lt;tdonohue&gt; That said, if there's something that is awaiting my feedback, send me a reminder this week or next ;)</span><br />
<span class="irc-date">[20:03]</span> <span class="irc-black">&lt;DSpaceSlackBot&gt; &lt;tdonohue&gt; A quick reminder here that our next DSpace 7 UI meeting is tomorrow in *Slack* at 16:00 UTC (12pm EDT)</span><br />
<span class="irc-date">[20:03]</span> <span class="irc-black">&lt;DSpaceSlackBot&gt; &lt;tdonohue&gt; I'll send out an email reminder to dspace-devel as well after this meeting</span><br />
<span class="irc-date">[20:05]</span> <span class="irc-black">&lt;DSpaceSlackBot&gt; &lt;tdonohue&gt; Our list of "high priority" tickets is a bit big these days... looking to narrow to 6.1 tickets here</span><br />
<span class="irc-date">[20:05]</span> <span class="irc-black">&lt;mhwood&gt; There be very few here today.</span><br />
<span class="irc-date">[20:06]</span> <span class="irc-black">&lt;DSpaceSlackBot&gt; &lt;tdonohue&gt; Here's the 6.1 high priority listing: <a href="https://jira.duraspace.org/issues/?jql=filter%20%3D%2013904%20AND%20fixVersion%20%3D%206.1%20ORDER%20BY%20%20fixVersion%20DESC%2C%20priority%20DESC%20%20%20">https://jira.duraspace.org/issues/?jql=filter%20%3D%2013904%20AND%20fixVersion%20%3D%206.1%20ORDER%20BY%20%20fixVersion%20DESC%2C%20priority%20DESC%20%20%20</a></span><br />
<span class="irc-date">[20:06]</span> <span class="irc-black">&lt;kompewter&gt; [ Issue Navigator - DuraSpace JIRA ] - <a href="https://jira.duraspace.org/issues/?jql=filter%20%3D%2013904%20AND%20fixVersion%20%3D%206.1%20ORDER%20BY%20%20fixVersion%20DESC%2C%20priority%20DESC%20%20%20">https://jira.duraspace.org/issues/?jql=filter%20%3D%2013904%20AND%20fixVersion%20%3D%206.1%20ORDER%20BY%20%20fixVersion%20DESC%2C%20priority%20DESC%20%20%20</a></span><br />
<span class="irc-date">[20:06]</span> <span class="irc-black">&lt;DSpaceSlackBot&gt; &lt;tdonohue&gt; @mwood: There's (seemingly) a few more here in Slack attending...or at least 6 folks show as "online" here</span><br />
<span class="irc-date">[20:08]</span> <span class="irc-black">&lt;DSpaceSlackBot&gt; &lt;tdonohue&gt; So, in terms of the 6.1 high priority tickets, I'd like to run through this list quickly...as my goal is still to close out this 6.1 release as soon as we can (or at least start to get towards setting a goal for a release date)</span><br />
<span class="irc-date">[20:08]</span> <span class="irc-black">&lt;DSpaceSlackBot&gt; &lt;tdonohue&gt; First up on my list is DS-3552</span><br />
<span class="irc-date">[20:08]</span> <span class="irc-black">&lt;kompewter&gt; [ <a href="https://jira.duraspace.org/browse/DS-3552">https://jira.duraspace.org/browse/DS-3552</a> ] - [DS-3552] Select Collection step and submissions page load very slow on large repositories due to Hibernate - DuraSpace JIRA</span><br />
<span class="irc-date">[20:08]</span> <span class="irc-black">&lt;DSpaceSlackBot&gt; &lt;tdonohue&gt; This one has a PR... DSPR#1694</span><br />
<span class="irc-date">[20:09]</span> <span class="irc-black">&lt;kompewter&gt; [ <a href="https://github.com/DSpace/DSpace/pull/1694">https://github.com/DSpace/DSpace/pull/1694</a> ] - Ds 3552 read only context and hibernate improvements by tomdesair Âˇ Pull Request #1694 Âˇ DSpace/DSpace Âˇ GitHub</span><br />
<span class="irc-date">[20:10]</span> <span class="irc-black">&lt;DSpaceSlackBot&gt; &lt;tdonohue&gt; There are quite a few changes in this PR...but at a glance they seem reasonable.  Nonetheless, I could use some help reviewing &amp; testing this</span><br />
<span class="irc-date">[20:10]</span> <span class="irc-black">&lt;DSpaceSlackBot&gt; &lt;tdonohue&gt; So, if anyone is interested in volunteering to help with either in the coming week, let me know (or assign yourself as a reviewer on the PR)</span><br />
<span class="irc-date">[20:12]</span> <span class="irc-black">&lt;DSpaceSlackBot&gt; &lt;tdonohue&gt; As a sidenote, I noted this in the PR, but there's a related (new) ticket around performance of OAI indexing on large sites: DS-3559 / DSPR#1704 that could also use more eyes/testing</span><br />
<span class="irc-date">[20:12]</span> <span class="irc-black">&lt;kompewter&gt; [ <a href="https://jira.duraspace.org/browse/DS-3559">https://jira.duraspace.org/browse/DS-3559</a> ] - [DS-3559] OAI Indexing extremely slow and memory inefficient for bigger amount of items - DuraSpace JIRA</span><br />
<span class="irc-date">[20:12]</span> <span class="irc-black">&lt;kompewter&gt; [ <a href="https://github.com/DSpace/DSpace/pull/1704">https://github.com/DSpace/DSpace/pull/1704</a> ] - DS-3559 Allow creation of OAI index for large repositories (V2) by christian-scheible</span><br />
<span class="irc-date">[20:13]</span> <span class="irc-black">&lt;DSpaceSlackBot&gt; &lt;tdonohue&gt; Next up in the list is DS-3558 (which is new to this list) / DSPR#1707</span><br />
<span class="irc-date">[20:13]</span> <span class="irc-black">&lt;kompewter&gt; [ <a href="https://github.com/DSpace/DSpace/pull/1707">https://github.com/DSpace/DSpace/pull/1707</a> ] - DS 3558 Case-insensitive bot matching option by Frederic-Atmire</span><br />
<span class="irc-date">[20:13]</span> <span class="irc-black">&lt;kompewter&gt; [ <a href="https://jira.duraspace.org/browse/DS-3558">https://jira.duraspace.org/browse/DS-3558</a> ] - [DS-3558] Case-insensitive bot user agent matching can have performance impact - DuraSpace JIRA</span><br />
<span class="irc-date">[20:14]</span> <span class="irc-black">&lt;DSpaceSlackBot&gt; &lt;tdonohue&gt; I gave the PR here a quick review and noted one minor comment. But again, I'd appreciate more eyes/reviews/testing here</span><br />
<span class="irc-date">[20:15]</span> <span class="irc-black">&lt;DSpaceSlackBot&gt; &lt;tdonohue&gt; I'm not sure if this really is a "critical" bug, but it does sound annoying in terms of performance. So, I'm willing to try and get this into 6.1 too</span><br />
<span class="irc-date">[20:16]</span> <span class="irc-black">&lt;DSpaceSlackBot&gt; &lt;tdonohue&gt; Next up is DS-3447</span><br />
<span class="irc-date">[20:16]</span> <span class="irc-black">&lt;kompewter&gt; [ <a href="https://jira.duraspace.org/browse/DS-3447">https://jira.duraspace.org/browse/DS-3447</a> ] - [DS-3447] Transition ORCID integration to ORCID API 2.0 - DuraSpace JIRA</span><br />
<span class="irc-date">[20:16]</span> <span class="irc-black">&lt;DSpaceSlackBot&gt; &lt;tdonohue&gt; This one is still waiting for a volunteer. So, it seems likely to miss 6.1, unless someone moves on it quickly</span><br />
<span class="irc-date">[20:17]</span> <span class="irc-black">&lt;DSpaceSlackBot&gt; &lt;tdonohue&gt; next is DS-3389.... which is just awaiting docs from @hpottinger , it seems?</span><br />
<span class="irc-date">[20:17]</span> <span class="irc-black">&lt;kompewter&gt; [ <a href="https://jira.duraspace.org/browse/DS-3389">https://jira.duraspace.org/browse/DS-3389</a> ] - [DS-3389] Replication Task Suite add-on doesn&amp;#39;t work with DSpace 6 API - DuraSpace JIRA</span><br />
<span class="irc-date">[20:18]</span> <span class="irc-black">&lt;DSpaceSlackBot&gt; Action: tdonohue notes that our attendance is quite sparse...or everyone is very quiet ;)</span><br />
<span class="irc-date">[20:18]</span> <span class="irc-black">&lt;DSpaceSlackBot&gt; &lt;tdonohue&gt; I'm just going to keep moving though and hopefully folks read the notes</span><br />
<span class="irc-date">[20:19]</span> <span class="irc-black">&lt;DSpaceSlackBot&gt; &lt;tdonohue&gt; DS-3287 also needs a volunteer &amp; is likely to miss 6.1</span><br />
<span class="irc-date">[20:19]</span> <span class="irc-black">&lt;mhwood&gt; 3447 likely will need to shift to 6.later.  It doesn't become urgent until Fall.</span><br />
<span class="irc-date">[20:19]</span> <span class="irc-black">&lt;kompewter&gt; [ <a href="https://jira.duraspace.org/browse/DS-3287">https://jira.duraspace.org/browse/DS-3287</a> ] - [DS-3287] ElasticSearch fails (does not work at all) - DuraSpace JIRA</span><br />
<span class="irc-date">[20:19]</span> <span class="irc-black">&lt;DSpaceSlackBot&gt; &lt;tdonohue&gt; mhwood: true, it's not highest priority yet...but soon(ish)</span><br />
<span class="irc-date">[20:19]</span> <span class="irc-black">&lt;mhwood&gt; Sorry, falling behind pondering these.</span><br />
<span class="irc-date">[20:21]</span> <span class="irc-black">&lt;DSpaceSlackBot&gt; &lt;tdonohue&gt; next up on this list is DS-2877. I'm not sure this belongs here. There's a new comment on it, but it sounds too big to consider for 6.1 at this point</span><br />
<span class="irc-date">[20:21]</span> <span class="irc-black">&lt;kompewter&gt; [ <a href="https://jira.duraspace.org/browse/DS-2877">https://jira.duraspace.org/browse/DS-2877</a> ] - [DS-2877] Import of ScienceDirect metadata including embargo and linking to or embedding of the final version - DuraSpace JIRA</span><br />
<span class="irc-date">[20:22]</span> <span class="irc-black">&lt;DSpaceSlackBot&gt; &lt;tdonohue&gt; I'm going to remove "Fix Version" 6.1 from this one. It's probably more of a 6.later as well</span><br />
<span class="irc-date">[20:23]</span> <span class="irc-black">&lt;mhwood&gt; Another 6.later.  It's big and I for one haven't looked at it for some time, so it will take a while to re-familiarize.</span><br />
<span class="irc-date">[20:23]</span> <span class="irc-black">&lt;DSpaceSlackBot&gt; &lt;tdonohue&gt; done</span><br />
<span class="irc-date">[20:24]</span> <span class="irc-black">&lt;DSpaceSlackBot&gt; &lt;tdonohue&gt; next is DS-3406</span><br />
<span class="irc-date">[20:24]</span> <span class="irc-black">&lt;kompewter&gt; [ <a href="https://jira.duraspace.org/browse/DS-3406">https://jira.duraspace.org/browse/DS-3406</a> ] - [DS-3406] Sub-communities and collections not sorted alphabetically - DuraSpace JIRA</span><br />
<span class="irc-date">[20:24]</span> <span class="irc-black">&lt;DSpaceSlackBot&gt; &lt;tdonohue&gt; It has two PRs... but Tom Desair recommended the DSPR#1684 approach for 6.1</span><br />
<span class="irc-date">[20:24]</span> <span class="irc-black">&lt;kompewter&gt; [ <a href="https://github.com/DSpace/DSpace/pull/1684">https://github.com/DSpace/DSpace/pull/1684</a> ] - DS-3406: Sort communities and collections in-memory using a comparator by tomdesair</span><br />
<span class="irc-date">[20:25]</span> <span class="irc-black">&lt;DSpaceSlackBot&gt; &lt;tdonohue&gt; This one needs review / testing help as well.  We are lacking on testers for several of these outstanding PRs</span><br />
<span class="irc-date">[20:26]</span> <span class="irc-black">&lt;DSpaceSlackBot&gt; &lt;tdonohue&gt; Finally, in our 6.1 High Priority list is DS-3564...another new entry</span><br />
<span class="irc-date">[20:26]</span> <span class="irc-black">&lt;kompewter&gt; [ <a href="https://jira.duraspace.org/browse/DS-3564">https://jira.duraspace.org/browse/DS-3564</a> ] - [DS-3564] Change default value for db.maxidle - DuraSpace JIRA</span><br />
<span class="irc-date">[20:27]</span> <span class="irc-black">&lt;mhwood&gt; Sounds reasonable.  Needs volunteer.</span><br />
<span class="irc-date">[20:27]</span> <span class="irc-black">&lt;DSpaceSlackBot&gt; &lt;tdonohue&gt; I'm not against this concept and it seems like a small change.</span><br />
<span class="irc-date">[20:28]</span> <span class="irc-black">&lt;mhwood&gt; One of a number of things where we could move from "works..." to "works well".</span><br />
<span class="irc-date">[20:28]</span> <span class="irc-black">&lt;mhwood&gt; OK, I took it.</span><br />
<span class="irc-date">[20:29]</span> <span class="irc-black">&lt;DSpaceSlackBot&gt; &lt;tdonohue&gt; Ok, thanks mhwood! Don't forget to update the comments around that setting based on the new default ;)</span><br />
<span class="irc-date">[20:29]</span> <span class="irc-black">&lt;mhwood&gt; Yup.  "Documentation:  needed"</span><br />
<span class="irc-date">[20:30]</span> <span class="irc-black">&lt;DSpaceSlackBot&gt; &lt;tdonohue&gt; That's it for our list</span><br />
<span class="irc-date">[20:31]</span> <span class="irc-black">&lt;DSpaceSlackBot&gt; &lt;tdonohue&gt; So, we have about a 1/2 hour remaining. Are there other topics that folks want to discuss? Should we stick around and look at some recent PRs?</span><br />
<span class="irc-date">[20:32]</span> <span class="irc-black">&lt;mhwood&gt; I'd just like to mention DS-3505 since I think it won't get more attention without me begging.  I think it's an unpopular configuration.</span><br />
<span class="irc-date">[20:32]</span> <span class="irc-black">&lt;kompewter&gt; [ <a href="https://jira.duraspace.org/browse/DS-3505">https://jira.duraspace.org/browse/DS-3505</a> ] - [DS-3505] Bad redirection from logout action - DuraSpace JIRA</span><br />
<span class="irc-date">[20:33]</span> <span class="irc-black">&lt;mhwood&gt; I need to port it to v4/5....</span><br />
<span class="irc-date">[20:33]</span> <span class="irc-black">&lt;DSpaceSlackBot&gt; &lt;tdonohue&gt; Thanks for the note here, mhwood. I hadn't gotten to reviewing this. Looks like Tom Desair tested/approved the DSPR#1671 associated with it</span><br />
<span class="irc-date">[20:33]</span> <span class="irc-black">&lt;kompewter&gt; [ <a href="https://github.com/DSpace/DSpace/pull/1671">https://github.com/DSpace/DSpace/pull/1671</a> ] - [DS-3505] Bad redirection from logout action by mwoodiupui</span><br />
<span class="irc-date">[20:35]</span> <span class="irc-black">&lt;DSpaceSlackBot&gt; &lt;tdonohue&gt; Looking at the PR, it seems this is essentially a "one-liner" (with some alignment / minor refactoring of existing code)</span><br />
<span class="irc-date">[20:35]</span> <span class="irc-black">&lt;mhwood&gt; Yes.</span><br />
<span class="irc-date">[20:35]</span> <span class="irc-black">&lt;DSpaceSlackBot&gt; &lt;tdonohue&gt; This looks good to me. I'll give a +1 and merge it (since it was also already tested)</span><br />
<span class="irc-date">[20:36]</span> <span class="irc-black">&lt;mhwood&gt; Thanks!  I'll back-port it to 4/5.</span><br />
<span class="irc-date">[20:36]</span> <span class="irc-black">&lt;DSpaceSlackBot&gt; &lt;tdonohue&gt; I think it's optional to backport to 5.x or 4.x...you are welcome to do so if you want to, but this isn't a significant bug or security issue. So, backporting is optional</span><br />
<span class="irc-date">[20:36]</span> <span class="irc-black">&lt;mhwood&gt; It appears that we have a potential tester (other than me).</span><br />
<span class="irc-date">[20:37]</span> <span class="irc-black">&lt;mhwood&gt; Now that I think about it, we are running a 5.2 version here so I just need to tidy it up.</span><br />
<span class="irc-date">[20:38]</span> <span class="irc-black">&lt;DSpaceSlackBot&gt; &lt;tdonohue&gt; Again, I'll leave that up to you. If you want you can also simply backport to 5.x and skip over 4.x.  The only times we require a backport is for security issues or significant bugs...otherwise, it's optional</span><br />
<span class="irc-date">[20:38]</span> <span class="irc-black">&lt;mhwood&gt; OK, thanks.</span><br />
<span class="irc-date">[20:38]</span> <span class="irc-black">&lt;DSpaceSlackBot&gt; &lt;tdonohue&gt; It's merged into 6.x now. I'll leave the ticket open for now until you decide on backporting it. If you want to backport, I'll gladly review &amp; merge that one too (just let me know)</span><br />
<span class="irc-date">[20:39]</span> <span class="irc-black">&lt;mhwood&gt; OK, I'll keep in touch.</span><br />
<span class="irc-date">[20:40]</span> <span class="irc-black">&lt;DSpaceSlackBot&gt; &lt;tdonohue&gt; Any other specific tickets or PRs that folks @here would like discussed today?</span><br />
<span class="irc-date">[20:41]</span> <span class="irc-black">&lt;DSpaceSlackBot&gt; &lt;tdonohue&gt; Ok, not hearing any. In that case, I'll throw in a few recent PRs that could use a quick review</span><br />
<span class="irc-date">[20:41]</span> <span class="irc-black">&lt;mhwood&gt; I could draw attention to DS-2799, which needs a decision as to how we want it to behave.</span><br />
<span class="irc-date">[20:41]</span> <span class="irc-black">&lt;kompewter&gt; [ <a href="https://jira.duraspace.org/browse/DS-2799">https://jira.duraspace.org/browse/DS-2799</a> ] - [DS-2799] Blue lock icon is misleading when logged into system - DuraSpace JIRA</span><br />
<span class="irc-date">[20:42]</span> <span class="irc-black">&lt;mhwood&gt; Can't really decide now, with so few present.  I just wanted to mention it.</span><br />
<span class="irc-date">[20:43]</span> <span class="irc-black">&lt;DSpaceSlackBot&gt; &lt;tdonohue&gt; mhwood: for what it's worth, I think I like your last comment...except I'm not sure why we need a "PLOS Open Access un-lock icon" if it's downloadable to all. It seems like you'd just not have an icon there at all in that scenario</span><br />
<span class="irc-date">[20:44]</span> <span class="irc-black">&lt;mhwood&gt; Fair enough.  Here we just replaced the lock with a transparent 64x64 blank image to wait for final resolution.</span><br />
<span class="irc-date">[20:46]</span> <span class="irc-black">&lt;DSpaceSlackBot&gt; &lt;tdonohue&gt; I believe the only scenario that is *wrong* currently in the codebase is when a file is locked down but you are authenticated with access. Currently, that displays a locked padlock (instead of the proposed open padlock)</span><br />
<span class="irc-date">[20:46]</span> <span class="irc-black">&lt;DSpaceSlackBot&gt; &lt;tdonohue&gt; The other scenarios (anonymously accessible, or locked without access to you) are already how DSpace behaves (IIRC)</span><br />
<span class="irc-date">[20:47]</span> <span class="irc-black">&lt;mhwood&gt; Well, if people can agree on what it should do then someone can make it do that.  The business logic is wrong in any case.</span><br />
<span class="irc-date">[20:49]</span> <span class="irc-black">&lt;DSpaceSlackBot&gt; &lt;tdonohue&gt; I think we do agree... if you want to update your comment, I think that'd be great. The ticket itself never discussed the "anonymous access" scenario as it was only about access restricted files.</span><br />
<span class="irc-date">[20:49]</span> <span class="irc-black">&lt;DSpaceSlackBot&gt; &lt;tdonohue&gt; But, it's worth noting that for anonymous access, we should display no lock icon (as currently)</span><br />
<span class="irc-date">[20:50]</span> <span class="irc-black">&lt;DSpaceSlackBot&gt; &lt;hpottinger&gt; sorry, am lurking but am quite distracted by other things</span><br />
<span class="irc-date">[20:50]</span> <span class="irc-black">&lt;DSpaceSlackBot&gt; &lt;hpottinger&gt; I've just now caught up, and have copied down a list of things that need help testing, and docs</span><br />
<span class="irc-date">[20:50]</span> <span class="irc-black">&lt;mhwood&gt; OK:  open to all = no icon; open to you but not to all = open lock; closed to you = closed lock.</span><br />
<span class="irc-date">[20:51]</span> <span class="irc-black">&lt;DSpaceSlackBot&gt; &lt;tdonohue&gt; +1 mhwood</span><br />
<span class="irc-date">[20:51]</span> <span class="irc-black">&lt;mhwood&gt; I will note that in the ticket.</span><br />
<span class="irc-date">[20:51]</span> <span class="irc-black">&lt;DSpaceSlackBot&gt; &lt;hpottinger&gt; mhwood++</span><br />
<span class="irc-date">[20:51]</span> <span class="irc-black">&lt;DSpaceSlackBot&gt; &lt;tdonohue&gt; And the first &amp; third in that list are both current behavior. The only new behavior is the middle one ;)</span><br />
<span class="irc-date">[20:51]</span> <span class="irc-black">&lt;mhwood&gt; That OA un-lock was a rights mystery anyway.</span><br />
<span class="irc-date">[20:52]</span> <span class="irc-black">&lt;DSpaceSlackBot&gt; &lt;tdonohue&gt; Ok, we are getting short on time here...but, here's a PR that looks pretty straightforward to me.  DSPR#1708</span><br />
<span class="irc-date">[20:52]</span> <span class="irc-black">&lt;kompewter&gt; [ <a href="https://github.com/DSpace/DSpace/pull/1708">https://github.com/DSpace/DSpace/pull/1708</a> ] - DS-3568. UTF-8 characters are now supported in configuration files by christian-scheible Âˇ Pull Request #1708 Âˇ DSpace/DSpace Âˇ GitHub</span><br />
<span class="irc-date">[20:52]</span> <span class="irc-black">&lt;DSpaceSlackBot&gt; &lt;tdonohue&gt; Anyone willing to give this one a quick verification test (that no other issues result in reading all our configs as UTF-8)? It seems like the correct behavior, but I want to ensure no side effects here</span><br />
<span class="irc-date">[20:55]</span> <span class="irc-black">&lt;mhwood&gt; Supposing that I understand what that attribute does, this patch looks simple enough.  I can try it.</span><br />
<span class="irc-date">[20:55]</span> <span class="irc-black">&lt;DSpaceSlackBot&gt; &lt;tdonohue&gt; Though, I guess ISO-8859-1 is a subset of UTF-8, IIRC...so, since our configs currently are read as ISO-8859-1, per DS-3568, this seems like it just "should work"</span><br />
<span class="irc-date">[20:55]</span> <span class="irc-black">&lt;kompewter&gt; [ <a href="https://jira.duraspace.org/browse/DS-3568">https://jira.duraspace.org/browse/DS-3568</a> ] - [DS-3568] Configuration files like dspace.cfg don&amp;#39;t support UTF-8 encoding - DuraSpace JIRA</span><br />
<span class="irc-date">[20:55]</span> <span class="irc-black">&lt;DSpaceSlackBot&gt; &lt;tdonohue&gt; Thanks mhwood</span><br />
<span class="irc-date">[20:56]</span> <span class="irc-black">&lt;mhwood&gt; Yes.  But there is a test suggested, and it should be a good enough test.</span><br />
<span class="irc-date">[20:56]</span> <span class="irc-black">&lt;DSpaceSlackBot&gt; &lt;tdonohue&gt; I honestly think this "looks obvious"...just wanted to be sure that I'm also not overlooking anything here</span><br />
<span class="irc-date">[20:56]</span> <span class="irc-black">&lt;DSpaceSlackBot&gt; &lt;tdonohue&gt; (as breaking configs would be bad, obviously) ;)</span><br />
<span class="irc-date">[20:56]</span> <span class="irc-black">&lt;mhwood&gt; Yes.</span><br />
<span class="irc-date">[20:58]</span> <span class="irc-black">&lt;DSpaceSlackBot&gt; &lt;tdonohue&gt; Ok, we are nearing the top of the hour, so I think I'll close things up for today.  I'd encourage everyone to help continuing to review PRs especially (outside of these meetings)</span><br />
<span class="irc-date">[20:59]</span> <span class="irc-black">&lt;DSpaceSlackBot&gt; &lt;tdonohue&gt; there seems to be a lot of smaller PRs coming in these days that could use extra code reviews and/or testers. I've been trying to keep up with them myself, but could use your help. I've also been trying to flag the things that look like "quick win" PRs (to encourage folks with little time to just look at them)</span><br />
<span class="irc-date">[20:59]</span> <span class="irc-black">&lt;mhwood&gt; Appreciated.</span><br />
<span class="irc-date">[21:00]</span> <span class="irc-black">&lt;DSpaceSlackBot&gt; &lt;tdonohue&gt; We'll leave it at that. Thanks all!  Remember, the next DSpace 7 UI meeting is tomorrow at 16UTC (in Slack). Reminders will be going out via email in just a bit</span><br />
<span class="irc-date">[21:00]</span> <span class="irc-black">&lt;mhwood&gt; Must go.  Thanks all!</span><br />
<span class="irc-date">[21:02]</span> <span class="irc-green">* mhwood (mwood@mhw.ulib.iupui.edu) has left #duraspace</span><br />
<span class="irc-date">[21:28]</span> <span class="irc-black">&lt;DSpaceSlackBot&gt; Action: tdonohue just realized I've been saying the DSpace 7 UI Meeting is tomorrow at 16UTC.  That's wrong. It's at *15UTC*.  The correct info going to dspace-devel shortly</span><br />
<span class="irc-date">[21:56]</span> <span class="irc-navy">* tdonohue (~tdonohue@dspace/tdonohue) Quit (Read error: Connection reset by peer)</span><br />
