<span class="irc-date">[6:29]</span> <span class="irc-brown">-kornbluth.freenode.net- *** Looking up your hostname...</span><br />
<span class="irc-date">[6:29]</span> <span class="irc-brown">-kornbluth.freenode.net- *** Checking Ident</span><br />
<span class="irc-date">[6:29]</span> <span class="irc-brown">-kornbluth.freenode.net- *** Found your hostname</span><br />
<span class="irc-date">[6:29]</span> <span class="irc-brown">-kornbluth.freenode.net- *** No Ident response</span><br />
<span class="irc-date">[6:30]</span> <span class="irc-green">* DuraLogBot (~PircBot@webster.duraspace.org) has joined #duraspace</span><br />
<span class="irc-date">[6:30]</span> <span class="irc-green">* Topic is 'Welcome to DuraSpace IRC. This channel is used for formal meetings and is logged - <a href="http://irclogs.duraspace.org/'">http://irclogs.duraspace.org/'</a></span><br />
<span class="irc-date">[6:30]</span> <span class="irc-green">* Set by tdonohue on Thu Sep 15 17:49:38 UTC 2016</span><br />
<span class="irc-date">[7:19]</span> <span class="irc-navy">* kompewter (~kompewter@50.17.201.82) Quit (Remote host closed the connection)</span><br />
<span class="irc-date">[7:21]</span> <span class="irc-navy">* DSpaceSlackBot1 (~DSpaceSla@ec2-50-17-201-82.compute-1.amazonaws.com) Quit (Read error: Connection reset by peer)</span><br />
<span class="irc-date">[7:40]</span> <span class="irc-green">* DSpaceSlackBot (~DSpaceSla@ec2-50-17-201-82.compute-1.amazonaws.com) has joined #duraspace</span><br />
<span class="irc-date">[12:40]</span> <span class="irc-green">* mhwood (~mhwood@mhw.ulib.iupui.edu) has joined #duraspace</span><br />
<span class="irc-date">[13:02]</span> <span class="irc-green">* tdonohue (~tdonohue@dspace/tdonohue) has joined #duraspace</span><br />
<span class="irc-date">[14:50]</span> <span class="irc-navy">* misilot (~misilot@p-body.lib.fit.edu) Quit (Remote host closed the connection)</span><br />
<span class="irc-date">[14:51]</span> <span class="irc-green">* misilot (~misilot@p-body.lib.fit.edu) has joined #duraspace</span><br />
<span class="irc-date">[15:02]</span> <span class="irc-black">&lt;DSpaceSlackBot&gt; &lt;sulfrian&gt; I cannot attend the dev-mtg later, but I like to get <a href="https://github.com/DSpace/DSpace/pull/1747">https://github.com/DSpace/DSpace/pull/1747</a> merged. Let me know if I can do anything to help.</span><br />
<span class="irc-date">[17:36]</span> <span class="irc-green">* mhwood (~mhwood@mhw.ulib.iupui.edu) has left #duraspace</span><br />
<span class="irc-date">[17:36]</span> <span class="irc-green">* mhwood (~mhwood@mhw.ulib.iupui.edu) has joined #duraspace</span><br />
<span class="irc-date">[19:48]</span> <span class="irc-black">&lt;DSpaceSlackBot&gt; &lt;tdonohue&gt; @here: Reminder that our DSpace Developers Meeting starts at the top of the hour (20UTC).  Agenda at: <a href="https://wiki.duraspace.org/display/DSPACE/DevMtg+2017-06-07">https://wiki.duraspace.org/display/DSPACE/DevMtg+2017-06-07</a></span><br />
<span class="irc-date">[20:01]</span> <span class="irc-black">&lt;DSpaceSlackBot&gt; &lt;tdonohue&gt; @here: Ok, so it's DSpace DevMtg time now. The agenda is linked just above</span><br />
<span class="irc-date">[20:02]</span> <span class="irc-black">&lt;DSpaceSlackBot&gt; &lt;tdonohue&gt; As has been our normal agenda, we're pushing hard today on moving 6.1/5.7 along to get it out the door ASAP.</span><br />
<span class="irc-date">[20:03]</span> <span class="irc-black">&lt;DSpaceSlackBot&gt; &lt;tdonohue&gt; Here's that list of our highest priority tickets to close out: <a href="https://jira.duraspace.org/issues/?jql=filter%20%3D%2013904%20and%20fixVersion%20in%20(5.7%2C%206.1)%20ORDER%20BY%20fixVersion%20DESC%2C%20priority%20DESC%20%20%20">https://jira.duraspace.org/issues/?jql=filter%20%3D%2013904%20and%20fixVersion%20in%20(5.7%2C%206.1)%20ORDER%20BY%20fixVersion%20DESC%2C%20priority%20DESC%20%20%20</a></span><br />
<span class="irc-date">[20:03]</span> <span class="irc-black">&lt;DSpaceSlackBot&gt; &lt;tdonohue&gt; Oh, I should pause here, and do a quick roll call. Who is @here with us today?</span><br />
<span class="irc-date">[20:03]</span> <span class="irc-black">&lt;DSpaceSlackBot&gt; &lt;hpottinger&gt; I'm here</span><br />
<span class="irc-date">[20:04]</span> <span class="irc-black">&lt;DSpaceSlackBot&gt; &lt;terrywbrady&gt; Im here</span><br />
<span class="irc-date">[20:04]</span> <span class="irc-black">&lt;mhwood&gt; Here</span><br />
<span class="irc-date">[20:04]</span> <span class="irc-black">&lt;DSpaceSlackBot&gt; &lt;jcreel256&gt; TAMU developers are in another meeting but lurking</span><br />
<span class="irc-date">[20:04]</span> <span class="irc-black">&lt;DSpaceSlackBot&gt; &lt;tdonohue&gt; Sounds good...we at least have our usual, core folks ;)  And, welcome @jcreel256</span><br />
<span class="irc-date">[20:04]</span> <span class="irc-black">&lt;DSpaceSlackBot&gt; &lt;terrywbrady&gt; We need 3602 on the priority list.  I will bump it up</span><br />
<span class="irc-date">[20:05]</span> <span class="irc-black">&lt;DSpaceSlackBot&gt; &lt;tdonohue&gt; It's on there, terry</span><br />
<span class="irc-date">[20:05]</span> <span class="irc-black">&lt;DSpaceSlackBot&gt; &lt;jcreel256&gt; :wave:</span><br />
<span class="irc-date">[20:05]</span> <span class="irc-black">&lt;DSpaceSlackBot&gt; &lt;terrywbrady&gt; I see it now</span><br />
<span class="irc-date">[20:05]</span> <span class="irc-black">&lt;DSpaceSlackBot&gt; &lt;tdonohue&gt; So, going down our priority list... we'll do a quick check in on status of each ticket...and see how we can move each forward rapidly</span><br />
<span class="irc-date">[20:05]</span> <span class="irc-black">&lt;DSpaceSlackBot&gt; &lt;tdonohue&gt; First up is <a href="https://jira.duraspace.org/browse/DS-3551">https://jira.duraspace.org/browse/DS-3551</a></span><br />
<span class="irc-date">[20:06]</span> <span class="irc-black">&lt;DSpaceSlackBot&gt; &lt;tdonohue&gt; This is a fix for 5.x. It's already been merged, but has an outstanding question of whether there is anything to fix in 6.x.  I'll ping Atmire on this question again</span><br />
<span class="irc-date">[20:08]</span> <span class="irc-black">&lt;DSpaceSlackBot&gt; &lt;tdonohue&gt; Done. next up is <a href="https://jira.duraspace.org/browse/DS-3602">https://jira.duraspace.org/browse/DS-3602</a> / <a href="https://github.com/DSpace/DSpace/pull/1766">https://github.com/DSpace/DSpace/pull/1766</a></span><br />
<span class="irc-date">[20:08]</span> <span class="irc-black">&lt;DSpaceSlackBot&gt; &lt;tdonohue&gt; @terrywbrady : care to give an update here?</span><br />
<span class="irc-date">[20:08]</span> <span class="irc-black">&lt;DSpaceSlackBot&gt; &lt;terrywbrady&gt; This has been a fun issue to work on.  I think I have a solution that will work.</span><br />
<span class="irc-date">[20:08]</span> <span class="irc-black">&lt;DSpaceSlackBot&gt; &lt;terrywbrady&gt; I need to populate my test server with a large database and large stats repo to see if the solution performs well.</span><br />
<span class="irc-date">[20:08]</span> <span class="irc-black">&lt;DSpaceSlackBot&gt; &lt;terrywbrady&gt; It would be good to get feedback on the code approach.</span><br />
<span class="irc-date">[20:08]</span> <span class="irc-black">&lt;DSpaceSlackBot&gt; &lt;tdonohue&gt; So, is it ready for testing/review (should we remove the WIP flag)?</span><br />
<span class="irc-date">[20:09]</span> <span class="irc-black">&lt;DSpaceSlackBot&gt; &lt;terrywbrady&gt; I still plan to update it as I do my perf testing.  What do you recommend?</span><br />
<span class="irc-date">[20:10]</span> <span class="irc-black">&lt;DSpaceSlackBot&gt; &lt;tdonohue&gt; If you want some reviews, I'd at least note that in the ticket.  I admit, I tend to hold off on reviews when I see WIP, as I wonder whether the code is "working" yet</span><br />
<span class="irc-date">[20:10]</span> <span class="irc-black">&lt;DSpaceSlackBot&gt; &lt;terrywbrady&gt; I will remove the flag and add a comment that I may be refining the code.</span><br />
<span class="irc-date">[20:10]</span> <span class="irc-black">&lt;DSpaceSlackBot&gt; &lt;tdonohue&gt; @terrywbrady : also a very tiny, nitpicky thing... your code alignment is a bit wacky in the PR...things don't line up: <a href="https://github.com/DSpace/DSpace/pull/1766/files">https://github.com/DSpace/DSpace/pull/1766/files</a></span><br />
<span class="irc-date">[20:11]</span> <span class="irc-black">&lt;DSpaceSlackBot&gt; &lt;tdonohue&gt; e.g. even the alignment of variables is wacky: <a href="https://github.com/DSpace/DSpace/pull/1766/files#diff-297a82f3eca80edcbc62cf1aec023751R76">https://github.com/DSpace/DSpace/pull/1766/files#diff-297a82f3eca80edcbc62cf1aec023751R76</a></span><br />
<span class="irc-date">[20:11]</span> <span class="irc-black">&lt;DSpaceSlackBot&gt; &lt;tdonohue&gt; It's very nitpicky, but it caught my eye immediately</span><br />
<span class="irc-date">[20:11]</span> <span class="irc-black">&lt;DSpaceSlackBot&gt; &lt;tdonohue&gt; It's almost like your IDE was fighting over spaces vs tabs ;)</span><br />
<span class="irc-date">[20:12]</span> <span class="irc-black">&lt;DSpaceSlackBot&gt; &lt;terrywbrady&gt; I will prioritize it as a nitpicky comment :slightly_smiling_face:</span><br />
<span class="irc-date">[20:12]</span> <span class="irc-black">&lt;DSpaceSlackBot&gt; &lt;hpottinger&gt; spaces vs. tabs, as if there were any doubt</span><br />
<span class="irc-date">[20:12]</span> <span class="irc-black">&lt;DSpaceSlackBot&gt; &lt;terrywbrady&gt; I  standardized to all spaces but cloned some code with tabs.  Since this is a new file, I should be able to force it all to spaces.</span><br />
<span class="irc-date">[20:12]</span> <span class="irc-black">&lt;DSpaceSlackBot&gt; &lt;tdonohue&gt; yes, it's not a high priority obviously.</span><br />
<span class="irc-date">[20:13]</span> <span class="irc-black">&lt;DSpaceSlackBot&gt; &lt;terrywbrady&gt; I need to figure out the optimal number of records to update in one batch: 1,000, 10,000 or 100,000</span><br />
<span class="irc-date">[20:13]</span> <span class="irc-black">&lt;DSpaceSlackBot&gt; &lt;tdonohue&gt; In any case, I agree, take off the WIP flag.  I'd recommend perhaps calling out specific folks for possible review.  Not sure if @kshepherd would have some time to give this a look (maybe if we're lucky)</span><br />
<span class="irc-date">[20:14]</span> <span class="irc-black">&lt;DSpaceSlackBot&gt; &lt;terrywbrady&gt; Done.  Thanks</span><br />
<span class="irc-date">[20:15]</span> <span class="irc-black">&lt;DSpaceSlackBot&gt; &lt;tdonohue&gt; I'll give the code a quick look too...but again, I'll admit, I'm not the Solr expert around here (so if the Solr queries are off, I may not notice that)...but can give a Java code/implementation review</span><br />
<span class="irc-date">[20:16]</span> <span class="irc-black">&lt;DSpaceSlackBot&gt; &lt;terrywbrady&gt; Thanks</span><br />
<span class="irc-date">[20:16]</span> <span class="irc-black">&lt;DSpaceSlackBot&gt; &lt;tdonohue&gt; Moving along now...</span><br />
<span class="irc-date">[20:17]</span> <span class="irc-black">&lt;DSpaceSlackBot&gt; &lt;tdonohue&gt; Next up is <a href="https://jira.duraspace.org/browse/DS-3599">https://jira.duraspace.org/browse/DS-3599</a> / <a href="https://github.com/DSpace/DSpace/pull/1751">https://github.com/DSpace/DSpace/pull/1751</a></span><br />
<span class="irc-date">[20:17]</span> <span class="irc-black">&lt;DSpaceSlackBot&gt; &lt;tdonohue&gt; This PR has had two reviews &amp; a test.... it was waiting on @tom_desair to enhance the unit tests a bit.</span><br />
<span class="irc-date">[20:18]</span> <span class="irc-black">&lt;DSpaceSlackBot&gt; &lt;tdonohue&gt; So, it's "basically ready to ship".  But, I'd kinda like to see those unit tests in place now, rather than later</span><br />
<span class="irc-date">[20:18]</span> <span class="irc-black">&lt;DSpaceSlackBot&gt; &lt;tdonohue&gt; I'll ping Tom on the PR again to see if he's gonna have time soonish</span><br />
<span class="irc-date">[20:19]</span> <span class="irc-black">&lt;DSpaceSlackBot&gt; &lt;hpottinger&gt; sorry to run, I've got a swim meet I have to run off to</span><br />
<span class="irc-date">[20:19]</span> <span class="irc-black">&lt;DSpaceSlackBot&gt; &lt;tdonohue&gt; talk to you later @hpottinger</span><br />
<span class="irc-date">[20:19]</span> <span class="irc-black">&lt;DSpaceSlackBot&gt; &lt;hpottinger&gt; I may be able to check back in from there, if the wifi stays up</span><br />
<span class="irc-date">[20:19]</span> <span class="irc-black">&lt;DSpaceSlackBot&gt; &lt;tdonohue&gt; Next up in the list.. <a href="https://jira.duraspace.org/browse/DS-3552">https://jira.duraspace.org/browse/DS-3552</a></span><br />
<span class="irc-date">[20:20]</span> <span class="irc-black">&lt;DSpaceSlackBot&gt; &lt;tdonohue&gt; This one was merged already into 6.x.  But, the ticket is still open as it needs cherry-picking over to "master".  Also waiting on @tom_desair (or someone else) to create a new PR for "master" here</span><br />
<span class="irc-date">[20:20]</span> <span class="irc-black">&lt;DSpaceSlackBot&gt; &lt;tdonohue&gt; So, this one is "nearly done" too</span><br />
<span class="irc-date">[20:21]</span> <span class="irc-black">&lt;DSpaceSlackBot&gt; &lt;tdonohue&gt; Next up is: <a href="https://jira.duraspace.org/browse/DS-3579">https://jira.duraspace.org/browse/DS-3579</a> / <a href="https://github.com/DSpace/DSpace/pull/1727">https://github.com/DSpace/DSpace/pull/1727</a></span><br />
<span class="irc-date">[20:22]</span> <span class="irc-black">&lt;DSpaceSlackBot&gt; &lt;tdonohue&gt; This is a bit of a larger ticket (again @tom_desair, who's been amazingly busy with 6.1)... it's not the highest priority, but would be nice to clean up/fix now</span><br />
<span class="irc-date">[20:22]</span> <span class="irc-black">&lt;DSpaceSlackBot&gt; &lt;tdonohue&gt; The PR is still flagged as a WIP, but it's had a review</span><br />
<span class="irc-date">[20:23]</span> <span class="irc-black">&lt;DSpaceSlackBot&gt; &lt;tdonohue&gt; (though it also has conflicts now which need cleaning)</span><br />
<span class="irc-date">[20:23]</span> <span class="irc-black">&lt;DSpaceSlackBot&gt; &lt;terrywbrady&gt; I wonder if I should take a lesson from this PR in the work I am doing on the stats upgrade.  It does a lot of database lookups</span><br />
<span class="irc-date">[20:23]</span> <span class="irc-black">&lt;DSpaceSlackBot&gt; &lt;tdonohue&gt; @terrywbrady : yes, you likely should.  The READ ONLY context mode is definitely more performant</span><br />
<span class="irc-date">[20:25]</span> <span class="irc-black">&lt;DSpaceSlackBot&gt; &lt;tdonohue&gt; So, this is a ticket that's a little "less ready" to ship.  But, if worst came to worst, I suspect we could ship this in 6.2 (to ensure it's well tested and doesn't break anything)</span><br />
<span class="irc-date">[20:26]</span> <span class="irc-black">&lt;DSpaceSlackBot&gt; &lt;tdonohue&gt; Nonetheless, I reminded Tom in the PR</span><br />
<span class="irc-date">[20:27]</span> <span class="irc-black">&lt;DSpaceSlackBot&gt; &lt;tdonohue&gt; (That said, if anyone else cares to help push forward the effort in this PR, this seems like something someone else could claim from Tom &amp; cleanup/test.  Just a note that we don't have to be waiting on Tom for all these PRs)</span><br />
<span class="irc-date">[20:28]</span> <span class="irc-black">&lt;DSpaceSlackBot&gt; &lt;tdonohue&gt; Next up though, <a href="https://jira.duraspace.org/browse/DS-3572">https://jira.duraspace.org/browse/DS-3572</a> / <a href="https://github.com/DSpace/DSpace/pull/1715">https://github.com/DSpace/DSpace/pull/1715</a></span><br />
<span class="irc-date">[20:29]</span> <span class="irc-black">&lt;DSpaceSlackBot&gt; &lt;tdonohue&gt; This one is a more high priority one, as the behavior is quite unexpected/wrong.  The PR seems to be stumbling a bit here, as @pbecker is hitting unit test issues</span><br />
<span class="irc-date">[20:30]</span> <span class="irc-black">&lt;DSpaceSlackBot&gt; &lt;tdonohue&gt; So, this is one we likely could use more eyes on</span><br />
<span class="irc-date">[20:31]</span> <span class="irc-black">&lt;DSpaceSlackBot&gt; &lt;tdonohue&gt; and (looking at my schedule), I might be able to see if I can try to dig in a bit here on Friday.  But other eyes are welcome, especially if you can see why Unit Tests are failing here</span><br />
<span class="irc-date">[20:32]</span> <span class="irc-black">&lt;DSpaceSlackBot&gt; &lt;tdonohue&gt; I'm going to push through to the last few here...</span><br />
<span class="irc-date">[20:32]</span> <span class="irc-black">&lt;DSpaceSlackBot&gt; &lt;tdonohue&gt; <a href="https://jira.duraspace.org/browse/DS-3447">https://jira.duraspace.org/browse/DS-3447</a></span><br />
<span class="irc-date">[20:32]</span> <span class="irc-black">&lt;DSpaceSlackBot&gt; &lt;terrywbrady&gt; I am going to finish work on 3602, then I can take a look at 3572</span><br />
<span class="irc-date">[20:32]</span> <span class="irc-black">&lt;DSpaceSlackBot&gt; &lt;tdonohue&gt; 3447: I'm leaning towards rescheduling this for 6.2, as it's had no real public activity. Any objections to that?</span><br />
<span class="irc-date">[20:32]</span> <span class="irc-black">&lt;mhwood&gt; That sounds right.</span><br />
<span class="irc-date">[20:33]</span> <span class="irc-black">&lt;DSpaceSlackBot&gt; &lt;tdonohue&gt; @terrywbrady : thanks, that'd be great! 3572 definitely seems like one we need to move forward rapidly here</span><br />
<span class="irc-date">[20:33]</span> <span class="irc-black">&lt;DSpaceSlackBot&gt; &lt;terrywbrady&gt; Bram has added ORCID to the agenda for the next DCAT call.  I think your plan makes sense</span><br />
<span class="irc-date">[20:33]</span> <span class="irc-black">&lt;DSpaceSlackBot&gt; &lt;tdonohue&gt; Done. ORCID (3447) is now moved to 6.2</span><br />
<span class="irc-date">[20:34]</span> <span class="irc-black">&lt;DSpaceSlackBot&gt; &lt;tdonohue&gt; Next we have DS-3406 / <a href="https://github.com/DSpace/DSpace/pull/1751">https://github.com/DSpace/DSpace/pull/1751</a></span><br />
<span class="irc-date">[20:34]</span> <span class="irc-black">&lt;DSpaceSlackBot&gt; &lt;tdonohue&gt; This is one PR linked to two tickets (we mentioned this above)</span><br />
<span class="irc-date">[20:34]</span> <span class="irc-black">&lt;DSpaceSlackBot&gt; &lt;tdonohue&gt; (I keep forgetting this PR solves two issues here)</span><br />
<span class="irc-date">[20:35]</span> <span class="irc-black">&lt;DSpaceSlackBot&gt; &lt;tdonohue&gt; This was in the "nearly ready to ship" category</span><br />
<span class="irc-date">[20:35]</span> <span class="irc-black">&lt;DSpaceSlackBot&gt; &lt;tdonohue&gt; Last in the list is DS-3517 / <a href="https://github.com/DSpace/DSpace/pull/1669">https://github.com/DSpace/DSpace/pull/1669</a></span><br />
<span class="irc-date">[20:35]</span> <span class="irc-black">&lt;DSpaceSlackBot&gt; &lt;tdonohue&gt; <a href="https://jira.duraspace.org/browse/DS-3517">https://jira.duraspace.org/browse/DS-3517</a></span><br />
<span class="irc-date">[20:36]</span> <span class="irc-black">&lt;DSpaceSlackBot&gt; &lt;tdonohue&gt; This one has had general approval from @pbecker  (and I code reviewed it).  I think it's nearly ready...but @pbecker had some outstanding requests.</span><br />
<span class="irc-date">[20:37]</span> <span class="irc-black">&lt;DSpaceSlackBot&gt; &lt;tdonohue&gt; I'll ping Pascal on this for an update</span><br />
<span class="irc-date">[20:37]</span> <span class="irc-black">&lt;mhwood&gt; I'm not clear on what is left to do.</span><br />
<span class="irc-date">[20:38]</span> <span class="irc-black">&lt;DSpaceSlackBot&gt; &lt;tdonohue&gt; neither am I.  I'll ping Pascal to re-review and/or remove his request for chanages</span><br />
<span class="irc-date">[20:40]</span> <span class="irc-black">&lt;DSpaceSlackBot&gt; &lt;tdonohue&gt; Ok, so that's the full list.  While the list still seems long(ish), it seems to me like most of these are "nearly ready".  The  group that needs more eyes/reviews includes: DS-3602, DS-3572 and possibly DS-3579 (if we don't reschedule it)</span><br />
<span class="irc-date">[20:40]</span> <span class="irc-black">&lt;DSpaceSlackBot&gt; &lt;tdonohue&gt; <a href="https://jira.duraspace.org/browse/DS-3602">https://jira.duraspace.org/browse/DS-3602</a></span><br />
<span class="irc-date">[20:40]</span> <span class="irc-black">&lt;DSpaceSlackBot&gt; &lt;tdonohue&gt; <a href="https://jira.duraspace.org/browse/DS-3572">https://jira.duraspace.org/browse/DS-3572</a></span><br />
<span class="irc-date">[20:40]</span> <span class="irc-black">&lt;DSpaceSlackBot&gt; &lt;tdonohue&gt; <a href="https://jira.duraspace.org/browse/DS-3579">https://jira.duraspace.org/browse/DS-3579</a></span><br />
<span class="irc-date">[20:41]</span> <span class="irc-black">&lt;DSpaceSlackBot&gt; &lt;tdonohue&gt; So, if any of you have some spare time in the coming days/week, we could really use support in reviewing / testing / moving forward the tickets listed above</span><br />
<span class="irc-date">[20:42]</span> <span class="irc-black">&lt;DSpaceSlackBot&gt; &lt;tdonohue&gt; Again, the goal here is to get 6.1 out ASAP, and ideally before OR2017.  I'd really like to tell folks about 6.1 at OR2017, especially if folks have hit issues in the 6.0 upgrade</span><br />
<span class="irc-date">[20:42]</span> <span class="irc-black">&lt;DSpaceSlackBot&gt; &lt;pbecker&gt; hi</span><br />
<span class="irc-date">[20:43]</span> <span class="irc-black">&lt;DSpaceSlackBot&gt; &lt;tdonohue&gt; Hi there, @pbecker.  You likely saw, but we pinged you on <a href="https://github.com/DSpace/DSpace/pull/1669">https://github.com/DSpace/DSpace/pull/1669</a></span><br />
<span class="irc-date">[20:43]</span> <span class="irc-black">&lt;DSpaceSlackBot&gt; Action: pbecker hast to read the logs</span><br />
<span class="irc-date">[20:43]</span> <span class="irc-black">&lt;DSpaceSlackBot&gt; &lt;pbecker&gt; I just switched on the computer</span><br />
<span class="irc-date">[20:44]</span> <span class="irc-black">&lt;DSpaceSlackBot&gt; &lt;tdonohue&gt; Regarding the 6.1 release, if you are wondering "what all is in it", I *have* already begun drafting the release notes at: <a href="https://wiki.duraspace.org/display/DSPACE/DSpace+Release+6.1+Status">https://wiki.duraspace.org/display/DSPACE/DSpace+Release+6.1+Status</a></span><br />
<span class="irc-date">[20:45]</span> <span class="irc-black">&lt;DSpaceSlackBot&gt; &lt;tdonohue&gt; Those release notes are by no means complete (especially considering they don't include tickets we haven't closed yet), but they should give a sense of the large number of bug fixes we already have ready</span><br />
<span class="irc-date">[20:46]</span> <span class="irc-black">&lt;DSpaceSlackBot&gt; &lt;tdonohue&gt; And @pbecker already has agreed to be Release Coordinator for 6.1 (thanks again).  So, we really just need to push hard to close out these remaining tickets as soon as we can.</span><br />
<span class="irc-date">[20:46]</span> <span class="irc-black">&lt;DSpaceSlackBot&gt; Action: pbecker merged DSPR#1669</span><br />
<span class="irc-date">[20:46]</span> <span class="irc-black">&lt;DSpaceSlackBot&gt; &lt;tdonohue&gt; Thanks @pbecker! Feel free to close the ticket too.  One more down!</span><br />
<span class="irc-date">[20:46]</span> <span class="irc-black">&lt;DSpaceSlackBot&gt; &lt;pbecker&gt; I’ll close it tomorrow.</span><br />
<span class="irc-date">[20:46]</span> <span class="irc-black">&lt;DSpaceSlackBot&gt; &lt;terrywbrady&gt; The Release Coordinator is making things happen!</span><br />
<span class="irc-date">[20:47]</span> <span class="irc-black">&lt;DSpaceSlackBot&gt; &lt;pbecker&gt; Just to remind me to create a ticket about what could be enhanced.</span><br />
<span class="irc-date">[20:47]</span> <span class="irc-black">&lt;DSpaceSlackBot&gt; &lt;tdonohue&gt; Ok, so we have a bit more time left today. Are there other questions here on 6.1?  Anything else here that someone wants eyes/help on (or wants to make a plea to get into 6.1 still)?</span><br />
<span class="irc-date">[20:48]</span> <span class="irc-black">&lt;DSpaceSlackBot&gt; &lt;pbecker&gt; did you already discussed the issue terry discovered yesterday?</span><br />
<span class="irc-date">[20:48]</span> <span class="irc-black">&lt;DSpaceSlackBot&gt; &lt;pbecker&gt; I’d like to have an agreement if that is a blocker or not.</span><br />
<span class="irc-date">[20:48]</span> <span class="irc-black">&lt;DSpaceSlackBot&gt; &lt;terrywbrady&gt; We have talked about backports for 5x.  What about 4x?</span><br />
<span class="irc-date">[20:49]</span> <span class="irc-black">&lt;DSpaceSlackBot&gt; &lt;pbecker&gt; sorry, haven’t catch up with the logs yet.</span><br />
<span class="irc-date">[20:50]</span> <span class="irc-black">&lt;DSpaceSlackBot&gt; &lt;tdonohue&gt; Also should mention, if anyone @here wants to see any of the (still open) "quick win" PRs make it into 6.1, please give them a test/approval.  We still have time to get in these small PRs, but someone needs to move them forward (and most of the Committers are now concentrating on finishing the "high priority" stuff): <a href="https://github.com/DSpace/DSpace/pulls?q=is%3Aopen+is%3Apr+label%3A%22quick+win%22">https://github.com/DSpace/DSpace/pulls?q=is%3Aopen+is%3Apr+label%3A%22quick+win%22</a></span><br />
<span class="irc-date">[20:51]</span> <span class="irc-black">&lt;DSpaceSlackBot&gt; &lt;tdonohue&gt; RE: 4.x.  Just a reminder that we don't backport bug fixes (unless we make an exception and feel something is very severe).   Technically, we've made some exceptions here and backported more than normal to 5.x (just cause so many folks are still on 5.x).</span><br />
<span class="irc-date">[20:52]</span> <span class="irc-black">&lt;DSpaceSlackBot&gt; &lt;tdonohue&gt; This is all in our Software Support Policy: <a href="https://wiki.duraspace.org/display/DSPACE/DSpace+Software+Support+Policy">https://wiki.duraspace.org/display/DSPACE/DSpace+Software+Support+Policy</a></span><br />
<span class="irc-date">[20:52]</span> <span class="irc-black">&lt;DSpaceSlackBot&gt; &lt;kshepherd&gt; hi all</span><br />
<span class="irc-date">[20:53]</span> <span class="irc-black">&lt;DSpaceSlackBot&gt; &lt;terrywbrady&gt; thanks for the link @tdonohue</span><br />
<span class="irc-date">[20:53]</span> <span class="irc-black">&lt;DSpaceSlackBot&gt; &lt;tdonohue&gt; Hi @kshepherd , welcome.  We pinged you as a possible person interested in <a href="https://github.com/DSpace/DSpace/pull/1766">https://github.com/DSpace/DSpace/pull/1766</a></span><br />
<span class="irc-date">[20:53]</span> <span class="irc-black">&lt;DSpaceSlackBot&gt; &lt;tdonohue&gt; This could use more eyes from a Solr expert...and we thought of you, @kshepherd ;)</span><br />
<span class="irc-date">[20:54]</span> <span class="irc-black">&lt;DSpaceSlackBot&gt; &lt;kshepherd&gt; sure</span><br />
<span class="irc-date">[20:55]</span> <span class="irc-black">&lt;DSpaceSlackBot&gt; &lt;tdonohue&gt; And obviously, if you wanted to help out with anything else, we'd love the extra help. But, that'd probably be a good place to start if you only have limited time ;)</span><br />
<span class="irc-date">[20:55]</span> <span class="irc-black">&lt;DSpaceSlackBot&gt; Action: kshepherd might have to create some fake stats indexes, or borrow some data from somewhere</span><br />
<span class="irc-date">[20:56]</span> <span class="irc-black">&lt;DSpaceSlackBot&gt; &lt;kshepherd&gt; i've been merging some postgres fixes and improvements lately, but unfortunately i done much for 6.1 specifically in the last week</span><br />
<span class="irc-date">[20:56]</span> <span class="irc-black">&lt;DSpaceSlackBot&gt; &lt;tdonohue&gt; Realizing now that we are nearing our allotted hour.  Were there any more questions about 6.1?  Or tickets/PRs needing more eyes? Or even offers to help?</span><br />
<span class="irc-date">[20:57]</span> <span class="irc-black">&lt;DSpaceSlackBot&gt; &lt;kshepherd&gt; general offer to help from me, feel free to request reviews on PRs or ping me for quick things that still need PRs</span><br />
<span class="irc-date">[20:57]</span> <span class="irc-black">&lt;DSpaceSlackBot&gt; &lt;pbecker&gt; just one short question: I was cherry-picking DSPR-1669 to master.</span><br />
<span class="irc-date">[20:57]</span> <span class="irc-black">&lt;DSpaceSlackBot&gt; &lt;pbecker&gt; I tried to run unit tests and they failed.</span><br />
<span class="irc-date">[20:58]</span> <span class="irc-black">&lt;DSpaceSlackBot&gt; &lt;pbecker&gt; does our unit tests work fine on master currently or are there some known problems as part of the heavy work on the new UI?</span><br />
<span class="irc-date">[20:58]</span> <span class="irc-black">&lt;DSpaceSlackBot&gt; &lt;tdonohue&gt; Unit tests should be working fine on "master".  We are still looking for working unit tests before we merge anything on "master"</span><br />
<span class="irc-date">[20:59]</span> <span class="irc-black">&lt;DSpaceSlackBot&gt; &lt;pbecker&gt; good, than I’ll keep the cherry-picking for tomorrow morning.</span><br />
<span class="irc-date">[20:59]</span> <span class="irc-black">&lt;DSpaceSlackBot&gt; &lt;tdonohue&gt; So, you may want to create a PR for it and work out the issues in the PR...we can then merge it once the unit tests are fixed</span><br />
<span class="irc-date">[21:00]</span> <span class="irc-black">&lt;DSpaceSlackBot&gt; &lt;tdonohue&gt; @kshepherd : regarding your offer to "help".  The tickets currently needing the most "eyes" seem to be DS-3602, DS-3572 and possibly DS-3579 (if we don't reschedule it)</span><br />
<span class="irc-date">[21:00]</span> <span class="irc-black">&lt;DSpaceSlackBot&gt; &lt;tdonohue&gt; (and we already mentioned 3602 to you)</span><br />
<span class="irc-date">[21:02]</span> <span class="irc-black">&lt;DSpaceSlackBot&gt; &lt;tdonohue&gt; Ok, so as we are at the top of the hour, I'll go ahead and close up the meeting for today.  I think our goals for the next week are to cut back this list as much as possible, so that hopefully we are in a situation where we can start talking exact release dates for 6.1 *next week*</span><br />
<span class="irc-date">[21:02]</span> <span class="irc-black">&lt;DSpaceSlackBot&gt; &lt;tdonohue&gt; (I realize that's an ambitious goal, but I do feel we are getting close)</span><br />
<span class="irc-date">[21:02]</span> <span class="irc-black">&lt;DSpaceSlackBot&gt; &lt;pbecker&gt; We should be able to. Three important issues.</span><br />
<span class="irc-date">[21:03]</span> <span class="irc-black">&lt;DSpaceSlackBot&gt; &lt;tdonohue&gt; And with that, I'll leave you with the link to the "high priority" tickets left to close: <a href="https://jira.duraspace.org/issues/?jql=filter%20%3D%2013904%20and%20fixVersion%20in%20(5.7%2C%206.1)%20ORDER%20BY%20fixVersion%20DESC%2C%20priority%20DESC%20%20%20">https://jira.duraspace.org/issues/?jql=filter%20%3D%2013904%20and%20fixVersion%20in%20(5.7%2C%206.1)%20ORDER%20BY%20fixVersion%20DESC%2C%20priority%20DESC%20%20%20</a></span><br />
<span class="irc-date">[21:03]</span> <span class="irc-black">&lt;DSpaceSlackBot&gt; &lt;kshepherd&gt; btw all, even though kompewter is not here, let's not forget the jira integration -- /jirio command -- does work. i forgot, last meeting</span><br />
<span class="irc-date">[21:03]</span> <span class="irc-black">&lt;DSpaceSlackBot&gt; &lt;kshepherd&gt; etc..</span><br />
<span class="irc-date">[21:04]</span> <span class="irc-black">&lt;DSpaceSlackBot&gt; &lt;tdonohue&gt; Good point, @kshepherd. I forgot about it this meeting</span><br />
<span class="irc-date">[21:05]</span> <span class="irc-black">&lt;DSpaceSlackBot&gt; &lt;tdonohue&gt; And as a sidenote, I haven't had time to figure out what is up with kompewter....but it currently seems blocked from accessing IRC.  I've tried simply restarting, but it never is able to connect.</span><br />
<span class="irc-date">[21:05]</span> <span class="irc-black">&lt;mhwood&gt; 'bye, all.</span><br />
<span class="irc-date">[21:05]</span> <span class="irc-green">* mhwood (~mhwood@mhw.ulib.iupui.edu) has left #duraspace</span><br />
<span class="irc-date">[21:05]</span> <span class="irc-black">&lt;DSpaceSlackBot&gt; &lt;tdonohue&gt; (But, I've considered it not that high of priority for now...considering 6.1 is of highest priority)</span><br />
<span class="irc-date">[21:05]</span> <span class="irc-black">&lt;DSpaceSlackBot&gt; &lt;pbecker&gt; good by mhwood!</span><br />
<span class="irc-date">[21:06]</span> <span class="irc-black">&lt;DSpaceSlackBot&gt; &lt;tdonohue&gt; Bye all...I have to jump off to other things as well!  Please do ping me (in tickets, github or Slack) if you need my help!</span><br />
<span class="irc-date">[21:06]</span> <span class="irc-black">&lt;DSpaceSlackBot&gt; &lt;pbecker&gt; can anyone please run the unit tests on master? they seems to be broken here.</span><br />
<span class="irc-date">[21:06]</span> <span class="irc-black">&lt;DSpaceSlackBot&gt; &lt;kshepherd&gt; bye mhwood</span><br />
<span class="irc-date">[21:06]</span> <span class="irc-black">&lt;DSpaceSlackBot&gt; &lt;pbecker&gt; by everyone!</span><br />
<span class="irc-date">[21:06]</span> <span class="irc-black">&lt;DSpaceSlackBot&gt; &lt;terrywbrady&gt; bye</span><br />
<span class="irc-date">[21:06]</span> <span class="irc-black">&lt;DSpaceSlackBot&gt; &lt;kshepherd&gt; and yeah bye everyone, i've only just now realised that i stuffed my timezones up in my head, whoops. i will scroll back through past hour more thoroughly :P</span><br />
<span class="irc-date">[21:07]</span> <span class="irc-black">&lt;DSpaceSlackBot&gt; &lt;tdonohue&gt; @pbecker : quick note... Travis last ran master Unit Tests in the last 20 hours, and all succeeded: <a href="https://travis-ci.org/DSpace/DSpace/branches">https://travis-ci.org/DSpace/DSpace/branches</a></span><br />
<span class="irc-date">[21:49]</span> <span class="irc-navy">* tdonohue (~tdonohue@dspace/tdonohue) Quit (Read error: Connection reset by peer)</span><br />
