<span class="irc-date">[0:07]</span> <span class="irc-green">* Django (89e54037@gateway/web/freenode/ip.137.229.64.55) has joined #duraspace</span><br />
<span class="irc-date">[0:08]</span> <span class="irc-navy">* Django (89e54037@gateway/web/freenode/ip.137.229.64.55) Quit (Client Quit)</span><br />
<span class="irc-date">[0:08]</span> <span class="irc-green">* Django907 (89e54037@gateway/web/freenode/ip.137.229.64.55) has joined #duraspace</span><br />
<span class="irc-date">[0:09]</span> <span class="irc-black">&lt;Django907&gt; \HELP</span><br />
<span class="irc-date">[0:09]</span> <span class="irc-black">&lt;Django907&gt; Well, that didn't do what I thought it would...</span><br />
<span class="irc-date">[1:12]</span> <span class="irc-navy">* misilot (~misilot@p-body.lib.fit.edu) Quit (Ping timeout: 240 seconds)</span><br />
<span class="irc-date">[1:13]</span> <span class="irc-green">* misilot (~misilot@p-body.lib.fit.edu) has joined #duraspace</span><br />
<span class="irc-date">[2:32]</span> <span class="irc-navy">* Django907 (89e54037@gateway/web/freenode/ip.137.229.64.55) Quit (Quit: Page closed)</span><br />
<span class="irc-date">[6:40]</span> <span class="irc-brown">-hitchcock.freenode.net- *** Looking up your hostname...</span><br />
<span class="irc-date">[6:40]</span> <span class="irc-brown">-hitchcock.freenode.net- *** Checking Ident</span><br />
<span class="irc-date">[6:40]</span> <span class="irc-brown">-hitchcock.freenode.net- *** Found your hostname</span><br />
<span class="irc-date">[6:40]</span> <span class="irc-brown">-hitchcock.freenode.net- *** No Ident response</span><br />
<span class="irc-date">[6:40]</span> <span class="irc-green">* DuraLogBot (~PircBot@webster.duraspace.org) has joined #duraspace</span><br />
<span class="irc-date">[6:40]</span> <span class="irc-green">* Topic is 'Welcome to DuraSpace IRC. This channel is used for formal meetings and is logged - <a href="http://irclogs.duraspace.org/'">http://irclogs.duraspace.org/'</a></span><br />
<span class="irc-date">[6:40]</span> <span class="irc-green">* Set by tdonohue on Thu Sep 15 17:49:38 UTC 2016</span><br />
<span class="irc-date">[12:58]</span> <span class="irc-green">* mhwood (mwood@mhw.ulib.iupui.edu) has joined #duraspace</span><br />
<span class="irc-date">[14:18]</span> <span class="irc-green">* tdonohue (~tdonohue@dspace/tdonohue) has joined #duraspace</span><br />
<span class="irc-date">[15:27]</span> <span class="irc-green">* dyelar (~dyelar@biolinux.mrb.ku.edu) has joined #duraspace</span><br />
<span class="irc-date">[18:54]</span> <span class="irc-green">* hpottinger (~hpottinge@162.104.218.179) has joined #duraspace</span><br />
<span class="irc-date">[21:36]</span> <span class="irc-navy">* dyelar (~dyelar@biolinux.mrb.ku.edu) Quit (Quit: Leaving.)</span><br />
<span class="irc-date">[22:24]</span> <span class="irc-navy">* mhwood (mwood@mhw.ulib.iupui.edu) Quit (Remote host closed the connection)</span><br />
<span class="irc-date">[22:58]</span> <span class="irc-navy">* tdonohue (~tdonohue@dspace/tdonohue) Quit (Read error: Connection reset by peer)</span><br />
<span class="irc-date">[23:33]</span> <span class="irc-navy">* hpottinger (~hpottinge@162.104.218.179) Quit (Quit: Leaving 三三ᕕ( ᐛ )ᕗ LATER TATERS!)</span><br />
