<span class="irc-date">[6:32]</span> <span class="irc-brown">-niven.freenode.net- *** Looking up your hostname...</span><br />
<span class="irc-date">[6:32]</span> <span class="irc-brown">-niven.freenode.net- *** Checking Ident</span><br />
<span class="irc-date">[6:32]</span> <span class="irc-brown">-niven.freenode.net- *** Found your hostname</span><br />
<span class="irc-date">[6:32]</span> <span class="irc-brown">-niven.freenode.net- *** No Ident response</span><br />
<span class="irc-date">[6:32]</span> <span class="irc-green">* DuraLogBot (~PircBot@webster.duraspace.org) has joined #duraspace</span><br />
<span class="irc-date">[6:32]</span> <span class="irc-green">* Topic is 'Welcome to DuraSpace IRC. This channel is used for formal meetings and is logged - <a href="http://irclogs.duraspace.org/'">http://irclogs.duraspace.org/'</a></span><br />
<span class="irc-date">[6:32]</span> <span class="irc-green">* Set by tdonohue on Thu Sep 15 17:49:38 UTC 2016</span><br />
<span class="irc-date">[6:34]</span> <span class="irc-navy">* kompewter (~kompewter@50.17.201.82) Quit (Ping timeout: 256 seconds)</span><br />
<span class="irc-date">[6:34]</span> <span class="irc-navy">* DSpaceSlackBot2 (~DSpaceSla@ec2-50-17-201-82.compute-1.amazonaws.com) Quit (Ping timeout: 268 seconds)</span><br />
<span class="irc-date">[7:01]</span> <span class="irc-green">* DSpaceSlackBot (~DSpaceSla@ec2-50-17-201-82.compute-1.amazonaws.com) has joined #duraspace</span><br />
<span class="irc-date">[7:07]</span> <span class="irc-green">* kompewter (~kompewter@50.17.201.82) has joined #duraspace</span><br />
<span class="irc-date">[12:39]</span> <span class="irc-green">* tdonohue (~tdonohue@dspace/tdonohue) has joined #duraspace</span><br />
<span class="irc-date">[13:13]</span> <span class="irc-green">* mhwood (~mhwood@mhw.ulib.iupui.edu) has joined #duraspace</span><br />
<span class="irc-date">[15:12]</span> <span class="irc-green">* dyelar1 (~dyelar@dyelar.mrb.ku.edu) has joined #duraspace</span><br />
<span class="irc-date">[15:13]</span> <span class="irc-navy">* dyelar (~dyelar@dyelar.mrb.ku.edu) Quit (Read error: Connection reset by peer)</span><br />
<span class="irc-date">[15:30]</span> <span class="irc-navy">* tdonohue (~tdonohue@dspace/tdonohue) Quit (Read error: Connection reset by peer)</span><br />
<span class="irc-date">[15:31]</span> <span class="irc-green">* tdonohue (~tdonohue@dspace/tdonohue) has joined #duraspace</span><br />
<span class="irc-date">[17:54]</span> <span class="irc-navy">* dyelar1 (~dyelar@dyelar.mrb.ku.edu) Quit (Quit: Leaving.)</span><br />
<span class="irc-date">[18:01]</span> <span class="irc-green">* dyelar (~dyelar@dyelar.mrb.ku.edu) has joined #duraspace</span><br />
<span class="irc-date">[20:22]</span> <span class="irc-navy">* mtj_ (~mtj@kohaaloha.com) Quit (Read error: Connection timed out)</span><br />
<span class="irc-date">[20:26]</span> <span class="irc-green">* mtj_ (~mtj@kohaaloha.com) has joined #duraspace</span><br />
<span class="irc-date">[21:36]</span> <span class="irc-navy">* dyelar (~dyelar@dyelar.mrb.ku.edu) Quit (Quit: Leaving.)</span><br />
<span class="irc-date">[22:23]</span> <span class="irc-navy">* mhwood (~mhwood@mhw.ulib.iupui.edu) Quit (Remote host closed the connection)</span><br />
<span class="irc-date">[22:42]</span> <span class="irc-navy">* tdonohue (~tdonohue@dspace/tdonohue) Quit (Read error: Connection reset by peer)</span><br />
