<span class="irc-date">[2:16]</span> <span class="irc-navy">* tdonohue (~tdonohue@dspace/tdonohue) Quit (Quit: Leaving.)</span><br />
<span class="irc-date">[2:21]</span> <span class="irc-green">* tdonohue (~tdonohue@dspace/tdonohue) has joined #duraspace</span><br />
<span class="irc-date">[2:24]</span> <span class="irc-navy">* tdonohue (~tdonohue@dspace/tdonohue) Quit (Client Quit)</span><br />
<span class="irc-date">[3:21]</span> <span class="irc-green">* tdonohue (~tdonohue@dspace/tdonohue) has joined #duraspace</span><br />
<span class="irc-date">[3:23]</span> <span class="irc-navy">* tdonohue (~tdonohue@dspace/tdonohue) Quit (Client Quit)</span><br />
<span class="irc-date">[4:21]</span> <span class="irc-green">* tdonohue (~tdonohue@dspace/tdonohue) has joined #duraspace</span><br />
<span class="irc-date">[4:23]</span> <span class="irc-navy">* tdonohue (~tdonohue@dspace/tdonohue) Quit (Client Quit)</span><br />
<span class="irc-date">[5:21]</span> <span class="irc-green">* tdonohue (~tdonohue@dspace/tdonohue) has joined #duraspace</span><br />
<span class="irc-date">[5:23]</span> <span class="irc-navy">* tdonohue (~tdonohue@dspace/tdonohue) Quit (Client Quit)</span><br />
<span class="irc-date">[6:21]</span> <span class="irc-green">* tdonohue (~tdonohue@dspace/tdonohue) has joined #duraspace</span><br />
<span class="irc-date">[6:23]</span> <span class="irc-navy">* tdonohue (~tdonohue@dspace/tdonohue) Quit (Client Quit)</span><br />
<span class="irc-date">[6:47]</span> <span class="irc-brown">-cherryh.freenode.net- *** Looking up your hostname...</span><br />
<span class="irc-date">[6:47]</span> <span class="irc-brown">-cherryh.freenode.net- *** Checking Ident</span><br />
<span class="irc-date">[6:47]</span> <span class="irc-brown">-cherryh.freenode.net- *** Found your hostname</span><br />
<span class="irc-date">[6:47]</span> <span class="irc-brown">-cherryh.freenode.net- *** No Ident response</span><br />
<span class="irc-date">[6:47]</span> <span class="irc-green">* DuraLogBot (~PircBot@webster.duraspace.org) has joined #duraspace</span><br />
<span class="irc-date">[6:47]</span> <span class="irc-green">* Topic is 'Welcome to DuraSpace IRC. This channel is used for formal meetings and is logged - <a href="http://irclogs.duraspace.org/'">http://irclogs.duraspace.org/'</a></span><br />
<span class="irc-date">[6:47]</span> <span class="irc-green">* Set by tdonohue on Thu Sep 15 17:49:38 UTC 2016</span><br />
<span class="irc-date">[7:21]</span> <span class="irc-green">* tdonohue (~tdonohue@dspace/tdonohue) has joined #duraspace</span><br />
<span class="irc-date">[7:23]</span> <span class="irc-navy">* tdonohue (~tdonohue@dspace/tdonohue) Quit (Client Quit)</span><br />
<span class="irc-date">[8:21]</span> <span class="irc-green">* tdonohue (~tdonohue@dspace/tdonohue) has joined #duraspace</span><br />
<span class="irc-date">[8:23]</span> <span class="irc-navy">* tdonohue (~tdonohue@dspace/tdonohue) Quit (Client Quit)</span><br />
<span class="irc-date">[9:21]</span> <span class="irc-green">* tdonohue (~tdonohue@dspace/tdonohue) has joined #duraspace</span><br />
<span class="irc-date">[9:23]</span> <span class="irc-navy">* tdonohue (~tdonohue@dspace/tdonohue) Quit (Client Quit)</span><br />
<span class="irc-date">[10:21]</span> <span class="irc-green">* tdonohue (~tdonohue@dspace/tdonohue) has joined #duraspace</span><br />
<span class="irc-date">[10:23]</span> <span class="irc-navy">* tdonohue (~tdonohue@dspace/tdonohue) Quit (Client Quit)</span><br />
<span class="irc-date">[11:21]</span> <span class="irc-green">* tdonohue (~tdonohue@dspace/tdonohue) has joined #duraspace</span><br />
<span class="irc-date">[11:23]</span> <span class="irc-navy">* tdonohue (~tdonohue@dspace/tdonohue) Quit (Client Quit)</span><br />
<span class="irc-date">[12:21]</span> <span class="irc-green">* tdonohue (~tdonohue@dspace/tdonohue) has joined #duraspace</span><br />
<span class="irc-date">[12:23]</span> <span class="irc-navy">* tdonohue (~tdonohue@dspace/tdonohue) Quit (Client Quit)</span><br />
<span class="irc-date">[13:21]</span> <span class="irc-green">* tdonohue (~tdonohue@dspace/tdonohue) has joined #duraspace</span><br />
<span class="irc-date">[13:24]</span> <span class="irc-navy">* tdonohue (~tdonohue@dspace/tdonohue) Quit (Client Quit)</span><br />
<span class="irc-date">[14:21]</span> <span class="irc-green">* tdonohue (~tdonohue@dspace/tdonohue) has joined #duraspace</span><br />
<span class="irc-date">[14:24]</span> <span class="irc-navy">* tdonohue (~tdonohue@dspace/tdonohue) Quit (Client Quit)</span><br />
<span class="irc-date">[16:00]</span> <span class="irc-green">* tdonohue (~tdonohue@dspace/tdonohue) has joined #duraspace</span><br />
<span class="irc-date">[18:00]</span> <span class="irc-navy">* tdonohue (~tdonohue@dspace/tdonohue) Quit (Quit: Leaving.)</span><br />
<span class="irc-date">[18:21]</span> <span class="irc-green">* tdonohue (~tdonohue@dspace/tdonohue) has joined #duraspace</span><br />
<span class="irc-date">[18:23]</span> <span class="irc-navy">* tdonohue (~tdonohue@dspace/tdonohue) Quit (Client Quit)</span><br />
<span class="irc-date">[19:21]</span> <span class="irc-green">* tdonohue (~tdonohue@dspace/tdonohue) has joined #duraspace</span><br />
<span class="irc-date">[21:21]</span> <span class="irc-navy">* tdonohue (~tdonohue@dspace/tdonohue) Quit (Quit: Leaving.)</span><br />
