<span class="irc-date">[3:08]</span> <span class="irc-navy">* misilot (~misilot@p-body.lib.fit.edu) Quit (Remote host closed the connection)</span><br />
<span class="irc-date">[3:08]</span> <span class="irc-green">* misilot (~misilot@p-body.lib.fit.edu) has joined #duraspace</span><br />
<span class="irc-date">[3:41]</span> <span class="irc-green">* misilot_ (~misilot@p-body.lib.fit.edu) has joined #duraspace</span><br />
<span class="irc-date">[3:41]</span> <span class="irc-navy">* misilot (~misilot@p-body.lib.fit.edu) Quit (Remote host closed the connection)</span><br />
<span class="irc-date">[4:12]</span> <span class="irc-navy">* misilot_ (~misilot@p-body.lib.fit.edu) Quit (Remote host closed the connection)</span><br />
<span class="irc-date">[4:12]</span> <span class="irc-green">* misilot_ (~misilot@p-body.lib.fit.edu) has joined #duraspace</span><br />
<span class="irc-date">[4:44]</span> <span class="irc-navy">* misilot_ (~misilot@p-body.lib.fit.edu) Quit (Read error: Connection reset by peer)</span><br />
<span class="irc-date">[4:44]</span> <span class="irc-green">* misilot_ (~misilot@p-body.lib.fit.edu) has joined #duraspace</span><br />
<span class="irc-date">[5:16]</span> <span class="irc-navy">* misilot_ (~misilot@p-body.lib.fit.edu) Quit (Remote host closed the connection)</span><br />
<span class="irc-date">[5:16]</span> <span class="irc-green">* misilot_ (~misilot@p-body.lib.fit.edu) has joined #duraspace</span><br />
<span class="irc-date">[6:40]</span> <span class="irc-brown">-tolkien.freenode.net- *** Looking up your hostname...</span><br />
<span class="irc-date">[6:40]</span> <span class="irc-brown">-tolkien.freenode.net- *** Checking Ident</span><br />
<span class="irc-date">[6:40]</span> <span class="irc-brown">-tolkien.freenode.net- *** Found your hostname</span><br />
<span class="irc-date">[6:40]</span> <span class="irc-brown">-tolkien.freenode.net- *** No Ident response</span><br />
<span class="irc-date">[6:40]</span> <span class="irc-green">* DuraLogBot (~PircBot@webster.duraspace.org) has joined #duraspace</span><br />
<span class="irc-date">[6:40]</span> <span class="irc-green">* Topic is 'Welcome to DuraSpace IRC. This channel is used for formal meetings and is logged - <a href="http://irclogs.duraspace.org/'">http://irclogs.duraspace.org/'</a></span><br />
<span class="irc-date">[6:40]</span> <span class="irc-green">* Set by tdonohue on Thu Sep 15 17:49:38 UTC 2016</span><br />
<span class="irc-date">[7:01]</span> <span class="irc-green">* misilot__ (~misilot@p-body.lib.fit.edu) has joined #duraspace</span><br />
<span class="irc-date">[7:01]</span> <span class="irc-navy">* misilot_ (~misilot@p-body.lib.fit.edu) Quit (Remote host closed the connection)</span><br />
<span class="irc-date">[7:33]</span> <span class="irc-navy">* misilot__ (~misilot@p-body.lib.fit.edu) Quit (Read error: Connection reset by peer)</span><br />
<span class="irc-date">[7:33]</span> <span class="irc-green">* misilot__ (~misilot@p-body.lib.fit.edu) has joined #duraspace</span><br />
<span class="irc-date">[7:51]</span> <span class="irc-navy">* misilot__ (~misilot@p-body.lib.fit.edu) Quit (Read error: Connection timed out)</span><br />
<span class="irc-date">[7:51]</span> <span class="irc-green">* misilot__ (~misilot@p-body.lib.fit.edu) has joined #duraspace</span><br />
<span class="irc-date">[9:07]</span> <span class="irc-navy">* misilot__ (~misilot@p-body.lib.fit.edu) Quit (Remote host closed the connection)</span><br />
<span class="irc-date">[9:08]</span> <span class="irc-green">* misilot__ (~misilot@p-body.lib.fit.edu) has joined #duraspace</span><br />
<span class="irc-date">[9:15]</span> <span class="irc-navy">* johnny_b__ (58d8a810@gateway/web/freenode/ip.88.216.168.16) Quit (Ping timeout: 260 seconds)</span><br />
<span class="irc-date">[9:40]</span> <span class="irc-navy">* misilot__ (~misilot@p-body.lib.fit.edu) Quit (Remote host closed the connection)</span><br />
<span class="irc-date">[9:40]</span> <span class="irc-green">* misilot__ (~misilot@p-body.lib.fit.edu) has joined #duraspace</span><br />
<span class="irc-date">[10:12]</span> <span class="irc-navy">* misilot__ (~misilot@p-body.lib.fit.edu) Quit (Remote host closed the connection)</span><br />
<span class="irc-date">[10:12]</span> <span class="irc-green">* misilot__ (~misilot@p-body.lib.fit.edu) has joined #duraspace</span><br />
<span class="irc-date">[10:43]</span> <span class="irc-navy">* misilot__ (~misilot@p-body.lib.fit.edu) Quit (Remote host closed the connection)</span><br />
<span class="irc-date">[10:43]</span> <span class="irc-green">* misilot__ (~misilot@p-body.lib.fit.edu) has joined #duraspace</span><br />
<span class="irc-date">[11:14]</span> <span class="irc-navy">* misilot__ (~misilot@p-body.lib.fit.edu) Quit (Read error: Connection reset by peer)</span><br />
<span class="irc-date">[11:14]</span> <span class="irc-green">* misilot__ (~misilot@p-body.lib.fit.edu) has joined #duraspace</span><br />
<span class="irc-date">[11:36]</span> <span class="irc-green">* tdonohue (~tdonohue@dspace/tdonohue) has joined #duraspace</span><br />
<span class="irc-date">[11:46]</span> <span class="irc-navy">* misilot__ (~misilot@p-body.lib.fit.edu) Quit (Remote host closed the connection)</span><br />
<span class="irc-date">[11:46]</span> <span class="irc-green">* misilot__ (~misilot@p-body.lib.fit.edu) has joined #duraspace</span><br />
<span class="irc-date">[12:37]</span> <span class="irc-green">* mhwood (~mhwood@mhw.ulib.iupui.edu) has joined #duraspace</span><br />
<span class="irc-date">[12:48]</span> <span class="irc-navy">* misilot__ (~misilot@p-body.lib.fit.edu) Quit (Remote host closed the connection)</span><br />
<span class="irc-date">[12:48]</span> <span class="irc-green">* misilot__ (~misilot@p-body.lib.fit.edu) has joined #duraspace</span><br />
<span class="irc-date">[13:36]</span> <span class="irc-navy">* tdonohue (~tdonohue@dspace/tdonohue) Quit (Quit: Leaving.)</span><br />
<span class="irc-date">[13:39]</span> <span class="irc-green">* tdonohue (~tdonohue@dspace/tdonohue) has joined #duraspace</span><br />
<span class="irc-date">[13:51]</span> <span class="irc-navy">* misilot__ (~misilot@p-body.lib.fit.edu) Quit (Remote host closed the connection)</span><br />
<span class="irc-date">[13:51]</span> <span class="irc-green">* misilot__ (~misilot@p-body.lib.fit.edu) has joined #duraspace</span><br />
<span class="irc-date">[14:07]</span> <span class="irc-navy">* dyelar (~dyelar@dyelar.mrb.ku.edu) Quit (Remote host closed the connection)</span><br />
<span class="irc-date">[14:53]</span> <span class="irc-navy">* misilot__ (~misilot@p-body.lib.fit.edu) Quit (Remote host closed the connection)</span><br />
<span class="irc-date">[14:53]</span> <span class="irc-green">* misilot__ (~misilot@p-body.lib.fit.edu) has joined #duraspace</span><br />
<span class="irc-date">[14:58]</span> <span class="irc-green">* dyelar (~dyelar@dyelar.mrb.ku.edu) has joined #duraspace</span><br />
<span class="irc-date">[15:25]</span> <span class="irc-navy">* misilot__ (~misilot@p-body.lib.fit.edu) Quit (Read error: Connection reset by peer)</span><br />
<span class="irc-date">[15:25]</span> <span class="irc-green">* misilot__ (~misilot@p-body.lib.fit.edu) has joined #duraspace</span><br />
<span class="irc-date">[15:56]</span> <span class="irc-navy">* dyelar (~dyelar@dyelar.mrb.ku.edu) Quit (Remote host closed the connection)</span><br />
<span class="irc-date">[15:57]</span> <span class="irc-navy">* misilot__ (~misilot@p-body.lib.fit.edu) Quit (Remote host closed the connection)</span><br />
<span class="irc-date">[15:57]</span> <span class="irc-green">* misilot__ (~misilot@p-body.lib.fit.edu) has joined #duraspace</span><br />
<span class="irc-date">[16:31]</span> <span class="irc-navy">* misilot__ (~misilot@p-body.lib.fit.edu) Quit (Remote host closed the connection)</span><br />
<span class="irc-date">[16:31]</span> <span class="irc-green">* misilot__ (~misilot@p-body.lib.fit.edu) has joined #duraspace</span><br />
<span class="irc-date">[16:44]</span> <span class="irc-green">* tdonohue (~tdonohue@dspace/tdonohue) has left #duraspace</span><br />
<span class="irc-date">[21:07]</span> <span class="irc-navy">* mhwood (~mhwood@mhw.ulib.iupui.edu) Quit (Quit: Leaving.)</span><br />
